(aio-libs)aiozmq/tests/rpc_func_annotations.py:34: error: Function "rpc_func_annotations.my_checker" is not valid as a type  [valid-type]
(wings27)songci/nlp/pingze.py:10: error: Invalid type comment or annotation  [valid-type]
(wings27)songci/nlp/pingze.py:14: error: Invalid type comment or annotation  [valid-type]
(iheanyi)bandcamp-dl/bandcamp_dl/bandcamp.py:17: error: Invalid type comment or annotation  [valid-type]
(iheanyi)bandcamp-dl/bandcamp_dl/bandcamp.py:114: error: Invalid type comment or annotation  [valid-type]
(nathants)py-aws/aws/emr.py:35: error: Invalid type comment or annotation  [valid-type]
(nathants)py-aws/aws/emr.py:130: error: Invalid type comment or annotation  [valid-type]
(nathants)py-aws/aws/emr.py:131: error: Invalid type comment or annotation  [valid-type]
(nathants)py-aws/aws/emr.py:135: error: Invalid type comment or annotation  [valid-type]
(nathants)py-aws/aws/emr.py:136: error: Invalid type comment or annotation  [valid-type]
(nathants)py-aws/aws/s3.py:32: error: Invalid type comment or annotation  [valid-type]
(nathants)py-aws/aws/s3.py:70: error: Invalid type comment or annotation  [valid-type]
(nathants)py-aws/aws/s3.py:71: error: Invalid type comment or annotation  [valid-type]
(nathants)py-aws/aws/s3.py:72: error: Invalid type comment or annotation  [valid-type]
(nathants)py-aws/aws/s3.py:173: error: Invalid type comment or annotation  [valid-type]
(ZingBallyhoo)OverwatchDataManager/pyow/owtypes/texture.py:81: error: Function "tempfile.NamedTemporaryFile" is not valid as a type  [valid-type]
(ZingBallyhoo)OverwatchDataManager/pyow/owtypes/texture.py:88: error: Function "tempfile.NamedTemporaryFile" is not valid as a type  [valid-type]
(drssoccer55)RLBot/src/main/python/rlbot/agents/base_subprocess_agent.py:25: error: Function "multiprocessing.Event" is not valid as a type  [valid-type]
(drssoccer55)RLBot/src/main/python/rlbot/botmanager/helper_process_manager.py:16: error: Function "multiprocessing.Event" is not valid as a type  [valid-type]
(drssoccer55)RLBot/src/main/python/rlbot/botmanager/bot_helper_process.py:11: error: Function "multiprocessing.Event" is not valid as a type  [valid-type]
(futuresimple)triggear/tests/async_mockito.py:15: error: Function "builtins.any" is not valid as a type  [valid-type]
(slightlynybbled)tk_tools/tk_tools/widgets.py:18: error: Function "builtins.callable" is not valid as a type  [valid-type]
(slightlynybbled)tk_tools/tk_tools/widgets.py:73: error: Function "builtins.callable" is not valid as a type  [valid-type]
(slightlynybbled)tk_tools/tk_tools/widgets.py:112: error: Function "builtins.callable" is not valid as a type  [valid-type]
(slightlynybbled)tk_tools/tk_tools/widgets.py:166: error: Function "builtins.callable" is not valid as a type  [valid-type]
(asphalt-framework)asphalt-sqlalchemy/tests/test_testing_recipe.py:20: error: Variable "test_testing_recipe.Base" is not valid as a type  [valid-type]
(asphalt-framework)asphalt-sqlalchemy/examples/csvimport_orm.py:21: error: Variable "csvimport_orm.Base" is not valid as a type  [valid-type]
(5agado)data-science-learning/graphics/agents/flock_blender.py:335: error: Module "agents.Flock" is not valid as a type  [valid-type]
(5agado)data-science-learning/graphics/agents/flock_blender.py:357: error: Module "agents.Flock" is not valid as a type  [valid-type]
(5agado)data-science-learning/graphics/agents/flock_blender.py:357: error: Module "spirograph.Spirograph" is not valid as a type  [valid-type]
(5agado)data-science-learning/graphics/spirograph/spirograph_blender.py:24: error: Module "Spirograph" is not valid as a type  [valid-type]
(5agado)data-science-learning/graphics/l_systems/l_system_blender.py:112: error: Module "LSystem" is not valid as a type  [valid-type]
(5agado)data-science-learning/cellular automata/automata_blender.py:145: error: Invalid type: try using Literal[10] instead?  [valid-type]
(5agado)data-science-learning/cellular automata/automata_blender.py:191: error: Invalid type: try using Literal[10] instead?  [valid-type]
(Nic30)hwtHls/hwtHls/allocator/allocator.py:26: error: Variable "allocator.TimeIndependentRtlResource.INVARIANT_TIME" is not valid as a type  [valid-type]
(rosemichaele)pyshare/pyshare/group.py:9: error: Invalid type comment or annotation  [valid-type]
(rosemichaele)pyshare/pyshare/group.py:10: error: Invalid type comment or annotation  [valid-type]
(rosemichaele)pyshare/pyshare/expense.py:7: error: Invalid type comment or annotation  [valid-type]
(zdict)zdict/zdict/dictionaries/yahoo.py:18: error: Invalid type comment or annotation  [valid-type]
(zdict)zdict/zdict/dictionaries/yahoo.py:18: error: Function "builtins.iter" is not valid as a type  [valid-type]
(telota)rasmipy/rasmipy/rest_service.py:37: error: Variable "rasmipy.rest_service.get_text_type" is not valid as a type  [valid-type]
(klaxer)klaxer/klaxer/users.py:35: error: Variable "users.Base" is not valid as a type  [valid-type]
(klaxer)klaxer/klaxer/users.py:81: error: Variable "users.Base" is not valid as a type  [valid-type]
(libnano)libnano/libnano/fileio/util.py:10: error: Invalid type comment or annotation  [valid-type]
(jelford)activesoup/src/activesoup/html.py:109: error: Module "xml.etree.ElementTree" is not valid as a type  [valid-type]
(e-gun)HipparchiaServer/server/formatting/betacodeescapes.py:12: error: Function "re.match" is not valid as a type  [valid-type]
(e-gun)HipparchiaServer/server/searching/searchfunctions.py:371: error: Variable "flask.globals.request" is not valid as a type  [valid-type]
(ampproject)amp-github-apps/project-metrics/metrics_service/database/models.py:43: error: Variable "database.models.Base" is not valid as a type  [valid-type]
(ampproject)amp-github-apps/project-metrics/metrics_service/database/models.py:84: error: Variable "database.models.Base" is not valid as a type  [valid-type]
(ampproject)amp-github-apps/project-metrics/metrics_service/database/models.py:161: error: Variable "database.models.Base" is not valid as a type  [valid-type]
(ampproject)amp-github-apps/project-metrics/metrics_service/database/models.py:178: error: Variable "database.models.Base" is not valid as a type  [valid-type]
(ampproject)amp-github-apps/project-metrics/metrics_service/database/models.py:198: error: Variable "database.models.Base" is not valid as a type  [valid-type]
(tahesse)pyCrow/pyCrow/audiolib/process.py:27: error: Invalid type comment or annotation  [valid-type]
(tahesse)pyCrow/pyCrow/audiolib/process.py:33: error: Invalid type comment or annotation  [valid-type]
(tahesse)pyCrow/pyCrow/audiolib/process.py:47: error: Invalid type comment or annotation  [valid-type]
(tahesse)pyCrow/pyCrow/audiolib/process.py:74: error: Invalid type comment or annotation  [valid-type]
(TeamSpen210)srctools/srctools/_class_resources.py:23: error: Variable "srctools._class_resources._cls_res_type" is not valid as a type  [valid-type]
(flyinactor91)AVWX-Engine/avwx/service.py:147: error: Invalid type comment or annotation  [valid-type]
(flyinactor91)AVWX-Engine/avwx/pirep.py:73: error: Invalid type comment or annotation  [valid-type]
(flyinactor91)AVWX-Engine/avwx/remarks.py:87: error: Invalid type comment or annotation  [valid-type]
(flyinactor91)AVWX-Engine/avwx/translate.py:306: error: Invalid type comment or annotation  [valid-type]
(flyinactor91)AVWX-Engine/avwx/taf.py:97: error: Invalid type comment or annotation  [valid-type]
(flyinactor91)AVWX-Engine/avwx/taf.py:114: error: Invalid type comment or annotation  [valid-type]
(harag-on-steam)se-blender/src/python/space_engineers/mwmbuilder.py:92: error: Function "builtins.iter" is not valid as a type  [valid-type]
(seece)SpriteBatchRender/sprite_batch_render.py:65: error: Invalid type comment or annotation  [valid-type]
(seece)SpriteBatchRender/sprite_batch_render.py:73: error: Invalid type comment or annotation  [valid-type]
(seece)SpriteBatchRender/sprite_batch_render.py:79: error: Invalid type comment or annotation  [valid-type]
(seece)SpriteBatchRender/sprite_batch_render.py:86: error: Invalid type comment or annotation  [valid-type]
(seece)SpriteBatchRender/sprite_batch_render.py:93: error: Invalid type comment or annotation  [valid-type]
(HuberTRoy)MusicPlayer/MusicPlayer/widgets/base.py:30: error: Function "builtins.iter" is not valid as a type  [valid-type]
(eurecom-s3)avatar-python/avatar/interfaces/gdb/protocol.py:223: error: Invalid type comment or annotation  [valid-type]
(eurecom-s3)avatar-python/avatar/targets/openocd_target.py:108: error: Invalid type comment or annotation  [valid-type]
(eurecom-s3)avatar-python/avatar/targets/openocd_target.py:119: error: Invalid type comment or annotation  [valid-type]
(eurecom-s3)avatar-python/avatar/targets/openocd_target.py:127: error: Invalid type comment or annotation  [valid-type]
(eurecom-s3)avatar-python/avatar/targets/openocd_target.py:140: error: Invalid type comment or annotation  [valid-type]
(eurecom-s3)avatar-python/avatar/targets/openocd_target.py:156: error: Invalid type comment or annotation  [valid-type]
(eurecom-s3)avatar-python/avatar/targets/openocd_target.py:166: error: Invalid type comment or annotation  [valid-type]
(eurecom-s3)avatar-python/avatar/targets/openocd_target.py:175: error: Invalid type comment or annotation  [valid-type]
(eurecom-s3)avatar-python/avatar/targets/openocd_target.py:190: error: Invalid type comment or annotation  [valid-type]
(eurecom-s3)avatar-python/avatar/targets/openocd_target.py:213: error: Invalid type comment or annotation  [valid-type]
(femueller)python-n26/n26/api.py:183: error: Invalid type comment or annotation  [valid-type]
(neitsa)PrepareLanding/tools/pdb2mdb.py:18: error: Module "pathlib" is not valid as a type  [valid-type]
(neitsa)PrepareLanding/tools/copy_to_rimworld.py:26: error: Module "pathlib" is not valid as a type  [valid-type]
(mara)mara-db/mara_db/config.py:7: error: Invalid type comment or annotation  [valid-type]
(mitdbg)aurum-datadiscovery/knowledgerepr/gindexekg.py:32: error: Module "knowledgerepr.EKGapi" is not valid as a type  [valid-type]
(mitdbg)aurum-datadiscovery/knowledgerepr/inmemoryekg.py:4: error: Module "knowledgerepr.EKGapi" is not valid as a type  [valid-type]
(feliphebueno)Rinzler/rinzler/core/route_mapping.py:16: error: Invalid type comment or annotation  [valid-type]
(feliphebueno)Rinzler/rinzler/core/route_mapping.py:24: error: Invalid type comment or annotation  [valid-type]
(feliphebueno)Rinzler/rinzler/core/route_mapping.py:32: error: Invalid type comment or annotation  [valid-type]
(feliphebueno)Rinzler/rinzler/core/route_mapping.py:40: error: Invalid type comment or annotation  [valid-type]
(feliphebueno)Rinzler/rinzler/core/route_mapping.py:48: error: Invalid type comment or annotation  [valid-type]
(feliphebueno)Rinzler/rinzler/core/route_mapping.py:56: error: Invalid type comment or annotation  [valid-type]
(feliphebueno)Rinzler/rinzler/core/route_mapping.py:64: error: Invalid type comment or annotation  [valid-type]
(feliphebueno)Rinzler/rinzler/core/route_mapping.py:84: error: Invalid type comment or annotation  [valid-type]
(ziyadedher)rpi-display-projects/controller.py:158: error: Function "builtins.chr" is not valid as a type  [valid-type]
(sdementen)gnucash-utilities/piecash_utilities/report/report_example.py:18: error: Invalid type comment or annotation  [valid-type]
(sdementen)gnucash-utilities/piecash_utilities/report/report_example.py:23: error: Invalid type comment or annotation  [valid-type]
(sdementen)gnucash-utilities/piecash_utilities/report/report_example.py:28: error: Invalid type comment or annotation  [valid-type]
(sdementen)gnucash-utilities/piecash_utilities/report/report_example.py:33: error: Invalid type comment or annotation  [valid-type]
(sdementen)gnucash-utilities/report_example/report_simplest_parameters.py:12: error: Invalid type comment or annotation  [valid-type]
(sdementen)gnucash-utilities/report_example/report_simplest_parameters.py:17: error: Invalid type comment or annotation  [valid-type]
(sdementen)gnucash-utilities/report_example/report_simplest_parameters.py:22: error: Invalid type comment or annotation  [valid-type]
(sdementen)gnucash-utilities/report_example/report_simplest_parameters.py:27: error: Invalid type comment or annotation  [valid-type]
(OpenMineMods)OpenMineMods/GUI/DownloadDialogWrapper.py:51: error: Invalid type comment or annotation  [valid-type]
(ruddy17)PlottiPy/plottipy.py:20: error: Variable "plottipy.TemplateBaseClass" is not valid as a type  [valid-type]
(underdogio)typeform/typeform/client.py:20: error: Function "builtins.any" is not valid as a type  [valid-type]
(underdogio)typeform/typeform/forms.py:43: error: Function "builtins.any" is not valid as a type  [valid-type]
(a-slide)pycoQC/pycoQC/common.py:215: error: Invalid type comment or annotation  [valid-type]
(a-slide)pycoQC/pycoQC/Fast5_to_seq_summary.py:77: error: Invalid type comment or annotation  [valid-type]
(a-slide)pycoQC/pycoQC/Fast5_to_seq_summary.py:79: error: Invalid type comment or annotation  [valid-type]
(fametrano)BitcoinBlockchainTechnology/btclib/ssa.py:247: error: Invalid type comment or annotation  [valid-type]
(laramies)theHarvester/theHarvester/discovery/githubcode.py:23: error: Function "builtins.any" is not valid as a type  [valid-type]
(Leixb)jutge_cli/jutge_cli/commands/archive.py:31: error: Invalid type comment or annotation  [valid-type]
(JuliusKunze)speechless/speechless/grapheme_enconding.py:9: error: Function "builtins.chr" is not valid as a type  [valid-type]
(JuliusKunze)speechless/speechless/grapheme_enconding.py:15: error: Function "builtins.chr" is not valid as a type  [valid-type]
(JuliusKunze)speechless/speechless/grapheme_enconding.py:65: error: Function "builtins.chr" is not valid as a type  [valid-type]
(JuliusKunze)speechless/speechless/grapheme_enconding.py:122: error: Function "builtins.chr" is not valid as a type  [valid-type]
(ClearcodeHQ)pytest-postgresql/src/pytest_postgresql/janitor.py:32: error: Variable "janitor.Version" is not valid as a type  [valid-type]
(ClearcodeHQ)pytest-postgresql/src/pytest_postgresql/janitor.py:77: error: Function "janitor.DatabaseJanitor.cursor" is not valid as a type  [valid-type]
(PetrPPetrov)beautiful-capi/source/Templates.py:42: error: Invalid type comment or annotation  [valid-type]
(PetrPPetrov)beautiful-capi/source/FileGenerator.py:91: error: Invalid type comment or annotation  [valid-type]
(PetrPPetrov)beautiful-capi/source/OverloadSuffixes.py:34: error: Invalid type comment or annotation  [valid-type]
(PetrPPetrov)beautiful-capi/source/FileCache.py:82: error: Invalid type comment or annotation  [valid-type]
(PetrPPetrov)beautiful-capi/source/FileCache.py:94: error: Invalid type comment or annotation  [valid-type]
(PetrPPetrov)beautiful-capi/source/FileCache.py:100: error: Invalid type comment or annotation  [valid-type]
(PetrPPetrov)beautiful-capi/source/FileCache.py:106: error: Invalid type comment or annotation  [valid-type]
(PetrPPetrov)beautiful-capi/source/FileCache.py:112: error: Invalid type comment or annotation  [valid-type]
(PetrPPetrov)beautiful-capi/source/FileCache.py:118: error: Invalid type comment or annotation  [valid-type]
(PetrPPetrov)beautiful-capi/source/FileCache.py:124: error: Invalid type comment or annotation  [valid-type]
(PetrPPetrov)beautiful-capi/source/FileCache.py:130: error: Invalid type comment or annotation  [valid-type]
(barry-scott)scm-workbench/Source/Common/wb_preferences.py:154: error: Function "wb_preferences.Bool" is not valid as a type  [valid-type]
(mark-nicholson)python-editline/editline/editline.py:77: error: Function "builtins.callable" is not valid as a type  [valid-type]
(eseifert)madam/madam/mime.py:33: error: Invalid type comment or annotation  [valid-type]
(eseifert)madam/madam/mime.py:34: error: Invalid type comment or annotation  [valid-type]
(Synedh)showdown-battle-bot/src/io_process.py:23: error: Invalid type comment or annotation  [valid-type]
(Rhilip)cn-mooc-dl/model/download.py:92: error: Invalid type comment or annotation  [valid-type]
(Rhilip)cn-mooc-dl/model/login.py:20: error: Invalid type comment or annotation  [valid-type]
(AJudge-team)AJudge/validator/validator_mixin.py:7: error: Function "builtins.any" is not valid as a type  [valid-type]
(Redjumpman)Jumper-Cogs/jisho/jisho.py:18: error: Variable "jisho.jisho.BaseCog" is not valid as a type  [valid-type]
(Redjumpman)Jumper-Cogs/dicetable/dicetable.py:23: error: Variable "dicetable.dicetable.BaseCog" is not valid as a type  [valid-type]
(HelpAssistHer)help-assist-her/server/data-import/old/import-fqhcs.py:46: error: Variable "import-fqhcs.website" is not valid as a type  [valid-type]
(HelpAssistHer)help-assist-her/server/data-import/old/import-fqhcs.py:48: error: Variable "import-fqhcs.classification" is not valid as a type  [valid-type]
(fugwenna)bunkbot/src/cogs/weather/radar_result.py:8: error: Function "builtins.any" is not valid as a type  [valid-type]
(slice)dogbot/dog/ext/time/cog.py:60: error: Function "time.converters.hour_minute" is not valid as a type  [valid-type]
(slice)dogbot/dog/ext/time/cog.py:105: error: Function "time.converters.hour_minute" is not valid as a type  [valid-type]
(slice)dogbot/dog/ext/quoting/cog.py:62: error: Invalid type comment or annotation  [valid-type]
(slice)dogbot/dog/ext/quoting/cog.py:121: error: Invalid type comment or annotation  [valid-type]
(slice)dogbot/dog/ext/quoting/cog.py:197: error: Invalid type comment or annotation  [valid-type]
(slice)dogbot/dog/ext/quoting/cog.py:198: error: Invalid type comment or annotation  [valid-type]
(slice)dogbot/dog/ext/quoting/cog.py:212: error: Invalid type comment or annotation  [valid-type]
(miracle2k)k8s-snapshots/k8s_snapshots/kube.py:25: error: Type variable "kube.Resource" is unbound  [valid-type]
(Fahreeve)aiovk/aiovk/longpoll.py:11: error: Invalid type comment or annotation  [valid-type]
(Fahreeve)aiovk/aiovk/sessions.py:122: error: Invalid type comment or annotation  [valid-type]
(mesgarpour)T-CARER/Stats/TransformThread.py:50: error: Variable "TransformThread.PandasDataFrame" is not valid as a type  [valid-type]
(mesgarpour)T-CARER/Stats/TransformThread.py:63: error: Variable "TransformThread.PandasDataFrame" is not valid as a type  [valid-type]
(mesgarpour)T-CARER/Stats/TransformThread.py:76: error: Variable "TransformThread.PandasDataFrame" is not valid as a type  [valid-type]
(mesgarpour)T-CARER/Stats/TransformThread.py:96: error: Variable "TransformThread.PandasDataFrame" is not valid as a type  [valid-type]
(mesgarpour)T-CARER/Stats/TransformThread.py:115: error: Variable "TransformThread.PandasDataFrame" is not valid as a type  [valid-type]
(mesgarpour)T-CARER/Stats/TransformThread.py:134: error: Variable "TransformThread.PandasDataFrame" is not valid as a type  [valid-type]
(mesgarpour)T-CARER/Stats/TransformThread.py:148: error: Variable "TransformThread.PandasDataFrame" is not valid as a type  [valid-type]
(mesgarpour)T-CARER/Stats/_KNeighborsClassifier.py:47: error: Variable "_KNeighborsClassifier.PandasDataFrame" is not valid as a type  [valid-type]
(mesgarpour)T-CARER/Stats/_KNeighborsClassifier.py:50: error: Variable "_KNeighborsClassifier.SklearnKNeighborsClassifier" is not valid as a type  [valid-type]
(mesgarpour)T-CARER/Stats/_KNeighborsClassifier.py:65: error: Variable "_KNeighborsClassifier.SklearnKNeighborsClassifier" is not valid as a type  [valid-type]
(mesgarpour)T-CARER/Stats/_KNeighborsClassifier.py:76: error: Variable "_KNeighborsClassifier.SklearnKNeighborsClassifier" is not valid as a type  [valid-type]
(mesgarpour)T-CARER/Stats/_NaiveBayes.py:46: error: Variable "_NaiveBayes.PandasDataFrame" is not valid as a type  [valid-type]
(mesgarpour)T-CARER/Stats/_NaiveBayes.py:49: error: Variable "_NaiveBayes.SklearnMultinomialNB" is not valid as a type  [valid-type]
(mesgarpour)T-CARER/Stats/_NaiveBayes.py:63: error: Variable "_NaiveBayes.SklearnMultinomialNB" is not valid as a type  [valid-type]
(mesgarpour)T-CARER/Stats/_NaiveBayes.py:79: error: Variable "_NaiveBayes.SklearnMultinomialNB" is not valid as a type  [valid-type]
(mesgarpour)T-CARER/Stats/FactoringThread.py:39: error: Variable "FactoringThread.PandasDataFrame" is not valid as a type  [valid-type]
(mesgarpour)T-CARER/Stats/FactoringThread.py:52: error: Variable "FactoringThread.PandasDataFrame" is not valid as a type  [valid-type]
(mesgarpour)T-CARER/Stats/FactoringThread.py:66: error: Variable "FactoringThread.PandasDataFrame" is not valid as a type  [valid-type]
(mesgarpour)T-CARER/Stats/FactoringThread.py:77: error: Variable "FactoringThread.PandasDataFrame" is not valid as a type  [valid-type]
(mesgarpour)T-CARER/Stats/_LogisticRegression.py:47: error: Variable "_LogisticRegression.PandasDataFrame" is not valid as a type  [valid-type]
(mesgarpour)T-CARER/Stats/_LogisticRegression.py:50: error: Variable "_LogisticRegression.SklearnLogisticRegression" is not valid as a type  [valid-type]
(mesgarpour)T-CARER/Stats/_LogisticRegression.py:66: error: Variable "_LogisticRegression.SklearnLogisticRegression" is not valid as a type  [valid-type]
(mesgarpour)T-CARER/Stats/_LogisticRegression.py:82: error: Variable "_LogisticRegression.SklearnLogisticRegression" is not valid as a type  [valid-type]
(mesgarpour)T-CARER/Stats/_MixedLinearModel.py:48: error: Variable "_MixedLinearModel.PandasDataFrame" is not valid as a type  [valid-type]
(mesgarpour)T-CARER/Stats/_MixedLinearModel.py:51: error: Variable "_MixedLinearModel.StatsmodelsMixedLM" is not valid as a type  [valid-type]
(mesgarpour)T-CARER/Stats/_MixedLinearModel.py:77: error: Variable "_MixedLinearModel.StatsmodelsMixedLM" is not valid as a type  [valid-type]
(mesgarpour)T-CARER/Stats/_MixedLinearModel.py:88: error: Variable "_MixedLinearModel.StatsmodelsMixedLM" is not valid as a type  [valid-type]
(mesgarpour)T-CARER/Stats/_NeuralNetwork.py:47: error: Variable "_NeuralNetwork.PandasDataFrame" is not valid as a type  [valid-type]
(mesgarpour)T-CARER/Stats/_NeuralNetwork.py:50: error: Variable "_NeuralNetwork.SklearnMLPClassifier" is not valid as a type  [valid-type]
(mesgarpour)T-CARER/Stats/_NeuralNetwork.py:64: error: Variable "_NeuralNetwork.SklearnMLPClassifier" is not valid as a type  [valid-type]
(mesgarpour)T-CARER/Stats/_NeuralNetwork.py:82: error: Variable "_NeuralNetwork.SklearnMLPClassifier" is not valid as a type  [valid-type]
(mesgarpour)T-CARER/Stats/_DecisionTreeClassifier.py:49: error: Variable "_DecisionTreeClassifier.PandasDataFrame" is not valid as a type  [valid-type]
(mesgarpour)T-CARER/Stats/_DecisionTreeClassifier.py:52: error: Variable "_DecisionTreeClassifier.SklearnDecisionTreeClassifier" is not valid as a type  [valid-type]
(mesgarpour)T-CARER/Stats/_DecisionTreeClassifier.py:68: error: Variable "_DecisionTreeClassifier.SklearnDecisionTreeClassifier" is not valid as a type  [valid-type]
(mesgarpour)T-CARER/Stats/_DecisionTreeClassifier.py:85: error: Variable "_DecisionTreeClassifier.SklearnDecisionTreeClassifier" is not valid as a type  [valid-type]
(mesgarpour)T-CARER/Stats/_DecisionTreeClassifier.py:87: error: Variable "_DecisionTreeClassifier.GraphvizDot" is not valid as a type  [valid-type]
(mesgarpour)T-CARER/Stats/_RandomForestClassifier.py:48: error: Variable "_RandomForestClassifier.PandasDataFrame" is not valid as a type  [valid-type]
(mesgarpour)T-CARER/Stats/_RandomForestClassifier.py:51: error: Variable "_RandomForestClassifier.SklearnRandomForestClassifier" is not valid as a type  [valid-type]
(mesgarpour)T-CARER/Stats/_RandomForestClassifier.py:68: error: Variable "_RandomForestClassifier.SklearnRandomForestClassifier" is not valid as a type  [valid-type]
(mesgarpour)T-CARER/Stats/_RandomForestClassifier.py:84: error: Variable "_RandomForestClassifier.SklearnRandomForestClassifier" is not valid as a type  [valid-type]
(mesgarpour)T-CARER/Stats/_LogisticRegressionCV.py:47: error: Variable "_LogisticRegressionCV.PandasDataFrame" is not valid as a type  [valid-type]
(mesgarpour)T-CARER/Stats/_LogisticRegressionCV.py:50: error: Variable "_LogisticRegressionCV.SklearnLogisticRegressionCV" is not valid as a type  [valid-type]
(mesgarpour)T-CARER/Stats/_LogisticRegressionCV.py:66: error: Variable "_LogisticRegressionCV.SklearnLogisticRegressionCV" is not valid as a type  [valid-type]
(mesgarpour)T-CARER/Stats/_LogisticRegressionCV.py:82: error: Variable "_LogisticRegressionCV.SklearnLogisticRegressionCV" is not valid as a type  [valid-type]
(mesgarpour)T-CARER/Stats/_GradientBoostingClassifier.py:47: error: Variable "_GradientBoostingClassifier.PandasDataFrame" is not valid as a type  [valid-type]
(mesgarpour)T-CARER/Stats/_GradientBoostingClassifier.py:50: error: Variable "_GradientBoostingClassifier.SklearnGradientBoostingClassifier" is not valid as a type  [valid-type]
(mesgarpour)T-CARER/Stats/_GradientBoostingClassifier.py:66: error: Variable "_GradientBoostingClassifier.SklearnGradientBoostingClassifier" is not valid as a type  [valid-type]
(mesgarpour)T-CARER/Stats/_GradientBoostingClassifier.py:81: error: Variable "_GradientBoostingClassifier.SklearnGradientBoostingClassifier" is not valid as a type  [valid-type]
(mesgarpour)T-CARER/ReadersWriters/_CsvFile.py:109: error: Variable "_CsvFile.PandasDataFrame" is not valid as a type  [valid-type]
(mesgarpour)T-CARER/ReadersWriters/_CsvFile.py:125: error: Variable "_CsvFile.PandasDataFrame" is not valid as a type  [valid-type]
(mesgarpour)T-CARER/ReadersWriters/_CsvFile.py:163: error: Variable "_CsvFile.PandasDataFrame" is not valid as a type  [valid-type]
(mesgarpour)T-CARER/ReadersWriters/_CsvFile.py:182: error: Variable "_CsvFile.PandasDataFrame" is not valid as a type  [valid-type]
(mesgarpour)T-CARER/ReadersWriters/_TextFile.py:121: error: Variable "_TextFile.PandasDataFrame" is not valid as a type  [valid-type]
(mesgarpour)T-CARER/ReadersWriters/_TextFile.py:151: error: Variable "_TextFile.PandasDataFrame" is not valid as a type  [valid-type]
(mesgarpour)T-CARER/ReadersWriters/_TextFile.py:184: error: Variable "_TextFile.CollectionsOrderedDict" is not valid as a type  [valid-type]
(mesgarpour)T-CARER/ReadersWriters/_PickleSerialised.py:147: error: Variable "_PickleSerialised.OsStatResult" is not valid as a type  [valid-type]
(mesgarpour)T-CARER/ReadersWriters/_MysqlCommand.py:46: error: Variable "_MysqlCommand.SqlalchemyEngine" is not valid as a type  [valid-type]
(mesgarpour)T-CARER/ReadersWriters/_MysqlCommand.py:62: error: Variable "_MysqlCommand.PandasDataFrame" is not valid as a type  [valid-type]
(mesgarpour)T-CARER/ReadersWriters/_MysqlCommand.py:82: error: Variable "_MysqlCommand.PandasDataFrame" is not valid as a type  [valid-type]
(mesgarpour)T-CARER/ReadersWriters/_MysqlCommand.py:239: error: Variable "_MysqlCommand.PandasDataFrame" is not valid as a type  [valid-type]
(mesgarpour)T-CARER/ReadersWriters/_MysqlCommand.py:260: error: Variable "_MysqlCommand.PandasDataFrame" is not valid as a type  [valid-type]
(mesgarpour)T-CARER/ReadersWriters/_MysqlCommand.py:334: error: Variable "_MysqlCommand.SqlAlchemySessionMaker" is not valid as a type  [valid-type]
(mesgarpour)T-CARER/ReadersWriters/_MysqlConnection.py:75: error: Variable "_MysqlConnection.SqlalchemyEngine" is not valid as a type  [valid-type]
(mesgarpour)T-CARER/Stats/YeoJohnson.py:41: error: Variable "YeoJohnson.NumpyNDArray" is not valid as a type  [valid-type]
(mesgarpour)T-CARER/Stats/YeoJohnson.py:41: error: Variable "YeoJohnson.PandasSeries" is not valid as a type  [valid-type]
(mesgarpour)T-CARER/Stats/YeoJohnson.py:124: error: Variable "YeoJohnson.NumpyNDArray" is not valid as a type  [valid-type]
(mesgarpour)T-CARER/Stats/YeoJohnson.py:124: error: Variable "YeoJohnson.PandasSeries" is not valid as a type  [valid-type]
(mesgarpour)T-CARER/Stats/FeatureSelection.py:51: error: Variable "FeatureSelection.PandasDataFrame" is not valid as a type  [valid-type]
(mesgarpour)T-CARER/Stats/FeatureSelection.py:77: error: Variable "FeatureSelection.PandasDataFrame" is not valid as a type  [valid-type]
(mesgarpour)T-CARER/Stats/FeatureSelection.py:98: error: Variable "FeatureSelection.PandasDataFrame" is not valid as a type  [valid-type]
(mesgarpour)T-CARER/Stats/FeatureSelection.py:124: error: Variable "FeatureSelection.PandasDataFrame" is not valid as a type  [valid-type]
(mesgarpour)T-CARER/Stats/FeatureSelection.py:149: error: Variable "FeatureSelection.PandasDataFrame" is not valid as a type  [valid-type]
(mesgarpour)T-CARER/Stats/FeatureSelection.py:173: error: Variable "FeatureSelection.PandasDataFrame" is not valid as a type  [valid-type]
(mesgarpour)T-CARER/Stats/FeatureSelection.py:201: error: Variable "FeatureSelection.PandasDataFrame" is not valid as a type  [valid-type]
(mesgarpour)T-CARER/Stats/FeatureSelection.py:223: error: Variable "FeatureSelection.PandasDataFrame" is not valid as a type  [valid-type]
(mesgarpour)T-CARER/Stats/FeatureSelection.py:243: error: Variable "FeatureSelection.PandasDataFrame" is not valid as a type  [valid-type]
(mesgarpour)T-CARER/Stats/TrainingMethod.py:86: error: Variable "TrainingMethod.NumpyNDArray" is not valid as a type  [valid-type]
(mesgarpour)T-CARER/Stats/TrainingMethod.py:128: error: Variable "TrainingMethod.PandasDataFrame" is not valid as a type  [valid-type]
(mesgarpour)T-CARER/Stats/TrainingMethod.py:158: error: Variable "TrainingMethod.PandasDataFrame" is not valid as a type  [valid-type]
(mesgarpour)T-CARER/Stats/TrainingMethod.py:159: error: Variable "TrainingMethod.PandasDataFrame" is not valid as a type  [valid-type]
(mesgarpour)T-CARER/Stats/TrainingMethod.py:171: error: Variable "TrainingMethod.CollectionsOrderedDict" is not valid as a type  [valid-type]
(mesgarpour)T-CARER/Stats/TrainingMethod.py:184: error: Variable "TrainingMethod.CollectionsOrderedDict" is not valid as a type  [valid-type]
(mesgarpour)T-CARER/Stats/TrainingMethod.py:197: error: Variable "TrainingMethod.PandasDataFrame" is not valid as a type  [valid-type]
(mesgarpour)T-CARER/Features/FeatureParser.py:49: error: Variable "FeatureParser.PandasDataFrame" is not valid as a type  [valid-type]
(mesgarpour)T-CARER/Features/FeatureParser.py:67: error: Variable "FeatureParser.PandasDataFrame" is not valid as a type  [valid-type]
(mesgarpour)T-CARER/Features/FeatureParser.py:68: error: Variable "FeatureParser.PandasDataFrame" is not valid as a type  [valid-type]
(mesgarpour)T-CARER/Features/FeatureParser.py:69: error: Variable "FeatureParser.PandasDataFrame" is not valid as a type  [valid-type]
(mesgarpour)T-CARER/Features/FeatureParser.py:104: error: Variable "FeatureParser.PandasDataFrame" is not valid as a type  [valid-type]
(mesgarpour)T-CARER/Features/FeatureParser.py:107: error: Variable "FeatureParser.NumpyNdarray" is not valid as a type  [valid-type]
(mesgarpour)T-CARER/Features/FeatureParser.py:128: error: Variable "FeatureParser.PandasDataFrame" is not valid as a type  [valid-type]
(mesgarpour)T-CARER/Features/FeatureParserThread.py:45: error: Variable "FeatureParserThread.NumpyNdarray" is not valid as a type  [valid-type]
(SunDwarf)Kyoukai/kyoukai/backends/uwsgi.py:148: error: Function "builtins.callable" is not valid as a type  [valid-type]
(alecthomas)flask_injector/example.py:29: error: Variable "example.Base" is not valid as a type  [valid-type]
(bede)tictax/tictax/tictax.py:134: error: Invalid type comment or annotation  [valid-type]
(bede)tictax/tictax/tictax.py:135: error: Invalid type comment or annotation  [valid-type]
(bede)tictax/tictax/tictax.py:136: error: Invalid type comment or annotation  [valid-type]
(bede)tictax/tictax/cli.py:20: error: Invalid type comment or annotation  [valid-type]
(bede)tictax/tictax/cli.py:21: error: Invalid type comment or annotation  [valid-type]
(bede)tictax/tictax/cli.py:22: error: Invalid type comment or annotation  [valid-type]
(bede)tictax/tictax/cli.py:38: error: Invalid type comment or annotation  [valid-type]
(bede)tictax/tictax/cli.py:39: error: Invalid type comment or annotation  [valid-type]
(bede)tictax/tictax/cli.py:49: error: Invalid type comment or annotation  [valid-type]
(bede)tictax/tictax/cli.py:50: error: Invalid type comment or annotation  [valid-type]
(bede)tictax/tictax/cli.py:51: error: Invalid type comment or annotation  [valid-type]
(bede)tictax/tictax/cli.py:52: error: Invalid type comment or annotation  [valid-type]
(bede)tictax/tictax/cli.py:53: error: Invalid type comment or annotation  [valid-type]
(bede)tictax/tictax/cli.py:66: error: Invalid type comment or annotation  [valid-type]
(bede)tictax/tictax/cli.py:67: error: Invalid type comment or annotation  [valid-type]
(incnone)necrobot/necrobot/user/userprefs.py:2: error: Invalid type comment or annotation  [valid-type]
(codingchili)flashcards-webapp/contract.v.py:7: error: Invalid type comment or annotation  [valid-type]
(codingchili)flashcards-webapp/contract.v.py:14: error: Invalid type comment or annotation  [valid-type]
(codingchili)flashcards-webapp/contract.v.py:17: error: Invalid type comment or annotation  [valid-type]
(codingchili)flashcards-webapp/contract.v.py:18: error: Invalid type comment or annotation  [valid-type]
(codingchili)flashcards-webapp/contract.v.py:21: error: Invalid type comment or annotation  [valid-type]
(codingchili)flashcards-webapp/contract.v.py:23: error: Invalid type comment or annotation  [valid-type]
(codingchili)flashcards-webapp/contract.v.py:95: error: Function "contract.v.address" is not valid as a type  [valid-type]
(5nizza)party-elli/interfaces/solver_interface.py:7: error: Invalid type comment or annotation  [valid-type]
(5nizza)party-elli/interfaces/solver_interface.py:12: error: Invalid type comment or annotation  [valid-type]
(dmerejkowsky)twittback/twittback/repository.py:23: error: Variable "repository.Base" is not valid as a type  [valid-type]
(dmerejkowsky)twittback/twittback/repository.py:66: error: Variable "repository.Base" is not valid as a type  [valid-type]
(dmerejkowsky)twittback/twittback/repository.py:70: error: Variable "repository.Base" is not valid as a type  [valid-type]
(dmerejkowsky)twittback/twittback/repository.py:74: error: Variable "repository.Base" is not valid as a type  [valid-type]
(nbro)ands/ands/algorithms/ode/forward_euler.py:108: error: Function "builtins.callable" is not valid as a type  [valid-type]
(nbro)ands/ands/algorithms/ode/forward_euler.py:142: error: Function "builtins.callable" is not valid as a type  [valid-type]
(nbro)ands/ands/algorithms/numerical/newton.py:76: error: Function "builtins.callable" is not valid as a type  [valid-type]
(nbro)ands/ands/algorithms/numerical/newton.py:77: error: Function "builtins.callable" is not valid as a type  [valid-type]
(nbro)ands/ands/algorithms/numerical/gradient_descent.py:28: error: Function "builtins.callable" is not valid as a type  [valid-type]
(TadLeonard)husl-numpy/nphusl/transform.py:251: error: Function "builtins.callable" is not valid as a type  [valid-type]
(TadLeonard)husl-numpy/nphusl/nphusl.py:189: error: Function "builtins.iter" is not valid as a type  [valid-type]
(TadLeonard)husl-numpy/nphusl/_numexpr_opt.py:107: error: Function "builtins.iter" is not valid as a type  [valid-type]
(sloria)webargs/examples/annotations_example.py:46: error: Invalid type comment or annotation  [valid-type]
(sloria)webargs/examples/annotations_example.py:51: error: Invalid type comment or annotation  [valid-type]
(sloria)webargs/examples/annotations_example.py:69: error: Invalid type comment or annotation  [valid-type]
(ThatIndividual)midas/src/interpreter.py:78: error: Module "expression" is not valid as a type  [valid-type]
(ThatIndividual)midas/src/interpreter.py:81: error: Module "expression" is not valid as a type  [valid-type]
(dmulholland)ivy/ivy/nodes.py:127: error: Function "ivy.nodes.Node.str" is not valid as a type  [valid-type]
(dmulholland)ivy/ivy/nodes.py:137: error: Function "ivy.nodes.Node.str" is not valid as a type  [valid-type]
(dbrattli)OSlash/examples/issue.py:6: error: Variable "issue.IntList" is not valid as a type  [valid-type]
(mattHawthorn)sk-torch/sktorch/data.py:26: error: Variable "data.FloatTensorTypes" is not valid as a type  [valid-type]
(mattHawthorn)sk-torch/sktorch/data.py:29: error: Variable "data.IntTensorTypes" is not valid as a type  [valid-type]
(mattHawthorn)sk-torch/sktorch/data.py:32: error: Variable "data.NumericTensorTypes" is not valid as a type  [valid-type]
(mattHawthorn)sk-torch/sktorch/data.py:35: error: Variable "data.NumericTypes" is not valid as a type  [valid-type]
(mattHawthorn)sk-torch/sktorch/data.py:37: error: Variable "data.ArrayTypes" is not valid as a type  [valid-type]
(achimnol)aiotools/src/aiotools/context.py:71: error: Variable "context.AbstractAsyncContextManager" is not valid as a type  [valid-type]
(achimnol)aiotools/src/aiotools/context.py:211: error: Variable "context.AbstractAsyncContextManager" is not valid as a type  [valid-type]
(theawless)Dict-O-nator/dictonator/recogspeech.py:32: error: Function "builtins.callable" is not valid as a type  [valid-type]
(theawless)Dict-O-nator/dictonator/actionhandler.py:37: error: Function "builtins.callable" is not valid as a type  [valid-type]
(theawless)Dict-O-nator/dictonator/__init__.py:141: error: Module "time" is not valid as a type  [valid-type]
(dreipol)djangocms-spa/djangocms_spa/renderer_pool.py:9: error: Function "builtins.object.__class__" is not valid as a type  [valid-type]
(ForceBru)PyVM/VM/instructions/repeatables.py:23: error: Invalid type: try using Literal[True] instead?  [valid-type]
(ForceBru)PyVM/VM/instructions/repeatables.py:57: error: Invalid type: try using Literal[True] instead?  [valid-type]
(ForceBru)PyVM/VM/instructions/floating.py:59: error: Invalid type: try using Literal[True] instead?  [valid-type]
(ForceBru)PyVM/VM/instructions/floating.py:182: error: Invalid type: try using Literal[True] instead?  [valid-type]
(ForceBru)PyVM/VM/instructions/floating.py:201: error: Invalid type: try using Literal[True] instead?  [valid-type]
(ForceBru)PyVM/VM/instructions/floating.py:230: error: Invalid type: try using Literal[True] instead?  [valid-type]
(ForceBru)PyVM/VM/instructions/floating.py:246: error: Invalid type: try using Literal[True] instead?  [valid-type]
(ForceBru)PyVM/VM/instructions/floating.py:295: error: Invalid type: try using Literal[True] instead?  [valid-type]
(ForceBru)PyVM/VM/instructions/floating.py:321: error: Invalid type: try using Literal[True] instead?  [valid-type]
(ForceBru)PyVM/VM/instructions/floating.py:407: error: Invalid type: try using Literal[True] instead?  [valid-type]
(ForceBru)PyVM/VM/instructions/control.py:23: error: Invalid type: try using Literal[True] instead?  [valid-type]
(ForceBru)PyVM/VM/instructions/control.py:29: error: Invalid type: try using Literal[True] instead?  [valid-type]
(ForceBru)PyVM/VM/instructions/control.py:93: error: Invalid type: try using Literal[True] instead?  [valid-type]
(ForceBru)PyVM/VM/instructions/control.py:164: error: Invalid type: try using Literal[True] instead?  [valid-type]
(ForceBru)PyVM/VM/instructions/control.py:199: error: Invalid type: try using Literal[True] instead?  [valid-type]
(ForceBru)PyVM/VM/instructions/control.py:224: error: Invalid type: try using Literal[True] instead?  [valid-type]
(ForceBru)PyVM/VM/instructions/control.py:259: error: Invalid type: try using Literal[True] instead?  [valid-type]
(ForceBru)PyVM/VM/instructions/control.py:328: error: Invalid type: try using Literal[True] instead?  [valid-type]
(ForceBru)PyVM/VM/instructions/control.py:333: error: Invalid type: try using Literal[True] instead?  [valid-type]
(ForceBru)PyVM/VM/instructions/control.py:397: error: Invalid type: try using Literal[True] instead?  [valid-type]
(ForceBru)PyVM/VM/instructions/control.py:433: error: Invalid type: try using Literal[True] instead?  [valid-type]
(ForceBru)PyVM/VM/instructions/control.py:442: error: Invalid type: try using Literal[True] instead?  [valid-type]
(ForceBru)PyVM/VM/instructions/control.py:502: error: Invalid type: try using Literal[True] instead?  [valid-type]
(ForceBru)PyVM/VM/instructions/control.py:530: error: Invalid type: try using Literal[True] instead?  [valid-type]
(acrisci)playerctl/test/mpris.py:129: error: Invalid type comment or annotation  [valid-type]
(GEMPACKsoftware)HARPY/harpy/header_array.py:144: error: Invalid type comment or annotation  [valid-type]
(iduartgomez)rustypy/src/rslib/tests/test_package/basics/primitives.py:36: error: Variable "primitives.K" is not valid as a type  [valid-type]
(iduartgomez)rustypy/src/rslib/tests/test_package/basics/primitives.py:49: error: Variable "primitives.J" is not valid as a type  [valid-type]
(iduartgomez)rustypy/src/rslib/tests/test_package/basics/nested_types.py:10: error: Variable "nested_types.T" is not valid as a type  [valid-type]
(iduartgomez)rustypy/src/rslib/tests/test_package/basics/nested_types.py:42: error: Variable "nested_types.U" is not valid as a type  [valid-type]
(iduartgomez)rustypy/src/rslib/tests/test_package/basics/nested_types.py:50: error: Variable "nested_types.U" is not valid as a type  [valid-type]
(iduartgomez)rustypy/src/rslib/tests/test_package/basics/nested_types.py:73: error: Variable "nested_types.X" is not valid as a type  [valid-type]
(iduartgomez)rustypy/src/rslib/tests/test_package/basics/nested_types.py:73: error: Variable "nested_types.U" is not valid as a type  [valid-type]
(iduartgomez)rustypy/src/rslib/tests/test_package/basics/nested_types.py:90: error: Variable "nested_types.U" is not valid as a type  [valid-type]
(evgfilim1)spin_everyday_bot/core.py:52: error: Function "builtins.callable" is not valid as a type  [valid-type]
(evgfilim1)spin_everyday_bot/core.py:74: error: Function "builtins.callable" is not valid as a type  [valid-type]
(Dentosal)python-sc2/sc2/units.py:97: error: Function "builtins.any" is not valid as a type  [valid-type]
(Dentosal)python-sc2/sc2/units.py:160: error: Function "builtins.callable" is not valid as a type  [valid-type]
(Dentosal)python-sc2/sc2/units.py:163: error: Function "builtins.callable" is not valid as a type  [valid-type]
(Koala-Kaolin)pyweb/src/doc.py:170: error: Function "builtins.map" is not valid as a type  [valid-type]
(Koala-Kaolin)pyweb/lab.py:92: error: Invalid type comment or annotation  [valid-type]
(Koala-Kaolin)pyweb/lab.py:94: error: Invalid type comment or annotation  [valid-type]
(Koala-Kaolin)pyweb/lab.py:111: error: Invalid type: try using Literal[403] instead?  [valid-type]
(Koala-Kaolin)pyweb/lab.py:145: error: Invalid type comment or annotation  [valid-type]
(Scthe)MeshFromCurve_blender/meshFromCurve.py:258: error: Invalid type comment or annotation  [valid-type]
(Scthe)MeshFromCurve_blender/meshFromCurve.py:265: error: Invalid type comment or annotation  [valid-type]
(Egregors)django-cbrf/django_cbrf/abstract_models.py:106: error: Invalid type comment or annotation  [valid-type]
(132nd-etcher)EMFT/emft/core/properties/watched_property.py:30: error: Function "builtins.callable" is not valid as a type  [valid-type]
(132nd-etcher)EMFT/emft/core/properties/watched_property.py:47: error: Function "builtins.callable" is not valid as a type  [valid-type]
(132nd-etcher)EMFT/emft/core/properties/watched_property.py:55: error: Function "builtins.callable" is not valid as a type  [valid-type]
(132nd-etcher)EMFT/emft/core/properties/watched_property.py:130: error: Function "builtins.callable" is not valid as a type  [valid-type]
(132nd-etcher)EMFT/emft/core/properties/typed_property.py:18: error: Function "builtins.callable" is not valid as a type  [valid-type]
(132nd-etcher)EMFT/emft/core/properties/typed_property.py:102: error: Function "builtins.callable" is not valid as a type  [valid-type]
(132nd-etcher)EMFT/emft/gui/main_ui_msgbox_adapter.py:7: error: Function "builtins.callable" is not valid as a type  [valid-type]
(132nd-etcher)EMFT/emft/gui/main_ui_msgbox_adapter.py:11: error: Function "builtins.callable" is not valid as a type  [valid-type]
(132nd-etcher)EMFT/emft/gui/main_ui_msgbox_adapter.py:20: error: Function "builtins.callable" is not valid as a type  [valid-type]
(132nd-etcher)EMFT/emft/gui/main_ui_msgbox_adapter.py:21: error: Function "builtins.callable" is not valid as a type  [valid-type]
(flyinactor91)AVWX-API/avwx_api/handle/metar.py:92: error: Invalid type comment or annotation  [valid-type]
(flyinactor91)AVWX-API/avwx_api/cache.py:54: error: Invalid type comment or annotation  [valid-type]
(flyinactor91)AVWX-API/avwx_api/cache.py:77: error: Invalid type comment or annotation  [valid-type]
(bieberg0n)bjdns/cache.py:15: error: Function "builtins.map" is not valid as a type  [valid-type]
(bieberg0n)bjdns/cache.py:27: error: Function "builtins.map" is not valid as a type  [valid-type]
(coala)coala-bears/bears/hypertext/HTTPoliceLintBear.py:29: error: Invalid type comment or annotation  [valid-type]
(coala)coala-bears/bears/c_languages/CPPCheckBear.py:32: error: Invalid type comment or annotation  [valid-type]
(coala)coala-bears/bears/c_languages/CPPCleanBear.py:29: error: Invalid type comment or annotation  [valid-type]
(coala)coala-bears/bears/php/PHPMessDetectorBear.py:44: error: Invalid type comment or annotation  [valid-type]
(coala)coala-bears/bears/java/CheckstyleBear.py:67: error: Function "bears.java.CheckstyleBear.known_checkstyle_or_path" is not valid as a type  [valid-type]
(coala)coala-bears/bears/python/PyDocStyleBear.py:23: error: Invalid type comment or annotation  [valid-type]
(coala)coala-bears/bears/python/PyDocStyleBear.py:24: error: Invalid type comment or annotation  [valid-type]
(coala)coala-bears/bears/python/PyDocStyleBear.py:25: error: Invalid type comment or annotation  [valid-type]
(coala)coala-bears/bears/python/PyDocStyleBear.py:26: error: Invalid type comment or annotation  [valid-type]
(coala)coala-bears/bears/python/PyImportSortBear.py:103: error: Invalid type comment or annotation  [valid-type]
(coala)coala-bears/bears/python/PyImportSortBear.py:105: error: Invalid type comment or annotation  [valid-type]
(coala)coala-bears/bears/python/PyImportSortBear.py:106: error: Invalid type comment or annotation  [valid-type]
(coala)coala-bears/bears/python/PyImportSortBear.py:107: error: Invalid type comment or annotation  [valid-type]
(coala)coala-bears/bears/python/PyImportSortBear.py:109: error: Invalid type comment or annotation  [valid-type]
(coala)coala-bears/bears/python/PEP8Bear.py:26: error: Invalid type comment or annotation  [valid-type]
(coala)coala-bears/bears/python/PEP8Bear.py:27: error: Invalid type comment or annotation  [valid-type]
(coala)coala-bears/bears/shell/BashateBear.py:24: error: Invalid type comment or annotation  [valid-type]
(coala)coala-bears/bears/hypertext/BootLintBear.py:30: error: Invalid type comment or annotation  [valid-type]
(JulyJ)MindBot/mindbot/command/remember/db.py:37: error: Variable "mindbot.command.remember.db.Base" is not valid as a type  [valid-type]
(JulyJ)MindBot/mindbot/command/remember/db.py:50: error: Variable "mindbot.command.remember.db.Base" is not valid as a type  [valid-type]
(siddhantgoel)tornado-sqlalchemy/tests/_common.py:17: error: Variable "_common.Base" is not valid as a type  [valid-type]
(siddhantgoel)tornado-sqlalchemy/examples/tornado_web.py:17: error: Variable "tornado_web.DeclarativeBase" is not valid as a type  [valid-type]
(haifengat)hf_at_py/hfpy/strategy.py:329: error: Invalid type comment or annotation  [valid-type]
(haifengat)hf_at_py/hfpy/strategy.py:333: error: Invalid type comment or annotation  [valid-type]
(fnl)medic/src/medic/crud.py:30: error: Function "builtins.iter" is not valid as a type  [valid-type]
(fnl)medic/src/medic/crud.py:35: error: Function "builtins.iter" is not valid as a type  [valid-type]
(fnl)medic/src/medic/crud.py:40: error: Invalid type comment or annotation  [valid-type]
(fnl)medic/src/medic/crud.py:66: error: Invalid type comment or annotation  [valid-type]
(fnl)medic/src/medic/crud.py:83: error: Function "builtins.iter" is not valid as a type  [valid-type]
(fnl)medic/src/medic/crud.py:162: error: Function "builtins.iter" is not valid as a type  [valid-type]
(fnl)medic/src/medic/crud.py:198: error: Function "builtins.iter" is not valid as a type  [valid-type]
(fnl)medic/src/medic/crud.py:224: error: Function "builtins.iter" is not valid as a type  [valid-type]
(fnl)medic/src/medic/crud.py:292: error: Function "builtins.iter" is not valid as a type  [valid-type]
(meyt)sqlalchemy-dict/sqlalchemy_dict/tests/test_base_model.py:70: error: Variable "test_base_model.DeclarativeBase" is not valid as a type  [valid-type]
(meyt)sqlalchemy-dict/sqlalchemy_dict/tests/test_base_model.py:76: error: Variable "test_base_model.DeclarativeBase" is not valid as a type  [valid-type]
(meyt)sqlalchemy-dict/sqlalchemy_dict/tests/test_base_model.py:82: error: Variable "test_base_model.DeclarativeBase" is not valid as a type  [valid-type]
(MaT1g3R)YasenBaka/music/abstract_source.py:7: error: Function "builtins.callable" is not valid as a type  [valid-type]
(adtac)exterminate/exterminate/AltString.py:8: error: Variable "AltString._str" is not valid as a type  [valid-type]
(GeoscienceAustralia)eo-datasets/eodatasets3/properties.py:326: error: Function "eodatasets3.properties.EoFields.datetime" is not valid as a type  [valid-type]
(GeoscienceAustralia)eo-datasets/eodatasets3/properties.py:333: error: Function "eodatasets3.properties.EoFields.datetime" is not valid as a type  [valid-type]
(GeoscienceAustralia)eo-datasets/eodatasets3/properties.py:337: error: Function "eodatasets3.properties.EoFields.datetime" is not valid as a type  [valid-type]
(kitchenbudapest)vr/utils.py:53: error: Invalid type comment or annotation  [valid-type]
(kitchenbudapest)vr/surface.py:85: error: Invalid type comment or annotation  [valid-type]
(kitchenbudapest)vr/surface.py:116: error: Invalid type comment or annotation  [valid-type]
(kitchenbudapest)vr/surface.py:121: error: Invalid type comment or annotation  [valid-type]
(kitchenbudapest)vr/surface.py:126: error: Invalid type comment or annotation  [valid-type]
(kitchenbudapest)vr/surface.py:137: error: Invalid type comment or annotation  [valid-type]
(kitchenbudapest)vr/surface.py:144: error: Invalid type comment or annotation  [valid-type]
(kitchenbudapest)vr/surface.py:151: error: Invalid type comment or annotation  [valid-type]
(kitchenbudapest)vr/surface.py:156: error: Invalid type comment or annotation  [valid-type]
(kitchenbudapest)vr/surface.py:161: error: Invalid type comment or annotation  [valid-type]
(kitchenbudapest)vr/surface.py:168: error: Invalid type comment or annotation  [valid-type]
(kitchenbudapest)vr/surface.py:173: error: Invalid type comment or annotation  [valid-type]
(fcracker79)accrocchio/accrocchio/badgeofshame.py:254: error: Variable "accrocchio.badgeofshame._AccrocchioType" is not valid as a type  [valid-type]
(fcracker79)accrocchio/accrocchio/badgeofshame.py:258: error: Variable "accrocchio.badgeofshame._AccrocchioType" is not valid as a type  [valid-type]
(google-research)data-driven-pdes/datadrivenpdes/core/geometry.py:59: error: Variable "geometry.Dimension" is not valid as a type  [valid-type]
(SP2RC-Coding-Club)Codes/01_06_2017/plasma.py:95: error: Invalid type comment or annotation  [valid-type]
(SP2RC-Coding-Club)Codes/01_06_2017/plasma.py:122: error: Invalid type comment or annotation  [valid-type]
(SP2RC-Coding-Club)Codes/01_06_2017/plasma.py:150: error: Invalid type comment or annotation  [valid-type]
(SP2RC-Coding-Club)Codes/01_06_2017/plasma.py:218: error: Invalid type comment or annotation  [valid-type]
(LionelAuroux)pyrser/pyrser/parsing/stream.py:122: error: Invalid type comment or annotation  [valid-type]
(bede)kindel/kindel/cli.py:12: error: Invalid type comment or annotation  [valid-type]
(bede)kindel/kindel/cli.py:13: error: Invalid type comment or annotation  [valid-type]
(bede)kindel/kindel/cli.py:14: error: Invalid type comment or annotation  [valid-type]
(bede)kindel/kindel/cli.py:15: error: Invalid type comment or annotation  [valid-type]
(bede)kindel/kindel/cli.py:16: error: Invalid type comment or annotation  [valid-type]
(bede)kindel/kindel/cli.py:17: error: Invalid type comment or annotation  [valid-type]
(bede)kindel/kindel/cli.py:18: error: Invalid type comment or annotation  [valid-type]
(bede)kindel/kindel/cli.py:19: error: Invalid type comment or annotation  [valid-type]
(bede)kindel/kindel/cli.py:33: error: Invalid type comment or annotation  [valid-type]
(bede)kindel/kindel/cli.py:34: error: Invalid type comment or annotation  [valid-type]
(bede)kindel/kindel/cli.py:35: error: Invalid type comment or annotation  [valid-type]
(bede)kindel/kindel/cli.py:41: error: Invalid type comment or annotation  [valid-type]
(bede)kindel/kindel/cli.py:47: error: Invalid type comment or annotation  [valid-type]
(bede)kindel/kindel/cli.py:48: error: Invalid type comment or annotation  [valid-type]
(bede)kindel/kindel/cli.py:49: error: Invalid type comment or annotation  [valid-type]
(bede)kindel/kindel/cli.py:50: error: Invalid type comment or annotation  [valid-type]
(bede)kindel/kindel/cli.py:51: error: Invalid type comment or annotation  [valid-type]
(bede)kindel/kindel/cli.py:69: error: Invalid type comment or annotation  [valid-type]
(LucaVazz)DualisWatcher/version_recorder.py:5: error: Invalid type comment or annotation  [valid-type]
(LucaVazz)DualisWatcher/config_helper.py:28: error: Function "builtins.any" is not valid as a type  [valid-type]
(LucaVazz)DualisWatcher/config_helper.py:34: error: Function "builtins.any" is not valid as a type  [valid-type]
(LucaVazz)DualisWatcher/notification_services/notification_service.py:25: error: Invalid type comment or annotation  [valid-type]
(SBRG)EscherConverter/api/models.py:83: error: Variable "models.Base" is not valid as a type  [valid-type]
(SBRG)EscherConverter/api/models.py:114: error: Variable "models.Base" is not valid as a type  [valid-type]
(SBRG)EscherConverter/api/models.py:141: error: Variable "models.Base" is not valid as a type  [valid-type]
(Beafantles)Asurix-bot/modules/utils/utils.py:11: error: Module "json" is not valid as a type  [valid-type]
(CodersOfTheNight)oshino/oshino/core/heart.py:123: error: Variable "typing.Generic" is not valid as a type  [valid-type]
(CodersOfTheNight)oshino/oshino/core/heart.py:124: error: Function "builtins.callable" is not valid as a type  [valid-type]
(rljacobson)FoxySheep/python_target/FoxySheep/Types/Types.py:95: error: Invalid type comment or annotation  [valid-type]
(rljacobson)FoxySheep/python_target/FoxySheep/AST/ASTNode.py:14: error: Invalid type comment or annotation  [valid-type]
(ascoderu)opwen-cloudserver/opwen_email_server/services/storage.py:66: error: Variable "storage.AccessInfo" is not valid as a type  [valid-type]
(ascoderu)opwen-cloudserver/opwen_email_server/services/storage.py:198: error: Variable "storage.AccessInfo" is not valid as a type  [valid-type]
(NZSmartie)PyHIDParser/hidparser/UsagePage.py:108: error: Function "builtins.object.__class__" is not valid as a type  [valid-type]
(NZSmartie)PyHIDParser/hidparser/DeviceBuilder.py:126: error: Function "builtins.object.__class__" is not valid as a type  [valid-type]
(NZSmartie)PyHIDParser/hidparser/ItemGlobal.py:19: error: Module "hidparser.DeviceBuilder" is not valid as a type  [valid-type]
(NZSmartie)PyHIDParser/hidparser/ItemGlobal.py:35: error: Module "hidparser.DeviceBuilder" is not valid as a type  [valid-type]
(NZSmartie)PyHIDParser/hidparser/ItemGlobal.py:48: error: Module "hidparser.DeviceBuilder" is not valid as a type  [valid-type]
(NZSmartie)PyHIDParser/hidparser/ItemGlobal.py:61: error: Module "hidparser.DeviceBuilder" is not valid as a type  [valid-type]
(NZSmartie)PyHIDParser/hidparser/ItemGlobal.py:74: error: Module "hidparser.DeviceBuilder" is not valid as a type  [valid-type]
(NZSmartie)PyHIDParser/hidparser/ItemGlobal.py:87: error: Module "hidparser.DeviceBuilder" is not valid as a type  [valid-type]
(NZSmartie)PyHIDParser/hidparser/ItemGlobal.py:100: error: Module "hidparser.DeviceBuilder" is not valid as a type  [valid-type]
(NZSmartie)PyHIDParser/hidparser/ItemGlobal.py:117: error: Module "hidparser.DeviceBuilder" is not valid as a type  [valid-type]
(NZSmartie)PyHIDParser/hidparser/ItemGlobal.py:134: error: Module "hidparser.DeviceBuilder" is not valid as a type  [valid-type]
(NZSmartie)PyHIDParser/hidparser/ItemGlobal.py:151: error: Module "hidparser.DeviceBuilder" is not valid as a type  [valid-type]
(NZSmartie)PyHIDParser/hidparser/ItemGlobal.py:164: error: Module "hidparser.DeviceBuilder" is not valid as a type  [valid-type]
(NZSmartie)PyHIDParser/hidparser/ItemGlobal.py:177: error: Module "hidparser.DeviceBuilder" is not valid as a type  [valid-type]
(hell03end)hse_ruz/ruz/api.py:12: error: Function "builtins.map" is not valid as a type  [valid-type]
(hell03end)hse_ruz/ruz/api.py:26: error: Invalid type comment or annotation  [valid-type]
(hell03end)hse_ruz/ruz/api.py:209: error: Invalid type comment or annotation  [valid-type]
(hell03end)hse_ruz/ruz/utils.py:46: error: Invalid type comment or annotation  [valid-type]
(hell03end)hse_ruz/ruz/utils.py:77: error: Invalid type comment or annotation  [valid-type]
(hell03end)hse_ruz/ruz/utils.py:95: error: Invalid type comment or annotation  [valid-type]
(nathanielksmith)prosaic/prosaic/models.py:66: error: Variable "prosaic.models.Base" is not valid as a type  [valid-type]
(nathanielksmith)prosaic/prosaic/models.py:77: error: Variable "prosaic.models.Base" is not valid as a type  [valid-type]
(nathanielksmith)prosaic/prosaic/models.py:102: error: Variable "prosaic.models.Base" is not valid as a type  [valid-type]
(poidl)yassy/doc/python/utils.py:22: error: Invalid type comment or annotation  [valid-type]
(poidl)yassy/doc/python/utils.py:36: error: Invalid type comment or annotation  [valid-type]
(poidl)yassy/doc/python/utils.py:45: error: Invalid type comment or annotation  [valid-type]
(poidl)yassy/doc/python/utils.py:54: error: Invalid type comment or annotation  [valid-type]
(cemfi)meico/rest/api/app.py:69: error: Invalid type comment or annotation  [valid-type]
(cemfi)meico/rest/api/app.py:78: error: Invalid type comment or annotation  [valid-type]
(rasguanabana)function-pattern-matching/tests/py3_defs.py:9: error: Invalid type comment or annotation  [valid-type]
(rasguanabana)function-pattern-matching/tests/py3_defs.py:10: error: Invalid type comment or annotation  [valid-type]
(rasguanabana)function-pattern-matching/tests/py3_defs.py:18: error: Invalid type comment or annotation  [valid-type]
(rasguanabana)function-pattern-matching/tests/py3_defs.py:20: error: Invalid type comment or annotation  [valid-type]
(rasguanabana)function-pattern-matching/tests/py3_defs.py:26: error: Invalid type comment or annotation  [valid-type]
(rasguanabana)function-pattern-matching/tests/py3_defs.py:31: error: Invalid type comment or annotation  [valid-type]
(rasguanabana)function-pattern-matching/tests/py3_defs.py:37: error: Invalid type comment or annotation  [valid-type]
(rasguanabana)function-pattern-matching/tests/py3_defs.py:43: error: Invalid type comment or annotation  [valid-type]
(rasguanabana)function-pattern-matching/tests/py3_defs.py:44: error: Invalid type comment or annotation  [valid-type]
(rasguanabana)function-pattern-matching/tests/py3_defs.py:45: error: Invalid type comment or annotation  [valid-type]
(rasguanabana)function-pattern-matching/tests/py3_defs.py:46: error: Invalid type comment or annotation  [valid-type]
(rasguanabana)function-pattern-matching/tests/py3_defs.py:52: error: Invalid type comment or annotation  [valid-type]
(rasguanabana)function-pattern-matching/tests/py3_defs.py:55: error: Invalid type comment or annotation  [valid-type]
(rasguanabana)function-pattern-matching/tests/py3_defs.py:63: error: Invalid type comment or annotation  [valid-type]
(rasguanabana)function-pattern-matching/tests/py3_defs.py:64: error: Invalid type comment or annotation  [valid-type]
(rasguanabana)function-pattern-matching/tests/py3_defs.py:65: error: Invalid type comment or annotation  [valid-type]
(rasguanabana)function-pattern-matching/tests/py3_defs.py:74: error: Invalid type comment or annotation  [valid-type]
(rasguanabana)function-pattern-matching/tests/py3_defs.py:83: error: Invalid type comment or annotation  [valid-type]
(rasguanabana)function-pattern-matching/tests/py3_defs.py:84: error: Invalid type comment or annotation  [valid-type]
(rasguanabana)function-pattern-matching/tests/py3_defs.py:85: error: Invalid type comment or annotation  [valid-type]
(rasguanabana)function-pattern-matching/tests/py3_defs.py:92: error: Invalid type comment or annotation  [valid-type]
(rasguanabana)function-pattern-matching/tests/py3_defs.py:100: error: Invalid type comment or annotation  [valid-type]
(rasguanabana)function-pattern-matching/tests/py3_defs.py:105: error: Invalid type comment or annotation  [valid-type]
(rasguanabana)function-pattern-matching/tests/py3_defs.py:111: error: Invalid type comment or annotation  [valid-type]
(rasguanabana)function-pattern-matching/tests/py3_defs.py:117: error: Invalid type comment or annotation  [valid-type]
(rasguanabana)function-pattern-matching/tests/py3_defs.py:118: error: Invalid type comment or annotation  [valid-type]
(rasguanabana)function-pattern-matching/tests/py3_defs.py:119: error: Invalid type comment or annotation  [valid-type]
(rasguanabana)function-pattern-matching/tests/py3_defs.py:120: error: Invalid type comment or annotation  [valid-type]
(rasguanabana)function-pattern-matching/tests/py3_defs.py:126: error: Invalid type comment or annotation  [valid-type]
(rasguanabana)function-pattern-matching/tests/py3_defs.py:129: error: Invalid type comment or annotation  [valid-type]
(rasguanabana)function-pattern-matching/tests/py3_defs.py:133: error: Invalid type comment or annotation  [valid-type]
(rasguanabana)function-pattern-matching/tests/py3_defs.py:134: error: Invalid type comment or annotation  [valid-type]
(rasguanabana)function-pattern-matching/tests/py3_defs.py:135: error: Invalid type comment or annotation  [valid-type]
(rasguanabana)function-pattern-matching/tests/py3_defs.py:136: error: Invalid type comment or annotation  [valid-type]
(rasguanabana)function-pattern-matching/tests/py3_defs.py:141: error: Invalid type comment or annotation  [valid-type]
(rasguanabana)function-pattern-matching/tests/py3_defs.py:142: error: Invalid type comment or annotation  [valid-type]
(rasguanabana)function-pattern-matching/tests/py3_defs.py:143: error: Invalid type comment or annotation  [valid-type]
(jenerestain)smart-student/contracts/student.v.py:1: error: Invalid type comment or annotation  [valid-type]
(jenerestain)smart-student/contracts/student.v.py:10: error: Invalid type comment or annotation  [valid-type]
(dileep-kishore)microbial-ai/microbial_ai/io/model_table.py:23: error: Variable "model_table.Base" is not valid as a type  [valid-type]
(wileykestner)falcon-sqlalchemy-demo/falcon_web_demo/postgres_people_repository.py:11: error: Variable "postgres_people_repository.Base" is not valid as a type  [valid-type]
(anlar)prismriver-lyrics/prismriver/preprocessor.py:4: error: Invalid type comment or annotation  [valid-type]
(anlar)prismriver-lyrics/prismriver/preprocessor.py:11: error: Invalid type comment or annotation  [valid-type]
(juancarlospaco)anglerfish/anglerfish/walk2dict.py:22: error: Function "collections.namedtuple" is not valid as a type  [valid-type]
(juancarlospaco)anglerfish/anglerfish/seconds2human.py:22: error: Function "collections.namedtuple" is not valid as a type  [valid-type]
(juancarlospaco)anglerfish/anglerfish/seconds2human.py:113: error: Function "collections.namedtuple" is not valid as a type  [valid-type]
(juancarlospaco)anglerfish/anglerfish/seconds2human.py:118: error: Function "collections.namedtuple" is not valid as a type  [valid-type]
(juancarlospaco)anglerfish/anglerfish/seconds2human.py:123: error: Function "collections.namedtuple" is not valid as a type  [valid-type]
(juancarlospaco)anglerfish/anglerfish/set_desktop_launcher.py:15: error: Function "collections.namedtuple" is not valid as a type  [valid-type]
(juancarlospaco)anglerfish/anglerfish/walk2list.py:20: error: Function "collections.namedtuple" is not valid as a type  [valid-type]
(juancarlospaco)anglerfish/anglerfish/get_clipboard.py:90: error: Function "collections.namedtuple" is not valid as a type  [valid-type]
(juancarlospaco)anglerfish/anglerfish/bytes2human.py:18: error: Function "collections.namedtuple" is not valid as a type  [valid-type]
(juancarlospaco)anglerfish/anglerfish/make_json_flat.py:18: error: Function "collections.namedtuple" is not valid as a type  [valid-type]
(juancarlospaco)anglerfish/anglerfish/get_random_pastel_color.py:192: error: Function "collections.namedtuple" is not valid as a type  [valid-type]
(juancarlospaco)anglerfish/anglerfish/get_random_pastel_color.py:197: error: Function "collections.namedtuple" is not valid as a type  [valid-type]
(juancarlospaco)anglerfish/anglerfish/get_public_ip.py:12: error: Function "ipaddress.ip_address" is not valid as a type  [valid-type]
(juancarlospaco)anglerfish/anglerfish/make_datauri.py:122: error: Function "collections.namedtuple" is not valid as a type  [valid-type]
(BpArCuCTeMbI)VKMP/main.py:9: error: Invalid type comment or annotation  [valid-type]
(Kurbezz)flibusta_bot/src/analytics.py:23: error: Invalid type comment or annotation  [valid-type]
(Kurbezz)flibusta_bot/src/filbusta_server.py:212: error: Invalid type comment or annotation  [valid-type]
(Kurbezz)flibusta_bot/src/send.py:21: error: Invalid type comment or annotation  [valid-type]
(nathants)py-web/web/__init__.py:59: error: Invalid type comment or annotation  [valid-type]
(nathants)py-web/web/__init__.py:67: error: Variable "web.schemas.rep" is not valid as a type  [valid-type]
(nathants)py-web/web/__init__.py:75: error: Variable "web.schemas.req" is not valid as a type  [valid-type]
(nathants)py-web/web/__init__.py:82: error: Variable "web.schemas.req" is not valid as a type  [valid-type]
(nathants)py-web/web/__init__.py:82: error: Invalid type comment or annotation  [valid-type]
(nathants)py-web/web/__init__.py:166: error: Variable "web.schemas.rep" is not valid as a type  [valid-type]
(eReuse)workbench/ereuse_workbench/computer.py:181: error: Invalid type comment or annotation  [valid-type]
(eReuse)workbench/ereuse_workbench/computer.py:323: error: Invalid type comment or annotation  [valid-type]
(gilmarsquinelato)gulpy/gulpy/core/stream.py:179: error: Function "builtins.iter" is not valid as a type  [valid-type]
(legalese)legalese-compiler/L4/pyL4/src/independent/util_for_tuple_linked_lists.py:7: error: Variable "src.independent.util_for_tuple_linked_lists.TupleLinkedList" is not valid as a type  [valid-type]
(legalese)legalese-compiler/L4/pyL4/src/independent/util_for_tuple_linked_lists.py:13: error: Variable "src.independent.util_for_tuple_linked_lists.TupleLinkedList" is not valid as a type  [valid-type]
(legalese)legalese-compiler/L4/pyL4/src/independent/util_for_tuple_linked_lists.py:13: error: Variable "src.independent.util_for_tuple_linked_lists.V" is not valid as a type  [valid-type]
(legalese)legalese-compiler/L4/pyL4/src/independent/util_for_tuple_linked_lists.py:21: error: Variable "src.independent.util_for_tuple_linked_lists.TupleLinkedList" is not valid as a type  [valid-type]
(legalese)legalese-compiler/L4/pyL4/src/independent/util_for_tuple_linked_lists.py:23: error: Variable "src.independent.util_for_tuple_linked_lists.TupleLinkedList" is not valid as a type  [valid-type]
(gorgitko)molminer/molminer/AbstractLinker.py:91: error: Function "collections.namedtuple" is not valid as a type  [valid-type]
(gorgitko)molminer/molminer/utils.py:23: error: Function "collections.namedtuple" is not valid as a type  [valid-type]
(Rhilip)Byrbt-Autoseed/extractors/base/nexusphp.py:68: error: Invalid type comment or annotation  [valid-type]
(madvirus)kotlin-web-site/src/pdf_ko.py:60: error: Module "src.pages.MyFlatPages" is not valid as a type  [valid-type]
(madvirus)kotlin-web-site/src/pdf.py:59: error: Module "src.pages.MyFlatPages" is not valid as a type  [valid-type]
(meraki-analytics)merakicommons/merakicommons/ghost.py:105: error: Function "ghost.Ghost.property" is not valid as a type  [valid-type]
(BogyMitutoyoCTL)CalculatorCV/Window.py:6: error: Module "Settings" is not valid as a type  [valid-type]
(BogyMitutoyoCTL)CalculatorCV/HistoryData.py:6: error: Module "datetime" is not valid as a type  [valid-type]
(BogyMitutoyoCTL)CalculatorCV/History.py:20: error: Module "datetime" is not valid as a type  [valid-type]
(sonusz)PhasorToolBox/phasortoolbox/devices.py:14: error: Invalid type comment or annotation  [valid-type]
(sonusz)PhasorToolBox/phasortoolbox/devices.py:15: error: Invalid type comment or annotation  [valid-type]
(sonusz)PhasorToolBox/phasortoolbox/devices.py:81: error: Invalid type comment or annotation  [valid-type]
(sonusz)PhasorToolBox/phasortoolbox/devices.py:82: error: Invalid type comment or annotation  [valid-type]
(tmthyjames)SQLCell/sqlcell/db.py:75: error: Invalid type comment or annotation  [valid-type]
(leonidumanskiy)scheduledtask/scheduledtask/utils.py:5: error: Invalid type comment or annotation  [valid-type]
(leonidumanskiy)scheduledtask/scheduledtask/utils.py:24: error: Invalid type comment or annotation  [valid-type]
(leonidumanskiy)scheduledtask/scheduledtask/utils.py:43: error: Invalid type comment or annotation  [valid-type]
(leonidumanskiy)scheduledtask/scheduledtask/utils.py:54: error: Invalid type comment or annotation  [valid-type]
(ulikoehler)UliEngineering/UliEngineering/Electronics/PowerFactor.py:11: error: Invalid type comment or annotation  [valid-type]
(ulikoehler)UliEngineering/UliEngineering/Electronics/Crystal.py:18: error: Invalid type comment or annotation  [valid-type]
(ulikoehler)UliEngineering/UliEngineering/Electronics/Crystal.py:49: error: Invalid type comment or annotation  [valid-type]
(ulikoehler)UliEngineering/UliEngineering/Electronics/Crystal.py:85: error: Invalid type comment or annotation  [valid-type]
(ulikoehler)UliEngineering/UliEngineering/Electronics/Crystal.py:90: error: Invalid type comment or annotation  [valid-type]
(ulikoehler)UliEngineering/UliEngineering/Electronics/Crystal.py:106: error: Invalid type comment or annotation  [valid-type]
(ulikoehler)UliEngineering/UliEngineering/Electronics/Crystal.py:122: error: Invalid type comment or annotation  [valid-type]
(ulikoehler)UliEngineering/UliEngineering/Electronics/Crystal.py:138: error: Invalid type comment or annotation  [valid-type]
(ulikoehler)UliEngineering/UliEngineering/Electronics/Crystal.py:154: error: Invalid type comment or annotation  [valid-type]
(ulikoehler)UliEngineering/UliEngineering/Electronics/Inductors.py:12: error: Invalid type comment or annotation  [valid-type]
(ulikoehler)UliEngineering/UliEngineering/Electronics/MOSFET.py:12: error: Invalid type comment or annotation  [valid-type]
(ulikoehler)UliEngineering/UliEngineering/Electronics/MOSFET.py:35: error: Invalid type comment or annotation  [valid-type]
(ulikoehler)UliEngineering/UliEngineering/Electronics/VoltageDivider.py:19: error: Invalid type comment or annotation  [valid-type]
(ulikoehler)UliEngineering/UliEngineering/Electronics/VoltageDivider.py:29: error: Invalid type comment or annotation  [valid-type]
(ulikoehler)UliEngineering/UliEngineering/Electronics/VoltageDivider.py:38: error: Invalid type comment or annotation  [valid-type]
(ulikoehler)UliEngineering/UliEngineering/Electronics/VoltageDivider.py:92: error: Invalid type comment or annotation  [valid-type]
(ulikoehler)UliEngineering/UliEngineering/Electronics/VoltageDivider.py:101: error: Invalid type comment or annotation  [valid-type]
(ulikoehler)UliEngineering/UliEngineering/Electronics/VoltageDivider.py:110: error: Invalid type comment or annotation  [valid-type]
(ulikoehler)UliEngineering/UliEngineering/Electronics/VoltageDivider.py:134: error: Invalid type comment or annotation  [valid-type]
(ulikoehler)UliEngineering/UliEngineering/Electronics/VoltageDivider.py:155: error: Invalid type comment or annotation  [valid-type]
(ulikoehler)UliEngineering/UliEngineering/Electronics/Power.py:11: error: Invalid type comment or annotation  [valid-type]
(ulikoehler)UliEngineering/UliEngineering/Electronics/Power.py:21: error: Invalid type comment or annotation  [valid-type]
(ulikoehler)UliEngineering/UliEngineering/Electronics/Capacitors.py:9: error: Invalid type comment or annotation  [valid-type]
(ulikoehler)UliEngineering/UliEngineering/Electronics/Capacitors.py:27: error: Invalid type comment or annotation  [valid-type]
(ulikoehler)UliEngineering/UliEngineering/Electronics/Capacitors.py:39: error: Invalid type comment or annotation  [valid-type]
(ulikoehler)UliEngineering/UliEngineering/Electronics/Reactance.py:14: error: Invalid type comment or annotation  [valid-type]
(ulikoehler)UliEngineering/UliEngineering/Electronics/Reactance.py:23: error: Invalid type comment or annotation  [valid-type]
(ulikoehler)UliEngineering/UliEngineering/Electronics/OpAmp.py:16: error: Invalid type comment or annotation  [valid-type]
(ulikoehler)UliEngineering/UliEngineering/Electronics/LED.py:39: error: Invalid type comment or annotation  [valid-type]
(ulikoehler)UliEngineering/UliEngineering/Physics/Frequency.py:13: error: Invalid type comment or annotation  [valid-type]
(ulikoehler)UliEngineering/UliEngineering/Physics/Frequency.py:27: error: Invalid type comment or annotation  [valid-type]
(ulikoehler)UliEngineering/UliEngineering/Physics/NTC.py:17: error: Invalid type comment or annotation  [valid-type]
(ulikoehler)UliEngineering/UliEngineering/Physics/RF.py:14: error: Invalid type comment or annotation  [valid-type]
(ulikoehler)UliEngineering/UliEngineering/Physics/RF.py:30: error: Invalid type comment or annotation  [valid-type]
(ulikoehler)UliEngineering/UliEngineering/Physics/RF.py:47: error: Invalid type comment or annotation  [valid-type]
(ulikoehler)UliEngineering/UliEngineering/Physics/RF.py:65: error: Invalid type comment or annotation  [valid-type]
(ulikoehler)UliEngineering/UliEngineering/Physics/NoiseDensity.py:10: error: Invalid type comment or annotation  [valid-type]
(ulikoehler)UliEngineering/UliEngineering/Physics/NoiseDensity.py:23: error: Invalid type comment or annotation  [valid-type]
(ulikoehler)UliEngineering/UliEngineering/Physics/Temperature.py:21: error: Invalid type comment or annotation  [valid-type]
(ulikoehler)UliEngineering/UliEngineering/Physics/Temperature.py:25: error: Invalid type comment or annotation  [valid-type]
(ulikoehler)UliEngineering/UliEngineering/Physics/Temperature.py:29: error: Invalid type comment or annotation  [valid-type]
(ulikoehler)UliEngineering/UliEngineering/Physics/Temperature.py:33: error: Invalid type comment or annotation  [valid-type]
(ulikoehler)UliEngineering/UliEngineering/Physics/Temperature.py:36: error: Invalid type comment or annotation  [valid-type]
(ulikoehler)UliEngineering/UliEngineering/Physics/Temperature.py:60: error: Invalid type comment or annotation  [valid-type]
(ulikoehler)UliEngineering/UliEngineering/Physics/Temperature.py:64: error: Invalid type comment or annotation  [valid-type]
(ulikoehler)UliEngineering/UliEngineering/Math/Decibel.py:22: error: Invalid type comment or annotation  [valid-type]
(ulikoehler)UliEngineering/UliEngineering/Math/Decibel.py:57: error: Invalid type comment or annotation  [valid-type]
(ulikoehler)UliEngineering/UliEngineering/Math/Decibel.py:72: error: Invalid type comment or annotation  [valid-type]
(ulikoehler)UliEngineering/UliEngineering/Math/Decibel.py:88: error: Invalid type comment or annotation  [valid-type]
(ulikoehler)UliEngineering/UliEngineering/Math/Decibel.py:97: error: Invalid type comment or annotation  [valid-type]
(ulikoehler)UliEngineering/UliEngineering/Math/Decibel.py:106: error: Invalid type comment or annotation  [valid-type]
(ulikoehler)UliEngineering/UliEngineering/Length.py:50: error: Invalid type comment or annotation  [valid-type]
(ulikoehler)UliEngineering/UliEngineering/Length.py:58: error: Invalid type comment or annotation  [valid-type]
(ulikoehler)UliEngineering/UliEngineering/Electronics/Resistors.py:42: error: Invalid type comment or annotation  [valid-type]
(ulikoehler)UliEngineering/UliEngineering/Electronics/Resistors.py:58: error: Invalid type comment or annotation  [valid-type]
(ulikoehler)UliEngineering/UliEngineering/Electronics/Resistors.py:74: error: Invalid type comment or annotation  [valid-type]
(ulikoehler)UliEngineering/UliEngineering/Electronics/Resistors.py:91: error: Invalid type comment or annotation  [valid-type]
(ulikoehler)UliEngineering/UliEngineering/Electronics/Resistors.py:123: error: Invalid type comment or annotation  [valid-type]
(ulikoehler)UliEngineering/UliEngineering/Electronics/Resistors.py:129: error: Invalid type comment or annotation  [valid-type]
(ulikoehler)UliEngineering/UliEngineering/Electronics/Resistors.py:137: error: Invalid type comment or annotation  [valid-type]
(ulikoehler)UliEngineering/UliEngineering/Electronics/Resistors.py:146: error: Invalid type comment or annotation  [valid-type]
(ulikoehler)UliEngineering/UliEngineering/Electronics/Microstrip.py:37: error: Invalid type comment or annotation  [valid-type]
(ulikoehler)UliEngineering/UliEngineering/Electronics/Microstrip.py:81: error: Invalid type comment or annotation  [valid-type]
(ulikoehler)UliEngineering/UliEngineering/Physics/RTD.py:39: error: Invalid type comment or annotation  [valid-type]
(ulikoehler)UliEngineering/UliEngineering/Physics/RTD.py:56: error: Invalid type comment or annotation  [valid-type]
(ulikoehler)UliEngineering/UliEngineering/Physics/JohnsonNyquistNoise.py:27: error: Invalid type comment or annotation  [valid-type]
(ulikoehler)UliEngineering/UliEngineering/Physics/JohnsonNyquistNoise.py:40: error: Invalid type comment or annotation  [valid-type]
(phanrahan)magmathon/examples/uart/txmod.py:8: error: Invalid type comment or annotation  [valid-type]
(phanrahan)magmathon/examples/uart/txmod.py:11: error: Invalid type comment or annotation  [valid-type]
(phanrahan)magmathon/examples/uart/txmod.py:12: error: Invalid type comment or annotation  [valid-type]
(phanrahan)magmathon/examples/uart/txmod.py:13: error: Invalid type comment or annotation  [valid-type]
(berylTechnologies)redcap/runner/executor.py:15: error: Invalid type comment or annotation  [valid-type]
(berylTechnologies)redcap/task_manager/models.py:102: error: Invalid type comment or annotation  [valid-type]
(berylTechnologies)redcap/task_manager/models.py:150: error: Invalid type comment or annotation  [valid-type]
(mara)mara-app/mara_app/monkey_patch.py:16: error: Invalid type comment or annotation  [valid-type]
(mara)mara-app/mara_app/config.py:7: error: Invalid type comment or annotation  [valid-type]
(mara)mara-app/mara_app/app.py:124: error: Invalid type comment or annotation  [valid-type]
(AeonGames)AeonEngine/tools/blender/addons/io_images/export.py:24: error: Invalid type comment or annotation  [valid-type]
(AeonGames)AeonEngine/tools/blender/addons/io_model_mdl/export.py:29: error: Invalid type comment or annotation  [valid-type]
(AeonGames)AeonEngine/tools/blender/addons/io_collision_cln/export.py:29: error: Invalid type comment or annotation  [valid-type]
(AeonGames)AeonEngine/tools/blender/addons/io_skeleton_skl/export.py:31: error: Invalid type comment or annotation  [valid-type]
(AeonGames)AeonEngine/tools/blender/addons/io_animation_anm/export.py:96: error: Invalid type comment or annotation  [valid-type]
(lnmds)jose/ext/config.py:134: error: Function "builtins.any" is not valid as a type  [valid-type]
(lnmds)jose/ext/config.py:147: error: Function "builtins.any" is not valid as a type  [valid-type]
(lnmds)jose/ext/exec.py:242: error: Invalid type comment or annotation  [valid-type]
(lnmds)jose/ext/admin.py:141: error: Function "admin.no_codeblock" is not valid as a type  [valid-type]
(lnmds)jose/ext/translation.py:30: error: Function "builtins.any" is not valid as a type  [valid-type]
(lnmds)jose/ext/translation.py:38: error: Function "builtins.any" is not valid as a type  [valid-type]
(lnmds)jose/ext/translation.py:41: error: Function "builtins.any" is not valid as a type  [valid-type]
(lnmds)jose/ext/common.py:165: error: Function "builtins.any" is not valid as a type  [valid-type]
(DeflatedPickle)pkinter/pkinter/center.py:12: error: Invalid type comment or annotation  [valid-type]
(JLuebben)Floppy/floppy/reportWidget.py:12: error: Variable "reportWidget.WebView" is not valid as a type  [valid-type]
(codesardine)Jade-Application-Kit/JAK/Utils.py:69: error: Invalid type comment or annotation  [valid-type]
(introlab)OpenIMU/python/libopenimu/qt/BackgroundProcess.py:17: error: Module "string" is not valid as a type  [valid-type]
(introlab)OpenIMU/python/libopenimu/qt/BackgroundProcess.py:37: error: Module "string" is not valid as a type  [valid-type]
(introlab)OpenIMU/python/libopenimu/qt/BackgroundProcess.py:71: error: Module "string" is not valid as a type  [valid-type]
(Phelimb)cbg/bigsi/__main__.py:155: error: Invalid type comment or annotation  [valid-type]
(seanegoodwin)PandaViewer/PandaViewer/ex_database.py:28: error: Variable "PandaViewer.ex_database.base" is not valid as a type  [valid-type]
(seanegoodwin)PandaViewer/PandaViewer/ex_database.py:47: error: Variable "PandaViewer.ex_database.base" is not valid as a type  [valid-type]
(seanegoodwin)PandaViewer/PandaViewer/user_database.py:29: error: Variable "PandaViewer.user_database.base" is not valid as a type  [valid-type]
(seanegoodwin)PandaViewer/PandaViewer/user_database.py:36: error: Variable "PandaViewer.user_database.base" is not valid as a type  [valid-type]
(seanegoodwin)PandaViewer/PandaViewer/user_database.py:53: error: Variable "PandaViewer.user_database.base" is not valid as a type  [valid-type]
(OpenNFT)OpenNFT/opennft/mlproc.py:137: error: Function "multiprocessing.Event" is not valid as a type  [valid-type]
(joliveros)bitmex-websocket/bitmex_websocket/_instrument.py:22: error: Invalid type comment or annotation  [valid-type]
(DLR-SC)prov2bigchaindb/prov2bigchaindb/core/clients.py:108: error: Invalid type comment or annotation  [valid-type]
(DLR-SC)prov2bigchaindb/prov2bigchaindb/core/clients.py:188: error: Invalid type comment or annotation  [valid-type]
(DLR-SC)prov2bigchaindb/prov2bigchaindb/core/clients.py:322: error: Invalid type comment or annotation  [valid-type]
(DLR-SC)prov2bigchaindb/prov2bigchaindb/core/utils.py:18: error: Invalid type comment or annotation  [valid-type]
(BookOwl)nustack/nustack/stdlib/Hash.py:8: error: Invalid type comment or annotation  [valid-type]
(BookOwl)nustack/nustack/stdlib/Hash.py:13: error: Invalid type comment or annotation  [valid-type]
(BookOwl)nustack/nustack/stdlib/Hash.py:19: error: Invalid type comment or annotation  [valid-type]
(BookOwl)nustack/nustack/stdlib/Hash.py:25: error: Invalid type comment or annotation  [valid-type]
(BookOwl)nustack/nustack/stdlib/Hash.py:32: error: Invalid type comment or annotation  [valid-type]
(BookOwl)nustack/nustack/stdlib/Hash.py:39: error: Invalid type comment or annotation  [valid-type]
(BookOwl)nustack/nustack/stdlib/IO.py:9: error: Invalid type comment or annotation  [valid-type]
(BookOwl)nustack/nustack/stdlib/IO.py:19: error: Invalid type comment or annotation  [valid-type]
(BookOwl)nustack/nustack/stdlib/IO.py:26: error: Invalid type comment or annotation  [valid-type]
(BookOwl)nustack/nustack/stdlib/IO.py:33: error: Invalid type comment or annotation  [valid-type]
(BookOwl)nustack/nustack/stdlib/IO.py:39: error: Invalid type comment or annotation  [valid-type]
(BookOwl)nustack/nustack/stdlib/Seq.py:8: error: Invalid type comment or annotation  [valid-type]
(BookOwl)nustack/nustack/stdlib/Seq.py:18: error: Invalid type comment or annotation  [valid-type]
(BookOwl)nustack/nustack/stdlib/Seq.py:27: error: Invalid type comment or annotation  [valid-type]
(BookOwl)nustack/nustack/stdlib/Seq.py:36: error: Invalid type comment or annotation  [valid-type]
(BookOwl)nustack/nustack/stdlib/Seq.py:43: error: Invalid type comment or annotation  [valid-type]
(BookOwl)nustack/nustack/stdlib/Seq.py:54: error: Invalid type comment or annotation  [valid-type]
(BookOwl)nustack/nustack/stdlib/Seq.py:61: error: Invalid type comment or annotation  [valid-type]
(BookOwl)nustack/nustack/stdlib/Seq.py:67: error: Invalid type comment or annotation  [valid-type]
(BookOwl)nustack/nustack/stdlib/Seq.py:74: error: Invalid type comment or annotation  [valid-type]
(BookOwl)nustack/nustack/stdlib/Seq.py:81: error: Invalid type comment or annotation  [valid-type]
(BookOwl)nustack/nustack/stdlib/Seq.py:87: error: Invalid type comment or annotation  [valid-type]
(BookOwl)nustack/nustack/stdlib/Seq.py:93: error: Invalid type comment or annotation  [valid-type]
(BookOwl)nustack/nustack/stdlib/Seq.py:100: error: Invalid type comment or annotation  [valid-type]
(BookOwl)nustack/nustack/stdlib/Seq.py:107: error: Invalid type comment or annotation  [valid-type]
(BookOwl)nustack/nustack/stdlib/Seq.py:112: error: Invalid type comment or annotation  [valid-type]
(BookOwl)nustack/nustack/stdlib/Seq.py:117: error: Invalid type comment or annotation  [valid-type]
(BookOwl)nustack/nustack/stdlib/Seq.py:123: error: Invalid type comment or annotation  [valid-type]
(BookOwl)nustack/nustack/stdlib/String.py:22: error: Invalid type comment or annotation  [valid-type]
(BookOwl)nustack/nustack/stdlib/String.py:29: error: Invalid type comment or annotation  [valid-type]
(BookOwl)nustack/nustack/stdlib/String.py:36: error: Invalid type comment or annotation  [valid-type]
(BookOwl)nustack/nustack/stdlib/String.py:43: error: Invalid type comment or annotation  [valid-type]
(BookOwl)nustack/nustack/stdlib/String.py:50: error: Invalid type comment or annotation  [valid-type]
(BookOwl)nustack/nustack/stdlib/String.py:56: error: Invalid type comment or annotation  [valid-type]
(BookOwl)nustack/nustack/stdlib/Path.py:13: error: Invalid type comment or annotation  [valid-type]
(BookOwl)nustack/nustack/stdlib/Path.py:18: error: Invalid type comment or annotation  [valid-type]
(BookOwl)nustack/nustack/stdlib/Path.py:23: error: Invalid type comment or annotation  [valid-type]
(BookOwl)nustack/nustack/stdlib/Path.py:30: error: Invalid type comment or annotation  [valid-type]
(BookOwl)nustack/nustack/stdlib/Path.py:35: error: Invalid type comment or annotation  [valid-type]
(BookOwl)nustack/nustack/stdlib/Path.py:40: error: Invalid type comment or annotation  [valid-type]
(BookOwl)nustack/nustack/stdlib/Path.py:45: error: Invalid type comment or annotation  [valid-type]
(BookOwl)nustack/nustack/stdlib/Path.py:50: error: Invalid type comment or annotation  [valid-type]
(BookOwl)nustack/nustack/stdlib/Path.py:56: error: Invalid type comment or annotation  [valid-type]
(BookOwl)nustack/nustack/stdlib/Path.py:61: error: Invalid type comment or annotation  [valid-type]
(BookOwl)nustack/nustack/stdlib/Path.py:66: error: Invalid type comment or annotation  [valid-type]
(BookOwl)nustack/nustack/stdlib/Path.py:71: error: Invalid type comment or annotation  [valid-type]
(BookOwl)nustack/nustack/stdlib/Path.py:76: error: Invalid type comment or annotation  [valid-type]
(BookOwl)nustack/nustack/stdlib/Path.py:81: error: Invalid type comment or annotation  [valid-type]
(BookOwl)nustack/nustack/stdlib/Path.py:86: error: Invalid type comment or annotation  [valid-type]
(BookOwl)nustack/nustack/stdlib/Path.py:91: error: Invalid type comment or annotation  [valid-type]
(BookOwl)nustack/nustack/stdlib/Path.py:96: error: Invalid type comment or annotation  [valid-type]
(BookOwl)nustack/nustack/stdlib/Shell.py:17: error: Invalid type comment or annotation  [valid-type]
(BookOwl)nustack/nustack/stdlib/Shell.py:22: error: Invalid type comment or annotation  [valid-type]
(BookOwl)nustack/nustack/stdlib/Shell.py:41: error: Invalid type comment or annotation  [valid-type]
(BookOwl)nustack/nustack/stdlib/Time.py:9: error: Invalid type comment or annotation  [valid-type]
(BookOwl)nustack/nustack/stdlib/Time.py:14: error: Invalid type comment or annotation  [valid-type]
(BookOwl)nustack/nustack/stdlib/Time.py:20: error: Invalid type comment or annotation  [valid-type]
(BookOwl)nustack/nustack/stdlib/Time.py:26: error: Invalid type comment or annotation  [valid-type]
(BookOwl)nustack/nustack/stdlib/Math.py:10: error: Invalid type comment or annotation  [valid-type]
(BookOwl)nustack/nustack/stdlib/Math.py:16: error: Invalid type comment or annotation  [valid-type]
(BookOwl)nustack/nustack/stdlib/Math.py:22: error: Invalid type comment or annotation  [valid-type]
(BookOwl)nustack/nustack/stdlib/Math.py:28: error: Invalid type comment or annotation  [valid-type]
(BookOwl)nustack/nustack/stdlib/Math.py:34: error: Invalid type comment or annotation  [valid-type]
(BookOwl)nustack/nustack/stdlib/Math.py:41: error: Invalid type comment or annotation  [valid-type]
(BookOwl)nustack/nustack/stdlib/Math.py:47: error: Invalid type comment or annotation  [valid-type]
(BookOwl)nustack/nustack/stdlib/Math.py:53: error: Invalid type comment or annotation  [valid-type]
(BookOwl)nustack/nustack/stdlib/Math.py:59: error: Invalid type comment or annotation  [valid-type]
(BookOwl)nustack/nustack/stdlib/Math.py:65: error: Invalid type comment or annotation  [valid-type]
(BookOwl)nustack/nustack/stdlib/Math.py:71: error: Invalid type comment or annotation  [valid-type]
(BookOwl)nustack/nustack/stdlib/Math.py:77: error: Invalid type comment or annotation  [valid-type]
(BookOwl)nustack/nustack/stdlib/Math.py:83: error: Invalid type comment or annotation  [valid-type]
(BookOwl)nustack/nustack/stdlib/Math.py:89: error: Invalid type comment or annotation  [valid-type]
(BookOwl)nustack/nustack/stdlib/Math.py:95: error: Invalid type comment or annotation  [valid-type]
(BookOwl)nustack/nustack/stdlib/Math.py:101: error: Invalid type comment or annotation  [valid-type]
(BookOwl)nustack/nustack/stdlib/Math.py:107: error: Invalid type comment or annotation  [valid-type]
(BookOwl)nustack/nustack/stdlib/Math.py:113: error: Invalid type comment or annotation  [valid-type]
(BookOwl)nustack/nustack/stdlib/Math.py:119: error: Invalid type comment or annotation  [valid-type]
(BookOwl)nustack/nustack/stdlib/Math.py:125: error: Invalid type comment or annotation  [valid-type]
(BookOwl)nustack/nustack/stdlib/Turtle.py:14: error: Invalid type comment or annotation  [valid-type]
(BookOwl)nustack/nustack/stdlib/Turtle.py:21: error: Invalid type comment or annotation  [valid-type]
(BookOwl)nustack/nustack/stdlib/Turtle.py:29: error: Invalid type comment or annotation  [valid-type]
(BookOwl)nustack/nustack/stdlib/Turtle.py:39: error: Invalid type comment or annotation  [valid-type]
(BookOwl)nustack/nustack/stdlib/Turtle.py:46: error: Invalid type comment or annotation  [valid-type]
(BookOwl)nustack/nustack/stdlib/Turtle.py:53: error: Invalid type comment or annotation  [valid-type]
(BookOwl)nustack/nustack/stdlib/Turtle.py:60: error: Invalid type comment or annotation  [valid-type]
(BookOwl)nustack/nustack/stdlib/Turtle.py:67: error: Invalid type comment or annotation  [valid-type]
(BookOwl)nustack/nustack/stdlib/Turtle.py:74: error: Invalid type comment or annotation  [valid-type]
(BookOwl)nustack/nustack/stdlib/Turtle.py:81: error: Invalid type comment or annotation  [valid-type]
(BookOwl)nustack/nustack/stdlib/Turtle.py:91: error: Invalid type comment or annotation  [valid-type]
(BookOwl)nustack/nustack/stdlib/Turtle.py:98: error: Invalid type comment or annotation  [valid-type]
(BookOwl)nustack/nustack/stdlib/Turtle.py:105: error: Invalid type comment or annotation  [valid-type]
(BookOwl)nustack/nustack/stdlib/Turtle.py:112: error: Invalid type comment or annotation  [valid-type]
(BookOwl)nustack/nustack/stdlib/Turtle.py:119: error: Invalid type comment or annotation  [valid-type]
(BookOwl)nustack/nustack/stdlib/Turtle.py:126: error: Invalid type comment or annotation  [valid-type]
(BookOwl)nustack/nustack/stdlib/Turtle.py:133: error: Invalid type comment or annotation  [valid-type]
(BookOwl)nustack/nustack/stdlib/Turtle.py:140: error: Invalid type comment or annotation  [valid-type]
(BookOwl)nustack/nustack/stdlib/Turtle.py:147: error: Invalid type comment or annotation  [valid-type]
(BookOwl)nustack/nustack/stdlib/Turtle.py:154: error: Invalid type comment or annotation  [valid-type]
(BookOwl)nustack/nustack/stdlib/Turtle.py:161: error: Invalid type comment or annotation  [valid-type]
(BookOwl)nustack/nustack/stdlib/Turtle.py:168: error: Invalid type comment or annotation  [valid-type]
(BookOwl)nustack/nustack/stdlib/Turtle.py:175: error: Invalid type comment or annotation  [valid-type]
(BookOwl)nustack/nustack/stdlib/Turtle.py:184: error: Invalid type comment or annotation  [valid-type]
(BookOwl)nustack/nustack/stdlib/Turtle.py:193: error: Invalid type comment or annotation  [valid-type]
(BookOwl)nustack/nustack/stdlib/Turtle.py:200: error: Invalid type comment or annotation  [valid-type]
(BookOwl)nustack/nustack/stdlib/Turtle.py:207: error: Invalid type comment or annotation  [valid-type]
(BookOwl)nustack/nustack/stdlib/Turtle.py:212: error: Invalid type comment or annotation  [valid-type]
(BookOwl)nustack/nustack/stdlib/Requests.py:25: error: Invalid type comment or annotation  [valid-type]
(BookOwl)nustack/nustack/stdlib/Requests.py:32: error: Invalid type comment or annotation  [valid-type]
(BookOwl)nustack/nustack/stdlib/Requests.py:39: error: Invalid type comment or annotation  [valid-type]
(BookOwl)nustack/nustack/stdlib/Requests.py:46: error: Invalid type comment or annotation  [valid-type]
(BookOwl)nustack/nustack/stdlib/Requests.py:53: error: Invalid type comment or annotation  [valid-type]
(BookOwl)nustack/nustack/stdlib/Requests.py:60: error: Invalid type comment or annotation  [valid-type]
(BookOwl)nustack/nustack/stdlib/Requests.py:69: error: Invalid type comment or annotation  [valid-type]
(BookOwl)nustack/nustack/stdlib/Requests.py:78: error: Invalid type comment or annotation  [valid-type]
(jaantollander)CrowdDynamics/crowddynamics/core/steering/quickest_path.py:144: error: Variable "crowddynamics.core.steering.quickest_path.DistanceMap" is not valid as a type  [valid-type]
(5j9)yadkard/lib/commons.py:215: error: Invalid type comment or annotation  [valid-type]
(chengsoonong)acton/acton/proto/io.py:133: error: Invalid type comment or annotation  [valid-type]
(chengsoonong)acton/acton/proto/io.py:171: error: Invalid type comment or annotation  [valid-type]
