[RRepo](PetterKraabol)Twitch-Chat-Downloader
(PetterKraabol)Twitch-Chat-Downloader/tcd/singleton.py:5: error: Need type annotation for '_instances' (hint: "_instances: Dict[<type>, <type>] = ...")  [var-annotated]
(PetterKraabol)Twitch-Chat-Downloader/tcd/arguments.py:43: error: Incompatible types in assignment (expression has type "Union[str, bool, int]", variable has type "str")  [assignment]
(PetterKraabol)Twitch-Chat-Downloader/tcd/arguments.py:44: error: Incompatible types in assignment (expression has type "Union[str, bool, int]", variable has type "str")  [assignment]
(PetterKraabol)Twitch-Chat-Downloader/tcd/arguments.py:45: error: Incompatible types in assignment (expression has type "Union[str, bool, int]", variable has type "bool")  [assignment]
(PetterKraabol)Twitch-Chat-Downloader/tcd/arguments.py:46: error: Incompatible types in assignment (expression has type "Union[str, bool, int]", variable has type "bool")  [assignment]
(PetterKraabol)Twitch-Chat-Downloader/tcd/arguments.py:47: error: Incompatible types in assignment (expression has type "Union[str, bool, int]", variable has type "bool")  [assignment]
(PetterKraabol)Twitch-Chat-Downloader/tcd/arguments.py:48: error: Incompatible types in assignment (expression has type "Union[str, bool, int]", variable has type "bool")  [assignment]
(PetterKraabol)Twitch-Chat-Downloader/tcd/arguments.py:49: error: Incompatible types in assignment (expression has type "Union[str, bool, int]", variable has type "bool")  [assignment]
(PetterKraabol)Twitch-Chat-Downloader/tcd/arguments.py:50: error: Incompatible types in assignment (expression has type "Union[str, bool, int]", variable has type "bool")  [assignment]
(PetterKraabol)Twitch-Chat-Downloader/tcd/arguments.py:51: error: Incompatible types in assignment (expression has type "Union[str, bool, int]", variable has type "bool")  [assignment]
(PetterKraabol)Twitch-Chat-Downloader/tcd/arguments.py:52: error: Incompatible types in assignment (expression has type "Union[str, bool, int]", variable has type "str")  [assignment]
(PetterKraabol)Twitch-Chat-Downloader/tcd/arguments.py:53: error: Incompatible types in assignment (expression has type "Union[str, bool, int]", variable has type "bool")  [assignment]
(PetterKraabol)Twitch-Chat-Downloader/tcd/arguments.py:56: error: Incompatible types in assignment (expression has type "Union[str, bool, int]", variable has type "Optional[str]")  [assignment]
(PetterKraabol)Twitch-Chat-Downloader/tcd/arguments.py:57: error: Incompatible types in assignment (expression has type "Union[str, bool, int]", variable has type "Optional[int]")  [assignment]
(PetterKraabol)Twitch-Chat-Downloader/tcd/arguments.py:58: error: Incompatible types in assignment (expression has type "Union[str, bool, int]", variable has type "Optional[str]")  [assignment]
(PetterKraabol)Twitch-Chat-Downloader/tcd/arguments.py:59: error: Incompatible types in assignment (expression has type "Union[str, bool, int]", variable has type "Optional[str]")  [assignment]
(PetterKraabol)Twitch-Chat-Downloader/tcd/arguments.py:69: error: Item "bool" of "Union[str, bool, int]" has no attribute "lower"  [union-attr]
(PetterKraabol)Twitch-Chat-Downloader/tcd/arguments.py:69: error: Item "int" of "Union[str, bool, int]" has no attribute "lower"  [union-attr]
(PetterKraabol)Twitch-Chat-Downloader/tcd/arguments.py:73: error: Attribute 'formats' already defined on line 63  [no-redef]
(PetterKraabol)Twitch-Chat-Downloader/tcd/arguments.py:73: error: Item "bool" of "Union[str, bool, int]" has no attribute "lower"  [union-attr]
(PetterKraabol)Twitch-Chat-Downloader/tcd/arguments.py:73: error: Item "int" of "Union[str, bool, int]" has no attribute "lower"  [union-attr]
(PetterKraabol)Twitch-Chat-Downloader/tcd/arguments.py:77: error: Item "bool" of "Union[str, bool, int]" has no attribute "lower"  [union-attr]
(PetterKraabol)Twitch-Chat-Downloader/tcd/arguments.py:77: error: Item "int" of "Union[str, bool, int]" has no attribute "lower"  [union-attr]
(PetterKraabol)Twitch-Chat-Downloader/tcd/arguments.py:81: error: Item "bool" of "Union[str, bool, int]" has no attribute "lower"  [union-attr]
(PetterKraabol)Twitch-Chat-Downloader/tcd/arguments.py:81: error: Item "int" of "Union[str, bool, int]" has no attribute "lower"  [union-attr]
(PetterKraabol)Twitch-Chat-Downloader/tcd/settings.py:24: error: Argument 1 to "Path" has incompatible type "Optional[str]"; expected "Union[str, _PathLike[str]]"  [arg-type]
(PetterKraabol)Twitch-Chat-Downloader/tcd/settings.py:53: error: Argument 1 to "write" of "Settings" has incompatible type "Path"; expected "str"  [arg-type]
(PetterKraabol)Twitch-Chat-Downloader/tcd/settings.py:81: error: Argument 1 to "write" of "Settings" has incompatible type "Path"; expected "str"  [arg-type]
(PetterKraabol)Twitch-Chat-Downloader/tcd/settings.py:84: error: Argument 1 to "load" of "Settings" has incompatible type "Path"; expected "str"  [arg-type]
(PetterKraabol)Twitch-Chat-Downloader/tcd/settings.py:95: error: Argument 1 to "write" of "Settings" has incompatible type "Path"; expected "str"  [arg-type]
(PetterKraabol)Twitch-Chat-Downloader/tcd/settings.py:97: error: Argument 1 to "load" of "Settings" has incompatible type "Path"; expected "str"  [arg-type]
(PetterKraabol)Twitch-Chat-Downloader/tcd/settings.py:114: error: Argument 1 to "write" of "Settings" has incompatible type "Path"; expected "str"  [arg-type]
(PetterKraabol)Twitch-Chat-Downloader/tcd/downloader.py:77: error: Item "None" of "Optional[Match[str]]" has no attribute "groupdict"  [union-attr]
(PetterKraabol)Twitch-Chat-Downloader/tcd/downloader.py:150: error: Item "None" of "Optional[str]" has no attribute "lower"  [union-attr]
(PetterKraabol)Twitch-Chat-Downloader/tcd/__init__.py:11: error: Name '__name__' already defined (possibly by an import)  [no-redef]
(PetterKraabol)Twitch-Chat-Downloader/tcd/__init__.py:13: error: Type of __all__ must be "Sequence[str]", not "List[Callable[..., Any]]"  [misc]
Found 36 errors in 5 files (checked 13 source files)

[RRepo](lkorigin)laniakea-spark
(lkorigin)laniakea-spark/spark/runners/image_build.py:65: error: Not all arguments converted during string formatting  [str-format]
(lkorigin)laniakea-spark/spark/runners/image_build.py:138: error: Not all arguments converted during string formatting  [str-format]
Found 2 errors in 1 file (checked 16 source files)

[RRepo](miracle2k)k8s-snapshots

[RRepo](stadtgestalten)stadtgestalten
(stadtgestalten)stadtgestalten/core/views/__init__.py: error: Duplicate module named 'views' (also at '/home/bew/archive/typed_project/(stadtgestalten)stadtgestalten/features/stadt/views.py')  [misc]
Found 1 error in 1 file (checked 54 source files)

[RRepo](bokeh)bokeh
(bokeh)bokeh/bokeh/sphinxext/bokehjs_content.py:125: error: misplaced type annotation  [syntax]
Found 1 error in 1 file (checked 435 source files)

[RRepo](ekeih)OmNomNom
(ekeih)OmNomNom/backend/backend.py:21: error: Argument "port" to "Redis" has incompatible type "Union[str, int]"; expected "int"  [arg-type]
(ekeih)OmNomNom/backend/backend.py:21: error: Argument "db" to "Redis" has incompatible type "Union[str, int]"; expected "int"  [arg-type]

[RRepo](cprogrammer1994)ModernGL
(cprogrammer1994)ModernGL/examples/window/glfw/window.py: error: Duplicate module named 'window' (also at '/home/bew/archive/typed_project/(cprogrammer1994)ModernGL/examples/window/__init__.py')  [misc]
(cprogrammer1994)ModernGL/examples/window/glfw/window.py: error: Are you missing an __init__.py?  [misc]
Found 2 errors in 1 file (checked 150 source files)

[RRepo](getzze)gconnect
Success: no issues found in 5 source files

[RRepo](makerdao)maker.py
(makerdao)maker.py/tests/test_proxy.py:98: error: Name 'past_build' already defined on line 87  [no-redef]
(makerdao)maker.py/pymaker/proxy.py:129: error: Syntax error in type annotation  [syntax]
(makerdao)maker.py/pymaker/proxy.py:129: note: Suggestion: Use Tuple[T1, ..., Tn] instead of (T1, ..., Tn)
(makerdao)maker.py/pymaker/keys.py:43: error: Argument 2 to "register_key_file" has incompatible type "Optional[str]"; expected "str"  [arg-type]
(makerdao)maker.py/pymaker/token.py:35: error: Need type annotation for 'registry' (hint: "registry: Dict[<type>, <type>] = ...")  [var-annotated]
Found 4 errors in 4 files (checked 33 source files)

[RRepo](asphalt-framework)asphalt-wamp
Success: no issues found in 16 source files

[RRepo](pybel)pybel-tools
(pybel)pybel-tools/src/pybel_tools/selection/group_nodes.py:28: error: Need type annotation for 'result'  [var-annotated]
(pybel)pybel-tools/src/pybel_tools/selection/group_nodes.py:55: error: Incompatible redefinition (redefinition with type "Callable[[List[float]], float]", original type "Optional[Callable[[Iterable[X]], X]]")  [misc]
(pybel)pybel-tools/src/pybel_tools/selection/group_nodes.py:62: error: "None" not callable  [misc]
(pybel)pybel-tools/src/pybel_tools/selection/group_nodes.py:111: error: Need type annotation for 'parent_to_variants'  [var-annotated]
(pybel)pybel-tools/src/pybel_tools/selection/search.py:10: error: Relative import climbs too many namespaces  [misc]
(pybel)pybel-tools/src/pybel_tools/summary/error_summary.py:16: error: Relative import climbs too many namespaces  [misc]
(pybel)pybel-tools/src/pybel_tools/summary/error_summary.py:107: error: Need type annotation for 'missing'  [var-annotated]
(pybel)pybel-tools/src/pybel_tools/summary/error_summary.py:122: error: Need type annotation for 'results'  [var-annotated]
(pybel)pybel-tools/src/pybel_tools/summary/error_summary.py:144: error: Need type annotation for 'warning_summary'  [var-annotated]
(pybel)pybel-tools/src/pybel_tools/summary/node_properties.py:155: error: Need type annotation for 'rv'  [var-annotated]
(pybel)pybel-tools/src/pybel_tools/filters/node_filters.py:16: error: Relative import climbs too many namespaces  [misc]
(pybel)pybel-tools/src/pybel_tools/mutation/random.py:34: error: Module has no attribute "sample"  [attr-defined]
(pybel)pybel-tools/src/pybel_tools/mutation/random.py:56: error: Module has no attribute "sample"  [attr-defined]
(pybel)pybel-tools/src/pybel_tools/mutation/random.py:81: error: Module has no attribute "sample"  [attr-defined]
(pybel)pybel-tools/src/pybel_tools/mutation/random.py:97: error: Incompatible types in assignment (expression has type "float", variable has type "Optional[str]")  [assignment]
(pybel)pybel-tools/src/pybel_tools/mutation/random.py:98: error: Unsupported operand types for < ("int" and "str")  [operator]
(pybel)pybel-tools/src/pybel_tools/mutation/random.py:98: error: Unsupported operand types for < ("int" and "None")  [operator]
(pybel)pybel-tools/src/pybel_tools/mutation/random.py:98: note: Right operand is of type "Optional[str]"
(pybel)pybel-tools/src/pybel_tools/mutation/random.py:98: error: Unsupported operand types for >= ("int" and "None")  [operator]
(pybel)pybel-tools/src/pybel_tools/mutation/random.py:98: error: Unsupported operand types for <= ("str" and "int")  [operator]
(pybel)pybel-tools/src/pybel_tools/mutation/random.py:98: note: Left operand is of type "Optional[str]"
(pybel)pybel-tools/src/pybel_tools/mutation/random.py:108: error: Module has no attribute "sample"  [attr-defined]
(pybel)pybel-tools/src/pybel_tools/mutation/deletion.py:10: error: Relative import climbs too many namespaces  [misc]
(pybel)pybel-tools/src/pybel_tools/mutation/deletion.py:24: error: Need more than 1 value to unpack (2 expected)  [misc]
(pybel)pybel-tools/src/pybel_tools/mutation/deletion.py:25: error: Cannot determine type of 'u'  [has-type]
(pybel)pybel-tools/src/pybel_tools/mutation/deletion.py:25: error: Cannot determine type of 'v'  [has-type]
(pybel)pybel-tools/src/pybel_tools/mutation/deletion.py:33: error: Incompatible types in "yield" (actual type "Tuple[Any, Any]", expected type "Tuple[Any]")  [misc]
(pybel)pybel-tools/src/pybel_tools/analysis/rcr.py:50: error: Need type annotation for 'hypotheses'  [var-annotated]
(pybel)pybel-tools/src/pybel_tools/analysis/rcr.py:51: error: Need type annotation for 'increases'  [var-annotated]
(pybel)pybel-tools/src/pybel_tools/analysis/rcr.py:52: error: Need type annotation for 'decreases'  [var-annotated]
(pybel)pybel-tools/src/pybel_tools/analysis/rcr.py:66: error: Need type annotation for 'correct'  [var-annotated]
(pybel)pybel-tools/src/pybel_tools/analysis/rcr.py:68: error: Need type annotation for 'contra'  [var-annotated]
(pybel)pybel-tools/src/pybel_tools/analysis/rcr.py:70: error: Need type annotation for 'ambiguous'  [var-annotated]
(pybel)pybel-tools/src/pybel_tools/analysis/rcr.py:72: error: Need type annotation for 'missing'  [var-annotated]
(pybel)pybel-tools/src/pybel_tools/analysis/mechanisms.py:9: error: Relative import climbs too many namespaces  [misc]
(pybel)pybel-tools/src/pybel_tools/analysis/mechanisms.py:10: error: Relative import climbs too many namespaces  [misc]
(pybel)pybel-tools/src/pybel_tools/selection/paths.py:19: error: Relative import climbs too many namespaces  [misc]
(pybel)pybel-tools/src/pybel_tools/summary/edge_summary.py:43: error: Need type annotation for 'd'  [var-annotated]
(pybel)pybel-tools/src/pybel_tools/summary/edge_summary.py:141: error: Return value expected  [return-value]
(pybel)pybel-tools/src/pybel_tools/summary/composite_summary.py:5: error: Module '__future__' has no attribute 'annotations'  [attr-defined]
(pybel)pybel-tools/src/pybel_tools/summary/composite_summary.py:31: error: Relative import climbs too many namespaces  [misc]
(pybel)pybel-tools/src/pybel_tools/summary/subgraph_summary.py:13: error: Relative import climbs too many namespaces  [misc]
(pybel)pybel-tools/src/pybel_tools/summary/subgraph_summary.py:14: error: Relative import climbs too many namespaces  [misc]
(pybel)pybel-tools/src/pybel_tools/summary/subgraph_summary.py:15: error: Relative import climbs too many namespaces  [misc]
(pybel)pybel-tools/src/pybel_tools/summary/subgraph_summary.py:56: error: Need type annotation for 'sg2edge'  [var-annotated]
(pybel)pybel-tools/src/pybel_tools/dict_manager.py:23: error: Need type annotation for 'networks' (hint: "networks: Dict[<type>, <type>] = ...")  [var-annotated]
(pybel)pybel-tools/src/pybel_tools/dict_manager.py:24: error: Need type annotation for 'disease_to_id' (hint: "disease_to_id: Dict[<type>, <type>] = ...")  [var-annotated]
(pybel)pybel-tools/src/pybel_tools/dict_manager.py:25: error: Need type annotation for 'hash_to_node' (hint: "hash_to_node: Dict[<type>, <type>] = ...")  [var-annotated]
(pybel)pybel-tools/src/pybel_tools/summary/stability.py:19: error: Relative import climbs too many namespaces  [misc]
(pybel)pybel-tools/src/pybel_tools/summary/stability.py:20: error: Relative import climbs too many namespaces  [misc]
(pybel)pybel-tools/src/pybel_tools/summary/stability.py:54: error: Incompatible types in "yield" (actual type "Tuple[Any, Any, Tuple[Any, ...]]", expected type "Tuple[Any, Any, Tuple[str]]")  [misc]
(pybel)pybel-tools/src/pybel_tools/summary/provenance.py:21: error: Relative import climbs too many namespaces  [misc]
(pybel)pybel-tools/src/pybel_tools/summary/provenance.py:22: error: Relative import climbs too many namespaces  [misc]
(pybel)pybel-tools/src/pybel_tools/summary/provenance.py:49: error: Need type annotation for 'results'  [var-annotated]
(pybel)pybel-tools/src/pybel_tools/summary/provenance.py:105: error: Need type annotation for 'citations'  [var-annotated]
(pybel)pybel-tools/src/pybel_tools/summary/provenance.py:120: error: Need type annotation for 'citations'  [var-annotated]
(pybel)pybel-tools/src/pybel_tools/summary/provenance.py:225: error: Need type annotation for 'result'  [var-annotated]
(pybel)pybel-tools/src/pybel_tools/integration/overlay.py:17: error: Relative import climbs too many namespaces  [misc]
(pybel)pybel-tools/src/pybel_tools/integration/overlay.py:18: error: Relative import climbs too many namespaces  [misc]
(pybel)pybel-tools/src/pybel_tools/integration/overlay.py:119: error: Need type annotation for 'values'  [var-annotated]
(pybel)pybel-tools/src/pybel_tools/assembler/reified_graph/assembler.py:90: error: Incompatible return value type (got "Tuple[Any, ellipsis, bool, bool, Any]", expected "Optional[Tuple[Any, str, bool, bool, Any]]")  [return-value]
(pybel)pybel-tools/src/pybel_tools/assembler/reified_graph/assembler.py:108: error: Unsupported right operand type for in ("ellipsis")  [operator]
(pybel)pybel-tools/src/pybel_tools/assembler/reified_graph/assembler.py:120: error: Incompatible types in assignment (expression has type "str", base class "ReifiedConverter" defined the type as "ellipsis")  [assignment]
(pybel)pybel-tools/src/pybel_tools/assembler/reified_graph/assembler.py:130: error: Incompatible types in assignment (expression has type "List[str]", base class "PTMConverter" defined the type as "ellipsis")  [assignment]
(pybel)pybel-tools/src/pybel_tools/assembler/reified_graph/assembler.py:131: error: Incompatible types in assignment (expression has type "str", base class "ReifiedConverter" defined the type as "ellipsis")  [assignment]
(pybel)pybel-tools/src/pybel_tools/assembler/reified_graph/assembler.py:137: error: Incompatible types in assignment (expression has type "List[str]", base class "PTMConverter" defined the type as "ellipsis")  [assignment]
(pybel)pybel-tools/src/pybel_tools/assembler/reified_graph/assembler.py:141: error: Incompatible types in assignment (expression has type "str", base class "ReifiedConverter" defined the type as "ellipsis")  [assignment]
(pybel)pybel-tools/src/pybel_tools/assembler/reified_graph/assembler.py:147: error: Incompatible types in assignment (expression has type "str", base class "ReifiedConverter" defined the type as "ellipsis")  [assignment]
(pybel)pybel-tools/src/pybel_tools/assembler/reified_graph/assembler.py:162: error: Incompatible types in assignment (expression has type "str", base class "ReifiedConverter" defined the type as "ellipsis")  [assignment]
(pybel)pybel-tools/src/pybel_tools/assembler/reified_graph/assembler.py:176: error: Incompatible types in assignment (expression has type "str", base class "ReifiedConverter" defined the type as "ellipsis")  [assignment]
(pybel)pybel-tools/src/pybel_tools/assembler/reified_graph/assembler.py:191: error: Incompatible types in assignment (expression has type "List[str]", base class "PTMConverter" defined the type as "ellipsis")  [assignment]
(pybel)pybel-tools/src/pybel_tools/assembler/reified_graph/assembler.py:192: error: Incompatible types in assignment (expression has type "str", base class "ReifiedConverter" defined the type as "ellipsis")  [assignment]
(pybel)pybel-tools/src/pybel_tools/assembler/reified_graph/assembler.py:198: error: Incompatible types in assignment (expression has type "List[str]", base class "PTMConverter" defined the type as "ellipsis")  [assignment]
(pybel)pybel-tools/src/pybel_tools/assembler/reified_graph/assembler.py:199: error: Incompatible types in assignment (expression has type "str", base class "ReifiedConverter" defined the type as "ellipsis")  [assignment]
(pybel)pybel-tools/src/pybel_tools/assembler/reified_graph/assembler.py:226: error: Incompatible types in assignment (expression has type "str", base class "ReifiedConverter" defined the type as "ellipsis")  [assignment]
(pybel)pybel-tools/src/pybel_tools/assembler/reified_graph/assembler.py:241: error: Incompatible types in assignment (expression has type "List[str]", base class "PTMConverter" defined the type as "ellipsis")  [assignment]
(pybel)pybel-tools/src/pybel_tools/assembler/reified_graph/assembler.py:245: error: Incompatible types in assignment (expression has type "str", base class "ReifiedConverter" defined the type as "ellipsis")  [assignment]
(pybel)pybel-tools/src/pybel_tools/assembler/reified_graph/assembler.py:251: error: Incompatible types in assignment (expression has type "List[str]", base class "PTMConverter" defined the type as "ellipsis")  [assignment]
(pybel)pybel-tools/src/pybel_tools/assembler/reified_graph/assembler.py:252: error: Incompatible types in assignment (expression has type "str", base class "ReifiedConverter" defined the type as "ellipsis")  [assignment]
(pybel)pybel-tools/src/pybel_tools/assembler/reified_graph/assembler.py:258: error: Incompatible types in assignment (expression has type "List[str]", base class "PTMConverter" defined the type as "ellipsis")  [assignment]
(pybel)pybel-tools/src/pybel_tools/assembler/reified_graph/assembler.py:259: error: Incompatible types in assignment (expression has type "str", base class "ReifiedConverter" defined the type as "ellipsis")  [assignment]
(pybel)pybel-tools/src/pybel_tools/assembler/reified_graph/assembler.py:265: error: Incompatible types in assignment (expression has type "List[str]", base class "PTMConverter" defined the type as "ellipsis")  [assignment]
(pybel)pybel-tools/src/pybel_tools/assembler/reified_graph/assembler.py:270: error: Incompatible types in assignment (expression has type "str", base class "ReifiedConverter" defined the type as "ellipsis")  [assignment]
(pybel)pybel-tools/src/pybel_tools/assembler/reified_graph/assembler.py:276: error: Incompatible types in assignment (expression has type "List[str]", base class "PTMConverter" defined the type as "ellipsis")  [assignment]
(pybel)pybel-tools/src/pybel_tools/assembler/reified_graph/assembler.py:277: error: Incompatible types in assignment (expression has type "str", base class "ReifiedConverter" defined the type as "ellipsis")  [assignment]
(pybel)pybel-tools/src/pybel_tools/assembler/reified_graph/assembler.py:283: error: Incompatible types in assignment (expression has type "List[str]", base class "PTMConverter" defined the type as "ellipsis")  [assignment]
(pybel)pybel-tools/src/pybel_tools/assembler/reified_graph/assembler.py:284: error: Incompatible types in assignment (expression has type "str", base class "ReifiedConverter" defined the type as "ellipsis")  [assignment]
(pybel)pybel-tools/src/pybel_tools/assembler/reified_graph/assembler.py:290: error: Incompatible types in assignment (expression has type "List[str]", base class "PTMConverter" defined the type as "ellipsis")  [assignment]
(pybel)pybel-tools/src/pybel_tools/assembler/reified_graph/assembler.py:291: error: Incompatible types in assignment (expression has type "str", base class "ReifiedConverter" defined the type as "ellipsis")  [assignment]
(pybel)pybel-tools/src/pybel_tools/assembler/reified_graph/assembler.py:297: error: Incompatible types in assignment (expression has type "List[str]", base class "PTMConverter" defined the type as "ellipsis")  [assignment]
(pybel)pybel-tools/src/pybel_tools/assembler/reified_graph/assembler.py:298: error: Incompatible types in assignment (expression has type "str", base class "ReifiedConverter" defined the type as "ellipsis")  [assignment]
(pybel)pybel-tools/src/pybel_tools/assembler/reified_graph/assembler.py:304: error: Incompatible types in assignment (expression has type "List[str]", base class "PTMConverter" defined the type as "ellipsis")  [assignment]
(pybel)pybel-tools/src/pybel_tools/assembler/reified_graph/assembler.py:305: error: Incompatible types in assignment (expression has type "str", base class "ReifiedConverter" defined the type as "ellipsis")  [assignment]
(pybel)pybel-tools/src/pybel_tools/assembler/reified_graph/assembler.py:311: error: Incompatible types in assignment (expression has type "str", base class "ReifiedConverter" defined the type as "ellipsis")  [assignment]
(pybel)pybel-tools/src/pybel_tools/assembler/reified_graph/assembler.py:325: error: Incompatible types in assignment (expression has type "List[str]", base class "PTMConverter" defined the type as "ellipsis")  [assignment]
(pybel)pybel-tools/src/pybel_tools/assembler/reified_graph/assembler.py:329: error: Incompatible types in assignment (expression has type "str", base class "ReifiedConverter" defined the type as "ellipsis")  [assignment]
(pybel)pybel-tools/src/pybel_tools/assembler/reified_graph/assembler.py:335: error: Incompatible types in assignment (expression has type "List[str]", base class "PTMConverter" defined the type as "ellipsis")  [assignment]
(pybel)pybel-tools/src/pybel_tools/assembler/reified_graph/assembler.py:336: error: Incompatible types in assignment (expression has type "str", base class "ReifiedConverter" defined the type as "ellipsis")  [assignment]
(pybel)pybel-tools/src/pybel_tools/assembler/reified_graph/assembler.py:342: error: Incompatible types in assignment (expression has type "str", base class "ReifiedConverter" defined the type as "ellipsis")  [assignment]
(pybel)pybel-tools/src/pybel_tools/assembler/reified_graph/assembler.py:357: error: Incompatible types in assignment (expression has type "str", base class "ReifiedConverter" defined the type as "ellipsis")  [assignment]
(pybel)pybel-tools/src/pybel_tools/assembler/reified_graph/assembler.py:372: error: Incompatible types in assignment (expression has type "List[str]", base class "PTMConverter" defined the type as "ellipsis")  [assignment]
(pybel)pybel-tools/src/pybel_tools/assembler/reified_graph/assembler.py:377: error: Incompatible types in assignment (expression has type "str", base class "ReifiedConverter" defined the type as "ellipsis")  [assignment]
(pybel)pybel-tools/src/pybel_tools/assembler/reified_graph/assembler.py:380: error: Missing return statement  [return]
(pybel)pybel-tools/src/pybel_tools/assembler/reified_graph/assembler.py:425: error: Argument 1 to "map" has incompatible type "Callable[[Any, Any, str, Any], Optional[Tuple[Any, str, bool, bool, Any]]]"; expected "Callable[[Any], Optional[Tuple[Any, str, bool, bool, Any]]]"  [arg-type]
(pybel)pybel-tools/src/pybel_tools/assembler/reified_graph/assembler.py:428: error: 'None' object is not iterable  [misc]
(pybel)pybel-tools/src/pybel_tools/mutation/collapse.py:20: error: Relative import climbs too many namespaces  [misc]
(pybel)pybel-tools/src/pybel_tools/mutation/collapse.py:21: error: Relative import climbs too many namespaces  [misc]
(pybel)pybel-tools/src/pybel_tools/mutation/collapse.py:219: error: Need type annotation for 'survivor_mapping'  [var-annotated]
(pybel)pybel-tools/src/pybel_tools/mutation/collapse.py:220: error: Need type annotation for 'victims' (hint: "victims: Set[<type>] = ...")  [var-annotated]
(pybel)pybel-tools/src/pybel_tools/mutation/expansion.py:160: error: Need type annotation for 'result'  [var-annotated]
(pybel)pybel-tools/src/pybel_tools/analysis/neurommsig/algorithm.py:24: error: Relative import climbs too many namespaces  [misc]
(pybel)pybel-tools/src/pybel_tools/analysis/neurommsig/algorithm.py:82: error: Return value expected  [return-value]
(pybel)pybel-tools/src/pybel_tools/analysis/concordance.py:5: error: Module '__future__' has no attribute 'annotations'  [attr-defined]
(pybel)pybel-tools/src/pybel_tools/analysis/concordance.py:21: error: Relative import climbs too many namespaces  [misc]
(pybel)pybel-tools/src/pybel_tools/analysis/concordance.py:207: error: 'concordance.ConcordanceResult' object is not iterable  [misc]
(pybel)pybel-tools/src/pybel_tools/analysis/concordance.py:210: error: Cannot determine type of 'correct'  [has-type]
(pybel)pybel-tools/src/pybel_tools/analysis/concordance.py:210: error: Cannot determine type of 'incorrect'  [has-type]
(pybel)pybel-tools/src/pybel_tools/analysis/concordance.py:210: error: Cannot determine type of 'ambiguous'  [has-type]
(pybel)pybel-tools/src/pybel_tools/analysis/concordance.py:253: error: Name 'graph' already defined on line 224  [no-redef]
(pybel)pybel-tools/src/pybel_tools/analysis/causalr.py:23: error: Relative import climbs too many namespaces  [misc]
(pybel)pybel-tools/src/pybel_tools/analysis/causalr.py:24: error: Relative import climbs too many namespaces  [misc]
(pybel)pybel-tools/src/pybel_tools/definition_utils.py:57: error: Need type annotation for 'result' (hint: "result: Dict[<type>, <type>] = ...")  [var-annotated]
(pybel)pybel-tools/src/pybel_tools/definition_utils.py:59: error: Argument 1 to "update" of "dict" has incompatible type "str"; expected "Iterable[Tuple[Any, Any]]"  [arg-type]
(pybel)pybel-tools/src/pybel_tools/definition_utils.py:59: note: Following member(s) of "str" have conflicts:
(pybel)pybel-tools/src/pybel_tools/definition_utils.py:59: note:     Expected:
(pybel)pybel-tools/src/pybel_tools/definition_utils.py:59: note:         def __iter__(self) -> Iterator[Tuple[Any, Any]]
(pybel)pybel-tools/src/pybel_tools/definition_utils.py:59: note:     Got:
(pybel)pybel-tools/src/pybel_tools/definition_utils.py:59: note:         def __iter__(self) -> Iterator[str]
(pybel)pybel-tools/src/pybel_tools/definition_utils.py:59: error: Invalid index type "str" for "str"; expected type "Union[int, slice]"  [index]
(pybel)pybel-tools/src/pybel_tools/utils.py:37: error: Need type annotation for 'rv'  [var-annotated]
(pybel)pybel-tools/src/pybel_tools/utils.py:45: error: Need type annotation for 'rv'  [var-annotated]
(pybel)pybel-tools/src/pybel_tools/utils.py:169: error: Argument 1 to "len" has incompatible type "X"; expected "Sized"  [arg-type]
(pybel)pybel-tools/src/pybel_tools/utils.py:216: error: Incompatible types in assignment (expression has type "List[<nothing>]", variable has type "Tuple[Any, ...]")  [assignment]
(pybel)pybel-tools/src/pybel_tools/utils.py:234: error: Incompatible types in assignment (expression has type "List[str]", variable has type "Tuple[Any, ...]")  [assignment]
(pybel)pybel-tools/src/pybel_tools/utils.py:276: error: Argument "key" to "min" has incompatible type "Optional[Callable[[List[Any]], bool]]"; expected "Callable[[List[Any]], Any]"  [arg-type]
(pybel)pybel-tools/src/pybel_tools/utils.py:276: error: Argument "key" to "min" has incompatible type "Optional[Callable[[Tuple[Any, ...]], bool]]"; expected "Callable[[Tuple[Any, ...]], Any]"  [arg-type]
(pybel)pybel-tools/src/pybel_tools/analysis/spia.py:128: error: Incompatible types in assignment (expression has type "List[str]", variable has type "Set[str]")  [assignment]
(pybel)pybel-tools/src/pybel_tools/document_utils.py:63: error: Item "None" of "Optional[Element]" has no attribute "text"  [union-attr]
(pybel)pybel-tools/src/pybel_tools/document_utils.py:64: error: Item "None" of "Optional[Element]" has no attribute "text"  [union-attr]
(pybel)pybel-tools/src/pybel_tools/document_utils.py:81: error: Item "None" of "Optional[Element]" has no attribute "text"  [union-attr]
(pybel)pybel-tools/src/pybel_tools/document_utils.py:83: error: Item "None" of "Optional[Element]" has no attribute "text"  [union-attr]
(pybel)pybel-tools/src/pybel_tools/document_utils.py:83: error: Item "None" of "Union[str, None, Any]" has no attribute "strip"  [union-attr]
Found 135 errors in 27 files (checked 63 source files)

[RRepo](briancappello)flask-react-spa
(briancappello)flask-react-spa/backend/api/utils.py: error: Duplicate module named 'utils' (also at '/home/bew/archive/typed_project/(briancappello)flask-react-spa/backend/utils/__init__.py')  [misc]
Found 1 error in 1 file (checked 87 source files)

[RRepo](pypa)warehouse
(pypa)warehouse/tests/unit/legacy/api/test_pypi.py:20: error: Relative import climbs too many namespaces  [misc]
(pypa)warehouse/tests/unit/legacy/api/test_simple.py:19: error: Relative import climbs too many namespaces  [misc]
(pypa)warehouse/tests/unit/legacy/api/test_simple.py:20: error: Relative import climbs too many namespaces  [misc]
(pypa)warehouse/tests/unit/admin/views/test_journals.py:20: error: Relative import climbs too many namespaces  [misc]
(pypa)warehouse/tests/unit/admin/views/test_journals.py:21: error: Relative import climbs too many namespaces  [misc]
(pypa)warehouse/tests/unit/admin/views/test_squats.py:16: error: Relative import climbs too many namespaces  [misc]
(pypa)warehouse/tests/unit/admin/views/test_classifiers.py:20: error: Relative import climbs too many namespaces  [misc]
(pypa)warehouse/tests/unit/admin/test_flags.py:13: error: Relative import climbs too many namespaces  [misc]
(pypa)warehouse/tests/unit/utils/test_project.py:34: error: Relative import climbs too many namespaces  [misc]
(pypa)warehouse/tests/unit/utils/test_project.py:35: error: Relative import climbs too many namespaces  [misc]
(pypa)warehouse/tests/unit/packaging/test_views.py:21: error: Relative import climbs too many namespaces  [misc]
(pypa)warehouse/tests/unit/packaging/test_views.py:22: error: Relative import climbs too many namespaces  [misc]
(pypa)warehouse/tests/unit/packaging/test_views.py:23: error: Relative import climbs too many namespaces  [misc]
(pypa)warehouse/tests/unit/packaging/test_tasks.py:23: error: Relative import climbs too many namespaces  [misc]
(pypa)warehouse/tests/unit/packaging/test_models.py:23: error: Relative import climbs too many namespaces  [misc]
(pypa)warehouse/warehouse/csrf.py:43: error: "Callable[[Any, Any], Any]" has no attribute "options"  [attr-defined]
(pypa)warehouse/tests/unit/admin/views/test_users.py:26: error: Relative import climbs too many namespaces  [misc]
(pypa)warehouse/tests/unit/admin/views/test_users.py:27: error: Relative import climbs too many namespaces  [misc]
(pypa)warehouse/tests/unit/admin/views/test_emails.py:22: error: Relative import climbs too many namespaces  [misc]
(pypa)warehouse/tests/unit/macaroons/test_caveats.py:22: error: Relative import climbs too many namespaces  [misc]
(pypa)warehouse/tests/unit/utils/db/test_windowed_query.py:20: error: Relative import climbs too many namespaces  [misc]
(pypa)warehouse/warehouse/email/ses/models.py:245: error: Cannot determine type of 'created'  [has-type]
(pypa)warehouse/warehouse/logging.py:24: error: Name 'logging.Formatter' is not defined  [name-defined]
(pypa)warehouse/warehouse/db.py:36: error: Module has no attribute "getLogger"  [attr-defined]
(pypa)warehouse/warehouse/db.py:100: error: Cannot assign to a type  [misc]
(pypa)warehouse/warehouse/cli/__init__.py:46: error: Name '__path__' is not defined  [name-defined]
(pypa)warehouse/tests/unit/admin/views/test_blacklist.py:24: error: Relative import climbs too many namespaces  [misc]
(pypa)warehouse/tests/unit/admin/views/test_blacklist.py:25: error: Relative import climbs too many namespaces  [misc]
(pypa)warehouse/warehouse/sessions.py:335: error: "Callable[[Any, Any], Any]" has no attribute "options"  [attr-defined]
(pypa)warehouse/dev/notdatadog.py:41: error: Module has no attribute "parseargs"  [attr-defined]
(pypa)warehouse/dev/smtp.py:27: error: Module has no attribute "parseargs"  [attr-defined]
Found 31 errors in 23 files (checked 225 source files)

[RRepo](jpn--)larch
(jpn--)larch/larch/data_services/h5/h5data.py:3: error: No parent module -- cannot perform relative import  [misc]
Found 1 error in 1 file (checked 55 source files)

[RRepo](cbozi)edge-server-placement
(cbozi)edge-server-placement/src/utils.py:61: error: Bracketed expression "[...]" is not valid as a type  [misc]
(cbozi)edge-server-placement/src/utils.py:61: note: Did you mean "List[...]"?
(cbozi)edge-server-placement/src/utils.py:99: error: Incompatible types in assignment (expression has type "None", variable has type "BaseStation")  [assignment]
(cbozi)edge-server-placement/src/utils.py:119: error: Incompatible types in assignment (expression has type "None", variable has type "BaseStation")  [assignment]
(cbozi)edge-server-placement/src/utils.py:166: error: Need type annotation for 'distances' (hint: "distances: List[<type>] = ...")  [var-annotated]
(cbozi)edge-server-placement/src/run_and_print.py:42: error: Incompatible types in assignment (expression has type "KMeansServerPlacer", target has type "MIPServerPlacer")  [assignment]
(cbozi)edge-server-placement/src/run_and_print.py:43: error: Incompatible types in assignment (expression has type "TopKServerPlacer", target has type "MIPServerPlacer")  [assignment]
(cbozi)edge-server-placement/src/run_and_print.py:44: error: Incompatible types in assignment (expression has type "RandomServerPlacer", target has type "MIPServerPlacer")  [assignment]
(cbozi)edge-server-placement/src/run_and_print.py:61: error: Argument 1 to "run_with_parameters" has incompatible type "Dict[str, MIPServerPlacer]"; expected "Dict[str, ServerPlacer]"  [arg-type]
(cbozi)edge-server-placement/src/run_and_print.py:61: note: "Dict" is invariant -- see http://mypy.readthedocs.io/en/latest/common_issues.html#variance
(cbozi)edge-server-placement/src/run_and_print.py:61: note: Consider using "Mapping" instead, which is covariant in the value type
Found 8 errors in 2 files (checked 5 source files)

[RRepo](d10genes)pollen
(d10genes)pollen/util/junk.py:6: error: Name 'ends_with' is not defined  [name-defined]
(d10genes)pollen/util/junk.py:6: error: Name 'xdf' is not defined  [name-defined]
(d10genes)pollen/util/junk.py:7: error: Name 'ends_with' is not defined  [name-defined]
(d10genes)pollen/util/junk.py:7: error: Name 'xdf' is not defined  [name-defined]
(d10genes)pollen/util/junk.py:9: error: Name 'xdf' is not defined  [name-defined]
(d10genes)pollen/util/junk.py:15: error: Name 'impute' is not defined  [name-defined]
(d10genes)pollen/util/junk.py:17: error: Name 'np' is not defined  [name-defined]
(d10genes)pollen/util/junk.py:26: error: Name 'select_features' is not defined  [name-defined]
(d10genes)pollen/util/junk.py:29: error: Name 'load_robot_execution_failures' is not defined  [name-defined]
(d10genes)pollen/util/junk.py:36: error: Name 'np' is not defined  [name-defined]
(d10genes)pollen/util/junk.py:53: error: Name 'get_batch' already defined on line 36  [no-redef]
(d10genes)pollen/util/junk.py:117: error: "Callable[[Any, Any, Any, Any, Any, Any], Any]" has no attribute "mnorm"  [attr-defined]
(d10genes)pollen/util/junk.py:157: error: "Callable[[Any, Any, Any, Any, Any, Any, Any], Any]" has no attribute "mnorm"  [attr-defined]
(d10genes)pollen/util/junk.py:186: error: Name 'ddf' is not defined  [name-defined]
(d10genes)pollen/util/junk.py:186: error: Name 'null_col' is not defined  [name-defined]
(d10genes)pollen/util/junk.py:187: error: Name 'null_col' is not defined  [name-defined]
(d10genes)pollen/util/junk.py:189: error: Name 'RandomForestRegressor' is not defined  [name-defined]
(d10genes)pollen/util/junk.py:198: error: Name 'pred' is not defined  [name-defined]
(d10genes)pollen/util/utils.py:107: error: "Callable[[Any, Any, Any], Any]" has no attribute "diff"  [attr-defined]
(d10genes)pollen/util/utils.py:233: error: Bracketed expression "[...]" is not valid as a type  [misc]
(d10genes)pollen/util/utils.py:233: note: Did you mean "List[...]"?
(d10genes)pollen/util/utils.py:244: error: Bracketed expression "[...]" is not valid as a type  [misc]
(d10genes)pollen/util/utils.py:244: note: Did you mean "List[...]"?
(d10genes)pollen/util/pollen_utils.py:23: error: Syntax error in type annotation  [syntax]
(d10genes)pollen/util/pollen_utils.py:23: note: Suggestion: Use Tuple[T1, ..., Tn] instead of (T1, ..., Tn)
(d10genes)pollen/util/pollen_utils.py:23: error: Name 'date' is not defined  [name-defined]
(d10genes)pollen/util/pollen_utils.py:23: error: Name 'pollen_ct' is not defined  [name-defined]
(d10genes)pollen/util/pollen_utils.py:33: error: Syntax error in type annotation  [syntax]
(d10genes)pollen/util/pollen_utils.py:33: note: Suggestion: Use Tuple[T1, ..., Tn] instead of (T1, ..., Tn)
(d10genes)pollen/util/pollen_utils.py:33: error: Name 'date' is not defined  [name-defined]
(d10genes)pollen/util/pollen_utils.py:33: error: Name 'pollen_ct' is not defined  [name-defined]

[RRepo](Ameriks)velo.lv
(Ameriks)velo.lv/velo/taskapp/celery.py:2: error: Module 'celery' has no attribute 'Celery'  [attr-defined]
(Ameriks)velo.lv/velo/registration/tables.py:93: error: Incompatible types in assignment (expression has type "Tuple[str, str, str, str, str]", base class "Meta" defined the type as "Tuple[str, str, str, str]")  [assignment]
(Ameriks)velo.lv/velo/registration/tables.py:94: error: Incompatible types in assignment (expression has type "Tuple[str, str, str, str, str, str, str]", base class "Meta" defined the type as "Tuple[str, str, str, str, str, str]")  [assignment]
(Ameriks)velo.lv/velo/registration/tables.py:102: error: Incompatible types in assignment (expression has type "Tuple[str, str, str, str, str, str]", base class "Meta" defined the type as "Tuple[str, str, str, str]")  [assignment]
(Ameriks)velo.lv/velo/registration/tables.py:103: error: Incompatible types in assignment (expression has type "Tuple[str, str, str, str, str, str, str, str]", base class "Meta" defined the type as "Tuple[str, str, str, str, str, str]")  [assignment]
(Ameriks)velo.lv/velo/registration/tables.py:112: error: Incompatible types in assignment (expression has type "Tuple[str, str, str, str, str, str, str, str]", base class "Meta" defined the type as "Tuple[str, str, str, str, str, str]")  [assignment]
(Ameriks)velo.lv/velo/registration/tables.py:113: error: Incompatible types in assignment (expression has type "Tuple[str, str]", base class "Meta" defined the type as "str")  [assignment]
(Ameriks)velo.lv/velo/registration/tables.py:121: error: Incompatible types in assignment (expression has type "Tuple[str, str, str, str, str, str, str, str]", base class "Meta" defined the type as "Tuple[str, str, str, str, str, str]")  [assignment]
(Ameriks)velo.lv/velo/registration/tables.py:122: error: Incompatible types in assignment (expression has type "Tuple[str, str]", base class "Meta" defined the type as "str")  [assignment]
(Ameriks)velo.lv/velo/registration/tables.py:135: error: Incompatible types in assignment (expression has type "Tuple[str, str, str, str, str, str, str, str]", base class "Meta" defined the type as "Tuple[str, str, str, str, str, str]")  [assignment]
(Ameriks)velo.lv/velo/registration/tables.py:136: error: Incompatible types in assignment (expression has type "Tuple[str, str, str]", base class "Meta" defined the type as "str")  [assignment]

[RRepo](difu)tnsmaster
(difu)tnsmaster/tnsnames/tnsnamesparserewithexception.py:8: error: Name 'TokenStream' is not defined  [name-defined]

[RRepo](QudevETH)PycQED_py3
(QudevETH)PycQED_py3/pycqed/measurement/distortions/module_scope.py:53: error: invalid syntax  [syntax]
Found 1 error in 1 file (checked 172 source files)

[RRepo](DwangoMediaVillage)pqkmeans
(DwangoMediaVillage)pqkmeans/pqkmeans/clustering/bkmeans.py:13: error: Name 'Any' is not defined  [name-defined]
(DwangoMediaVillage)pqkmeans/pqkmeans/clustering/bkmeans.py:13: note: Did you forget to import it from "typing"? (Suggestion: "from typing import Any")
(DwangoMediaVillage)pqkmeans/pqkmeans/clustering/bkmeans.py:23: error: Name 'Any' is not defined  [name-defined]
(DwangoMediaVillage)pqkmeans/pqkmeans/clustering/bkmeans.py:23: note: Did you forget to import it from "typing"? (Suggestion: "from typing import Any")
(DwangoMediaVillage)pqkmeans/pqkmeans/clustering/cpp_implemented_clustering_sample.py:13: error: Name 'Any' is not defined  [name-defined]
(DwangoMediaVillage)pqkmeans/pqkmeans/clustering/cpp_implemented_clustering_sample.py:13: note: Did you forget to import it from "typing"? (Suggestion: "from typing import Any")
(DwangoMediaVillage)pqkmeans/pqkmeans/clustering/cpp_implemented_clustering_sample.py:18: error: Name 'Any' is not defined  [name-defined]
(DwangoMediaVillage)pqkmeans/pqkmeans/clustering/cpp_implemented_clustering_sample.py:18: note: Did you forget to import it from "typing"? (Suggestion: "from typing import Any")
(DwangoMediaVillage)pqkmeans/pqkmeans/clustering/cpp_implemented_clustering_sample.py:28: error: Name 'Any' is not defined  [name-defined]
(DwangoMediaVillage)pqkmeans/pqkmeans/clustering/cpp_implemented_clustering_sample.py:28: note: Did you forget to import it from "typing"? (Suggestion: "from typing import Any")
(DwangoMediaVillage)pqkmeans/pqkmeans/clustering/pqkmeans.py:27: error: Name 'Any' is not defined  [name-defined]
(DwangoMediaVillage)pqkmeans/pqkmeans/clustering/pqkmeans.py:27: note: Did you forget to import it from "typing"? (Suggestion: "from typing import Any")
(DwangoMediaVillage)pqkmeans/pqkmeans/clustering/pure_python_clustering_sample.py:22: error: "Iterable[float]" has no attribute "shape"  [attr-defined]
(DwangoMediaVillage)pqkmeans/pqkmeans/clustering/pure_python_clustering_sample.py:22: error: "Iterable[float]" has no attribute "dtype"  [attr-defined]
(DwangoMediaVillage)pqkmeans/pqkmeans/clustering/pure_python_clustering_sample.py:31: error: Name 'Any' is not defined  [name-defined]
(DwangoMediaVillage)pqkmeans/pqkmeans/clustering/pure_python_clustering_sample.py:31: note: Did you forget to import it from "typing"? (Suggestion: "from typing import Any")
(DwangoMediaVillage)pqkmeans/pqkmeans/clustering/pure_python_clustering_sample.py:44: error: Name 'Any' is not defined  [name-defined]
(DwangoMediaVillage)pqkmeans/pqkmeans/clustering/pure_python_clustering_sample.py:44: note: Did you forget to import it from "typing"? (Suggestion: "from typing import Any")
(DwangoMediaVillage)pqkmeans/pqkmeans/encoder/encoder_sample.py:14: error: Name 'Any' is not defined  [name-defined]
(DwangoMediaVillage)pqkmeans/pqkmeans/encoder/encoder_sample.py:14: note: Did you forget to import it from "typing"? (Suggestion: "from typing import Any")
(DwangoMediaVillage)pqkmeans/pqkmeans/encoder/encoder_sample.py:19: error: Name 'Any' is not defined  [name-defined]
(DwangoMediaVillage)pqkmeans/pqkmeans/encoder/encoder_sample.py:19: note: Did you forget to import it from "typing"? (Suggestion: "from typing import Any")
(DwangoMediaVillage)pqkmeans/pqkmeans/encoder/encoder_base.py:11: error: Name 'Any' is not defined  [name-defined]
(DwangoMediaVillage)pqkmeans/pqkmeans/encoder/encoder_base.py:11: note: Did you forget to import it from "typing"? (Suggestion: "from typing import Any")
(DwangoMediaVillage)pqkmeans/pqkmeans/encoder/encoder_base.py:15: error: Name 'Any' is not defined  [name-defined]
(DwangoMediaVillage)pqkmeans/pqkmeans/encoder/encoder_base.py:15: note: Did you forget to import it from "typing"? (Suggestion: "from typing import Any")
(DwangoMediaVillage)pqkmeans/pqkmeans/encoder/encoder_base.py:24: error: Name 'Any' is not defined  [name-defined]
(DwangoMediaVillage)pqkmeans/pqkmeans/encoder/encoder_base.py:24: note: Did you forget to import it from "typing"? (Suggestion: "from typing import Any")
(DwangoMediaVillage)pqkmeans/pqkmeans/encoder/encoder_base.py:29: error: Name 'Any' is not defined  [name-defined]
(DwangoMediaVillage)pqkmeans/pqkmeans/encoder/encoder_base.py:29: note: Did you forget to import it from "typing"? (Suggestion: "from typing import Any")
(DwangoMediaVillage)pqkmeans/pqkmeans/encoder/encoder_base.py:34: error: Name 'Any' is not defined  [name-defined]
(DwangoMediaVillage)pqkmeans/pqkmeans/encoder/encoder_base.py:34: note: Did you forget to import it from "typing"? (Suggestion: "from typing import Any")
(DwangoMediaVillage)pqkmeans/pqkmeans/encoder/pq_encoder.py:14: error: Name 'PQEncoder.TrainedPQEncoder' is not defined  [name-defined]
(DwangoMediaVillage)pqkmeans/pqkmeans/encoder/pq_encoder.py:22: error: Incompatible types in assignment (expression has type "int", variable has type "None")  [assignment]
(DwangoMediaVillage)pqkmeans/pqkmeans/encoder/pq_encoder.py:27: error: Unsupported operand types for * ("int" and "None")  [operator]
(DwangoMediaVillage)pqkmeans/pqkmeans/encoder/pq_encoder.py:31: error: Name 'Any' is not defined  [name-defined]
(DwangoMediaVillage)pqkmeans/pqkmeans/encoder/pq_encoder.py:31: note: Did you forget to import it from "typing"? (Suggestion: "from typing import Any")
(DwangoMediaVillage)pqkmeans/pqkmeans/encoder/pq_encoder.py:36: error: Name 'Any' is not defined  [name-defined]
(DwangoMediaVillage)pqkmeans/pqkmeans/encoder/pq_encoder.py:36: note: Did you forget to import it from "typing"? (Suggestion: "from typing import Any")
(DwangoMediaVillage)pqkmeans/pqkmeans/encoder/itq_encoder.py:27: error: Incompatible types in assignment (expression has type "None", variable has type "TrainedITQEncoder")  [assignment]
(DwangoMediaVillage)pqkmeans/pqkmeans/encoder/itq_encoder.py:71: error: Name 'Any' is not defined  [name-defined]
(DwangoMediaVillage)pqkmeans/pqkmeans/encoder/itq_encoder.py:71: note: Did you forget to import it from "typing"? (Suggestion: "from typing import Any")
(DwangoMediaVillage)pqkmeans/pqkmeans/encoder/itq_encoder.py:76: error: Name 'Any' is not defined  [name-defined]
(DwangoMediaVillage)pqkmeans/pqkmeans/encoder/itq_encoder.py:76: note: Did you forget to import it from "typing"? (Suggestion: "from typing import Any")
(DwangoMediaVillage)pqkmeans/pqkmeans/encoder/itq_encoder.py:78: error: Exception must be derived from BaseException  [misc]
(DwangoMediaVillage)pqkmeans/test/clustering/test_bkmeans.py:8: error: Name 'Any' is not defined  [name-defined]
(DwangoMediaVillage)pqkmeans/test/clustering/test_bkmeans.py:8: note: Did you forget to import it from "typing"? (Suggestion: "from typing import Any")
Found 27 errors in 9 files (checked 17 source files)

[RRepo](rwengine)openrw
Success: no issues found in 4 source files

[RRepo](Brutus5000)BiReUS
(Brutus5000)BiReUS/bireus/shared/diff_item.py:71: error: "Sequence[str]" has no attribute "append"  [attr-defined]

[RRepo](leios)algorithm-archive
Success: no issues found in 16 source files

[RRepo](datawire)telepresence
(datawire)telepresence/k8s-proxy/resolver.py:110: error: On Python 3 '{}'.format(b'abc') produces "b'abc'"; use !r if this is a desired behavior  [str-bytes-safe]
Found 1 error in 1 file (checked 44 source files)

[RRepo](zeffii)TubeTool

[RRepo](HumanCompatibleAI)imitation
(HumanCompatibleAI)imitation/src/imitation/util/buffer.py:117: error: Unsupported operand types for > ("List[Any]" and "int")  [operator]
(HumanCompatibleAI)imitation/src/imitation/util/buffer.py:124: error: Unsupported operand types for + ("int" and "List[Any]")  [operator]
(HumanCompatibleAI)imitation/src/imitation/util/buffer.py:152: error: Unsupported operand types for <= ("List[Any]" and "int")  [operator]
(HumanCompatibleAI)imitation/src/imitation/util/buffer.py:153: error: Unsupported operand types for + ("int" and "List[Any]")  [operator]
(HumanCompatibleAI)imitation/src/imitation/util/buffer.py:157: error: Unsupported operand types for + ("int" and "List[Any]")  [operator]
(HumanCompatibleAI)imitation/src/imitation/util/buffer.py:235: error: Argument "sample_shapes" to "Buffer" has incompatible type "Dict[str, Optional[Tuple[int, ...]]]"; expected "Dict[str, Tuple[int, ...]]"  [arg-type]
(HumanCompatibleAI)imitation/src/imitation/scripts/data_collect.py:83: error: Argument 1 to "join" has incompatible type "Optional[str]"; expected "Union[str, _PathLike[str]]"  [arg-type]
(HumanCompatibleAI)imitation/src/imitation/scripts/data_collect.py:86: error: Argument 1 to "join" has incompatible type "Optional[str]"; expected "Union[str, _PathLike[str]]"  [arg-type]
(HumanCompatibleAI)imitation/src/imitation/scripts/data_collect.py:87: error: Argument 1 to "join" has incompatible type "Optional[str]"; expected "Union[str, _PathLike[str]]"  [arg-type]
(HumanCompatibleAI)imitation/src/imitation/util/serialize.py:66: error: "T" has no attribute "load_parameters"  [attr-defined]
(HumanCompatibleAI)imitation/tests/test_envs.py:14: error: Need type annotation for 'DETERMINISTIC_ENVS' (hint: "DETERMINISTIC_ENVS: List[<type>] = ...")  [var-annotated]
(HumanCompatibleAI)imitation/src/imitation/util/util.py:132: error: Name 'layer' already defined on line 126  [no-redef]
(HumanCompatibleAI)imitation/src/imitation/scripts/train.py:117: error: Need type annotation for 'gen_data'  [var-annotated]
(HumanCompatibleAI)imitation/src/imitation/scripts/train.py:118: error: Need type annotation for 'disc_data'  [var-annotated]
(HumanCompatibleAI)imitation/src/imitation/scripts/train.py:148: error: Need type annotation for 'gen_ep_reward'  [var-annotated]
(HumanCompatibleAI)imitation/src/imitation/scripts/train.py:149: error: Need type annotation for 'rand_ep_reward'  [var-annotated]
(HumanCompatibleAI)imitation/src/imitation/scripts/train.py:150: error: Need type annotation for 'exp_ep_reward'  [var-annotated]
(HumanCompatibleAI)imitation/src/imitation/scripts/train.py:189: error: Incompatible types in assignment (expression has type "None", variable has type "float")  [assignment]
(HumanCompatibleAI)imitation/src/imitation/trainer.py:263: error: Argument 1 to "len" has incompatible type "Optional[Any]"; expected "Sized"  [arg-type]
(HumanCompatibleAI)imitation/src/imitation/trainer.py:267: error: Argument 1 to "len" has incompatible type "Optional[Any]"; expected "Sized"  [arg-type]
(HumanCompatibleAI)imitation/src/imitation/trainer.py:268: error: Argument 1 to "len" has incompatible type "Optional[Any]"; expected "Sized"  [arg-type]
Found 21 errors in 7 files (checked 39 source files)

[RRepo](schrockn)graphscale
(schrockn)graphscale/graphscale/grapple/enum.py:26: error: Incompatible return value type (got "None", expected "Enum")  [return-value]
(schrockn)graphscale/graphscale/grapple/graphql_printer.py:139: error: Item "None" of "Optional[Any]" has no attribute "name"  [union-attr]
(schrockn)graphscale/graphscale/grapple/graphql_printer.py:141: error: Item "None" of "Optional[Any]" has no attribute "type_ref"  [union-attr]
(schrockn)graphscale/graphscale/grapple/graphql_printer.py:144: error: Item "None" of "Optional[Any]" has no attribute "type_ref"  [union-attr]
(schrockn)graphscale/graphscale/pent.py:116: error: Incompatible return value type (got "None", expected "TPent")  [return-value]
(schrockn)graphscale/graphscale/pent.py:154: error: Incompatible return value type (got "None", expected "TPent")  [return-value]
(schrockn)graphscale/graphscale/pent.py:176: error: Incompatible return value type (got "None", expected "Pent")  [return-value]
(schrockn)graphscale/graphscale/pent.py:226: error: Incompatible types in assignment (expression has type "None", target has type "Pent")  [assignment]
(schrockn)graphscale/graphscale/kvetch/memshard.py:139: error: Argument 1 to "__get_after_index" of "KvetchMemShard" has incompatible type "Optional[List[Dict[Any, Any]]]"; expected "List[Dict[Any, Any]]"  [arg-type]
(schrockn)graphscale/graphscale/kvetch/memshard.py:140: error: Value of type "Optional[List[Dict[Any, Any]]]" is not indexable  [index]
(schrockn)graphscale/graphscale/kvetch/memshard.py:142: error: Value of type "Optional[List[Dict[Any, Any]]]" is not indexable  [index]
(schrockn)graphscale/graphscale/kvetch/memshard.py:150: error: Item "None" of "Optional[List[Dict[Any, Any]]]" has no attribute "__iter__" (not iterable)  [union-attr]
(schrockn)graphscale/tests/test_redis.py:21: error: Argument 1 to "set" of "Redis" has incompatible type "UUID"; expected "Union[str, bytes]"  [arg-type]
(schrockn)graphscale/tests/test_redis.py:22: error: Argument 1 to "get" of "Redis" has incompatible type "UUID"; expected "Union[str, bytes]"  [arg-type]
(schrockn)graphscale/graphscale/kvetch/dbshard.py:20: error: Variable "pymysql.Connection" is not valid as a type  [valid-type]
(schrockn)graphscale/graphscale/kvetch/dbshard.py:114: error: Argument 4 to "_kv_shard_get_edges" has incompatible type "Optional[UUID]"; expected "UUID"  [arg-type]
(schrockn)graphscale/graphscale/kvetch/dbshard.py:114: error: Argument 5 to "_kv_shard_get_edges" has incompatible type "Optional[int]"; expected "int"  [arg-type]
(schrockn)graphscale/graphscale/kvetch/dbshard.py:137: error: Variable "pymysql.Connection" is not valid as a type  [valid-type]
(schrockn)graphscale/graphscale/kvetch/dbshard.py:153: error: pymysql.Connection? has no attribute "cursor"  [attr-defined]
(schrockn)graphscale/graphscale/kvetch/dbshard.py:162: error: Variable "pymysql.Connection" is not valid as a type  [valid-type]
(schrockn)graphscale/graphscale/kvetch/dbshard.py:167: error: Variable "pymysql.Connection" is not valid as a type  [valid-type]
(schrockn)graphscale/graphscale/kvetch/dbshard.py:172: error: pymysql.Connection? has no attribute "cursor"  [attr-defined]
(schrockn)graphscale/graphscale/kvetch/dbshard.py:184: error: Variable "pymysql.Connection" is not valid as a type  [valid-type]
(schrockn)graphscale/graphscale/kvetch/dbshard.py:186: error: pymysql.Connection? has no attribute "cursor"  [attr-defined]
(schrockn)graphscale/graphscale/kvetch/dbshard.py:198: error: Variable "pymysql.Connection" is not valid as a type  [valid-type]
(schrockn)graphscale/graphscale/kvetch/dbshard.py:210: error: pymysql.Connection? has no attribute "cursor"  [attr-defined]
(schrockn)graphscale/graphscale/kvetch/dbshard.py:216: error: Variable "pymysql.Connection" is not valid as a type  [valid-type]
(schrockn)graphscale/graphscale/kvetch/dbshard.py:219: error: pymysql.Connection? has no attribute "cursor"  [attr-defined]
(schrockn)graphscale/graphscale/kvetch/dbshard.py:223: error: Variable "pymysql.Connection" is not valid as a type  [valid-type]
(schrockn)graphscale/graphscale/kvetch/dbshard.py:225: error: pymysql.Connection? has no attribute "cursor"  [attr-defined]
(schrockn)graphscale/graphscale/kvetch/dbshard.py:239: error: Variable "pymysql.Connection" is not valid as a type  [valid-type]
(schrockn)graphscale/graphscale/kvetch/dbshard.py:248: error: pymysql.Connection? has no attribute "cursor"  [attr-defined]
(schrockn)graphscale/graphscale/kvetch/dbshard.py:253: error: Variable "pymysql.Connection" is not valid as a type  [valid-type]
(schrockn)graphscale/graphscale/kvetch/dbshard.py:266: error: pymysql.Connection? has no attribute "cursor"  [attr-defined]
(schrockn)graphscale/graphscale/kvetch/dbshard.py:271: error: Variable "pymysql.Connection" is not valid as a type  [valid-type]
(schrockn)graphscale/graphscale/kvetch/dbshard.py:277: error: pymysql.Connection? has no attribute "cursor"  [attr-defined]
(schrockn)graphscale/graphscale/kvetch/dbshard.py:282: error: Variable "pymysql.Connection" is not valid as a type  [valid-type]
(schrockn)graphscale/graphscale/kvetch/dbshard.py:297: error: pymysql.Connection? has no attribute "cursor"  [attr-defined]
(schrockn)graphscale/graphscale/kvetch/dbshard.py:313: error: Variable "pymysql.Connection" is not valid as a type  [valid-type]
(schrockn)graphscale/graphscale/kvetch/dbshard.py:319: error: pymysql.Connection? has no attribute "cursor"  [attr-defined]
(schrockn)graphscale/graphscale/sql.py:16: error: Variable "pymysql.Connection" is not valid as a type  [valid-type]
(schrockn)graphscale/graphscale/sql.py:29: error: Variable "pymysql.Connection" is not valid as a type  [valid-type]
(schrockn)graphscale/graphscale/sql.py:32: error: pymysql.Connection? has no attribute "close"  [attr-defined]
Found 43 errors in 7 files (checked 31 source files)

[RRepo](irmen)synthesizer
(irmen)synthesizer/synthplayer/playback.py:17: error: No parent module -- cannot perform relative import  [misc]
Found 1 error in 1 file (checked 13 source files)

[RRepo](borevitzlab)spc-eyepi
(borevitzlab)spc-eyepi/ansible/plugins/callback_plugins/human_log.py:21: error: Name 'reload' is not defined  [name-defined]
(borevitzlab)spc-eyepi/ansible/plugins/callback_plugins/human_log.py:22: error: Module has no attribute "setdefaultencoding"; maybe "getdefaultencoding"?  [attr-defined]
(borevitzlab)spc-eyepi/ansible/plugins/callback_plugins/human_log.py:27: error: Name 'json' already defined (by an import)  [no-redef]
(borevitzlab)spc-eyepi/libs/CryptUtil.py:11: error: Module 'cryptography' has no attribute 'utils'  [attr-defined]
(borevitzlab)spc-eyepi/libs/CryptUtil.py:37: error: Incompatible types in assignment (expression has type "str", variable has type "bytes")  [assignment]
(borevitzlab)spc-eyepi/libs/CryptUtil.py:38: error: Incompatible types in assignment (expression has type "str", variable has type "bytes")  [assignment]
(borevitzlab)spc-eyepi/libs/CryptUtil.py:38: error: Argument 1 to "fill" has incompatible type "bytes"; expected "str"  [arg-type]
(borevitzlab)spc-eyepi/libs/CryptUtil.py:39: error: On Python 3 '{}'.format(b'abc') produces "b'abc'"; use !r if this is a desired behavior  [str-bytes-safe]
(borevitzlab)spc-eyepi/libs/CryptUtil.py:50: error: "RSAPublicNumbers" has no attribute "e"  [attr-defined]
(borevitzlab)spc-eyepi/libs/CryptUtil.py:51: error: "RSAPublicNumbers" has no attribute "n"  [attr-defined]
(borevitzlab)spc-eyepi/libs/Updater.py:17: error: Module 'dateutil' has no attribute 'zoneinfo'  [attr-defined]
(borevitzlab)spc-eyepi/libs/Updater.py:98: error: "bytes" has no attribute "is_published"  [attr-defined]
Found 12 errors in 3 files (checked 7 source files)

[RRepo](smashwilson)slack-emojinator
(smashwilson)slack-emojinator/upload.py:16: error: Cannot determine type of 'raw_input'  [has-type]
Found 1 error in 1 file (checked 2 source files)

[RRepo](peer23peer)pymech
(peer23peer)pymech/pymech/fmt/Geometry.py:7: error: Need type annotation for 'points' (hint: "points: List[<type>] = ...")  [var-annotated]
(peer23peer)pymech/pymech/materials/Fluid.py:9: error: Name 'ureg' is not defined  [name-defined]
(peer23peer)pymech/pymech/materials/Fluid.py:10: error: Name 'ureg' is not defined  [name-defined]
(peer23peer)pymech/pymech/materials/Fluid.py:11: error: Name 'ureg' is not defined  [name-defined]
(peer23peer)pymech/pymech/materials/Fluid.py:12: error: Name 'ureg' is not defined  [name-defined]
(peer23peer)pymech/pymech/materials/Fluid.py:13: error: Name 'ureg' is not defined  [name-defined]
(peer23peer)pymech/pymech/materials/Fluid.py:14: error: Name 'ureg' is not defined  [name-defined]
(peer23peer)pymech/pymech/materials/Fluid.py:15: error: Name 'ureg' is not defined  [name-defined]
(peer23peer)pymech/pymech/materials/Fluid.py:16: error: Name 'ureg' is not defined  [name-defined]
(peer23peer)pymech/pymech/materials/Fluid.py:17: error: Name 'ureg' is not defined  [name-defined]
(peer23peer)pymech/pymech/materials/Fluid.py:18: error: Name 'ureg' is not defined  [name-defined]
(peer23peer)pymech/pymech/materials/Fluid.py:19: error: Name 'ureg' is not defined  [name-defined]
(peer23peer)pymech/pymech/materials/Fluid.py:20: error: Name 'ureg' is not defined  [name-defined]
(peer23peer)pymech/pymech/materials/Fluid.py:21: error: Name 'ureg' is not defined  [name-defined]
(peer23peer)pymech/pymech/materials/Fluid.py:22: error: Name 'ureg' is not defined  [name-defined]
(peer23peer)pymech/pymech/materials/Fluid.py:23: error: Name 'ureg' is not defined  [name-defined]
(peer23peer)pymech/pymech/materials/Fluid.py:24: error: Name 'ureg' is not defined  [name-defined]
(peer23peer)pymech/pymech/materials/Fluid.py:25: error: Name 'ureg' is not defined  [name-defined]
(peer23peer)pymech/pymech/materials/Fluid.py:26: error: Name 'ureg' is not defined  [name-defined]
(peer23peer)pymech/pymech/materials/Fluid.py:27: error: Name 'ureg' is not defined  [name-defined]
(peer23peer)pymech/pymech/materials/Fluid.py:28: error: Name 'ureg' is not defined  [name-defined]
(peer23peer)pymech/pymech/materials/Fluid.py:29: error: Name 'ureg' is not defined  [name-defined]
(peer23peer)pymech/pymech/materials/Fluid.py:31: error: Name 'ureg' is not defined  [name-defined]
(peer23peer)pymech/pymech/materials/Fluid.py:36: error: Name 'ureg' is not defined  [name-defined]
(peer23peer)pymech/pymech/materials/Fluid.py:37: error: Name 'ureg' is not defined  [name-defined]
(peer23peer)pymech/pymech/materials/Fluid.py:38: error: Name 'ureg' is not defined  [name-defined]
(peer23peer)pymech/pymech/materials/Fluid.py:39: error: Name 'ureg' is not defined  [name-defined]
(peer23peer)pymech/pymech/materials/Fluid.py:40: error: Name 'ureg' is not defined  [name-defined]
(peer23peer)pymech/pymech/materials/Fluid.py:41: error: Name 'ureg' is not defined  [name-defined]
(peer23peer)pymech/pymech/materials/Fluid.py:42: error: Name 'ureg' is not defined  [name-defined]
(peer23peer)pymech/pymech/materials/Fluid.py:43: error: Name 'ureg' is not defined  [name-defined]
(peer23peer)pymech/pymech/materials/Fluid.py:44: error: Name 'ureg' is not defined  [name-defined]
(peer23peer)pymech/pymech/materials/Fluid.py:45: error: Name 'ureg' is not defined  [name-defined]
(peer23peer)pymech/pymech/materials/Fluid.py:46: error: Name 'ureg' is not defined  [name-defined]
(peer23peer)pymech/pymech/materials/Fluid.py:47: error: Name 'ureg' is not defined  [name-defined]
(peer23peer)pymech/pymech/materials/Fluid.py:48: error: Name 'ureg' is not defined  [name-defined]
(peer23peer)pymech/pymech/materials/Fluid.py:49: error: Name 'ureg' is not defined  [name-defined]
(peer23peer)pymech/pymech/materials/Fluid.py:50: error: Name 'ureg' is not defined  [name-defined]
(peer23peer)pymech/pymech/materials/Fluid.py:51: error: Name 'ureg' is not defined  [name-defined]
(peer23peer)pymech/pymech/materials/Fluid.py:52: error: Name 'ureg' is not defined  [name-defined]
(peer23peer)pymech/pymech/materials/Fluid.py:53: error: Name 'ureg' is not defined  [name-defined]
(peer23peer)pymech/pymech/materials/Fluid.py:54: error: Name 'ureg' is not defined  [name-defined]
(peer23peer)pymech/pymech/materials/Fluid.py:55: error: Name 'ureg' is not defined  [name-defined]
(peer23peer)pymech/pymech/materials/Fluid.py:56: error: Name 'ureg' is not defined  [name-defined]
(peer23peer)pymech/pymech/materials/Fluid.py:122: error: Name 'ureg' is not defined  [name-defined]
(peer23peer)pymech/pymech/materials/Fluid.py:123: error: Name 'ureg' is not defined  [name-defined]
(peer23peer)pymech/pymech/materials/Plastic.py:6: error: Name 'ureg' is not defined  [name-defined]
(peer23peer)pymech/pymech/materials/Plastic.py:8: error: Name 'ureg' is not defined  [name-defined]
(peer23peer)pymech/pymech/materials/Steel.py:6: error: Name 'ureg' is not defined  [name-defined]
(peer23peer)pymech/pymech/materials/Steel.py:7: error: Name 'ureg' is not defined  [name-defined]
(peer23peer)pymech/pymech/materials/Steel.py:9: error: Name 'ureg' is not defined  [name-defined]
(peer23peer)pymech/pymech/materials/Steel.py:10: error: Name 'ureg' is not defined  [name-defined]
(peer23peer)pymech/pymech/materials/Steel.py:11: error: Name 'ureg' is not defined  [name-defined]
(peer23peer)pymech/pymech/materials/Steel.py:12: error: Name 'ureg' is not defined  [name-defined]
(peer23peer)pymech/pymech/materials/Steel.py:13: error: Name 'ureg' is not defined  [name-defined]
(peer23peer)pymech/pymech/materials/Steel.py:15: error: Name 'ureg' is not defined  [name-defined]
(peer23peer)pymech/pymech/materials/Steel.py:17: error: Name 'ureg' is not defined  [name-defined]
(peer23peer)pymech/pymech/materials/Steel.py:20: error: Name 'ureg' is not defined  [name-defined]
(peer23peer)pymech/pymech/materials/Steel.py:21: error: Name 'ureg' is not defined  [name-defined]
(peer23peer)pymech/pymech/materials/Steel.py:23: error: Name 'ureg' is not defined  [name-defined]
(peer23peer)pymech/pymech/materials/Steel.py:24: error: Name 'ureg' is not defined  [name-defined]
(peer23peer)pymech/pymech/materials/Steel.py:25: error: Name 'ureg' is not defined  [name-defined]
(peer23peer)pymech/pymech/materials/Steel.py:26: error: Name 'ureg' is not defined  [name-defined]
(peer23peer)pymech/pymech/materials/Steel.py:27: error: Name 'ureg' is not defined  [name-defined]
(peer23peer)pymech/pymech/materials/Steel.py:29: error: Name 'ureg' is not defined  [name-defined]
(peer23peer)pymech/pymech/fluid/Component.py:9: error: Name 'ureg' is not defined  [name-defined]
(peer23peer)pymech/pymech/fluid/Component.py:10: error: Name 'ureg' is not defined  [name-defined]
(peer23peer)pymech/pymech/fluid/Component.py:11: error: Name 'ureg' is not defined  [name-defined]
(peer23peer)pymech/pymech/fluid/Component.py:12: error: Name 'ureg' is not defined  [name-defined]
(peer23peer)pymech/pymech/fluid/Pipe.py:13: error: Name 'ureg' is not defined  [name-defined]
(peer23peer)pymech/pymech/fluid/Pipe.py:14: error: Name 'ureg' is not defined  [name-defined]
(peer23peer)pymech/pymech/fluid/Pipe.py:15: error: Name 'ureg' is not defined  [name-defined]
(peer23peer)pymech/pymech/fluid/System.py:14: error: Need type annotation for '_components' (hint: "_components: List[<type>] = ...")  [var-annotated]
(peer23peer)pymech/pymech/fluid/System.py:16: error: Need type annotation for '_points' (hint: "_points: List[<type>] = ...")  [var-annotated]
(peer23peer)pymech/pymech/materials/Material.py:18: error: Name 'ureg' is not defined  [name-defined]
(peer23peer)pymech/pymech/materials/Material.py:19: error: Name 'ureg' is not defined  [name-defined]
(peer23peer)pymech/pymech/materials/Material.py:22: error: Name 'ureg' is not defined  [name-defined]
Found 77 errors in 8 files (checked 25 source files)

[RRepo](daxtens)smart-sparse-diff
(daxtens)smart-sparse-diff/smart-sparse-diff.py:108: error: Incompatible types in assignment (expression has type "None", variable has type "List[Any]")  [assignment]
(daxtens)smart-sparse-diff/smart-sparse-diff.py:111: error: Incompatible types in assignment (expression has type "None", variable has type "List[Any]")  [assignment]
(daxtens)smart-sparse-diff/smart-sparse-diff.py:218: error: Argument 1 to "remove_exact_matching_lines" has incompatible type "Optional[List[List[str]]]"; expected "List[List[str]]"  [arg-type]
(daxtens)smart-sparse-diff/smart-sparse-diff.py:218: error: Argument 2 to "remove_exact_matching_lines" has incompatible type "Optional[List[List[str]]]"; expected "List[List[str]]"  [arg-type]
Found 4 errors in 1 file (checked 1 source file)

[RRepo](glotaran)glotaran
(glotaran)glotaran/glotaran/analysis/matrix_calculation.py:5: error: Module 'glotaran.parameter' has no attribute 'ParameterGroup'  [attr-defined]
(glotaran)glotaran/glotaran/model/model_property.py:5: error: Module 'glotaran.parameter' has no attribute 'Parameter'  [attr-defined]
(glotaran)glotaran/glotaran/model/model_property.py:68: error: List comprehension has incompatible type List[str]; expected List[Tuple[Any, Any]]  [misc]
(glotaran)glotaran/glotaran/model/model_property.py:85: error: Incompatible return value type (got "List[Tuple[Any, Any]]", expected "List[str]")  [return-value]
(glotaran)glotaran/glotaran/io/reader.py:4: error: Need type annotation for 'known_reading_formats' (hint: "known_reading_formats: Dict[<type>, <type>] = ...")  [var-annotated]
(glotaran)glotaran/glotaran/analysis/simulation.py:7: error: Module 'glotaran.parameter' has no attribute 'ParameterGroup'  [attr-defined]
(glotaran)glotaran/glotaran/analysis/simulation.py:10: error: Name 'glotaran' is not defined  [name-defined]
(glotaran)glotaran/glotaran/analysis/simulation.py:47: error: Value of type "Optional[Dict[str, Any]]" is not indexable  [index]
(glotaran)glotaran/glotaran/analysis/simulation.py:48: error: Value of type "Optional[Dict[str, Any]]" is not indexable  [index]
(glotaran)glotaran/glotaran/analysis/simulation.py:76: error: Unsupported right operand type for in ("Optional[Dict[str, Any]]")  [operator]
(glotaran)glotaran/glotaran/analysis/simulation.py:79: error: Value of type "Optional[Dict[str, Any]]" is not indexable  [index]
(glotaran)glotaran/glotaran/model/model_attribute.py:7: error: Module 'glotaran.parameter' has no attribute 'Parameter'  [attr-defined]
(glotaran)glotaran/glotaran/model/model_attribute.py:7: error: Module 'glotaran.parameter' has no attribute 'ParameterGroup'  [attr-defined]
(glotaran)glotaran/glotaran/model/model_attribute.py:106: error: Function "builtins.any" is not valid as a type  [valid-type]
(glotaran)glotaran/glotaran/model/model_attribute.py:106: note: Perhaps you need "Callable[...]" or a callback protocol?
(glotaran)glotaran/glotaran/model/model_attribute.py:221: error: Need type annotation for 'errors' (hint: "errors: List[<type>] = ...")  [var-annotated]
(glotaran)glotaran/glotaran/model/model_attribute.py:234: error: Name 'glotaran.model.BaseModel' is not defined  [name-defined]
(glotaran)glotaran/glotaran/model/model_attribute.py:268: error: Missing return statement  [return]

[RRepo](arraylabs)pymyq
(arraylabs)pymyq/pymyq/device.py:170: error: Incompatible types in assignment (expression has type "datetime", variable has type "None")  [assignment]
(arraylabs)pymyq/pymyq/device.py:188: error: Incompatible types in assignment (expression has type "datetime", variable has type "None")  [assignment]
(arraylabs)pymyq/pymyq/api.py:68: error: Need type annotation for '_devices' (hint: "_devices: List[<type>] = ...")  [var-annotated]
(arraylabs)pymyq/pymyq/api.py:148: error: Item "None" of "Optional[ClientSession]" has no attribute "request"  [union-attr]
(arraylabs)pymyq/pymyq/api.py:176: error: No overload variant of "__sub__" of "datetime" matches argument type "None"  [operator]
(arraylabs)pymyq/pymyq/api.py:176: note: Possible overload variants:
(arraylabs)pymyq/pymyq/api.py:176: note:     def __sub__(self, datetime) -> timedelta
(arraylabs)pymyq/pymyq/api.py:176: note:     def __sub__(self, timedelta) -> datetime
(arraylabs)pymyq/pymyq/api.py:219: error: Incompatible types in assignment (expression has type "datetime", variable has type "None")  [assignment]
(arraylabs)pymyq/pymyq/api.py:223: error: Incompatible types in assignment (expression has type "Dict[str, str]", variable has type "None")  [assignment]
(arraylabs)pymyq/pymyq/api.py:265: error: Need type annotation for 'device_list' (hint: "device_list: List[<type>] = ...")  [var-annotated]

[RRepo](nerosketch)djing
(nerosketch)djing/djing/lib/messaging/sms/wap.py:5: error: Module 'djing.lib.messaging' has no attribute 'MMSDecoder'  [attr-defined]
(nerosketch)djing/djing/lib/__init__.py:73: error: Need type annotation for '_instances' (hint: "_instances: Dict[<type>, <type>] = ...")  [var-annotated]
(nerosketch)djing/devapp/base_intr.py:73: error: Incompatible return value type (got "Callable[[DevBase], bool]", expected "bool")  [return-value]
(nerosketch)djing/devapp/base_intr.py:146: error: "None" has no attribute "set"  [attr-defined]
(nerosketch)djing/devapp/base_intr.py:150: error: "None" has no attribute "walk"  [attr-defined]
(nerosketch)djing/devapp/base_intr.py:155: error: "None" has no attribute "walk"  [attr-defined]
(nerosketch)djing/djing/lib/messaging/sms/submit.py:7: error: Module 'djing.lib.messaging.sms' has no attribute 'consts'  [attr-defined]
(nerosketch)djing/messenger/tasks.py:10: error: Missing return statement  [return]
(nerosketch)djing/messenger/tasks.py:29: error: Incompatible types in string interpolation (expression has type "None", placeholder has type "Union[int, float, SupportsInt]")  [str-format]
(nerosketch)djing/gw_app/models.py:8: error: Module 'gw_app.nas_managers' has no attribute 'NAS_TYPES'  [attr-defined]
(nerosketch)djing/gw_app/models.py:8: error: Module 'gw_app.nas_managers' has no attribute 'NasNetworkError'  [attr-defined]
(nerosketch)djing/tariff_app/custom_tariffs.py:30: error: Incompatible types in assignment (expression has type "timedelta", variable has type "datetime")  [assignment]
(nerosketch)djing/tariff_app/custom_tariffs.py:33: error: "datetime" has no attribute "total_seconds"  [attr-defined]

[RRepo](sernst)cauldron
(sernst)cauldron/cauldron/environ/modes.py:8: error: Need type annotation for '_current_modes' (hint: "_current_modes: List[<type>] = ...")  [var-annotated]
(sernst)cauldron/cauldron/render/utils.py:30: error: Incompatible types in assignment (expression has type "List[str]", variable has type "str")  [assignment]
(sernst)cauldron/cauldron/session/writing/components/definitions.py:21: error: Need type annotation for 'flat_components' (hint: "flat_components: List[<type>] = ...")  [var-annotated]
(sernst)cauldron/cauldron/docgen/params.py:111: error: Incompatible return value type (got "object", expected "Tuple[str, str]")  [return-value]

[RRepo](evernym)plenum
(evernym)plenum/plenum/test/view_change/test_view_not_changed.py:26: error: misplaced type annotation  [syntax]
Found 1 error in 1 file (checked 881 source files)

[RRepo](Maluuba)qgen-workshop
(Maluuba)qgen-workshop/qgen/embedding.py:8: error: Need type annotation for '_idx_to_word' (hint: "_idx_to_word: List[<type>] = ...")  [var-annotated]
(Maluuba)qgen-workshop/qgen/embedding_vis.py:46: error: Incompatible types in assignment (expression has type "IO[Any]", variable has type "TextIO")  [assignment]
Found 2 errors in 2 files (checked 5 source files)

[RRepo](krother)maze_run
(krother)maze_run/02_exceptions/load_tiles_buggy.py:8: error: invalid syntax  [syntax]
Found 1 error in 1 file (checked 39 source files)

[RRepo](santhoshtr)mlmorph
(santhoshtr)mlmorph/python/mlmorph/mlmorph.py:172: error: Incompatible return value type (got "List[Tuple[Any, int]]", expected "Tuple[Any, ...]")  [return-value]
Found 1 error in 1 file (checked 4 source files)

[RRepo](ESultanik)lenticrypt
(ESultanik)lenticrypt/lenticrypt/iowrapper.py:54: error: Signature of "__getitem__" incompatible with supertype "Sequence"  [override]
(ESultanik)lenticrypt/lenticrypt/iowrapper.py:56: error: Incompatible return value type (got "Union[bytes, int, Sequence[Any], Any]", expected "Union[int, bytes]")  [return-value]
(ESultanik)lenticrypt/lenticrypt/iowrapper.py:81: error: Incompatible return value type (got "None", expected "Union[int, bytes]")  [return-value]
(ESultanik)lenticrypt/lenticrypt/__main__.py:39: error: Incompatible types in assignment (expression has type "BinaryIO", variable has type "TextIO")  [assignment]
(ESultanik)lenticrypt/lenticrypt/__main__.py:115: error: Incompatible types in assignment (expression has type "None", variable has type "Tuple[bytearray, ...]")  [assignment]
(ESultanik)lenticrypt/tests/test_main.py:22: error: Incompatible return value type (got "Tuple[Tuple[int, ...], ...]", expected "Tuple[Tuple[int, ...]]")  [return-value]
(ESultanik)lenticrypt/tests/test_main.py:40: error: Argument 1 to "make_plaintexts" has incompatible type "Tuple[IO[bytes], ...]"; expected "Sequence[BinaryIO]"  [arg-type]
(ESultanik)lenticrypt/tests/test_main.py:44: error: Argument 1 to "make_keys" has incompatible type "Tuple[IO[bytes], ...]"; expected "Sequence[BinaryIO]"  [arg-type]
Found 8 errors in 3 files (checked 8 source files)

[RRepo](chfoo)wpull
(chfoo)wpull/wpull/collections.py:3: error: Module 'collections' has no attribute 'OrderedDict'; maybe "OrderedDefaultDict"?  [attr-defined]
(chfoo)wpull/wpull/collections.py:240: error: Name 'collections.Mapping' is not defined  [name-defined]
(chfoo)wpull/wpull/collections.py:240: error: Name 'collections.Hashable' is not defined  [name-defined]
(chfoo)wpull/wpull/application/factory.py:6: error: Name 'collections.Mapping' is not defined  [name-defined]

[RRepo](fasiha)ebisu
(fasiha)ebisu/ebisu/ebisu.py:38: error: Need type annotation for '_BETALNCACHE' (hint: "_BETALNCACHE: Dict[<type>, <type>] = ...")  [var-annotated]

[RRepo](masschallenge)impact-api
(masschallenge)impact-api/web/impact/impact/tests/test_startup_detail_view.py:21: error: Need type annotation for 'EMPTY_RESPONSE'  [var-annotated]
(masschallenge)impact-api/web/impact/impact/tests/test_startup_list_view.py:20: error: Need type annotation for 'EMPTY_RESPONSE'  [var-annotated]

[RRepo](codemirror)google-modes
(codemirror)google-modes/test/py/grammar.py:3: error: invalid syntax  [syntax]
Found 1 error in 1 file (checked 2 source files)

[RRepo](gnachman)iTerm2
(gnachman)iTerm2/api/library/python/iterm2/docs/examples/launch_and_run.py:1: error: invalid syntax  [syntax]
Found 1 error in 1 file (checked 36 source files)

[RRepo](theelous3)asks
(theelous3)asks/asks/http_utils.py:21: error: Bracketed expression "[...]" is not valid as a type  [misc]
(theelous3)asks/asks/http_utils.py:21: note: Did you mean "List[...]"?
Found 1 error in 1 file (checked 13 source files)

[RRepo](longnow)panlex_python_API
Success: no issues found in 2 source files

[RRepo](Shark-ML)Shark
(Shark-ML)Shark/doc/tools/replaceHeaders.py:54: error: Missing parentheses in call to 'print'. Did you mean print("\nShark header replacement tool v0.1\n\n")?  [syntax]
Found 1 error in 1 file (checked 2 source files)

[RRepo](ctherien)pysptools
(ctherien)pysptools/pysptools/skl/base.py:99: error: Name 'PlotInputValidation2' is not defined  [name-defined]
(ctherien)pysptools/pysptools/skl/base.py:103: error: Name 'DisplayInputValidation2' is not defined  [name-defined]
Found 2 errors in 1 file (checked 50 source files)

[RRepo](cloudera)ibis
(cloudera)ibis/ibis/util.py:97: error: Cannot use a covariant type variable as a parameter  [misc]
(cloudera)ibis/ibis/bigquery/api.py:15: error: Module 'ibis.bigquery.udf' has no attribute 'udf'  [attr-defined]
(cloudera)ibis/ibis/clickhouse/api.py:14: error: Incompatible types in assignment (expression has type "bool", variable has type "str")  [assignment]
(cloudera)ibis/ibis/pandas/client.py:336: error: "Type[Schema]" has no attribute "to_pandas"  [attr-defined]
(cloudera)ibis/ibis/pandas/client.py:337: error: "Type[Schema]" has no attribute "apply_to"  [attr-defined]
(cloudera)ibis/ibis/clickhouse/tests/test_select.py:212: error: Module has no attribute "now"  [attr-defined]
(cloudera)ibis/ibis/clickhouse/tests/test_select.py:213: error: Module has no attribute "literal"  [attr-defined]
(cloudera)ibis/ibis/expr/tests/test_rules.py:12: error: Module has no attribute "table"  [attr-defined]
(cloudera)ibis/ibis/expr/tests/test_rules.py:66: error: Module has no attribute "literal"  [attr-defined]
(cloudera)ibis/ibis/expr/tests/test_rules.py:67: error: Module has no attribute "literal"  [attr-defined]
(cloudera)ibis/ibis/expr/tests/test_rules.py:68: error: Module has no attribute "literal"  [attr-defined]
(cloudera)ibis/ibis/expr/tests/test_rules.py:69: error: Module has no attribute "literal"  [attr-defined]
(cloudera)ibis/ibis/expr/tests/test_rules.py:70: error: Module has no attribute "literal"  [attr-defined]
(cloudera)ibis/ibis/expr/tests/test_rules.py:71: error: Module has no attribute "literal"  [attr-defined]
(cloudera)ibis/ibis/expr/tests/test_rules.py:72: error: Module has no attribute "literal"  [attr-defined]
(cloudera)ibis/ibis/expr/tests/test_rules.py:73: error: Module has no attribute "literal"  [attr-defined]
(cloudera)ibis/ibis/expr/tests/test_rules.py:74: error: Module has no attribute "literal"  [attr-defined]
(cloudera)ibis/ibis/expr/tests/test_rules.py:75: error: Module has no attribute "literal"  [attr-defined]
(cloudera)ibis/ibis/expr/tests/test_rules.py:76: error: Module has no attribute "literal"  [attr-defined]
(cloudera)ibis/ibis/expr/tests/test_rules.py:77: error: Module has no attribute "literal"  [attr-defined]
(cloudera)ibis/ibis/expr/tests/test_rules.py:78: error: Module has no attribute "literal"  [attr-defined]
(cloudera)ibis/ibis/expr/tests/test_rules.py:82: error: Module has no attribute "literal"  [attr-defined]
(cloudera)ibis/ibis/expr/tests/test_rules.py:184: error: Module has no attribute "sequence"  [attr-defined]
(cloudera)ibis/ibis/expr/tests/test_rules.py:185: error: Module has no attribute "sequence"  [attr-defined]
(cloudera)ibis/ibis/expr/tests/test_rules.py:186: error: Module has no attribute "sequence"  [attr-defined]
(cloudera)ibis/ibis/expr/tests/test_rules.py:186: error: Module has no attribute "NA"  [attr-defined]
(cloudera)ibis/ibis/expr/tests/test_rules.py:187: error: Module has no attribute "sequence"  [attr-defined]
(cloudera)ibis/ibis/expr/tests/test_rules.py:188: error: Module has no attribute "sequence"  [attr-defined]
(cloudera)ibis/ibis/expr/tests/test_rules.py:192: error: Module has no attribute "sequence"  [attr-defined]
(cloudera)ibis/ibis/expr/tests/test_rules.py:200: error: Module has no attribute "sequence"  [attr-defined]
(cloudera)ibis/ibis/expr/tests/test_rules.py:226: error: Module has no attribute "interval"  [attr-defined]
(cloudera)ibis/ibis/expr/tests/test_rules.py:227: error: Module has no attribute "interval"  [attr-defined]
(cloudera)ibis/ibis/expr/tests/test_rules.py:238: error: Module has no attribute "interval"  [attr-defined]
(cloudera)ibis/ibis/expr/tests/test_rules.py:239: error: Module has no attribute "interval"  [attr-defined]
(cloudera)ibis/ibis/expr/tests/test_rules.py:240: error: Module has no attribute "interval"  [attr-defined]
(cloudera)ibis/ibis/expr/tests/test_rules.py:253: error: Module has no attribute "literal"  [attr-defined]
(cloudera)ibis/ibis/expr/tests/test_rules.py:254: error: Module has no attribute "literal"  [attr-defined]
(cloudera)ibis/ibis/expr/tests/test_rules.py:266: error: Module has no attribute "literal"  [attr-defined]
(cloudera)ibis/ibis/expr/tests/test_rules.py:267: error: Module has no attribute "literal"  [attr-defined]
(cloudera)ibis/ibis/expr/tests/test_rules.py:278: error: Module has no attribute "table"  [attr-defined]
(cloudera)ibis/ibis/expr/tests/test_rules.py:279: error: Module has no attribute "table"  [attr-defined]
(cloudera)ibis/ibis/expr/tests/test_rules.py:290: error: Module has no attribute "table"  [attr-defined]
(cloudera)ibis/ibis/expr/tests/test_timestamp.py:57: error: Module has no attribute "timestamp"  [attr-defined]
(cloudera)ibis/ibis/expr/tests/test_timestamp.py:58: error: Module has no attribute "literal"  [attr-defined]
(cloudera)ibis/ibis/expr/visualize.py:127: error: Module has no attribute "table"  [attr-defined]
(cloudera)ibis/ibis/expr/visualize.py:130: error: Module has no attribute "table"  [attr-defined]
(cloudera)ibis/ibis/expr/visualize.py:131: error: Module has no attribute "table"  [attr-defined]
(cloudera)ibis/ibis/mapd/tests/test_operations.py:16: error: Module has no attribute "literal"  [attr-defined]
(cloudera)ibis/ibis/mapd/tests/test_operations.py:21: error: Module has no attribute "literal"  [attr-defined]

[RRepo](Fahreeve)aiovk
(Fahreeve)aiovk/aiovk/longpoll.py:11: error: Invalid type comment or annotation  [valid-type]
(Fahreeve)aiovk/aiovk/longpoll.py:68: error: Unsupported left operand type for + ("None")  [operator]
(Fahreeve)aiovk/aiovk/longpoll.py:83: error: Unsupported left operand type for + ("None")  [operator]
(Fahreeve)aiovk/aiovk/sessions.py:122: error: Invalid type comment or annotation  [valid-type]
(Fahreeve)aiovk/aiovk/sessions.py:191: error: Syntax error in type annotation  [syntax]
(Fahreeve)aiovk/aiovk/sessions.py:191: note: Suggestion: Use Tuple[T1, ..., Tn] instead of (T1, ..., Tn)
(Fahreeve)aiovk/aiovk/sessions.py:222: error: Syntax error in type annotation  [syntax]
(Fahreeve)aiovk/aiovk/sessions.py:222: note: Suggestion: Use Tuple[T1, ..., Tn] instead of (T1, ..., Tn)
(Fahreeve)aiovk/aiovk/sessions.py:246: error: Syntax error in type annotation  [syntax]
(Fahreeve)aiovk/aiovk/sessions.py:246: note: Suggestion: Use Tuple[T1, ..., Tn] instead of (T1, ..., Tn)
(Fahreeve)aiovk/tests/test_longpoll.py:16: error: Need type annotation for 'message' (hint: "message: Dict[<type>, <type>] = ...")  [var-annotated]
(Fahreeve)aiovk/tests/test_drivers.py:22: error: Need type annotation for 'driver_kwargs' (hint: "driver_kwargs: Dict[<type>, <type>] = ...")  [var-annotated]
Found 9 errors in 4 files (checked 14 source files)

[RRepo](agdsn)pycroft
(agdsn)pycroft/tests/factories/property.py:34: error: Need type annotation for 'granted'  [var-annotated]
(agdsn)pycroft/tests/factories/property.py:35: error: Need type annotation for 'denied'  [var-annotated]
(agdsn)pycroft/pycroft/helpers/i18n.py:244: error: "Type[date]" has no attribute "fromisoformat"  [attr-defined]
(agdsn)pycroft/pycroft/helpers/i18n.py:245: error: "Type[datetime]" has no attribute "fromisoformat"  [attr-defined]
(agdsn)pycroft/pycroft/helpers/i18n.py:246: error: "Type[time]" has no attribute "fromisoformat"  [attr-defined]
(agdsn)pycroft/pycroft/model/alembic/env.py:22: error: "Type[ModelBase]" has no attribute "metadata"  [attr-defined]
(agdsn)pycroft/pycroft/model/host.py:96: error: "Type[ModelBase]" has no attribute "metadata"  [attr-defined]
(agdsn)pycroft/pycroft/model/host.py:133: error: "Type[Interface]" has no attribute "__table__"  [attr-defined]
(agdsn)pycroft/web/form/fields/core.py:12: error: Relative import climbs too many namespaces  [misc]
(agdsn)pycroft/pycroft/model/task.py:50: error: Name 'parameters' already defined on line 44  [no-redef]
(agdsn)pycroft/pycroft/model/traffic.py:48: error: "Type[TrafficVolume]" has no attribute "__table__"  [attr-defined]
(agdsn)pycroft/pycroft/model/traffic.py:48: error: "Type[IP]" has no attribute "__table__"  [attr-defined]
(agdsn)pycroft/pycroft/model/traffic.py:66: error: "Type[TrafficVolume]" has no attribute "__table__"  [attr-defined]
(agdsn)pycroft/pycroft/model/traffic.py:113: error: "Type[TrafficVolume]" has no attribute "__table__"  [attr-defined]
(agdsn)pycroft/pycroft/model/traffic.py:114: error: "Type[TrafficVolume]" has no attribute "__table__"  [attr-defined]
(agdsn)pycroft/pycroft/model/traffic.py:132: error: "Type[TrafficVolume]" has no attribute "__table__"  [attr-defined]
(agdsn)pycroft/pycroft/model/traffic.py:161: error: "Type[TrafficVolume]" has no attribute "__table__"  [attr-defined]
(agdsn)pycroft/pycroft/model/traffic.py:162: error: "Type[TrafficVolume]" has no attribute "__table__"  [attr-defined]
(agdsn)pycroft/pycroft/model/traffic.py:212: error: "Type[TrafficVolume]" has no attribute "__table__"  [attr-defined]
(agdsn)pycroft/pycroft/helpers/git_helpers.py:2: error: Module 'logging' has no attribute 'getLogger'  [attr-defined]
(agdsn)pycroft/pycroft/lib/task.py:38: error: Need type annotation for 'errors' (hint: "errors: List[<type>] = ...")  [var-annotated]
(agdsn)pycroft/web/blueprints/helpers/fints.py:8: error: Module has no attribute "getLogger"  [attr-defined]
(agdsn)pycroft/web/blueprints/helpers/fints.py:46: error: Need type annotation for 'statement' (hint: "statement: List[<type>] = ...")  [var-annotated]
(agdsn)pycroft/ldap_sync/exporter.py:22: error: Module has no attribute "getLogger"  [attr-defined]
(agdsn)pycroft/ldap_sync/__main__.py:11: error: Module has no attribute "getLogger"  [attr-defined]
(agdsn)pycroft/ldap_sync/__main__.py:79: error: Module has no attribute "DEBUG"  [attr-defined]
(agdsn)pycroft/ldap_sync/__main__.py:80: error: Module has no attribute "INFO"  [attr-defined]
(agdsn)pycroft/ldap_sync/__main__.py:81: error: Module has no attribute "WARNING"  [attr-defined]
(agdsn)pycroft/ldap_sync/__main__.py:82: error: Module has no attribute "ERROR"  [attr-defined]
(agdsn)pycroft/ldap_sync/__main__.py:83: error: Module has no attribute "CRITICAL"  [attr-defined]
(agdsn)pycroft/tests/__init__.py:11: error: Module 'flask' has no attribute '_request_ctx_stack'  [attr-defined]
(agdsn)pycroft/tests/__init__.py:20: error: Module 'tests.factories' has no attribute 'ConfigFactory'  [attr-defined]
(agdsn)pycroft/tests/__init__.py:20: error: Module 'tests.factories' has no attribute 'UserFactory'  [attr-defined]
(agdsn)pycroft/tests/__init__.py:20: error: Module 'tests.factories' has no attribute 'AdminPropertyGroupFactory'  [attr-defined]
(agdsn)pycroft/tests/__init__.py:20: error: Module 'tests.factories' has no attribute 'MembershipFactory'  [attr-defined]
(agdsn)pycroft/tests/__init__.py:179: error: Incompatible types in assignment (expression has type "str", base class "DialectSpecificTestCase" defined the type as "None")  [assignment]
(agdsn)pycroft/tests/__init__.py:183: error: Incompatible types in assignment (expression has type "str", base class "DialectSpecificTestCase" defined the type as "None")  [assignment]
(agdsn)pycroft/web/template_filters.py:68: error: Argument 1 to "Path" has incompatible type "Optional[str]"; expected "Union[str, _PathLike[str]]"  [arg-type]
(agdsn)pycroft/web/templates/__init__.py:6: error: Module 'flask' has no attribute '_request_ctx_stack'  [attr-defined]
(agdsn)pycroft/helpers/interactive.py:19: error: Module 'flask' has no attribute '_request_ctx_stack'  [attr-defined]

[RRepo](raviqqe)tensorflow-extenteten
(raviqqe)tensorflow-extenteten/extenteten/collections.py:3: error: No parent module -- cannot perform relative import  [misc]
Found 1 error in 1 file (checked 33 source files)

[RRepo](rusthon)Rusthon
(rusthon)Rusthon/regtests/run-benchmarks.py:100: error: Missing parentheses in call to 'print'. Did you mean print(name)?  [syntax]
Found 1 error in 1 file (checked 25 source files)

[RRepo](baldurk)renderdoc
(baldurk)renderdoc/docs/python_api/examples/renderdoc/remote_capture.py:18: error: Name 'protocol_to_use' is not defined  [name-defined]
(baldurk)renderdoc/docs/python_api/examples/renderdoc/remote_capture.py:20: error: Name 'protocol_to_use' is not defined  [name-defined]
(baldurk)renderdoc/docs/python_api/examples/renderdoc/remote_capture.py:21: error: Name 'protocol_to_use' is not defined  [name-defined]
(baldurk)renderdoc/docs/python_api/examples/renderdoc/remote_capture.py:23: error: Name 'protocol_to_use' is not defined  [name-defined]
(baldurk)renderdoc/docs/python_api/examples/renderdoc/remote_capture.py:28: error: Name 'protocol_to_use' is not defined  [name-defined]
(baldurk)renderdoc/docs/python_api/examples/renderdoc/remote_capture.py:56: error: Name 'hostname' is not defined  [name-defined]
(baldurk)renderdoc/docs/python_api/examples/renderdoc/remote_capture.py:59: error: Cannot determine type of 'URL'  [has-type]
(baldurk)renderdoc/docs/python_api/examples/renderdoc/remote_capture.py:61: error: Cannot determine type of 'protocol'  [has-type]
(baldurk)renderdoc/docs/python_api/examples/renderdoc/remote_capture.py:66: error: Cannot determine type of 'protocol'  [has-type]
(baldurk)renderdoc/docs/python_api/examples/renderdoc/remote_capture.py:66: error: Cannot determine type of 'URL'  [has-type]
(baldurk)renderdoc/docs/python_api/examples/renderdoc/remote_capture.py:72: error: Cannot determine type of 'URL'  [has-type]
(baldurk)renderdoc/docs/python_api/examples/renderdoc/remote_capture.py:96: error: Name 'select_executable' is not defined  [name-defined]
(baldurk)renderdoc/docs/python_api/examples/renderdoc/remote_capture.py:119: error: Cannot determine type of 'URL'  [has-type]
(baldurk)renderdoc/docs/python_api/examples/renderdoc/remote_capture.py:130: error: Name 'capture_condition' is not defined  [name-defined]
(baldurk)renderdoc/docs/python_api/examples/renderdoc/remote_capture.py:187: error: Name 'sampleCode' is not defined  [name-defined]
(baldurk)renderdoc/docs/python_api/examples/renderdoc/decode_mesh.py:14: error: Name 'rd.MeshFormat' is not defined  [name-defined]
(baldurk)renderdoc/docs/python_api/examples/renderdoc/decode_mesh.py:276: error: Name 'pyrenderdoc' is not defined  [name-defined]
(baldurk)renderdoc/util/test/tests/Vulkan/VK_Indirect.py:17: error: Cannot determine type of 'overlay_idx'  [has-type]
(baldurk)renderdoc/util/test/tests/Vulkan/VK_Indirect.py:18: error: Cannot determine type of 'overlay_idx'  [has-type]
(baldurk)renderdoc/util/test/tests/Vulkan/VK_Indirect.py:28: error: Cannot determine type of 'overlay_idx'  [has-type]
(baldurk)renderdoc/util/test/rdtest/analyse.py:9: error: Name 'rd.CaptureFile' is not defined  [name-defined]
(baldurk)renderdoc/util/test/rdtest/analyse.py:54: error: Name 'rd.ReplayController' is not defined  [name-defined]
(baldurk)renderdoc/util/test/rdtest/analyse.py:54: error: Name 'rd.MeshFormat' is not defined  [name-defined]
(baldurk)renderdoc/util/test/rdtest/analyse.py:83: error: Name 'rd.MeshFormat' is not defined  [name-defined]
(baldurk)renderdoc/util/test/rdtest/analyse.py:87: error: Name 'rd.ReplayController' is not defined  [name-defined]
(baldurk)renderdoc/util/test/rdtest/analyse.py:87: error: Name 'rd.MeshFormat' is not defined  [name-defined]
(baldurk)renderdoc/util/test/rdtest/analyse.py:88: error: Name 'rd.PipeState' is not defined  [name-defined]
(baldurk)renderdoc/util/test/rdtest/analyse.py:89: error: Name 'rd.VertexInputAttribute' is not defined  [name-defined]
(baldurk)renderdoc/util/test/rdtest/analyse.py:92: error: Name 'rd.BoundVBuffer' is not defined  [name-defined]
(baldurk)renderdoc/util/test/rdtest/analyse.py:115: error: Name 'rd.ReplayController' is not defined  [name-defined]
(baldurk)renderdoc/util/test/rdtest/analyse.py:115: error: Name 'rd.MeshFormat' is not defined  [name-defined]
(baldurk)renderdoc/util/test/rdtest/analyse.py:115: error: Name 'rd.MeshDataStage' is not defined  [name-defined]
(baldurk)renderdoc/util/test/rdtest/analyse.py:116: error: Name 'rd.PipeState' is not defined  [name-defined]
(baldurk)renderdoc/util/test/rdtest/analyse.py:178: error: Name 'rd.ResourceFormat' is not defined  [name-defined]
(baldurk)renderdoc/util/test/rdtest/analyse.py:224: error: Name 'rd.ReplayController' is not defined  [name-defined]
(baldurk)renderdoc/util/test/rdtest/analyse.py:225: error: Need type annotation for 'buffer_cache' (hint: "buffer_cache: Dict[<type>, <type>] = ...")  [var-annotated]
(baldurk)renderdoc/renderdoc/driver/vulkan/gen_dispatch_table.py:62: error: Item "None" of "Optional[str]" has no attribute "split"  [union-attr]
(baldurk)renderdoc/renderdoc/driver/vulkan/gen_dispatch_table.py:109: error: Item "None" of "Optional[Element]" has no attribute "text"  [union-attr]
(baldurk)renderdoc/renderdoc/driver/vulkan/gen_dispatch_table.py:109: error: Incompatible types in assignment (expression has type "Union[str, None, Any]", variable has type "str")  [assignment]
(baldurk)renderdoc/renderdoc/driver/vulkan/gen_dispatch_table.py:113: error: Item "None" of "Optional[Element]" has no attribute "text"  [union-attr]
(baldurk)renderdoc/renderdoc/driver/vulkan/gen_dispatch_table.py:124: error: Need type annotation for 'processed_commands' (hint: "processed_commands: List[<type>] = ...")  [var-annotated]
Found 41 errors in 5 files (checked 42 source files)

[RRepo](box)ClusterRunner
(box)ClusterRunner/app/master/subjob.py:90: error: Name 'Atom' is not defined  [name-defined]
(box)ClusterRunner/app/master/subjob.py:96: error: Name 'Atom' is not defined  [name-defined]
(box)ClusterRunner/app/common/metrics.py:59: error: Name 'app' is not defined  [name-defined]
(box)ClusterRunner/app/common/metrics.py:84: error: Name 'app' is not defined  [name-defined]
(box)ClusterRunner/app/common/console_output.py:32: error: Argument 1 to "ConsoleOutput" has incompatible type "IO[bytes]"; expected "BinaryIO"  [arg-type]
(box)ClusterRunner/app/common/console_output.py:98: error: Need type annotation for 'console_output_lines'  [var-annotated]
(box)ClusterRunner/app/web_framework/route_node.py:20: error: Need type annotation for 'children' (hint: "children: List[<type>] = ...")  [var-annotated]
(box)ClusterRunner/app/web_framework/route_node.py:61: error: Incompatible types in assignment (expression has type "RouteNode", variable has type "None")  [assignment]
(box)ClusterRunner/app/master/build_store.py:13: error: Need type annotation for '_all_builds_by_id'  [var-annotated]
(box)ClusterRunner/app/web_framework/api_version_handler.py:28: error: Item "None" of "Optional[Match[str]]" has no attribute "group"  [union-attr]
(box)ClusterRunner/test/framework/base_unit_test_case.py:126: error: Cannot use isinstance() with Any type  [misc]
(box)ClusterRunner/app/web_framework/cluster_base_handler.py:75: error: Incompatible types in assignment (expression has type "int", variable has type "Optional[str]")  [assignment]
(box)ClusterRunner/app/web_framework/cluster_base_handler.py:75: error: Argument 1 to "int" has incompatible type "Optional[str]"; expected "Union[str, bytes, SupportsInt, _SupportsIndex]"  [arg-type]
(box)ClusterRunner/app/web_framework/cluster_base_handler.py:76: error: Incompatible types in assignment (expression has type "int", variable has type "Optional[str]")  [assignment]
(box)ClusterRunner/app/web_framework/cluster_base_handler.py:76: error: Argument 1 to "int" has incompatible type "Optional[str]"; expected "Union[str, bytes, SupportsInt, _SupportsIndex]"  [arg-type]
(box)ClusterRunner/app/web_framework/cluster_base_handler.py:79: error: Argument 1 to "_validate_pagination_params" of "ClusterBaseHandler" has incompatible type "Optional[str]"; expected "int"  [arg-type]
(box)ClusterRunner/app/web_framework/cluster_base_handler.py:79: error: Argument 2 to "_validate_pagination_params" of "ClusterBaseHandler" has incompatible type "Optional[str]"; expected "int"  [arg-type]
Found 17 errors in 8 files (checked 141 source files)

[RRepo](lyst)lightfm
(lyst)lightfm/tests/test_cross_validation.py:4: error: Module 'lightfm.datasets' has no attribute 'fetch_movielens'  [attr-defined]
(lyst)lightfm/tests/test_datasets.py:7: error: Module 'lightfm.datasets' has no attribute 'fetch_movielens'  [attr-defined]
(lyst)lightfm/tests/test_datasets.py:7: error: Module 'lightfm.datasets' has no attribute 'fetch_stackexchange'  [attr-defined]
(lyst)lightfm/setup.py:11: error: Module has no attribute "__LIGHTFM_SETUP__"  [attr-defined]
(lyst)lightfm/setup.py:12: error: Module 'lightfm' has no attribute '__version__'  [attr-defined]
(lyst)lightfm/setup.py:43: error: Need type annotation for 'user_options' (hint: "user_options: List[<type>] = ...")  [var-annotated]
Found 6 errors in 3 files (checked 14 source files)

[RRepo](reupen)aiogithub
(reupen)aiogithub/aiogithub/helpers/typing.py:1: error: Module 'typing' has no attribute 'GenericMeta'  [attr-defined]
(reupen)aiogithub/aiogithub/helpers/typing.py:1: error: Module 'typing' has no attribute 'List'  [attr-defined]

[RRepo](Cog-Creators)Red-DiscordBot
(Cog-Creators)Red-DiscordBot/redbot/cogs/mod/mod.py:23: error: Unsupported dynamic base class "type"  [misc]
(Cog-Creators)Red-DiscordBot/redbot/cogs/mod/mod.py:62: error: Need type annotation for 'default_user_settings'  [var-annotated]
(Cog-Creators)Red-DiscordBot/redbot/core/drivers/red_json.py:16: error: Need type annotation for '_shared_datastore' (hint: "_shared_datastore: Dict[<type>, <type>] = ...")  [var-annotated]
(Cog-Creators)Red-DiscordBot/redbot/core/drivers/red_json.py:17: error: Need type annotation for '_driver_counts' (hint: "_driver_counts: Dict[<type>, <type>] = ...")  [var-annotated]
(Cog-Creators)Red-DiscordBot/redbot/core/drivers/red_json.py:18: error: Need type annotation for '_finalizers' (hint: "_finalizers: List[<type>] = ...")  [var-annotated]
(Cog-Creators)Red-DiscordBot/redbot/core/drivers/red_json.py:178: error: Module has no attribute "get_running_loop"; maybe "_get_running_loop" or "_set_running_loop"?  [attr-defined]
Found 6 errors in 2 files (checked 2 source files)

[RRepo](Ge0)chattymarkov

[RRepo](pengutronix)aiohttp-json-rpc
(pengutronix)aiohttp-json-rpc/aiohttp_json_rpc/django/apps.py:2: error: Module 'django.apps' has no attribute 'AppConfig'  [attr-defined]
(pengutronix)aiohttp-json-rpc/aiohttp_json_rpc/exceptions.py:82: error: Incompatible types in assignment (expression has type "int", base class "RpcError" defined the type as "None")  [assignment]
(pengutronix)aiohttp-json-rpc/aiohttp_json_rpc/exceptions.py:87: error: Incompatible types in assignment (expression has type "int", base class "RpcError" defined the type as "None")  [assignment]
(pengutronix)aiohttp-json-rpc/aiohttp_json_rpc/exceptions.py:92: error: Incompatible types in assignment (expression has type "int", base class "RpcError" defined the type as "None")  [assignment]
(pengutronix)aiohttp-json-rpc/aiohttp_json_rpc/exceptions.py:97: error: Incompatible types in assignment (expression has type "int", base class "RpcError" defined the type as "None")  [assignment]
(pengutronix)aiohttp-json-rpc/aiohttp_json_rpc/exceptions.py:102: error: Incompatible types in assignment (expression has type "int", base class "RpcError" defined the type as "None")  [assignment]
(pengutronix)aiohttp-json-rpc/aiohttp_json_rpc/pytest.py:12: error: Argument 1 to "import_module" has incompatible type "Optional[str]"; expected "str"  [arg-type]
(pengutronix)aiohttp-json-rpc/aiohttp_json_rpc/pytest.py:14: error: Module has no attribute "application"  [attr-defined]
(pengutronix)aiohttp-json-rpc/aiohttp_json_rpc/pytest.py:15: error: Module has no attribute "WSGI_APPLICATION"  [attr-defined]
(pengutronix)aiohttp-json-rpc/aiohttp_json_rpc/pytest.py:91: error: Module has no attribute "yield_fixture"  [attr-defined]
(pengutronix)aiohttp-json-rpc/aiohttp_json_rpc/pytest.py:101: error: Module has no attribute "yield_fixture"  [attr-defined]
(pengutronix)aiohttp-json-rpc/aiohttp_json_rpc/pytest.py:122: error: Module has no attribute "fixture"  [attr-defined]
(pengutronix)aiohttp-json-rpc/tests/test_method_args.py:4: error: Module has no attribute "mark"  [attr-defined]
(pengutronix)aiohttp-json-rpc/tests/test_method_args.py:93: error: Module has no attribute "mark"  [attr-defined]
(pengutronix)aiohttp-json-rpc/tests/test_method_args.py:129: error: Module has no attribute "mark"  [attr-defined]
(pengutronix)aiohttp-json-rpc/tests/test_method_args.py:149: error: Module has no attribute "mark"  [attr-defined]
(pengutronix)aiohttp-json-rpc/tests/test_method_args.py:169: error: Module has no attribute "mark"  [attr-defined]
(pengutronix)aiohttp-json-rpc/tests/test_publish_subscribe.py:4: error: Module has no attribute "mark"  [attr-defined]
(pengutronix)aiohttp-json-rpc/tests/test_publish_subscribe.py:15: error: Module has no attribute "mark"  [attr-defined]
(pengutronix)aiohttp-json-rpc/tests/test_publish_subscribe.py:29: error: Module has no attribute "mark"  [attr-defined]
(pengutronix)aiohttp-json-rpc/tests/test_publish_subscribe.py:44: error: Module has no attribute "mark"  [attr-defined]
(pengutronix)aiohttp-json-rpc/tests/test_publish_subscribe.py:71: error: Module has no attribute "mark"  [attr-defined]
(pengutronix)aiohttp-json-rpc/tests/test_publish_subscribe.py:99: error: Module has no attribute "mark"  [attr-defined]
(pengutronix)aiohttp-json-rpc/tests/test_method_api.py:4: error: Module has no attribute "mark"  [attr-defined]
(pengutronix)aiohttp-json-rpc/tests/test_method_api.py:29: error: Module has no attribute "mark"  [attr-defined]
(pengutronix)aiohttp-json-rpc/tests/test_method_api.py:54: error: Module has no attribute "mark"  [attr-defined]
(pengutronix)aiohttp-json-rpc/tests/test_method_api.py:79: error: Module has no attribute "mark"  [attr-defined]
(pengutronix)aiohttp-json-rpc/tests/test_django_auth_backend.py:3: error: Module has no attribute "mark"  [attr-defined]
(pengutronix)aiohttp-json-rpc/tests/test_django_auth_backend.py:6: error: Module has no attribute "fixture"  [attr-defined]
(pengutronix)aiohttp-json-rpc/tests/test_django_auth_backend.py:14: error: Module has no attribute "mark"  [attr-defined]
(pengutronix)aiohttp-json-rpc/tests/test_django_auth_backend.py:47: error: Module has no attribute "mark"  [attr-defined]
(pengutronix)aiohttp-json-rpc/tests/test_django_auth_backend.py:61: error: Module has no attribute "mark"  [attr-defined]
(pengutronix)aiohttp-json-rpc/tests/test_django_auth_backend.py:80: error: Module has no attribute "mark"  [attr-defined]
(pengutronix)aiohttp-json-rpc/tests/test_django_auth_backend.py:101: error: Module has no attribute "mark"  [attr-defined]
(pengutronix)aiohttp-json-rpc/tests/test_django_auth_backend.py:124: error: Module has no attribute "mark"  [attr-defined]
(pengutronix)aiohttp-json-rpc/tests/test_forms.py:5: error: Module has no attribute "mark"  [attr-defined]
(pengutronix)aiohttp-json-rpc/tests/test_decorators.py:4: error: Module has no attribute "mark"  [attr-defined]
(pengutronix)aiohttp-json-rpc/tests/test_methods.py:4: error: Module has no attribute "mark"  [attr-defined]
(pengutronix)aiohttp-json-rpc/tests/test_methods.py:13: error: Module has no attribute "mark"  [attr-defined]
(pengutronix)aiohttp-json-rpc/tests/test_methods.py:41: error: Module has no attribute "mark"  [attr-defined]
(pengutronix)aiohttp-json-rpc/tests/test_methods.py:71: error: Module has no attribute "mark"  [attr-defined]
(pengutronix)aiohttp-json-rpc/tests/test_methods.py:85: error: Module has no attribute "mark"  [attr-defined]
(pengutronix)aiohttp-json-rpc/tests/test_django_transactions.py:12: error: Module has no attribute "mark"  [attr-defined]
(pengutronix)aiohttp-json-rpc/tests/test_django_transactions.py:114: error: Module has no attribute "mark"  [attr-defined]
(pengutronix)aiohttp-json-rpc/tests/test_django_transactions.py:115: error: Module has no attribute "mark"  [attr-defined]
(pengutronix)aiohttp-json-rpc/tests/test_client.py:7: error: Module has no attribute "mark"  [attr-defined]
(pengutronix)aiohttp-json-rpc/tests/test_errors.py:4: error: Module has no attribute "mark"  [attr-defined]
(pengutronix)aiohttp-json-rpc/tests/test_errors.py:14: error: Module has no attribute "mark"  [attr-defined]
(pengutronix)aiohttp-json-rpc/tests/test_errors.py:29: error: Module has no attribute "mark"  [attr-defined]
(pengutronix)aiohttp-json-rpc/tests/test_errors.py:44: error: Module has no attribute "mark"  [attr-defined]
(pengutronix)aiohttp-json-rpc/tests/test_errors.py:74: error: Module has no attribute "mark"  [attr-defined]
Found 51 errors in 13 files (checked 25 source files)

[RRepo](NLHEALTHCARE)PYELT
(NLHEALTHCARE)PYELT/pyelt/mappings/base.py:32: error: misplaced type annotation  [syntax]
Found 1 error in 1 file (checked 69 source files)

[RRepo](google)merge_pyi
(google)merge_pyi/testdata/packed_tuple.py:3: error: invalid syntax  [syntax]
Found 1 error in 1 file (checked 50 source files)

[RRepo](robocomp)learnbot

[RRepo](Woile)commitizen
(Woile)commitizen/commitizen/bump.py:58: error: Value of type "Optional[Tuple[str, int]]" is not indexable  [index]
(Woile)commitizen/commitizen/bump.py:59: error: Incompatible types in assignment (expression has type "object", variable has type "int")  [assignment]
(Woile)commitizen/commitizen/bump.py:59: error: Argument 1 to "list" has incompatible type "Optional[Tuple[str, int]]"; expected "Iterable[object]"  [arg-type]
(Woile)commitizen/commitizen/bump.py:168: error: Value of type "Optional[Tuple[str, int]]" is not indexable  [index]
Found 4 errors in 1 file (checked 28 source files)

[RRepo](nfnty)dockerfiles
Success: no issues found in 7 source files

[RRepo](Drummersbrother)rocket-snake
(Drummersbrother)rocket-snake/tests/experiments.py:48: error: "object" has no attribute "format"  [attr-defined]
Found 1 error in 1 file (checked 1 source file)

[RRepo](Nic30)HWToolkit
(Nic30)HWToolkit/hwt/synthesizer/interfaceLevel/propDeclrCollector.py:1: error: Module 'types' has no attribute 'MethodType'  [attr-defined]
(Nic30)HWToolkit/hwt/synthesizer/interfaceLevel/propDeclrCollector.py:136: error: Need type annotation for '_params' (hint: "_params: List[<type>] = ...")  [var-annotated]
(Nic30)HWToolkit/hwt/synthesizer/interfaceLevel/propDeclrCollector.py:187: error: Cannot determine type of '_associatedClk'  [has-type]
(Nic30)HWToolkit/hwt/synthesizer/interfaceLevel/propDeclrCollector.py:191: error: Cannot determine type of '_associatedRst'  [has-type]
(Nic30)HWToolkit/hwt/synthesizer/rtlLevel/rtlSignal.py:120: error: Missing return statement  [return]
(Nic30)HWToolkit/hwt/synthesizer/rtlLevel/rtlSignal.py:121: error: Name 'Operator' is not defined  [name-defined]
(Nic30)HWToolkit/hwt/synthesizer/rtlLevel/rtlSignal.py:125: error: Return value expected  [return-value]
(Nic30)HWToolkit/hwt/synthesizer/rtlLevel/rtlSignal.py:129: error: Return value expected  [return-value]
(Nic30)HWToolkit/hwt/synthesizer/rtlLevel/rtlSignal.py:138: error: Return value expected  [return-value]
(Nic30)HWToolkit/hwt/synthesizer/unit.py:61: error: Need type annotation for '_externInterf' (hint: "_externInterf: List[<type>] = ...")  [var-annotated]
(Nic30)HWToolkit/hwt/synthesizer/param.py:94: error: Function "param.Param.set" is not valid as a type  [valid-type]
(Nic30)HWToolkit/hwt/synthesizer/param.py:94: note: Perhaps you need "Callable[...]" or a callback protocol?
(Nic30)HWToolkit/hwt/synthesizer/param.py:96: error: set? has no attribute "add"  [attr-defined]
(Nic30)HWToolkit/hwt/synthesizer/param.py:100: error: Function "param.Param.set" is not valid as a type  [valid-type]
(Nic30)HWToolkit/hwt/synthesizer/param.py:100: note: Perhaps you need "Callable[...]" or a callback protocol?
(Nic30)HWToolkit/hwt/synthesizer/param.py:101: error: set? has no attribute "add"  [attr-defined]
(Nic30)HWToolkit/hwt/serializer/generic/indent.py:2: error: Need type annotation for '_indentCache' (hint: "_indentCache: Dict[<type>, <type>] = ...")  [var-annotated]
(Nic30)HWToolkit/hwt/serializer/vhdl/ops.py:101: error: "Type[VhdlSerializer_ops]" has no attribute "asHdl"  [attr-defined]
(Nic30)HWToolkit/hwt/serializer/vhdl/ops.py:113: error: Function "ops.VhdlSerializer_ops.Operator" is not valid as a type  [valid-type]
(Nic30)HWToolkit/hwt/serializer/vhdl/ops.py:113: note: Perhaps you need "Callable[...]" or a callback protocol?
(Nic30)HWToolkit/hwt/serializer/vhdl/ops.py:116: error: Operator? has no attribute "operands"  [attr-defined]
(Nic30)HWToolkit/hwt/serializer/vhdl/ops.py:117: error: Operator? has no attribute "operator"  [attr-defined]
(Nic30)HWToolkit/hwt/serializer/vhdl/ops.py:130: error: "Type[VhdlSerializer_ops]" has no attribute "FunctionContainer"  [attr-defined]
(Nic30)HWToolkit/hwt/serializer/vhdl/ops.py:142: error: "Type[VhdlSerializer_ops]" has no attribute "asHdl"  [attr-defined]
(Nic30)HWToolkit/hwt/serializer/vhdl/ops.py:146: error: "Type[VhdlSerializer_ops]" has no attribute "condAsHdl"  [attr-defined]
(Nic30)HWToolkit/hwt/serializer/vhdl/ops.py:151: error: "Type[VhdlSerializer_ops]" has no attribute "asHdl"  [attr-defined]
(Nic30)HWToolkit/hwt/serializer/vhdl/ops.py:157: error: Operator? has no attribute "result"  [attr-defined]
(Nic30)HWToolkit/hwt/serializer/vhdl/ops.py:158: error: "Type[VhdlSerializer_ops]" has no attribute "asHdl"  [attr-defined]
(Nic30)HWToolkit/hwt/simulator/types/simBits.py:8: error: Need type annotation for '__simBitsTCache' (hint: "__simBitsTCache: Dict[<type>, <type>] = ...")  [var-annotated]
(Nic30)HWToolkit/hwt/hdl/types/structValBase.py:10: error: Need type annotation for '__slots__' (hint: "__slots__: List[<type>] = ...")  [var-annotated]
(Nic30)HWToolkit/hwt/hdl/process.py:25: error: Name 'HdlStatement' is not defined  [name-defined]
(Nic30)HWToolkit/hwt/hdl/process.py:26: error: Name 'RtlSignal' is not defined  [name-defined]
(Nic30)HWToolkit/hwt/hdl/transTmpl.py:115: error: Need type annotation for 'children' (hint: "children: List[<type>] = ...")  [var-annotated]
(Nic30)HWToolkit/hwt/hdl/transTmpl.py:126: error: Incompatible types in assignment (expression has type "TransTmpl", variable has type "List[Any]")  [assignment]
(Nic30)HWToolkit/hwt/hdl/transTmpl.py:128: error: "List[Any]" has no attribute "bitAddrEnd"  [attr-defined]
(Nic30)HWToolkit/hwt/hdl/transTmpl.py:225: error: Incompatible default for argument "otherObjItCtx" (default has type "_DummyIteratorCtx", argument has type "ObjIteratorCtx")  [assignment]
(Nic30)HWToolkit/hwt/hdl/transTmpl.py:266: error: "List[Any]" has no attribute "walkFlatten"  [attr-defined]
(Nic30)HWToolkit/hwt/hdl/transTmpl.py:272: error: Argument 4 to "OneOfTransaction" has incompatible type "List[Any]"; expected "Tuple[TransTmpl]"  [arg-type]
(Nic30)HWToolkit/hwt/hdl/transTmpl.py:275: error: Incompatible types in "yield" (actual type "StreamTransaction", expected type "Union[Tuple[Tuple[int, int], TransTmpl], OneOfTransaction]")  [misc]
(Nic30)HWToolkit/hwt/hdl/transTmpl.py:297: error: Unexpected keyword argument "offset" for "__repr__" of "object"  [call-arg]
/usr/local/lib/python3.6/dist-packages/mypy/typeshed/stdlib/2and3/builtins.pyi:58: note: "__repr__" of "object" defined here
(Nic30)HWToolkit/hwt/hdl/transTmpl.py:297: error: Unexpected keyword argument "offset" for "__repr__" of "object"  [call-arg]
/usr/local/lib/python3.6/dist-packages/mypy/typeshed/stdlib/2and3/builtins.pyi:58: note: "__repr__" of "object" defined here
(Nic30)HWToolkit/hwt/hdl/transTmpl.py:347: error: Incompatible types in "yield" (actual type "Generator[Union[Tuple[Tuple[int, int], TransTmpl], OneOfTransaction], None, None]", expected type "Union[Tuple[Tuple[int, int], TransTmpl], OneOfTransaction]")  [misc]
(Nic30)HWToolkit/hwt/hdl/frameTmplUtils.py:91: error: "TransPartGroup" has no attribute "startOfPart"  [attr-defined]
(Nic30)HWToolkit/hwt/hdl/frameTmplUtils.py:91: error: "TransPartGroup" has no attribute "parent"  [attr-defined]
(Nic30)HWToolkit/hwt/hdl/frameTmplUtils.py:222: error: Name 'TransTmpl' is not defined  [name-defined]
(Nic30)HWToolkit/hwt/hdl/statementUtils.py:51: error: No return value expected  [return-value]
(Nic30)HWToolkit/hwt/hdl/assignment.py:81: error: Cannot determine type of '_enclosed_for'  [has-type]
(Nic30)HWToolkit/hwt/hdl/assignment.py:82: error: Need type annotation for '_enclosed_for' (hint: "_enclosed_for: Set[<type>] = ...")  [var-annotated]
(Nic30)HWToolkit/hwt/hdl/assignment.py:83: error: <nothing> has no attribute "update"  [attr-defined]
(Nic30)HWToolkit/hwt/hdl/assignment.py:87: error: Cannot determine type of '_sensitivity'  [has-type]
(Nic30)HWToolkit/hwt/hdl/assignment.py:90: error: Need type annotation for 'casualSensitivity' (hint: "casualSensitivity: Set[<type>] = ...")  [var-annotated]
(Nic30)HWToolkit/hwt/hdl/assignment.py:95: error: "None" has no attribute "extend"  [attr-defined]
(Nic30)HWToolkit/hwt/hdl/operator.py:78: error: Missing return statement  [return]
(Nic30)HWToolkit/hwt/hdl/transPart.py:20: error: Name 'FrameTmpl' is not defined  [name-defined]
(Nic30)HWToolkit/hwt/interfaces/agents/handshaked.py:219: error: Need type annotation for 'callbacks' (hint: "callbacks: Dict[<type>, <type>] = ...")  [var-annotated]
(Nic30)HWToolkit/hwt/code_utils.py:53: error: Incompatible types in assignment (expression has type "Iterator[Any]", variable has type "Tuple[Any, ...]")  [assignment]
(Nic30)HWToolkit/hwt/synthesizer/rtlLevel/netlist.py:72: error: Need type annotation for 'proc_statements' (hint: "proc_statements: List[<type>] = ...")  [var-annotated]
(Nic30)HWToolkit/hwt/synthesizer/rtlLevel/netlist.py:80: error: Need type annotation for 'enclosed_for' (hint: "enclosed_for: Set[<type>] = ...")  [var-annotated]
(Nic30)HWToolkit/hwt/synthesizer/rtlLevel/netlist.py:82: error: Need type annotation for 'seen' (hint: "seen: Set[<type>] = ...")  [var-annotated]
(Nic30)HWToolkit/hwt/synthesizer/rtlLevel/netlist.py:154: error: Need type annotation for 'processes' (hint: "processes: List[<type>] = ...")  [var-annotated]
(Nic30)HWToolkit/hwt/synthesizer/vectorUtils.py:132: error: "None" has no attribute "_dtype"  [attr-defined]
(Nic30)HWToolkit/hwt/synthesizer/vectorUtils.py:148: error: Value of type "Optional[Any]" is not indexable  [index]
(Nic30)HWToolkit/hwt/synthesizer/vectorUtils.py:150: error: Value of type "Optional[Any]" is not indexable  [index]
(Nic30)HWToolkit/hwt/serializer/resourceAnalyzer/analyzer.py:55: error: Need type annotation for '_keywords_dict' (hint: "_keywords_dict: Dict[<type>, <type>] = ...")  [var-annotated]
(Nic30)HWToolkit/hwt/serializer/resourceAnalyzer/analyzer.py:113: error: Function "analyzer.ResourceAnalyzer.HWProcess" is not valid as a type  [valid-type]
(Nic30)HWToolkit/hwt/serializer/resourceAnalyzer/analyzer.py:113: note: Perhaps you need "Callable[...]" or a callback protocol?
(Nic30)HWToolkit/hwt/serializer/resourceAnalyzer/analyzer.py:118: error: HWProcess? has no attribute "statements"  [attr-defined]
(Nic30)HWToolkit/hwt/serializer/resourceAnalyzer/analyzer.py:166: error: Function "analyzer.ResourceAnalyzer.Entity" is not valid as a type  [valid-type]
(Nic30)HWToolkit/hwt/serializer/resourceAnalyzer/analyzer.py:166: note: Perhaps you need "Callable[...]" or a callback protocol?
(Nic30)HWToolkit/hwt/serializer/resourceAnalyzer/analyzer.py:180: error: Function "analyzer.ResourceAnalyzer.Architecture" is not valid as a type  [valid-type]
(Nic30)HWToolkit/hwt/serializer/resourceAnalyzer/analyzer.py:180: note: Perhaps you need "Callable[...]" or a callback protocol?
(Nic30)HWToolkit/hwt/serializer/resourceAnalyzer/analyzer.py:181: error: Architecture? has no attribute "componentInstances"  [attr-defined]
(Nic30)HWToolkit/hwt/serializer/resourceAnalyzer/analyzer.py:184: error: Architecture? has no attribute "processes"  [attr-defined]
(Nic30)HWToolkit/hwt/serializer/ip_packager.py:145: error: Missing return statement  [return]
(Nic30)HWToolkit/hwt/serializer/ip_packager.py:152: error: Incompatible return value type (got "List[Any]", expected "Union[bool, None, Tuple[int, int]]")  [return-value]
(Nic30)HWToolkit/hwt/simulator/shortcuts.py:5: error: Module 'types' has no attribute 'ModuleType'  [attr-defined]
(Nic30)HWToolkit/hwt/hdl/types/boolVal.py:1: error: Module 'operator' has no attribute 'eq'  [attr-defined]
(Nic30)HWToolkit/hwt/hdl/types/boolVal.py:1: error: Module 'operator' has no attribute 'ne'  [attr-defined]
(Nic30)HWToolkit/hwt/hdl/types/integerVal.py:7: error: Module 'operator' has no attribute 'pow'  [attr-defined]
(Nic30)HWToolkit/hwt/hdl/types/integerVal.py:7: error: Module 'operator' has no attribute 'eq'  [attr-defined]
(Nic30)HWToolkit/hwt/hdl/ifContainter.py:5: error: Module 'operator' has no attribute 'and_'  [attr-defined]
(Nic30)HWToolkit/hwt/hdl/ifContainter.py:81: error: Need type annotation for 'child_keep_mask' (hint: "child_keep_mask: List[<type>] = ...")  [var-annotated]
(Nic30)HWToolkit/hwt/hdl/ifContainter.py:83: error: Need type annotation for 'newIfTrue' (hint: "newIfTrue: List[<type>] = ...")  [var-annotated]
(Nic30)HWToolkit/hwt/hdl/ifContainter.py:92: error: Need type annotation for 'newCase' (hint: "newCase: List[<type>] = ...")  [var-annotated]
(Nic30)HWToolkit/hwt/hdl/ifContainter.py:107: error: Need type annotation for 'newIfFalse' (hint: "newIfFalse: List[<type>] = ...")  [var-annotated]
(Nic30)HWToolkit/hwt/hdl/ifContainter.py:303: error: Incompatible return value type (got "Tuple[Any, bool]", expected "Tuple[bool, List[Any]]")  [return-value]
(Nic30)HWToolkit/hwt/hdl/switchContainer.py:2: error: Module 'operator' has no attribute 'and_'  [attr-defined]
(Nic30)HWToolkit/hwt/hdl/switchContainer.py:42: error: Need type annotation for '_case_value_index' (hint: "_case_value_index: Dict[<type>, <type>] = ...")  [var-annotated]
(Nic30)HWToolkit/hwt/hdl/switchContainer.py:62: error: Cannot determine type of '_enclosed_for'  [has-type]
(Nic30)HWToolkit/hwt/hdl/switchContainer.py:63: error: Need type annotation for '_enclosed_for' (hint: "_enclosed_for: Set[<type>] = ...")  [var-annotated]
(Nic30)HWToolkit/hwt/hdl/switchContainer.py:64: error: Incompatible types in assignment (expression has type "List[<nothing>]", variable has type "None")  [assignment]
(Nic30)HWToolkit/hwt/hdl/switchContainer.py:86: error: Unsupported right operand type for in ("None")  [operator]
(Nic30)HWToolkit/hwt/hdl/switchContainer.py:94: error: Cannot determine type of '_sensitivity'  [has-type]
(Nic30)HWToolkit/hwt/hdl/switchContainer.py:97: error: Need type annotation for 'casual_sensitivity' (hint: "casual_sensitivity: Set[<type>] = ...")  [var-annotated]
(Nic30)HWToolkit/hwt/hdl/switchContainer.py:119: error: No overload variant of "zip" matches argument types "List[Tuple[Any, List[Any]]]", "None"  [call-overload]
(Nic30)HWToolkit/hwt/hdl/switchContainer.py:119: note: Possible overload variant:
(Nic30)HWToolkit/hwt/hdl/switchContainer.py:119: note:     def [_T1, _T2] zip(__iter1, Iterable[_T1], Iterable[_T2]) -> Iterator[Tuple[_T1, _T2]]
(Nic30)HWToolkit/hwt/hdl/switchContainer.py:119: note:     <5 more non-matching overloads not shown>
(Nic30)HWToolkit/hwt/hdl/switchContainer.py:129: error: "None" has no attribute "update"  [attr-defined]
(Nic30)HWToolkit/hwt/hdl/switchContainer.py:163: error: Name 'IfContainer' is not defined  [name-defined]
(Nic30)HWToolkit/hwt/hdl/operatorDefs.py:1: error: Module 'operator' has no attribute 'floordiv'  [attr-defined]
(Nic30)HWToolkit/hwt/hdl/operatorDefs.py:1: error: Module 'operator' has no attribute 'add'  [attr-defined]
(Nic30)HWToolkit/hwt/hdl/operatorDefs.py:1: error: Module 'operator' has no attribute 'sub'  [attr-defined]
(Nic30)HWToolkit/hwt/hdl/operatorDefs.py:1: error: Module 'operator' has no attribute 'inv'  [attr-defined]
(Nic30)HWToolkit/hwt/hdl/operatorDefs.py:1: error: Module 'operator' has no attribute 'mod'  [attr-defined]
(Nic30)HWToolkit/hwt/hdl/operatorDefs.py:1: error: Module 'operator' has no attribute 'mul'  [attr-defined]
(Nic30)HWToolkit/hwt/hdl/operatorDefs.py:1: error: Module 'operator' has no attribute 'ne'  [attr-defined]
(Nic30)HWToolkit/hwt/hdl/operatorDefs.py:1: error: Module 'operator' has no attribute 'and_'  [attr-defined]
(Nic30)HWToolkit/hwt/hdl/operatorDefs.py:1: error: Module 'operator' has no attribute 'or_'  [attr-defined]
(Nic30)HWToolkit/hwt/hdl/operatorDefs.py:1: error: Module 'operator' has no attribute 'xor'  [attr-defined]
(Nic30)HWToolkit/hwt/hdl/operatorDefs.py:1: error: Module 'operator' has no attribute 'gt'  [attr-defined]
(Nic30)HWToolkit/hwt/hdl/operatorDefs.py:1: error: Module 'operator' has no attribute 'ge'  [attr-defined]
(Nic30)HWToolkit/hwt/hdl/operatorDefs.py:1: error: Module 'operator' has no attribute 'lt'  [attr-defined]
(Nic30)HWToolkit/hwt/hdl/operatorDefs.py:1: error: Module 'operator' has no attribute 'le'  [attr-defined]
(Nic30)HWToolkit/hwt/hdl/operatorDefs.py:1: error: Module 'operator' has no attribute 'getitem'  [attr-defined]
(Nic30)HWToolkit/hwt/hdl/operatorDefs.py:1: error: Module 'operator' has no attribute 'neg'  [attr-defined]
(Nic30)HWToolkit/hwt/pyUtils/arrayQuery.py:4: error: Module 'types' has no attribute 'GeneratorType'  [attr-defined]
(Nic30)HWToolkit/hwt/code.py:2: error: Module 'operator' has no attribute 'and_'  [attr-defined]
(Nic30)HWToolkit/hwt/code.py:2: error: Module 'operator' has no attribute 'or_'  [attr-defined]
(Nic30)HWToolkit/hwt/code.py:2: error: Module 'operator' has no attribute 'xor'  [attr-defined]
(Nic30)HWToolkit/hwt/code.py:2: error: Module 'operator' has no attribute 'add'  [attr-defined]
(Nic30)HWToolkit/hwt/serializer/vhdl/serializer.py:49: error: Function "serializer.VhdlSerializer.Architecture" is not valid as a type  [valid-type]
(Nic30)HWToolkit/hwt/serializer/vhdl/serializer.py:49: note: Perhaps you need "Callable[...]" or a callback protocol?
(Nic30)HWToolkit/hwt/serializer/vhdl/serializer.py:50: error: Architecture? has no attribute "entity"  [attr-defined]
(Nic30)HWToolkit/hwt/serializer/vhdl/serializer.py:53: error: Need type annotation for 'extraTypes' (hint: "extraTypes: Set[<type>] = ...")  [var-annotated]
(Nic30)HWToolkit/hwt/serializer/vhdl/serializer.py:55: error: Architecture? has no attribute "variables"  [attr-defined]
(Nic30)HWToolkit/hwt/serializer/vhdl/serializer.py:56: error: Architecture? has no attribute "processes"  [attr-defined]
(Nic30)HWToolkit/hwt/serializer/vhdl/serializer.py:57: error: Architecture? has no attribute "components"  [attr-defined]
(Nic30)HWToolkit/hwt/serializer/vhdl/serializer.py:58: error: Architecture? has no attribute "componentInstances"  [attr-defined]
(Nic30)HWToolkit/hwt/serializer/vhdl/serializer.py:62: error: Architecture? has no attribute "variables"  [attr-defined]
(Nic30)HWToolkit/hwt/serializer/vhdl/serializer.py:74: error: Architecture? has no attribute "processes"  [attr-defined]
(Nic30)HWToolkit/hwt/serializer/vhdl/serializer.py:81: error: Architecture? has no attribute "components"  [attr-defined]
(Nic30)HWToolkit/hwt/serializer/vhdl/serializer.py:89: error: Architecture? has no attribute "componentInstances"  [attr-defined]
(Nic30)HWToolkit/hwt/serializer/vhdl/serializer.py:93: error: Architecture? has no attribute "getEntityName"  [attr-defined]
(Nic30)HWToolkit/hwt/serializer/vhdl/serializer.py:94: error: Architecture? has no attribute "name"  [attr-defined]
(Nic30)HWToolkit/hwt/serializer/vhdl/serializer.py:142: error: Function "serializer.VhdlSerializer.Entity" is not valid as a type  [valid-type]
(Nic30)HWToolkit/hwt/serializer/vhdl/serializer.py:142: note: Perhaps you need "Callable[...]" or a callback protocol?
(Nic30)HWToolkit/hwt/serializer/vhdl/serializer.py:143: error: Entity? has no attribute "origin"  [attr-defined]
(Nic30)HWToolkit/hwt/serializer/vhdl/serializer.py:148: error: Entity? has no attribute "name"  [attr-defined]
(Nic30)HWToolkit/hwt/serializer/vhdl/serializer.py:153: error: Entity? has no attribute "__doc__"  [attr-defined]
(Nic30)HWToolkit/hwt/simulator/vcdHdlSimConfig.py:73: error: Item "None" of "Optional[Any]" has no attribute "addVar"  [union-attr]
(Nic30)HWToolkit/docs/conf.py:112: error: Need type annotation for 'latex_elements' (hint: "latex_elements: Dict[<type>, <type>] = ...")  [var-annotated]
Found 131 errors in 32 files (checked 120 source files)

[RRepo](coala)coala

[RRepo](mlouielu)twstock

[RRepo](ktsstudio)aiokts

[RRepo](caterinaurban)Lyra
(caterinaurban)Lyra/src/lyra/core/types.py:18: error: Argument 1 of "__eq__" is incompatible with supertype "object"; supertype defines the argument type as "object"  [override]
(caterinaurban)Lyra/src/lyra/core/types.py:18: note: It is recommended for "__eq__" to work with arbitrary objects, for example:
(caterinaurban)Lyra/src/lyra/core/types.py:18: note:     def __eq__(self, other: object) -> bool:
(caterinaurban)Lyra/src/lyra/core/types.py:18: note:         if not isinstance(other, LyraType):
(caterinaurban)Lyra/src/lyra/core/types.py:18: note:             return NotImplemented
(caterinaurban)Lyra/src/lyra/core/types.py:18: note:         return <logic to compare two LyraType instances>
(caterinaurban)Lyra/src/lyra/core/types.py:21: error: Argument 1 of "__ne__" is incompatible with supertype "object"; supertype defines the argument type as "object"  [override]
(caterinaurban)Lyra/src/lyra/core/statements.py:35: error: Argument 1 of "__eq__" is incompatible with supertype "object"; supertype defines the argument type as "object"  [override]
(caterinaurban)Lyra/src/lyra/core/statements.py:35: note: It is recommended for "__eq__" to work with arbitrary objects, for example:
(caterinaurban)Lyra/src/lyra/core/statements.py:35: note:     def __eq__(self, other: object) -> bool:
(caterinaurban)Lyra/src/lyra/core/statements.py:35: note:         if not isinstance(other, ProgramPoint):
(caterinaurban)Lyra/src/lyra/core/statements.py:35: note:             return NotImplemented
(caterinaurban)Lyra/src/lyra/core/statements.py:35: note:         return <logic to compare two ProgramPoint instances>
(caterinaurban)Lyra/src/lyra/core/statements.py:41: error: Argument 1 of "__ne__" is incompatible with supertype "object"; supertype defines the argument type as "object"  [override]
(caterinaurban)Lyra/src/lyra/abstract_domains/assumption/alphabet_domain.py:63: error: Need type annotation for 'lattices'  [var-annotated]
(caterinaurban)Lyra/src/lyra/abstract_domains/assumption/alphabet_domain.py:73: error: Name 'variables' already defined on line 69  [no-redef]
(caterinaurban)Lyra/src/lyra/abstract_domains/assumption/quantity_domain.py:72: error: Need type annotation for 'lattices'  [var-annotated]
(caterinaurban)Lyra/src/lyra/abstract_domains/assumption/quantity_domain.py:83: error: Name 'variables' already defined on line 79  [no-redef]
(caterinaurban)Lyra/src/lyra/abstract_domains/assumption/wordset_domain.py:61: error: Need type annotation for 'lattices'  [var-annotated]
(caterinaurban)Lyra/src/lyra/abstract_domains/assumption/wordset_domain.py:71: error: Name 'variables' already defined on line 67  [no-redef]
(caterinaurban)Lyra/src/lyra/abstract_domains/numerical/sign_domain.py:45: error: Name 'Literal' is not defined  [name-defined]
(caterinaurban)Lyra/src/lyra/abstract_domains/numerical/sign_domain.py:46: error: Name 'BooleanLyraType' is not defined  [name-defined]
(caterinaurban)Lyra/src/lyra/abstract_domains/numerical/sign_domain.py:51: error: Name 'IntegerLyraType' is not defined  [name-defined]
(caterinaurban)Lyra/src/lyra/abstract_domains/numerical/sign_domain.py:55: error: Incompatible types in assignment (expression has type "float", variable has type "int")  [assignment]
(caterinaurban)Lyra/src/lyra/abstract_domains/numerical/sign_domain.py:287: error: Name 'Set' is not defined  [name-defined]
(caterinaurban)Lyra/src/lyra/abstract_domains/numerical/sign_domain.py:287: note: Did you forget to import it from "typing"? (Suggestion: "from typing import Set")
(caterinaurban)Lyra/src/lyra/abstract_domains/numerical/sign_domain.py:287: error: Name 'VariableIdentifier' is not defined  [name-defined]
(caterinaurban)Lyra/src/lyra/abstract_domains/numerical/sign_domain.py:292: error: Need type annotation for 'lattices'  [var-annotated]
(caterinaurban)Lyra/src/lyra/abstract_domains/numerical/sign_domain.py:296: error: Name 'Expression' is not defined  [name-defined]
(caterinaurban)Lyra/src/lyra/abstract_domains/numerical/sign_domain.py:297: error: Name 'NegationFreeNormalExpression' is not defined  [name-defined]
(caterinaurban)Lyra/src/lyra/abstract_domains/numerical/sign_domain.py:298: error: Name 'VariableIdentifier' is not defined  [name-defined]
(caterinaurban)Lyra/src/lyra/abstract_domains/numerical/sign_domain.py:298: error: Name 'BooleanLyraType' is not defined  [name-defined]
(caterinaurban)Lyra/src/lyra/abstract_domains/numerical/sign_domain.py:302: error: Name 'UnaryBooleanOperation' is not defined  [name-defined]
(caterinaurban)Lyra/src/lyra/abstract_domains/numerical/sign_domain.py:303: error: Name 'UnaryBooleanOperation' is not defined  [name-defined]
(caterinaurban)Lyra/src/lyra/abstract_domains/numerical/sign_domain.py:304: error: Name 'VariableIdentifier' is not defined  [name-defined]
(caterinaurban)Lyra/src/lyra/abstract_domains/numerical/sign_domain.py:306: error: Name 'BooleanLyraType' is not defined  [name-defined]
(caterinaurban)Lyra/src/lyra/abstract_domains/numerical/sign_domain.py:310: error: Name 'BinaryBooleanOperation' is not defined  [name-defined]
(caterinaurban)Lyra/src/lyra/abstract_domains/numerical/sign_domain.py:312: error: Name 'BinaryComparisonOperation' is not defined  [name-defined]
(caterinaurban)Lyra/src/lyra/abstract_domains/numerical/sign_domain.py:325: error: Name 'Literal' is not defined  [name-defined]
(caterinaurban)Lyra/src/lyra/core/cfg.py:35: error: Argument 1 of "__eq__" is incompatible with supertype "object"; supertype defines the argument type as "object"  [override]
(caterinaurban)Lyra/src/lyra/core/cfg.py:35: note: It is recommended for "__eq__" to work with arbitrary objects, for example:
(caterinaurban)Lyra/src/lyra/core/cfg.py:35: note:     def __eq__(self, other: object) -> bool:
(caterinaurban)Lyra/src/lyra/core/cfg.py:35: note:         if not isinstance(other, Node):
(caterinaurban)Lyra/src/lyra/core/cfg.py:35: note:             return NotImplemented
(caterinaurban)Lyra/src/lyra/core/cfg.py:35: note:         return <logic to compare two Node instances>
(caterinaurban)Lyra/src/lyra/core/cfg.py:41: error: Argument 1 of "__ne__" is incompatible with supertype "object"; supertype defines the argument type as "object"  [override]
(caterinaurban)Lyra/src/lyra/core/cfg.py:120: error: Argument 1 of "__eq__" is incompatible with supertype "object"; supertype defines the argument type as "object"  [override]
(caterinaurban)Lyra/src/lyra/core/cfg.py:120: note: It is recommended for "__eq__" to work with arbitrary objects, for example:
(caterinaurban)Lyra/src/lyra/core/cfg.py:120: note:     def __eq__(self, other: object) -> bool:
(caterinaurban)Lyra/src/lyra/core/cfg.py:120: note:         if not isinstance(other, Edge):
(caterinaurban)Lyra/src/lyra/core/cfg.py:120: note:             return NotImplemented
(caterinaurban)Lyra/src/lyra/core/cfg.py:120: note:         return <logic to compare two Edge instances>
(caterinaurban)Lyra/src/lyra/core/cfg.py:126: error: Argument 1 of "__ne__" is incompatible with supertype "object"; supertype defines the argument type as "object"  [override]
(caterinaurban)Lyra/src/lyra/core/cfg.py:148: error: Argument 1 to "__init__" of "Edge" has incompatible type "Optional[Node]"; expected "Node"  [arg-type]
(caterinaurban)Lyra/src/lyra/core/cfg.py:148: error: Argument 2 to "__init__" of "Edge" has incompatible type "Optional[Node]"; expected "Node"  [arg-type]
(caterinaurban)Lyra/src/lyra/core/cfg.py:164: error: Argument 1 to "__init__" of "Edge" has incompatible type "Optional[Node]"; expected "Node"  [arg-type]
(caterinaurban)Lyra/src/lyra/core/cfg.py:164: error: Argument 2 to "__init__" of "Edge" has incompatible type "Optional[Node]"; expected "Node"  [arg-type]
(caterinaurban)Lyra/src/lyra/visualization/graph_renderer.py:11: error: Name 'ABCMeta' is not defined  [name-defined]
(caterinaurban)Lyra/src/lyra/visualization/graph_renderer.py:67: error: Name 'abstractmethod' is not defined  [name-defined]
(caterinaurban)Lyra/src/lyra/engine/result.py:15: error: Need type annotation for '_result' (hint: "_result: Dict[<type>, <type>] = ...")  [var-annotated]
(caterinaurban)Lyra/src/lyra/abstract_domains/usage/usage_domain.py:90: error: Need type annotation for 'lattices'  [var-annotated]
(caterinaurban)Lyra/src/lyra/abstract_domains/assumption/range_domain.py:48: error: Incompatible types in assignment (expression has type "float", variable has type "str")  [assignment]
(caterinaurban)Lyra/src/lyra/abstract_domains/assumption/range_domain.py:49: error: Incompatible types in assignment (expression has type "float", variable has type "str")  [assignment]
(caterinaurban)Lyra/src/lyra/abstract_domains/assumption/range_domain.py:73: error: Need type annotation for 'lattices'  [var-annotated]
(caterinaurban)Lyra/src/lyra/abstract_domains/assumption/range_domain.py:87: error: Name 'variables' already defined on line 83  [no-redef]
(caterinaurban)Lyra/src/lyra/abstract_domains/string/stringset_domain.py:118: error: Need type annotation for 'lattices'  [var-annotated]
(caterinaurban)Lyra/src/lyra/abstract_domains/string/character_domain.py:41: error: Name 'Set' is not defined  [name-defined]
(caterinaurban)Lyra/src/lyra/abstract_domains/string/character_domain.py:41: note: Did you forget to import it from "typing"? (Suggestion: "from typing import Set")
(caterinaurban)Lyra/src/lyra/abstract_domains/string/character_domain.py:50: error: Name 'Literal' is not defined  [name-defined]
(caterinaurban)Lyra/src/lyra/abstract_domains/string/character_domain.py:76: error: Name 'Set' is not defined  [name-defined]
(caterinaurban)Lyra/src/lyra/abstract_domains/string/character_domain.py:76: note: Did you forget to import it from "typing"? (Suggestion: "from typing import Set")
(caterinaurban)Lyra/src/lyra/abstract_domains/string/character_domain.py:146: error: Name 'Set' is not defined  [name-defined]
(caterinaurban)Lyra/src/lyra/abstract_domains/string/character_domain.py:146: note: Did you forget to import it from "typing"? (Suggestion: "from typing import Set")
(caterinaurban)Lyra/src/lyra/abstract_domains/string/character_domain.py:146: error: Name 'VariableIdentifier' is not defined  [name-defined]
(caterinaurban)Lyra/src/lyra/abstract_domains/string/character_domain.py:147: error: Need type annotation for 'lattices'  [var-annotated]
(caterinaurban)Lyra/src/lyra/abstract_domains/string/character_domain.py:151: error: Name 'Expression' is not defined  [name-defined]
(caterinaurban)Lyra/src/lyra/abstract_domains/string/character_domain.py:152: error: Name 'UnaryBooleanOperation' is not defined  [name-defined]
(caterinaurban)Lyra/src/lyra/abstract_domains/string/character_domain.py:153: error: Name 'UnaryBooleanOperation' is not defined  [name-defined]
(caterinaurban)Lyra/src/lyra/abstract_domains/string/character_domain.py:155: error: Name 'BinaryComparisonOperation' is not defined  [name-defined]
(caterinaurban)Lyra/src/lyra/abstract_domains/string/character_domain.py:160: error: Name 'BinaryComparisonOperation' is not defined  [name-defined]
(caterinaurban)Lyra/src/lyra/abstract_domains/string/character_domain.py:162: error: Name 'UnaryBooleanOperation' is not defined  [name-defined]
(caterinaurban)Lyra/src/lyra/abstract_domains/string/character_domain.py:163: error: Name 'UnaryBooleanOperation' is not defined  [name-defined]
(caterinaurban)Lyra/src/lyra/abstract_domains/string/character_domain.py:165: error: Name 'BinaryBooleanOperation' is not defined  [name-defined]
(caterinaurban)Lyra/src/lyra/abstract_domains/string/character_domain.py:167: error: Name 'UnaryBooleanOperation' is not defined  [name-defined]
(caterinaurban)Lyra/src/lyra/abstract_domains/string/character_domain.py:168: error: Name 'UnaryBooleanOperation' is not defined  [name-defined]
(caterinaurban)Lyra/src/lyra/abstract_domains/string/character_domain.py:171: error: Name 'UnaryBooleanOperation' is not defined  [name-defined]
(caterinaurban)Lyra/src/lyra/abstract_domains/string/character_domain.py:172: error: Name 'UnaryBooleanOperation' is not defined  [name-defined]
(caterinaurban)Lyra/src/lyra/abstract_domains/string/character_domain.py:174: error: Name 'BinaryBooleanOperation' is not defined  [name-defined]
(caterinaurban)Lyra/src/lyra/abstract_domains/string/character_domain.py:176: error: Name 'BinaryBooleanOperation' is not defined  [name-defined]
(caterinaurban)Lyra/src/lyra/abstract_domains/string/character_domain.py:177: error: Name 'BinaryBooleanOperation' is not defined  [name-defined]
(caterinaurban)Lyra/src/lyra/abstract_domains/string/character_domain.py:180: error: Name 'BinaryBooleanOperation' is not defined  [name-defined]
(caterinaurban)Lyra/src/lyra/abstract_domains/string/character_domain.py:183: error: Name 'BinaryComparisonOperation' is not defined  [name-defined]
(caterinaurban)Lyra/src/lyra/abstract_domains/string/character_domain.py:184: error: Name 'BinaryComparisonOperation' is not defined  [name-defined]
(caterinaurban)Lyra/src/lyra/abstract_domains/liveness/liveness_domain.py:120: error: Need type annotation for 'lattices'  [var-annotated]
(caterinaurban)Lyra/src/lyra/abstract_domains/state.py:32: error: Need type annotation for '_result' (hint: "_result: Set[<type>] = ...")  [var-annotated]
(caterinaurban)Lyra/src/lyra/abstract_domains/state.py:276: error: Name 'arguments' already defined on line 273  [no-redef]
Found 72 errors in 15 files (checked 55 source files)

[RRepo](WEEE-Open)weeelab-telegram-bot
(WEEE-Open)weeelab-telegram-bot/Weeelablib.py:11: error: Need type annotation for 'log' (hint: "log: List[<type>] = ...")  [var-annotated]
(WEEE-Open)weeelab-telegram-bot/Weeelablib.py:23: error: Need type annotation for 'old_log' (hint: "old_log: List[<type>] = ...")  [var-annotated]
(WEEE-Open)weeelab-telegram-bot/Weeelablib.py:185: error: "None" has no attribute "__iter__" (not iterable)  [attr-defined]
(WEEE-Open)weeelab-telegram-bot/Weeelablib.py:197: error: "None" has no attribute "__iter__" (not iterable)  [attr-defined]
(WEEE-Open)weeelab-telegram-bot/Weeelablib.py:278: error: Item "None" of "Optional[Match[str]]" has no attribute "group"  [union-attr]
(WEEE-Open)weeelab-telegram-bot/Weeelablib.py:279: error: Item "None" of "Optional[Match[str]]" has no attribute "group"  [union-attr]
(WEEE-Open)weeelab-telegram-bot/Weeelablib.py:280: error: Item "None" of "Optional[Match[str]]" has no attribute "group"  [union-attr]
(WEEE-Open)weeelab-telegram-bot/Weeelablib.py:281: error: Item "None" of "Optional[Match[str]]" has no attribute "group"  [union-attr]
(WEEE-Open)weeelab-telegram-bot/Weeelablib.py:282: error: Item "None" of "Optional[Match[str]]" has no attribute "group"  [union-attr]
(WEEE-Open)weeelab-telegram-bot/ToLab.py:26: error: Incompatible types in assignment (expression has type "int", target has type "str")  [assignment]
Found 10 errors in 2 files (checked 3 source files)

[RRepo](vakabus)pybakalib
Success: no issues found in 7 source files

[RRepo](jwkvam)bowtie
(jwkvam)bowtie/doc/conf.py:228: error: Need type annotation for 'latex_elements' (hint: "latex_elements: Dict[<type>, <type>] = ...")  [var-annotated]
Found 1 error in 1 file (checked 28 source files)

[RRepo](twisteroidambassador)pluggabletransportadapter
(twisteroidambassador)pluggabletransportadapter/ptadapter/str_utils.py:95: error: Generator has incompatible item type "List[str]"; expected "Tuple[str, str]"  [misc]
(twisteroidambassador)pluggabletransportadapter/ptadapter/str_utils.py:109: error: Incompatible return value type (got "Tuple[Optional[str], int]", expected "Tuple[str, int]")  [return-value]
(twisteroidambassador)pluggabletransportadapter/ptadapter/str_utils.py:122: error: Item "str" of "Union[str, IPv4Address, IPv6Address]" has no attribute "version"  [union-attr]
(twisteroidambassador)pluggabletransportadapter/ptadapter/str_utils.py:123: error: Item "str" of "Union[str, IPv4Address, IPv6Address]" has no attribute "compressed"  [union-attr]
(twisteroidambassador)pluggabletransportadapter/ptadapter/str_utils.py:125: error: Item "str" of "Union[str, IPv4Address, IPv6Address]" has no attribute "compressed"  [union-attr]
Found 5 errors in 1 file (checked 1 source file)

[RRepo](tonnie17)flowlight
(tonnie17)flowlight/flowlight/core/connection.py:106: error: Argument 1 to "ensure_connect" has incompatible type "Callable[[Connection, Command], Any]"; expected "Connection"  [arg-type]
(tonnie17)flowlight/flowlight/core/connection.py:110: error: Argument 1 to "ensure_connect" has incompatible type "Callable[[Connection, Command], Coroutine[Any, Any, Any]]"; expected "Connection"  [arg-type]
(tonnie17)flowlight/flowlight/core/connection.py:156: error: "IO[bytes]" has no attribute "setblocking"  [attr-defined]
(tonnie17)flowlight/flowlight/core/connection.py:157: error: "IO[bytes]" has no attribute "exec_command"  [attr-defined]
(tonnie17)flowlight/flowlight/core/connection.py:176: error: Argument 1 to "ensure_connect" has incompatible type "Callable[[Connection], Any]"; expected "Connection"  [arg-type]

[RRepo](jbarlow83)OCRmyPDF
(jbarlow83)OCRmyPDF/src/ocrmypdf/pdfinfo/layout.py:34: error: Relative import climbs too many namespaces  [misc]
(jbarlow83)OCRmyPDF/docs/conf.py:272: error: Need type annotation for 'latex_elements' (hint: "latex_elements: Dict[<type>, <type>] = ...")  [var-annotated]
(jbarlow83)OCRmyPDF/src/ocrmypdf/pdfinfo/ghosttext.py:22: error: Relative import climbs too many namespaces  [misc]
Found 3 errors in 3 files (checked 43 source files)

[RRepo](quodlibet)quodlibet
(quodlibet)quodlibet/radio_crawler/fetch_xiph.py:46: error: invalid syntax  [syntax]
Found 1 error in 1 file (checked 443 source files)

[RRepo](jesopo)bitbot
(jesopo)bitbot/modules/channel_op.py:133: error: Name 'op' already defined on line 121  [no-redef]
(jesopo)bitbot/modules/location.py:11: error: "None" not callable  [misc]
(jesopo)bitbot/src/EventManager.py:40: error: Need type annotation for '_kwargs' (hint: "_kwargs: Dict[<type>, <type>] = ...")  [var-annotated]
(jesopo)bitbot/src/EventManager.py:41: error: Need type annotation for '_multi_kwargs' (hint: "_multi_kwargs: Dict[<type>, <type>] = ...")  [var-annotated]
(jesopo)bitbot/src/EventManager.py:97: error: Argument 5 to "_hook" of "EventRoot" has incompatible type "List[Tuple[str, Any]]"; expected "Dict[Any, Any]"  [arg-type]
(jesopo)bitbot/src/EventManager.py:149: error: Argument 5 to "EventHook" has incompatible type "Dict[Any, Any]"; expected "List[Tuple[str, Any]]"  [arg-type]
(jesopo)bitbot/src/ModuleManager.py:184: error: Module has no attribute "util"  [attr-defined]
(jesopo)bitbot/src/ModuleManager.py:186: error: Module has no attribute "util"  [attr-defined]
(jesopo)bitbot/src/utils/__init__.py:244: error: Argument 1 of "__contains__" is incompatible with supertype "Mapping"; supertype defines the argument type as "object"  [override]
(jesopo)bitbot/src/utils/__init__.py:244: error: Argument 1 of "__contains__" is incompatible with supertype "Container"; supertype defines the argument type as "object"  [override]
(jesopo)bitbot/src/IRCBuffer.py:66: error: Item "None" of "Optional[Match[str]]" has no attribute "group"  [union-attr]
(jesopo)bitbot/src/IRCLine.py:118: error: Incompatible return value type (got "List[str]", expected "Tuple[str, str]")  [return-value]
(jesopo)bitbot/src/IRCLine.py:148: error: Name 'EventManager' is not defined  [name-defined]
(jesopo)bitbot/modules/tfl.py:25: error: Need type annotation for 'result_map' (hint: "result_map: Dict[<type>, <type>] = ...")  [var-annotated]
Found 14 errors in 8 files (checked 143 source files)

[RRepo](475Cumulus)TBone
(475Cumulus)TBone/tbone/resources/sanic.py:4: error: Module 'sanic' has no attribute 'response'  [attr-defined]
(475Cumulus)TBone/tbone/resources/sanic.py:4: error: Module 'sanic' has no attribute 'response'  [attr-defined]
(475Cumulus)TBone/setup.py:13: error: Module 'tbone' has no attribute '__version__'  [attr-defined]
(475Cumulus)TBone/tbone/data/fields/base.py:304: error: Name 'validator' is not defined  [name-defined]
(475Cumulus)TBone/examples/snippets/sanic_resource_hookup.py:1: error: Module 'sanic' has no attribute 'Sanic'  [attr-defined]
(475Cumulus)TBone/examples/snippets/sanic_resource_hookup.py:2: error: Module 'tbone.resources' has no attribute 'Resource'  [attr-defined]
(475Cumulus)TBone/tbone/data/fields/network.py:15: error: Name 'validator' is not defined  [name-defined]
(475Cumulus)TBone/tbone/data/fields/network.py:27: error: Name 'validator' is not defined  [name-defined]

[RRepo](jrg365)gpytorch
(jrg365)gpytorch/gpytorch/models/exact_gp.py:8: error: No parent module -- cannot perform relative import  [misc]
Found 1 error in 1 file (checked 173 source files)

[RRepo](sirex)gramtool
(sirex)gramtool/gramtool/hunspell.py:22: error: Incompatible types in assignment (expression has type "bytes", variable has type "str")  [assignment]
(sirex)gramtool/gramtool/hunspell.py:31: error: Incompatible types in assignment (expression has type "bytes", variable has type "str")  [assignment]
(sirex)gramtool/gramtool/api.py:12: error: Need type annotation for '_dicts' (hint: "_dicts: Dict[<type>, <type>] = ...")  [var-annotated]
Found 3 errors in 2 files (checked 12 source files)

[RRepo](catmaid)CATMAID
(catmaid)CATMAID/scripts/remote/upload_swc.py:61: error: invalid syntax  [syntax]
Found 1 error in 1 file (checked 129 source files)

[RRepo](MartinHjelmare)home-assistant
(MartinHjelmare)home-assistant/homeassistant/components/zha/core/registries.py:20: error: Need type annotation for 'DEVICE_CLASS' (hint: "DEVICE_CLASS: Dict[<type>, <type>] = ...")  [var-annotated]
(MartinHjelmare)home-assistant/homeassistant/components/zha/core/registries.py:21: error: Need type annotation for 'SINGLE_INPUT_CLUSTER_DEVICE_CLASS' (hint: "SINGLE_INPUT_CLUSTER_DEVICE_CLASS: Dict[<type>, <type>] = ...")  [var-annotated]
(MartinHjelmare)home-assistant/homeassistant/components/zha/core/registries.py:22: error: Need type annotation for 'SINGLE_OUTPUT_CLUSTER_DEVICE_CLASS' (hint: "SINGLE_OUTPUT_CLUSTER_DEVICE_CLASS: Dict[<type>, <type>] = ...")  [var-annotated]
(MartinHjelmare)home-assistant/homeassistant/components/zha/core/registries.py:23: error: Need type annotation for 'SENSOR_TYPES' (hint: "SENSOR_TYPES: Dict[<type>, <type>] = ...")  [var-annotated]
(MartinHjelmare)home-assistant/homeassistant/components/zha/core/registries.py:25: error: Need type annotation for 'BINARY_SENSOR_TYPES' (hint: "BINARY_SENSOR_TYPES: Dict[<type>, <type>] = ...")  [var-annotated]
(MartinHjelmare)home-assistant/homeassistant/components/zha/core/registries.py:26: error: Need type annotation for 'CLUSTER_REPORT_CONFIGS' (hint: "CLUSTER_REPORT_CONFIGS: Dict[<type>, <type>] = ...")  [var-annotated]
(MartinHjelmare)home-assistant/homeassistant/components/zha/core/registries.py:27: error: Need type annotation for 'CUSTOM_CLUSTER_MAPPINGS' (hint: "CUSTOM_CLUSTER_MAPPINGS: Dict[<type>, <type>] = ...")  [var-annotated]
(MartinHjelmare)home-assistant/homeassistant/components/zha/core/registries.py:28: error: Need type annotation for 'COMPONENT_CLUSTERS' (hint: "COMPONENT_CLUSTERS: Dict[<type>, <type>] = ...")  [var-annotated]
(MartinHjelmare)home-assistant/homeassistant/util/logging.py:14: error: Name 'logging.Filter' is not defined  [name-defined]
(MartinHjelmare)home-assistant/homeassistant/util/logging.py:22: error: Name 'logging.LogRecord' is not defined  [name-defined]
(MartinHjelmare)home-assistant/homeassistant/util/logging.py:34: error: Name 'logging.Handler' is not defined  [name-defined]
(MartinHjelmare)home-assistant/homeassistant/util/logging.py:69: error: Name 'logging.LogRecord' is not defined  [name-defined]
(MartinHjelmare)home-assistant/homeassistant/util/logging.py:114: error: Name 'logging.Formatter' is not defined  [name-defined]
(MartinHjelmare)home-assistant/homeassistant/util/logging.py:135: error: Item "None" of "Optional[Module]" has no attribute "__name__"  [union-attr]
(MartinHjelmare)home-assistant/homeassistant/util/logging.py:140: error: Module has no attribute "getLogger"  [attr-defined]
(MartinHjelmare)home-assistant/homeassistant/components/zha/core/const.py:116: error: Module has no attribute "DEBUG"  [attr-defined]
(MartinHjelmare)home-assistant/homeassistant/components/zha/core/const.py:117: error: Module has no attribute "DEBUG"  [attr-defined]
(MartinHjelmare)home-assistant/homeassistant/components/zha/core/const.py:118: error: Module has no attribute "DEBUG"  [attr-defined]
(MartinHjelmare)home-assistant/homeassistant/components/zha/core/const.py:119: error: Module has no attribute "DEBUG"  [attr-defined]
(MartinHjelmare)home-assistant/homeassistant/components/zha/core/const.py:120: error: Module has no attribute "DEBUG"  [attr-defined]
(MartinHjelmare)home-assistant/homeassistant/components/amcrest/switch.py:9: error: Module has no attribute "getLogger"  [attr-defined]
(MartinHjelmare)home-assistant/homeassistant/components/amcrest/sensor.py:10: error: Module has no attribute "getLogger"  [attr-defined]
(MartinHjelmare)home-assistant/homeassistant/components/homematicip_cloud/device.py:9: error: Module has no attribute "getLogger"  [attr-defined]
(MartinHjelmare)home-assistant/homeassistant/components/alexa/__init__.py:9: error: Module 'alexa' has no attribute 'flash_briefings'  [attr-defined]
(MartinHjelmare)home-assistant/homeassistant/components/alexa/__init__.py:9: error: Module 'alexa' has no attribute 'intent'  [attr-defined]
(MartinHjelmare)home-assistant/homeassistant/components/alexa/__init__.py:9: error: Module 'alexa' has no attribute 'smart_home'  [attr-defined]
(MartinHjelmare)home-assistant/homeassistant/components/alexa/__init__.py:15: error: Module has no attribute "getLogger"  [attr-defined]
(MartinHjelmare)home-assistant/homeassistant/components/homeassistant/__init__.py:20: error: Module has no attribute "getLogger"  [attr-defined]
(MartinHjelmare)home-assistant/homeassistant/components/homeassistant/__init__.py:137: error: Incompatible return value type (got "bool", expected "Awaitable[bool]")  [return-value]
(MartinHjelmare)home-assistant/tests/components/device_tracker/test_mqtt.py:14: error: Module has no attribute "getLogger"  [attr-defined]
(MartinHjelmare)home-assistant/homeassistant/helpers/area_registry.py:16: error: Module has no attribute "getLogger"  [attr-defined]
(MartinHjelmare)home-assistant/homeassistant/helpers/storage.py:15: error: Module has no attribute "getLogger"  [attr-defined]
(MartinHjelmare)home-assistant/homeassistant/helpers/storage.py:81: error: Incompatible types in "await" (actual type "None", expected type "Awaitable[Any]")  [misc]
(MartinHjelmare)home-assistant/homeassistant/helpers/storage.py:111: error: Incompatible types in assignment (expression has type "Dict[str, object]", variable has type "None")  [assignment]
(MartinHjelmare)home-assistant/homeassistant/helpers/storage.py:125: error: Incompatible types in assignment (expression has type "Dict[str, object]", variable has type "None")  [assignment]
(MartinHjelmare)home-assistant/homeassistant/helpers/entity_registry.py:29: error: Module has no attribute "getLogger"  [attr-defined]
(MartinHjelmare)home-assistant/homeassistant/helpers/entity_registry.py:48: error: Incompatible types in assignment (expression has type "Optional[str]", variable has type "str")  [assignment]
(MartinHjelmare)home-assistant/homeassistant/components/zha/core/store.py:14: error: Module has no attribute "getLogger"  [attr-defined]

[RRepo](hsolbrig)SNOMEDToOWL
(hsolbrig)SNOMEDToOWL/SNOMEDCTToOWL/RF2Files/Relationship.py:34: error: Name 'StatedRelationshipFilePrefix' is not defined  [name-defined]
(hsolbrig)SNOMEDToOWL/SNOMEDCTToOWL/RF2Files/Relationship.py:35: error: Name 'RelationshipFilePrefix' is not defined  [name-defined]
(hsolbrig)SNOMEDToOWL/SNOMEDCTToOWL/RF2Files/Relationship.py:54: error: Name 'Defining_relationship_sctid' is not defined  [name-defined]
(hsolbrig)SNOMEDToOWL/SNOMEDCTToOWL/RF2Files/Relationship.py:55: error: Name 'Some_sctid' is not defined  [name-defined]
(hsolbrig)SNOMEDToOWL/SNOMEDCTToOWL/RF2Files/Relationship.py:56: error: Name 'Is_a_sctid' is not defined  [name-defined]
(hsolbrig)SNOMEDToOWL/SNOMEDCTToOWL/RF2Files/Relationship.py:63: error: Name 'SCTID' is not defined  [name-defined]
(hsolbrig)SNOMEDToOWL/SNOMEDCTToOWL/RF2Files/Relationship.py:71: error: Name 'SCTID' is not defined  [name-defined]
(hsolbrig)SNOMEDToOWL/SNOMEDCTToOWL/RF2Files/Language.py:38: error: Name 'LanguageFilePrefix' is not defined  [name-defined]
(hsolbrig)SNOMEDToOWL/SNOMEDCTToOWL/RF2Files/Language.py:56: error: Name 'SCTID' is not defined  [name-defined]
(hsolbrig)SNOMEDToOWL/SNOMEDCTToOWL/RF2Files/Language.py:62: error: Name 'Preferred_sctid' is not defined  [name-defined]
(hsolbrig)SNOMEDToOWL/SNOMEDCTToOWL/RF2Files/Language.py:64: error: Name 'SCTID' is not defined  [name-defined]
(hsolbrig)SNOMEDToOWL/SNOMEDCTToOWL/RF2Files/Language.py:70: error: Name 'Acceptable_sctid' is not defined  [name-defined]
(hsolbrig)SNOMEDToOWL/SNOMEDCTToOWL/RF2Files/Language.py:72: error: Name 'SCTID' is not defined  [name-defined]
(hsolbrig)SNOMEDToOWL/SNOMEDCTToOWL/RF2Files/Concept.py:35: error: Name 'Primitive_sctid' is not defined  [name-defined]
(hsolbrig)SNOMEDToOWL/SNOMEDCTToOWL/RF2Files/Concept.py:39: error: Name 'ConceptFilePrefix' is not defined  [name-defined]
(hsolbrig)SNOMEDToOWL/SNOMEDCTToOWL/RF2Files/Concept.py:60: error: Name 'Linkage_concept_sctid' is not defined  [name-defined]
(hsolbrig)SNOMEDToOWL/SNOMEDCTToOWL/RF2Files/Concept.py:62: error: Name 'Concept_model_attribute_sctid' is not defined  [name-defined]
(hsolbrig)SNOMEDToOWL/SNOMEDCTToOWL/RF2Files/RF2File.py:18: error: Incompatible return value type (got "None", expected "bool")  [return-value]
(hsolbrig)SNOMEDToOWL/SNOMEDCTToOWL/RF2Files/Description.py:43: error: Name 'DescriptionFilePrefix' is not defined  [name-defined]
(hsolbrig)SNOMEDToOWL/SNOMEDCTToOWL/RF2Files/Description.py:44: error: Name 'TextDefinitionFilePrefix' is not defined  [name-defined]
(hsolbrig)SNOMEDToOWL/SNOMEDCTToOWL/RF2Files/Description.py:50: error: Need type annotation for '_members' (hint: "_members: Dict[<type>, <type>] = ...")  [var-annotated]
(hsolbrig)SNOMEDToOWL/SNOMEDCTToOWL/RF2Files/Description.py:74: error: Name 'Concept_model_attribute_sctid' is not defined  [name-defined]
(hsolbrig)SNOMEDToOWL/SNOMEDCTToOWL/RF2Files/Description.py:75: error: Name 'Fully_specified_name_sctid' is not defined  [name-defined]
(hsolbrig)SNOMEDToOWL/SNOMEDCTToOWL/RF2Files/Description.py:77: error: Name 'AlwaysEmitOWLFor' is not defined  [name-defined]
(hsolbrig)SNOMEDToOWL/SNOMEDCTToOWL/RF2Files/Description.py:80: error: Name 'SCTID' is not defined  [name-defined]
(hsolbrig)SNOMEDToOWL/SNOMEDCTToOWL/RF2Files/Description.py:87: error: Name 'Fully_specified_name_sctid' is not defined  [name-defined]
(hsolbrig)SNOMEDToOWL/SNOMEDCTToOWL/RF2Files/Description.py:110: error: Name 'SCTID' is not defined  [name-defined]
(hsolbrig)SNOMEDToOWL/SNOMEDCTToOWL/RF2Files/Description.py:116: error: Name 'Synonym_sctid' is not defined  [name-defined]
(hsolbrig)SNOMEDToOWL/SNOMEDCTToOWL/RF2Files/Description.py:118: error: Name 'SCTID' is not defined  [name-defined]
(hsolbrig)SNOMEDToOWL/SNOMEDCTToOWL/RF2Files/Description.py:124: error: Name 'Definition_sctid' is not defined  [name-defined]
(hsolbrig)SNOMEDToOWL/SNOMEDCTToOWL/RF2Filter.py:10: error: Name 'Is_a_sctid' is not defined  [name-defined]
(hsolbrig)SNOMEDToOWL/SNOMEDCTToOWL/RF2Filter.py:10: error: Name 'Concept_model_attribute_sctid' is not defined  [name-defined]
(hsolbrig)SNOMEDToOWL/SNOMEDCTToOWL/RF2Filter.py:10: error: Name 'Linkage_concept_sctid' is not defined  [name-defined]
(hsolbrig)SNOMEDToOWL/SNOMEDCTToOWL/RF2Filter.py:10: error: Name 'Defined_sctid' is not defined  [name-defined]
(hsolbrig)SNOMEDToOWL/SNOMEDCTToOWL/RF2Filter.py:11: error: Name 'Primitive_sctid' is not defined  [name-defined]
(hsolbrig)SNOMEDToOWL/SNOMEDCTToOWL/RF2Filter.py:11: error: Name 'Fully_specified_name_sctid' is not defined  [name-defined]
(hsolbrig)SNOMEDToOWL/SNOMEDCTToOWL/RF2Filter.py:11: error: Name 'Definition_sctid' is not defined  [name-defined]
(hsolbrig)SNOMEDToOWL/SNOMEDCTToOWL/RF2Filter.py:11: error: Name 'Synonym_sctid' is not defined  [name-defined]
(hsolbrig)SNOMEDToOWL/SNOMEDCTToOWL/RF2Filter.py:11: error: Name 'Module_sctid' is not defined  [name-defined]
(hsolbrig)SNOMEDToOWL/SNOMEDCTToOWL/RF2Filter.py:12: error: Name 'Preferred_sctid' is not defined  [name-defined]
(hsolbrig)SNOMEDToOWL/SNOMEDCTToOWL/RF2Filter.py:12: error: Name 'Acceptable_sctid' is not defined  [name-defined]
(hsolbrig)SNOMEDToOWL/SNOMEDCTToOWL/RF2Filter.py:12: error: Name 'Role_group_sctid' is not defined  [name-defined]
(hsolbrig)SNOMEDToOWL/SNOMEDCTToOWL/RF2Filter.py:12: error: Name 'Defining_relationship_sctid' is not defined  [name-defined]
(hsolbrig)SNOMEDToOWL/SNOMEDCTToOWL/RF2Filter.py:12: error: Name 'Some_sctid' is not defined  [name-defined]
(hsolbrig)SNOMEDToOWL/SNOMEDCTToOWL/RF2Filter.py:13: error: Name 'Inferred_relationship_sctid' is not defined  [name-defined]
(hsolbrig)SNOMEDToOWL/SNOMEDCTToOWL/RF2Filter.py:13: error: Name 'Stated_relationship_sctid' is not defined  [name-defined]
(hsolbrig)SNOMEDToOWL/SNOMEDCTToOWL/RF2Filter.py:13: error: Name 'IHTSDO_maintained_module_sctid' is not defined  [name-defined]
(hsolbrig)SNOMEDToOWL/SNOMEDCTToOWL/RF2Filter.py:14: error: Name 'Namespace_concept_sctid' is not defined  [name-defined]
(hsolbrig)SNOMEDToOWL/SNOMEDCTToOWL/RF2Filter.py:14: error: Name 'Core_metadata_concept_sctid' is not defined  [name-defined]
(hsolbrig)SNOMEDToOWL/SNOMEDCTToOWL/RF2Filter.py:14: error: Name 'SNOMED_CT_Model_Component_sctid' is not defined  [name-defined]
(hsolbrig)SNOMEDToOWL/SNOMEDCTToOWL/RF2Filter.py:25: error: Need type annotation for '_matched_concepts' (hint: "_matched_concepts: Set[<type>] = ...")  [var-annotated]
(hsolbrig)SNOMEDToOWL/SNOMEDCTToOWL/RF2Filter.py:26: error: Need type annotation for '_visited_concepts' (hint: "_visited_concepts: Set[<type>] = ...")  [var-annotated]
(hsolbrig)SNOMEDToOWL/SNOMEDCTToOWL/RF2Filter.py:27: error: Need type annotation for '_visited_descriptions' (hint: "_visited_descriptions: Set[<type>] = ...")  [var-annotated]
(hsolbrig)SNOMEDToOWL/SNOMEDCTToOWL/RF2Filter.py:34: error: Name 'Concept_model_attribute_sctid' is not defined  [name-defined]
(hsolbrig)SNOMEDToOWL/SNOMEDCTToOWL/RF2Filter.py:53: error: Name 'RelationshipFilePrefix' is not defined  [name-defined]
(hsolbrig)SNOMEDToOWL/SNOMEDCTToOWL/RF2Filter.py:62: error: Name 'Is_a_sctid' is not defined  [name-defined]
(hsolbrig)SNOMEDToOWL/SNOMEDCTToOWL/RF2Filter.py:82: error: Name 'RelationshipFilePrefix' is not defined  [name-defined]
(hsolbrig)SNOMEDToOWL/SNOMEDCTToOWL/RF2Filter.py:83: error: Name 'StatedRelationshipFilePrefix' is not defined  [name-defined]
(hsolbrig)SNOMEDToOWL/SNOMEDCTToOWL/RF2Filter.py:100: error: Name 'Is_a_sctid' is not defined  [name-defined]
(hsolbrig)SNOMEDToOWL/SNOMEDCTToOWL/RF2Filter.py:103: error: "add" of "set" does not return a value  [func-returns-value]
(hsolbrig)SNOMEDToOWL/SNOMEDCTToOWL/RF2Filter.py:109: error: Name 'ConceptFilePrefix' is not defined  [name-defined]
(hsolbrig)SNOMEDToOWL/SNOMEDCTToOWL/RF2Filter.py:120: error: Name 'DescriptionFilePrefix' is not defined  [name-defined]
(hsolbrig)SNOMEDToOWL/SNOMEDCTToOWL/RF2Filter.py:126: error: Name 'Fully_specified_name_sctid' is not defined  [name-defined]
(hsolbrig)SNOMEDToOWL/SNOMEDCTToOWL/RF2Filter.py:132: error: Name 'TextDefinitionFilePrefix' is not defined  [name-defined]
(hsolbrig)SNOMEDToOWL/SNOMEDCTToOWL/RF2Filter.py:143: error: Name 'LanguageFilePrefix' is not defined  [name-defined]
(hsolbrig)SNOMEDToOWL/SNOMEDCTToOWL/CompareRDF.py:36: error: Incompatible return value type (got "float", expected "str")  [return-value]
(hsolbrig)SNOMEDToOWL/SNOMEDCTToOWL/CompareRDF.py:40: error: Incompatible types in string interpolation (expression has type "str", placeholder has type "Union[int, float]")  [str-format]
Found 67 errors in 7 files (checked 14 source files)

[RRepo](OddBloke)jenkins-job-linter
(OddBloke)jenkins-job-linter/tests/test_linters.py:35: error: Argument 1 to "list" has incompatible type "Iterator[Tuple[str, ...]]"; expected "Iterable[str]"  [arg-type]
Found 1 error in 1 file (checked 11 source files)

[RRepo](browncoat-ninjas)nimoy
(browncoat-ninjas)nimoy/nimoy/ast_tools/ast_metadata.py:6: error: Need type annotation for 'features' (hint: "features: List[<type>] = ...")  [var-annotated]
(browncoat-ninjas)nimoy/nimoy/ast_tools/ast_metadata.py:7: error: Need type annotation for 'feature_blocks' (hint: "feature_blocks: Dict[<type>, <type>] = ...")  [var-annotated]
(browncoat-ninjas)nimoy/nimoy/ast_tools/ast_metadata.py:8: error: Need type annotation for 'feature_variables' (hint: "feature_variables: Dict[<type>, <type>] = ...")  [var-annotated]
(browncoat-ninjas)nimoy/nimoy/ast_tools/ast_metadata.py:9: error: Need type annotation for 'where_functions' (hint: "where_functions: Dict[<type>, <type>] = ...")  [var-annotated]
(browncoat-ninjas)nimoy/nimoy/runner/spec_finder.py:9: error: Need type annotation for 'spec_locations' (hint: "spec_locations: List[<type>] = ...")  [var-annotated]
Found 5 errors in 2 files (checked 38 source files)

[RRepo](ikvk)imap_tools
(ikvk)imap_tools/imap_tools/imap_utf7.py:26: error: Need type annotation for 'res' (hint: "res: List[<type>] = ...")  [var-annotated]
(ikvk)imap_tools/imap_tools/imap_utf7.py:27: error: Need type annotation for '_in' (hint: "_in: List[<type>] = ...")  [var-annotated]
(ikvk)imap_tools/tests/test_2_message.py:19: error: The type alias is invalid in runtime context  [misc]
(ikvk)imap_tools/tests/test_2_message.py:22: error: The type alias is invalid in runtime context  [misc]
(ikvk)imap_tools/tests/utils.py:9: error: Missing return statement  [return]
(ikvk)imap_tools/imap_tools/mailbox.py:9: error: Module has no attribute "_MAXLINE"  [attr-defined]
(ikvk)imap_tools/imap_tools/mailbox.py:97: error: Function "builtins.iter" is not valid as a type  [valid-type]
(ikvk)imap_tools/imap_tools/mailbox.py:97: note: Perhaps you need "Callable[...]" or a callback protocol?
(ikvk)imap_tools/imap_tools/mailbox.py:124: error: Invalid type comment or annotation  [valid-type]
(ikvk)imap_tools/imap_tools/mailbox.py:155: error: Invalid type comment or annotation  [valid-type]
(ikvk)imap_tools/imap_tools/mailbox.py:170: error: Invalid type comment or annotation  [valid-type]
(ikvk)imap_tools/imap_tools/message.py:32: error: Item "None" of "Optional[Match[str]]" has no attribute "group"  [union-attr]
(ikvk)imap_tools/imap_tools/message.py:33: error: Item "None" of "Optional[Match[str]]" has no attribute "group"  [union-attr]
(ikvk)imap_tools/imap_tools/message.py:52: error: Syntax error in type annotation  [syntax]
(ikvk)imap_tools/imap_tools/message.py:52: note: Suggestion: Use Tuple[T1, ..., Tn] instead of (T1, ..., Tn)
(ikvk)imap_tools/imap_tools/message.py:71: error: Syntax error in type annotation  [syntax]
(ikvk)imap_tools/imap_tools/message.py:71: note: Suggestion: Is there a spurious trailing comma?
(ikvk)imap_tools/imap_tools/message.py:81: error: Decorated property not supported  [misc]
(ikvk)imap_tools/imap_tools/message.py:83: error: Invalid type comment or annotation  [valid-type]
(ikvk)imap_tools/imap_tools/message.py:96: error: Decorated property not supported  [misc]
(ikvk)imap_tools/imap_tools/message.py:98: error: Syntax error in type annotation  [syntax]
(ikvk)imap_tools/imap_tools/message.py:98: note: Suggestion: Is there a spurious trailing comma?
(ikvk)imap_tools/imap_tools/message.py:103: error: Need type annotation for 'result' (hint: "result: List[<type>] = ...")  [var-annotated]
(ikvk)imap_tools/imap_tools/message.py:108: error: Decorated property not supported  [misc]
(ikvk)imap_tools/imap_tools/message.py:117: error: Decorated property not supported  [misc]
(ikvk)imap_tools/imap_tools/message.py:119: error: Invalid type comment or annotation  [valid-type]
(ikvk)imap_tools/imap_tools/message.py:124: error: Decorated property not supported  [misc]
(ikvk)imap_tools/imap_tools/message.py:128: error: Value of type "_lru_cache_wrapper[Any]" is not indexable  [index]
(ikvk)imap_tools/imap_tools/message.py:130: error: Decorated property not supported  [misc]
(ikvk)imap_tools/imap_tools/message.py:132: error: Syntax error in type annotation  [syntax]
(ikvk)imap_tools/imap_tools/message.py:132: note: Suggestion: Is there a spurious trailing comma?
(ikvk)imap_tools/imap_tools/message.py:136: error: Decorated property not supported  [misc]
(ikvk)imap_tools/imap_tools/message.py:138: error: Syntax error in type annotation  [syntax]
(ikvk)imap_tools/imap_tools/message.py:138: note: Suggestion: Is there a spurious trailing comma?
(ikvk)imap_tools/imap_tools/message.py:140: error: "_lru_cache_wrapper[Any]" has no attribute "__iter__" (not iterable)  [attr-defined]
(ikvk)imap_tools/imap_tools/message.py:142: error: Decorated property not supported  [misc]
(ikvk)imap_tools/imap_tools/message.py:144: error: Syntax error in type annotation  [syntax]
(ikvk)imap_tools/imap_tools/message.py:144: note: Suggestion: Is there a spurious trailing comma?
(ikvk)imap_tools/imap_tools/message.py:148: error: Decorated property not supported  [misc]
(ikvk)imap_tools/imap_tools/message.py:150: error: Syntax error in type annotation  [syntax]
(ikvk)imap_tools/imap_tools/message.py:150: note: Suggestion: Is there a spurious trailing comma?
(ikvk)imap_tools/imap_tools/message.py:152: error: "_lru_cache_wrapper[Any]" has no attribute "__iter__" (not iterable)  [attr-defined]
(ikvk)imap_tools/imap_tools/message.py:154: error: Decorated property not supported  [misc]
(ikvk)imap_tools/imap_tools/message.py:156: error: Syntax error in type annotation  [syntax]
(ikvk)imap_tools/imap_tools/message.py:156: note: Suggestion: Is there a spurious trailing comma?
(ikvk)imap_tools/imap_tools/message.py:160: error: Decorated property not supported  [misc]
(ikvk)imap_tools/imap_tools/message.py:162: error: Syntax error in type annotation  [syntax]
(ikvk)imap_tools/imap_tools/message.py:162: note: Suggestion: Is there a spurious trailing comma?
(ikvk)imap_tools/imap_tools/message.py:164: error: "_lru_cache_wrapper[Any]" has no attribute "__iter__" (not iterable)  [attr-defined]
(ikvk)imap_tools/imap_tools/message.py:166: error: Decorated property not supported  [misc]
(ikvk)imap_tools/imap_tools/message.py:172: error: Decorated property not supported  [misc]
(ikvk)imap_tools/imap_tools/message.py:184: error: Decorated property not supported  [misc]
(ikvk)imap_tools/imap_tools/message.py:196: error: Decorated property not supported  [misc]
(ikvk)imap_tools/imap_tools/message.py:198: error: Bracketed expression "[...]" is not valid as a type  [misc]
(ikvk)imap_tools/imap_tools/message.py:198: note: Did you mean "List[...]"?
Found 44 errors in 5 files (checked 9 source files)

[RRepo](mesgarpour)T-CARER
(mesgarpour)T-CARER/Stats/TransformThread.py:27: error: String argument 1 'DataFrame' to TypeVar(...) does not match variable name 'PandasDataFrame'  [misc]
(mesgarpour)T-CARER/Stats/TransformThread.py:27: error: "object" not callable  [operator]
(mesgarpour)T-CARER/Stats/TransformThread.py:50: error: Variable "TransformThread.PandasDataFrame" is not valid as a type  [valid-type]
(mesgarpour)T-CARER/Stats/TransformThread.py:60: error: Unsupported target for indexed assignment  [index]
(mesgarpour)T-CARER/Stats/TransformThread.py:60: error: Value of type PandasDataFrame? is not indexable  [index]
(mesgarpour)T-CARER/Stats/TransformThread.py:63: error: Variable "TransformThread.PandasDataFrame" is not valid as a type  [valid-type]
(mesgarpour)T-CARER/Stats/TransformThread.py:73: error: Unsupported target for indexed assignment  [index]
(mesgarpour)T-CARER/Stats/TransformThread.py:73: error: Value of type PandasDataFrame? is not indexable  [index]
(mesgarpour)T-CARER/Stats/TransformThread.py:76: error: Variable "TransformThread.PandasDataFrame" is not valid as a type  [valid-type]
(mesgarpour)T-CARER/Stats/TransformThread.py:91: error: Value of type PandasDataFrame? is not indexable  [index]
(mesgarpour)T-CARER/Stats/TransformThread.py:93: error: Unsupported target for indexed assignment  [index]
(mesgarpour)T-CARER/Stats/TransformThread.py:96: error: Variable "TransformThread.PandasDataFrame" is not valid as a type  [valid-type]
(mesgarpour)T-CARER/Stats/TransformThread.py:111: error: Value of type PandasDataFrame? is not indexable  [index]
(mesgarpour)T-CARER/Stats/TransformThread.py:112: error: Unsupported target for indexed assignment  [index]
(mesgarpour)T-CARER/Stats/TransformThread.py:115: error: Variable "TransformThread.PandasDataFrame" is not valid as a type  [valid-type]
(mesgarpour)T-CARER/Stats/TransformThread.py:130: error: Value of type PandasDataFrame? is not indexable  [index]
(mesgarpour)T-CARER/Stats/TransformThread.py:131: error: Unsupported target for indexed assignment  [index]
(mesgarpour)T-CARER/Stats/TransformThread.py:134: error: Variable "TransformThread.PandasDataFrame" is not valid as a type  [valid-type]
(mesgarpour)T-CARER/Stats/TransformThread.py:145: error: Unsupported target for indexed assignment  [index]
(mesgarpour)T-CARER/Stats/TransformThread.py:145: error: Value of type PandasDataFrame? is not indexable  [index]
(mesgarpour)T-CARER/Stats/TransformThread.py:148: error: Variable "TransformThread.PandasDataFrame" is not valid as a type  [valid-type]
(mesgarpour)T-CARER/Stats/TransformThread.py:160: error: Value of type PandasDataFrame? is not indexable  [index]
(mesgarpour)T-CARER/Stats/TransformThread.py:163: error: Value of type PandasDataFrame? is not indexable  [index]
(mesgarpour)T-CARER/Stats/TransformThread.py:164: error: Unsupported target for indexed assignment  [index]
(mesgarpour)T-CARER/Stats/_KNeighborsClassifier.py:25: error: String argument 1 'DataFrame' to TypeVar(...) does not match variable name 'PandasDataFrame'  [misc]
(mesgarpour)T-CARER/Stats/_KNeighborsClassifier.py:25: error: "object" not callable  [operator]
(mesgarpour)T-CARER/Stats/_KNeighborsClassifier.py:26: error: String argument 1 'KNeighborsClassifier' to TypeVar(...) does not match variable name 'SklearnKNeighborsClassifier'  [misc]
(mesgarpour)T-CARER/Stats/_KNeighborsClassifier.py:26: error: "object" not callable  [operator]
(mesgarpour)T-CARER/Stats/_KNeighborsClassifier.py:47: error: Variable "_KNeighborsClassifier.PandasDataFrame" is not valid as a type  [valid-type]
(mesgarpour)T-CARER/Stats/_KNeighborsClassifier.py:50: error: Variable "_KNeighborsClassifier.SklearnKNeighborsClassifier" is not valid as a type  [valid-type]
(mesgarpour)T-CARER/Stats/_KNeighborsClassifier.py:61: error: PandasDataFrame? has no attribute "values"  [attr-defined]
(mesgarpour)T-CARER/Stats/_KNeighborsClassifier.py:65: error: Variable "_KNeighborsClassifier.SklearnKNeighborsClassifier" is not valid as a type  [valid-type]
(mesgarpour)T-CARER/Stats/_KNeighborsClassifier.py:71: error: Need type annotation for 'summaries' (hint: "summaries: Dict[<type>, <type>] = ...")  [var-annotated]
(mesgarpour)T-CARER/Stats/_KNeighborsClassifier.py:76: error: Variable "_KNeighborsClassifier.SklearnKNeighborsClassifier" is not valid as a type  [valid-type]
(mesgarpour)T-CARER/Stats/_NaiveBayes.py:25: error: String argument 1 'DataFrame' to TypeVar(...) does not match variable name 'PandasDataFrame'  [misc]
(mesgarpour)T-CARER/Stats/_NaiveBayes.py:25: error: "object" not callable  [operator]
(mesgarpour)T-CARER/Stats/_NaiveBayes.py:26: error: String argument 1 'MultinomialNB' to TypeVar(...) does not match variable name 'SklearnMultinomialNB'  [misc]
(mesgarpour)T-CARER/Stats/_NaiveBayes.py:26: error: "object" not callable  [operator]
(mesgarpour)T-CARER/Stats/_NaiveBayes.py:46: error: Variable "_NaiveBayes.PandasDataFrame" is not valid as a type  [valid-type]
(mesgarpour)T-CARER/Stats/_NaiveBayes.py:49: error: Variable "_NaiveBayes.SklearnMultinomialNB" is not valid as a type  [valid-type]
(mesgarpour)T-CARER/Stats/_NaiveBayes.py:59: error: PandasDataFrame? has no attribute "values"  [attr-defined]
(mesgarpour)T-CARER/Stats/_NaiveBayes.py:63: error: Variable "_NaiveBayes.SklearnMultinomialNB" is not valid as a type  [valid-type]
(mesgarpour)T-CARER/Stats/_NaiveBayes.py:70: error: SklearnMultinomialNB? has no attribute "class_log_prior_"  [attr-defined]
(mesgarpour)T-CARER/Stats/_NaiveBayes.py:71: error: SklearnMultinomialNB? has no attribute "intercept_"  [attr-defined]
(mesgarpour)T-CARER/Stats/_NaiveBayes.py:72: error: SklearnMultinomialNB? has no attribute "feature_log_prob_"  [attr-defined]
(mesgarpour)T-CARER/Stats/_NaiveBayes.py:73: error: SklearnMultinomialNB? has no attribute "coef_"  [attr-defined]
(mesgarpour)T-CARER/Stats/_NaiveBayes.py:74: error: SklearnMultinomialNB? has no attribute "class_count_"  [attr-defined]
(mesgarpour)T-CARER/Stats/_NaiveBayes.py:75: error: SklearnMultinomialNB? has no attribute "feature_count_"  [attr-defined]
(mesgarpour)T-CARER/Stats/_NaiveBayes.py:79: error: Variable "_NaiveBayes.SklearnMultinomialNB" is not valid as a type  [valid-type]
(mesgarpour)T-CARER/Stats/FactoringThread.py:25: error: String argument 1 'DataFrame' to TypeVar(...) does not match variable name 'PandasDataFrame'  [misc]
(mesgarpour)T-CARER/Stats/FactoringThread.py:25: error: "object" not callable  [operator]
(mesgarpour)T-CARER/Stats/FactoringThread.py:39: error: Variable "FactoringThread.PandasDataFrame" is not valid as a type  [valid-type]
(mesgarpour)T-CARER/Stats/FactoringThread.py:52: error: Variable "FactoringThread.PandasDataFrame" is not valid as a type  [valid-type]
(mesgarpour)T-CARER/Stats/FactoringThread.py:62: error: PandasDataFrame? has no attribute "add"  [attr-defined]
(mesgarpour)T-CARER/Stats/FactoringThread.py:66: error: Variable "FactoringThread.PandasDataFrame" is not valid as a type  [valid-type]
(mesgarpour)T-CARER/Stats/FactoringThread.py:71: error: Value of type PandasDataFrame? is not indexable  [index]
(mesgarpour)T-CARER/Stats/FactoringThread.py:77: error: Variable "FactoringThread.PandasDataFrame" is not valid as a type  [valid-type]
(mesgarpour)T-CARER/Stats/FactoringThread.py:83: error: Value of type PandasDataFrame? is not indexable  [index]
(mesgarpour)T-CARER/Stats/_LogisticRegression.py:25: error: String argument 1 'DataFrame' to TypeVar(...) does not match variable name 'PandasDataFrame'  [misc]
(mesgarpour)T-CARER/Stats/_LogisticRegression.py:25: error: "object" not callable  [operator]
(mesgarpour)T-CARER/Stats/_LogisticRegression.py:26: error: String argument 1 'LogisticRegression' to TypeVar(...) does not match variable name 'SklearnLogisticRegression'  [misc]
(mesgarpour)T-CARER/Stats/_LogisticRegression.py:26: error: "object" not callable  [operator]
(mesgarpour)T-CARER/Stats/_LogisticRegression.py:47: error: Variable "_LogisticRegression.PandasDataFrame" is not valid as a type  [valid-type]
(mesgarpour)T-CARER/Stats/_LogisticRegression.py:50: error: Variable "_LogisticRegression.SklearnLogisticRegression" is not valid as a type  [valid-type]
(mesgarpour)T-CARER/Stats/_LogisticRegression.py:62: error: PandasDataFrame? has no attribute "values"  [attr-defined]
(mesgarpour)T-CARER/Stats/_LogisticRegression.py:66: error: Variable "_LogisticRegression.SklearnLogisticRegression" is not valid as a type  [valid-type]
(mesgarpour)T-CARER/Stats/_LogisticRegression.py:74: error: SklearnLogisticRegression? has no attribute "coef_"  [attr-defined]
(mesgarpour)T-CARER/Stats/_LogisticRegression.py:76: error: SklearnLogisticRegression? has no attribute "intercept_"  [attr-defined]
(mesgarpour)T-CARER/Stats/_LogisticRegression.py:78: error: SklearnLogisticRegression? has no attribute "n_iter_"  [attr-defined]
(mesgarpour)T-CARER/Stats/_LogisticRegression.py:82: error: Variable "_LogisticRegression.SklearnLogisticRegression" is not valid as a type  [valid-type]
(mesgarpour)T-CARER/Stats/_MixedLinearModel.py:26: error: String argument 1 'DataFrame' to TypeVar(...) does not match variable name 'PandasDataFrame'  [misc]
(mesgarpour)T-CARER/Stats/_MixedLinearModel.py:26: error: "object" not callable  [operator]
(mesgarpour)T-CARER/Stats/_MixedLinearModel.py:27: error: String argument 1 'MixedLM' to TypeVar(...) does not match variable name 'StatsmodelsMixedLM'  [misc]
(mesgarpour)T-CARER/Stats/_MixedLinearModel.py:27: error: "object" not callable  [operator]
(mesgarpour)T-CARER/Stats/_MixedLinearModel.py:48: error: Variable "_MixedLinearModel.PandasDataFrame" is not valid as a type  [valid-type]
(mesgarpour)T-CARER/Stats/_MixedLinearModel.py:51: error: Variable "_MixedLinearModel.StatsmodelsMixedLM" is not valid as a type  [valid-type]
(mesgarpour)T-CARER/Stats/_MixedLinearModel.py:64: error: Value of type PandasDataFrame? is not indexable  [index]
(mesgarpour)T-CARER/Stats/_MixedLinearModel.py:65: error: PandasDataFrame? has no attribute "drop"  [attr-defined]
(mesgarpour)T-CARER/Stats/_MixedLinearModel.py:77: error: Variable "_MixedLinearModel.StatsmodelsMixedLM" is not valid as a type  [valid-type]
(mesgarpour)T-CARER/Stats/_MixedLinearModel.py:83: error: Need type annotation for 'summaries' (hint: "summaries: Dict[<type>, <type>] = ...")  [var-annotated]
(mesgarpour)T-CARER/Stats/_MixedLinearModel.py:88: error: Variable "_MixedLinearModel.StatsmodelsMixedLM" is not valid as a type  [valid-type]
(mesgarpour)T-CARER/Stats/_NeuralNetwork.py:25: error: String argument 1 'DataFrame' to TypeVar(...) does not match variable name 'PandasDataFrame'  [misc]
(mesgarpour)T-CARER/Stats/_NeuralNetwork.py:25: error: "object" not callable  [operator]
(mesgarpour)T-CARER/Stats/_NeuralNetwork.py:26: error: String argument 1 'MLPClassifier' to TypeVar(...) does not match variable name 'SklearnMLPClassifier'  [misc]
(mesgarpour)T-CARER/Stats/_NeuralNetwork.py:26: error: "object" not callable  [operator]
(mesgarpour)T-CARER/Stats/_NeuralNetwork.py:47: error: Variable "_NeuralNetwork.PandasDataFrame" is not valid as a type  [valid-type]
(mesgarpour)T-CARER/Stats/_NeuralNetwork.py:50: error: Variable "_NeuralNetwork.SklearnMLPClassifier" is not valid as a type  [valid-type]
(mesgarpour)T-CARER/Stats/_NeuralNetwork.py:60: error: PandasDataFrame? has no attribute "values"  [attr-defined]
(mesgarpour)T-CARER/Stats/_NeuralNetwork.py:64: error: Variable "_NeuralNetwork.SklearnMLPClassifier" is not valid as a type  [valid-type]
(mesgarpour)T-CARER/Stats/_NeuralNetwork.py:71: error: SklearnMLPClassifier? has no attribute "classes_"  [attr-defined]
(mesgarpour)T-CARER/Stats/_NeuralNetwork.py:72: error: SklearnMLPClassifier? has no attribute "loss_"  [attr-defined]
(mesgarpour)T-CARER/Stats/_NeuralNetwork.py:73: error: SklearnMLPClassifier? has no attribute "coefs_"  [attr-defined]
(mesgarpour)T-CARER/Stats/_NeuralNetwork.py:74: error: SklearnMLPClassifier? has no attribute "intercepts_"  [attr-defined]
(mesgarpour)T-CARER/Stats/_NeuralNetwork.py:75: error: SklearnMLPClassifier? has no attribute "n_iter_"  [attr-defined]
(mesgarpour)T-CARER/Stats/_NeuralNetwork.py:76: error: SklearnMLPClassifier? has no attribute "n_layers_"  [attr-defined]
(mesgarpour)T-CARER/Stats/_NeuralNetwork.py:77: error: SklearnMLPClassifier? has no attribute "n_outputs_"  [attr-defined]
(mesgarpour)T-CARER/Stats/_NeuralNetwork.py:78: error: SklearnMLPClassifier? has no attribute "out_activation_"  [attr-defined]
(mesgarpour)T-CARER/Stats/_NeuralNetwork.py:82: error: Variable "_NeuralNetwork.SklearnMLPClassifier" is not valid as a type  [valid-type]
(mesgarpour)T-CARER/Stats/_DecisionTreeClassifier.py:26: error: String argument 1 'DataFrame' to TypeVar(...) does not match variable name 'PandasDataFrame'  [misc]
(mesgarpour)T-CARER/Stats/_DecisionTreeClassifier.py:26: error: "object" not callable  [operator]
(mesgarpour)T-CARER/Stats/_DecisionTreeClassifier.py:27: error: String argument 1 'DecisionTreeClassifier' to TypeVar(...) does not match variable name 'SklearnDecisionTreeClassifier'  [misc]
(mesgarpour)T-CARER/Stats/_DecisionTreeClassifier.py:27: error: "object" not callable  [operator]
(mesgarpour)T-CARER/Stats/_DecisionTreeClassifier.py:28: error: String argument 1 'pydotplus.graphviz.Dot' to TypeVar(...) does not match variable name 'GraphvizDot'  [misc]
(mesgarpour)T-CARER/Stats/_DecisionTreeClassifier.py:28: error: "object" not callable  [operator]
(mesgarpour)T-CARER/Stats/_DecisionTreeClassifier.py:49: error: Variable "_DecisionTreeClassifier.PandasDataFrame" is not valid as a type  [valid-type]
(mesgarpour)T-CARER/Stats/_DecisionTreeClassifier.py:52: error: Variable "_DecisionTreeClassifier.SklearnDecisionTreeClassifier" is not valid as a type  [valid-type]
(mesgarpour)T-CARER/Stats/_DecisionTreeClassifier.py:64: error: PandasDataFrame? has no attribute "values"  [attr-defined]
(mesgarpour)T-CARER/Stats/_DecisionTreeClassifier.py:68: error: Variable "_DecisionTreeClassifier.SklearnDecisionTreeClassifier" is not valid as a type  [valid-type]
(mesgarpour)T-CARER/Stats/_DecisionTreeClassifier.py:75: error: SklearnDecisionTreeClassifier? has no attribute "classes_"  [attr-defined]
(mesgarpour)T-CARER/Stats/_DecisionTreeClassifier.py:76: error: SklearnDecisionTreeClassifier? has no attribute "feature_importances_"  [attr-defined]
(mesgarpour)T-CARER/Stats/_DecisionTreeClassifier.py:77: error: SklearnDecisionTreeClassifier? has no attribute "max_features_"  [attr-defined]
(mesgarpour)T-CARER/Stats/_DecisionTreeClassifier.py:78: error: SklearnDecisionTreeClassifier? has no attribute "n_classes_"  [attr-defined]
(mesgarpour)T-CARER/Stats/_DecisionTreeClassifier.py:79: error: SklearnDecisionTreeClassifier? has no attribute "n_features_"  [attr-defined]
(mesgarpour)T-CARER/Stats/_DecisionTreeClassifier.py:80: error: SklearnDecisionTreeClassifier? has no attribute "n_outputs_"  [attr-defined]
(mesgarpour)T-CARER/Stats/_DecisionTreeClassifier.py:81: error: SklearnDecisionTreeClassifier? has no attribute "tree_"  [attr-defined]
(mesgarpour)T-CARER/Stats/_DecisionTreeClassifier.py:85: error: Variable "_DecisionTreeClassifier.SklearnDecisionTreeClassifier" is not valid as a type  [valid-type]
(mesgarpour)T-CARER/Stats/_DecisionTreeClassifier.py:87: error: Variable "_DecisionTreeClassifier.GraphvizDot" is not valid as a type  [valid-type]
(mesgarpour)T-CARER/Stats/_RandomForestClassifier.py:27: error: String argument 1 'DataFrame' to TypeVar(...) does not match variable name 'PandasDataFrame'  [misc]
(mesgarpour)T-CARER/Stats/_RandomForestClassifier.py:27: error: "object" not callable  [operator]
(mesgarpour)T-CARER/Stats/_RandomForestClassifier.py:28: error: String argument 1 'RandomForestClassifier' to TypeVar(...) does not match variable name 'SklearnRandomForestClassifier'  [misc]
(mesgarpour)T-CARER/Stats/_RandomForestClassifier.py:28: error: "object" not callable  [operator]
(mesgarpour)T-CARER/Stats/_RandomForestClassifier.py:48: error: Variable "_RandomForestClassifier.PandasDataFrame" is not valid as a type  [valid-type]
(mesgarpour)T-CARER/Stats/_RandomForestClassifier.py:51: error: Variable "_RandomForestClassifier.SklearnRandomForestClassifier" is not valid as a type  [valid-type]
(mesgarpour)T-CARER/Stats/_RandomForestClassifier.py:64: error: PandasDataFrame? has no attribute "values"  [attr-defined]
(mesgarpour)T-CARER/Stats/_RandomForestClassifier.py:68: error: Variable "_RandomForestClassifier.SklearnRandomForestClassifier" is not valid as a type  [valid-type]
(mesgarpour)T-CARER/Stats/_RandomForestClassifier.py:75: error: SklearnRandomForestClassifier? has no attribute "estimators_"  [attr-defined]
(mesgarpour)T-CARER/Stats/_RandomForestClassifier.py:76: error: SklearnRandomForestClassifier? has no attribute "classes_"  [attr-defined]
(mesgarpour)T-CARER/Stats/_RandomForestClassifier.py:77: error: SklearnRandomForestClassifier? has no attribute "n_classes_"  [attr-defined]
(mesgarpour)T-CARER/Stats/_RandomForestClassifier.py:78: error: SklearnRandomForestClassifier? has no attribute "n_features_"  [attr-defined]
(mesgarpour)T-CARER/Stats/_RandomForestClassifier.py:79: error: SklearnRandomForestClassifier? has no attribute "n_outputs_"  [attr-defined]
(mesgarpour)T-CARER/Stats/_RandomForestClassifier.py:80: error: SklearnRandomForestClassifier? has no attribute "feature_importances_"  [attr-defined]
(mesgarpour)T-CARER/Stats/_RandomForestClassifier.py:84: error: Variable "_RandomForestClassifier.SklearnRandomForestClassifier" is not valid as a type  [valid-type]
(mesgarpour)T-CARER/Stats/_RandomForestClassifier.py:94: error: SklearnRandomForestClassifier? has no attribute "__iter__" (not iterable)  [attr-defined]
(mesgarpour)T-CARER/Stats/_LogisticRegressionCV.py:25: error: String argument 1 'DataFrame' to TypeVar(...) does not match variable name 'PandasDataFrame'  [misc]
(mesgarpour)T-CARER/Stats/_LogisticRegressionCV.py:25: error: "object" not callable  [operator]
(mesgarpour)T-CARER/Stats/_LogisticRegressionCV.py:26: error: String argument 1 'LogisticRegressionCV' to TypeVar(...) does not match variable name 'SklearnLogisticRegressionCV'  [misc]
(mesgarpour)T-CARER/Stats/_LogisticRegressionCV.py:26: error: "object" not callable  [operator]
(mesgarpour)T-CARER/Stats/_LogisticRegressionCV.py:47: error: Variable "_LogisticRegressionCV.PandasDataFrame" is not valid as a type  [valid-type]
(mesgarpour)T-CARER/Stats/_LogisticRegressionCV.py:50: error: Variable "_LogisticRegressionCV.SklearnLogisticRegressionCV" is not valid as a type  [valid-type]
(mesgarpour)T-CARER/Stats/_LogisticRegressionCV.py:66: error: Variable "_LogisticRegressionCV.SklearnLogisticRegressionCV" is not valid as a type  [valid-type]
(mesgarpour)T-CARER/Stats/_LogisticRegressionCV.py:74: error: SklearnLogisticRegressionCV? has no attribute "coef_"  [attr-defined]
(mesgarpour)T-CARER/Stats/_LogisticRegressionCV.py:76: error: SklearnLogisticRegressionCV? has no attribute "intercept_"  [attr-defined]
(mesgarpour)T-CARER/Stats/_LogisticRegressionCV.py:78: error: SklearnLogisticRegressionCV? has no attribute "n_iter_"  [attr-defined]
(mesgarpour)T-CARER/Stats/_LogisticRegressionCV.py:82: error: Variable "_LogisticRegressionCV.SklearnLogisticRegressionCV" is not valid as a type  [valid-type]
(mesgarpour)T-CARER/Stats/_GradientBoostingClassifier.py:25: error: String argument 1 'DataFrame' to TypeVar(...) does not match variable name 'PandasDataFrame'  [misc]
(mesgarpour)T-CARER/Stats/_GradientBoostingClassifier.py:25: error: "object" not callable  [operator]
(mesgarpour)T-CARER/Stats/_GradientBoostingClassifier.py:26: error: String argument 1 'GradientBoostingClassifier' to TypeVar(...) does not match variable name 'SklearnGradientBoostingClassifier'  [misc]
(mesgarpour)T-CARER/Stats/_GradientBoostingClassifier.py:26: error: "object" not callable  [operator]
(mesgarpour)T-CARER/Stats/_GradientBoostingClassifier.py:47: error: Variable "_GradientBoostingClassifier.PandasDataFrame" is not valid as a type  [valid-type]
(mesgarpour)T-CARER/Stats/_GradientBoostingClassifier.py:50: error: Variable "_GradientBoostingClassifier.SklearnGradientBoostingClassifier" is not valid as a type  [valid-type]
(mesgarpour)T-CARER/Stats/_GradientBoostingClassifier.py:62: error: PandasDataFrame? has no attribute "values"  [attr-defined]
(mesgarpour)T-CARER/Stats/_GradientBoostingClassifier.py:66: error: Variable "_GradientBoostingClassifier.SklearnGradientBoostingClassifier" is not valid as a type  [valid-type]
(mesgarpour)T-CARER/Stats/_GradientBoostingClassifier.py:73: error: SklearnGradientBoostingClassifier? has no attribute "feature_importances_"  [attr-defined]
(mesgarpour)T-CARER/Stats/_GradientBoostingClassifier.py:74: error: SklearnGradientBoostingClassifier? has no attribute "train_score_"  [attr-defined]
(mesgarpour)T-CARER/Stats/_GradientBoostingClassifier.py:75: error: SklearnGradientBoostingClassifier? has no attribute "loss_"  [attr-defined]
(mesgarpour)T-CARER/Stats/_GradientBoostingClassifier.py:76: error: SklearnGradientBoostingClassifier? has no attribute "init"  [attr-defined]
(mesgarpour)T-CARER/Stats/_GradientBoostingClassifier.py:77: error: SklearnGradientBoostingClassifier? has no attribute "estimators_"  [attr-defined]
(mesgarpour)T-CARER/Stats/_GradientBoostingClassifier.py:81: error: Variable "_GradientBoostingClassifier.SklearnGradientBoostingClassifier" is not valid as a type  [valid-type]
(mesgarpour)T-CARER/ReadersWriters/_CsvFile.py:29: error: String argument 1 'DataFrame' to TypeVar(...) does not match variable name 'PandasDataFrame'  [misc]
(mesgarpour)T-CARER/ReadersWriters/_CsvFile.py:29: error: "object" not callable  [operator]
(mesgarpour)T-CARER/ReadersWriters/_CsvFile.py:81: error: Missing return statement  [return]
(mesgarpour)T-CARER/ReadersWriters/_CsvFile.py:109: error: Variable "_CsvFile.PandasDataFrame" is not valid as a type  [valid-type]
(mesgarpour)T-CARER/ReadersWriters/_CsvFile.py:125: error: Variable "_CsvFile.PandasDataFrame" is not valid as a type  [valid-type]
(mesgarpour)T-CARER/ReadersWriters/_CsvFile.py:163: error: Variable "_CsvFile.PandasDataFrame" is not valid as a type  [valid-type]
(mesgarpour)T-CARER/ReadersWriters/_CsvFile.py:182: error: Variable "_CsvFile.PandasDataFrame" is not valid as a type  [valid-type]
(mesgarpour)T-CARER/ReadersWriters/_CsvFile.py:196: error: PandasDataFrame? has no attribute "shape"  [attr-defined]
(mesgarpour)T-CARER/ReadersWriters/_CsvFile.py:197: error: PandasDataFrame? has no attribute "shape"  [attr-defined]
(mesgarpour)T-CARER/ReadersWriters/_CsvFile.py:198: error: PandasDataFrame? has no attribute "to_csv"  [attr-defined]
(mesgarpour)T-CARER/ReadersWriters/_TextFile.py:32: error: String argument 1 'DataFrame' to TypeVar(...) does not match variable name 'PandasDataFrame'  [misc]
(mesgarpour)T-CARER/ReadersWriters/_TextFile.py:32: error: "object" not callable  [operator]
(mesgarpour)T-CARER/ReadersWriters/_TextFile.py:33: error: String argument 1 'OrderedDict' to TypeVar(...) does not match variable name 'CollectionsOrderedDict'  [misc]
(mesgarpour)T-CARER/ReadersWriters/_TextFile.py:33: error: "object" not callable  [operator]
(mesgarpour)T-CARER/ReadersWriters/_TextFile.py:65: error: Incompatible types in assignment (expression has type "str", variable has type "None")  [assignment]
(mesgarpour)T-CARER/ReadersWriters/_TextFile.py:85: error: Argument 1 to "isfile" has incompatible type "None"; expected "Union[bytes, str, _PathLike[Any]]"  [arg-type]
(mesgarpour)T-CARER/ReadersWriters/_TextFile.py:107: error: Argument 1 to "open" has incompatible type "None"; expected "Union[str, bytes, int, _PathLike[Any]]"  [arg-type]
(mesgarpour)T-CARER/ReadersWriters/_TextFile.py:113: error: Unsupported operand types for + ("str" and "None")  [operator]
(mesgarpour)T-CARER/ReadersWriters/_TextFile.py:116: error: Unsupported operand types for + ("str" and "None")  [operator]
(mesgarpour)T-CARER/ReadersWriters/_TextFile.py:121: error: Variable "_TextFile.PandasDataFrame" is not valid as a type  [valid-type]
(mesgarpour)T-CARER/ReadersWriters/_TextFile.py:151: error: Variable "_TextFile.PandasDataFrame" is not valid as a type  [valid-type]
(mesgarpour)T-CARER/ReadersWriters/_TextFile.py:157: error: Argument 1 to "open" has incompatible type "None"; expected "Union[str, bytes, int, _PathLike[Any]]"  [arg-type]
(mesgarpour)T-CARER/ReadersWriters/_TextFile.py:159: error: PandasDataFrame? has no attribute "to_string"  [attr-defined]
(mesgarpour)T-CARER/ReadersWriters/_TextFile.py:159: error: PandasDataFrame? has no attribute "columns"  [attr-defined]
(mesgarpour)T-CARER/ReadersWriters/_TextFile.py:161: error: Unsupported operand types for + ("str" and "None")  [operator]
(mesgarpour)T-CARER/ReadersWriters/_TextFile.py:164: error: Unsupported operand types for + ("str" and "None")  [operator]
(mesgarpour)T-CARER/ReadersWriters/_TextFile.py:174: error: Argument 1 to "open" has incompatible type "None"; expected "Union[str, bytes, int, _PathLike[Any]]"  [arg-type]
(mesgarpour)T-CARER/ReadersWriters/_TextFile.py:177: error: Unsupported operand types for + ("str" and "None")  [operator]
(mesgarpour)T-CARER/ReadersWriters/_TextFile.py:180: error: Unsupported operand types for + ("str" and "None")  [operator]
(mesgarpour)T-CARER/ReadersWriters/_TextFile.py:184: error: Variable "_TextFile.CollectionsOrderedDict" is not valid as a type  [valid-type]
(mesgarpour)T-CARER/ReadersWriters/_TextFile.py:191: error: "Callable[[Dict[Any, Any], CollectionsOrderedDict?], None]" has no attribute "items"  [attr-defined]
(mesgarpour)T-CARER/ReadersWriters/_TextFile.py:193: error: Argument 1 to "__append_pretty_dict" of "TextFile" has incompatible type "Dict[Any, Any]"; expected "Callable[[Dict[Any, Any], CollectionsOrderedDict?], None]"  [arg-type]
(mesgarpour)T-CARER/ReadersWriters/_TextFile.py:197: error: Argument 1 to "open" has incompatible type "None"; expected "Union[str, bytes, int, _PathLike[Any]]"  [arg-type]
(mesgarpour)T-CARER/ReadersWriters/_TextFile.py:201: error: Unsupported operand types for + ("str" and "None")  [operator]
(mesgarpour)T-CARER/ReadersWriters/_TextFile.py:204: error: Unsupported operand types for + ("str" and "None")  [operator]
(mesgarpour)T-CARER/ReadersWriters/_TextFile.py:214: error: Argument 1 to "open" has incompatible type "None"; expected "Union[str, bytes, int, _PathLike[Any]]"  [arg-type]
(mesgarpour)T-CARER/ReadersWriters/_TextFile.py:218: error: Unsupported operand types for + ("str" and "None")  [operator]
(mesgarpour)T-CARER/ReadersWriters/_TextFile.py:221: error: Unsupported operand types for + ("str" and "None")  [operator]
(mesgarpour)T-CARER/ReadersWriters/PyConfigParser.py:84: error: "None" has no attribute "sections"  [attr-defined]
(mesgarpour)T-CARER/ReadersWriters/PyConfigParser.py:93: error: "None" has no attribute "items"  [attr-defined]
(mesgarpour)T-CARER/ReadersWriters/PyConfigParser.py:105: error: "None" has no attribute "get"  [attr-defined]
(mesgarpour)T-CARER/ReadersWriters/PyConfigParser.py:129: error: Need type annotation for 'values' (hint: "values: List[<type>] = ...")  [var-annotated]
(mesgarpour)T-CARER/ReadersWriters/PyConfigParser.py:132: error: Incompatible types in assignment (expression has type "Dict[Any, Any]", variable has type "List[Any]")  [assignment]
(mesgarpour)T-CARER/ReadersWriters/PyConfigParser.py:135: error: "None" has no attribute "get"  [attr-defined]
(mesgarpour)T-CARER/ReadersWriters/PyConfigParser.py:143: error: Incompatible return value type (got "List[Any]", expected "Dict[Any, Any]")  [return-value]
(mesgarpour)T-CARER/ReadersWriters/PyConfigParser.py:164: error: Incompatible types in assignment (expression has type "List[str]", target has type "Dict[Any, Any]")  [assignment]
(mesgarpour)T-CARER/ReadersWriters/PyConfigParser.py:170: error: Incompatible default for argument "append" (default has type "bool", argument has type "str")  [assignment]
(mesgarpour)T-CARER/ReadersWriters/PyConfigParser.py:179: error: Cannot assign to a method  [assignment]
(mesgarpour)T-CARER/ReadersWriters/PyConfigParser.py:179: error: Incompatible types in assignment (expression has type "Type[str]", variable has type "Callable[[str], str]")  [assignment]
(mesgarpour)T-CARER/ReadersWriters/_PickleSerialised.py:29: error: String argument 1 'stat_result' to TypeVar(...) does not match variable name 'OsStatResult'  [misc]
(mesgarpour)T-CARER/ReadersWriters/_PickleSerialised.py:29: error: "object" not callable  [operator]
(mesgarpour)T-CARER/ReadersWriters/_PickleSerialised.py:147: error: Variable "_PickleSerialised.OsStatResult" is not valid as a type  [valid-type]
(mesgarpour)T-CARER/ReadersWriters/_MysqlCommand.py:30: error: String argument 1 'DataFrame' to TypeVar(...) does not match variable name 'PandasDataFrame'  [misc]
(mesgarpour)T-CARER/ReadersWriters/_MysqlCommand.py:30: error: "object" not callable  [operator]
(mesgarpour)T-CARER/ReadersWriters/_MysqlCommand.py:31: error: String argument 1 'Engine' to TypeVar(...) does not match variable name 'SqlalchemyEngine'  [misc]
(mesgarpour)T-CARER/ReadersWriters/_MysqlCommand.py:31: error: "object" not callable  [operator]
(mesgarpour)T-CARER/ReadersWriters/_MysqlCommand.py:32: error: String argument 1 'sessionmaker' to TypeVar(...) does not match variable name 'SqlAlchemySessionMaker'  [misc]
(mesgarpour)T-CARER/ReadersWriters/_MysqlCommand.py:32: error: "object" not callable  [operator]
(mesgarpour)T-CARER/ReadersWriters/_MysqlCommand.py:46: error: Variable "_MysqlCommand.SqlalchemyEngine" is not valid as a type  [valid-type]
(mesgarpour)T-CARER/ReadersWriters/_MysqlCommand.py:62: error: Variable "_MysqlCommand.PandasDataFrame" is not valid as a type  [valid-type]
(mesgarpour)T-CARER/ReadersWriters/_MysqlCommand.py:82: error: Variable "_MysqlCommand.PandasDataFrame" is not valid as a type  [valid-type]
(mesgarpour)T-CARER/ReadersWriters/_MysqlCommand.py:99: error: SqlalchemyEngine? has no attribute "connect"  [attr-defined]
(mesgarpour)T-CARER/ReadersWriters/_MysqlCommand.py:129: error: Item "None" of "Optional[Any]" has no attribute "where"  [union-attr]
(mesgarpour)T-CARER/ReadersWriters/_MysqlCommand.py:145: error: SqlalchemyEngine? has no attribute "connect"  [attr-defined]
(mesgarpour)T-CARER/ReadersWriters/_MysqlCommand.py:181: error: SqlalchemyEngine? has no attribute "raw_connection"  [attr-defined]
(mesgarpour)T-CARER/ReadersWriters/_MysqlCommand.py:202: error: Item "None" of "Optional[Any]" has no attribute "close"  [union-attr]
(mesgarpour)T-CARER/ReadersWriters/_MysqlCommand.py:218: error: SqlalchemyEngine? has no attribute "raw_connection"  [attr-defined]
(mesgarpour)T-CARER/ReadersWriters/_MysqlCommand.py:239: error: Variable "_MysqlCommand.PandasDataFrame" is not valid as a type  [valid-type]
(mesgarpour)T-CARER/ReadersWriters/_MysqlCommand.py:260: error: Variable "_MysqlCommand.PandasDataFrame" is not valid as a type  [valid-type]
(mesgarpour)T-CARER/ReadersWriters/_MysqlCommand.py:277: error: SqlalchemyEngine? has no attribute "connect"  [attr-defined]
(mesgarpour)T-CARER/ReadersWriters/_MysqlCommand.py:283: error: PandasDataFrame? has no attribute "to_sql"  [attr-defined]
(mesgarpour)T-CARER/ReadersWriters/_MysqlCommand.py:314: error: SqlalchemyEngine? has no attribute "connect"  [attr-defined]
(mesgarpour)T-CARER/ReadersWriters/_MysqlCommand.py:334: error: Variable "_MysqlCommand.SqlAlchemySessionMaker" is not valid as a type  [valid-type]
(mesgarpour)T-CARER/ReadersWriters/_MysqlCommand.py:340: error: SqlAlchemySessionMaker? has no attribute "execute"  [attr-defined]
(mesgarpour)T-CARER/ReadersWriters/_MysqlConnection.py:33: error: String argument 1 'Engine' to TypeVar(...) does not match variable name 'SqlalchemyEngine'  [misc]
(mesgarpour)T-CARER/ReadersWriters/_MysqlConnection.py:33: error: "object" not callable  [operator]
(mesgarpour)T-CARER/ReadersWriters/_MysqlConnection.py:75: error: Variable "_MysqlConnection.SqlalchemyEngine" is not valid as a type  [valid-type]
(mesgarpour)T-CARER/ReadersWriters/_MysqlConnection.py:81: error: Name 'create_engine' is not defined  [name-defined]
(mesgarpour)T-CARER/Stats/YeoJohnson.py:35: error: String argument 1 'ndarray' to TypeVar(...) does not match variable name 'NumpyNDArray'  [misc]
(mesgarpour)T-CARER/Stats/YeoJohnson.py:35: error: "object" not callable  [operator]
(mesgarpour)T-CARER/Stats/YeoJohnson.py:36: error: String argument 1 'Series' to TypeVar(...) does not match variable name 'PandasSeries'  [misc]
(mesgarpour)T-CARER/Stats/YeoJohnson.py:36: error: "object" not callable  [operator]
(mesgarpour)T-CARER/Stats/YeoJohnson.py:41: error: Variable "YeoJohnson.NumpyNDArray" is not valid as a type  [valid-type]
(mesgarpour)T-CARER/Stats/YeoJohnson.py:41: error: Variable "YeoJohnson.PandasSeries" is not valid as a type  [valid-type]
(mesgarpour)T-CARER/Stats/YeoJohnson.py:43: error: Incompatible default for argument "derivative" (default has type "int", argument has type "Callable[[int, float], None]")  [assignment]
(mesgarpour)T-CARER/Stats/YeoJohnson.py:71: error: Unsupported operand types for <= ("int" and "Callable[[List[Any], NumpyNDArray?, PandasSeries?], None]")  [operator]
(mesgarpour)T-CARER/Stats/YeoJohnson.py:72: error: Unsupported target for indexed assignment  [index]
(mesgarpour)T-CARER/Stats/YeoJohnson.py:72: error: Value of type "Callable[[List[Any], NumpyNDArray?, PandasSeries?], None]" is not indexable  [index]
(mesgarpour)T-CARER/Stats/YeoJohnson.py:74: error: Unsupported operand types for <= ("int" and "Callable[[List[Any], NumpyNDArray?, PandasSeries?], None]")  [operator]
(mesgarpour)T-CARER/Stats/YeoJohnson.py:75: error: Unsupported target for indexed assignment  [index]
(mesgarpour)T-CARER/Stats/YeoJohnson.py:75: error: Value of type "Callable[[List[Any], NumpyNDArray?, PandasSeries?], None]" is not indexable  [index]
(mesgarpour)T-CARER/Stats/YeoJohnson.py:77: error: Unsupported operand types for > ("int" and "Callable[[List[Any], NumpyNDArray?, PandasSeries?], None]")  [operator]
(mesgarpour)T-CARER/Stats/YeoJohnson.py:78: error: Unsupported target for indexed assignment  [index]
(mesgarpour)T-CARER/Stats/YeoJohnson.py:78: error: Value of type "Callable[[List[Any], NumpyNDArray?, PandasSeries?], None]" is not indexable  [index]
(mesgarpour)T-CARER/Stats/YeoJohnson.py:80: error: Unsupported operand types for > ("int" and "Callable[[List[Any], NumpyNDArray?, PandasSeries?], None]")  [operator]
(mesgarpour)T-CARER/Stats/YeoJohnson.py:81: error: Unsupported target for indexed assignment  [index]
(mesgarpour)T-CARER/Stats/YeoJohnson.py:81: error: Value of type "Callable[[List[Any], NumpyNDArray?, PandasSeries?], None]" is not indexable  [index]
(mesgarpour)T-CARER/Stats/YeoJohnson.py:86: error: Unsupported operand types for <= ("int" and "Callable[[List[Any], NumpyNDArray?, PandasSeries?], None]")  [operator]
(mesgarpour)T-CARER/Stats/YeoJohnson.py:87: error: Unsupported target for indexed assignment  [index]
(mesgarpour)T-CARER/Stats/YeoJohnson.py:87: error: Value of type "Callable[[List[Any], NumpyNDArray?, PandasSeries?], None]" is not indexable  [index]
(mesgarpour)T-CARER/Stats/YeoJohnson.py:89: error: Unsupported operand types for <= ("int" and "Callable[[List[Any], NumpyNDArray?, PandasSeries?], None]")  [operator]
(mesgarpour)T-CARER/Stats/YeoJohnson.py:90: error: Unsupported target for indexed assignment  [index]
(mesgarpour)T-CARER/Stats/YeoJohnson.py:90: error: Value of type "Callable[[List[Any], NumpyNDArray?, PandasSeries?], None]" is not indexable  [index]
(mesgarpour)T-CARER/Stats/YeoJohnson.py:92: error: Unsupported operand types for > ("int" and "Callable[[List[Any], NumpyNDArray?, PandasSeries?], None]")  [operator]
(mesgarpour)T-CARER/Stats/YeoJohnson.py:93: error: Unsupported target for indexed assignment  [index]
(mesgarpour)T-CARER/Stats/YeoJohnson.py:93: error: Value of type "Callable[[List[Any], NumpyNDArray?, PandasSeries?], None]" is not indexable  [index]
(mesgarpour)T-CARER/Stats/YeoJohnson.py:95: error: Unsupported operand types for > ("int" and "Callable[[List[Any], NumpyNDArray?, PandasSeries?], None]")  [operator]
(mesgarpour)T-CARER/Stats/YeoJohnson.py:96: error: Unsupported target for indexed assignment  [index]
(mesgarpour)T-CARER/Stats/YeoJohnson.py:96: error: Value of type "Callable[[List[Any], NumpyNDArray?, PandasSeries?], None]" is not indexable  [index]
(mesgarpour)T-CARER/Stats/YeoJohnson.py:100: error: Unsupported operand types for - ("Callable[[int, float], None]" and "int")  [operator]
(mesgarpour)T-CARER/Stats/YeoJohnson.py:100: error: Argument "derivative" to "fit" of "YeoJohnson" has incompatible type "int"; expected "Callable[[int, float], None]"  [arg-type]
(mesgarpour)T-CARER/Stats/YeoJohnson.py:102: error: Unsupported operand types for <= ("int" and "Callable[[List[Any], NumpyNDArray?, PandasSeries?], None]")  [operator]
(mesgarpour)T-CARER/Stats/YeoJohnson.py:103: error: Unsupported target for indexed assignment  [index]
(mesgarpour)T-CARER/Stats/YeoJohnson.py:104: error: Value of type "Callable[[List[Any], NumpyNDArray?, PandasSeries?], None]" is not indexable  [index]
(mesgarpour)T-CARER/Stats/YeoJohnson.py:106: error: Value of type "Callable[[List[Any], NumpyNDArray?, PandasSeries?], None]" is not indexable  [index]
(mesgarpour)T-CARER/Stats/YeoJohnson.py:109: error: Unsupported operand types for <= ("int" and "Callable[[List[Any], NumpyNDArray?, PandasSeries?], None]")  [operator]
(mesgarpour)T-CARER/Stats/YeoJohnson.py:110: error: Unsupported target for indexed assignment  [index]
(mesgarpour)T-CARER/Stats/YeoJohnson.py:110: error: Value of type "Callable[[List[Any], NumpyNDArray?, PandasSeries?], None]" is not indexable  [index]
(mesgarpour)T-CARER/Stats/YeoJohnson.py:110: error: Unsupported operand types for + ("Callable[[int, float], None]" and "int")  [operator]
(mesgarpour)T-CARER/Stats/YeoJohnson.py:112: error: Unsupported operand types for > ("int" and "Callable[[List[Any], NumpyNDArray?, PandasSeries?], None]")  [operator]
(mesgarpour)T-CARER/Stats/YeoJohnson.py:113: error: Unsupported target for indexed assignment  [index]
(mesgarpour)T-CARER/Stats/YeoJohnson.py:114: error: Value of type "Callable[[List[Any], NumpyNDArray?, PandasSeries?], None]" is not indexable  [index]
(mesgarpour)T-CARER/Stats/YeoJohnson.py:116: error: Value of type "Callable[[List[Any], NumpyNDArray?, PandasSeries?], None]" is not indexable  [index]
(mesgarpour)T-CARER/Stats/YeoJohnson.py:119: error: Unsupported operand types for > ("int" and "Callable[[List[Any], NumpyNDArray?, PandasSeries?], None]")  [operator]
(mesgarpour)T-CARER/Stats/YeoJohnson.py:120: error: Unsupported target for indexed assignment  [index]
(mesgarpour)T-CARER/Stats/YeoJohnson.py:120: error: Value of type "Callable[[List[Any], NumpyNDArray?, PandasSeries?], None]" is not indexable  [index]
(mesgarpour)T-CARER/Stats/YeoJohnson.py:120: error: Unsupported operand types for + ("Callable[[int, float], None]" and "int")  [operator]
(mesgarpour)T-CARER/Stats/YeoJohnson.py:124: error: Variable "YeoJohnson.NumpyNDArray" is not valid as a type  [valid-type]
(mesgarpour)T-CARER/Stats/YeoJohnson.py:124: error: Variable "YeoJohnson.PandasSeries" is not valid as a type  [valid-type]
(mesgarpour)T-CARER/Stats/FeatureSelection.py:31: error: String argument 1 'DataFrame' to TypeVar(...) does not match variable name 'PandasDataFrame'  [misc]
(mesgarpour)T-CARER/Stats/FeatureSelection.py:31: error: "object" not callable  [operator]
(mesgarpour)T-CARER/Stats/FeatureSelection.py:51: error: Variable "FeatureSelection.PandasDataFrame" is not valid as a type  [valid-type]
(mesgarpour)T-CARER/Stats/FeatureSelection.py:77: error: Variable "FeatureSelection.PandasDataFrame" is not valid as a type  [valid-type]
(mesgarpour)T-CARER/Stats/FeatureSelection.py:98: error: Variable "FeatureSelection.PandasDataFrame" is not valid as a type  [valid-type]
(mesgarpour)T-CARER/Stats/FeatureSelection.py:124: error: Variable "FeatureSelection.PandasDataFrame" is not valid as a type  [valid-type]
(mesgarpour)T-CARER/Stats/FeatureSelection.py:149: error: Variable "FeatureSelection.PandasDataFrame" is not valid as a type  [valid-type]
(mesgarpour)T-CARER/Stats/FeatureSelection.py:173: error: Variable "FeatureSelection.PandasDataFrame" is not valid as a type  [valid-type]
(mesgarpour)T-CARER/Stats/FeatureSelection.py:201: error: Variable "FeatureSelection.PandasDataFrame" is not valid as a type  [valid-type]
(mesgarpour)T-CARER/Stats/FeatureSelection.py:223: error: Variable "FeatureSelection.PandasDataFrame" is not valid as a type  [valid-type]
(mesgarpour)T-CARER/Stats/FeatureSelection.py:243: error: Variable "FeatureSelection.PandasDataFrame" is not valid as a type  [valid-type]
(mesgarpour)T-CARER/Stats/FeatureSelection.py:261: error: PandasDataFrame? has no attribute "shape"  [attr-defined]
(mesgarpour)T-CARER/Stats/TrainingMethod.py:38: error: String argument 1 'DataFrame' to TypeVar(...) does not match variable name 'PandasDataFrame'  [misc]
(mesgarpour)T-CARER/Stats/TrainingMethod.py:38: error: "object" not callable  [operator]
(mesgarpour)T-CARER/Stats/TrainingMethod.py:39: error: String argument 1 'ndarray' to TypeVar(...) does not match variable name 'NumpyNDArray'  [misc]
(mesgarpour)T-CARER/Stats/TrainingMethod.py:39: error: "object" not callable  [operator]
(mesgarpour)T-CARER/Stats/TrainingMethod.py:40: error: String argument 1 'OrderedDict' to TypeVar(...) does not match variable name 'CollectionsOrderedDict'  [misc]
(mesgarpour)T-CARER/Stats/TrainingMethod.py:40: error: "object" not callable  [operator]
(mesgarpour)T-CARER/Stats/TrainingMethod.py:74: error: Need type annotation for 'model_predict' (hint: "model_predict: Dict[<type>, <type>] = ...")  [var-annotated]
(mesgarpour)T-CARER/Stats/TrainingMethod.py:86: error: Variable "TrainingMethod.NumpyNDArray" is not valid as a type  [valid-type]
(mesgarpour)T-CARER/Stats/TrainingMethod.py:122: error: Incompatible types in assignment (expression has type "Optional[List[Any]]", variable has type "None")  [assignment]
(mesgarpour)T-CARER/Stats/TrainingMethod.py:128: error: Variable "TrainingMethod.PandasDataFrame" is not valid as a type  [valid-type]
(mesgarpour)T-CARER/Stats/TrainingMethod.py:138: error: Incompatible types in assignment (expression has type "List[Any]", variable has type "None")  [assignment]
(mesgarpour)T-CARER/Stats/TrainingMethod.py:138: error: PandasDataFrame? has no attribute "columns"  [attr-defined]
(mesgarpour)T-CARER/Stats/TrainingMethod.py:139: error: "None" has no attribute "train"  [attr-defined]
(mesgarpour)T-CARER/Stats/TrainingMethod.py:140: error: Value of type PandasDataFrame? is not indexable  [index]
(mesgarpour)T-CARER/Stats/TrainingMethod.py:148: error: "None" has no attribute "plot"  [attr-defined]
(mesgarpour)T-CARER/Stats/TrainingMethod.py:155: error: "None" has no attribute "train_summaries"  [attr-defined]
(mesgarpour)T-CARER/Stats/TrainingMethod.py:158: error: Variable "TrainingMethod.PandasDataFrame" is not valid as a type  [valid-type]
(mesgarpour)T-CARER/Stats/TrainingMethod.py:159: error: Variable "TrainingMethod.PandasDataFrame" is not valid as a type  [valid-type]
(mesgarpour)T-CARER/Stats/TrainingMethod.py:166: error: "None" has no attribute "predict"  [attr-defined]
(mesgarpour)T-CARER/Stats/TrainingMethod.py:166: error: Value of type PandasDataFrame? is not indexable  [index]
(mesgarpour)T-CARER/Stats/TrainingMethod.py:171: error: Variable "TrainingMethod.CollectionsOrderedDict" is not valid as a type  [valid-type]
(mesgarpour)T-CARER/Stats/TrainingMethod.py:179: error: "None" has no attribute "predict_summaries"  [attr-defined]
(mesgarpour)T-CARER/Stats/TrainingMethod.py:184: error: Variable "TrainingMethod.CollectionsOrderedDict" is not valid as a type  [valid-type]
(mesgarpour)T-CARER/Stats/TrainingMethod.py:193: error: "None" has no attribute "predict_summaries_cutoffs_table"  [attr-defined]
(mesgarpour)T-CARER/Stats/TrainingMethod.py:197: error: Variable "TrainingMethod.PandasDataFrame" is not valid as a type  [valid-type]
(mesgarpour)T-CARER/Stats/TrainingMethod.py:211: error: Value of type PandasDataFrame? is not indexable  [index]
(mesgarpour)T-CARER/Stats/TrainingMethod.py:231: error: Incompatible types in assignment (expression has type "None", target has type "str")  [assignment]
(mesgarpour)T-CARER/Stats/TrainingMethod.py:232: error: Incompatible types in assignment (expression has type "None", target has type "str")  [assignment]
(mesgarpour)T-CARER/Stats/TrainingMethod.py:233: error: Incompatible types in assignment (expression has type "Dict[Any, Any]", target has type "str")  [assignment]
(mesgarpour)T-CARER/Stats/TrainingMethod.py:234: error: Incompatible types in assignment (expression has type "None", target has type "str")  [assignment]
(mesgarpour)T-CARER/Stats/TrainingMethod.py:248: error: Incompatible types in assignment (expression has type "None", target has type "str")  [assignment]
(mesgarpour)T-CARER/Stats/TrainingMethod.py:249: error: Incompatible types in assignment (expression has type "None", target has type "str")  [assignment]
(mesgarpour)T-CARER/Stats/TrainingMethod.py:250: error: Incompatible types in assignment (expression has type "Dict[Any, Any]", target has type "str")  [assignment]
(mesgarpour)T-CARER/Stats/TrainingMethod.py:251: error: Incompatible types in assignment (expression has type "None", target has type "str")  [assignment]
(mesgarpour)T-CARER/Configs/CONSTANTS.py:117: error: Item "None" of "Optional[Logger]" has no attribute "error"  [union-attr]
(mesgarpour)T-CARER/Features/FeatureParser.py:33: error: String argument 1 'DataFrame' to TypeVar(...) does not match variable name 'PandasDataFrame'  [misc]
(mesgarpour)T-CARER/Features/FeatureParser.py:33: error: "object" not callable  [operator]
(mesgarpour)T-CARER/Features/FeatureParser.py:34: error: String argument 1 'ndarray' to TypeVar(...) does not match variable name 'NumpyNdarray'  [misc]
(mesgarpour)T-CARER/Features/FeatureParser.py:34: error: "object" not callable  [operator]
(mesgarpour)T-CARER/Features/FeatureParser.py:49: error: Variable "FeatureParser.PandasDataFrame" is not valid as a type  [valid-type]
(mesgarpour)T-CARER/Features/FeatureParser.py:67: error: Variable "FeatureParser.PandasDataFrame" is not valid as a type  [valid-type]
(mesgarpour)T-CARER/Features/FeatureParser.py:68: error: Variable "FeatureParser.PandasDataFrame" is not valid as a type  [valid-type]
(mesgarpour)T-CARER/Features/FeatureParser.py:69: error: Variable "FeatureParser.PandasDataFrame" is not valid as a type  [valid-type]
(mesgarpour)T-CARER/Features/FeatureParser.py:79: error: Value of type PandasDataFrame? is not indexable  [index]
(mesgarpour)T-CARER/Features/FeatureParser.py:88: error: Value of type PandasDataFrame? is not indexable  [index]
(mesgarpour)T-CARER/Features/FeatureParser.py:94: error: Unsupported target for indexed assignment  [index]
(mesgarpour)T-CARER/Features/FeatureParser.py:94: error: Value of type NumpyNdarray? is not indexable  [index]
(mesgarpour)T-CARER/Features/FeatureParser.py:97: error: Value of type PandasDataFrame? is not indexable  [index]
(mesgarpour)T-CARER/Features/FeatureParser.py:100: error: Unsupported target for indexed assignment  [index]
(mesgarpour)T-CARER/Features/FeatureParser.py:104: error: Variable "FeatureParser.PandasDataFrame" is not valid as a type  [valid-type]
(mesgarpour)T-CARER/Features/FeatureParser.py:107: error: Variable "FeatureParser.NumpyNdarray" is not valid as a type  [valid-type]
(mesgarpour)T-CARER/Features/FeatureParser.py:128: error: Variable "FeatureParser.PandasDataFrame" is not valid as a type  [valid-type]
(mesgarpour)T-CARER/Features/FeatureParserThread.py:26: error: String argument 1 'DataFrame' to TypeVar(...) does not match variable name 'PandasDataFrame'  [misc]
(mesgarpour)T-CARER/Features/FeatureParserThread.py:26: error: "object" not callable  [operator]
(mesgarpour)T-CARER/Features/FeatureParserThread.py:27: error: String argument 1 'ndarray' to TypeVar(...) does not match variable name 'NumpyNdarray'  [misc]
(mesgarpour)T-CARER/Features/FeatureParserThread.py:27: error: "object" not callable  [operator]
(mesgarpour)T-CARER/Features/FeatureParserThread.py:45: error: Variable "FeatureParserThread.NumpyNdarray" is not valid as a type  [valid-type]
(mesgarpour)T-CARER/Features/FeatureParserThread.py:61: error: Incompatible types in assignment (expression has type "List[str]", variable has type "str")  [assignment]
(mesgarpour)T-CARER/Features/FeatureParserThread.py:62: error: Incompatible types in assignment (expression has type "List[str]", variable has type "str")  [assignment]
(mesgarpour)T-CARER/Features/FeatureParserThread.py:63: error: Incompatible types in assignment (expression has type "List[object]", variable has type "str")  [assignment]
(mesgarpour)T-CARER/Features/FeatureParserThread.py:65: error: Incompatible types in assignment (expression has type "List[int]", variable has type "str")  [assignment]
(mesgarpour)T-CARER/Features/FeatureParserThread.py:90: error: Value of type variable "_Number" of "mean" cannot be "str"  [type-var]
(mesgarpour)T-CARER/Features/FeatureParserThread.py:94: error: Value of type variable "_Number" of "median" cannot be "str"  [type-var]
(mesgarpour)T-CARER/Features/FeatureParserThread.py:111: error: Incompatible types in assignment (expression has type "List[str]", variable has type "str")  [assignment]
(mesgarpour)T-CARER/Features/FeatureParserThread.py:112: error: Incompatible types in assignment (expression has type "List[str]", variable has type "str")  [assignment]
(mesgarpour)T-CARER/Features/FeatureParserThread.py:113: error: Incompatible types in assignment (expression has type "List[object]", variable has type "str")  [assignment]
(mesgarpour)T-CARER/Features/FeatureParserThread.py:114: error: Incompatible types in assignment (expression has type "List[str]", variable has type "str")  [assignment]
(mesgarpour)T-CARER/Features/FeatureParserThread.py:115: error: Incompatible return value type (got "str", expected "List[Any]")  [return-value]
Found 367 errors in 23 files (checked 26 source files)

[RRepo](urda)nistbeacon
(urda)nistbeacon/scripts/version_manager.py:174: error: Need type annotation for 'version_counter'  [var-annotated]
(urda)nistbeacon/scripts/version_manager.py:191: error: Argument "version_result" to "FileVersionResult" has incompatible type "Optional[Any]"; expected "str"  [arg-type]
(urda)nistbeacon/nistbeacon/nistbeaconvalue.py:333: error: Incompatible return value type (got "None", expected "NistBeaconValue")  [return-value]
(urda)nistbeacon/nistbeacon/nistbeaconvalue.py:354: error: Incompatible return value type (got "None", expected "NistBeaconValue")  [return-value]
(urda)nistbeacon/nistbeacon/nistbeaconvalue.py:358: error: Argument "version" to "NistBeaconValue" has incompatible type "None"; expected "str"  [arg-type]
(urda)nistbeacon/nistbeacon/nistbeaconvalue.py:359: error: No overload variant of "int" matches argument type "None"  [call-overload]
(urda)nistbeacon/nistbeacon/nistbeaconvalue.py:359: note: Possible overload variant:
(urda)nistbeacon/nistbeacon/nistbeaconvalue.py:359: note:     def int(self, x: Union[str, bytes, SupportsInt, _SupportsIndex] = ...) -> int
(urda)nistbeacon/nistbeacon/nistbeaconvalue.py:359: note:     <1 more non-matching overload not shown>
(urda)nistbeacon/nistbeacon/nistbeaconvalue.py:360: error: No overload variant of "int" matches argument type "None"  [call-overload]
(urda)nistbeacon/nistbeacon/nistbeaconvalue.py:360: note: Possible overload variant:
(urda)nistbeacon/nistbeacon/nistbeaconvalue.py:360: note:     def int(self, x: Union[str, bytes, SupportsInt, _SupportsIndex] = ...) -> int
(urda)nistbeacon/nistbeacon/nistbeaconvalue.py:360: note:     <1 more non-matching overload not shown>
(urda)nistbeacon/nistbeacon/nistbeaconvalue.py:361: error: Argument "seed_value" to "NistBeaconValue" has incompatible type "None"; expected "str"  [arg-type]
(urda)nistbeacon/nistbeacon/nistbeaconvalue.py:362: error: Argument "previous_output_value" to "NistBeaconValue" has incompatible type "None"; expected "str"  [arg-type]
(urda)nistbeacon/nistbeacon/nistbeaconvalue.py:365: error: Argument "signature_value" to "NistBeaconValue" has incompatible type "None"; expected "str"  [arg-type]
(urda)nistbeacon/nistbeacon/nistbeaconvalue.py:366: error: Argument "output_value" to "NistBeaconValue" has incompatible type "None"; expected "str"  [arg-type]
(urda)nistbeacon/nistbeacon/nistbeaconvalue.py:367: error: Argument "status_code" to "NistBeaconValue" has incompatible type "None"; expected "str"  [arg-type]
(urda)nistbeacon/nistbeacon/nistbeaconvalue.py:403: error: Incompatible return value type (got "None", expected "NistBeaconValue")  [return-value]
(urda)nistbeacon/nistbeacon/nistbeaconvalue.py:417: error: Incompatible types in assignment (expression has type "Optional[str]", target has type "None")  [assignment]
(urda)nistbeacon/nistbeacon/nistbeaconvalue.py:421: error: Incompatible return value type (got "None", expected "NistBeaconValue")  [return-value]
(urda)nistbeacon/nistbeacon/nistbeaconvalue.py:425: error: Argument "version" to "NistBeaconValue" has incompatible type "None"; expected "str"  [arg-type]
(urda)nistbeacon/nistbeacon/nistbeaconvalue.py:426: error: No overload variant of "int" matches argument type "None"  [call-overload]
(urda)nistbeacon/nistbeacon/nistbeaconvalue.py:426: note: Possible overload variant:
(urda)nistbeacon/nistbeacon/nistbeaconvalue.py:426: note:     def int(self, x: Union[str, bytes, SupportsInt, _SupportsIndex] = ...) -> int
(urda)nistbeacon/nistbeacon/nistbeaconvalue.py:426: note:     <1 more non-matching overload not shown>
(urda)nistbeacon/nistbeacon/nistbeaconvalue.py:427: error: No overload variant of "int" matches argument type "None"  [call-overload]
(urda)nistbeacon/nistbeacon/nistbeaconvalue.py:427: note: Possible overload variant:
(urda)nistbeacon/nistbeacon/nistbeaconvalue.py:427: note:     def int(self, x: Union[str, bytes, SupportsInt, _SupportsIndex] = ...) -> int
(urda)nistbeacon/nistbeacon/nistbeaconvalue.py:427: note:     <1 more non-matching overload not shown>
(urda)nistbeacon/nistbeacon/nistbeaconvalue.py:428: error: Argument "seed_value" to "NistBeaconValue" has incompatible type "None"; expected "str"  [arg-type]
(urda)nistbeacon/nistbeacon/nistbeaconvalue.py:429: error: Argument "previous_output_value" to "NistBeaconValue" has incompatible type "None"; expected "str"  [arg-type]
(urda)nistbeacon/nistbeacon/nistbeaconvalue.py:432: error: Argument "signature_value" to "NistBeaconValue" has incompatible type "None"; expected "str"  [arg-type]
(urda)nistbeacon/nistbeacon/nistbeaconvalue.py:433: error: Argument "output_value" to "NistBeaconValue" has incompatible type "None"; expected "str"  [arg-type]
(urda)nistbeacon/nistbeacon/nistbeaconvalue.py:434: error: Argument "status_code" to "NistBeaconValue" has incompatible type "None"; expected "str"  [arg-type]
(urda)nistbeacon/nistbeacon/nistbeacon.py:80: error: Missing return statement  [return]
Found 24 errors in 3 files (checked 13 source files)

[RRepo](GVLL)domrj
(GVLL)domrj/domrj/utils.py:21: error: Incompatible return value type (got "None", expected "str")  [return-value]
(GVLL)domrj/domrj/utils.py:37: error: Incompatible return value type (got "int", expected "str")  [return-value]
(GVLL)domrj/domrj/domhtml/treeparser.py:19: error: Need type annotation for 'treeids' (hint: "treeids: Dict[<type>, <type>] = ...")  [var-annotated]
(GVLL)domrj/domrj/dompdf/domrj_pdf.py:57: error: Missing return statement  [return]
Found 4 errors in 3 files (checked 6 source files)

[RRepo](facebookresearch)ParlAI
(facebookresearch)ParlAI/parlai/core/logs.py:29: error: Need type annotation for '_shared_state' (hint: "_shared_state: Dict[<type>, <type>] = ...")  [var-annotated]
(facebookresearch)ParlAI/docs/source/generate_zoo_list.py:9: error: Need type annotation for 'category_zoo_list' (hint: "category_zoo_list: Dict[<type>, <type>] = ...")  [var-annotated]
(facebookresearch)ParlAI/parlai/tasks/dailydialog/parse.py:52: error: Need type annotation for 'ALL_COUNTS'  [var-annotated]
(facebookresearch)ParlAI/parlai/tasks/dailydialog/parse.py:94: error: Incompatible types in assignment (expression has type "List[str]", variable has type "str")  [assignment]
(facebookresearch)ParlAI/parlai/tasks/dailydialog/parse.py:95: error: Incompatible types in assignment (expression has type "List[str]", variable has type "str")  [assignment]
(facebookresearch)ParlAI/projects/controllable_dialogue/mturk/run.py:10: error: Module 'worlds' has no attribute 'ControllableDialogEval'  [attr-defined]
(facebookresearch)ParlAI/projects/controllable_dialogue/mturk/run.py:10: error: Module 'worlds' has no attribute 'PersonasGenerator'  [attr-defined]
(facebookresearch)ParlAI/projects/controllable_dialogue/mturk/run.py:10: error: Module 'worlds' has no attribute 'PersonaAssignWorld'  [attr-defined]
(facebookresearch)ParlAI/tests/suites.py:97: error: Module has no attribute "run"  [attr-defined]
(facebookresearch)ParlAI/parlai/agents/bert_ranker/helpers.py:21: error: Module 'torch.optim' has no attribute 'Optimizer'  [attr-defined]
(facebookresearch)ParlAI/parlai/agents/bert_ranker/helpers.py:22: error: Module 'torch.optim.optimizer' has no attribute 'required'  [attr-defined]
(facebookresearch)ParlAI/parlai/core/thread_utils.py:12: error: Module 'multiprocessing' has no attribute 'RawArray'; maybe "Array"?  [attr-defined]
(facebookresearch)ParlAI/projects/taskntalk/coopgame_agent.py:26: error: Module has no attribute "Adadelta"  [attr-defined]
(facebookresearch)ParlAI/projects/taskntalk/coopgame_agent.py:27: error: Module has no attribute "Adagrad"  [attr-defined]
(facebookresearch)ParlAI/projects/taskntalk/coopgame_agent.py:29: error: Module has no attribute "Adamax"; maybe "Adam"?  [attr-defined]
(facebookresearch)ParlAI/projects/taskntalk/coopgame_agent.py:30: error: Module has no attribute "ASGD"; maybe "SGD"?  [attr-defined]
(facebookresearch)ParlAI/projects/taskntalk/coopgame_agent.py:31: error: Module has no attribute "LBFGS"  [attr-defined]
(facebookresearch)ParlAI/projects/taskntalk/coopgame_agent.py:32: error: Module has no attribute "RMSprop"  [attr-defined]
(facebookresearch)ParlAI/projects/taskntalk/coopgame_agent.py:33: error: Module has no attribute "Rprop"  [attr-defined]
(facebookresearch)ParlAI/parlai/scripts/multiprocessing_train.py:24: error: Module has no attribute "multiprocessing"  [attr-defined]
(facebookresearch)ParlAI/parlai/scripts/interactive_web.py:18: error: Need type annotation for 'SHARED' (hint: "SHARED: Dict[<type>, <type>] = ...")  [var-annotated]
Found 21 errors in 10 files (checked 165 source files)

[RRepo](XKNX)xknx
(XKNX)xknx/xknx/xknx.py: error: Duplicate module named 'xknx' (also at '/home/bew/archive/typed_project/(XKNX)xknx/home-assistant-plugin/custom_components/xknx/__init__.py')  [misc]
(XKNX)xknx/xknx/xknx.py: error: Are you missing an __init__.py?  [misc]
Found 2 errors in 1 file (checked 164 source files)

[RRepo](anchore)anchore-engine
(anchore)anchore-engine/test/integration/services/policy_engine/feeds/test_mapping.py:91: error: Need type annotation for 'vuln_invalid_1'  [var-annotated]
(anchore)anchore-engine/anchore_engine/services/policy_engine/engine/policy/gates/always.py:16: error: Need type annotation for '__params__' (hint: "__params__: Dict[<type>, <type>] = ...")  [var-annotated]
(anchore)anchore-engine/anchore_engine/db/db_archived_images.py:59: error: Function "db.db_archived_images.list" is not valid as a type  [valid-type]
(anchore)anchore-engine/anchore_engine/db/db_archived_images.py:59: note: Perhaps you need "Callable[...]" or a callback protocol?
(anchore)anchore-engine/anchore_engine/db/db_archived_images.py:64: error: list? has no attribute "__iter__" (not iterable)  [attr-defined]
(anchore)anchore-engine/anchore_engine/db/db_archived_images.py:69: error: Incompatible return value type (got "None", expected "str")  [return-value]
(anchore)anchore-engine/anchore_engine/db/db_archived_images.py:84: error: Function "db.db_archived_images.list" is not valid as a type  [valid-type]
(anchore)anchore-engine/anchore_engine/db/db_archived_images.py:84: note: Perhaps you need "Callable[...]" or a callback protocol?
(anchore)anchore-engine/anchore_engine/subsys/simplequeue.py:5: error: Need type annotation for 'queues' (hint: "queues: Dict[<type>, <type>] = ...")  [var-annotated]
(anchore)anchore-engine/anchore_engine/subsys/simplequeue.py:6: error: Need type annotation for 'queues_persist_files' (hint: "queues_persist_files: Dict[<type>, <type>] = ...")  [var-annotated]
(anchore)anchore-engine/scripts/data_generators/generate_gem_records.py:62: error: Incompatible types in assignment (expression has type "bool", variable has type "str")  [assignment]
(anchore)anchore-engine/anchore_engine/common/pagination.py:28: error: Need type annotation for 'pagination_cache' (hint: "pagination_cache: Dict[<type>, <type>] = ...")  [var-annotated]
(anchore)anchore-engine/anchore_engine/subsys/object_store/drivers/rdbms.py:31: error: Syntax error in type annotation  [syntax]
(anchore)anchore-engine/anchore_engine/subsys/object_store/drivers/rdbms.py:31: note: Suggestion: Use Tuple[T1, ..., Tn] instead of (T1, ..., Tn)
(anchore)anchore-engine/anchore_engine/subsys/object_store/drivers/rdbms.py:127: error: Syntax error in type annotation  [syntax]
(anchore)anchore-engine/anchore_engine/subsys/object_store/drivers/rdbms.py:127: note: Suggestion: Use Tuple[T1, ..., Tn] instead of (T1, ..., Tn)
(anchore)anchore-engine/anchore_engine/auth/oauth.py:40: error: Argument 1 to "open" has incompatible type "Optional[Any]"; expected "Union[str, bytes, int, _PathLike[Any]]"  [arg-type]
(anchore)anchore-engine/anchore_engine/auth/oauth.py:46: error: Argument 1 to "open" has incompatible type "Optional[Any]"; expected "Union[str, bytes, int, _PathLike[Any]]"  [arg-type]
(anchore)anchore-engine/anchore_engine/auth/oauth.py:109: error: Need type annotation for '__claim_params__' (hint: "__claim_params__: Dict[<type>, <type>] = ...")  [var-annotated]
(anchore)anchore-engine/anchore_engine/subsys/object_store/__init__.py:11: error: Module 'object_store.drivers' has no attribute 'ObjectStorageDriverMeta'  [attr-defined]
(anchore)anchore-engine/anchore_engine/subsys/object_store/__init__.py:11: error: Module 'object_store.drivers' has no attribute 'ObjectStorageDriver'  [attr-defined]
(anchore)anchore-engine/anchore_engine/subsys/object_store/__init__.py:12: error: Module 'object_store.drivers' has no attribute 'S3ObjectStorageDriver'  [attr-defined]
(anchore)anchore-engine/anchore_engine/subsys/object_store/__init__.py:12: error: Module 'object_store.drivers' has no attribute 'SwiftObjectStorageDriver'  [attr-defined]
(anchore)anchore-engine/anchore_engine/subsys/object_store/__init__.py:12: error: Module 'object_store.drivers' has no attribute 'FilesystemObjectStorageDriver'  [attr-defined]
(anchore)anchore-engine/anchore_engine/subsys/object_store/__init__.py:12: error: Module 'object_store.drivers' has no attribute 'DbDriver'  [attr-defined]
(anchore)anchore-engine/anchore_engine/subsys/object_store/manager.py:13: error: Need type annotation for 'manager_singleton' (hint: "manager_singleton: Dict[<type>, <type>] = ...")  [var-annotated]
(anchore)anchore-engine/anchore_engine/subsys/object_store/manager.py:205: error: Not all arguments converted during string formatting  [str-format]
(anchore)anchore-engine/anchore_engine/subsys/object_store/migration.py:22: error: Unexpected arguments to namedtuple()  [misc]
(anchore)anchore-engine/anchore_engine/subsys/object_store/migration.py:142: error: Not all arguments converted during string formatting  [str-format]
(anchore)anchore-engine/anchore_engine/subsys/servicestatus.py:10: error: Need type annotation for 'service_statuses' (hint: "service_statuses: Dict[<type>, <type>] = ...")  [var-annotated]
(anchore)anchore-engine/scripts/tests/aetest.py:116: error: "Exception" has no attribute "output"  [attr-defined]
(anchore)anchore-engine/scripts/tests/aetest.py:117: error: "Exception" has no attribute "output"  [attr-defined]
(anchore)anchore-engine/test/unit/anchore_engine/util/test_langpack.py:8: error: Need type annotation for 'versions'  [var-annotated]
(anchore)anchore-engine/anchore_engine/services/policy_engine/engine/policy/gates/deprecated/anchoresec.py:56: error: Incompatible types in assignment (expression has type "List[str]", base class "CveSeverityTrigger" defined the type as "None")  [assignment]
(anchore)anchore-engine/anchore_engine/services/policy_engine/engine/policy/gates/deprecated/anchoresec.py:63: error: Incompatible types in assignment (expression has type "List[str]", base class "CveSeverityTrigger" defined the type as "None")  [assignment]
(anchore)anchore-engine/anchore_engine/services/policy_engine/engine/policy/gates/deprecated/anchoresec.py:70: error: Incompatible types in assignment (expression has type "List[str]", base class "CveSeverityTrigger" defined the type as "None")  [assignment]
(anchore)anchore-engine/anchore_engine/services/policy_engine/engine/policy/gates/deprecated/anchoresec.py:77: error: Incompatible types in assignment (expression has type "List[str]", base class "CveSeverityTrigger" defined the type as "None")  [assignment]
(anchore)anchore-engine/anchore_engine/services/policy_engine/engine/policy/gates/deprecated/anchoresec.py:84: error: Incompatible types in assignment (expression has type "List[Optional[str]]", base class "CveSeverityTrigger" defined the type as "None")  [assignment]
(anchore)anchore-engine/anchore_manager/cli/__init__.py:4: error: Module 'cli' has no attribute 'service'  [attr-defined]
(anchore)anchore-engine/anchore_engine/clients/services/internal.py:157: error: Function "builtins.callable" is not valid as a type  [valid-type]
(anchore)anchore-engine/anchore_engine/clients/services/internal.py:157: note: Perhaps you need "Callable[...]" or a callback protocol?
(anchore)anchore-engine/anchore_engine/clients/services/internal.py:181: error: Function "builtins.callable" is not valid as a type  [valid-type]
(anchore)anchore-engine/anchore_engine/clients/services/internal.py:181: note: Perhaps you need "Callable[...]" or a callback protocol?
(anchore)anchore-engine/anchore_engine/clients/services/internal.py:216: error: Incompatible types in assignment (expression has type "None", variable has type "Dict[Any, Any]")  [assignment]
(anchore)anchore-engine/anchore_engine/clients/services/internal.py:232: error: callable? not callable  [misc]
(anchore)anchore-engine/anchore_engine/clients/services/internal.py:234: error: callable? not callable  [misc]
(anchore)anchore-engine/anchore_engine/clients/services/internal.py:239: error: Function "builtins.callable" is not valid as a type  [valid-type]
(anchore)anchore-engine/anchore_engine/clients/services/internal.py:239: note: Perhaps you need "Callable[...]" or a callback protocol?
(anchore)anchore-engine/anchore_engine/clients/docker_registry.py:258: error: Assignment to variable 'err' outside except: block  [misc]
(anchore)anchore-engine/anchore_engine/clients/docker_registry.py:269: error: Assignment to variable 'err' outside except: block  [misc]
(anchore)anchore-engine/anchore_engine/plugins/authorization/client.py:24: error: Function "builtins.callable" is not valid as a type  [valid-type]
(anchore)anchore-engine/anchore_engine/plugins/authorization/client.py:24: note: Perhaps you need "Callable[...]" or a callback protocol?
(anchore)anchore-engine/anchore_engine/plugins/authorization/client.py:51: error: Incompatible types in assignment (expression has type "None", variable has type "Dict[Any, Any]")  [assignment]
(anchore)anchore-engine/anchore_engine/plugins/authorization/client.py:60: error: callable? not callable  [misc]
(anchore)anchore-engine/anchore_engine/plugins/authorization/client.py:62: error: callable? not callable  [misc]
(anchore)anchore-engine/anchore_engine/services/policy_engine/api/models/base_model_.py:11: error: Need type annotation for 'swagger_types' (hint: "swagger_types: Dict[<type>, <type>] = ...")  [var-annotated]
(anchore)anchore-engine/anchore_engine/services/policy_engine/api/models/base_model_.py:15: error: Need type annotation for 'attribute_map' (hint: "attribute_map: Dict[<type>, <type>] = ...")  [var-annotated]
(anchore)anchore-engine/anchore_engine/subsys/metrics.py:15: error: Need type annotation for 'metrics' (hint: "metrics: Dict[<type>, <type>] = ...")  [var-annotated]
Found 50 errors in 21 files (checked 216 source files)

[RRepo](Aquafina-water-bottle)Command-Compiler-Unlimited
(Aquafina-water-bottle)Command-Compiler-Unlimited/fenalib/token_classes.py:4: error: Need type annotation for 'cache' (hint: "cache: Dict[<type>, <type>] = ...")  [var-annotated]

[RRepo](oilshell)oil
(oilshell)oil/opy/callgraph.py:50: error: invalid syntax  [syntax]
Found 1 error in 1 file (checked 653 source files)

[RRepo](sheriferson)simplestatistics
(sheriferson)simplestatistics/simplestatistics/statistics/mode.py:7: error: Missing return statement  [return]
(sheriferson)simplestatistics/simplestatistics/statistics/mode.py:41: error: Need type annotation for 'number_counter' (hint: "number_counter: Dict[<type>, <type>] = ...")  [var-annotated]
(sheriferson)simplestatistics/simplestatistics/statistics/mode.py:45: error: Argument 1 to "len" has incompatible type "Union[int, List[Any]]"; expected "Sized"  [arg-type]
(sheriferson)simplestatistics/simplestatistics/statistics/mode.py:46: error: Item "int" of "Union[int, List[Any]]" has no attribute "sort"  [union-attr]
(sheriferson)simplestatistics/simplestatistics/statistics/mode.py:48: error: Item "int" of "Union[int, List[Any]]" has no attribute "__iter__" (not iterable)  [union-attr]
(sheriferson)simplestatistics/simplestatistics/statistics/median.py:42: error: Argument 1 to "float" has incompatible type "Union[int, float, List[Any]]"; expected "Union[SupportsFloat, _SupportsIndex, str, bytes, bytearray]"  [arg-type]
(sheriferson)simplestatistics/simplestatistics/statistics/median.py:44: error: Item "int" of "Union[int, float, List[Any]]" has no attribute "sort"  [union-attr]
(sheriferson)simplestatistics/simplestatistics/statistics/median.py:44: error: Item "float" of "Union[int, float, List[Any]]" has no attribute "sort"  [union-attr]
(sheriferson)simplestatistics/simplestatistics/statistics/median.py:46: error: Argument 1 to "len" has incompatible type "Union[int, float, List[Any]]"; expected "Sized"  [arg-type]
(sheriferson)simplestatistics/simplestatistics/statistics/median.py:47: error: Value of type "Union[int, float, List[Any]]" is not indexable  [index]
(sheriferson)simplestatistics/simplestatistics/statistics/median.py:48: error: Argument 1 to "len" has incompatible type "Union[int, float, List[Any]]"; expected "Sized"  [arg-type]
(sheriferson)simplestatistics/simplestatistics/statistics/median.py:49: error: Value of type "Union[int, float, List[Any]]" is not indexable  [index]
(sheriferson)simplestatistics/simplestatistics/statistics/median.py:49: error: Argument 1 to "len" has incompatible type "Union[int, float, List[Any]]"; expected "Sized"  [arg-type]
(sheriferson)simplestatistics/simplestatistics/statistics/median.py:52: error: Argument 1 to "len" has incompatible type "Union[int, float, List[Any]]"; expected "Sized"  [arg-type]
(sheriferson)simplestatistics/simplestatistics/statistics/median.py:53: error: Value of type "Union[int, float, List[Any]]" is not indexable  [index]
Found 15 errors in 2 files (checked 41 source files)

[RRepo](sdeslauriers)streamlines
(sdeslauriers)streamlines/streamlines/io/__init__.py:49: error: Incompatible types in assignment (expression has type "None", variable has type "List[Any]")  [assignment]
Found 1 error in 1 file (checked 5 source files)

