[RRepo](semanticbits)survey_stats
(semanticbits)survey_stats/src/survey_stats/types.py:23: error: Cannot determine type of 's'  [has-type]
(semanticbits)survey_stats/src/survey_stats/types.py:25: error: Cannot determine type of 'ib'  [has-type]
(semanticbits)survey_stats/src/survey_stats/types.py:26: error: Cannot determine type of 'ib'  [has-type]
(semanticbits)survey_stats/src/survey_stats/types.py:29: error: Cannot determine type of 's'  [has-type]
(semanticbits)survey_stats/src/survey_stats/types.py:31: error: Cannot determine type of 'ib'  [has-type]
(semanticbits)survey_stats/src/survey_stats/types.py:32: error: Cannot determine type of 'ib'  [has-type]
(semanticbits)survey_stats/src/survey_stats/types.py:33: error: Cannot determine type of 'ib'  [has-type]
(semanticbits)survey_stats/src/survey_stats/types.py:34: error: Cannot determine type of 'ib'  [has-type]
(semanticbits)survey_stats/src/survey_stats/types.py:35: error: Cannot determine type of 'ib'  [has-type]
(semanticbits)survey_stats/src/survey_stats/types.py:36: error: Cannot determine type of 'ib'  [has-type]
(semanticbits)survey_stats/src/survey_stats/types.py:37: error: Cannot determine type of 'ib'  [has-type]
(semanticbits)survey_stats/src/survey_stats/types.py:38: error: Cannot determine type of 'ib'  [has-type]
(semanticbits)survey_stats/src/survey_stats/types.py:39: error: Type variable "types.T" is unbound  [valid-type]
(semanticbits)survey_stats/src/survey_stats/types.py:39: note: (Hint: Use "Generic[T]" or "Protocol[T]" base class to bind "T" inside a class)
(semanticbits)survey_stats/src/survey_stats/types.py:39: note: (Hint: Use "T" in function signature to bind "T" inside a function)
(semanticbits)survey_stats/src/survey_stats/types.py:39: error: Cannot determine type of 'ib'  [has-type]
(semanticbits)survey_stats/src/survey_stats/types.py:40: error: Cannot determine type of 'ib'  [has-type]
(semanticbits)survey_stats/src/survey_stats/types.py:41: error: Type variable "types.T" is unbound  [valid-type]
(semanticbits)survey_stats/src/survey_stats/types.py:41: note: (Hint: Use "Generic[T]" or "Protocol[T]" base class to bind "T" inside a class)
(semanticbits)survey_stats/src/survey_stats/types.py:41: note: (Hint: Use "T" in function signature to bind "T" inside a function)
(semanticbits)survey_stats/src/survey_stats/types.py:41: error: Cannot determine type of 'ib'  [has-type]
(semanticbits)survey_stats/src/survey_stats/types.py:42: error: Cannot determine type of 'ib'  [has-type]
(semanticbits)survey_stats/src/survey_stats/types.py:45: error: Cannot determine type of 's'  [has-type]
(semanticbits)survey_stats/src/survey_stats/types.py:47: error: Cannot determine type of 'ib'  [has-type]
(semanticbits)survey_stats/src/survey_stats/types.py:48: error: Cannot determine type of 'ib'  [has-type]
(semanticbits)survey_stats/src/survey_stats/types.py:49: error: Cannot determine type of 'ib'  [has-type]
(semanticbits)survey_stats/src/survey_stats/types.py:50: error: Type variable "types.T" is unbound  [valid-type]
(semanticbits)survey_stats/src/survey_stats/types.py:50: note: (Hint: Use "Generic[T]" or "Protocol[T]" base class to bind "T" inside a class)
(semanticbits)survey_stats/src/survey_stats/types.py:50: note: (Hint: Use "T" in function signature to bind "T" inside a function)
(semanticbits)survey_stats/src/survey_stats/types.py:50: error: Cannot determine type of 'ib'  [has-type]
(semanticbits)survey_stats/src/survey_stats/types.py:51: error: Cannot determine type of 'ib'  [has-type]
(semanticbits)survey_stats/src/survey_stats/types.py:52: error: Cannot determine type of 'ib'  [has-type]
(semanticbits)survey_stats/src/survey_stats/types.py:53: error: Cannot determine type of 'ib'  [has-type]
(semanticbits)survey_stats/src/survey_stats/types.py:54: error: Cannot determine type of 'ib'  [has-type]
(semanticbits)survey_stats/src/survey_stats/types.py:57: error: Cannot determine type of 's'  [has-type]
(semanticbits)survey_stats/src/survey_stats/types.py:59: error: Cannot determine type of 'ib'  [has-type]
(semanticbits)survey_stats/src/survey_stats/types.py:60: error: Cannot determine type of 'ib'  [has-type]
(semanticbits)survey_stats/src/survey_stats/types.py:61: error: Cannot determine type of 'ib'  [has-type]
(semanticbits)survey_stats/src/survey_stats/types.py:62: error: Cannot determine type of 'ib'  [has-type]
(semanticbits)survey_stats/src/survey_stats/types.py:63: error: Cannot determine type of 'ib'  [has-type]
(semanticbits)survey_stats/src/survey_stats/types.py:64: error: Cannot determine type of 'ib'  [has-type]
(semanticbits)survey_stats/src/survey_stats/types.py:65: error: Cannot determine type of 'ib'  [has-type]
(semanticbits)survey_stats/src/survey_stats/types.py:66: error: Cannot determine type of 'ib'  [has-type]
(semanticbits)survey_stats/src/survey_stats/types.py:67: error: Cannot determine type of 'ib'  [has-type]
(semanticbits)survey_stats/src/survey_stats/etl/spss.py:24: error: Type signature has too few arguments  [syntax]
(semanticbits)survey_stats/src/survey_stats/datasets.py:184: error: Name 'types.FunctionType' is not defined  [name-defined]
(semanticbits)survey_stats/src/survey_stats/datasets.py:184: error: Name 'types.LambdaType' is not defined  [name-defined]
(semanticbits)survey_stats/src/survey_stats/datasets.py:288: error: Name 'fetch_stats' is not defined  [name-defined]
(semanticbits)survey_stats/src/survey_stats/api.py:117: error: Name 'fetch_questions' already defined on line 107  [no-redef]
(semanticbits)survey_stats/src/survey_stats/microservice.py:39: error: Bracketed expression "[...]" is not valid as a type  [misc]
(semanticbits)survey_stats/src/survey_stats/microservice.py:39: note: Did you mean "List[...]"?
Found 44 errors in 5 files (checked 22 source files)

[RRepo](TheEnigmaBlade)holo
(TheEnigmaBlade)holo/src/data/models.py:62: error: Too many arguments  [misc]
(TheEnigmaBlade)holo/src/data/models.py:132: error: Not all arguments converted during string formatting  [str-format]

[RRepo](pachev)gsbot
(pachev)gsbot/models/model_mixin.py:4: error: Need type annotation for 'DB_COLUMNS' (hint: "DB_COLUMNS: List[<type>] = ...")  [var-annotated]

[RRepo](feliphebueno)Rinzler
(feliphebueno)Rinzler/rinzler/core/route_mapping.py:11: error: Need type annotation for '__routes' (hint: "__routes: Dict[<type>, <type>] = ...")  [var-annotated]
(feliphebueno)Rinzler/rinzler/core/route_mapping.py:16: error: Invalid type comment or annotation  [valid-type]
(feliphebueno)Rinzler/rinzler/core/route_mapping.py:16: note: Suggestion: use str[...] instead of str(...)
(feliphebueno)Rinzler/rinzler/core/route_mapping.py:16: note: Suggestion: use object[...] instead of object(...)
(feliphebueno)Rinzler/rinzler/core/route_mapping.py:24: error: Invalid type comment or annotation  [valid-type]
(feliphebueno)Rinzler/rinzler/core/route_mapping.py:24: note: Suggestion: use str[...] instead of str(...)
(feliphebueno)Rinzler/rinzler/core/route_mapping.py:24: note: Suggestion: use object[...] instead of object(...)
(feliphebueno)Rinzler/rinzler/core/route_mapping.py:32: error: Invalid type comment or annotation  [valid-type]
(feliphebueno)Rinzler/rinzler/core/route_mapping.py:32: note: Suggestion: use str[...] instead of str(...)
(feliphebueno)Rinzler/rinzler/core/route_mapping.py:32: note: Suggestion: use object[...] instead of object(...)
(feliphebueno)Rinzler/rinzler/core/route_mapping.py:40: error: Invalid type comment or annotation  [valid-type]
(feliphebueno)Rinzler/rinzler/core/route_mapping.py:40: note: Suggestion: use str[...] instead of str(...)
(feliphebueno)Rinzler/rinzler/core/route_mapping.py:40: note: Suggestion: use object[...] instead of object(...)
(feliphebueno)Rinzler/rinzler/core/route_mapping.py:48: error: Invalid type comment or annotation  [valid-type]
(feliphebueno)Rinzler/rinzler/core/route_mapping.py:48: note: Suggestion: use str[...] instead of str(...)
(feliphebueno)Rinzler/rinzler/core/route_mapping.py:48: note: Suggestion: use object[...] instead of object(...)
(feliphebueno)Rinzler/rinzler/core/route_mapping.py:56: error: Invalid type comment or annotation  [valid-type]
(feliphebueno)Rinzler/rinzler/core/route_mapping.py:56: note: Suggestion: use str[...] instead of str(...)
(feliphebueno)Rinzler/rinzler/core/route_mapping.py:56: note: Suggestion: use object[...] instead of object(...)
(feliphebueno)Rinzler/rinzler/core/route_mapping.py:64: error: Invalid type comment or annotation  [valid-type]
(feliphebueno)Rinzler/rinzler/core/route_mapping.py:64: note: Suggestion: use str[...] instead of str(...)
(feliphebueno)Rinzler/rinzler/core/route_mapping.py:64: note: Suggestion: use object[...] instead of object(...)
(feliphebueno)Rinzler/rinzler/core/route_mapping.py:84: error: Missing return statement  [return]
(feliphebueno)Rinzler/rinzler/core/route_mapping.py:84: error: Invalid type comment or annotation  [valid-type]
(feliphebueno)Rinzler/rinzler/core/route_mapping.py:84: note: Suggestion: use str[...] instead of str(...)
(feliphebueno)Rinzler/rinzler/core/route_mapping.py:84: note: Suggestion: use dict[...] instead of dict(...)

[RRepo](szeged)servo
(szeged)servo/etc/memory_reports_over_time.py:72: error: invalid syntax  [syntax]
Found 1 error in 1 file (checked 883 source files)

[RRepo](olitheolix)azrael
(olitheolix)azrael/demos/ship_boostercube.py:269: error: Syntax error in type annotation  [syntax]
(olitheolix)azrael/demos/ship_boostercube.py:269: note: Suggestion: Use Tuple[T1, ..., Tn] instead of (T1, ..., Tn)
(olitheolix)azrael/shared/azutils.py:245: error: Incompatible types in assignment (expression has type "Dict[Any, Any]", variable has type "List[Optional[Match[str]]]")  [assignment]
(olitheolix)azrael/pyazrael/wsclient.py:55: error: Syntax error in type annotation  [syntax]
(olitheolix)azrael/pyazrael/wsclient.py:55: note: Suggestion: Use Tuple[T1, ..., Tn] instead of (T1, ..., Tn)
(olitheolix)azrael/pyazrael/wsclient.py:90: error: Item "None" of "Optional[Any]" has no attribute "send"  [union-attr]
(olitheolix)azrael/azrael/test/test.py:34: error: Need type annotation for 'test_leo_procs' (hint: "test_leo_procs: List[<type>] = ...")  [var-annotated]
(olitheolix)azrael/azrael/test/test.py:198: error: Syntax error in type annotation  [syntax]
(olitheolix)azrael/azrael/test/test.py:198: note: Suggestion: Use Tuple[T1, ..., Tn] instead of (T1, ..., Tn)
(olitheolix)azrael/azrael/test/test.py:199: error: Syntax error in type annotation  [syntax]
(olitheolix)azrael/azrael/test/test.py:199: note: Suggestion: Use Tuple[T1, ..., Tn] instead of (T1, ..., Tn)
(olitheolix)azrael/azrael/test/test.py:200: error: Syntax error in type annotation  [syntax]
(olitheolix)azrael/azrael/test/test.py:200: note: Suggestion: Use Tuple[T1, ..., Tn] instead of (T1, ..., Tn)
(olitheolix)azrael/azrael/test/test.py:201: error: Syntax error in type annotation  [syntax]
(olitheolix)azrael/azrael/test/test.py:201: note: Suggestion: Use Tuple[T1, ..., Tn] instead of (T1, ..., Tn)
(olitheolix)azrael/azrael/test/test.py:202: error: Syntax error in type annotation  [syntax]
(olitheolix)azrael/azrael/test/test.py:202: note: Suggestion: Use Tuple[T1, ..., Tn] instead of (T1, ..., Tn)
(olitheolix)azrael/azrael/test/test.py:203: error: Syntax error in type annotation  [syntax]
(olitheolix)azrael/azrael/test/test.py:203: note: Suggestion: Use Tuple[T1, ..., Tn] instead of (T1, ..., Tn)
(olitheolix)azrael/azrael/test/test.py:204: error: Syntax error in type annotation  [syntax]
(olitheolix)azrael/azrael/test/test.py:204: note: Suggestion: Use Tuple[T1, ..., Tn] instead of (T1, ..., Tn)
(olitheolix)azrael/azrael/test/test.py:205: error: Syntax error in type annotation  [syntax]
(olitheolix)azrael/azrael/test/test.py:205: note: Suggestion: Use Tuple[T1, ..., Tn] instead of (T1, ..., Tn)
(olitheolix)azrael/azrael/test/test.py:206: error: Syntax error in type annotation  [syntax]
(olitheolix)azrael/azrael/test/test.py:206: note: Suggestion: Use Tuple[T1, ..., Tn] instead of (T1, ..., Tn)
(olitheolix)azrael/azrael/test/test.py:207: error: Syntax error in type annotation  [syntax]
(olitheolix)azrael/azrael/test/test.py:207: note: Suggestion: Use Tuple[T1, ..., Tn] instead of (T1, ..., Tn)
(olitheolix)azrael/azrael/test/test.py:209: error: Syntax error in type annotation  [syntax]
(olitheolix)azrael/azrael/test/test.py:209: note: Suggestion: Use Tuple[T1, ..., Tn] instead of (T1, ..., Tn)
(olitheolix)azrael/azrael/test/test.py:210: error: Syntax error in type annotation  [syntax]
(olitheolix)azrael/azrael/test/test.py:210: note: Suggestion: Use Tuple[T1, ..., Tn] instead of (T1, ..., Tn)

[RRepo](OFAI)hub-toolbox-python3
(OFAI)hub-toolbox-python3/hub_toolbox/goodman_kruskal.py:314: error: Argument 1 to "len" has incompatible type "int"; expected "Sized"  [arg-type]
(OFAI)hub-toolbox-python3/hub_toolbox/htlogging.py:83: error: Cannot instantiate abstract class 'Logging' with abstract attributes 'error', 'message' and 'warning'  [abstract]
(OFAI)hub-toolbox-python3/hub_toolbox/htlogging.py:83: error: Incompatible types in assignment (expression has type "Logging", variable has type "ConsoleLogging")  [assignment]
(OFAI)hub-toolbox-python3/hub_toolbox/distances.py:14: error: Module 'multiprocessing' has no attribute 'RawArray'; maybe "Array"?  [attr-defined]
(OFAI)hub-toolbox-python3/hub_toolbox/distances.py:235: error: Name 'kth' is not defined  [name-defined]
(OFAI)hub-toolbox-python3/hub_toolbox/distances.py:236: error: Name 'kth' is not defined  [name-defined]
(OFAI)hub-toolbox-python3/hub_toolbox/distances.py:237: error: Name 'kth' is not defined  [name-defined]
(OFAI)hub-toolbox-python3/hub_toolbox/distances.py:244: error: Name 'histograms' is not defined  [name-defined]
(OFAI)hub-toolbox-python3/hub_toolbox/distances.py:247: error: Name 'histograms' is not defined  [name-defined]
Found 9 errors in 3 files (checked 19 source files)

[RRepo](kubeflow)pipelines
(kubeflow)pipelines/sdk/python/kfp/dsl/_volume_snapshot_op.py:94: error: Item "None" of "Optional[Any]" has no attribute "dependent_names"  [union-attr]
(kubeflow)pipelines/sdk/python/kfp/dsl/_volume_snapshot_op.py:97: error: Item "None" of "Optional[Any]" has no attribute "persistent_volume_claim"  [union-attr]
(kubeflow)pipelines/sdk/python/kfp/dsl/_artifact_location.py:127: error: Item "None" of "Optional[Any]" has no attribute "get"  [union-attr]
(kubeflow)pipelines/sdk/python/kfp/dsl/_artifact_location.py:128: error: Item "None" of "Optional[Any]" has no attribute "get"  [union-attr]
(kubeflow)pipelines/sdk/python/kfp/dsl/_artifact_location.py:129: error: Item "None" of "Optional[Any]" has no attribute "get"  [union-attr]
(kubeflow)pipelines/sdk/python/kfp/dsl/_artifact_location.py:130: error: Item "None" of "Optional[Any]" has no attribute "get"  [union-attr]
(kubeflow)pipelines/sdk/python/kfp/dsl/_artifact_location.py:131: error: Item "None" of "Optional[Any]" has no attribute "get"  [union-attr]
(kubeflow)pipelines/sdk/python/kfp/dsl/_artifact_location.py:132: error: Item "None" of "Optional[Any]" has no attribute "get"  [union-attr]
(kubeflow)pipelines/sdk/python/kfp/dsl/_artifact_location.py:137: error: Item "Dict[str, Any]" of "Union[Any, Dict[str, Any]]" has no attribute "s3"  [union-attr]
(kubeflow)pipelines/sdk/python/kfp/dsl/_artifact_location.py:142: error: Item "Dict[str, Any]" of "Union[Any, Dict[str, Any]]" has no attribute "s3"  [union-attr]
(kubeflow)pipelines/sdk/python/kfp/dsl/_artifact_location.py:143: error: Item "Dict[str, Any]" of "Union[Any, Dict[str, Any]]" has no attribute "s3"  [union-attr]
(kubeflow)pipelines/sdk/python/kfp/dsl/_artifact_location.py:144: error: Item "Dict[str, Any]" of "Union[Any, Dict[str, Any]]" has no attribute "s3"  [union-attr]
(kubeflow)pipelines/sdk/python/kfp/dsl/_artifact_location.py:145: error: Item "Dict[str, Any]" of "Union[Any, Dict[str, Any]]" has no attribute "s3"  [union-attr]
(kubeflow)pipelines/sdk/python/kfp/dsl/_artifact_location.py:146: error: Item "Dict[str, Any]" of "Union[Any, Dict[str, Any]]" has no attribute "s3"  [union-attr]
(kubeflow)pipelines/sdk/python/kfp/dsl/_artifact_location.py:147: error: Item "Dict[str, Any]" of "Union[Any, Dict[str, Any]]" has no attribute "s3"  [union-attr]
(kubeflow)pipelines/sdk/python/kfp/compiler/_default_transformers.py:15: error: Relative import climbs too many namespaces  [misc]
(kubeflow)pipelines/samples/contrib/aws-samples/ground_truth_pipeline_demo/mini-image-classification-pipeline.py:139: error: Name 'hpo_test' is not defined  [name-defined]
(kubeflow)pipelines/sdk/python/kfp/notebook/_magic.py:18: error: Relative import climbs too many namespaces  [misc]
(kubeflow)pipelines/sdk/python/kfp/components/_dynamic.py:47: error: "object" has no attribute "CodeType"  [attr-defined]
(kubeflow)pipelines/sdk/python/kfp/components/_dynamic.py:64: error: "object" has no attribute "FunctionType"  [attr-defined]
(kubeflow)pipelines/sdk/python/kfp/dsl/_pipeline_param.py:66: error: Invalid type comment or annotation  [valid-type]
(kubeflow)pipelines/sdk/python/kfp/dsl/_pipeline_param.py:77: error: Need type annotation for 'param_tuples' (hint: "param_tuples: List[<type>] = ...")  [var-annotated]
(kubeflow)pipelines/sdk/python/kfp/dsl/_pipeline_param.py:113: error: Need type annotation for 'pipeline_params' (hint: "pipeline_params: List[<type>] = ...")  [var-annotated]
(kubeflow)pipelines/sdk/python/kfp/components/_airflow_op.py:85: error: List or tuple literal expected as the second argument to namedtuple()  [misc]
(kubeflow)pipelines/sdk/python/kfp/components/_airflow_op.py:104: error: Too many arguments for "returnType"  [call-arg]
(kubeflow)pipelines/sdk/python/kfp/components/_airflow_op.py:110: error: Incompatible types in assignment (expression has type "List[Parameter]", variable has type "ValuesView[Parameter]")  [assignment]
(kubeflow)pipelines/sdk/python/kfp/components/_airflow_op.py:112: error: Argument "parameters" to "Signature" has incompatible type "ValuesView[Parameter]"; expected "Optional[Sequence[Parameter]]"  [arg-type]
(kubeflow)pipelines/sdk/python/kfp/components/_airflow_op.py:115: error: "Callable[[VarArg(Any), KwArg(Any)], returnType]" has no attribute "__signature__"  [attr-defined]
(kubeflow)pipelines/sdk/python/kfp/components/_naming.py:93: error: Need type annotation for 'forward_map' (hint: "forward_map: Dict[<type>, <type>] = ...")  [var-annotated]
(kubeflow)pipelines/sdk/python/kfp/components/_naming.py:94: error: Need type annotation for 'reverse_map' (hint: "reverse_map: Dict[<type>, <type>] = ...")  [var-annotated]
(kubeflow)pipelines/components/gcp/container/component_sdk/python/kfp_component/google/dataflow/_launch_python.py:25: error: Relative import climbs too many namespaces  [misc]
(kubeflow)pipelines/components/gcp/container/component_sdk/python/kfp_component/google/ml_engine/_client.py:20: error: Relative import climbs too many namespaces  [misc]
(kubeflow)pipelines/components/ibm-components/spark/store_spark_model/src/store_spark_model.py:100: error: Incompatible types in assignment (expression has type "None", variable has type "Dict[str, Any]")  [assignment]
(kubeflow)pipelines/components/ibm-components/watson/manage/subscribe/src/subscribe.py:84: error: Name 'create_postgres_schema' is not defined  [name-defined]
(kubeflow)pipelines/components/ibm-components/watson/manage/subscribe/src/subscribe.py:94: error: Name 'create_postgres_schema' is not defined  [name-defined]
(kubeflow)pipelines/components/ibm-components/watson/manage/subscribe/src/subscribe.py:99: error: Name 'WatsonMachineLearningInstance' is not defined  [name-defined]
(kubeflow)pipelines/components/ibm-components/watson/manage/subscribe/src/subscribe.py:135: error: Name 'ProblemType' is not defined  [name-defined]
(kubeflow)pipelines/components/ibm-components/watson/manage/subscribe/src/subscribe.py:137: error: Name 'ProblemType' is not defined  [name-defined]
(kubeflow)pipelines/components/ibm-components/watson/manage/subscribe/src/subscribe.py:139: error: Name 'ProblemType' is not defined  [name-defined]
(kubeflow)pipelines/components/ibm-components/watson/manage/subscribe/src/subscribe.py:141: error: Name 'ProblemType' is not defined  [name-defined]
(kubeflow)pipelines/components/ibm-components/watson/manage/subscribe/src/subscribe.py:143: error: Name 'WatsonMachineLearningAsset' is not defined  [name-defined]
(kubeflow)pipelines/components/ibm-components/watson/manage/subscribe/src/subscribe.py:146: error: Name 'InputDataType' is not defined  [name-defined]
(kubeflow)pipelines/components/ibm-components/watson/manage/subscribe/src/subscribe.py:174: error: Unsupported operand types for + ("str" and "None")  [operator]
(kubeflow)pipelines/components/ibm-components/watson/manage/subscribe/src/subscribe.py:174: note: Right operand is of type "Optional[Any]"
(kubeflow)pipelines/backend/src/apiserver/visualization/exporter.py:104: error: Argument 1 to "loads" has incompatible type "Namespace"; expected "Union[str, bytes, bytearray]"  [arg-type]
(kubeflow)pipelines/backend/src/apiserver/visualization/exporter.py:108: error: Value of type "Namespace" is not indexable  [index]
(kubeflow)pipelines/backend/src/apiserver/visualization/exporter.py:109: error: Value of type "Namespace" is not indexable  [index]
(kubeflow)pipelines/backend/src/apiserver/visualization/exporter.py:111: error: Value of type "Namespace" is not indexable  [index]
(kubeflow)pipelines/samples/contrib/aws-samples/ground_truth_pipeline_demo/prep_inputs.py:32: error: Incompatible types in assignment (expression has type "Set[str]", target has type "List[str]")  [assignment]
(kubeflow)pipelines/samples/contrib/resnet-cmle/resnet-train-pipeline.py:32: error: Name 'GcpProject' is not defined  [name-defined]
(kubeflow)pipelines/samples/contrib/resnet-cmle/resnet-train-pipeline.py:32: error: Name 'GcsUri' is not defined  [name-defined]
(kubeflow)pipelines/samples/contrib/resnet-cmle/resnet-train-pipeline.py:33: error: Name 'GcsUri' is not defined  [name-defined]
(kubeflow)pipelines/samples/contrib/resnet-cmle/resnet-train-pipeline.py:33: error: Name 'Integer' is not defined  [name-defined]
(kubeflow)pipelines/samples/contrib/resnet-cmle/resnet-train-pipeline.py:51: error: Name 'GcsUri' is not defined  [name-defined]
(kubeflow)pipelines/samples/contrib/resnet-cmle/resnet-train-pipeline.py:51: error: Name 'GcpRegion' is not defined  [name-defined]
(kubeflow)pipelines/samples/contrib/resnet-cmle/resnet-train-pipeline.py:82: error: Name 'GcpProject' is not defined  [name-defined]
(kubeflow)pipelines/samples/contrib/resnet-cmle/resnet-train-pipeline.py:82: error: Name 'GcpRegion' is not defined  [name-defined]
(kubeflow)pipelines/sdk/python/tests/components/test_python_op.py:187: error: Argument 1 to "skip" has incompatible type "Callable[[PythonOpTestCase], Any]"; expected "str"  [arg-type]
(kubeflow)pipelines/sdk/python/tests/components/test_python_op.py:189: error: Name 'product' is not defined  [name-defined]
(kubeflow)pipelines/sdk/python/tests/components/test_python_op.py:209: error: Argument 1 to "skip" has incompatible type "Callable[[PythonOpTestCase], Any]"; expected "str"  [arg-type]
(kubeflow)pipelines/sdk/python/tests/compiler/component_builder_test.py:132: error: Invalid type comment or annotation  [valid-type]
(kubeflow)pipelines/sdk/python/tests/compiler/component_builder_test.py:132: note: Suggestion: use NamedTuple[...] instead of NamedTuple(...)
(kubeflow)pipelines/sdk/python/kfp/dsl/_metadata.py:86: error: Cannot instantiate abstract class 'TypeMeta' with abstract attribute 'to_dict'  [abstract]
(kubeflow)pipelines/sdk/python/kfp/cli/run.py:15: error: Relative import climbs too many namespaces  [misc]
(kubeflow)pipelines/sdk/python/kfp/cli/cli.py:16: error: Relative import climbs too many namespaces  [misc]
(kubeflow)pipelines/samples/contrib/ibm-samples/ffdl-seldon/source/model-source-code/gender_classification.py:131: error: Too many arguments for "Variable"  [call-arg]
(kubeflow)pipelines/samples/contrib/ibm-samples/ffdl-seldon/source/model-source-code/gender_classification.py:131: error: Argument 1 to "TensorDataset" has incompatible type "Variable"; expected "Tensor"  [arg-type]
(kubeflow)pipelines/samples/contrib/ibm-samples/ffdl-seldon/source/model-source-code/gender_classification.py:131: error: Too many arguments for "FloatTensor"  [call-arg]
(kubeflow)pipelines/samples/contrib/ibm-samples/ffdl-seldon/source/model-source-code/gender_classification.py:131: error: Argument 2 to "TensorDataset" has incompatible type "Variable"; expected "Tensor"  [arg-type]
(kubeflow)pipelines/samples/contrib/ibm-samples/ffdl-seldon/source/model-source-code/gender_classification.py:131: error: Too many arguments for "LongTensor"  [call-arg]
(kubeflow)pipelines/samples/contrib/ibm-samples/ffdl-seldon/source/model-source-code/gender_classification.py:133: error: Too many arguments for "Variable"  [call-arg]
(kubeflow)pipelines/samples/contrib/ibm-samples/ffdl-seldon/source/model-source-code/gender_classification.py:133: error: Argument 1 to "TensorDataset" has incompatible type "Variable"; expected "Tensor"  [arg-type]
(kubeflow)pipelines/samples/contrib/ibm-samples/ffdl-seldon/source/model-source-code/gender_classification.py:133: error: Too many arguments for "FloatTensor"  [call-arg]
(kubeflow)pipelines/samples/contrib/ibm-samples/ffdl-seldon/source/model-source-code/gender_classification.py:133: error: Argument 2 to "TensorDataset" has incompatible type "Variable"; expected "Tensor"  [arg-type]
(kubeflow)pipelines/samples/contrib/ibm-samples/ffdl-seldon/source/model-source-code/gender_classification.py:133: error: Too many arguments for "LongTensor"  [call-arg]
(kubeflow)pipelines/samples/contrib/ibm-samples/ffdl-seldon/source/model-source-code/gender_classification.py:170: error: Need type annotation for 'y_pred' (hint: "y_pred: List[<type>] = ...")  [var-annotated]
(kubeflow)pipelines/samples/contrib/ibm-samples/ffdl-seldon/source/model-source-code/gender_classification.py:177: error: Incompatible types in assignment (expression has type "float", variable has type "int")  [assignment]
(kubeflow)pipelines/backend/src/apiserver/visualization/server.py:86: error: Argument 1 to "split" has incompatible type "Optional[str]"; expected "str"  [arg-type]
Found 76 errors in 23 files (checked 210 source files)

[RRepo](yousseb)meld
(yousseb)meld/meld/ui/emblemcellrenderer.py:27: error: Need type annotation for 'icon_cache' (hint: "icon_cache: Dict[<type>, <type>] = ...")  [var-annotated]
(yousseb)meld/meld/matchers/merge.py:16: error: Module 'meld.matchers' has no attribute 'diffutil'  [attr-defined]

[RRepo](spark)device-updater
(spark)device-updater/src/app.py:169: error: invalid syntax  [syntax]
Found 1 error in 1 file (checked 16 source files)

[RRepo](AMDmi3)repology
(AMDmi3)repology/repology/packagemaker/__init__.py:25: error: Module 'repology.packagemaker' has no attribute 'normalizers'  [attr-defined]
(AMDmi3)repology/repology/packagemaker/__init__.py:132: error: Argument 1 to "_simple_setter" has incompatible type "str"; expected "PackageMakerBase"  [arg-type]
(AMDmi3)repology/repology/packagemaker/__init__.py:137: error: Argument 1 to "_simple_setter" has incompatible type "str"; expected "PackageMakerBase"  [arg-type]
(AMDmi3)repology/repology/packagemaker/__init__.py:141: error: Argument 1 to "_simple_setter" has incompatible type "str"; expected "PackageMakerBase"  [arg-type]
(AMDmi3)repology/repology/packagemaker/__init__.py:148: error: Argument 1 to "_simple_setter" has incompatible type "str"; expected "PackageMakerBase"  [arg-type]
(AMDmi3)repology/repology/packagemaker/__init__.py:154: error: Argument 1 to "_simple_setter" has incompatible type "str"; expected "PackageMakerBase"  [arg-type]
(AMDmi3)repology/repology/packagemaker/__init__.py:164: error: Argument 1 to "_simple_setter" has incompatible type "str"; expected "PackageMakerBase"  [arg-type]
(AMDmi3)repology/repology/packagemaker/__init__.py:168: error: Argument 1 to "_simple_setter" has incompatible type "str"; expected "PackageMakerBase"  [arg-type]
(AMDmi3)repology/repology/packagemaker/__init__.py:172: error: Argument 1 to "_omnivorous_setter" has incompatible type "str"; expected "PackageMakerBase"  [arg-type]
(AMDmi3)repology/repology/packagemaker/__init__.py:176: error: Argument 1 to "_omnivorous_setter" has incompatible type "str"; expected "PackageMakerBase"  [arg-type]
(AMDmi3)repology/repology/packagemaker/__init__.py:182: error: Argument 1 to "_omnivorous_setter" has incompatible type "str"; expected "PackageMakerBase"  [arg-type]
(AMDmi3)repology/repology/packagemaker/__init__.py:188: error: Argument 1 to "_omnivorous_setter" has incompatible type "str"; expected "PackageMakerBase"  [arg-type]
(AMDmi3)repology/repology/packagemaker/__init__.py:192: error: Argument 1 to "_omnivorous_setter" has incompatible type "str"; expected "PackageMakerBase"  [arg-type]
(AMDmi3)repology/repology/fetchers/fetchers/svn.py:18: error: Module 'repology.fetchers' has no attribute 'PersistentDirFetcher'  [attr-defined]
(AMDmi3)repology/repologyapp/test/test_flask.py:26: error: Module 'repologyapp' has no attribute 'app'  [attr-defined]
(AMDmi3)repology/repology/parsers/parsers/gentoo.py:25: error: Module 'repology.parsers' has no attribute 'Parser'  [attr-defined]
(AMDmi3)repology/repology/repoproc/__init__.py:22: error: Module 'repology.fetchers' has no attribute 'Fetcher'  [attr-defined]
(AMDmi3)repology/repology/repoproc/__init__.py:28: error: Module 'repology.parsers' has no attribute 'Parser'  [attr-defined]

[RRepo](facebookexperimental)eden
(facebookexperimental)eden/eden/integration/stale_test.py:23: error: Invalid "type: ignore" comment  [syntax]
Found 1 error in 1 file (checked 136 source files)

[RRepo](project-lovelace)lovelace-engine
(project-lovelace)lovelace-engine/engine/simple_lxd/simple_lxd.py:156: error: Cannot find replacement for positional format specifier 1  [str-format]
(project-lovelace)lovelace-engine/engine/api.py:18: error: Module has no attribute "config"  [attr-defined]
Found 2 errors in 2 files (checked 5 source files)

[RRepo](BSI-CERT-Bund)cortex-analyzers
(BSI-CERT-Bund)cortex-analyzers/analyzers/CIRCLPassiveSSL/circl_passivessl.py:38: error: "Sequence[str]" has no attribute "append"  [attr-defined]
(BSI-CERT-Bund)cortex-analyzers/analyzers/CIRCLPassiveSSL/circl_passivessl.py:71: error: Item "None" of "Optional[Any]" has no attribute "get"  [union-attr]
(BSI-CERT-Bund)cortex-analyzers/analyzers/CIRCLPassiveSSL/circl_passivessl.py:74: error: Item "None" of "Optional[Any]" has no attribute "get"  [union-attr]
(BSI-CERT-Bund)cortex-analyzers/analyzers/CIRCLPassiveSSL/circl_passivessl.py:75: error: Item "None" of "Optional[Any]" has no attribute "get"  [union-attr]
(BSI-CERT-Bund)cortex-analyzers/analyzers/CIRCLPassiveSSL/circl_passivessl.py:76: error: Item "None" of "Optional[Any]" has no attribute "get"  [union-attr]
(BSI-CERT-Bund)cortex-analyzers/analyzers/CIRCLPassiveSSL/circl_passivessl.py:79: error: Item "None" of "Optional[Any]" has no attribute "get"  [union-attr]
(BSI-CERT-Bund)cortex-analyzers/analyzers/CIRCLPassiveDNS/circl_passivedns.py:39: error: Argument 1 to "len" has incompatible type "Optional[Any]"; expected "Sized"  [arg-type]
(BSI-CERT-Bund)cortex-analyzers/analyzers/MISP/mispclient.py:28: error: Value of type "Union[List[Any], bool]" is not indexable  [index]
(BSI-CERT-Bund)cortex-analyzers/analyzers/MISP/mispclient.py:29: error: Value of type "Union[List[Any], bool]" is not indexable  [index]
(BSI-CERT-Bund)cortex-analyzers/analyzers/MISP/mispclient.py:35: error: Argument 1 to "isfile" has incompatible type "Union[List[Any], bool]"; expected "Union[bytes, str, _PathLike[Any]]"  [arg-type]
(BSI-CERT-Bund)cortex-analyzers/analyzers/MISP/mispclient.py:36: error: Incompatible types in assignment (expression has type "Union[List[Any], bool]", variable has type "bool")  [assignment]
(BSI-CERT-Bund)cortex-analyzers/analyzers/FireholBlocklists/firehol_blocklists.py:112: error: Item "None" of "Optional[Any]" has no attribute "__iter__" (not iterable)  [union-attr]
(BSI-CERT-Bund)cortex-analyzers/analyzers/FireholBlocklists/firehol_blocklists.py:113: error: Item "None" of "Optional[Any]" has no attribute "append"  [union-attr]
(BSI-CERT-Bund)cortex-analyzers/analyzers/CERTatPassiveDNS/certat_passivedns.py:18: error: Argument 1 to "len" has incompatible type "Optional[Any]"; expected "Sized"  [arg-type]
(BSI-CERT-Bund)cortex-analyzers/analyzers/GoogleSafebrowsing/safebrowsing.py:54: error: List item 0 has incompatible type "Dict[str, str]"; expected "str"  [list-item]
(BSI-CERT-Bund)cortex-analyzers/analyzers/GoogleSafebrowsing/safebrowsing.py:55: error: Incompatible types in assignment (expression has type "Dict[str, List[str]]", target has type "Dict[str, str]")  [assignment]
(BSI-CERT-Bund)cortex-analyzers/analyzers/Virusshare/download_hashes.py:22: error: Incompatible types in assignment (expression has type "Dict[str, str]", variable has type "CaseInsensitiveDict[str]")  [assignment]
(BSI-CERT-Bund)cortex-analyzers/analyzers/VMRay/vmrayclient.py:43: error: Argument 1 to "isfile" has incompatible type "Union[str, bool]"; expected "Union[bytes, str, _PathLike[Any]]"  [arg-type]
(BSI-CERT-Bund)cortex-analyzers/analyzers/VMRay/vmrayclient.py:50: error: Incompatible types in assignment (expression has type "Dict[Any, Any]", variable has type "CaseInsensitiveDict[str]")  [assignment]
(BSI-CERT-Bund)cortex-analyzers/analyzers/VMRay/vmray.py:36: error: Need type annotation for 'result'  [var-annotated]
(BSI-CERT-Bund)cortex-analyzers/analyzers/VMRay/vmray.py:40: error: Item "None" of "Optional[Any]" has no attribute "get"  [union-attr]
(BSI-CERT-Bund)cortex-analyzers/analyzers/VMRay/vmray.py:41: error: Item "None" of "Optional[Any]" has no attribute "get"  [union-attr]
(BSI-CERT-Bund)cortex-analyzers/analyzers/VMRay/vmray.py:46: error: Item "None" of "Optional[Any]" has no attribute "get"  [union-attr]
(BSI-CERT-Bund)cortex-analyzers/analyzers/VMRay/vmray.py:47: error: Item "None" of "Optional[Any]" has no attribute "get"  [union-attr]
Found 24 errors in 9 files (checked 20 source files)

[RRepo](pipermerriam)ethereum-abi-utils
(pipermerriam)ethereum-abi-utils/tests/test_abi/test_encode_abi.py:10: error: Relative import climbs too many namespaces  [misc]
(pipermerriam)ethereum-abi-utils/tests/test_abi/test_encode_single.py:7: error: Relative import climbs too many namespaces  [misc]
(pipermerriam)ethereum-abi-utils/tests/test_abi/test_decode_abi.py:13: error: Relative import climbs too many namespaces  [misc]
(pipermerriam)ethereum-abi-utils/tests/test_abi/test_decode_single.py:7: error: Relative import climbs too many namespaces  [misc]
(pipermerriam)ethereum-abi-utils/tests/common/unit.py:42: error: Incompatible types in assignment (expression has type "int", variable has type "str")  [assignment]
(pipermerriam)ethereum-abi-utils/tests/common/unit.py:47: error: Argument 1 to "rjust" of "str" has incompatible type "str"; expected "int"  [arg-type]
Found 6 errors in 5 files (checked 31 source files)

[RRepo](piannucci)blurt
(piannucci)blurt/exploring_l_infinity.py:133: error: Missing parentheses in call to 'print'. Did you mean print('can increase SNR by %.4f dB' % change_SNR)?  [syntax]
Found 1 error in 1 file (checked 38 source files)

[RRepo](karolyi)forum-django
(karolyi)forum-django/backend/forum/utils/__init__.py: error: Duplicate module named 'utils' (also at '/home/bew/archive/typed_project/(karolyi)forum-django/backend/forum/account/utils.py')  [misc]
Found 1 error in 1 file (checked 36 source files)

[RRepo](slott56)NMEA-Tools
(slott56)NMEA-Tools/nmeatools/nmea_checksum.py:43: error: EOL while scanning string literal  [syntax]
Found 1 error in 1 file (checked 9 source files)

[RRepo](mas178)Fragments
(mas178)Fragments/sample_blockchane/simplest/user.py:6: error: Name 'Network' is not defined  [name-defined]
(mas178)Fragments/sample_blockchane/simplest/network.py:17: error: Name 'Block' is not defined  [name-defined]
(mas178)Fragments/sample_blockchane/simplest/transaction.py:8: error: Name 'User' is not defined  [name-defined]
(mas178)Fragments/sample_blockchane/simplest/transaction.py:13: error: Name 'User' is not defined  [name-defined]
(mas178)Fragments/sample_blockchane/simplest/transaction.py:23: error: Name 'User' is not defined  [name-defined]
(mas178)Fragments/sample_blockchane/simplest/transaction.py:32: error: Name 'User' is not defined  [name-defined]
(mas178)Fragments/sample_blockchane/simplest/verifier.py:29: error: Name 'Block' is not defined  [name-defined]
Found 7 errors in 4 files (checked 10 source files)

[RRepo](elarivie)BUILDME
Success: no issues found in 1 source file

[RRepo](gusutabopb)imongo
Success: no issues found in 2 source files

[RRepo](kenkov)seq2seq
(kenkov)seq2seq/util.py:31: error: Exception must be derived from BaseException  [misc]
(kenkov)seq2seq/util.py:61: error: Not all arguments converted during string formatting  [str-format]
(kenkov)seq2seq/util.py:66: error: Not all arguments converted during string formatting  [str-format]
(kenkov)seq2seq/util.py:141: error: Incompatible return value type (got "List[List[Any]]", expected "List[str]")  [return-value]
(kenkov)seq2seq/util.py:183: error: Incompatible return value type (got "List[Tuple[List[str], List[Any]]]", expected "Tuple[List[int], List[int]]")  [return-value]
(kenkov)seq2seq/rnn.py:113: error: Bracketed expression "[...]" is not valid as a type  [misc]
(kenkov)seq2seq/rnn.py:113: note: Did you mean "List[...]"?
(kenkov)seq2seq/relu_rnn.py:118: error: "None" has no attribute "__iter__" (not iterable)  [attr-defined]
(kenkov)seq2seq/relu_rnn.py:119: error: Value of type "None" is not indexable  [index]
(kenkov)seq2seq/relu_rnn.py:141: error: Name 'Classifier' already defined on line 15  [no-redef]
(kenkov)seq2seq/relu_rnn.py:152: error: Bracketed expression "[...]" is not valid as a type  [misc]
(kenkov)seq2seq/relu_rnn.py:152: note: Did you mean "List[...]"?
Found 10 errors in 3 files (checked 4 source files)

[RRepo](kyouko-taiga)stew
(kyouko-taiga)stew/stew/translators/terms.py:4: error: Relative import climbs too many namespaces  [misc]
(kyouko-taiga)stew/stew/translators/simple.py:1: error: Relative import climbs too many namespaces  [misc]
(kyouko-taiga)stew/stew/types/nat.py:1: error: Relative import climbs too many namespaces  [misc]
(kyouko-taiga)stew/stew/types/nat.py:2: error: Relative import climbs too many namespaces  [misc]
(kyouko-taiga)stew/stew/types/nat.py:3: error: Relative import climbs too many namespaces  [misc]
(kyouko-taiga)stew/stew/types/nat.py:28: error: Method must have at least one argument  [misc]
(kyouko-taiga)stew/stew/types/nat.py:34: error: Missing return statement  [return]
(kyouko-taiga)stew/stew/types/nat.py:44: error: Missing return statement  [return]
(kyouko-taiga)stew/stew/types/nat.py:54: error: Missing return statement  [return]
(kyouko-taiga)stew/stew/types/nat.py:64: error: Missing return statement  [return]
(kyouko-taiga)stew/stew/types/nat.py:74: error: Missing return statement  [return]
(kyouko-taiga)stew/stew/types/bool.py:1: error: Relative import climbs too many namespaces  [misc]
(kyouko-taiga)stew/stew/types/bool.py:7: error: Method must have at least one argument  [misc]
(kyouko-taiga)stew/stew/types/bool.py:10: error: Method must have at least one argument  [misc]
(kyouko-taiga)stew/stew/translators/translator.py:7: error: Relative import climbs too many namespaces  [misc]
(kyouko-taiga)stew/stew/translators/translator.py:8: error: Relative import climbs too many namespaces  [misc]
(kyouko-taiga)stew/stew/translators/translator.py:9: error: Relative import climbs too many namespaces  [misc]
(kyouko-taiga)stew/stew/translators/translator.py:10: error: Relative import climbs too many namespaces  [misc]
(kyouko-taiga)stew/stew/translators/mocks.py:5: error: Relative import climbs too many namespaces  [misc]
(kyouko-taiga)stew/stew/translators/mocks.py:6: error: Relative import climbs too many namespaces  [misc]
(kyouko-taiga)stew/stew/translators/mocks.py:7: error: Relative import climbs too many namespaces  [misc]
(kyouko-taiga)stew/stew/core.py:370: error: "stmt" has no attribute "value"  [attr-defined]
(kyouko-taiga)stew/tests/test_core.py:9: error: Method must have at least one argument  [misc]
(kyouko-taiga)stew/tests/test_matching.py:11: error: Method must have at least one argument  [misc]
Found 24 errors in 9 files (checked 16 source files)

[RRepo](alvinwan)quupod
(alvinwan)quupod/quupod/utils.py:17: error: Cannot assign to a type  [misc]
(alvinwan)quupod/quupod/utils.py:17: error: Incompatible types in assignment (expression has type "Nil", variable has type "Type[Nil]")  [assignment]
(alvinwan)quupod/quupod/forms.py:6: error: Bracketed expression "[...]" is not valid as a type  [misc]
(alvinwan)quupod/quupod/forms.py:6: note: Did you mean "List[...]"?
(alvinwan)quupod/quupod/views.py:80: error: Incompatible return value type (got "Callable[[Any], Any]", expected "str")  [return-value]
(alvinwan)quupod/quupod/queue/views.py:64: error: Incompatible return value type (got "Response", expected "str")  [return-value]
(alvinwan)quupod/quupod/queue/views.py:153: error: Incompatible return value type (got "Response", expected "str")  [return-value]
(alvinwan)quupod/quupod/queue/views.py:165: error: Argument 1 to "get_inquiry_for_asker" has incompatible type "Optional[int]"; expected "int"  [arg-type]
(alvinwan)quupod/quupod/queue/views.py:173: error: Incompatible return value type (got "Response", expected "str")  [return-value]
(alvinwan)quupod/quupod/queue/views.py:180: error: Argument 1 to "get_inquiry_for_asker" has incompatible type "Optional[int]"; expected "int"  [arg-type]
(alvinwan)quupod/quupod/queue/views.py:199: note: "login" defined here
(alvinwan)quupod/quupod/queue/views.py:202: error: Unexpected keyword argument "home" for "login"  [call-arg]
(alvinwan)quupod/quupod/queue/views.py:202: error: Unexpected keyword argument "login" for "login"  [call-arg]
(alvinwan)quupod/quupod/queue/views.py:208: note: "logout" defined here
(alvinwan)quupod/quupod/queue/views.py:211: error: Unexpected keyword argument "home" for "logout"  [call-arg]
(alvinwan)quupod/quupod/public/views.py:47: error: Incompatible return value type (got "Response", expected "str")  [return-value]
(alvinwan)quupod/quupod/public/views.py:57: error: Incompatible return value type (got "Response", expected "str")  [return-value]
(alvinwan)quupod/quupod/public/views.py:59: error: Incompatible return value type (got "Response", expected "str")  [return-value]
(alvinwan)quupod/quupod/public/views.py:77: error: Return value expected  [return-value]
(alvinwan)quupod/quupod/public/views.py:89: error: Incompatible return value type (got "Response", expected "str")  [return-value]
(alvinwan)quupod/quupod/admin/views.py:60: error: "str" not callable  [operator]
(alvinwan)quupod/quupod/admin/views.py:80: error: "str" not callable  [operator]
(alvinwan)quupod/quupod/admin/views.py:89: error: "str" not callable  [operator]
(alvinwan)quupod/quupod/admin/views.py:98: error: "str" not callable  [operator]
(alvinwan)quupod/quupod/admin/views.py:106: error: Incompatible return value type (got "Response", expected "str")  [return-value]
(alvinwan)quupod/quupod/admin/views.py:109: error: "str" not callable  [operator]
(alvinwan)quupod/quupod/admin/views.py:128: error: "str" not callable  [operator]
(alvinwan)quupod/quupod/admin/views.py:150: error: Incompatible return value type (got "Response", expected "str")  [return-value]
(alvinwan)quupod/quupod/admin/views.py:152: error: Incompatible return value type (got "Response", expected "str")  [return-value]
(alvinwan)quupod/quupod/admin/views.py:158: error: "str" not callable  [operator]
(alvinwan)quupod/quupod/admin/views.py:179: error: Incompatible return value type (got "Response", expected "str")  [return-value]
(alvinwan)quupod/quupod/admin/views.py:180: error: Incompatible return value type (got "Response", expected "str")  [return-value]
(alvinwan)quupod/quupod/admin/views.py:198: error: "str" not callable  [operator]
(alvinwan)quupod/quupod/admin/views.py:218: error: Incompatible return value type (got "Response", expected "str")  [return-value]
(alvinwan)quupod/quupod/admin/views.py:230: error: Missing return statement  [return]
Found 32 errors in 6 files (checked 6 source files)

[RRepo](ziyadedher)rpi-display-projects
(ziyadedher)rpi-display-projects/controller.py:158: error: Function "builtins.chr" is not valid as a type  [valid-type]
(ziyadedher)rpi-display-projects/controller.py:158: note: Perhaps you need "Callable[...]" or a callback protocol?
(ziyadedher)rpi-display-projects/writer.py:22: error: Incompatible default for argument "delay" (default has type "float", argument has type "int")  [assignment]
Found 2 errors in 2 files (checked 3 source files)

[RRepo](GoogleCloudPlatform)django-cloud-deploy
(GoogleCloudPlatform)django-cloud-deploy/django_cloud_deploy/cloudlib/billing.py:105: error: Need type annotation for 'all_billing_accounts' (hint: "all_billing_accounts: List[<type>] = ...")  [var-annotated]
(GoogleCloudPlatform)django-cloud-deploy/django_cloud_deploy/skeleton/requirements_parser.py:55: error: Need type annotation for 'results' (hint: "results: Set[<type>] = ...")  [var-annotated]
(GoogleCloudPlatform)django-cloud-deploy/django_cloud_deploy/utils/webbrowser.py:39: error: Module has no attribute "open"  [attr-defined]
(GoogleCloudPlatform)django-cloud-deploy/django_cloud_deploy/utils/webbrowser.py:40: error: Module has no attribute "Error"  [attr-defined]
(GoogleCloudPlatform)django-cloud-deploy/django_cloud_deploy/nox.py:46: error: Module has no attribute "session"  [attr-defined]
(GoogleCloudPlatform)django-cloud-deploy/django_cloud_deploy/nox.py:53: error: Module has no attribute "session"  [attr-defined]
(GoogleCloudPlatform)django-cloud-deploy/django_cloud_deploy/nox.py:60: error: Module has no attribute "session"  [attr-defined]
(GoogleCloudPlatform)django-cloud-deploy/django_cloud_deploy/nox.py:77: error: Module has no attribute "session"  [attr-defined]
(GoogleCloudPlatform)django-cloud-deploy/django_cloud_deploy/nox.py:84: error: Module has no attribute "session"  [attr-defined]
(GoogleCloudPlatform)django-cloud-deploy/django_cloud_deploy/nox.py:91: error: Module has no attribute "session"  [attr-defined]
(GoogleCloudPlatform)django-cloud-deploy/django_cloud_deploy/nox.py:98: error: Module has no attribute "session"  [attr-defined]
(GoogleCloudPlatform)django-cloud-deploy/django_cloud_deploy/nox.py:105: error: Module has no attribute "session"  [attr-defined]
(GoogleCloudPlatform)django-cloud-deploy/django_cloud_deploy/nox.py:112: error: Module has no attribute "session"  [attr-defined]
(GoogleCloudPlatform)django-cloud-deploy/django_cloud_deploy/tests/unit/cloudlib/storage_test.py:34: error: Need type annotation for 'FAKE_IAM_POLICY'  [var-annotated]
(GoogleCloudPlatform)django-cloud-deploy/django_cloud_deploy/tests/unit/config_test.py:23: error: Module 'django_cloud_deploy' has no attribute 'config'  [attr-defined]
(GoogleCloudPlatform)django-cloud-deploy/django_cloud_deploy/tests/integration/tool_requirements_test.py:17: error: Module 'django_cloud_deploy' has no attribute 'tool_requirements'  [attr-defined]
(GoogleCloudPlatform)django-cloud-deploy/django_cloud_deploy/cloudlib/project.py:19: error: Module 'django_cloud_deploy' has no attribute '__version__'  [attr-defined]
(GoogleCloudPlatform)django-cloud-deploy/django_cloud_deploy/cloudlib/project.py:82: error: Missing return statement  [return]
(GoogleCloudPlatform)django-cloud-deploy/django_cloud_deploy/cloudlib/project.py:112: error: Incompatible types in assignment (expression has type "Dict[str, str]", target has type "str")  [assignment]
(GoogleCloudPlatform)django-cloud-deploy/django_cloud_deploy/cli/new.py:18: error: Module 'django_cloud_deploy' has no attribute 'tool_requirements'  [attr-defined]
(GoogleCloudPlatform)django-cloud-deploy/django_cloud_deploy/cli/cloudify.py:18: error: Module 'django_cloud_deploy' has no attribute 'tool_requirements'  [attr-defined]
(GoogleCloudPlatform)django-cloud-deploy/django_cloud_deploy/cli/update.py:18: error: Module 'django_cloud_deploy' has no attribute 'config'  [attr-defined]
(GoogleCloudPlatform)django-cloud-deploy/django_cloud_deploy/cli/update.py:19: error: Module 'django_cloud_deploy' has no attribute 'tool_requirements'  [attr-defined]
(GoogleCloudPlatform)django-cloud-deploy/django_cloud_deploy/cli/manage.py:25: error: Module 'django_cloud_deploy' has no attribute 'config'  [attr-defined]
(GoogleCloudPlatform)django-cloud-deploy/django_cloud_deploy/cli/manage.py:102: error: Value of type "Optional[Any]" is not indexable  [index]
(GoogleCloudPlatform)django-cloud-deploy/django_cloud_deploy/cli/manage.py:107: error: Argument 1 to "_execute" has incompatible type "Optional[Any]"; expected "List[str]"  [arg-type]
(GoogleCloudPlatform)django-cloud-deploy/django_cloud_deploy/workflow/_deploygke.py:94: error: Incompatible types in assignment (expression has type "bytes", variable has type "str")  [assignment]
(GoogleCloudPlatform)django-cloud-deploy/django_cloud_deploy/workflow/_deploygke.py:98: error: Argument 1 to "standard_b64encode" has incompatible type "str"; expected "bytes"  [arg-type]
(GoogleCloudPlatform)django-cloud-deploy/django_cloud_deploy/crash_handling/__init__.py:27: error: Module 'django_cloud_deploy' has no attribute '__version__'  [attr-defined]
(GoogleCloudPlatform)django-cloud-deploy/django_cloud_deploy/crash_handling/__init__.py:67: error: Exception must be derived from BaseException  [misc]
(GoogleCloudPlatform)django-cloud-deploy/django_cloud_deploy/crash_handling/__init__.py:156: error: Trying to read deleted variable 'e'  [misc]
(GoogleCloudPlatform)django-cloud-deploy/django_cloud_deploy/crash_handling/__init__.py:169: error: Trying to read deleted variable 'e'  [misc]
Found 32 errors in 14 files (checked 54 source files)

[RRepo](linusg)rpi-backlight
(linusg)rpi-backlight/rpi_backlight/__init__.py:38: error: Argument 1 to "Path" has incompatible type "Union[str, bytes, Path]"; expected "Union[str, _PathLike[str]]"  [arg-type]
(linusg)rpi-backlight/rpi_backlight/__init__.py:68: error: The return type of a generator function should be "Generator" or one of its supertypes  [misc]
(linusg)rpi-backlight/rpi_backlight/__init__.py:68: error: Argument 1 to "contextmanager" has incompatible type "Callable[[Backlight, float], None]"; expected "Callable[..., Iterator[<nothing>]]"  [arg-type]
(linusg)rpi-backlight/rpi_backlight/__init__.py:108: error: Incompatible types in assignment (expression has type "float", variable has type "int")  [assignment]
(linusg)rpi-backlight/rpi_backlight/__init__.py:141: error: Argument 1 to "_denormalize_brightness" of "Backlight" has incompatible type "float"; expected "int"  [arg-type]
(linusg)rpi-backlight/rpi_backlight/__init__.py:145: error: Argument 1 to "_denormalize_brightness" of "Backlight" has incompatible type "float"; expected "int"  [arg-type]
(linusg)rpi-backlight/rpi_backlight/__init__.py:164: error: Missing return statement  [return]
(linusg)rpi-backlight/tests/test_internals.py:22: error: "_set_value" of "Backlight" does not return a value  [func-returns-value]
(linusg)rpi-backlight/tests/test_backlight.py:28: error: Incompatible types in assignment (expression has type "str", variable has type "float")  [assignment]
(linusg)rpi-backlight/tests/test_backlight.py:52: error: Incompatible types in assignment (expression has type "str", variable has type "float")  [assignment]
(linusg)rpi-backlight/tests/test_backlight.py:82: error: Incompatible types in assignment (expression has type "str", variable has type "bool")  [assignment]
(linusg)rpi-backlight/tests/test_backlight.py:85: error: Incompatible types in assignment (expression has type "int", variable has type "bool")  [assignment]
(linusg)rpi-backlight/tests/test_backlight.py:97: error: Need type annotation for '_val'  [var-annotated]
Found 13 errors in 3 files (checked 5 source files)

[RRepo](snakeleon)YouCompleteMe-x64
(snakeleon)YouCompleteMe-x64/third_party/ycmd/third_party/jedi_deps/parso/test/normalizer_issue_files/E12_second.py:28: error: invalid syntax  [syntax]
Found 1 error in 1 file (checked 348 source files)

[RRepo](metamarcdw)nowallet
(metamarcdw)nowallet/nowallet/scrape.py:29: error: Incompatible types in assignment (expression has type "None", variable has type "str")  [assignment]
(metamarcdw)nowallet/nowallet/socks_http.py:27: error: "None" has no attribute "get"  [attr-defined]

[RRepo](sdementen)gnucash-utilities
(sdementen)gnucash-utilities/tests/test_basic.py:8: error: Argument 1 to "__call__" of "_StreamWriter" has incompatible type "TextIO"; expected "IO[bytes]"  [arg-type]
(sdementen)gnucash-utilities/tests/test_basic.py:10: error: Incompatible types in assignment (expression has type "TextIO", variable has type "StreamWriter")  [assignment]
(sdementen)gnucash-utilities/scripts/gc_report.py:6: error: Module 'piecash_utilities' has no attribute 'update_config_user'  [attr-defined]
(sdementen)gnucash-utilities/scripts/gc_report.py:6: error: Module 'piecash_utilities' has no attribute 'get_user_config_path'  [attr-defined]
(sdementen)gnucash-utilities/scripts/gc_report_create.py:5: error: Module 'piecash_utilities' has no attribute 'generate_sample_report_html'  [attr-defined]
(sdementen)gnucash-utilities/scripts/gc_report_create.py:6: error: Module 'piecash_utilities' has no attribute 'generate_sample_report_python'  [attr-defined]
(sdementen)gnucash-utilities/scripts/gc_report_create.py:7: error: Module 'piecash_utilities' has no attribute 'get_user_config_path'  [attr-defined]
(sdementen)gnucash-utilities/setup.py:11: error: Module 'distutils.command.install_scripts' has no attribute 'install_scripts'  [attr-defined]
(sdementen)gnucash-utilities/setup.py:25: error: Incompatible types in assignment (expression has type "Callable[[Any, VarArg(Any), KwArg(Any)], Any]", variable has type overloaded function)  [assignment]
(sdementen)gnucash-utilities/piecash_utilities/report/report_example.py:7: error: Module 'piecash_utilities.report' has no attribute 'RangeOption'  [attr-defined]
(sdementen)gnucash-utilities/piecash_utilities/report/report_example.py:7: error: Module 'piecash_utilities.report' has no attribute 'DateOption'  [attr-defined]
(sdementen)gnucash-utilities/piecash_utilities/report/report_example.py:7: error: Module 'piecash_utilities.report' has no attribute 'StringOption'  [attr-defined]
(sdementen)gnucash-utilities/piecash_utilities/report/report_example.py:7: error: Module 'piecash_utilities.report' has no attribute 'execute_report'  [attr-defined]
(sdementen)gnucash-utilities/piecash_utilities/report/report_example.py:10: error: Module not callable  [operator]
(sdementen)gnucash-utilities/piecash_utilities/report/report_example.py:18: error: Invalid type comment or annotation  [valid-type]
(sdementen)gnucash-utilities/piecash_utilities/report/report_example.py:18: note: Suggestion: use RangeOption[...] instead of RangeOption(...)
(sdementen)gnucash-utilities/piecash_utilities/report/report_example.py:23: error: Invalid type comment or annotation  [valid-type]
(sdementen)gnucash-utilities/piecash_utilities/report/report_example.py:23: note: Suggestion: use StringOption[...] instead of StringOption(...)
(sdementen)gnucash-utilities/piecash_utilities/report/report_example.py:28: error: Invalid type comment or annotation  [valid-type]
(sdementen)gnucash-utilities/piecash_utilities/report/report_example.py:28: note: Suggestion: use DateOption[...] instead of DateOption(...)
(sdementen)gnucash-utilities/piecash_utilities/report/report_example.py:33: error: Invalid type comment or annotation  [valid-type]
(sdementen)gnucash-utilities/piecash_utilities/report/report_example.py:33: note: Suggestion: use RangeOption[...] instead of RangeOption(...)
(sdementen)gnucash-utilities/report_example/report_simplest_book.py:3: error: Module 'piecash_utilities.report' has no attribute 'execute_report'  [attr-defined]
(sdementen)gnucash-utilities/report_example/report_simplest_book.py:6: error: Module not callable  [operator]
(sdementen)gnucash-utilities/report_example/report_simplest.py:1: error: Module 'piecash_utilities.report' has no attribute 'execute_report'  [attr-defined]
(sdementen)gnucash-utilities/report_example/report_simplest.py:4: error: Module not callable  [operator]
(sdementen)gnucash-utilities/report_example/report_simplest_parameters.py:1: error: Module 'piecash_utilities.report' has no attribute 'RangeOption'  [attr-defined]
(sdementen)gnucash-utilities/report_example/report_simplest_parameters.py:1: error: Module 'piecash_utilities.report' has no attribute 'DateOption'  [attr-defined]
(sdementen)gnucash-utilities/report_example/report_simplest_parameters.py:1: error: Module 'piecash_utilities.report' has no attribute 'StringOption'  [attr-defined]
(sdementen)gnucash-utilities/report_example/report_simplest_parameters.py:1: error: Module 'piecash_utilities.report' has no attribute 'execute_report'  [attr-defined]
(sdementen)gnucash-utilities/report_example/report_simplest_parameters.py:4: error: Module not callable  [operator]
(sdementen)gnucash-utilities/report_example/report_simplest_parameters.py:12: error: Invalid type comment or annotation  [valid-type]
(sdementen)gnucash-utilities/report_example/report_simplest_parameters.py:12: note: Suggestion: use RangeOption[...] instead of RangeOption(...)
(sdementen)gnucash-utilities/report_example/report_simplest_parameters.py:17: error: Invalid type comment or annotation  [valid-type]
(sdementen)gnucash-utilities/report_example/report_simplest_parameters.py:17: note: Suggestion: use StringOption[...] instead of StringOption(...)
(sdementen)gnucash-utilities/report_example/report_simplest_parameters.py:22: error: Invalid type comment or annotation  [valid-type]
(sdementen)gnucash-utilities/report_example/report_simplest_parameters.py:22: note: Suggestion: use DateOption[...] instead of DateOption(...)
(sdementen)gnucash-utilities/report_example/report_simplest_parameters.py:27: error: Invalid type comment or annotation  [valid-type]
(sdementen)gnucash-utilities/report_example/report_simplest_parameters.py:27: note: Suggestion: use RangeOption[...] instead of RangeOption(...)
Found 31 errors in 8 files (checked 12 source files)

[RRepo](gvalkov)gnu-make-toolkit
(gvalkov)gnu-make-toolkit/tests/make_runner.py:118: error: "CompletedProcess[Any]" has no attribute "vars"  [attr-defined]
(gvalkov)gnu-make-toolkit/tests/make_runner.py:120: error: Incompatible return value type (got "CompletedProcess[Any]", expected "CompletedProcessWithVars")  [return-value]
(gvalkov)gnu-make-toolkit/docs/extract-toolkit-docs.py:54: error: Item "None" of "Optional[Match[Any]]" has no attribute "group"  [union-attr]
Found 3 errors in 2 files (checked 6 source files)

[RRepo](OpenMineMods)OpenMineMods
(OpenMineMods)OpenMineMods/Utils/Utils.py:9: error: Name 'QLayout' is not defined  [name-defined]
(OpenMineMods)OpenMineMods/Utils/Utils.py:17: error: Name 'QWidget' is not defined  [name-defined]
(OpenMineMods)OpenMineMods/Utils/Utils.py:17: error: Name 'QMessageBox' is not defined  [name-defined]
(OpenMineMods)OpenMineMods/Utils/Utils.py:18: error: Name 'QMessageBox' is not defined  [name-defined]
(OpenMineMods)OpenMineMods/Utils/Utils.py:22: error: Name 'QMessageBox' is not defined  [name-defined]
(OpenMineMods)OpenMineMods/Utils/Utils.py:23: error: Name 'QMessageBox' is not defined  [name-defined]
(OpenMineMods)OpenMineMods/Utils/Utils.py:26: error: Name 'QMessageBox' is not defined  [name-defined]
(OpenMineMods)OpenMineMods/Utils/Utils.py:29: error: Name 'QWidget' is not defined  [name-defined]
(OpenMineMods)OpenMineMods/Utils/Utils.py:29: error: Name 'QMessageBox' is not defined  [name-defined]
(OpenMineMods)OpenMineMods/Utils/Utils.py:31: error: Name 'QMessageBox' is not defined  [name-defined]
(OpenMineMods)OpenMineMods/Utils/Utils.py:33: error: Name 'QMessageBox' is not defined  [name-defined]
(OpenMineMods)OpenMineMods/Utils/Utils.py:36: error: Name 'QMessageBox' is not defined  [name-defined]
(OpenMineMods)OpenMineMods/Utils/Utils.py:37: error: Name 'QMessageBox' is not defined  [name-defined]
(OpenMineMods)OpenMineMods/Utils/Utils.py:42: error: Name 'QWidget' is not defined  [name-defined]
(OpenMineMods)OpenMineMods/Utils/Utils.py:43: error: Name 'QFileDialog' is not defined  [name-defined]
(OpenMineMods)OpenMineMods/GUI/DownloadDialogWrapper.py:51: error: Invalid type comment or annotation  [valid-type]
(OpenMineMods)OpenMineMods/GUI/InitialSetupWrapper.py:20: error: Name 'QDialog' is not defined  [name-defined]
(OpenMineMods)OpenMineMods/GUI/FileDialogWrapper.py:12: error: Name 'QDialog' is not defined  [name-defined]
(OpenMineMods)OpenMineMods/GUI/FileDialogWrapper.py:17: error: Name 'QWidget' is not defined  [name-defined]
(OpenMineMods)OpenMineMods/GUI/FileDialogWrapper.py:26: error: Name 'QSpacerItem' is not defined  [name-defined]
(OpenMineMods)OpenMineMods/GUI/FileDialogWrapper.py:26: error: Name 'QSizePolicy' is not defined  [name-defined]
(OpenMineMods)OpenMineMods/GUI/InstanceWindowWrapper.py:24: error: Need type annotation for 'installed_mods' (hint: "installed_mods: List[<type>] = ...")  [var-annotated]
(OpenMineMods)OpenMineMods/GUI/InstanceWindowWrapper.py:27: error: Need type annotation for 'mod_widgets' (hint: "mod_widgets: List[<type>] = ...")  [var-annotated]
(OpenMineMods)OpenMineMods/GUI/InstanceWindowWrapper.py:29: error: Name 'QMainWindow' is not defined  [name-defined]
(OpenMineMods)OpenMineMods/GUI/InstanceWindowWrapper.py:111: error: Name 'QWidget' is not defined  [name-defined]
(OpenMineMods)OpenMineMods/GUI/InstanceWindowWrapper.py:125: error: Name 'QSpacerItem' is not defined  [name-defined]
(OpenMineMods)OpenMineMods/GUI/InstanceWindowWrapper.py:125: error: Name 'QSizePolicy' is not defined  [name-defined]
(OpenMineMods)OpenMineMods/API/MultiMC.py:68: error: Value of type "object" is not indexable  [index]
(OpenMineMods)OpenMineMods/API/MultiMC.py:72: error: Value of type "object" is not indexable  [index]
(OpenMineMods)OpenMineMods/API/MultiMC.py:109: error: Need type annotation for 'mods' (hint: "mods: List[<type>] = ...")  [var-annotated]
(OpenMineMods)OpenMineMods/API/MultiMC.py:114: error: Incompatible types in assignment (expression has type "object", variable has type "List[Any]")  [assignment]
(OpenMineMods)OpenMineMods/API/MultiMC.py:117: error: Item "None" of "Optional[Match[str]]" has no attribute "groups"  [union-attr]
(OpenMineMods)OpenMineMods/API/MultiMC.py:117: error: Argument 1 to "groups" of "Match" has incompatible type "int"; expected "str"  [arg-type]
(OpenMineMods)OpenMineMods/API/MultiMC.py:118: error: Item "None" of "Optional[Match[str]]" has no attribute "group"  [union-attr]
(OpenMineMods)OpenMineMods/API/MultiMC.py:120: error: Item "None" of "Optional[Match[str]]" has no attribute "group"  [union-attr]
(OpenMineMods)OpenMineMods/GUI/MainWindowWrapper.py:180: error: Name 'QWidget' is not defined  [name-defined]
(OpenMineMods)OpenMineMods/GUI/MainWindowWrapper.py:190: error: Name 'QSpacerItem' is not defined  [name-defined]
(OpenMineMods)OpenMineMods/GUI/MainWindowWrapper.py:190: error: Name 'QSizePolicy' is not defined  [name-defined]
(OpenMineMods)OpenMineMods/GUI/MainWindowWrapper.py:215: error: Name 'QMessageBox' is not defined  [name-defined]
(OpenMineMods)OpenMineMods/GUI/MainWindowWrapper.py:273: error: Name 'QDialog' is not defined  [name-defined]
(OpenMineMods)OpenMineMods/GUI/ExportDialogWrapper.py:35: error: Name 'QDialog' is not defined  [name-defined]
(OpenMineMods)OpenMineMods/GUI/ExportDialogWrapper.py:43: error: Name 'QWidget' is not defined  [name-defined]
(OpenMineMods)OpenMineMods/GUI/ExportDialogWrapper.py:53: error: Name 'QSpacerItem' is not defined  [name-defined]
(OpenMineMods)OpenMineMods/GUI/ExportDialogWrapper.py:53: error: Name 'QSizePolicy' is not defined  [name-defined]
(OpenMineMods)OpenMineMods/API/CurseAPI.py:84: error: Argument 1 to "int" has incompatible type "Optional[str]"; expected "Union[str, bytes, SupportsInt, _SupportsIndex]"  [arg-type]
(OpenMineMods)OpenMineMods/Utils/Downloader.py:40: error: Argument 1 to "int" has incompatible type "Optional[str]"; expected "Union[str, bytes, SupportsInt, _SupportsIndex]"  [arg-type]
(OpenMineMods)OpenMineMods/Utils/Downloader.py:44: error: Incompatible types in assignment (expression has type "BinaryIO", variable has type "str")  [assignment]
(OpenMineMods)OpenMineMods/Utils/Downloader.py:49: error: "str" has no attribute "write"  [attr-defined]
Found 48 errors in 10 files (checked 18 source files)

[RRepo](RudolfCardinal)pythonlib
(RudolfCardinal)pythonlib/cardinal_pythonlib/sqlalchemy/dialect.py:116: error: misplaced type annotation  [syntax]
Found 1 error in 1 file (checked 91 source files)

[RRepo](vk-brain)sketal
(vk-brain)sketal/utils/routine.py:71: error: Syntax error in type annotation  [syntax]
(vk-brain)sketal/utils/routine.py:71: note: Suggestion: Use Tuple[T1, ..., Tn] instead of (T1, ..., Tn)
(vk-brain)sketal/utils/routine.py:87: error: Need type annotation for 'e'  [var-annotated]
(vk-brain)sketal/utils/routine.py:87: error: Argument 1 to "enumerate" has incompatible type "int"; expected "Iterable[<nothing>]"  [arg-type]
(vk-brain)sketal/handler/base_plugin.py:4: error: Need type annotation for 'DEFAULTS' (hint: "DEFAULTS: Dict[<type>, <type>] = ...")  [var-annotated]

[RRepo](MarcoBuster)OrarioTreniBot
(MarcoBuster)OrarioTreniBot/src/updates/commands.py:25: error: Relative import climbs too many namespaces  [misc]
(MarcoBuster)OrarioTreniBot/src/updates/deeplinking.py:24: error: Relative import climbs too many namespaces  [misc]
(MarcoBuster)OrarioTreniBot/src/updates/deeplinking.py:25: error: Relative import climbs too many namespaces  [misc]
(MarcoBuster)OrarioTreniBot/src/objects/user.py:26: error: Relative import climbs too many namespaces  [misc]
(MarcoBuster)OrarioTreniBot/src/updates/inline.py:26: error: Relative import climbs too many namespaces  [misc]
(MarcoBuster)OrarioTreniBot/src/viaggiatreno/viaggiatreno.py:33: error: Module 'urllib' has no attribute 'urlopen'  [attr-defined]
(MarcoBuster)OrarioTreniBot/src/viaggiatreno/viaggiatreno.py:33: error: Name 'urlopen' already defined (possibly by an import)  [no-redef]

[RRepo](endreman0)Excalibot
(endreman0)Excalibot/excalibot/db.py:17: error: Cannot assign to a type  [misc]
(endreman0)Excalibot/excalibot/db.py:18: error: "Type[DatabaseObject]" has no attribute "__table_args__"  [attr-defined]
(endreman0)Excalibot/excalibot/cogs/perms.py:2: error: Relative import climbs too many namespaces  [misc]
(endreman0)Excalibot/excalibot/cogs/info.py:3: error: Relative import climbs too many namespaces  [misc]
(endreman0)Excalibot/excalibot/cogs/rng.py:2: error: Relative import climbs too many namespaces  [misc]
(endreman0)Excalibot/excalibot/cogs/rng.py:7: error: Argument 1 to "list" has incompatible type "range"; expected "Iterable[str]"  [arg-type]
(endreman0)Excalibot/excalibot/cogs/rng.py:7: note: Following member(s) of "range" have conflicts:
(endreman0)Excalibot/excalibot/cogs/rng.py:7: note:     Expected:
(endreman0)Excalibot/excalibot/cogs/rng.py:7: note:         def __iter__(self) -> Iterator[str]
(endreman0)Excalibot/excalibot/cogs/rng.py:7: note:     Got:
(endreman0)Excalibot/excalibot/cogs/rng.py:7: note:         def __iter__(self) -> Iterator[int]
(endreman0)Excalibot/excalibot/cogs/portal.py:4: error: Relative import climbs too many namespaces  [misc]
(endreman0)Excalibot/excalibot/cogs/portal.py:6: error: Name 'Converter' is not defined  [name-defined]
(endreman0)Excalibot/excalibot/cogs/portal.py:7: error: Name 'TextChannelConverter' is not defined  [name-defined]
(endreman0)Excalibot/excalibot/cogs/portal.py:8: error: Name 'MemberConverter' is not defined  [name-defined]
(endreman0)Excalibot/excalibot/cogs/portal.py:21: error: Need type annotation for 'portals' (hint: "portals: Dict[<type>, <type>] = ...")  [var-annotated]
(endreman0)Excalibot/excalibot/cogs/portal.py:52: error: "Portal" has no attribute "bot"  [attr-defined]
(endreman0)Excalibot/excalibot/cogs/portal.py:66: error: "Portal" has no attribute "bot"  [attr-defined]
(endreman0)Excalibot/excalibot/cogs/moderation.py:3: error: Relative import climbs too many namespaces  [misc]
(endreman0)Excalibot/excalibot/cogs/moderation.py:212: error: "Moderation" has no attribute "bot"  [attr-defined]
(endreman0)Excalibot/excalibot/cogs/animals.py:3: error: Relative import climbs too many namespaces  [misc]
(endreman0)Excalibot/excalibot/cogs/animals.py:84: error: 'builtins.object*' object is not iterable  [misc]
(endreman0)Excalibot/excalibot/cogs/animals.py:85: error: Cannot determine type of 'name'  [has-type]
(endreman0)Excalibot/excalibot/cogs/animals.py:85: error: Cannot determine type of 'aliases'  [has-type]
(endreman0)Excalibot/excalibot/cogs/animals.py:88: error: Cannot determine type of 'name'  [has-type]
(endreman0)Excalibot/excalibot/cogs/animals.py:89: error: Cannot determine type of 'name'  [has-type]
Found 21 errors in 7 files (checked 17 source files)

[RRepo](zhangxin20121923)QuanSim
(zhangxin20121923)QuanSim/userCode/GroverLite.py:33: error: Name 'DMif' is not defined  [name-defined]
(zhangxin20121923)QuanSim/userCode/GroverLite.py:37: error: Name 'H' is not defined  [name-defined]
(zhangxin20121923)QuanSim/userCode/GroverLite.py:38: error: Name 'X' is not defined  [name-defined]
(zhangxin20121923)QuanSim/userCode/GroverLite.py:39: error: Name 'H' is not defined  [name-defined]
(zhangxin20121923)QuanSim/userCode/GroverLite.py:40: error: Name 'CNOT' is not defined  [name-defined]
(zhangxin20121923)QuanSim/userCode/GroverLite.py:41: error: Name 'H' is not defined  [name-defined]
(zhangxin20121923)QuanSim/userCode/GroverLite.py:43: error: Name 'X' is not defined  [name-defined]
(zhangxin20121923)QuanSim/userCode/GroverLite.py:44: error: Name 'H' is not defined  [name-defined]
(zhangxin20121923)QuanSim/userCode/Grover.py:67: error: Name 'DMif' is not defined  [name-defined]
(zhangxin20121923)QuanSim/userCode/Grover.py:72: error: Name 'H' is not defined  [name-defined]
(zhangxin20121923)QuanSim/userCode/Grover.py:76: error: Name 'X' is not defined  [name-defined]
(zhangxin20121923)QuanSim/userCode/Grover.py:77: error: Name 'H' is not defined  [name-defined]
(zhangxin20121923)QuanSim/userCode/Grover.py:82: error: Name 'DMif' is not defined  [name-defined]
(zhangxin20121923)QuanSim/userCode/Grover.py:85: error: Name 'H' is not defined  [name-defined]
(zhangxin20121923)QuanSim/userCode/Grover.py:87: error: Name 'X' is not defined  [name-defined]
(zhangxin20121923)QuanSim/userCode/Grover.py:91: error: Name 'H' is not defined  [name-defined]
(zhangxin20121923)QuanSim/tools/interactCfg.py:98: error: Too few arguments for "writeErrorMsg"  [call-arg]
(zhangxin20121923)QuanSim/tools/interactCfg.py:111: error: Too few arguments for "writeErrorMsg"  [call-arg]
(zhangxin20121923)QuanSim/tools/interactCfg.py:113: error: Too few arguments for "writeErrorMsg"  [call-arg]
(zhangxin20121923)QuanSim/tools/interactCfg.py:115: error: Too few arguments for "writeErrorMsg"  [call-arg]
(zhangxin20121923)QuanSim/baseClass/Bit.py:7: error: Need type annotation for 'idList' (hint: "idList: List[<type>] = ...")  [var-annotated]
(zhangxin20121923)QuanSim/baseClass/Bit.py:39: error: Name '__add__' already defined on line 36  [no-redef]
(zhangxin20121923)QuanSim/baseClass/Qubit.py:14: error: Name 'get_curl_info' already defined (possibly by an import)  [no-redef]
(zhangxin20121923)QuanSim/baseClass/Qubit.py:26: error: Need type annotation for 'idList' (hint: "idList: List[<type>] = ...")  [var-annotated]
(zhangxin20121923)QuanSim/baseClass/Qubit.py:134: error: Need type annotation for 'result'  [var-annotated]
(zhangxin20121923)QuanSim/baseClass/Qubit.py:147: error: Argument 1 to "len" has incompatible type "Optional[List[Any]]"; expected "Sized"  [arg-type]
(zhangxin20121923)QuanSim/baseClass/Qubit.py:161: error: Item "None" of "Optional[List[Any]]" has no attribute "__iter__" (not iterable)  [union-attr]
(zhangxin20121923)QuanSim/baseClass/Qubit.py:349: error: Need type annotation for 'newMatrix' (hint: "newMatrix: List[<type>] = ...")  [var-annotated]
(zhangxin20121923)QuanSim/baseClass/Qubit.py:365: error: No overload variant of "__setitem__" of "list" matches argument types "int", "float"  [call-overload]
(zhangxin20121923)QuanSim/baseClass/Qubit.py:365: note: Possible overload variants:
(zhangxin20121923)QuanSim/baseClass/Qubit.py:365: note:     def __setitem__(self, int, int) -> None
(zhangxin20121923)QuanSim/baseClass/Qubit.py:365: note:     def __setitem__(self, slice, Iterable[int]) -> None
(zhangxin20121923)QuanSim/baseClass/baseGate.py:439: error: "Noise" has no attribute "get_curl_info"  [attr-defined]
(zhangxin20121923)QuanSim/baseClass/baseGate.py:447: error: "Noise" has no attribute "get_curl_info"  [attr-defined]
(zhangxin20121923)QuanSim/baseClass/Gate.py:120: error: Name 'singleGate' is not defined  [name-defined]
(zhangxin20121923)QuanSim/baseClass/Gate.py:232: error: Item "None" of "Optional[Match[Any]]" has no attribute "group"  [union-attr]
(zhangxin20121923)QuanSim/baseClass/Gate.py:233: error: Item "None" of "Optional[Match[Any]]" has no attribute "group"  [union-attr]
(zhangxin20121923)QuanSim/baseClass/Gate.py:250: error: Name 'qtype' is not defined  [name-defined]
Found 35 errors in 7 files (checked 17 source files)

[RRepo](DeV1doR)ethereumd-proxy
(DeV1doR)ethereumd-proxy/ethereumd/poller.py:165: error: Bracketed expression "[...]" is not valid as a type  [misc]
(DeV1doR)ethereumd-proxy/ethereumd/poller.py:165: note: Did you mean "List[...]"?

[RRepo](cache-rules)grice
(cache-rules)grice/grice/complex_filter.py:51: error: Argument 1 to "_get_column" has incompatible type "Optional[str]"; expected "str"  [arg-type]
(cache-rules)grice/grice/complex_filter.py:108: error: Incompatible types in assignment (expression has type "None", variable has type "str")  [assignment]
(cache-rules)grice/grice/complex_filter.py:208: error: Incompatible types in assignment (expression has type "List[Any]", variable has type "Generator[Any, None, None]")  [assignment]
(cache-rules)grice/grice/complex_filter.py:210: error: Argument 1 to "len" has incompatible type "Generator[Any, None, None]"; expected "Sized"  [arg-type]
(cache-rules)grice/grice/complex_filter.py:212: error: Value of type "Generator[Any, None, None]" is not indexable  [index]

[RRepo](eyesee1)python-pinballmap
Success: no issues found in 2 source files

[RRepo](GPflow)GPflow
(GPflow)GPflow/gpflow/params/paramlist.py:20: error: Relative import climbs too many namespaces  [misc]
(GPflow)GPflow/gpflow/params/paramlist.py:21: error: Relative import climbs too many namespaces  [misc]
(GPflow)GPflow/gpflow/params/paramlist.py:22: error: Relative import climbs too many namespaces  [misc]
(GPflow)GPflow/gpflow/models/sgpmc.py:19: error: Relative import climbs too many namespaces  [misc]
(GPflow)GPflow/gpflow/models/sgpmc.py:20: error: Relative import climbs too many namespaces  [misc]
(GPflow)GPflow/gpflow/models/sgpmc.py:21: error: Relative import climbs too many namespaces  [misc]
(GPflow)GPflow/gpflow/models/sgpmc.py:22: error: Relative import climbs too many namespaces  [misc]
(GPflow)GPflow/gpflow/models/sgpmc.py:23: error: Relative import climbs too many namespaces  [misc]
(GPflow)GPflow/gpflow/models/sgpmc.py:24: error: Relative import climbs too many namespaces  [misc]
(GPflow)GPflow/tests/test_notebooks.py:29: error: Need type annotation for 'BLACKLISTED_NOTEBOOKS' (hint: "BLACKLISTED_NOTEBOOKS: List[<type>] = ...")  [var-annotated]
(GPflow)GPflow/gpflow/training/hmc.py:21: error: Relative import climbs too many namespaces  [misc]
Found 11 errors in 4 files (checked 50 source files)

[RRepo](EldarAliiev)python-edbo-connector
(EldarAliiev)python-edbo-connector/edbo_connector/tests/test_helper.py:4: error: Relative import climbs too many namespaces  [misc]
(EldarAliiev)python-edbo-connector/edbo_connector/tests/test_methods.py:4: error: Relative import climbs too many namespaces  [misc]
(EldarAliiev)python-edbo-connector/edbo_connector/tests/test_client.py:4: error: Relative import climbs too many namespaces  [misc]
(EldarAliiev)python-edbo-connector/edbo_connector/methods.py:19: error: "EDBOWebApiMethods" has no attribute "_connector"  [attr-defined]
(EldarAliiev)python-edbo-connector/edbo_connector/methods.py:23: error: "EDBOWebApiMethods" has no attribute "_university_info"  [attr-defined]
(EldarAliiev)python-edbo-connector/edbo_connector/methods.py:27: error: "EDBOWebApiMethods" has no attribute "_university_info"  [attr-defined]
(EldarAliiev)python-edbo-connector/edbo_connector/methods.py:28: error: "EDBOWebApiMethods" has no attribute "_university_info"  [attr-defined]
(EldarAliiev)python-edbo-connector/edbo_connector/methods.py:29: error: "EDBOWebApiMethods" has no attribute "_university_info"  [attr-defined]
(EldarAliiev)python-edbo-connector/edbo_connector/methods.py:49: error: "EDBOWebApiMethods" has no attribute "_connector"  [attr-defined]
(EldarAliiev)python-edbo-connector/edbo_connector/methods.py:53: error: "EDBOWebApiMethods" has no attribute "_university_info"  [attr-defined]
(EldarAliiev)python-edbo-connector/edbo_connector/methods.py:57: error: "EDBOWebApiMethods" has no attribute "_university_info"  [attr-defined]
(EldarAliiev)python-edbo-connector/edbo_connector/methods.py:58: error: "EDBOWebApiMethods" has no attribute "_university_info"  [attr-defined]
(EldarAliiev)python-edbo-connector/edbo_connector/methods.py:59: error: "EDBOWebApiMethods" has no attribute "_university_info"  [attr-defined]
(EldarAliiev)python-edbo-connector/edbo_connector/methods.py:82: error: "EDBOWebApiMethods" has no attribute "_connector"  [attr-defined]
(EldarAliiev)python-edbo-connector/edbo_connector/methods.py:85: error: "EDBOWebApiMethods" has no attribute "_university_info"  [attr-defined]
(EldarAliiev)python-edbo-connector/edbo_connector/methods.py:86: error: "EDBOWebApiMethods" has no attribute "_university_info"  [attr-defined]
(EldarAliiev)python-edbo-connector/edbo_connector/methods.py:88: error: "EDBOWebApiMethods" has no attribute "_university_info"  [attr-defined]
(EldarAliiev)python-edbo-connector/edbo_connector/methods.py:89: error: "EDBOWebApiMethods" has no attribute "_university_info"  [attr-defined]
(EldarAliiev)python-edbo-connector/edbo_connector/methods.py:100: error: "EDBOWebApiMethods" has no attribute "_connector"  [attr-defined]
(EldarAliiev)python-edbo-connector/edbo_connector/methods.py:114: error: "EDBOWebApiMethods" has no attribute "_connector"  [attr-defined]
(EldarAliiev)python-edbo-connector/edbo_connector/methods.py:118: error: "EDBOWebApiMethods" has no attribute "_university_info"  [attr-defined]
(EldarAliiev)python-edbo-connector/edbo_connector/methods.py:122: error: "EDBOWebApiMethods" has no attribute "_university_info"  [attr-defined]
(EldarAliiev)python-edbo-connector/edbo_connector/methods.py:124: error: "EDBOWebApiMethods" has no attribute "_university_info"  [attr-defined]
(EldarAliiev)python-edbo-connector/edbo_connector/methods.py:125: error: "EDBOWebApiMethods" has no attribute "_university_info"  [attr-defined]
(EldarAliiev)python-edbo-connector/edbo_connector/methods.py:136: error: "EDBOWebApiMethods" has no attribute "_connector"  [attr-defined]
(EldarAliiev)python-edbo-connector/edbo_connector/methods.py:140: error: "EDBOWebApiMethods" has no attribute "_university_info"  [attr-defined]
(EldarAliiev)python-edbo-connector/edbo_connector/methods.py:144: error: "EDBOWebApiMethods" has no attribute "_university_info"  [attr-defined]
(EldarAliiev)python-edbo-connector/edbo_connector/methods.py:146: error: "EDBOWebApiMethods" has no attribute "_university_info"  [attr-defined]
(EldarAliiev)python-edbo-connector/edbo_connector/methods.py:147: error: "EDBOWebApiMethods" has no attribute "_university_info"  [attr-defined]
(EldarAliiev)python-edbo-connector/edbo_connector/methods.py:158: error: "EDBOWebApiMethods" has no attribute "_connector"  [attr-defined]
(EldarAliiev)python-edbo-connector/edbo_connector/methods.py:162: error: "EDBOWebApiMethods" has no attribute "_university_info"  [attr-defined]
(EldarAliiev)python-edbo-connector/edbo_connector/methods.py:166: error: "EDBOWebApiMethods" has no attribute "_university_info"  [attr-defined]
(EldarAliiev)python-edbo-connector/edbo_connector/methods.py:168: error: "EDBOWebApiMethods" has no attribute "_university_info"  [attr-defined]
(EldarAliiev)python-edbo-connector/edbo_connector/methods.py:169: error: "EDBOWebApiMethods" has no attribute "_university_info"  [attr-defined]
(EldarAliiev)python-edbo-connector/edbo_connector/methods.py:180: error: "EDBOWebApiMethods" has no attribute "_connector"  [attr-defined]
(EldarAliiev)python-edbo-connector/edbo_connector/methods.py:184: error: "EDBOWebApiMethods" has no attribute "_university_info"  [attr-defined]
(EldarAliiev)python-edbo-connector/edbo_connector/methods.py:188: error: "EDBOWebApiMethods" has no attribute "_university_info"  [attr-defined]
(EldarAliiev)python-edbo-connector/edbo_connector/methods.py:189: error: No overload variant of "__getitem__" of "list" matches argument type "str"  [call-overload]
(EldarAliiev)python-edbo-connector/edbo_connector/methods.py:189: note: Possible overload variants:
(EldarAliiev)python-edbo-connector/edbo_connector/methods.py:189: note:     def __getitem__(self, int) -> Any
(EldarAliiev)python-edbo-connector/edbo_connector/methods.py:189: note:     def __getitem__(self, slice) -> List[Any]
(EldarAliiev)python-edbo-connector/edbo_connector/methods.py:190: error: "EDBOWebApiMethods" has no attribute "_university_info"  [attr-defined]
(EldarAliiev)python-edbo-connector/edbo_connector/methods.py:191: error: "EDBOWebApiMethods" has no attribute "_university_info"  [attr-defined]
(EldarAliiev)python-edbo-connector/edbo_connector/methods.py:192: error: No overload variant of "__getitem__" of "list" matches argument type "str"  [call-overload]
(EldarAliiev)python-edbo-connector/edbo_connector/methods.py:192: note: Possible overload variants:
(EldarAliiev)python-edbo-connector/edbo_connector/methods.py:192: note:     def __getitem__(self, int) -> Any
(EldarAliiev)python-edbo-connector/edbo_connector/methods.py:192: note:     def __getitem__(self, slice) -> List[Any]
(EldarAliiev)python-edbo-connector/edbo_connector/methods.py:196: error: Missing return statement  [return]
(EldarAliiev)python-edbo-connector/edbo_connector/methods.py:211: error: Argument 1 to "get_request_olympiads" of "EDBOWebApiMethods" has incompatible type "Dict[Any, Any]"; expected "List[Any]"  [arg-type]
(EldarAliiev)python-edbo-connector/edbo_connector/methods.py:246: error: "EDBOWebApiMethods" has no attribute "_connector"  [attr-defined]
(EldarAliiev)python-edbo-connector/edbo_connector/methods.py:271: error: "EDBOWebApiMethods" has no attribute "_connector"  [attr-defined]
(EldarAliiev)python-edbo-connector/edbo_connector/methods.py:296: error: "EDBOWebApiMethods" has no attribute "_connector"  [attr-defined]
(EldarAliiev)python-edbo-connector/edbo_connector/methods.py:321: error: "EDBOWebApiMethods" has no attribute "_connector"  [attr-defined]
(EldarAliiev)python-edbo-connector/edbo_connector/helper.py:59: error: Missing return statement  [return]
(EldarAliiev)python-edbo-connector/edbo_connector/helper.py:75: error: Incompatible types in assignment (expression has type "float", variable has type "int")  [assignment]
(EldarAliiev)python-edbo-connector/edbo_connector/tests/test_connector.py:5: error: Relative import climbs too many namespaces  [misc]
Found 50 errors in 6 files (checked 7 source files)

[RRepo](baidu)Familia
Success: no issues found in 7 source files

[RRepo](christabor)MoAL
(christabor)MoAL/MOAL/software_engineering/testing/black_box/equivalence_partitioning.py:7: error: Module 'os' has no attribute 'sys'  [attr-defined]
(christabor)MoAL/MOAL/software_engineering/testing/black_box/decision_table.py:7: error: Module 'os' has no attribute 'sys'  [attr-defined]
(christabor)MoAL/MOAL/software_engineering/testing/white_box/fault_injection.py:7: error: Module 'os' has no attribute 'sys'  [attr-defined]
(christabor)MoAL/MOAL/software_engineering/problem_solving/design_patterns/unix/optimization.py:13: error: Module 'os' has no attribute 'sys'  [attr-defined]
(christabor)MoAL/MOAL/software_engineering/problem_solving/design_patterns/unix/silence.py:20: error: Module 'os' has no attribute 'sys'  [attr-defined]
(christabor)MoAL/MOAL/software_engineering/problem_solving/design_patterns/unix/least_surprise.py:7: error: Module 'os' has no attribute 'sys'  [attr-defined]
(christabor)MoAL/MOAL/software_engineering/problem_solving/design_patterns/unix/modularity.py:7: error: Module 'os' has no attribute 'sys'  [attr-defined]
(christabor)MoAL/MOAL/software_engineering/problem_solving/design_patterns/unix/robustness.py:7: error: Module 'os' has no attribute 'sys'  [attr-defined]
(christabor)MoAL/MOAL/software_engineering/problem_solving/design_patterns/unix/composition.py:12: error: Module 'os' has no attribute 'sys'  [attr-defined]
(christabor)MoAL/MOAL/software_engineering/problem_solving/design_patterns/unix/representation.py:7: error: Module 'os' has no attribute 'sys'  [attr-defined]
(christabor)MoAL/MOAL/software_engineering/problem_solving/design_patterns/solid/liskov_substitution.py:7: error: Module 'os' has no attribute 'sys'  [attr-defined]
(christabor)MoAL/MOAL/software_engineering/problem_solving/design_patterns/solid/interface_segregation.py:7: error: Module 'os' has no attribute 'sys'  [attr-defined]
(christabor)MoAL/MOAL/software_engineering/problem_solving/design_patterns/solid/single_responsibility.py:7: error: Module 'os' has no attribute 'sys'  [attr-defined]
(christabor)MoAL/MOAL/software_engineering/problem_solving/design_patterns/solid/dependency_inversion.py:7: error: Module 'os' has no attribute 'sys'  [attr-defined]
(christabor)MoAL/MOAL/software_engineering/problem_solving/design_patterns/solid/open_closed.py:7: error: Module 'os' has no attribute 'sys'  [attr-defined]
(christabor)MoAL/MOAL/software_engineering/problem_solving/design_patterns/solid/open_closed.py:30: error: Need type annotation for 'ips' (hint: "ips: Dict[<type>, <type>] = ...")  [var-annotated]
(christabor)MoAL/MOAL/software_engineering/problem_solving/design_patterns/solid/open_closed.py:59: error: Cannot instantiate abstract class 'DistributedConnectionManager' with abstract attributes 'add' and 'drop'  [abstract]
(christabor)MoAL/MOAL/software_engineering/problem_solving/design_patterns/grasp/pattern_polymorphism.py:7: error: Module 'os' has no attribute 'sys'  [attr-defined]
(christabor)MoAL/MOAL/software_engineering/problem_solving/design_patterns/grasp/pattern_protected_variation.py:7: error: Module 'os' has no attribute 'sys'  [attr-defined]
(christabor)MoAL/MOAL/software_engineering/problem_solving/design_patterns/grasp/pattern_controller.py:7: error: Module 'os' has no attribute 'sys'  [attr-defined]
(christabor)MoAL/MOAL/software_engineering/problem_solving/design_patterns/grasp/pattern_creator.py:7: error: Module 'os' has no attribute 'sys'  [attr-defined]
(christabor)MoAL/MOAL/software_engineering/problem_solving/design_patterns/grasp/pattern_infohiding.py:7: error: Module 'os' has no attribute 'sys'  [attr-defined]
(christabor)MoAL/MOAL/software_engineering/problem_solving/design_patterns/grasp/pattern_cohesion.py:7: error: Module 'os' has no attribute 'sys'  [attr-defined]
(christabor)MoAL/MOAL/storage/databases/relational/postgresql_psycopg2.py:7: error: Module 'os' has no attribute 'sys'  [attr-defined]
(christabor)MoAL/MOAL/storage/modeling/data_modeling.py:7: error: Module 'os' has no attribute 'sys'  [attr-defined]
(christabor)MoAL/MOAL/algorithms/utilities/luhn.py:7: error: Module 'os' has no attribute 'sys'  [attr-defined]
(christabor)MoAL/MOAL/algorithms/graph_traversal/canonization.py:31: error: Module 'os' has no attribute 'sys'  [attr-defined]
(christabor)MoAL/MOAL/algorithms/texts/word_processing/stemming.py:7: error: Module 'os' has no attribute 'sys'  [attr-defined]
(christabor)MoAL/MOAL/algorithms/sorting/insertion_sort.py:7: error: Module 'os' has no attribute 'sys'  [attr-defined]
(christabor)MoAL/MOAL/algorithms/coding_theory/lee_distance.py:7: error: Module 'os' has no attribute 'sys'  [attr-defined]
(christabor)MoAL/MOAL/algorithms/coding_theory/hamming_distance.py:7: error: Module 'os' has no attribute 'sys'  [attr-defined]
(christabor)MoAL/MOAL/languages/formal_language_theory/grammars/analytic_context_free.py:7: error: Module 'os' has no attribute 'sys'  [attr-defined]
(christabor)MoAL/MOAL/languages/formal_language_theory/grammars/analytic_context_free.py:170: error: "Dict[str, str]" has no attribute "iteritems"  [attr-defined]
(christabor)MoAL/MOAL/languages/formal_language_theory/grammars/analytic_context_free.py:186: error: "Dict[str, str]" has no attribute "iteritems"  [attr-defined]
(christabor)MoAL/MOAL/languages/formal_language_theory/grammars/analytic_context_free.py:199: error: "Dict[str, str]" has no attribute "iteritems"  [attr-defined]
(christabor)MoAL/MOAL/languages/paradigms/dataflow/pipelines/hartmann_pipeline.py:7: error: Module 'os' has no attribute 'sys'  [attr-defined]
(christabor)MoAL/MOAL/languages/paradigms/object_oriented/abstract_baseclass.py:7: error: Module 'os' has no attribute 'sys'  [attr-defined]
(christabor)MoAL/MOAL/languages/paradigms/object_oriented/abstract_baseclass.py:64: error: Cannot instantiate abstract class 'MyAbstractThing' with abstract attributes 'get_items' and 'get_user'  [abstract]
(christabor)MoAL/MOAL/languages/paradigms/object_oriented/abstract_baseclass.py:69: error: Cannot instantiate abstract class 'MyBrokenConcreteThing' with abstract attributes 'get_items' and 'get_user'  [abstract]
(christabor)MoAL/MOAL/languages/paradigms/object_oriented/overloading.py:7: error: Module 'os' has no attribute 'sys'  [attr-defined]
(christabor)MoAL/MOAL/languages/features/python/generators.py:12: error: Module 'os' has no attribute 'sys'  [attr-defined]
(christabor)MoAL/MOAL/languages/features/python/generators.py:92: error: Name 'xrange' is not defined  [name-defined]
(christabor)MoAL/MOAL/languages/features/python/class_decorators.py:7: error: Module 'os' has no attribute 'sys'  [attr-defined]
(christabor)MoAL/MOAL/languages/features/python/packing_unpacking.py:7: error: Module 'os' has no attribute 'sys'  [attr-defined]
(christabor)MoAL/MOAL/languages/features/python/packing_unpacking.py:51: error: Incompatible types in assignment (expression has type "object", variable has type "str")  [assignment]
(christabor)MoAL/MOAL/systems_engineering/architecture/api_design/fluent_interface.py:7: error: Module 'os' has no attribute 'sys'  [attr-defined]
(christabor)MoAL/MOAL/systems_engineering/message_queues/rabbitmq/receiver.py:7: error: Module 'os' has no attribute 'sys'  [attr-defined]
(christabor)MoAL/MOAL/type_theory/gradual.py:7: error: Module 'os' has no attribute 'sys'  [attr-defined]
(christabor)MoAL/MOAL/type_theory/duck.py:7: error: Module 'os' has no attribute 'sys'  [attr-defined]
(christabor)MoAL/MOAL/data_structures/linear/array/hashed_array_tree.py:7: error: Module 'os' has no attribute 'sys'  [attr-defined]
(christabor)MoAL/MOAL/data_structures/linear/array/suffix_arrays.py:7: error: Module 'os' has no attribute 'sys'  [attr-defined]
(christabor)MoAL/MOAL/data_structures/linear/array/linear_trees.py:7: error: Module 'os' has no attribute 'sys'  [attr-defined]
(christabor)MoAL/MOAL/data_structures/linear/array/control_table.py:7: error: Module 'os' has no attribute 'sys'  [attr-defined]
(christabor)MoAL/MOAL/data_structures/linear/array/circular_buffer.py:7: error: Module 'os' has no attribute 'sys'  [attr-defined]
(christabor)MoAL/MOAL/data_structures/linear/array/gap_buffer.py:7: error: Module 'os' has no attribute 'sys'  [attr-defined]
(christabor)MoAL/MOAL/data_structures/linear/array/gap_buffer.py:57: error: Name 'raw_input' is not defined  [name-defined]
(christabor)MoAL/MOAL/data_structures/linear/bitarray/bitboard.py:7: error: Module 'os' has no attribute 'sys'  [attr-defined]
(christabor)MoAL/MOAL/data_structures/other/heightmap.py:7: error: Module 'os' has no attribute 'sys'  [attr-defined]
(christabor)MoAL/MOAL/data_structures/trees/application_specific/alternating_decision_tree.py:24: error: Module 'os' has no attribute 'sys'  [attr-defined]
(christabor)MoAL/MOAL/data_structures/trees/multiway/spaghetti_stack.py:7: error: Module 'os' has no attribute 'sys'  [attr-defined]
(christabor)MoAL/MOAL/data_structures/trees/order_statistic_bst.py:7: error: Module 'os' has no attribute 'sys'  [attr-defined]
(christabor)MoAL/MOAL/data_structures/trees/merkle_tree.py:7: error: Module 'os' has no attribute 'sys'  [attr-defined]
(christabor)MoAL/MOAL/data_structures/trees/merkle_tree.py:64: error: "Dict[int, Dict[str, object]]" has no attribute "iteritems"  [attr-defined]
(christabor)MoAL/MOAL/data_structures/trees/merkle_tree.py:74: error: "object" has no attribute "remove"  [attr-defined]
(christabor)MoAL/MOAL/data_structures/trees/btree.py:7: error: Module 'os' has no attribute 'sys'  [attr-defined]
(christabor)MoAL/MOAL/data_structures/trees/radix_tree.py:7: error: Module 'os' has no attribute 'sys'  [attr-defined]
(christabor)MoAL/MOAL/data_structures/trees/two_three_four_tree.py:7: error: Module 'os' has no attribute 'sys'  [attr-defined]
(christabor)MoAL/MOAL/data_structures/trees/avl_trees.py:10: error: Module 'os' has no attribute 'sys'  [attr-defined]
(christabor)MoAL/MOAL/data_structures/trees/binary_trees.py:7: error: Module 'os' has no attribute 'sys'  [attr-defined]
(christabor)MoAL/MOAL/data_structures/trees/splay_trees.py:7: error: Module 'os' has no attribute 'sys'  [attr-defined]
(christabor)MoAL/MOAL/data_structures/hashes/hashtable.py:7: error: Module 'os' has no attribute 'sys'  [attr-defined]
(christabor)MoAL/MOAL/data_structures/hashes/rolling_hash.py:7: error: Module 'os' has no attribute 'sys'  [attr-defined]
(christabor)MoAL/MOAL/data_structures/graphs/multigraph.py:7: error: Module 'os' has no attribute 'sys'  [attr-defined]
(christabor)MoAL/MOAL/data_structures/graphs/incidence_matrix.py:7: error: Module 'os' has no attribute 'sys'  [attr-defined]
(christabor)MoAL/MOAL/data_structures/graphs/binary_decision_diagram.py:7: error: Module 'os' has no attribute 'sys'  [attr-defined]
(christabor)MoAL/MOAL/data_structures/graphs/adjacency_matrix.py:7: error: Module 'os' has no attribute 'sys'  [attr-defined]
(christabor)MoAL/MOAL/data_structures/graphs/scene_graph.py:7: error: Module 'os' has no attribute 'sys'  [attr-defined]
(christabor)MoAL/MOAL/data_structures/graphs/scene_graph.py:95: error: Not all arguments converted during string formatting  [str-format]
(christabor)MoAL/MOAL/data_structures/graphs/graph_structured_stack.py:7: error: Module 'os' has no attribute 'sys'  [attr-defined]
(christabor)MoAL/MOAL/data_structures/abstract/stack_frame.py:11: error: Module 'os' has no attribute 'sys'  [attr-defined]
(christabor)MoAL/MOAL/data_structures/abstract/priority_queue.py:7: error: Module 'os' has no attribute 'sys'  [attr-defined]
(christabor)MoAL/MOAL/data_structures/abstract/string_adt.py:7: error: Module 'os' has no attribute 'sys'  [attr-defined]
(christabor)MoAL/MOAL/data_structures/abstract/list.py:7: error: Module 'os' has no attribute 'sys'  [attr-defined]
(christabor)MoAL/MOAL/data_structures/retroactive.py:7: error: Module 'os' has no attribute 'sys'  [attr-defined]
(christabor)MoAL/MOAL/data_structures/retroactive.py:100: error: "Dict[str, str]" has no attribute "iteritems"  [attr-defined]
(christabor)MoAL/MOAL/execution/machine/opcodes.py:7: error: Module 'os' has no attribute 'sys'  [attr-defined]
(christabor)MoAL/MOAL/execution/compiler/transpiler.py:11: error: Module 'os' has no attribute 'sys'  [attr-defined]
(christabor)MoAL/MOAL/execution/virtual_machine/process_vm.py:7: error: Module 'os' has no attribute 'sys'  [attr-defined]
(christabor)MoAL/MOAL/automata_theory/finite_state_machine/fsm.py:7: error: Module 'os' has no attribute 'sys'  [attr-defined]
(christabor)MoAL/MOAL/automata_theory/finite_state_machine/recognizer.py:7: error: Module 'os' has no attribute 'sys'  [attr-defined]
(christabor)MoAL/MOAL/automata_theory/universal_turing_machine.py:7: error: Module 'os' has no attribute 'sys'  [attr-defined]
(christabor)MoAL/MOAL/computer_organization/skew_binary.py:7: error: Module 'os' has no attribute 'sys'  [attr-defined]
(christabor)MoAL/MOAL/computer_organization/bit_field.py:7: error: Module 'os' has no attribute 'sys'  [attr-defined]
(christabor)MoAL/MOAL/computer_organization/numerical_encoding_basic.py:7: error: Module 'os' has no attribute 'sys'  [attr-defined]
(christabor)MoAL/MOAL/computer_organization/numerical_encoding_basic.py:18: error: Name 'unicode' is not defined  [name-defined]
(christabor)MoAL/MOAL/computer_organization/numerical_encoding_basic.py:396: error: Not all arguments converted during string formatting  [str-format]
(christabor)MoAL/MOAL/computer_organization/numerical_encoding_basic.py:411: error: "Dict[str, Callable[[], Any]]" has no attribute "iteritems"  [attr-defined]
(christabor)MoAL/MOAL/computer_organization/positional.py:7: error: Module 'os' has no attribute 'sys'  [attr-defined]
(christabor)MoAL/MOAL/computer_organization/positional.py:19: error: Name 'unicode' is not defined  [name-defined]
(christabor)MoAL/MOAL/computer_organization/bcd.py:7: error: Module 'os' has no attribute 'sys'  [attr-defined]
(christabor)MoAL/MOAL/maths/category_theory/cat_basics.py:7: error: Module 'os' has no attribute 'sys'  [attr-defined]
(christabor)MoAL/MOAL/maths/applied/computational/cryptography/ciphers/historical/substitution/rot13.py:7: error: Module 'os' has no attribute 'sys'  [attr-defined]
(christabor)MoAL/MOAL/maths/applied/computational/cryptography/ciphers/historical/transposition/railfence.py:7: error: Module 'os' has no attribute 'sys'  [attr-defined]
(christabor)MoAL/MOAL/maths/applied/optimization/strength_reduction.py:8: error: Module 'os' has no attribute 'sys'  [attr-defined]
(christabor)MoAL/MOAL/maths/big_o.py:7: error: Module 'os' has no attribute 'sys'  [attr-defined]
(christabor)MoAL/MOAL/maths/big_o.py:17: error: Incompatible types in assignment (expression has type "str", target has type "int")  [assignment]
(christabor)MoAL/docs/conf.py:213: error: Need type annotation for 'latex_elements' (hint: "latex_elements: Dict[<type>, <type>] = ...")  [var-annotated]
(christabor)MoAL/MOAL/software_engineering/testing/black_box/error_guessing.py:7: error: Module 'os' has no attribute 'sys'  [attr-defined]
(christabor)MoAL/MOAL/software_engineering/testing/black_box/allpairs.py:7: error: Module 'os' has no attribute 'sys'  [attr-defined]
(christabor)MoAL/MOAL/software_engineering/testing/white_box/static_analysis/type_checking.py:7: error: Module 'os' has no attribute 'sys'  [attr-defined]
(christabor)MoAL/MOAL/software_engineering/testing/white_box/static_analysis/type_checking.py:76: error: Name 'long' is not defined  [name-defined]
(christabor)MoAL/MOAL/software_engineering/reification/reification.py:7: error: Module 'os' has no attribute 'sys'  [attr-defined]
(christabor)MoAL/MOAL/software_engineering/problem_solving/design_patterns/grasp/pattern_indirection.py:7: error: Module 'os' has no attribute 'sys'  [attr-defined]
(christabor)MoAL/MOAL/storage/databases/relational/sql_alchemy.py:7: error: Module 'os' has no attribute 'sys'  [attr-defined]
(christabor)MoAL/MOAL/storage/databases/relational/sql_alchemy.py:37: error: Variable "sql_alchemy.Base" is not valid as a type  [valid-type]
(christabor)MoAL/MOAL/storage/databases/relational/sql_alchemy.py:37: error: Invalid base class "Base"  [misc]
(christabor)MoAL/MOAL/algorithms/matrix_processing/matrix_processing.py:7: error: Module 'os' has no attribute 'sys'  [attr-defined]
(christabor)MoAL/MOAL/algorithms/sorting/quick_sort.py:7: error: Module 'os' has no attribute 'sys'  [attr-defined]
(christabor)MoAL/MOAL/algorithms/sorting/threaded_sort.py:7: error: Module 'os' has no attribute 'sys'  [attr-defined]
(christabor)MoAL/MOAL/algorithms/sorting/bubble_sort.py:7: error: Module 'os' has no attribute 'sys'  [attr-defined]
(christabor)MoAL/MOAL/algorithms/sorting/shell_sort.py:7: error: Module 'os' has no attribute 'sys'  [attr-defined]
(christabor)MoAL/MOAL/algorithms/sorting/selection_sort.py:7: error: Module 'os' has no attribute 'sys'  [attr-defined]
(christabor)MoAL/MOAL/algorithms/coding_theory/levenshtein_distance.py:7: error: Module 'os' has no attribute 'sys'  [attr-defined]
(christabor)MoAL/MOAL/languages/paradigms/functional/functools_examples.py:9: error: Module 'os' has no attribute 'sys'  [attr-defined]
(christabor)MoAL/MOAL/languages/paradigms/functional/functools_examples.py:99: error: Too many positional arguments for "sorted"  [misc]
(christabor)MoAL/MOAL/languages/paradigms/functional/functools_examples.py:99: error: Argument 2 to "sorted" has incompatible type "Callable[[Any, Any], Any]"; expected "Optional[Callable[[Any], Any]]"  [arg-type]
(christabor)MoAL/MOAL/languages/paradigms/functional/functools_examples.py:100: error: Too many positional arguments for "sorted"  [misc]
(christabor)MoAL/MOAL/languages/paradigms/functional/functools_examples.py:100: error: Argument 2 to "sorted" has incompatible type "Callable[[Any, Any], Any]"; expected "Optional[Callable[[Any], Any]]"  [arg-type]
(christabor)MoAL/MOAL/languages/paradigms/functional/pymonad_examples.py:7: error: Module 'os' has no attribute 'sys'  [attr-defined]
(christabor)MoAL/MOAL/languages/paradigms/object_oriented/oop_classes.py:7: error: Module 'os' has no attribute 'sys'  [attr-defined]
(christabor)MoAL/MOAL/languages/features/python/context_manager.py:7: error: Module 'os' has no attribute 'sys'  [attr-defined]
(christabor)MoAL/MOAL/systems_engineering/performance/caching/memcached_example.py:7: error: Module 'os' has no attribute 'sys'  [attr-defined]
(christabor)MoAL/MOAL/type_theory/nominal_structural.py:7: error: Module 'os' has no attribute 'sys'  [attr-defined]
(christabor)MoAL/MOAL/type_theory/nominal_structural.py:25: error: Cannot determine consistent method resolution order (MRO) for "PrimaryNominal"  [misc]
(christabor)MoAL/MOAL/type_theory/nominal_structural.py:33: error: Cannot determine consistent method resolution order (MRO) for "StructuralType"  [misc]
(christabor)MoAL/MOAL/type_theory/nominal_structural.py:94: error: "PrimaryNominal" has no attribute "show_class"  [attr-defined]
(christabor)MoAL/MOAL/type_theory/nominal_structural.py:97: error: "SubNominal" has no attribute "show_class"  [attr-defined]
(christabor)MoAL/MOAL/type_theory/nominal_structural.py:109: error: "Type[StructuralType]" has no attribute "register"  [attr-defined]
(christabor)MoAL/MOAL/type_theory/nominal_structural.py:110: error: "Type[StructuralType]" has no attribute "register"  [attr-defined]
(christabor)MoAL/MOAL/type_theory/unique_type.py:7: error: Module 'os' has no attribute 'sys'  [attr-defined]
(christabor)MoAL/MOAL/type_theory/unique_type.py:15: error: Need type annotation for 'called' (hint: "called: List[<type>] = ...")  [var-annotated]
(christabor)MoAL/MOAL/data_structures/other/symbol_table.py:7: error: Module 'os' has no attribute 'sys'  [attr-defined]
(christabor)MoAL/MOAL/data_structures/other/winged_edge.py:7: error: Module 'os' has no attribute 'sys'  [attr-defined]
(christabor)MoAL/MOAL/data_structures/hashes/hash_list.py:7: error: Module 'os' has no attribute 'sys'  [attr-defined]
(christabor)MoAL/MOAL/data_structures/graphs/adjacency_list.py:7: error: Module 'os' has no attribute 'sys'  [attr-defined]
(christabor)MoAL/MOAL/data_structures/abstract/container.py:7: error: Module 'os' has no attribute 'sys'  [attr-defined]
(christabor)MoAL/MOAL/data_structures/abstract/stream.py:7: error: Module 'os' has no attribute 'sys'  [attr-defined]
(christabor)MoAL/MOAL/data_structures/abstract/queues_stdlib.py:13: error: Module 'os' has no attribute 'sys'  [attr-defined]
(christabor)MoAL/MOAL/execution/interpreter/bytecode.py:31: error: Module 'os' has no attribute 'sys'  [attr-defined]
(christabor)MoAL/MOAL/execution/compiler/abstract_syntax_tree.py:7: error: Module 'os' has no attribute 'sys'  [attr-defined]
(christabor)MoAL/MOAL/automata_theory/stack_machine.py:12: error: Module 'os' has no attribute 'sys'  [attr-defined]
(christabor)MoAL/MOAL/automata_theory/pointer_machine.py:7: error: Module 'os' has no attribute 'sys'  [attr-defined]
(christabor)MoAL/MOAL/computer_organization/endianness.py:7: error: Module 'os' has no attribute 'sys'  [attr-defined]
(christabor)MoAL/MOAL/computer_organization/factoradic.py:7: error: Module 'os' has no attribute 'sys'  [attr-defined]
(christabor)MoAL/MOAL/computer_organization/data_types.py:7: error: Module 'os' has no attribute 'sys'  [attr-defined]
(christabor)MoAL/MOAL/computer_organization/bitwise_operations.py:7: error: Module 'os' has no attribute 'sys'  [attr-defined]
(christabor)MoAL/MOAL/maths/applied/optimization/memoization.py:7: error: Module 'os' has no attribute 'sys'  [attr-defined]
(christabor)MoAL/MOAL/maths/applied/optimization/memoization.py:16: error: Need type annotation for 'memoized' (hint: "memoized: Dict[<type>, <type>] = ...")  [var-annotated]
(christabor)MoAL/MOAL/artificial_intelligence/machine_learning/supervised/decision_trees.py:7: error: Module 'os' has no attribute 'sys'  [attr-defined]
(christabor)MoAL/MOAL/artificial_intelligence/machine_learning/supervised/decision_trees.py:53: error: List item 0 has incompatible type "float"; expected "int"  [list-item]
(christabor)MoAL/MOAL/artificial_intelligence/machine_learning/supervised/decision_trees.py:53: error: List item 1 has incompatible type "float"; expected "int"  [list-item]
(christabor)MoAL/MOAL/artificial_intelligence/machine_learning/supervised/decision_trees.py:53: error: List item 4 has incompatible type "float"; expected "int"  [list-item]
(christabor)MoAL/MOAL/artificial_intelligence/machine_learning/supervised/decision_trees.py:54: error: List item 0 has incompatible type "float"; expected "int"  [list-item]
(christabor)MoAL/MOAL/artificial_intelligence/machine_learning/supervised/decision_trees.py:54: error: List item 1 has incompatible type "float"; expected "int"  [list-item]
(christabor)MoAL/MOAL/artificial_intelligence/machine_learning/supervised/decision_trees.py:54: error: List item 4 has incompatible type "float"; expected "int"  [list-item]
(christabor)MoAL/MOAL/artificial_intelligence/machine_learning/supervised/decision_trees.py:55: error: List item 0 has incompatible type "float"; expected "int"  [list-item]
(christabor)MoAL/MOAL/artificial_intelligence/machine_learning/supervised/decision_trees.py:55: error: List item 1 has incompatible type "float"; expected "int"  [list-item]
(christabor)MoAL/MOAL/artificial_intelligence/machine_learning/supervised/decision_trees.py:55: error: List item 4 has incompatible type "float"; expected "int"  [list-item]
(christabor)MoAL/MOAL/artificial_intelligence/machine_learning/supervised/decision_trees.py:56: error: List item 0 has incompatible type "float"; expected "int"  [list-item]
(christabor)MoAL/MOAL/artificial_intelligence/machine_learning/supervised/decision_trees.py:56: error: List item 1 has incompatible type "float"; expected "int"  [list-item]
(christabor)MoAL/MOAL/artificial_intelligence/machine_learning/supervised/decision_trees.py:56: error: List item 4 has incompatible type "float"; expected "int"  [list-item]
(christabor)MoAL/MOAL/artificial_intelligence/machine_learning/supervised/decision_trees.py:57: error: List item 0 has incompatible type "float"; expected "int"  [list-item]
(christabor)MoAL/MOAL/artificial_intelligence/machine_learning/supervised/decision_trees.py:57: error: List item 1 has incompatible type "float"; expected "int"  [list-item]
(christabor)MoAL/MOAL/artificial_intelligence/machine_learning/supervised/decision_trees.py:57: error: List item 4 has incompatible type "float"; expected "int"  [list-item]
(christabor)MoAL/MOAL/test_files.py:86: error: Name 'execfile' is not defined  [name-defined]
(christabor)MoAL/MOAL/software_engineering/problem_solving/design_patterns/unix/transparency.py:12: error: Module 'os' has no attribute 'sys'  [attr-defined]
(christabor)MoAL/MOAL/software_engineering/problem_solving/design_patterns/unix/transparency.py:17: error: Name 'sys' already defined (possibly by an import)  [no-redef]
(christabor)MoAL/MOAL/software_engineering/problem_solving/design_patterns/grasp/pattern_pure_fabrication.py:7: error: Module 'os' has no attribute 'sys'  [attr-defined]
(christabor)MoAL/MOAL/software_engineering/problem_solving/design_patterns/grasp/pattern_pure_fabrication.py:83: error: Name 'xrange' is not defined  [name-defined]
(christabor)MoAL/MOAL/software_engineering/development/methodologies/model_driven/model_transformation.py:11: error: Module 'os' has no attribute 'sys'  [attr-defined]
(christabor)MoAL/MOAL/storage/databases/other/influx_db/main.py:11: error: Module 'os' has no attribute 'sys'  [attr-defined]
(christabor)MoAL/MOAL/storage/databases/document/couch_db.py:7: error: Module 'os' has no attribute 'sys'  [attr-defined]
(christabor)MoAL/MOAL/storage/databases/document/mongo_db.py:7: error: Module 'os' has no attribute 'sys'  [attr-defined]
(christabor)MoAL/MOAL/storage/search/elasticsearch_db.py:7: error: Module 'os' has no attribute 'sys'  [attr-defined]
(christabor)MoAL/MOAL/storage/serialization/json_test.py:7: error: Module 'os' has no attribute 'sys'  [attr-defined]
(christabor)MoAL/MOAL/storage/serialization/csv_test.py:7: error: Module 'os' has no attribute 'sys'  [attr-defined]
(christabor)MoAL/MOAL/storage/serialization/csv_test.py:45: error: Incompatible types in assignment (expression has type "BinaryIO", variable has type "TextIO")  [assignment]
(christabor)MoAL/MOAL/algorithms/utilities/xor_swap.py:7: error: Module 'os' has no attribute 'sys'  [attr-defined]
(christabor)MoAL/MOAL/algorithms/time_series/dynamic_timewarping.py:7: error: Module 'os' has no attribute 'sys'  [attr-defined]
(christabor)MoAL/MOAL/algorithms/sorting/bogo_sort.py:7: error: Module 'os' has no attribute 'sys'  [attr-defined]
(christabor)MoAL/MOAL/algorithms/sorting/merge_sort.py:7: error: Module 'os' has no attribute 'sys'  [attr-defined]
(christabor)MoAL/MOAL/algorithms/geometry/manhattan_distance.py:9: error: Module 'os' has no attribute 'sys'  [attr-defined]
(christabor)MoAL/MOAL/algorithms/coding_theory/minhash.py:7: error: Module 'os' has no attribute 'sys'  [attr-defined]
(christabor)MoAL/MOAL/algorithms/coding_theory/minhash.py:101: error: Need type annotation for 'comparisons'  [var-annotated]
(christabor)MoAL/MOAL/helpers/text.py:5: error: Module 'string' has no attribute 'letters'  [attr-defined]
(christabor)MoAL/MOAL/helpers/generic.py:4: error: Module 'itertools' has no attribute 'izip'  [attr-defined]
(christabor)MoAL/MOAL/languages/formal_language_theory/grammars/attribute_context_free.py:7: error: Module 'os' has no attribute 'sys'  [attr-defined]
(christabor)MoAL/MOAL/languages/formal_language_theory/grammars/context_free.py:7: error: Module 'os' has no attribute 'sys'  [attr-defined]
(christabor)MoAL/MOAL/languages/formal_language_theory/grammars/context_free.py:197: error: Name 'raw_input' is not defined  [name-defined]
(christabor)MoAL/MOAL/languages/formal_language_theory/grammars/backus_naur.py:7: error: Module 'os' has no attribute 'sys'  [attr-defined]
(christabor)MoAL/MOAL/languages/formal_language_theory/grammars/context_sensitive.py:7: error: Module 'os' has no attribute 'sys'  [attr-defined]
(christabor)MoAL/MOAL/languages/formal_language_theory/grammars/context_sensitive.py:102: error: Not all arguments converted during string formatting  [str-format]
(christabor)MoAL/MOAL/languages/formal_language_theory/modeling/dyck.py:7: error: Module 'os' has no attribute 'sys'  [attr-defined]
(christabor)MoAL/MOAL/languages/paradigms/functional/referential_transparency.py:11: error: Module 'os' has no attribute 'sys'  [attr-defined]
(christabor)MoAL/MOAL/languages/features/python/index_slicing.py:7: error: Module 'os' has no attribute 'sys'  [attr-defined]
(christabor)MoAL/MOAL/languages/features/python/index_slicing.py:21: error: Argument 1 to "shuffle" has incompatible type "range"; expected "List[Any]"  [arg-type]
(christabor)MoAL/MOAL/languages/features/python/index_slicing.py:25: error: Slice index must be an integer or None  [misc]
(christabor)MoAL/MOAL/languages/features/python/index_slicing.py:36: error: Item "None" of "Optional[Match[str]]" has no attribute "start"  [union-attr]
(christabor)MoAL/MOAL/languages/features/python/comprehensions.py:7: error: Module 'os' has no attribute 'sys'  [attr-defined]
(christabor)MoAL/MOAL/languages/concurrent/actor_model.py:15: error: Module 'os' has no attribute 'sys'  [attr-defined]
(christabor)MoAL/MOAL/languages/concurrent/actor_model.py:66: error: "Type[object]" has no attribute "start"  [attr-defined]
(christabor)MoAL/MOAL/systems_engineering/architecture/restful/restful_eve.py:7: error: Module 'os' has no attribute 'sys'  [attr-defined]
(christabor)MoAL/MOAL/systems_engineering/architecture/restful/restful_eve.py:13: error: Module 'string' has no attribute 'uppercase'  [attr-defined]
(christabor)MoAL/MOAL/systems_engineering/architecture/restful/restful_eve.py:16: error: Name 'sys' already defined (possibly by an import)  [no-redef]
(christabor)MoAL/MOAL/systems_engineering/message_queues/rabbitmq/emitter.py:7: error: Module 'os' has no attribute 'sys'  [attr-defined]
(christabor)MoAL/MOAL/data_structures/linear/lists/free_list.py:7: error: Module 'os' has no attribute 'sys'  [attr-defined]
(christabor)MoAL/MOAL/data_structures/linear/lists/skip_lists.py:10: error: Module 'os' has no attribute 'sys'  [attr-defined]
(christabor)MoAL/MOAL/data_structures/linear/array/image_array.py:7: error: Module 'os' has no attribute 'sys'  [attr-defined]
(christabor)MoAL/MOAL/data_structures/linear/array/image_array.py:35: error: Name 'xrange' is not defined  [name-defined]
(christabor)MoAL/MOAL/data_structures/other/routing_table.py:7: error: Module 'os' has no attribute 'sys'  [attr-defined]
(christabor)MoAL/MOAL/data_structures/other/lightmap.py:7: error: Module 'os' has no attribute 'sys'  [attr-defined]
(christabor)MoAL/MOAL/data_structures/trees/suffix_tree.py:7: error: Module 'os' has no attribute 'sys'  [attr-defined]
(christabor)MoAL/MOAL/data_structures/trees/suffix_tree.py:88: error: Method must have at least one argument  [misc]
(christabor)MoAL/MOAL/data_structures/trees/trie.py:7: error: Module 'os' has no attribute 'sys'  [attr-defined]
(christabor)MoAL/MOAL/data_structures/trees/cartesian_trees.py:7: error: Module 'os' has no attribute 'sys'  [attr-defined]
(christabor)MoAL/MOAL/data_structures/trees/binary_search_trees.py:7: error: Module 'os' has no attribute 'sys'  [attr-defined]
(christabor)MoAL/MOAL/data_structures/trees/heaps.py:10: error: Module 'os' has no attribute 'sys'  [attr-defined]
(christabor)MoAL/MOAL/data_structures/graphs/graphs.py:9: error: Module 'os' has no attribute 'sys'  [attr-defined]
(christabor)MoAL/MOAL/data_structures/graphs/graphs.py:49: error: Cannot determine consistent method resolution order (MRO) for "Graph"  [misc]
(christabor)MoAL/MOAL/data_structures/graphs/graphs.py:368: error: Argument 2 to "randrange" has incompatible type "float"; expected "Optional[int]"  [arg-type]
(christabor)MoAL/MOAL/data_structures/graphs/graphs.py:380: error: "DirectedGraph" has no attribute "DEBUG"  [attr-defined]
(christabor)MoAL/MOAL/data_structures/graphs/graphs.py:400: error: "DirectedAcyclicGraph" has no attribute "DEBUG"  [attr-defined]
(christabor)MoAL/MOAL/data_structures/graphs/graphs.py:437: error: "DirectedAcyclicGraph" has no attribute "DEBUG"  [attr-defined]
(christabor)MoAL/MOAL/data_structures/graphs/graphs.py:442: error: Name 'raw_input' is not defined  [name-defined]
(christabor)MoAL/MOAL/data_structures/graphs/graphs.py:444: error: Name 'raw_input' is not defined  [name-defined]
(christabor)MoAL/MOAL/data_structures/graphs/graphs.py:445: error: "DirectedAcyclicGraph" has no attribute "render_graph"  [attr-defined]
(christabor)MoAL/MOAL/data_structures/abstract/set.py:7: error: Module 'os' has no attribute 'sys'  [attr-defined]
(christabor)MoAL/MOAL/data_structures/abstract/array_and_linked_lists.py:7: error: Module 'os' has no attribute 'sys'  [attr-defined]
(christabor)MoAL/MOAL/data_structures/abstract/array_and_linked_lists.py:26: error: Need type annotation for 'arr' (hint: "arr: List[<type>] = ...")  [var-annotated]
(christabor)MoAL/MOAL/data_structures/abstract/array_and_linked_lists.py:262: error: Argument 1 to "shuffle" has incompatible type "range"; expected "List[Any]"  [arg-type]
(christabor)MoAL/MOAL/data_structures/abstract/map.py:7: error: Module 'os' has no attribute 'sys'  [attr-defined]
(christabor)MoAL/MOAL/data_structures/abstract/stack.py:11: error: Module 'os' has no attribute 'sys'  [attr-defined]
(christabor)MoAL/MOAL/data_structures/abstract/queues.py:7: error: Module 'os' has no attribute 'sys'  [attr-defined]
(christabor)MoAL/MOAL/data_structures/persistent.py:7: error: Module 'os' has no attribute 'sys'  [attr-defined]
(christabor)MoAL/MOAL/data_structures/persistent.py:166: error: Exception type must be derived from BaseException  [misc]
(christabor)MoAL/MOAL/data_structures/persistent.py:172: error: Exception type must be derived from BaseException  [misc]
(christabor)MoAL/MOAL/automata_theory/finite_state_machine/markov_chain.py:7: error: Module 'os' has no attribute 'sys'  [attr-defined]
(christabor)MoAL/MOAL/automata_theory/finite_state_machine/markov_chain.py:128: error: Exception type must be derived from BaseException  [misc]
(christabor)MoAL/MOAL/automata_theory/finite_state_machine/transducer.py:7: error: Module 'os' has no attribute 'sys'  [attr-defined]
(christabor)MoAL/MOAL/automata_theory/turing_machine.py:7: error: Module 'os' has no attribute 'sys'  [attr-defined]
(christabor)MoAL/MOAL/automata_theory/counter_machine.py:7: error: Module 'os' has no attribute 'sys'  [attr-defined]
(christabor)MoAL/MOAL/computer_organization/logic_gates.py:30: error: Module 'os' has no attribute 'sys'  [attr-defined]
(christabor)MoAL/MOAL/computer_organization/logic_gates.py:68: error: Incompatible types in assignment (expression has type "Callable[[Any, Any], Any]", variable has type "Callable[[Any], Any]")  [assignment]
(christabor)MoAL/MOAL/computer_organization/logic_gates.py:71: error: Too many arguments  [call-arg]
(christabor)MoAL/MOAL/computer_organization/one_twos_complement.py:7: error: Module 'os' has no attribute 'sys'  [attr-defined]
(christabor)MoAL/MOAL/maths/set_theory.py:7: error: Module 'os' has no attribute 'sys'  [attr-defined]
(christabor)MoAL/MOAL/maths/probability.py:7: error: Module 'os' has no attribute 'sys'  [attr-defined]
(christabor)MoAL/MOAL/artificial_intelligence/machine_learning/topic_modeling/tm_gensim.py:7: error: Module 'os' has no attribute 'sys'  [attr-defined]
(christabor)MoAL/MOAL/artificial_intelligence/machine_learning/supervised/perceptron.py:7: error: Module 'os' has no attribute 'sys'  [attr-defined]
(christabor)MoAL/MOAL/maths/space/fractal_geometry.py:7: error: Module 'os' has no attribute 'sys'  [attr-defined]
(christabor)MoAL/MOAL/maths/space/fractal_geometry.py:65: error: Cannot infer type argument 1 of "map"  [misc]
(christabor)MoAL/MOAL/maths/numbers/basic.py:7: error: Module 'os' has no attribute 'sys'  [attr-defined]
(christabor)MoAL/MOAL/maths/number_theory.py:7: error: Module 'os' has no attribute 'sys'  [attr-defined]
(christabor)MoAL/MOAL/storage/databases/keyvalue/redis_db.py:7: error: Module 'os' has no attribute 'sys'  [attr-defined]
(christabor)MoAL/MOAL/languages/paradigms/functional/rxpy_examples.py:7: error: Module 'os' has no attribute 'sys'  [attr-defined]
(christabor)MoAL/MOAL/languages/paradigms/functional/rxpy_examples.py:100: error: Unsupported left operand type for + ("range")  [operator]
(christabor)MoAL/MOAL/languages/paradigms/functional/rxpy_examples.py:103: error: Name 'xrange' is not defined  [name-defined]
(christabor)MoAL/MOAL/storage/databases/structures/inverted_index.py:7: error: Module 'os' has no attribute 'sys'  [attr-defined]
(christabor)MoAL/MOAL/systems_engineering/architecture/api_design/webhooks/app2.py:11: error: Module 'os' has no attribute 'sys'  [attr-defined]
(christabor)MoAL/MOAL/systems_engineering/architecture/api_design/webhooks/app1.py:11: error: Module 'os' has no attribute 'sys'  [attr-defined]
Found 270 errors in 189 files (checked 201 source files)

[RRepo](hynek)doc2dash
(hynek)doc2dash/docs/conf.py:57: error: Need type annotation for 'extensions' (hint: "extensions: List[<type>] = ...")  [var-annotated]
(hynek)doc2dash/docs/conf.py:217: error: Need type annotation for 'latex_elements' (hint: "latex_elements: Dict[<type>, <type>] = ...")  [var-annotated]
(hynek)doc2dash/setup.py:69: error: Argument 1 to "read" has incompatible type "str"; expected "Path"  [arg-type]
(hynek)doc2dash/setup.py:73: error: Item "None" of "Optional[Match[str]]" has no attribute "group"  [union-attr]
(hynek)doc2dash/setup.py:75: error: Argument 1 to "read" has incompatible type "str"; expected "Path"  [arg-type]
(hynek)doc2dash/setup.py:80: error: Argument 1 to "read" has incompatible type "str"; expected "Path"  [arg-type]
(hynek)doc2dash/src/doc2dash/parsers/utils.py:37: error: Self argument missing for a non-static method (or an invalid type for self)  [misc]
(hynek)doc2dash/src/doc2dash/parsers/utils.py:42: error: Method must have at least one argument  [misc]
(hynek)doc2dash/src/doc2dash/parsers/intersphinx.py:8: error: Module 'parsers' has no attribute 'types'  [attr-defined]
Found 9 errors in 4 files (checked 9 source files)

[RRepo](juanjux)neme
(juanjux)neme/src/core/python/backend.py:51: error: Name 'List' is not defined  [name-defined]
(juanjux)neme/src/core/python/backend.py:51: note: Did you forget to import it from "typing"? (Suggestion: "from typing import List")
(juanjux)neme/src/core/python/backend.py:211: error: Missing return statement  [return]
Found 2 errors in 1 file (checked 2 source files)

[RRepo](KDD-OpenSource)fexum
(KDD-OpenSource)fexum/features/tests/factories.py:108: error: Need type annotation for 'object_definition' (hint: "object_definition: List[<type>] = ...")  [var-annotated]
(KDD-OpenSource)fexum/features/tests/factories.py:109: error: Need type annotation for 'output_definition' (hint: "output_definition: List[<type>] = ...")  [var-annotated]
Found 2 errors in 1 file (checked 14 source files)

[RRepo](DamnWidget)anaconda_go
(DamnWidget)anaconda_go/commands/explore.py:365: error: Need type annotation for 'symbols' (hint: "symbols: List[<type>] = ...")  [var-annotated]
(DamnWidget)anaconda_go/commands/explore.py:366: error: Need type annotation for 'aggregated_data'  [var-annotated]
(DamnWidget)anaconda_go/lib/__init__.py:31: error: Need type annotation for '_projects' (hint: "_projects: Dict[<type>, <type>] = ...")  [var-annotated]
(DamnWidget)anaconda_go/lib/panels.py:28: error: Value of type "Optional[Any]" is not indexable  [index]
(DamnWidget)anaconda_go/lib/panels.py:41: error: Value of type "Optional[Any]" is not indexable  [index]
(DamnWidget)anaconda_go/lib/panels.py:164: error: Argument 1 to "_toggle_indicator" of "ExplorerPanel" has incompatible type "Optional[int]"; expected "int"  [arg-type]
(DamnWidget)anaconda_go/lib/panels.py:164: error: Argument 2 to "_toggle_indicator" of "ExplorerPanel" has incompatible type "Optional[int]"; expected "int"  [arg-type]
(DamnWidget)anaconda_go/lib/detector.py:72: error: Incompatible types in assignment (expression has type "str", variable has type "bool")  [assignment]
(DamnWidget)anaconda_go/lib/detector.py:82: error: Incompatible types in assignment (expression has type "Optional[str]", variable has type "str")  [assignment]
(DamnWidget)anaconda_go/lib/detector.py:84: error: Incompatible types in assignment (expression has type "Optional[str]", variable has type "str")  [assignment]
(DamnWidget)anaconda_go/lib/detector.py:85: error: Incompatible types in assignment (expression has type "str", variable has type "bool")  [assignment]
(DamnWidget)anaconda_go/lib/detector.py:138: error: Incompatible types in assignment (expression has type "str", variable has type "bool")  [assignment]
(DamnWidget)anaconda_go/commands/callstack.py:52: error: "print_exc" does not return a value  [func-returns-value]
(DamnWidget)anaconda_go/commands/doc.py:72: error: "print_exc" does not return a value  [func-returns-value]
(DamnWidget)anaconda_go/commands/doc.py:171: error: "print_exc" does not return a value  [func-returns-value]
(DamnWidget)anaconda_go/commands/peers.py:52: error: "print_exc" does not return a value  [func-returns-value]
(DamnWidget)anaconda_go/commands/pointsto.py:52: error: "print_exc" does not return a value  [func-returns-value]
(DamnWidget)anaconda_go/commands/referrers.py:52: error: "print_exc" does not return a value  [func-returns-value]
(DamnWidget)anaconda_go/commands/goto.py:58: error: "print_exc" does not return a value  [func-returns-value]
(DamnWidget)anaconda_go/commands/implements.py:52: error: "print_exc" does not return a value  [func-returns-value]
(DamnWidget)anaconda_go/commands/callers.py:52: error: "print_exc" does not return a value  [func-returns-value]
(DamnWidget)anaconda_go/commands/callees.py:52: error: "print_exc" does not return a value  [func-returns-value]
(DamnWidget)anaconda_go/lib/cache.py:19: error: Value of type variable "AnyStr" of "expanduser" cannot be "Optional[str]"  [type-var]
(DamnWidget)anaconda_go/lib/cache.py:23: error: Need type annotation for 'PACKAGES_CACHE'  [var-annotated]
(DamnWidget)anaconda_go/lib/cache.py:51: error: Need type annotation for 'node' (hint: "node: Dict[<type>, <type>] = ...")  [var-annotated]
(DamnWidget)anaconda_go/lib/cache.py:53: error: Incompatible types in assignment (expression has type "List[Any]", variable has type "Dict[Any, Any]")  [assignment]
(DamnWidget)anaconda_go/lib/cache.py:80: error: Argument 1 to "join" has incompatible type "Optional[str]"; expected "Union[str, _PathLike[str]]"  [arg-type]
(DamnWidget)anaconda_go/lib/cache.py:94: error: Argument 1 to "join" has incompatible type "Optional[str]"; expected "Union[str, _PathLike[str]]"  [arg-type]
(DamnWidget)anaconda_go/plugin/handlers_go/commands/autocomplete.py:8: error: Relative import climbs too many namespaces  [misc]
(DamnWidget)anaconda_go/plugin/handlers_go/commands/package_funcs.py:8: error: Relative import climbs too many namespaces  [misc]
(DamnWidget)anaconda_go/plugin/handlers_go/commands/goimports.py:9: error: Relative import climbs too many namespaces  [misc]
(DamnWidget)anaconda_go/plugin/handlers_go/commands/lint.py:8: error: Relative import climbs too many namespaces  [misc]
(DamnWidget)anaconda_go/plugin/handlers_go/commands/package_structs.py:8: error: Relative import climbs too many namespaces  [misc]
(DamnWidget)anaconda_go/plugin/handlers_go/commands/enclosing_func.py:8: error: Relative import climbs too many namespaces  [misc]
(DamnWidget)anaconda_go/plugin/handlers_go/commands/file_symbols.py:8: error: Relative import climbs too many namespaces  [misc]
(DamnWidget)anaconda_go/plugin/handlers_go/commands/analyze_symbol.py:8: error: Relative import climbs too many namespaces  [misc]
(DamnWidget)anaconda_go/plugin/handlers_go/commands/file_structs.py:8: error: Relative import climbs too many namespaces  [misc]
(DamnWidget)anaconda_go/plugin/handlers_go/commands/gogetdoc.py:9: error: Relative import climbs too many namespaces  [misc]
(DamnWidget)anaconda_go/plugin/handlers_go/commands/file_funcs.py:8: error: Relative import climbs too many namespaces  [misc]
(DamnWidget)anaconda_go/plugin/handlers_go/commands/package_symbols.py:9: error: Relative import climbs too many namespaces  [misc]
(DamnWidget)anaconda_go/plugin/handlers_go/anagonda_handler.py:5: error: Module 'lib' has no attribute 'anaconda_handler'  [attr-defined]
(DamnWidget)anaconda_go/commands/fill_browse.py:69: error: "print_exc" does not return a value  [func-returns-value]
(DamnWidget)anaconda_go/commands/fill_browse.py:91: error: Need type annotation for 'args' (hint: "args: List[<type>] = ...")  [var-annotated]
(DamnWidget)anaconda_go/commands/fill_browse.py:94: error: Incompatible types in assignment (expression has type "str", variable has type "List[Any]")  [assignment]
(DamnWidget)anaconda_go/commands/fill_browse.py:98: error: Module has no attribute "STARTUPINFO"  [attr-defined]
(DamnWidget)anaconda_go/commands/fill_browse.py:99: error: Module has no attribute "STARTF_USESHOWWINDOW"  [attr-defined]
Found 46 errors in 28 files (checked 48 source files)

[RRepo](ruddy17)PlottiPy
(ruddy17)PlottiPy/plottipy.py:20: error: Variable "plottipy.TemplateBaseClass" is not valid as a type  [valid-type]
(ruddy17)PlottiPy/plottipy.py:20: error: Invalid base class "TemplateBaseClass"  [misc]
(ruddy17)PlottiPy/plottipy.py:157: error: Need type annotation for 'check_availability_list' (hint: "check_availability_list: List[<type>] = ...")  [var-annotated]
Found 3 errors in 1 file (checked 1 source file)

[RRepo](HPENetworking)PYHPEIMC
(HPENetworking)PYHPEIMC/archived/hppyimctest.py:5: error: invalid syntax  [syntax]
Found 1 error in 1 file (checked 42 source files)

[RRepo](doconix)django-mako-plus
(doconix)django-mako-plus/docs-src/conf.py:118: error: Need type annotation for 'latex_elements' (hint: "latex_elements: Dict[<type>, <type>] = ...")  [var-annotated]
(doconix)django-mako-plus/django_mako_plus/template/lexer.py:8: error: Relative import climbs too many namespaces  [misc]
(doconix)django-mako-plus/django_mako_plus/template/lexer.py:9: error: Relative import climbs too many namespaces  [misc]
(doconix)django-mako-plus/django_mako_plus/template/lexer.py:61: error: Need type annotation for 'EMPTY_DICT' (hint: "EMPTY_DICT: Dict[<type>, <type>] = ...")  [var-annotated]
(doconix)django-mako-plus/django_mako_plus/router/resolver.py:18: error: Relative import climbs too many namespaces  [misc]
(doconix)django-mako-plus/django_mako_plus/util/base58.py:35: error: Not all arguments converted during string formatting  [str-format]
(doconix)django-mako-plus/tests_project/homepage/views/__init__.py:1: error: Module 'django_mako_plus.converter' has no attribute 'ParameterConverter'  [attr-defined]
(doconix)django-mako-plus/tests_project/homepage/views/__init__.py:2: error: Module 'django_mako_plus' has no attribute 'view_function'  [attr-defined]
(doconix)django-mako-plus/django_mako_plus/provider/runner.py:8: error: Module 'django_mako_plus.template' has no attribute 'template_inheritance'  [attr-defined]
(doconix)django-mako-plus/django_mako_plus/provider/runner.py:9: error: Module 'django_mako_plus.util' has no attribute 'qualified_name'  [attr-defined]
(doconix)django-mako-plus/django_mako_plus/provider/runner.py:9: error: Module 'django_mako_plus.util' has no attribute 'b58enc'  [attr-defined]
(doconix)django-mako-plus/django_mako_plus/provider/runner.py:31: error: Need type annotation for 'CONTENT_PROVIDERS' (hint: "CONTENT_PROVIDERS: List[<type>] = ...")  [var-annotated]
(doconix)django-mako-plus/tests_project/homepage/tests/test_filters.py:3: error: Module 'django_mako_plus' has no attribute 'render_template'  [attr-defined]
(doconix)django-mako-plus/tests_project/homepage/tests/test_engine.py:5: error: Module 'django_mako_plus.template' has no attribute 'MakoTemplateAdapter'  [attr-defined]
(doconix)django-mako-plus/tests_project/homepage/tests/test_engine.py:6: error: Module 'django_mako_plus.template' has no attribute 'MakoTemplateLoader'  [attr-defined]
(doconix)django-mako-plus/tests_project/homepage/tests/test_commands.py:9: error: Module 'django_mako_plus' has no attribute 'get_template'; maybe "template"?  [attr-defined]
(doconix)django-mako-plus/tests_project/homepage/tests/test_convenience.py:5: error: Module 'django_mako_plus' has no attribute 'get_template_loader'  [attr-defined]
(doconix)django-mako-plus/tests_project/homepage/tests/test_convenience.py:6: error: Module 'django_mako_plus' has no attribute 'get_template'; maybe "template"?  [attr-defined]
(doconix)django-mako-plus/tests_project/homepage/tests/test_convenience.py:7: error: Module 'django_mako_plus' has no attribute 'render_template'  [attr-defined]
(doconix)django-mako-plus/tests_project/homepage/tests/test_convenience.py:8: error: Module 'django_mako_plus' has no attribute 'get_template_loader_for_path'  [attr-defined]
(doconix)django-mako-plus/tests_project/homepage/tests/test_convenience.py:9: error: Module 'django_mako_plus' has no attribute 'get_template_for_path'  [attr-defined]
(doconix)django-mako-plus/tests_project/homepage/tests/test_convenience.py:10: error: Module 'django_mako_plus' has no attribute 'render_template_for_path'  [attr-defined]
(doconix)django-mako-plus/tests_project/homepage/tests/test_convenience.py:11: error: Module 'django_mako_plus.template' has no attribute 'MakoTemplateLoader'  [attr-defined]
(doconix)django-mako-plus/tests_project/homepage/tests/test_convenience.py:11: error: Module 'django_mako_plus.template' has no attribute 'MakoTemplateAdapter'  [attr-defined]
(doconix)django-mako-plus/tests_project/homepage/views/static_files.py:5: error: Module 'django_mako_plus' has no attribute 'view_function'  [attr-defined]
(doconix)django-mako-plus/tests_project/homepage/views/static_files.py:5: error: Module 'django_mako_plus' has no attribute 'jscontext'  [attr-defined]

[RRepo](ihmeuw)vivarium
(ihmeuw)vivarium/src/vivarium/framework/components/parser.py:86: error: Incompatible types in assignment (expression has type "List[Tuple[str, Tuple[str]]]", variable has type "List[str]")  [assignment]
(ihmeuw)vivarium/src/vivarium/framework/components/parser.py:87: error: Argument 1 to "import_and_instantiate_components" has incompatible type "List[str]"; expected "List[Tuple[str, Tuple[str]]]"  [arg-type]
(ihmeuw)vivarium/src/vivarium/interpolation.py:49: error: Need type annotation for 'parameter_columns'  [var-annotated]
(ihmeuw)vivarium/src/vivarium/framework/components/manager.py:122: error: Argument 2 to "_add_components" of "ComponentManager" has incompatible type "Union[List[Any], Tuple[Any, ...]]"; expected "Union[List[Any], Tuple[Any]]"  [arg-type]
(ihmeuw)vivarium/src/vivarium/framework/components/manager.py:286: error: Need type annotation for 'configured' (hint: "configured: List[<type>] = ...")  [var-annotated]
(ihmeuw)vivarium/src/vivarium/framework/components/manager.py:292: error: Need type annotation for 'setup' (hint: "setup: List[<type>] = ...")  [var-annotated]
(ihmeuw)vivarium/src/vivarium/interface/utilities.py:24: error: Name '__IPYTHON__' is not defined  [name-defined]
(ihmeuw)vivarium/src/vivarium/framework/lookup.py:117: error: Need type annotation for 'values'  [var-annotated]
(ihmeuw)vivarium/src/vivarium/framework/lookup.py:164: error: Argument 1 to "ScalarTable" has incompatible type "Union[Number, datetime, timedelta, List[Any], Tuple[Any, ...], List[Number]]"; expected "Union[List[Any], Tuple[Any]]"  [arg-type]
(ihmeuw)vivarium/src/vivarium/framework/lookup.py:164: error: Argument 1 to "ScalarTable" has incompatible type "Union[timedelta, Number, datetime, List[Any], Tuple[Any, ...], List[timedelta]]"; expected "Union[List[Any], Tuple[Any]]"  [arg-type]
(ihmeuw)vivarium/src/vivarium/framework/lookup.py:164: error: Argument 1 to "ScalarTable" has incompatible type "Union[datetime, Number, timedelta, List[Any], Tuple[Any, ...], List[datetime]]"; expected "Union[List[Any], Tuple[Any]]"  [arg-type]
(ihmeuw)vivarium/src/vivarium/framework/lookup.py:168: error: Incompatible types in assignment (expression has type "InterpolatedTable", variable has type "ScalarTable")  [assignment]
(ihmeuw)vivarium/src/vivarium/framework/engine.py:24: error: Module 'time' has no attribute 'time'  [attr-defined]
Found 13 errors in 6 files (checked 44 source files)

[RRepo](simonsfoundation)CaImAn
(simonsfoundation)CaImAn/use_cases/eLife_scripts/train_cnns/prepare_training_set.py:83: error: invalid syntax  [syntax]
Found 1 error in 1 file (checked 60 source files)

[RRepo](frafra)is-osm-uptodate
(frafra)is-osm-uptodate/is-osm-uptodate.py:153: error: Need type annotation for 'features' (hint: "features: Dict[<type>, <type>] = ...")  [var-annotated]
(frafra)is-osm-uptodate/is-osm-uptodate.py:182: error: Need type annotation for 'responses' (hint: "responses: List[<type>] = ...")  [var-annotated]
(frafra)is-osm-uptodate/is-osm-uptodate.py:191: error: Item "None" of "Optional[Element]" has no attribute "get"  [union-attr]
(frafra)is-osm-uptodate/is-osm-uptodate.py:191: error: Argument 1 to "int" has incompatible type "Union[str, None, Any]"; expected "Union[str, bytes, SupportsInt, _SupportsIndex]"  [arg-type]
(frafra)is-osm-uptodate/is-osm-uptodate.py:192: error: Item "None" of "Optional[Element]" has no attribute "get"  [union-attr]
(frafra)is-osm-uptodate/is-osm-uptodate.py:211: error: "Type[datetime]" has no attribute "fromisoformat"  [attr-defined]
Found 6 errors in 1 file (checked 1 source file)

[RRepo](jrkerns)pylinac
(jrkerns)pylinac/pylinac/core/io.py:116: error: Too many arguments  [call-arg]

[RRepo](vcarceler)glaza
Success: no issues found in 5 source files

[RRepo](wemake-services)wemake-django-template
Success: no issues found in 9 source files

[RRepo](rbcarson)councillor-party
(rbcarson)councillor-party/common.py:154: error: Need type annotation for 'grouped'  [var-annotated]
(rbcarson)councillor-party/neulion.py:70: error: Item "None" of "Optional[Any]" has no attribute "id"  [union-attr]
(rbcarson)councillor-party/insinc.py:193: error: Incompatible types in assignment (expression has type "List[Any]", variable has type "Iterator[Any]")  [assignment]
(rbcarson)councillor-party/insinc.py:193: note: 'list' is missing following 'Iterator' protocol member:
(rbcarson)councillor-party/insinc.py:193: note:     __next__
(rbcarson)councillor-party/insinc.py:197: error: Value of type "Iterator[Any]" is not indexable  [index]
(rbcarson)councillor-party/insinc.py:198: error: Value of type "Iterator[Any]" is not indexable  [index]
(rbcarson)councillor-party/insinc.py:199: error: Value of type "Iterator[Any]" is not indexable  [index]
(rbcarson)councillor-party/granicus.py:67: error: Need type annotation for 'seen_dates' (hint: "seen_dates: Set[<type>] = ...")  [var-annotated]
(rbcarson)councillor-party/councillor-party.py:30: error: Missing return statement  [return]
Found 8 errors in 5 files (checked 13 source files)

[RRepo](ItsLastDay)academic_university_2016-2018
(ItsLastDay)academic_university_2016-2018/subjects/BigData/hw02/08-bfs_bad/bfs_bad.py:51: error: Missing parentheses in call to 'print'. Did you mean print(">>>>>>>>>> d = ", d, "count = ", count)?  [syntax]
Found 1 error in 1 file (checked 113 source files)

[RRepo](Remper)sociallink
(Remper)sociallink/align-train/utils/merge_two_plot_files.py:38: error: Need type annotation for 'files' (hint: "files: Dict[<type>, <type>] = ...")  [var-annotated]
(Remper)sociallink/align-train/utils/merge_two_plot_files.py:73: error: Item "None" of "Optional[str]" has no attribute "__iter__" (not iterable)  [union-attr]
(Remper)sociallink/align-train/utils/merge_two_plot_files.py:74: error: Value of type "Optional[str]" is not indexable  [index]
(Remper)sociallink/align-train/utils/merge_two_plot_files.py:74: error: Invalid index type "Union[str, Any]" for "Optional[str]"; expected type "Union[int, slice]"  [index]
(Remper)sociallink/align-train/utils/merge_two_plot_files.py:77: error: Item "str" of "Union[str, Any]" has no attribute "values"  [union-attr]
(Remper)sociallink/align-train/utils/common.py:126: error: Need type annotation for 'samples' (hint: "samples: List[<type>] = ...")  [var-annotated]
(Remper)sociallink/align-train/utils/common.py:127: error: Need type annotation for 'sample_dict' (hint: "sample_dict: Dict[<type>, <type>] = ...")  [var-annotated]
(Remper)sociallink/align-train/utils/common.py:142: error: Need type annotation for 'folds'  [var-annotated]
(Remper)sociallink/align-train/utils/common.py:153: error: Incompatible types in assignment (expression has type "Set[Any]", variable has type "int")  [assignment]
(Remper)sociallink/align-train/utils/common.py:157: error: Argument 1 to "write" of "IO" has incompatible type "Optional[str]"; expected "str"  [arg-type]
(Remper)sociallink/align-train/utils/common.py:160: error: Argument 1 to "write" of "IO" has incompatible type "Optional[str]"; expected "str"  [arg-type]
(Remper)sociallink/align-train/utils/common.py:162: error: Incompatible types in assignment (expression has type "Set[Any]", variable has type "int")  [assignment]
(Remper)sociallink/align-train/utils/common.py:163: error: "int" has no attribute "__iter__"; maybe "__str__", "__int__", or "__invert__"? (not iterable)  [attr-defined]
(Remper)sociallink/align-train/utils/common.py:200: error: Incompatible types in assignment (expression has type "Set[Any]", variable has type "int")  [assignment]
(Remper)sociallink/align-train/utils/common.py:204: error: Need type annotation for 'not_first' (hint: "not_first: Set[<type>] = ...")  [var-annotated]
(Remper)sociallink/align-train/utils/produce_crossval_splits.py:10: error: Need type annotation for 'samples' (hint: "samples: List[<type>] = ...")  [var-annotated]
(Remper)sociallink/align-train/utils/produce_crossval_splits.py:32: error: Argument 1 to "write" of "IO" has incompatible type "Optional[str]"; expected "str"  [arg-type]
(Remper)sociallink/align-train/utils/produce_crossval_splits.py:34: error: Argument 1 to "write" of "IO" has incompatible type "Optional[str]"; expected "str"  [arg-type]
(Remper)sociallink/align-train/utils/find_random_mistakes.py:140: error: Need type annotation for 'failures'  [var-annotated]
(Remper)sociallink/align-train/utils/find_random_mistakes.py:141: error: Need type annotation for 'abstentions'  [var-annotated]

[RRepo](REGOVAR)Regovar
(REGOVAR)Regovar/regovar/core/managers/imports/ped.py:27: error: invalid syntax  [syntax]
Found 1 error in 1 file (checked 75 source files)

[RRepo](martinpilat)dag-evaluate
(martinpilat)dag-evaluate/method_params.py:114: error: Too many arguments for "create_param_set"  [call-arg]
(martinpilat)dag-evaluate/grid_search.py:74: error: Need type annotation for 'best_results' (hint: "best_results: Dict[<type>, <type>] = ...")  [var-annotated]
Found 2 errors in 2 files (checked 7 source files)

[RRepo](shmuelamar)cbox
(shmuelamar)cbox/examples/numbersonly.py:5: error: Module has no attribute "stream"  [attr-defined]
(shmuelamar)cbox/examples/numbersonly.py:16: error: Module has no attribute "main"  [attr-defined]
(shmuelamar)cbox/examples/head.py:7: error: Module has no attribute "stream"  [attr-defined]
(shmuelamar)cbox/examples/head.py:14: error: Module has no attribute "Stop"  [attr-defined]
(shmuelamar)cbox/examples/head.py:19: error: Module has no attribute "main"  [attr-defined]
(shmuelamar)cbox/examples/nth-item.py:5: error: Module has no attribute "stream"  [attr-defined]
(shmuelamar)cbox/examples/nth-item.py:16: error: Module has no attribute "main"  [attr-defined]
(shmuelamar)cbox/examples/rot13.py:6: error: Module has no attribute "stream"  [attr-defined]
(shmuelamar)cbox/examples/rot13.py:13: error: Module has no attribute "main"  [attr-defined]
(shmuelamar)cbox/examples/subcommands.py:5: error: Module has no attribute "cmd"  [attr-defined]
(shmuelamar)cbox/examples/subcommands.py:14: error: Module has no attribute "cmd"  [attr-defined]
(shmuelamar)cbox/examples/subcommands.py:24: error: Module has no attribute "main"  [attr-defined]
(shmuelamar)cbox/examples/first.py:5: error: Module has no attribute "stream"  [attr-defined]
(shmuelamar)cbox/examples/first.py:11: error: Module has no attribute "main"  [attr-defined]
(shmuelamar)cbox/examples/hello.py:5: error: Module has no attribute "cmd"  [attr-defined]
(shmuelamar)cbox/examples/hello.py:15: error: Module has no attribute "main"  [attr-defined]
(shmuelamar)cbox/examples/extract-domains.py:7: error: Module has no attribute "stream"  [attr-defined]
(shmuelamar)cbox/examples/extract-domains.py:14: error: Module has no attribute "main"  [attr-defined]
(shmuelamar)cbox/setup.py:10: error: Need type annotation for 'REQUIREMENTS' (hint: "REQUIREMENTS: List[<type>] = ...")  [var-annotated]
(shmuelamar)cbox/tests/test_cbox.py:199: error: Module has no attribute "Stop"  [attr-defined]
(shmuelamar)cbox/tests/test_cbox.py:289: error: Module has no attribute "Stop"  [attr-defined]
(shmuelamar)cbox/examples/tcping.py:7: error: Module has no attribute "stream"  [attr-defined]
(shmuelamar)cbox/examples/tcping.py:23: error: Module has no attribute "main"  [attr-defined]
(shmuelamar)cbox/examples/url-status.py:6: error: Module has no attribute "stream"  [attr-defined]
(shmuelamar)cbox/examples/url-status.py:13: error: Module has no attribute "main"  [attr-defined]
Found 25 errors in 12 files (checked 21 source files)

[RRepo](jaywink)the-federation.info
(jaywink)the-federation.info/thefederation/stats.py:73: error: Missing return statement  [return]
Found 1 error in 1 file (checked 20 source files)

[RRepo](zsck)result_py
Success: no issues found in 2 source files

[RRepo](MU94W)TFCommon

[RRepo](stefanocasazza)FrameworkBenchmarks
(stefanocasazza)FrameworkBenchmarks/frameworks/Python/webware/app/Context/plaintext.py:7: error: inconsistent use of tabs and spaces in indentation  [syntax]
Found 1 error in 1 file (checked 61 source files)

[RRepo](lukemerrett)Workflowy-Automation
Success: no issues found in 1 source file

[RRepo](pauloalves86)go_dino
(pauloalves86)go_dino/dino_api.py:44: error: Argument 4 to "compute_speed" of "Board" has incompatible type "List[int]"; expected "List[float]"  [arg-type]
(pauloalves86)go_dino/dino_api.py:44: note: "List" is invariant -- see http://mypy.readthedocs.io/en/latest/common_issues.html#variance
(pauloalves86)go_dino/dino_api.py:44: note: Consider using "Sequence" instead, which is covariant
(pauloalves86)go_dino/dino_api.py:93: error: Syntax error in type annotation  [syntax]
(pauloalves86)go_dino/dino_api.py:93: note: Suggestion: Use Tuple[T1, ..., Tn] instead of (T1, ..., Tn)
Found 2 errors in 1 file (checked 4 source files)

[RRepo](tschijnmo)drudge
(tschijnmo)drudge/tests/bogoliubov_test.py:25: error: Need type annotation for 'orders' (hint: "orders: Dict[<type>, <type>] = ...")  [var-annotated]
(tschijnmo)drudge/tests/bogoliubov_test.py:28: error: Need type annotation for 'an_indices' (hint: "an_indices: List[<type>] = ...")  [var-annotated]
(tschijnmo)drudge/drudge/drs.py:23: error: Need type annotation for '__slots__' (hint: "__slots__: List[<type>] = ...")  [var-annotated]
(tschijnmo)drudge/drudge/drs.py:269: error: "expr" has no attribute "ctx"  [attr-defined]
(tschijnmo)drudge/drudge/genquad.py:146: error: Need type annotation for 'comm_terms' (hint: "comm_terms: List[<type>] = ...")  [var-annotated]
(tschijnmo)drudge/drudge/report.py:39: error: Need type annotation for '_sects' (hint: "_sects: List[<type>] = ...")  [var-annotated]
Found 6 errors in 4 files (checked 28 source files)

[RRepo](Rhilip)Pt-Autoseed
(Rhilip)Pt-Autoseed/utils/cookie.py:15: error: Need type annotation for 'cookie'  [var-annotated]

[RRepo](autokey)autokey
(autokey)autokey/lib/autokey/qtui/dialogs/about_autokey_dialog.py:24: error: Can use starred expression only as assignment target  [misc]
(autokey)autokey/lib/autokey/qtui/dialogs/about_autokey_dialog.py:24: error: Invalid base class  [misc]
(autokey)autokey/lib/autokey/qtui/dialogs/detectdialog.py:25: error: Can use starred expression only as assignment target  [misc]
(autokey)autokey/lib/autokey/qtui/dialogs/detectdialog.py:25: error: Invalid base class  [misc]
(autokey)autokey/lib/autokey/qtui/dialogs/windowfiltersettings.py:28: error: Can use starred expression only as assignment target  [misc]
(autokey)autokey/lib/autokey/qtui/dialogs/windowfiltersettings.py:28: error: Invalid base class  [misc]
(autokey)autokey/lib/autokey/qtui/autokey_treewidget.py:195: error: Missing return statement  [return]
(autokey)autokey/lib/autokey/qtui/settingswidget.py:26: error: Can use starred expression only as assignment target  [misc]
(autokey)autokey/lib/autokey/qtui/settingswidget.py:26: error: Invalid base class  [misc]
(autokey)autokey/lib/autokey/qtui/scriptpage.py:32: error: Can use starred expression only as assignment target  [misc]
(autokey)autokey/lib/autokey/qtui/scriptpage.py:32: error: Invalid base class  [misc]
(autokey)autokey/lib/autokey/qtui/phrasepage.py:30: error: Can use starred expression only as assignment target  [misc]
(autokey)autokey/lib/autokey/qtui/phrasepage.py:30: error: Invalid base class  [misc]
(autokey)autokey/lib/autokey/qtui/dialogs/hotkeysettings.py:32: error: Can use starred expression only as assignment target  [misc]
(autokey)autokey/lib/autokey/qtui/dialogs/hotkeysettings.py:32: error: Invalid base class  [misc]
(autokey)autokey/lib/autokey/qtui/dialogs/hotkeysettings.py:130: error: Name 'modifiers' already defined on line 127  [no-redef]
(autokey)autokey/lib/autokey/qtui/dialogs/hotkeysettings.py:135: error: Unsupported right operand type for in ("Optional[List[Any]]")  [operator]
(autokey)autokey/lib/autokey/qtui/dialogs/hotkeysettings.py:136: error: Unsupported right operand type for in ("Optional[List[Any]]")  [operator]
(autokey)autokey/lib/autokey/qtui/dialogs/hotkeysettings.py:137: error: Unsupported right operand type for in ("Optional[List[Any]]")  [operator]
(autokey)autokey/lib/autokey/qtui/dialogs/hotkeysettings.py:138: error: Unsupported right operand type for in ("Optional[List[Any]]")  [operator]
(autokey)autokey/lib/autokey/qtui/dialogs/hotkeysettings.py:139: error: Unsupported right operand type for in ("Optional[List[Any]]")  [operator]
(autokey)autokey/lib/autokey/qtui/dialogs/hotkeysettings.py:140: error: Unsupported right operand type for in ("Optional[List[Any]]")  [operator]
(autokey)autokey/lib/autokey/qtui/dialogs/abbrsettings.py:58: error: Can use starred expression only as assignment target  [misc]
(autokey)autokey/lib/autokey/qtui/dialogs/abbrsettings.py:58: error: Invalid base class  [misc]
(autokey)autokey/lib/autokey/qtui/dialogs/recorddialog.py:23: error: Can use starred expression only as assignment target  [misc]
(autokey)autokey/lib/autokey/qtui/dialogs/recorddialog.py:23: error: Invalid base class  [misc]
(autokey)autokey/lib/autokey/qtui/settings/general.py:30: error: Can use starred expression only as assignment target  [misc]
(autokey)autokey/lib/autokey/qtui/settings/general.py:30: error: Invalid base class  [misc]
(autokey)autokey/lib/autokey/qtui/settings/settingsdialog.py:31: error: Can use starred expression only as assignment target  [misc]
(autokey)autokey/lib/autokey/qtui/settings/settingsdialog.py:31: error: Invalid base class  [misc]
(autokey)autokey/lib/autokey/qtui/settings/engine.py:33: error: Can use starred expression only as assignment target  [misc]
(autokey)autokey/lib/autokey/qtui/settings/engine.py:33: error: Invalid base class  [misc]
(autokey)autokey/lib/autokey/qtui/settings/specialhotkeys.py:32: error: Can use starred expression only as assignment target  [misc]
(autokey)autokey/lib/autokey/qtui/settings/specialhotkeys.py:32: error: Invalid base class  [misc]
(autokey)autokey/lib/autokey/qtui/folderpage.py:36: error: Can use starred expression only as assignment target  [misc]
(autokey)autokey/lib/autokey/qtui/folderpage.py:36: error: Invalid base class  [misc]
(autokey)autokey/lib/autokey/iomediator/_iomediator.py:5: error: Relative import climbs too many namespaces  [misc]
(autokey)autokey/lib/autokey/iomediator/_iomediator.py:6: error: Relative import climbs too many namespaces  [misc]
(autokey)autokey/lib/autokey/iomediator/_iomediator.py:7: error: Relative import climbs too many namespaces  [misc]
(autokey)autokey/lib/autokey/iomediator/_iomediator.py:27: error: Need type annotation for 'listeners' (hint: "listeners: List[<type>] = ...")  [var-annotated]
(autokey)autokey/lib/autokey/macro.py:113: error: Need type annotation for 'ARGS' (hint: "ARGS: List[<type>] = ...")  [var-annotated]
(autokey)autokey/lib/autokey/scripting_highlevel.py:48: error: Incompatible return value type (got "List[int]", expected "int")  [return-value]
(autokey)autokey/lib/autokey/scripting_highlevel.py:61: error: Incompatible return value type (got "Tuple[Any, ...]", expected "int")  [return-value]
(autokey)autokey/lib/autokey/scripting_highlevel.py:81: error: Syntax error in type annotation  [syntax]
(autokey)autokey/lib/autokey/scripting_highlevel.py:81: note: Suggestion: Use Tuple[T1, ..., Tn] instead of (T1, ..., Tn)
(autokey)autokey/lib/autokey/scripting_highlevel.py:99: error: Syntax error in type annotation  [syntax]
(autokey)autokey/lib/autokey/scripting_highlevel.py:99: note: Suggestion: Use Tuple[T1, ..., Tn] instead of (T1, ..., Tn)
(autokey)autokey/lib/autokey/scripting_highlevel.py:108: error: No overload variant of "zip" matches argument types "int", "int"  [call-overload]
(autokey)autokey/lib/autokey/scripting_highlevel.py:108: note: Possible overload variant:
(autokey)autokey/lib/autokey/scripting_highlevel.py:108: note:     def [_T1, _T2] zip(Iterable[_T1], Iterable[_T2]) -> Iterator[Tuple[_T1, _T2]]
(autokey)autokey/lib/autokey/scripting_highlevel.py:108: note:     <5 more non-matching overloads not shown>
(autokey)autokey/lib/autokey/scripting_highlevel.py:110: error: No overload variant of "zip" matches argument types "Any", "int", "int"  [call-overload]
(autokey)autokey/lib/autokey/scripting_highlevel.py:110: note: Possible overload variant:
(autokey)autokey/lib/autokey/scripting_highlevel.py:110: note:     def [_T1, _T2, _T3] zip(Iterable[_T1], Iterable[_T2], Iterable[_T3]) -> Iterator[Tuple[_T1, _T2, _T3]]
(autokey)autokey/lib/autokey/scripting_highlevel.py:110: note:     <5 more non-matching overloads not shown>
(autokey)autokey/setup.py:54: error: Item "None" of "Optional[Match[str]]" has no attribute "group"  [union-attr]
(autokey)autokey/test/interfacetest.py:4: error: Module 'lib' has no attribute 'interface'  [attr-defined]
Found 49 errors in 20 files (checked 34 source files)

[RRepo](grycap)scar
(grycap)scar/test/functional/aws.py: error: Duplicate module named 'aws' (also at '/home/bew/archive/typed_project/(grycap)scar/scar/providers/aws/__init__.py')  [misc]
(grycap)scar/test/functional/aws.py: error: Are you missing an __init__.py?  [misc]
Found 2 errors in 1 file (checked 25 source files)

[RRepo](lucasoldaini)python3-utils
(lucasoldaini)python3-utils/mxnet_utils.py:25: error: Item "None" of "Optional[Match[str]]" has no attribute "group"  [union-attr]
(lucasoldaini)python3-utils/mp_utils.py:59: error: Item "List[Any]" of "Union[List[Any], Dict[Any, Any]]" has no attribute "update"  [union-attr]
(lucasoldaini)python3-utils/mp_utils.py:61: error: Item "Dict[Any, Any]" of "Union[List[Any], Dict[Any, Any]]" has no attribute "extend"  [union-attr]
Found 3 errors in 2 files (checked 18 source files)

[RRepo](jfear)sramongo
(jfear)sramongo/sramongo/parsers_bioproject_xml.py:22: error: The return type of a generator function should be "Generator" or one of its supertypes  [misc]
(jfear)sramongo/sramongo/parsers_bioproject_xml.py:25: error: Item "None" of "Optional[Element]" has no attribute "attrib"  [union-attr]
(jfear)sramongo/sramongo/parsers_bioproject_xml.py:30: error: The return type of a generator function should be "Generator" or one of its supertypes  [misc]
(jfear)sramongo/sramongo/parsers_biosample_xml.py:62: error: The return type of a generator function should be "Generator" or one of its supertypes  [misc]
(jfear)sramongo/sramongo/parsers_biosample_xml.py:70: error: The return type of a generator function should be "Generator" or one of its supertypes  [misc]
(jfear)sramongo/sramongo/parsers_pubmed_xml.py:80: error: The return type of a generator function should be "Generator" or one of its supertypes  [misc]
(jfear)sramongo/sramongo/parsers_pubmed_xml.py:83: error: Item "None" of "Optional[Element]" has no attribute "text"  [union-attr]
(jfear)sramongo/sramongo/parsers_pubmed_xml.py:88: error: The return type of a generator function should be "Generator" or one of its supertypes  [misc]
(jfear)sramongo/sramongo/parsers_sra_xml.py:161: error: The return type of a generator function should be "Generator" or one of its supertypes  [misc]
(jfear)sramongo/sramongo/parsers_sra_xml.py:164: error: Item "None" of "Optional[Element]" has no attribute "attrib"  [union-attr]
(jfear)sramongo/sramongo/parsers_sra_xml.py:169: error: The return type of a generator function should be "Generator" or one of its supertypes  [misc]
(jfear)sramongo/sramongo/services/entrez.py:74: error: Return value expected  [return-value]
(jfear)sramongo/sramongo/services/entrez.py:115: error: Item "None" of "Optional[Response]" has no attribute "text"  [union-attr]
(jfear)sramongo/sramongo/services/entrez.py:162: error: Return value expected  [return-value]
(jfear)sramongo/sramongo/services/entrez.py:174: error: The return type of a generator function should be "Generator" or one of its supertypes  [misc]
(jfear)sramongo/sramongo/services/entrez.py:219: error: Item "None" of "Optional[List[Response]]" has no attribute "__iter__" (not iterable)  [union-attr]
(jfear)sramongo/sramongo/services/entrez.py:223: error: The return type of a generator function should be "Generator" or one of its supertypes  [misc]
(jfear)sramongo/sramongo/services/entrez.py:274: error: Item "None" of "Optional[List[Response]]" has no attribute "__iter__" (not iterable)  [union-attr]
(jfear)sramongo/sramongo/services/entrez.py:331: error: Item "None" of "Optional[Element]" has no attribute "text"  [union-attr]
(jfear)sramongo/sramongo/services/entrez.py:332: error: Item "None" of "Optional[Element]" has no attribute "text"  [union-attr]
(jfear)sramongo/sramongo/services/entrez.py:358: error: The return type of a generator function should be "Generator" or one of its supertypes  [misc]
(jfear)sramongo/sramongo/services/entrez.py:417: error: Missing return statement  [return]
Found 22 errors in 5 files (checked 16 source files)

[RRepo](jdunkerley)AlteryxAddIns
(jdunkerley)AlteryxAddIns/OmniBus.GroupedRecordID/OmniBus.GroupedRecordID.py:50: error: Item "None" of "Optional[Element]" has no attribute "text"  [union-attr]
(jdunkerley)AlteryxAddIns/OmniBus.GroupedRecordID/OmniBus.GroupedRecordID.py:50: error: Incompatible types in assignment (expression has type "Union[str, None, Any]", variable has type "None")  [assignment]
(jdunkerley)AlteryxAddIns/OmniBus.GroupedRecordID/OmniBus.GroupedRecordID.py:56: error: Item "None" of "Optional[Element]" has no attribute "text"  [union-attr]
(jdunkerley)AlteryxAddIns/OmniBus.GroupedRecordID/OmniBus.GroupedRecordID.py:56: error: Incompatible types in assignment (expression has type "Union[str, None, Any]", variable has type "bool")  [assignment]
(jdunkerley)AlteryxAddIns/OmniBus.GroupedRecordID/OmniBus.GroupedRecordID.py:59: error: Item "None" of "Optional[Element]" has no attribute "text"  [union-attr]
(jdunkerley)AlteryxAddIns/OmniBus.GroupedRecordID/OmniBus.GroupedRecordID.py:70: error: Incompatible types in assignment (expression has type "int", variable has type "None")  [assignment]
(jdunkerley)AlteryxAddIns/OmniBus.GroupedRecordID/OmniBus.GroupedRecordID.py:70: error: Item "None" of "Optional[Element]" has no attribute "text"  [union-attr]
(jdunkerley)AlteryxAddIns/OmniBus.GroupedRecordID/OmniBus.GroupedRecordID.py:70: error: Argument 1 to "int" has incompatible type "Union[str, None, Any]"; expected "Union[str, bytes, SupportsInt, _SupportsIndex]"  [arg-type]
(jdunkerley)AlteryxAddIns/OmniBus.GroupedRecordID/OmniBus.GroupedRecordID.py:73: error: Incompatible types in assignment (expression has type "int", variable has type "None")  [assignment]
(jdunkerley)AlteryxAddIns/OmniBus.GroupedRecordID/OmniBus.GroupedRecordID.py:73: error: Item "None" of "Optional[Element]" has no attribute "text"  [union-attr]
(jdunkerley)AlteryxAddIns/OmniBus.GroupedRecordID/OmniBus.GroupedRecordID.py:73: error: Argument 1 to "int" has incompatible type "Union[str, None, Any]"; expected "Union[str, bytes, SupportsInt, _SupportsIndex]"  [arg-type]
(jdunkerley)AlteryxAddIns/OmniBus.GroupedRecordID/OmniBus.GroupedRecordID.py:76: error: Incompatible types in assignment (expression has type "int", variable has type "None")  [assignment]
(jdunkerley)AlteryxAddIns/OmniBus.GroupedRecordID/OmniBus.GroupedRecordID.py:76: error: Item "None" of "Optional[Element]" has no attribute "text"  [union-attr]
(jdunkerley)AlteryxAddIns/OmniBus.GroupedRecordID/OmniBus.GroupedRecordID.py:76: error: Argument 1 to "int" has incompatible type "Union[str, None, Any]"; expected "Union[str, bytes, SupportsInt, _SupportsIndex]"  [arg-type]
(jdunkerley)AlteryxAddIns/OmniBus.GroupedRecordID/OmniBus.GroupedRecordID.py:79: error: Incompatible types in assignment (expression has type "int", variable has type "None")  [assignment]
(jdunkerley)AlteryxAddIns/OmniBus.GroupedRecordID/OmniBus.GroupedRecordID.py:79: error: Item "None" of "Optional[Element]" has no attribute "text"  [union-attr]
(jdunkerley)AlteryxAddIns/OmniBus.GroupedRecordID/OmniBus.GroupedRecordID.py:79: error: Argument 1 to "int" has incompatible type "Union[str, None, Any]"; expected "Union[str, bytes, SupportsInt, _SupportsIndex]"  [arg-type]
(jdunkerley)AlteryxAddIns/OmniBus.GroupedRecordID/OmniBus.GroupedRecordID.py:84: error: Incompatible types in assignment (expression has type "int", variable has type "None")  [assignment]
(jdunkerley)AlteryxAddIns/OmniBus.GroupedRecordID/OmniBus.GroupedRecordID.py:84: error: Item "None" of "Optional[Element]" has no attribute "text"  [union-attr]
(jdunkerley)AlteryxAddIns/OmniBus.GroupedRecordID/OmniBus.GroupedRecordID.py:84: error: Argument 1 to "int" has incompatible type "Union[str, None, Any]"; expected "Union[str, bytes, SupportsInt, _SupportsIndex]"  [arg-type]
(jdunkerley)AlteryxAddIns/OmniBus.GroupedRecordID/OmniBus.GroupedRecordID.py:85: error: Unsupported operand types for - ("None" and "int")  [operator]
(jdunkerley)AlteryxAddIns/OmniBus.GroupedRecordID/OmniBus.GroupedRecordID.py:85: error: Incompatible types in assignment (expression has type "int", variable has type "None")  [assignment]
(jdunkerley)AlteryxAddIns/OmniBus.GroupedRecordID/OmniBus.GroupedRecordID.py:88: error: Item "None" of "Optional[Element]" has no attribute "text"  [union-attr]
(jdunkerley)AlteryxAddIns/OmniBus.GroupedRecordID/OmniBus.GroupedRecordID.py:88: error: Item "None" of "Union[str, None, Any]" has no attribute "split"  [union-attr]
(jdunkerley)AlteryxAddIns/OmniBus.GroupedRecordID/OmniBus.GroupedRecordID.py:88: error: Incompatible types in assignment (expression has type "Union[List[str], Any]", variable has type "None")  [assignment]
(jdunkerley)AlteryxAddIns/OmniBus.GroupedRecordID/OmniBus.GroupedRecordID.py:89: error: Item "None" of "Optional[Element]" has no attribute "text"  [union-attr]
(jdunkerley)AlteryxAddIns/OmniBus.GroupedRecordID/OmniBus.GroupedRecordID.py:89: error: Item "None" of "Union[str, None, Any]" has no attribute "split"  [union-attr]
(jdunkerley)AlteryxAddIns/OmniBus.GroupedRecordID/OmniBus.GroupedRecordID.py:90: error: Item "None" of "Optional[Element]" has no attribute "text"  [union-attr]
(jdunkerley)AlteryxAddIns/OmniBus.GroupedRecordID/OmniBus.GroupedRecordID.py:90: error: Item "None" of "Union[str, None, Any]" has no attribute "split"  [union-attr]
(jdunkerley)AlteryxAddIns/OmniBus.GroupedRecordID/OmniBus.GroupedRecordID.py:91: error: Incompatible types in assignment (expression has type "str", variable has type "None")  [assignment]
(jdunkerley)AlteryxAddIns/OmniBus.GroupedRecordID/OmniBus.GroupedRecordID.py:92: error: "None" has no attribute "__iter__" (not iterable)  [attr-defined]
(jdunkerley)AlteryxAddIns/OmniBus.GroupedRecordID/OmniBus.GroupedRecordID.py:96: error: Unsupported right operand type for in ("None")  [operator]
(jdunkerley)AlteryxAddIns/OmniBus.GroupedRecordID/OmniBus.GroupedRecordID.py:98: error: Incompatible types in assignment (expression has type "str", variable has type "None")  [assignment]
(jdunkerley)AlteryxAddIns/OmniBus.GroupedRecordID/OmniBus.GroupedRecordID.py:98: error: Unsupported operand types for + ("str" and "None")  [operator]
(jdunkerley)AlteryxAddIns/OmniBus.GroupedRecordID/OmniBus.GroupedRecordID.py:99: error: "object" has no attribute "output_message"  [attr-defined]
(jdunkerley)AlteryxAddIns/OmniBus.GroupedRecordID/OmniBus.GroupedRecordID.py:102: error: "object" has no attribute "get_output_anchor"  [attr-defined]
(jdunkerley)AlteryxAddIns/OmniBus.GroupedRecordID/OmniBus.GroupedRecordID.py:112: error: "object" has no attribute "pre_sort"  [attr-defined]
(jdunkerley)AlteryxAddIns/OmniBus.GroupedRecordID/OmniBus.GroupedRecordID.py:113: error: Incompatible types in assignment (expression has type "IncomingInterface", variable has type "None")  [assignment]
(jdunkerley)AlteryxAddIns/OmniBus.GroupedRecordID/OmniBus.GroupedRecordID.py:138: error: "None" has no attribute "assert_close"  [attr-defined]
(jdunkerley)AlteryxAddIns/OmniBus.GroupedRecordID/OmniBus.GroupedRecordID.py:175: error: "object" has no attribute "is_initialized"  [attr-defined]
(jdunkerley)AlteryxAddIns/OmniBus.GroupedRecordID/OmniBus.GroupedRecordID.py:179: error: "object" has no attribute "clone"  [attr-defined]
(jdunkerley)AlteryxAddIns/OmniBus.GroupedRecordID/OmniBus.GroupedRecordID.py:180: error: "object" has no attribute "output_field_size"  [attr-defined]
(jdunkerley)AlteryxAddIns/OmniBus.GroupedRecordID/OmniBus.GroupedRecordID.py:181: error: "object" has no attribute "output_field"  [attr-defined]
(jdunkerley)AlteryxAddIns/OmniBus.GroupedRecordID/OmniBus.GroupedRecordID.py:181: error: "object" has no attribute "output_field_name"  [attr-defined]
(jdunkerley)AlteryxAddIns/OmniBus.GroupedRecordID/OmniBus.GroupedRecordID.py:181: error: "object" has no attribute "output_field_type"  [attr-defined]
(jdunkerley)AlteryxAddIns/OmniBus.GroupedRecordID/OmniBus.GroupedRecordID.py:181: error: "object" has no attribute "output_field_size"  [attr-defined]
(jdunkerley)AlteryxAddIns/OmniBus.GroupedRecordID/OmniBus.GroupedRecordID.py:183: error: "object" has no attribute "output_field"  [attr-defined]
(jdunkerley)AlteryxAddIns/OmniBus.GroupedRecordID/OmniBus.GroupedRecordID.py:183: error: "object" has no attribute "output_field_name"  [attr-defined]
(jdunkerley)AlteryxAddIns/OmniBus.GroupedRecordID/OmniBus.GroupedRecordID.py:183: error: "object" has no attribute "output_field_type"  [attr-defined]
(jdunkerley)AlteryxAddIns/OmniBus.GroupedRecordID/OmniBus.GroupedRecordID.py:184: error: "object" has no attribute "output_anchor"  [attr-defined]
(jdunkerley)AlteryxAddIns/OmniBus.GroupedRecordID/OmniBus.GroupedRecordID.py:191: error: "object" has no attribute "num_fields"  [attr-defined]
(jdunkerley)AlteryxAddIns/OmniBus.GroupedRecordID/OmniBus.GroupedRecordID.py:192: error: "None" has no attribute "add"  [attr-defined]
(jdunkerley)AlteryxAddIns/OmniBus.GroupedRecordID/OmniBus.GroupedRecordID.py:193: error: "None" has no attribute "done_adding"  [attr-defined]
(jdunkerley)AlteryxAddIns/OmniBus.GroupedRecordID/OmniBus.GroupedRecordID.py:196: error: "object" has no attribute "grouping_fields_objects"  [attr-defined]
(jdunkerley)AlteryxAddIns/OmniBus.GroupedRecordID/OmniBus.GroupedRecordID.py:197: error: "object" has no attribute "grouping_fields"  [attr-defined]
(jdunkerley)AlteryxAddIns/OmniBus.GroupedRecordID/OmniBus.GroupedRecordID.py:199: error: "object" has no attribute "get_field_by_name"  [attr-defined]
(jdunkerley)AlteryxAddIns/OmniBus.GroupedRecordID/OmniBus.GroupedRecordID.py:200: error: "object" has no attribute "grouping_fields_objects"  [attr-defined]
(jdunkerley)AlteryxAddIns/OmniBus.GroupedRecordID/OmniBus.GroupedRecordID.py:200: error: "object" has no attribute "get_field_by_name"  [attr-defined]
(jdunkerley)AlteryxAddIns/OmniBus.GroupedRecordID/OmniBus.GroupedRecordID.py:202: error: "IncomingInterface" has no attribute "alteryx_engine"  [attr-defined]
(jdunkerley)AlteryxAddIns/OmniBus.GroupedRecordID/OmniBus.GroupedRecordID.py:202: error: "IncomingInterface" has no attribute "n_tool_id"  [attr-defined]
(jdunkerley)AlteryxAddIns/OmniBus.GroupedRecordID/OmniBus.GroupedRecordID.py:214: error: "object" has no attribute "is_initialized"  [attr-defined]
(jdunkerley)AlteryxAddIns/OmniBus.GroupedRecordID/OmniBus.GroupedRecordID.py:218: error: "None" has no attribute "reset"  [attr-defined]
(jdunkerley)AlteryxAddIns/OmniBus.GroupedRecordID/OmniBus.GroupedRecordID.py:219: error: "None" has no attribute "copy"  [attr-defined]
(jdunkerley)AlteryxAddIns/OmniBus.GroupedRecordID/OmniBus.GroupedRecordID.py:222: error: "object" has no attribute "grouping_fields_objects"  [attr-defined]
(jdunkerley)AlteryxAddIns/OmniBus.GroupedRecordID/OmniBus.GroupedRecordID.py:224: error: "object" has no attribute "grouping_fields_objects"  [attr-defined]
(jdunkerley)AlteryxAddIns/OmniBus.GroupedRecordID/OmniBus.GroupedRecordID.py:231: error: "object" has no attribute "current_group"  [attr-defined]
(jdunkerley)AlteryxAddIns/OmniBus.GroupedRecordID/OmniBus.GroupedRecordID.py:232: error: "object" has no attribute "current_value"  [attr-defined]
(jdunkerley)AlteryxAddIns/OmniBus.GroupedRecordID/OmniBus.GroupedRecordID.py:234: error: "object" has no attribute "current_value"  [attr-defined]
(jdunkerley)AlteryxAddIns/OmniBus.GroupedRecordID/OmniBus.GroupedRecordID.py:234: error: "object" has no attribute "starting_value"  [attr-defined]
(jdunkerley)AlteryxAddIns/OmniBus.GroupedRecordID/OmniBus.GroupedRecordID.py:235: error: "object" has no attribute "current_group"  [attr-defined]
(jdunkerley)AlteryxAddIns/OmniBus.GroupedRecordID/OmniBus.GroupedRecordID.py:237: error: "object" has no attribute "current_value"  [attr-defined]
(jdunkerley)AlteryxAddIns/OmniBus.GroupedRecordID/OmniBus.GroupedRecordID.py:240: error: "object" has no attribute "output_field_type"  [attr-defined]
(jdunkerley)AlteryxAddIns/OmniBus.GroupedRecordID/OmniBus.GroupedRecordID.py:241: error: "object" has no attribute "output_field"  [attr-defined]
(jdunkerley)AlteryxAddIns/OmniBus.GroupedRecordID/OmniBus.GroupedRecordID.py:241: error: "object" has no attribute "current_value"  [attr-defined]
(jdunkerley)AlteryxAddIns/OmniBus.GroupedRecordID/OmniBus.GroupedRecordID.py:241: error: "object" has no attribute "output_field_size"  [attr-defined]
(jdunkerley)AlteryxAddIns/OmniBus.GroupedRecordID/OmniBus.GroupedRecordID.py:243: error: "object" has no attribute "output_field"  [attr-defined]
(jdunkerley)AlteryxAddIns/OmniBus.GroupedRecordID/OmniBus.GroupedRecordID.py:243: error: "object" has no attribute "current_value"  [attr-defined]
(jdunkerley)AlteryxAddIns/OmniBus.GroupedRecordID/OmniBus.GroupedRecordID.py:245: error: "None" has no attribute "finalize_record"  [attr-defined]
(jdunkerley)AlteryxAddIns/OmniBus.GroupedRecordID/OmniBus.GroupedRecordID.py:248: error: "object" has no attribute "output_anchor"  [attr-defined]
(jdunkerley)AlteryxAddIns/OmniBus.GroupedRecordID/OmniBus.GroupedRecordID.py:258: error: "object" has no attribute "alteryx_engine"  [attr-defined]
(jdunkerley)AlteryxAddIns/OmniBus.GroupedRecordID/OmniBus.GroupedRecordID.py:258: error: "object" has no attribute "n_tool_id"  [attr-defined]
(jdunkerley)AlteryxAddIns/OmniBus.GroupedRecordID/OmniBus.GroupedRecordID.py:259: error: "object" has no attribute "output_anchor"  [attr-defined]
Found 82 errors in 1 file (checked 1 source file)

[RRepo](KawashiroNitori)Anubis
(KawashiroNitori)Anubis/anubis/db.py:20: error: Need type annotation for '_instances' (hint: "_instances: Dict[<type>, <type>] = ...")  [var-annotated]
(KawashiroNitori)Anubis/anubis/db.py:29: error: Need type annotation for '_instances' (hint: "_instances: Dict[<type>, <type>] = ...")  [var-annotated]
(KawashiroNitori)Anubis/anubis/service/smallcache.py:12: error: Need type annotation for '_cache'  [var-annotated]
(KawashiroNitori)Anubis/anubis/model/user.py:158: error: Name 'set_mail' already defined on line 140  [no-redef]
(KawashiroNitori)Anubis/anubis/model/user.py:164: error: Name 'change_password' already defined on line 146  [no-redef]
(KawashiroNitori)Anubis/anubis/model/contest.py:105: error: Invalid type comment or annotation  [valid-type]
(KawashiroNitori)Anubis/anubis/model/contest.py:106: error: Invalid type comment or annotation  [valid-type]
(KawashiroNitori)Anubis/anubis/model/adaptor/setting.py:64: error: "Tuple[Any, ...]" has no attribute "key"  [attr-defined]
(KawashiroNitori)Anubis/anubis/util/json.py:8: error: Name 'json.JSONEncoder' is not defined  [name-defined]
(KawashiroNitori)Anubis/anubis/util/json.py:23: error: Name 'json.JSONDecoder' is not defined  [name-defined]
(KawashiroNitori)Anubis/anubis/util/geoip.py:9: error: Incompatible types in assignment (expression has type "None", variable has type "Reader")  [assignment]
(KawashiroNitori)Anubis/anubis/util/cipher.py:50: error: "str" has no attribute "decrypt"  [attr-defined]
(KawashiroNitori)Anubis/anubis/util/cipher.py:56: error: Incompatible types in assignment (expression has type "str", variable has type "bytes")  [assignment]
(KawashiroNitori)Anubis/anubis/util/cipher.py:70: error: Module has no attribute "loads"  [attr-defined]
(KawashiroNitori)Anubis/anubis/handler/home.py:117: error: Name 'HomeAccountHandler' already defined on line 102  [no-redef]
(KawashiroNitori)Anubis/anubis/model/campaign.py:21: error: Invalid type comment or annotation  [valid-type]
(KawashiroNitori)Anubis/anubis/model/campaign.py:22: error: Invalid type comment or annotation  [valid-type]
(KawashiroNitori)Anubis/anubis/service/bus.py:11: error: Need type annotation for '_subscribers' (hint: "_subscribers: Dict[<type>, <type>] = ...")  [var-annotated]
(KawashiroNitori)Anubis/anubis/mq.py:14: error: Need type annotation for '_channel_futures' (hint: "_channel_futures: Dict[<type>, <type>] = ...")  [var-annotated]
Found 19 errors in 12 files (checked 47 source files)

[RRepo](snapcore)snapcraft
(snapcore)snapcraft/snapcraft/cli/inspect.py:26: error: No parent module -- cannot perform relative import  [misc]
Found 1 error in 1 file (checked 276 source files)

[RRepo](pckv)pcbot
(pckv)pcbot/plugins/prank.py:19: error: Need type annotation for '__commands' (hint: "__commands: List[<type>] = ...")  [var-annotated]
(pckv)pcbot/plugins/brainfuck.py:94: error: Need type annotation for 'loops' (hint: "loops: List[<type>] = ...")  [var-annotated]
(pckv)pcbot/plugins/brainfuck.py:192: error: Function "brainfuck.snippet_name" is not valid as a type  [valid-type]
(pckv)pcbot/plugins/brainfuck.py:192: note: Perhaps you need "Callable[...]" or a callback protocol?
(pckv)pcbot/plugins/brainfuck.py:201: error: Function "brainfuck.snippet_name" is not valid as a type  [valid-type]
(pckv)pcbot/plugins/brainfuck.py:201: note: Perhaps you need "Callable[...]" or a callback protocol?
(pckv)pcbot/plugins/brainfuck.py:212: error: Function "brainfuck.snippet_name" is not valid as a type  [valid-type]
(pckv)pcbot/plugins/brainfuck.py:212: note: Perhaps you need "Callable[...]" or a callback protocol?
(pckv)pcbot/plugins/brainfuck.py:224: error: Function "brainfuck.snippet_name" is not valid as a type  [valid-type]
(pckv)pcbot/plugins/brainfuck.py:224: note: Perhaps you need "Callable[...]" or a callback protocol?
(pckv)pcbot/plugins/brainfuck.py:248: error: Function "brainfuck.snippet_name" is not valid as a type  [valid-type]
(pckv)pcbot/plugins/brainfuck.py:248: note: Perhaps you need "Callable[...]" or a callback protocol?
(pckv)pcbot/plugins/osulib/api.py:241: error: Incompatible types in assignment (expression has type "float", variable has type "int")  [assignment]
(pckv)pcbot/plugins/osulib/api.py:244: error: Value of type "Optional[Any]" is not indexable  [index]
(pckv)pcbot/plugins/osulib/args.py:61: error: Need type annotation for 'mod_list' (hint: "mod_list: List[<type>] = ...")  [var-annotated]
(pckv)pcbot/plugins/pokedexlib/create_lib.py:8: error: Need type annotation for 'pokedex'  [var-annotated]
(pckv)pcbot/plugins/pokedexlib/create_lib.py:17: error: "Collection[Any]" has no attribute "items"  [attr-defined]
(pckv)pcbot/plugins/pokedexlib/create_lib.py:26: error: "Collection[Any]" has no attribute "items"  [attr-defined]
(pckv)pcbot/plugins/emoji.py:38: error: Need type annotation for 'emote_cache' (hint: "emote_cache: Dict[<type>, <type>] = ...")  [var-annotated]
(pckv)pcbot/plugins/emoji.py:158: error: Incompatible types in assignment (expression has type "float", variable has type "int")  [assignment]
(pckv)pcbot/plugins/emoji.py:224: error: Need type annotation for 'g_transform_tags' (hint: "g_transform_tags: List[<type>] = ...")  [var-annotated]
(pckv)pcbot/plugins/emoji.py:228: error: Need type annotation for 'replies' (hint: "replies: List[<type>] = ...")  [var-annotated]
(pckv)pcbot/plugins/image.py:188: error: Incompatible types in assignment (expression has type "int", variable has type "str")  [assignment]
(pckv)pcbot/plugins/image.py:189: error: Incompatible types in assignment (expression has type "int", variable has type "str")  [assignment]
(pckv)pcbot/plugins/image.py:194: error: Unsupported operand types for <= ("int" and "str")  [operator]
(pckv)pcbot/plugins/image.py:194: error: Unsupported operand types for <= ("str" and "int")  [operator]
(pckv)pcbot/plugins/image.py:223: error: Argument 1 to "BytesIO" has incompatible type "None"; expected "bytes"  [arg-type]
(pckv)pcbot/plugins/image.py:234: error: Function "image.image" is not valid as a type  [valid-type]
(pckv)pcbot/plugins/image.py:234: note: Perhaps you need "Callable[...]" or a callback protocol?
(pckv)pcbot/plugins/image.py:234: error: Function "image.parse_resolution" is not valid as a type  [valid-type]
(pckv)pcbot/plugins/image.py:235: error: Function "builtins.str.lower" is not valid as a type  [valid-type]
(pckv)pcbot/plugins/image.py:235: note: Perhaps you need "Callable[...]" or a callback protocol?
(pckv)pcbot/plugins/image.py:239: error: image? has no attribute "set_extension"  [attr-defined]
(pckv)pcbot/plugins/image.py:242: error: Value of type parse_resolution? is not indexable  [index]
(pckv)pcbot/plugins/image.py:243: error: image? has no attribute "object"  [attr-defined]
(pckv)pcbot/plugins/image.py:244: error: Value of type parse_resolution? is not indexable  [index]
(pckv)pcbot/plugins/image.py:249: error: image? has no attribute "modify"  [attr-defined]
(pckv)pcbot/plugins/image.py:254: error: Function "builtins.str.lower" is not valid as a type  [valid-type]
(pckv)pcbot/plugins/image.py:254: note: Perhaps you need "Callable[...]" or a callback protocol?
(pckv)pcbot/plugins/image.py:254: error: Function "image.image" is not valid as a type  [valid-type]
(pckv)pcbot/plugins/image.py:257: error: image? has no attribute "set_extension"  [attr-defined]
(pckv)pcbot/plugins/image.py:260: error: image? has no attribute "modify"  [attr-defined]
(pckv)pcbot/plugins/image.py:266: error: Function "builtins.str.lower" is not valid as a type  [valid-type]
(pckv)pcbot/plugins/image.py:266: note: Perhaps you need "Callable[...]" or a callback protocol?
(pckv)pcbot/plugins/image.py:266: error: Function "image.image" is not valid as a type  [valid-type]
(pckv)pcbot/plugins/image.py:268: error: image? has no attribute "set_extension"  [attr-defined]
(pckv)pcbot/plugins/image.py:273: error: Function "image.image" is not valid as a type  [valid-type]
(pckv)pcbot/plugins/image.py:273: note: Perhaps you need "Callable[...]" or a callback protocol?
(pckv)pcbot/plugins/image.py:273: error: Invalid type comment or annotation  [valid-type]
(pckv)pcbot/plugins/image.py:273: note: Suggestion: use utils.choice[...] instead of utils.choice(...)
(pckv)pcbot/plugins/image.py:274: error: Invalid type comment or annotation  [valid-type]
(pckv)pcbot/plugins/image.py:274: note: Suggestion: use utils.int_range[...] instead of utils.int_range(...)
(pckv)pcbot/plugins/image.py:278: error: image? has no attribute "gif"  [attr-defined]
(pckv)pcbot/plugins/image.py:279: error: image? has no attribute "set_extension"  [attr-defined]
(pckv)pcbot/plugins/image.py:283: error: image? has no attribute "object"  [attr-defined]
(pckv)pcbot/plugins/image.py:284: error: image? has no attribute "modify"  [attr-defined]
(pckv)pcbot/plugins/image.py:290: error: Function "image.image" is not valid as a type  [valid-type]
(pckv)pcbot/plugins/image.py:290: note: Perhaps you need "Callable[...]" or a callback protocol?
(pckv)pcbot/plugins/image.py:292: error: image? has no attribute "set_extension"  [attr-defined]
(pckv)pcbot/plugins/image.py:295: error: image? has no attribute "gif"  [attr-defined]
(pckv)pcbot/plugins/image.py:298: error: image? has no attribute "modify"  [attr-defined]
(pckv)pcbot/plugins/image.py:303: error: Function "builtins.str.lower" is not valid as a type  [valid-type]
(pckv)pcbot/plugins/image.py:303: note: Perhaps you need "Callable[...]" or a callback protocol?
(pckv)pcbot/plugins/image.py:303: error: Function "image.image" is not valid as a type  [valid-type]
(pckv)pcbot/plugins/image.py:306: error: image? has no attribute "set_extension"  [attr-defined]
(pckv)pcbot/plugins/image.py:309: error: image? has no attribute "modify"  [attr-defined]
(pckv)pcbot/plugins/image.py:317: error: Function "builtins.str.lower" is not valid as a type  [valid-type]
(pckv)pcbot/plugins/image.py:317: note: Perhaps you need "Callable[...]" or a callback protocol?
(pckv)pcbot/plugins/image.py:317: error: Function "image.image" is not valid as a type  [valid-type]
(pckv)pcbot/plugins/image.py:320: error: image? has no attribute "set_extension"  [attr-defined]
(pckv)pcbot/plugins/image.py:323: error: image? has no attribute "modify"  [attr-defined]
(pckv)pcbot/plugins/wyr.py:16: error: Need type annotation for 'sessions' (hint: "sessions: Set[<type>] = ...")  [var-annotated]
(pckv)pcbot/plugins/wyr.py:30: error: Function "wyr.options" is not valid as a type  [valid-type]
(pckv)pcbot/plugins/wyr.py:30: note: Perhaps you need "Callable[...]" or a callback protocol?
(pckv)pcbot/plugins/wyr.py:46: error: Need type annotation for 'replied' (hint: "replied: List[<type>] = ...")  [var-annotated]
(pckv)pcbot/plugins/wyr.py:88: error: Function "wyr.options" is not valid as a type  [valid-type]
(pckv)pcbot/plugins/wyr.py:88: note: Perhaps you need "Callable[...]" or a callback protocol?
(pckv)pcbot/plugins/wyr.py:91: error: Value of type options? is not indexable  [index]
(pckv)pcbot/plugins/time.py:79: error: Function "time.tz_arg" is not valid as a type  [valid-type]
(pckv)pcbot/plugins/time.py:79: note: Perhaps you need "Callable[...]" or a callback protocol?
(pckv)pcbot/plugins/time.py:121: error: Function "time.tag_arg" is not valid as a type  [valid-type]
(pckv)pcbot/plugins/time.py:121: note: Perhaps you need "Callable[...]" or a callback protocol?
(pckv)pcbot/plugins/time.py:121: error: Function "time.tz_arg" is not valid as a type  [valid-type]
(pckv)pcbot/plugins/games.py:21: error: Need type annotation for 'started' (hint: "started: List[<type>] = ...")  [var-annotated]
(pckv)pcbot/plugins/games.py:34: error: Need type annotation for 'participants' (hint: "participants: List[<type>] = ...")  [var-annotated]
(pckv)pcbot/plugins/games.py:102: error: Need type annotation for 'bullets' (hint: "bullets: List[<type>] = ...")  [var-annotated]
(pckv)pcbot/plugins/alias.py:26: error: Function "builtins.str.lower" is not valid as a type  [valid-type]
(pckv)pcbot/plugins/alias.py:26: note: Perhaps you need "Callable[...]" or a callback protocol?
(pckv)pcbot/plugins/alias.py:73: error: Not all arguments converted during string formatting  [str-format]
(pckv)pcbot/plugins/web.py:55: error: Invalid index type "Tuple[str, str]" for "Dict[str, Any]"; expected type "str"  [index]
(pckv)pcbot/plugins/web.py:70: error: Invalid index type "Tuple[str, str]" for "Dict[str, Any]"; expected type "str"  [index]
(pckv)pcbot/plugins/web.py:71: error: Invalid index type "Tuple[str, str]" for "Dict[str, Any]"; expected type "str"  [index]
(pckv)pcbot/plugins/web.py:77: error: Function "builtins.str.upper" is not valid as a type  [valid-type]
(pckv)pcbot/plugins/web.py:77: note: Perhaps you need "Callable[...]" or a callback protocol?
(pckv)pcbot/plugins/web.py:84: error: Value of type str.upper? is not indexable  [index]
(pckv)pcbot/plugins/web.py:85: error: Assignment to variable 'e' outside except: block  [misc]
(pckv)pcbot/plugins/basic.py:23: error: Invalid type comment or annotation  [valid-type]
(pckv)pcbot/plugins/basic.py:23: note: Suggestion: use utils.int_range[...] instead of utils.int_range(...)
(pckv)pcbot/plugins/basic.py:39: error: Incompatible types in assignment (expression has type "str", variable has type "int")  [assignment]
(pckv)pcbot/plugins/basic.py:41: error: Incompatible types in assignment (expression has type "str", variable has type "int")  [assignment]
(pckv)pcbot/plugins/basic.py:56: error: Function "basic.dice_roll" is not valid as a type  [valid-type]
(pckv)pcbot/plugins/basic.py:56: note: Perhaps you need "Callable[...]" or a callback protocol?
(pckv)pcbot/plugins/basic.py:59: error: 'dice_roll?' object is not iterable  [misc]
(pckv)pcbot/plugins/basic.py:61: error: Cannot determine type of 'num'  [has-type]
(pckv)pcbot/plugins/basic.py:62: error: Cannot determine type of 'sides'  [has-type]
(pckv)pcbot/plugins/basic.py:150: error: Unsupported operand types for <= ("int" and "str")  [operator]
(pckv)pcbot/plugins/basic.py:150: error: Unsupported operand types for < ("str" and "int")  [operator]
(pckv)pcbot/plugins/basic.py:168: error: Function "basic.plugin_in_req" is not valid as a type  [valid-type]
(pckv)pcbot/plugins/basic.py:168: note: Perhaps you need "Callable[...]" or a callback protocol?
(pckv)pcbot/plugins/basic.py:168: error: Function "basic.get_req_id" is not valid as a type  [valid-type]
(pckv)pcbot/plugins/basic.py:186: error: Function "basic.plugin_in_req" is not valid as a type  [valid-type]
(pckv)pcbot/plugins/basic.py:186: note: Perhaps you need "Callable[...]" or a callback protocol?
(pckv)pcbot/plugins/basic.py:201: error: Function "basic.plugin_in_req" is not valid as a type  [valid-type]
(pckv)pcbot/plugins/basic.py:201: note: Perhaps you need "Callable[...]" or a callback protocol?
(pckv)pcbot/plugins/basic.py:201: error: Function "basic.get_req_id" is not valid as a type  [valid-type]
(pckv)pcbot/plugins/basic.py:213: error: Unsupported left operand type for + (get_req_id?)  [operator]
(pckv)pcbot/plugins/basic.py:217: error: Unsupported left operand type for + (get_req_id?)  [operator]
(pckv)pcbot/plugins/basic.py:221: error: Function "basic.plugin_in_req" is not valid as a type  [valid-type]
(pckv)pcbot/plugins/basic.py:221: note: Perhaps you need "Callable[...]" or a callback protocol?
(pckv)pcbot/plugins/basic.py:221: error: Function "basic.get_req_id" is not valid as a type  [valid-type]
(pckv)pcbot/plugins/basic.py:230: error: Unsupported left operand type for + (get_req_id?)  [operator]
(pckv)pcbot/plugins/summary.py:24: error: Need type annotation for 'stored_messages'  [var-annotated]
(pckv)pcbot/plugins/summary.py:318: error: Item "None" of "Optional[Any]" has no attribute "make_sentence"  [union-attr]
(pckv)pcbot/plugins/blacklist.py:32: error: List or tuple literal expected as the second argument to namedtuple()  [misc]
(pckv)pcbot/plugins/blacklist.py:33: error: Need type annotation for 'blacklist_cache' (hint: "blacklist_cache: Dict[<type>, <type>] = ...")  [var-annotated]
(pckv)pcbot/plugins/blacklist.py:48: error: Too many arguments for "BlacklistConfig"  [call-arg]
(pckv)pcbot/plugins/blacklist.py:111: error: Need type annotation for 'data' (hint: "data: Dict[<type>, <type>] = ...")  [var-annotated]
(pckv)pcbot/plugins/pasta.py:20: error: Need type annotation for 'pasta_cache' (hint: "pasta_cache: Dict[<type>, <type>] = ...")  [var-annotated]
(pckv)pcbot/plugins/pasta.py:39: error: Argument 1 to "join" of "str" has incompatible type "List[Sequence[Any]]"; expected "Iterable[str]"  [arg-type]
(pckv)pcbot/plugins/pasta.py:66: error: Function "builtins.str.lower" is not valid as a type  [valid-type]
(pckv)pcbot/plugins/pasta.py:66: note: Perhaps you need "Callable[...]" or a callback protocol?
(pckv)pcbot/plugins/pasta.py:69: error: str.lower? has no attribute "replace"  [attr-defined]
(pckv)pcbot/plugins/wordsearch.py:18: error: Need type annotation for 'wordsearch' (hint: "wordsearch: List[<type>] = ...")  [var-annotated]
(pckv)pcbot/plugins/wordsearch.py:19: error: Need type annotation for 'wordsearch_words' (hint: "wordsearch_words: List[<type>] = ...")  [var-annotated]
(pckv)pcbot/plugins/wordsearch.py:126: error: Argument 1 to "len" has incompatible type "Optional[str]"; expected "Sized"  [arg-type]
(pckv)pcbot/plugins/wordsearch.py:129: error: Value of type "Optional[str]" is not indexable  [index]
Found 108 errors in 17 files (checked 20 source files)

[RRepo](mischnic)python-ci
(mischnic)python-ci/server/src/utils.py:75: error: Incompatible return value type (got "Optional[Any]", expected "Dict[Any, Any]")  [return-value]
(mischnic)python-ci/server/src/git.py:37: error: Item "None" of "Optional[Match[Any]]" has no attribute "group"  [union-attr]
(mischnic)python-ci/server/src/flask_sse.py:49: error: Argument 2 to "ServerSentEvent" has incompatible type "None"; expected "str"  [arg-type]
(mischnic)python-ci/server/src/compile.py:49: error: Need type annotation for 'data'  [var-annotated]
(mischnic)python-ci/server/src/compile.py:65: error: Unsupported target for indexed assignment  [index]
(mischnic)python-ci/server/src/compile.py:68: error: Unsupported target for indexed assignment  [index]
(mischnic)python-ci/server/src/compile.py:76: error: Argument 5 to "setStatus" has incompatible type "Optional[str]"; expected "str"  [arg-type]
(mischnic)python-ci/server/src/compile.py:164: error: Argument 5 to "updateStatus" has incompatible type "Tuple[float, None]"; expected "Tuple[float, float]"  [arg-type]
(mischnic)python-ci/server/src/compile.py:219: error: Need type annotation for 'q'  [var-annotated]
(mischnic)python-ci/server/src/python-ci.py:19: error: Item "None" of "Optional[str]" has no attribute "split"  [union-attr]
Found 10 errors in 5 files (checked 6 source files)

[RRepo](sim0nx)python-openhab
Success: no issues found in 3 source files

[RRepo](paulbodean88)automation-design-patterns
(paulbodean88)automation-design-patterns/src/singleton/singleton_metaclass.py:14: error: Need type annotation for '_instances' (hint: "_instances: Dict[<type>, <type>] = ...")  [var-annotated]
(paulbodean88)automation-design-patterns/src/singleton/singleton_factory.py:16: error: Need type annotation for '__mappings' (hint: "__mappings: Dict[<type>, <type>] = ...")  [var-annotated]
(paulbodean88)automation-design-patterns/src/builder/template_test_case.py:28: error: Need type annotation for '__actions' (hint: "__actions: List[<type>] = ...")  [var-annotated]
Found 3 errors in 3 files (checked 31 source files)

[RRepo](minus7)asif
Success: no issues found in 4 source files

[RRepo](ebsuku)python3-qoqa
Success: no issues found in 2 source files

[RRepo](Naught0)qtbot
(Naught0)qtbot/cogs/dictionary.py:20: error: Name 'swagger' is not defined  [name-defined]
(Naught0)qtbot/cogs/poll.py:48: error: List comprehension has incompatible type List[object]; expected List[str]  [misc]
(Naught0)qtbot/cogs/poll.py:73: error: Unsupported operand types for + ("object" and "int")  [operator]
(Naught0)qtbot/cogs/poll.py:76: error: Unsupported left operand type for > ("object")  [operator]
(Naught0)qtbot/utils/yt_funcs.py:49: error: Incompatible return value type (got "None", expected "Dict[Any, Any]")  [return-value]

[RRepo](olivierfriard)BORIS
(olivierfriard)BORIS/src/subjects_pad.py:34: error: Name 'QWidget' is not defined  [name-defined]
(olivierfriard)BORIS/src/subjects_pad.py:36: error: Name 'pyqtSignal' is not defined  [name-defined]
(olivierfriard)BORIS/src/subjects_pad.py:37: error: Name 'pyqtSignal' is not defined  [name-defined]
(olivierfriard)BORIS/src/subjects_pad.py:37: error: Name 'QEvent' is not defined  [name-defined]
(olivierfriard)BORIS/src/subjects_pad.py:38: error: Name 'pyqtSignal' is not defined  [name-defined]
(olivierfriard)BORIS/src/subjects_pad.py:38: error: Name 'QRect' is not defined  [name-defined]
(olivierfriard)BORIS/src/subjects_pad.py:100: error: Name 'QWidget' is not defined  [name-defined]
(olivierfriard)BORIS/src/observations_list.py:43: error: Name 'QTableWidgetItem' is not defined  [name-defined]
(olivierfriard)BORIS/src/observations_list.py:53: error: Name 'QDialog' is not defined  [name-defined]
(olivierfriard)BORIS/src/coding_pad.py:34: error: Name 'QWidget' is not defined  [name-defined]
(olivierfriard)BORIS/src/coding_pad.py:36: error: Name 'pyqtSignal' is not defined  [name-defined]
(olivierfriard)BORIS/src/coding_pad.py:37: error: Name 'pyqtSignal' is not defined  [name-defined]
(olivierfriard)BORIS/src/coding_pad.py:37: error: Name 'QEvent' is not defined  [name-defined]
(olivierfriard)BORIS/src/coding_pad.py:38: error: Name 'pyqtSignal' is not defined  [name-defined]
(olivierfriard)BORIS/src/coding_pad.py:38: error: Name 'QRect' is not defined  [name-defined]
(olivierfriard)BORIS/src/coding_pad.py:118: error: Name 'QWidget' is not defined  [name-defined]
(olivierfriard)BORIS/src/plot_waveform_rt.py:38: error: Name 'QWidget' is not defined  [name-defined]
(olivierfriard)BORIS/src/plot_spectrogram_rt.py:35: error: Name 'QWidget' is not defined  [name-defined]
(olivierfriard)BORIS/src/select_observations.py:52: error: Name 'TEXT' is not defined  [name-defined]
(olivierfriard)BORIS/src/select_observations.py:54: error: Name 'INDEPENDENT_VARIABLES' is not defined  [name-defined]
(olivierfriard)BORIS/src/select_observations.py:55: error: Name 'INDEPENDENT_VARIABLES' is not defined  [name-defined]
(olivierfriard)BORIS/src/select_observations.py:56: error: Name 'INDEPENDENT_VARIABLES' is not defined  [name-defined]
(olivierfriard)BORIS/src/select_observations.py:57: error: Name 'INDEPENDENT_VARIABLES' is not defined  [name-defined]
(olivierfriard)BORIS/src/select_observations.py:60: error: Name 'OBSERVATIONS' is not defined  [name-defined]
(olivierfriard)BORIS/src/select_observations.py:61: error: Name 'OBSERVATIONS' is not defined  [name-defined]
(olivierfriard)BORIS/src/select_observations.py:62: error: Name 'OBSERVATIONS' is not defined  [name-defined]
(olivierfriard)BORIS/src/select_observations.py:73: error: Name 'OBSERVATIONS' is not defined  [name-defined]
(olivierfriard)BORIS/src/select_observations.py:73: error: Name 'TYPE' is not defined  [name-defined]
(olivierfriard)BORIS/src/select_observations.py:73: error: Name 'MEDIA' is not defined  [name-defined]
(olivierfriard)BORIS/src/select_observations.py:74: error: Name 'OBSERVATIONS' is not defined  [name-defined]
(olivierfriard)BORIS/src/select_observations.py:74: error: Name 'FILE' is not defined  [name-defined]
(olivierfriard)BORIS/src/select_observations.py:75: error: Name 'OBSERVATIONS' is not defined  [name-defined]
(olivierfriard)BORIS/src/select_observations.py:75: error: Name 'FILE' is not defined  [name-defined]
(olivierfriard)BORIS/src/select_observations.py:76: error: Name 'OBSERVATIONS' is not defined  [name-defined]
(olivierfriard)BORIS/src/select_observations.py:76: error: Name 'FILE' is not defined  [name-defined]
(olivierfriard)BORIS/src/select_observations.py:84: error: Name 'OBSERVATIONS' is not defined  [name-defined]
(olivierfriard)BORIS/src/select_observations.py:84: error: Name 'TYPE' is not defined  [name-defined]
(olivierfriard)BORIS/src/select_observations.py:84: error: Name 'LIVE' is not defined  [name-defined]
(olivierfriard)BORIS/src/select_observations.py:85: error: Name 'LIVE' is not defined  [name-defined]
(olivierfriard)BORIS/src/select_observations.py:89: error: Name 'INDEPENDENT_VARIABLES' is not defined  [name-defined]
(olivierfriard)BORIS/src/select_observations.py:89: error: Name 'OBSERVATIONS' is not defined  [name-defined]
(olivierfriard)BORIS/src/select_observations.py:91: error: Name 'OBSERVATIONS' is not defined  [name-defined]
(olivierfriard)BORIS/src/select_observations.py:91: error: Name 'INDEPENDENT_VARIABLES' is not defined  [name-defined]
(olivierfriard)BORIS/src/select_observations.py:92: error: Name 'OBSERVATIONS' is not defined  [name-defined]
(olivierfriard)BORIS/src/select_observations.py:92: error: Name 'INDEPENDENT_VARIABLES' is not defined  [name-defined]
(olivierfriard)BORIS/src/select_observations.py:108: error: Name 'OPEN' is not defined  [name-defined]
(olivierfriard)BORIS/src/select_observations.py:109: error: Name 'QAbstractItemView' is not defined  [name-defined]
(olivierfriard)BORIS/src/select_observations.py:112: error: Name 'VIEW' is not defined  [name-defined]
(olivierfriard)BORIS/src/select_observations.py:113: error: Name 'QAbstractItemView' is not defined  [name-defined]
(olivierfriard)BORIS/src/select_observations.py:117: error: Name 'EDIT' is not defined  [name-defined]
(olivierfriard)BORIS/src/select_observations.py:118: error: Name 'QAbstractItemView' is not defined  [name-defined]
(olivierfriard)BORIS/src/select_observations.py:121: error: Name 'SINGLE' is not defined  [name-defined]
(olivierfriard)BORIS/src/select_observations.py:122: error: Name 'QAbstractItemView' is not defined  [name-defined]
(olivierfriard)BORIS/src/select_observations.py:127: error: Name 'MULTIPLE' is not defined  [name-defined]
(olivierfriard)BORIS/src/select_observations.py:128: error: Name 'QAbstractItemView' is not defined  [name-defined]
(olivierfriard)BORIS/src/select_observations.py:133: error: Name 'SELECT1' is not defined  [name-defined]
(olivierfriard)BORIS/src/select_observations.py:134: error: Name 'QAbstractItemView' is not defined  [name-defined]
(olivierfriard)BORIS/src/select_observations.py:139: error: Name 'Qt' is not defined  [name-defined]
(olivierfriard)BORIS/src/select_observations.py:158: error: Name 'OPEN' is not defined  [name-defined]
(olivierfriard)BORIS/src/select_observations.py:160: error: Name 'EDIT' is not defined  [name-defined]
(olivierfriard)BORIS/src/select_observations.py:162: error: Name 'VIEW' is not defined  [name-defined]
(olivierfriard)BORIS/src/param_panel.py:38: error: Name 'QDialog' is not defined  [name-defined]
(olivierfriard)BORIS/src/param_panel.py:58: error: Name 'TIME_FULL_OBS' is not defined  [name-defined]
(olivierfriard)BORIS/src/param_panel.py:59: error: Name 'TIME_EVENTS' is not defined  [name-defined]
(olivierfriard)BORIS/src/param_panel.py:60: error: Name 'TIME_ARBITRARY_INTERVAL' is not defined  [name-defined]
(olivierfriard)BORIS/src/duration_widget.py:14: error: Name 'QWidget' is not defined  [name-defined]
(olivierfriard)BORIS/src/duration_widget.py:16: error: Name 'pyqtSignal' is not defined  [name-defined]
(olivierfriard)BORIS/src/duration_widget.py:109: error: Name 'QWidget' is not defined  [name-defined]
(olivierfriard)BORIS/src/duration_widget.py:111: error: Name 'pyqtSignal' is not defined  [name-defined]
(olivierfriard)BORIS/src/duration_widget.py:129: error: Name 'QWidget' is not defined  [name-defined]
(olivierfriard)BORIS/src/duration_widget.py:222: error: Name 'QApplication' is not defined  [name-defined]
(olivierfriard)BORIS/src/behaviors_coding_map.py:37: error: Name 'Qt' is not defined  [name-defined]
(olivierfriard)BORIS/src/behaviors_coding_map.py:40: error: Name 'QWidget' is not defined  [name-defined]
(olivierfriard)BORIS/src/behaviors_coding_map.py:42: error: Name 'QGraphicsView' is not defined  [name-defined]
(olivierfriard)BORIS/src/behaviors_coding_map.py:44: error: Name 'pyqtSignal' is not defined  [name-defined]
(olivierfriard)BORIS/src/behaviors_coding_map.py:44: error: Name 'QMouseEvent' is not defined  [name-defined]
(olivierfriard)BORIS/src/behaviors_coding_map.py:45: error: Name 'pyqtSignal' is not defined  [name-defined]
(olivierfriard)BORIS/src/behaviors_coding_map.py:45: error: Name 'QMouseEvent' is not defined  [name-defined]
(olivierfriard)BORIS/src/behaviors_coding_map.py:56: error: Need type annotation for 'elList' (hint: "elList: List[<type>] = ...")  [var-annotated]
(olivierfriard)BORIS/src/behaviors_coding_map.py:56: error: Need type annotation for 'points' (hint: "points: List[<type>] = ...")  [var-annotated]
(olivierfriard)BORIS/src/behaviors_coding_map.py:66: error: Name 'pyqtSignal' is not defined  [name-defined]
(olivierfriard)BORIS/src/behaviors_coding_map.py:67: error: Name 'pyqtSignal' is not defined  [name-defined]
(olivierfriard)BORIS/src/behaviors_coding_map.py:67: error: Name 'QEvent' is not defined  [name-defined]
(olivierfriard)BORIS/src/behaviors_coding_map.py:68: error: Name 'pyqtSignal' is not defined  [name-defined]
(olivierfriard)BORIS/src/behaviors_coding_map.py:192: error: Name 'QApplication' is not defined  [name-defined]
(olivierfriard)BORIS/src/time_budget_widget.py:41: error: Name 'QWidget' is not defined  [name-defined]
(olivierfriard)BORIS/src/select_modifiers.py:34: error: Name 'QDialog' is not defined  [name-defined]
(olivierfriard)BORIS/src/modifiers_coding_map.py:36: error: Name 'QDialog' is not defined  [name-defined]
(olivierfriard)BORIS/src/modifiers_coding_map.py:38: error: Name 'QGraphicsView' is not defined  [name-defined]
(olivierfriard)BORIS/src/modifiers_coding_map.py:40: error: Name 'pyqtSignal' is not defined  [name-defined]
(olivierfriard)BORIS/src/modifiers_coding_map.py:40: error: Name 'QMouseEvent' is not defined  [name-defined]
(olivierfriard)BORIS/src/modifiers_coding_map.py:45: error: Need type annotation for 'elList' (hint: "elList: List[<type>] = ...")  [var-annotated]
(olivierfriard)BORIS/src/modifiers_coding_map.py:46: error: Need type annotation for 'points' (hint: "points: List[<type>] = ...")  [var-annotated]
(olivierfriard)BORIS/src/modifiers_coding_map.py:53: error: Need type annotation for 'areasList' (hint: "areasList: Dict[<type>, <type>] = ...")  [var-annotated]
(olivierfriard)BORIS/src/modifiers_coding_map.py:54: error: Need type annotation for 'polygonsList2' (hint: "polygonsList2: Dict[<type>, <type>] = ...")  [var-annotated]
(olivierfriard)BORIS/src/modifiers_coding_map.py:163: error: Name 'QApplication' is not defined  [name-defined]
(olivierfriard)BORIS/src/modifiers_coding_map.py:167: error: Name 'codingMapWindowClass' is not defined  [name-defined]
(olivierfriard)BORIS/src/irr.py:128: error: Need type annotation for 'total_states' (hint: "total_states: List[<type>] = ...")  [var-annotated]
(olivierfriard)BORIS/src/irr.py:143: error: Unsupported operand types for + ("Decimal" and "float")  [operator]
(olivierfriard)BORIS/src/irr.py:151: error: Need type annotation for 'seq1' (hint: "seq1: Dict[<type>, <type>] = ...")  [var-annotated]
(olivierfriard)BORIS/src/irr.py:152: error: Need type annotation for 'seq2' (hint: "seq2: Dict[<type>, <type>] = ...")  [var-annotated]
(olivierfriard)BORIS/src/irr.py:173: error: Unsupported operand types for + ("Decimal" and "float")  [operator]
(olivierfriard)BORIS/src/irr.py:214: error: Name 'nan' is not defined  [name-defined]
(olivierfriard)BORIS/src/measurement_widget.py:34: error: Name 'QWidget' is not defined  [name-defined]
(olivierfriard)BORIS/src/measurement_widget.py:38: error: Name 'pyqtSignal' is not defined  [name-defined]
(olivierfriard)BORIS/src/measurement_widget.py:40: error: Need type annotation for 'draw_mem' (hint: "draw_mem: List[<type>] = ...")  [var-annotated]
(olivierfriard)BORIS/src/measurement_widget.py:146: error: Name 'QApplication' is not defined  [name-defined]
(olivierfriard)BORIS/src/preferences.py:37: error: Name 'QDialog' is not defined  [name-defined]
(olivierfriard)BORIS/src/otx_parser.py:88: error: Need type annotation for 'modifiers' (hint: "modifiers: Dict[<type>, <type>] = ...")  [var-annotated]
(olivierfriard)BORIS/src/otx_parser.py:89: error: Need type annotation for 'modifiers_set' (hint: "modifiers_set: Dict[<type>, <type>] = ...")  [var-annotated]
(olivierfriard)BORIS/src/otx_parser.py:134: error: Need type annotation for 'behaviors' (hint: "behaviors: Dict[<type>, <type>] = ...")  [var-annotated]
(olivierfriard)BORIS/src/otx_parser.py:215: error: Need type annotation for 'subjects' (hint: "subjects: Dict[<type>, <type>] = ...")  [var-annotated]
(olivierfriard)BORIS/src/edit_event.py:39: error: Name 'QDialog' is not defined  [name-defined]
(olivierfriard)BORIS/src/edit_event.py:80: error: Name 'QDialog' is not defined  [name-defined]
(olivierfriard)BORIS/src/edit_event.py:165: error: Name 'QApplication' is not defined  [name-defined]
(olivierfriard)BORIS/src/db_functions.py:37: error: Name 'TIME_FULL_OBS' is not defined  [name-defined]
(olivierfriard)BORIS/src/db_functions.py:55: error: Name 'ETHOGRAM' is not defined  [name-defined]
(olivierfriard)BORIS/src/db_functions.py:55: error: Name 'BEHAVIOR_CODE' is not defined  [name-defined]
(olivierfriard)BORIS/src/db_functions.py:56: error: Name 'STATE' is not defined  [name-defined]
(olivierfriard)BORIS/src/db_functions.py:56: error: Name 'ETHOGRAM' is not defined  [name-defined]
(olivierfriard)BORIS/src/db_functions.py:56: error: Name 'TYPE' is not defined  [name-defined]
(olivierfriard)BORIS/src/db_functions.py:57: error: Name 'ETHOGRAM' is not defined  [name-defined]
(olivierfriard)BORIS/src/db_functions.py:57: error: Name 'BEHAVIOR_CODE' is not defined  [name-defined]
(olivierfriard)BORIS/src/db_functions.py:60: error: Name 'ETHOGRAM' is not defined  [name-defined]
(olivierfriard)BORIS/src/db_functions.py:60: error: Name 'BEHAVIOR_CODE' is not defined  [name-defined]
(olivierfriard)BORIS/src/db_functions.py:61: error: Name 'POINT' is not defined  [name-defined]
(olivierfriard)BORIS/src/db_functions.py:61: error: Name 'ETHOGRAM' is not defined  [name-defined]
(olivierfriard)BORIS/src/db_functions.py:61: error: Name 'TYPE' is not defined  [name-defined]
(olivierfriard)BORIS/src/db_functions.py:62: error: Name 'ETHOGRAM' is not defined  [name-defined]
(olivierfriard)BORIS/src/db_functions.py:62: error: Name 'BEHAVIOR_CODE' is not defined  [name-defined]
(olivierfriard)BORIS/src/db_functions.py:85: error: Name 'OBSERVATIONS' is not defined  [name-defined]
(olivierfriard)BORIS/src/db_functions.py:85: error: Name 'EVENTS' is not defined  [name-defined]
(olivierfriard)BORIS/src/db_functions.py:87: error: Name 'EVENT_BEHAVIOR_FIELD_IDX' is not defined  [name-defined]
(olivierfriard)BORIS/src/db_functions.py:90: error: Name 'NO_FOCAL_SUBJECT' is not defined  [name-defined]
(olivierfriard)BORIS/src/db_functions.py:90: error: Name 'EVENT_SUBJECT_FIELD_IDX' is not defined  [name-defined]
(olivierfriard)BORIS/src/db_functions.py:91: error: Name 'EVENT_SUBJECT_FIELD_IDX' is not defined  [name-defined]
(olivierfriard)BORIS/src/db_functions.py:97: error: Name 'NO_FOCAL_SUBJECT' is not defined  [name-defined]
(olivierfriard)BORIS/src/db_functions.py:97: error: Name 'EVENT_SUBJECT_FIELD_IDX' is not defined  [name-defined]
(olivierfriard)BORIS/src/db_functions.py:98: error: Name 'EVENT_BEHAVIOR_FIELD_IDX' is not defined  [name-defined]
(olivierfriard)BORIS/src/db_functions.py:99: error: Name 'STATE' is not defined  [name-defined]
(olivierfriard)BORIS/src/db_functions.py:99: error: Name 'EVENT_BEHAVIOR_FIELD_IDX' is not defined  [name-defined]
(olivierfriard)BORIS/src/db_functions.py:99: error: Name 'POINT' is not defined  [name-defined]
(olivierfriard)BORIS/src/db_functions.py:100: error: Name 'EVENT_MODIFIER_FIELD_IDX' is not defined  [name-defined]
(olivierfriard)BORIS/src/db_functions.py:101: error: Name 'EVENT_TIME_FIELD_IDX' is not defined  [name-defined]
(olivierfriard)BORIS/src/db_functions.py:102: error: Name 'EVENT_COMMENT_FIELD_IDX' is not defined  [name-defined]
(olivierfriard)BORIS/src/db_functions.py:133: error: Name 'OBSERVATIONS' is not defined  [name-defined]
(olivierfriard)BORIS/src/db_functions.py:137: error: Name 'SUBJECTS' is not defined  [name-defined]
(olivierfriard)BORIS/src/db_functions.py:137: error: Name 'SUBJECT_NAME' is not defined  [name-defined]
(olivierfriard)BORIS/src/db_functions.py:137: error: Name 'NO_FOCAL_SUBJECT' is not defined  [name-defined]
(olivierfriard)BORIS/src/db_functions.py:141: error: Name 'ETHOGRAM' is not defined  [name-defined]
(olivierfriard)BORIS/src/db_functions.py:141: error: Name 'BEHAVIOR_CODE' is not defined  [name-defined]
(olivierfriard)BORIS/src/db_functions.py:146: error: Name 'ETHOGRAM' is not defined  [name-defined]
(olivierfriard)BORIS/src/db_functions.py:147: error: Name 'OBSERVATIONS' is not defined  [name-defined]
(olivierfriard)BORIS/src/db_functions.py:148: error: Name 'HHMMSS' is not defined  [name-defined]
(olivierfriard)BORIS/src/db_functions.py:155: error: Name 'ETHOGRAM' is not defined  [name-defined]
(olivierfriard)BORIS/src/db_functions.py:155: error: Name 'BEHAVIOR_CODE' is not defined  [name-defined]
(olivierfriard)BORIS/src/db_functions.py:156: error: Name 'STATE' is not defined  [name-defined]
(olivierfriard)BORIS/src/db_functions.py:156: error: Name 'ETHOGRAM' is not defined  [name-defined]
(olivierfriard)BORIS/src/db_functions.py:156: error: Name 'TYPE' is not defined  [name-defined]
(olivierfriard)BORIS/src/db_functions.py:157: error: Name 'ETHOGRAM' is not defined  [name-defined]
(olivierfriard)BORIS/src/db_functions.py:157: error: Name 'BEHAVIOR_CODE' is not defined  [name-defined]
(olivierfriard)BORIS/src/db_functions.py:160: error: Name 'ETHOGRAM' is not defined  [name-defined]
(olivierfriard)BORIS/src/db_functions.py:160: error: Name 'BEHAVIOR_CODE' is not defined  [name-defined]
(olivierfriard)BORIS/src/db_functions.py:161: error: Name 'POINT' is not defined  [name-defined]
(olivierfriard)BORIS/src/db_functions.py:161: error: Name 'ETHOGRAM' is not defined  [name-defined]
(olivierfriard)BORIS/src/db_functions.py:161: error: Name 'TYPE' is not defined  [name-defined]
(olivierfriard)BORIS/src/db_functions.py:162: error: Name 'ETHOGRAM' is not defined  [name-defined]
(olivierfriard)BORIS/src/db_functions.py:162: error: Name 'BEHAVIOR_CODE' is not defined  [name-defined]
(olivierfriard)BORIS/src/db_functions.py:212: error: Name 'POINT' is not defined  [name-defined]
(olivierfriard)BORIS/src/db_functions.py:220: error: Name 'STATE' is not defined  [name-defined]
(olivierfriard)BORIS/src/boris_cli.py:144: error: Name 'PROJECT_NAME' is not defined  [name-defined]
(olivierfriard)BORIS/src/boris_cli.py:145: error: Name 'PROJECT_DATE' is not defined  [name-defined]
(olivierfriard)BORIS/src/boris_cli.py:146: error: Name 'PROJECT_DESCRIPTION' is not defined  [name-defined]
(olivierfriard)BORIS/src/boris_cli.py:151: error: Name 'ETHOGRAM' is not defined  [name-defined]
(olivierfriard)BORIS/src/boris_cli.py:152: error: Name 'ETHOGRAM' is not defined  [name-defined]
(olivierfriard)BORIS/src/boris_cli.py:153: error: Name 'ETHOGRAM' is not defined  [name-defined]
(olivierfriard)BORIS/src/boris_cli.py:153: error: Name 'BEHAVIOR_CODE' is not defined  [name-defined]
(olivierfriard)BORIS/src/boris_cli.py:154: error: Name 'ETHOGRAM' is not defined  [name-defined]
(olivierfriard)BORIS/src/boris_cli.py:155: error: Name 'ETHOGRAM' is not defined  [name-defined]
(olivierfriard)BORIS/src/boris_cli.py:155: error: Name 'TYPE' is not defined  [name-defined]
(olivierfriard)BORIS/src/boris_cli.py:161: error: Name 'SUBJECTS' is not defined  [name-defined]
(olivierfriard)BORIS/src/boris_cli.py:162: error: Name 'SUBJECTS' is not defined  [name-defined]
(olivierfriard)BORIS/src/boris_cli.py:163: error: Name 'SUBJECTS' is not defined  [name-defined]
(olivierfriard)BORIS/src/boris_cli.py:167: error: Name 'OBSERVATIONS' is not defined  [name-defined]
(olivierfriard)BORIS/src/boris_cli.py:169: error: Name 'OBSERVATIONS' is not defined  [name-defined]
(olivierfriard)BORIS/src/boris_cli.py:170: error: Name 'OBSERVATIONS' is not defined  [name-defined]
(olivierfriard)BORIS/src/boris_cli.py:175: error: Name 'OBSERVATIONS' is not defined  [name-defined]
(olivierfriard)BORIS/src/boris_cli.py:175: error: Name 'EVENTS' is not defined  [name-defined]
(olivierfriard)BORIS/src/boris_cli.py:177: error: Name 'OBSERVATIONS' is not defined  [name-defined]
(olivierfriard)BORIS/src/boris_cli.py:177: error: Name 'EVENTS' is not defined  [name-defined]
(olivierfriard)BORIS/src/boris_cli.py:204: error: Name 'ETHOGRAM' is not defined  [name-defined]
(olivierfriard)BORIS/src/boris_cli.py:204: error: Name 'OBSERVATIONS' is not defined  [name-defined]
(olivierfriard)BORIS/src/boris_cli.py:204: error: Name 'HHMMSS' is not defined  [name-defined]
(olivierfriard)BORIS/src/boris_cli.py:212: error: Incompatible types in assignment (expression has type "List[Any]", variable has type "Dict[Any, Any]")  [assignment]
(olivierfriard)BORIS/src/boris_cli.py:212: error: Name 'OBSERVATIONS' is not defined  [name-defined]
(olivierfriard)BORIS/src/boris_cli.py:215: error: Name 'ETHOGRAM' is not defined  [name-defined]
(olivierfriard)BORIS/src/boris_cli.py:216: error: Name 'SUBJECTS' is not defined  [name-defined]
(olivierfriard)BORIS/src/boris_cli.py:216: error: Name 'NO_FOCAL_SUBJECT' is not defined  [name-defined]
(olivierfriard)BORIS/src/boris_cli.py:226: error: Name 'OBSERVATIONS' is not defined  [name-defined]
(olivierfriard)BORIS/src/boris_cli.py:227: error: Name 'ETHOGRAM' is not defined  [name-defined]
(olivierfriard)BORIS/src/boris_cli.py:241: error: Name 'ETHOGRAM' is not defined  [name-defined]
(olivierfriard)BORIS/src/boris_cli.py:242: error: Name 'SUBJECTS' is not defined  [name-defined]
(olivierfriard)BORIS/src/boris_cli.py:242: error: Name 'NO_FOCAL_SUBJECT' is not defined  [name-defined]
(olivierfriard)BORIS/src/boris_cli.py:246: error: Argument 3 to "load_aggregated_events_in_db" has incompatible type "Dict[Any, Any]"; expected "List[Any]"  [arg-type]
(olivierfriard)BORIS/src/boris_cli.py:281: error: Name 'ETHOGRAM' is not defined  [name-defined]
(olivierfriard)BORIS/src/boris_cli.py:282: error: Name 'SUBJECTS' is not defined  [name-defined]
(olivierfriard)BORIS/src/boris_cli.py:282: error: Name 'NO_FOCAL_SUBJECT' is not defined  [name-defined]
(olivierfriard)BORIS/src/boris_cli.py:302: error: Name 'HHMMSS' is not defined  [name-defined]
(olivierfriard)BORIS/src/boris_cli.py:316: error: Name 'ETHOGRAM' is not defined  [name-defined]
(olivierfriard)BORIS/src/boris_cli.py:317: error: Name 'SUBJECTS' is not defined  [name-defined]
(olivierfriard)BORIS/src/boris_cli.py:317: error: Name 'NO_FOCAL_SUBJECT' is not defined  [name-defined]
(olivierfriard)BORIS/src/boris_cli.py:345: error: Name 'TIME_FULL_OBS' is not defined  [name-defined]
(olivierfriard)BORIS/src/boris_cli.py:347: error: Name 'BEHAVIORS_PLOT_COLORS' is not defined  [name-defined]
Found 213 errors in 19 files (checked 34 source files)

[RRepo](fuomag9)ChaturbateBot
(fuomag9)ChaturbateBot/modules/Preferences.py:49: error: Incompatible types in assignment (expression has type "int", variable has type "bool")  [assignment]
(fuomag9)ChaturbateBot/modules/Preferences.py:51: error: Incompatible types in assignment (expression has type "int", variable has type "bool")  [assignment]
(fuomag9)ChaturbateBot/modules/Preferences.py:81: error: Incompatible types in assignment (expression has type "int", variable has type "bool")  [assignment]
(fuomag9)ChaturbateBot/modules/Preferences.py:83: error: Incompatible types in assignment (expression has type "int", variable has type "bool")  [assignment]
Found 4 errors in 1 file (checked 3 source files)

[RRepo](ARM-software)lisa
(ARM-software)lisa/doc/conf.py:53: error: Type signature has too few arguments  [syntax]
(ARM-software)lisa/tools/odroid_sampler.py:73: error: invalid syntax  [syntax]
Found 2 errors in 2 files (checked 95 source files)

[RRepo](dmwyatt)disney.api
(dmwyatt)disney.api/helpers.py:24: error: Name 'target_dt' already defined on line 22  [no-redef]
(dmwyatt)disney.api/helpers.py:27: error: Unexpected keyword argument "minutes" for "replace" of "datetime"; did you mean "minute"?  [call-arg]
(dmwyatt)disney.api/helpers.py:28: error: Unexpected keyword argument "minutes" for "replace" of "datetime"; did you mean "minute"?  [call-arg]
(dmwyatt)disney.api/helpers.py:51: error: Incompatible return value type (got "float", expected "int")  [return-value]
(dmwyatt)disney.api/pages/timepicker.py:72: error: Unsupported operand types for >= ("int" and "None")  [operator]
(dmwyatt)disney.api/pages/timepicker.py:72: note: Left operand is of type "Optional[int]"
(dmwyatt)disney.api/pages/timepicker.py:73: error: Argument 1 to "select_exact_time" of "BasicTimePicker" has incompatible type "Optional[datetime]"; expected "datetime"  [arg-type]
(dmwyatt)disney.api/pages/timepicker.py:97: error: Argument 1 to "select_exact_time" of "BasicTimePicker" has incompatible type "Optional[datetime]"; expected "datetime"  [arg-type]
(dmwyatt)disney.api/pages/datepicker.py:145: error: Item "date" of "Union[datetime, date]" has no attribute "date"  [union-attr]
(dmwyatt)disney.api/pages/datepicker.py:172: error: Item "date" of "Union[datetime, date]" has no attribute "date"  [union-attr]

[RRepo](OpenGenus)cosmos
(OpenGenus)cosmos/code/cryptography/src/atbash_cipher/atbash_cipher.py:18: error: invalid syntax  [syntax]
Found 1 error in 1 file (checked 313 source files)

[RRepo](underdogio)typeform
(underdogio)typeform/typeform/client.py:20: error: Function "builtins.any" is not valid as a type  [valid-type]
(underdogio)typeform/typeform/client.py:20: note: Perhaps you need "Callable[...]" or a callback protocol?
(underdogio)typeform/typeform/client.py:26: error: any? has no attribute "keys"  [attr-defined]
(underdogio)typeform/typeform/forms.py:18: error: Incompatible return value type (got "Union[str, Dict[Any, Any]]", expected "Dict[Any, Any]")  [return-value]
(underdogio)typeform/typeform/forms.py:25: error: Incompatible return value type (got "Union[str, Dict[Any, Any]]", expected "str")  [return-value]
(underdogio)typeform/typeform/forms.py:29: error: Incompatible return value type (got "Union[str, Dict[Any, Any]]", expected "Dict[Any, Any]")  [return-value]
(underdogio)typeform/typeform/forms.py:36: error: Incompatible return value type (got "Union[str, Dict[Any, Any]]", expected "Dict[Any, Any]")  [return-value]
(underdogio)typeform/typeform/forms.py:43: error: Function "builtins.any" is not valid as a type  [valid-type]
(underdogio)typeform/typeform/forms.py:43: note: Perhaps you need "Callable[...]" or a callback protocol?
(underdogio)typeform/typeform/forms.py:64: error: Incompatible return value type (got "Union[str, Dict[Any, Any]]", expected "Dict[Any, Any]")  [return-value]
(underdogio)typeform/typeform/forms.py:72: error: Incompatible return value type (got "Union[str, Dict[Any, Any]]", expected "str")  [return-value]
Found 9 errors in 2 files (checked 7 source files)

[RRepo](Princeton-CDH)derrida-django
(Princeton-CDH)derrida-django/derrida/books/management/commands/import_digitaleds.py:36: error: Need type annotation for 'stats'  [var-annotated]
(Princeton-CDH)derrida-django/derrida/common/models.py:35: error: "Callable[[Notable], Any]" has no attribute "boolean"  [attr-defined]

[RRepo](intellij-rust)intellij-rust.github.io
Success: no issues found in 1 source file

[RRepo](nachoaguadoc)aimlx-demos
(nachoaguadoc)aimlx-demos/controller/emotion_controller.py:12: error: Name 'emotion_api' is not defined  [name-defined]
(nachoaguadoc)aimlx-demos/controller/emotion_controller.py:16: error: Name 'emotion_api' is not defined  [name-defined]
(nachoaguadoc)aimlx-demos/server.py:37: error: Module 'sfid' has no attribute 'sfid'  [attr-defined]
(nachoaguadoc)aimlx-demos/server.py:38: error: Module 'argumentation' has no attribute 'argumentation'  [attr-defined]
(nachoaguadoc)aimlx-demos/server.py:39: error: Module 'summarization' has no attribute 'summarization'  [attr-defined]
(nachoaguadoc)aimlx-demos/server.py:40: error: Module 'grocery' has no attribute 'grocery'  [attr-defined]
(nachoaguadoc)aimlx-demos/server.py:41: error: Module 'emotion' has no attribute 'emotion'  [attr-defined]
(nachoaguadoc)aimlx-demos/server.py:42: error: Module 'go_chatbot' has no attribute 'go_chatbot'  [attr-defined]
(nachoaguadoc)aimlx-demos/server.py:43: error: Module 'material' has no attribute 'material'  [attr-defined]
(nachoaguadoc)aimlx-demos/server.py:44: error: Module 'chestxray' has no attribute 'chestxray'  [attr-defined]
(nachoaguadoc)aimlx-demos/server.py:45: error: Module 'sid' has no attribute 'sid'  [attr-defined]
(nachoaguadoc)aimlx-demos/server.py:46: error: Module 'data_selection' has no attribute 'data_selection'  [attr-defined]
Found 12 errors in 2 files (checked 17 source files)

[RRepo](Nitrokey)nitrokey-start-firmware
(Nitrokey)nitrokey-start-firmware/tool/pageant_proxy_to_gpg.py:31: error: Missing parentheses in call to 'print'. Did you mean print("DEBUG: %s" % string)?  [syntax]
Found 1 error in 1 file (checked 32 source files)

[RRepo](sped-br)python-sped
(sped-br)python-sped/sped/registros.py:66: error: Need type annotation for 'campos' (hint: "campos: List[<type>] = ...")  [var-annotated]
(sped-br)python-sped/setup.py:5: error: Module 'sped' has no attribute '__version__'  [attr-defined]
(sped-br)python-sped/sped/ecd/tabelas.py:10: error: Need type annotation for 'PLANO_REFERENCIAL_PJ_RESUMIDO' (hint: "PLANO_REFERENCIAL_PJ_RESUMIDO: List[<type>] = ...")  [var-annotated]
(sped-br)python-sped/sped/escrituracao.py:186: error: Incompatible return value type (got "Dict[Any, Any]", expected "List[Any]")  [return-value]

[RRepo](pybel)pybel
(pybel)pybel/src/pybel/struct/summary/edge_summary.py:8: error: Relative import climbs too many namespaces  [misc]
(pybel)pybel/src/pybel/struct/summary/edge_summary.py:9: error: Relative import climbs too many namespaces  [misc]
(pybel)pybel/src/pybel/struct/summary/errors.py:9: error: Relative import climbs too many namespaces  [misc]
(pybel)pybel/src/pybel/struct/summary/errors.py:10: error: Relative import climbs too many namespaces  [misc]
(pybel)pybel/src/pybel/struct/summary/errors.py:11: error: Relative import climbs too many namespaces  [misc]
(pybel)pybel/src/pybel/struct/summary/errors.py:12: error: Relative import climbs too many namespaces  [misc]
(pybel)pybel/src/pybel/struct/summary/errors.py:73: error: Need type annotation for 'missing'  [var-annotated]
(pybel)pybel/src/pybel/struct/summary/errors.py:83: error: Need type annotation for 'results'  [var-annotated]
(pybel)pybel/src/pybel/struct/filters/node_selection.py:9: error: Relative import climbs too many namespaces  [misc]
(pybel)pybel/src/pybel/struct/filters/node_selection.py:10: error: Relative import climbs too many namespaces  [misc]
(pybel)pybel/src/pybel/struct/filters/node_selection.py:11: error: Relative import climbs too many namespaces  [misc]
(pybel)pybel/src/pybel/struct/filters/node_filters.py:17: error: Relative import climbs too many namespaces  [misc]
(pybel)pybel/src/pybel/struct/filters/node_filters.py:18: error: Relative import climbs too many namespaces  [misc]
(pybel)pybel/src/pybel/struct/filters/node_predicate_builders.py:8: error: Relative import climbs too many namespaces  [misc]
(pybel)pybel/src/pybel/struct/filters/node_predicate_builders.py:9: error: Relative import climbs too many namespaces  [misc]
(pybel)pybel/src/pybel/struct/filters/node_predicate_builders.py:10: error: Relative import climbs too many namespaces  [misc]
(pybel)pybel/src/pybel/struct/filters/node_predicate_builders.py:11: error: Relative import climbs too many namespaces  [misc]
(pybel)pybel/src/pybel/struct/filters/edge_filters.py:17: error: Relative import climbs too many namespaces  [misc]
(pybel)pybel/src/pybel/struct/filters/edge_filters.py:18: error: Relative import climbs too many namespaces  [misc]
(pybel)pybel/src/pybel/struct/filters/edge_predicate_builders.py:9: error: Relative import climbs too many namespaces  [misc]
(pybel)pybel/src/pybel/struct/filters/edge_predicate_builders.py:10: error: Relative import climbs too many namespaces  [misc]
(pybel)pybel/src/pybel/struct/filters/edge_predicate_builders.py:11: error: Relative import climbs too many namespaces  [misc]
(pybel)pybel/src/pybel/struct/filters/edge_predicate_builders.py:12: error: Relative import climbs too many namespaces  [misc]
(pybel)pybel/src/pybel/struct/mutation/deletion/protein_rna_origins.py:7: error: Relative import climbs too many namespaces  [misc]
(pybel)pybel/src/pybel/struct/mutation/deletion/protein_rna_origins.py:8: error: Relative import climbs too many namespaces  [misc]
(pybel)pybel/src/pybel/struct/mutation/deletion/protein_rna_origins.py:9: error: Relative import climbs too many namespaces  [misc]
(pybel)pybel/src/pybel/struct/mutation/deletion/protein_rna_origins.py:10: error: Relative import climbs too many namespaces  [misc]
(pybel)pybel/src/pybel/struct/mutation/deletion/deletion.py:5: error: Relative import climbs too many namespaces  [misc]
(pybel)pybel/src/pybel/struct/mutation/deletion/deletion.py:6: error: Relative import climbs too many namespaces  [misc]
(pybel)pybel/src/pybel/struct/mutation/deletion/deletion.py:7: error: Relative import climbs too many namespaces  [misc]
(pybel)pybel/src/pybel/struct/mutation/deletion/deletion.py:8: error: Relative import climbs too many namespaces  [misc]
(pybel)pybel/src/pybel/struct/mutation/deletion/deletion.py:9: error: Relative import climbs too many namespaces  [misc]
(pybel)pybel/src/pybel/struct/mutation/deletion/deletion.py:10: error: Relative import climbs too many namespaces  [misc]
(pybel)pybel/src/pybel/struct/mutation/deletion/deletion.py:11: error: Relative import climbs too many namespaces  [misc]
(pybel)pybel/src/pybel/struct/mutation/expansion/neighborhood.py:7: error: Relative import climbs too many namespaces  [misc]
(pybel)pybel/src/pybel/struct/mutation/expansion/neighborhood.py:8: error: Relative import climbs too many namespaces  [misc]
(pybel)pybel/src/pybel/struct/mutation/expansion/neighborhood.py:9: error: Relative import climbs too many namespaces  [misc]
(pybel)pybel/src/pybel/struct/mutation/expansion/neighborhood.py:10: error: Relative import climbs too many namespaces  [misc]
(pybel)pybel/src/pybel/struct/mutation/expansion/upstream.py:5: error: Relative import climbs too many namespaces  [misc]
(pybel)pybel/src/pybel/struct/mutation/expansion/upstream.py:6: error: Relative import climbs too many namespaces  [misc]
(pybel)pybel/src/pybel/struct/mutation/expansion/upstream.py:7: error: Relative import climbs too many namespaces  [misc]
(pybel)pybel/src/pybel/struct/mutation/transfer.py:7: error: Relative import climbs too many namespaces  [misc]
(pybel)pybel/src/pybel/struct/mutation/transfer.py:8: error: Relative import climbs too many namespaces  [misc]
(pybel)pybel/src/pybel/struct/grouping/provenance.py:8: error: Relative import climbs too many namespaces  [misc]
(pybel)pybel/src/pybel/struct/operations.py:11: error: Relative import climbs too many namespaces  [misc]
(pybel)pybel/src/pybel/testing/mock_manager.py:7: error: Relative import climbs too many namespaces  [misc]
(pybel)pybel/src/pybel/testing/mock_manager.py:8: error: Relative import climbs too many namespaces  [misc]
(pybel)pybel/src/pybel/dsl/edges.py:7: error: Relative import climbs too many namespaces  [misc]
(pybel)pybel/src/pybel/dsl/edges.py:11: error: Relative import climbs too many namespaces  [misc]
(pybel)pybel/src/pybel/dsl/edges.py:40: error: Incompatible types in assignment (expression has type "Dict[Any, Any]", target has type "str")  [assignment]
(pybel)pybel/src/pybel/io/neo4j.py:7: error: Relative import climbs too many namespaces  [misc]
(pybel)pybel/src/pybel/io/neo4j.py:11: error: Relative import climbs too many namespaces  [misc]
(pybel)pybel/src/pybel/manager/lookup_manager.py:9: error: Relative import climbs too many namespaces  [misc]
(pybel)pybel/src/pybel/manager/lookup_manager.py:10: error: Relative import climbs too many namespaces  [misc]
(pybel)pybel/src/pybel/manager/lookup_manager.py:11: error: Relative import climbs too many namespaces  [misc]
(pybel)pybel/src/pybel/manager/lookup_manager.py:17: error: Missing return statement  [return]
(pybel)pybel/src/pybel/manager/exc.py:5: error: Relative import climbs too many namespaces  [misc]
(pybel)pybel/src/pybel/manager/exc.py:6: error: Relative import climbs too many namespaces  [misc]
(pybel)pybel/src/pybel/parser/modifiers/gene_modification.py:47: error: Relative import climbs too many namespaces  [misc]
(pybel)pybel/src/pybel/parser/modifiers/gene_modification.py:48: error: Relative import climbs too many namespaces  [misc]
(pybel)pybel/src/pybel/parser/modifiers/gene_modification.py:49: error: Relative import climbs too many namespaces  [misc]
(pybel)pybel/src/pybel/parser/modifiers/variant.py:47: error: Relative import climbs too many namespaces  [misc]
(pybel)pybel/src/pybel/parser/modifiers/variant.py:48: error: Relative import climbs too many namespaces  [misc]
(pybel)pybel/src/pybel/parser/modifiers/location.py:49: error: Relative import climbs too many namespaces  [misc]
(pybel)pybel/src/pybel/parser/modifiers/location.py:50: error: Relative import climbs too many namespaces  [misc]
(pybel)pybel/src/pybel/parser/modifiers/fusion.py:45: error: Relative import climbs too many namespaces  [misc]
(pybel)pybel/src/pybel/parser/modifiers/fusion.py:46: error: Relative import climbs too many namespaces  [misc]
(pybel)pybel/src/pybel/parser/modifiers/fragment.py:64: error: Relative import climbs too many namespaces  [misc]
(pybel)pybel/src/pybel/parser/modifiers/fragment.py:65: error: Relative import climbs too many namespaces  [misc]
(pybel)pybel/src/pybel/struct/summary/node_summary.py:10: error: Relative import climbs too many namespaces  [misc]
(pybel)pybel/src/pybel/struct/summary/node_summary.py:11: error: Relative import climbs too many namespaces  [misc]
(pybel)pybel/src/pybel/struct/summary/node_summary.py:15: error: Relative import climbs too many namespaces  [misc]
(pybel)pybel/src/pybel/struct/summary/node_summary.py:101: error: Need type annotation for 'rv'  [var-annotated]
(pybel)pybel/src/pybel/struct/filters/node_predicates.py:11: error: Relative import climbs too many namespaces  [misc]
(pybel)pybel/src/pybel/struct/filters/node_predicates.py:12: error: Relative import climbs too many namespaces  [misc]
(pybel)pybel/src/pybel/struct/filters/node_predicates.py:16: error: Relative import climbs too many namespaces  [misc]
(pybel)pybel/src/pybel/struct/filters/edge_predicates.py:10: error: Relative import climbs too many namespaces  [misc]
(pybel)pybel/src/pybel/struct/filters/edge_predicates.py:11: error: Relative import climbs too many namespaces  [misc]
(pybel)pybel/src/pybel/struct/filters/edge_predicates.py:16: error: Relative import climbs too many namespaces  [misc]
(pybel)pybel/src/pybel/struct/filters/edge_predicates.py:17: error: Relative import climbs too many namespaces  [misc]
(pybel)pybel/src/pybel/struct/mutation/collapse/collapse.py:8: error: Relative import climbs too many namespaces  [misc]
(pybel)pybel/src/pybel/struct/mutation/collapse/collapse.py:9: error: Relative import climbs too many namespaces  [misc]
(pybel)pybel/src/pybel/struct/mutation/collapse/collapse.py:10: error: Relative import climbs too many namespaces  [misc]
(pybel)pybel/src/pybel/struct/mutation/collapse/collapse.py:11: error: Relative import climbs too many namespaces  [misc]
(pybel)pybel/src/pybel/struct/mutation/collapse/collapse.py:12: error: Relative import climbs too many namespaces  [misc]
(pybel)pybel/src/pybel/io/gpickle.py:11: error: Relative import climbs too many namespaces  [misc]
(pybel)pybel/src/pybel/struct/query/query.py:11: error: Relative import climbs too many namespaces  [misc]
(pybel)pybel/src/pybel/struct/query/query.py:12: error: Relative import climbs too many namespaces  [misc]
(pybel)pybel/src/pybel/struct/query/selection.py:12: error: Relative import climbs too many namespaces  [misc]
(pybel)pybel/src/pybel/struct/query/selection.py:17: error: Relative import climbs too many namespaces  [misc]
(pybel)pybel/src/pybel/struct/query/selection.py:73: error: Value of type "Optional[Any]" is not indexable  [index]
(pybel)pybel/src/pybel/struct/query/selection.py:73: error: Item "None" of "Optional[Any]" has no attribute "get"  [union-attr]
(pybel)pybel/src/pybel/struct/query/selection.py:78: error: Item "None" of "Optional[Any]" has no attribute "get"  [union-attr]
(pybel)pybel/src/pybel/struct/query/selection.py:79: error: Item "None" of "Optional[Any]" has no attribute "get"  [union-attr]
(pybel)pybel/src/pybel/struct/query/seeding.py:13: error: Relative import climbs too many namespaces  [misc]
(pybel)pybel/src/pybel/struct/query/seeding.py:14: error: Relative import climbs too many namespaces  [misc]
(pybel)pybel/src/pybel/struct/query/seeding.py:15: error: Relative import climbs too many namespaces  [misc]
(pybel)pybel/src/pybel/struct/pipeline/decorators.py:27: error: Need type annotation for 'mapped' (hint: "mapped: Dict[<type>, <type>] = ...")  [var-annotated]
(pybel)pybel/src/pybel/struct/pipeline/pipeline.py:13: error: Relative import climbs too many namespaces  [misc]
(pybel)pybel/src/pybel/struct/pipeline/pipeline.py:137: error: Incompatible types in assignment (expression has type "Tuple[Any, ...]", target has type "str")  [assignment]
(pybel)pybel/src/pybel/struct/pipeline/pipeline.py:140: error: Incompatible types in assignment (expression has type "Dict[str, Any]", target has type "str")  [assignment]
(pybel)pybel/src/pybel/struct/pipeline/pipeline.py:142: error: "Iterable[Dict[Any, Any]]" has no attribute "append"  [attr-defined]
(pybel)pybel/src/pybel/struct/pipeline/pipeline.py:257: error: Incompatible return value type (got "Iterable[Dict[Any, Any]]", expected "List[Any]")  [return-value]
(pybel)pybel/src/pybel/struct/mutation/induction/citation.py:8: error: Relative import climbs too many namespaces  [misc]
(pybel)pybel/src/pybel/struct/mutation/induction/citation.py:9: error: Relative import climbs too many namespaces  [misc]
(pybel)pybel/src/pybel/struct/mutation/induction/random_subgraph.py:11: error: Relative import climbs too many namespaces  [misc]
(pybel)pybel/src/pybel/struct/mutation/induction/random_subgraph.py:12: error: Relative import climbs too many namespaces  [misc]
(pybel)pybel/src/pybel/struct/mutation/induction/random_subgraph.py:13: error: Relative import climbs too many namespaces  [misc]
(pybel)pybel/src/pybel/struct/mutation/induction/random_subgraph.py:14: error: Relative import climbs too many namespaces  [misc]
(pybel)pybel/src/pybel/struct/mutation/induction/random_subgraph.py:112: error: Return value expected  [return-value]
(pybel)pybel/src/pybel/struct/mutation/induction/paths.py:13: error: Relative import climbs too many namespaces  [misc]
(pybel)pybel/src/pybel/struct/mutation/induction/paths.py:14: error: Relative import climbs too many namespaces  [misc]
(pybel)pybel/src/pybel/struct/mutation/induction/paths.py:15: error: Relative import climbs too many namespaces  [misc]
(pybel)pybel/src/pybel/struct/mutation/induction/paths.py:125: error: Incompatible return value type (got "List[Any]", expected "Tuple[Any, Any]")  [return-value]
(pybel)pybel/src/pybel/struct/mutation/metadata.py:7: error: Relative import climbs too many namespaces  [misc]
(pybel)pybel/src/pybel/struct/mutation/metadata.py:8: error: Relative import climbs too many namespaces  [misc]
(pybel)pybel/src/pybel/struct/mutation/induction_expansion.py:12: error: Relative import climbs too many namespaces  [misc]
(pybel)pybel/src/pybel/struct/mutation/induction_expansion.py:13: error: Relative import climbs too many namespaces  [misc]
(pybel)pybel/src/pybel/struct/grouping/annotations.py:9: error: Relative import climbs too many namespaces  [misc]
(pybel)pybel/src/pybel/testing/generate.py:9: error: Relative import climbs too many namespaces  [misc]
(pybel)pybel/src/pybel/testing/generate.py:10: error: Relative import climbs too many namespaces  [misc]
(pybel)pybel/src/pybel/io/lines.py:12: error: Relative import climbs too many namespaces  [misc]
(pybel)pybel/src/pybel/io/jgif.py:16: error: Relative import climbs too many namespaces  [misc]
(pybel)pybel/src/pybel/io/jgif.py:20: error: Relative import climbs too many namespaces  [misc]
(pybel)pybel/src/pybel/io/jgif.py:21: error: Relative import climbs too many namespaces  [misc]
(pybel)pybel/src/pybel/io/jgif.py:22: error: Relative import climbs too many namespaces  [misc]
(pybel)pybel/src/pybel/io/nodelink.py:12: error: Relative import climbs too many namespaces  [misc]
(pybel)pybel/src/pybel/io/nodelink.py:13: error: Relative import climbs too many namespaces  [misc]
(pybel)pybel/src/pybel/io/nodelink.py:14: error: Relative import climbs too many namespaces  [misc]
(pybel)pybel/src/pybel/io/nodelink.py:15: error: Relative import climbs too many namespaces  [misc]
(pybel)pybel/src/pybel/io/line_utils.py:15: error: Relative import climbs too many namespaces  [misc]
(pybel)pybel/src/pybel/io/line_utils.py:16: error: Relative import climbs too many namespaces  [misc]
(pybel)pybel/src/pybel/io/line_utils.py:17: error: Relative import climbs too many namespaces  [misc]
(pybel)pybel/src/pybel/io/line_utils.py:18: error: Relative import climbs too many namespaces  [misc]
(pybel)pybel/src/pybel/io/line_utils.py:22: error: Relative import climbs too many namespaces  [misc]
(pybel)pybel/src/pybel/io/line_utils.py:145: error: Assignment to variable 'exc' outside except: block  [misc]
(pybel)pybel/src/pybel/io/line_utils.py:146: error: Trying to read deleted variable 'exc'  [misc]
(pybel)pybel/src/pybel/io/line_utils.py:156: error: Assignment to variable 'exc' outside except: block  [misc]
(pybel)pybel/src/pybel/io/line_utils.py:158: error: Trying to read deleted variable 'exc'  [misc]
(pybel)pybel/src/pybel/io/extras.py:10: error: Relative import climbs too many namespaces  [misc]
(pybel)pybel/src/pybel/io/extras.py:11: error: Relative import climbs too many namespaces  [misc]
(pybel)pybel/src/pybel/manager/base_manager.py:12: error: Relative import climbs too many namespaces  [misc]
(pybel)pybel/src/pybel/manager/query_manager.py:13: error: Relative import climbs too many namespaces  [misc]
(pybel)pybel/src/pybel/manager/query_manager.py:14: error: Relative import climbs too many namespaces  [misc]
(pybel)pybel/src/pybel/manager/query_manager.py:15: error: Relative import climbs too many namespaces  [misc]
(pybel)pybel/src/pybel/manager/query_manager.py:157: error: Too few arguments for "count" of "list"  [call-arg]
(pybel)pybel/src/pybel/manager/query_manager.py:159: error: "List[Any]" has no attribute "first"  [attr-defined]
(pybel)pybel/src/pybel/manager/query_manager.py:168: error: "List[Any]" has no attribute "all"  [attr-defined]
(pybel)pybel/src/pybel/manager/make_json_serializable.py:14: error: Need type annotation for '__all__' (hint: "__all__: List[<type>] = ...")  [var-annotated]
(pybel)pybel/src/pybel/manager/make_json_serializable.py:21: error: "Callable[[Any, Any], Any]" has no attribute "default"  [attr-defined]
(pybel)pybel/src/pybel/manager/make_json_serializable.py:22: error: Cannot assign to a method  [assignment]
(pybel)pybel/src/pybel/parser/modifiers/protein_modification.py:82: error: Relative import climbs too many namespaces  [misc]
(pybel)pybel/src/pybel/parser/modifiers/protein_modification.py:83: error: Relative import climbs too many namespaces  [misc]
(pybel)pybel/src/pybel/parser/modifiers/protein_modification.py:84: error: Relative import climbs too many namespaces  [misc]
(pybel)pybel/src/pybel/parser/modifiers/truncation.py:43: error: Relative import climbs too many namespaces  [misc]
(pybel)pybel/src/pybel/parser/modifiers/truncation.py:44: error: Relative import climbs too many namespaces  [misc]
(pybel)pybel/src/pybel/parser/modifiers/protein_substitution.py:39: error: Relative import climbs too many namespaces  [misc]
(pybel)pybel/src/pybel/parser/modifiers/protein_substitution.py:40: error: Relative import climbs too many namespaces  [misc]
(pybel)pybel/src/pybel/parser/parse_concept.py:16: error: Relative import climbs too many namespaces  [misc]
(pybel)pybel/src/pybel/parser/parse_concept.py:94: error: Incompatible return value type (got "Union[bool, Match[Any], None]", expected "bool")  [return-value]
(pybel)pybel/src/pybel/parser/parse_metadata.py:14: error: Relative import climbs too many namespaces  [misc]
(pybel)pybel/src/pybel/parser/parse_metadata.py:19: error: Relative import climbs too many namespaces  [misc]
(pybel)pybel/src/pybel/parser/parse_metadata.py:77: error: Need type annotation for 'uncachable_namespaces' (hint: "uncachable_namespaces: Set[<type>] = ...")  [var-annotated]
(pybel)pybel/src/pybel/parser/parse_metadata.py:91: error: Need type annotation for 'document_metadata' (hint: "document_metadata: Dict[<type>, <type>] = ...")  [var-annotated]
(pybel)pybel/src/pybel/parser/parse_metadata.py:94: error: Need type annotation for 'namespace_url_dict' (hint: "namespace_url_dict: Dict[<type>, <type>] = ...")  [var-annotated]
(pybel)pybel/src/pybel/parser/parse_metadata.py:96: error: Need type annotation for 'annotation_url_dict' (hint: "annotation_url_dict: Dict[<type>, <type>] = ...")  [var-annotated]
(pybel)pybel/src/pybel/parser/parse_metadata.py:184: error: Unsupported target for indexed assignment  [index]
(pybel)pybel/src/pybel/parser/parse_metadata.py:187: error: Unsupported target for indexed assignment  [index]
(pybel)pybel/src/pybel/parser/parse_metadata.py:198: error: Unsupported target for indexed assignment  [index]
(pybel)pybel/src/pybel/parser/parse_metadata.py:223: error: Unsupported target for indexed assignment  [index]
(pybel)pybel/src/pybel/parser/parse_metadata.py:234: error: Unsupported target for indexed assignment  [index]
(pybel)pybel/src/pybel/parser/parse_metadata.py:244: error: Unsupported target for indexed assignment  [index]
(pybel)pybel/src/pybel/canonicalize.py:236: error: Argument 1 to "_unset_annotation_to_str" has incompatible type "Sequence[Any]"; expected "List[str]"  [arg-type]
(pybel)pybel/src/pybel/canonicalize.py:305: error: Argument 2 to "to_bel" has incompatible type "IO[Any]"; expected "Optional[TextIO]"  [arg-type]
(pybel)pybel/src/pybel/utils.py:33: error: Need type annotation for 'rdict'  [var-annotated]
(pybel)pybel/src/pybel/utils.py:62: error: Need type annotation for 'items' (hint: "items: Dict[<type>, <type>] = ...")  [var-annotated]
(pybel)pybel/src/pybel/utils.py:124: error: Function "datetime.datetime.date" is not valid as a type  [valid-type]
(pybel)pybel/src/pybel/utils.py:124: note: Perhaps you need "Callable[...]" or a callback protocol?
(pybel)pybel/src/pybel/utils.py:141: error: Missing return statement  [return]
(pybel)pybel/src/pybel/utils.py:265: error: Return value expected  [return-value]
(pybel)pybel/src/pybel/utils.py:272: error: Return value expected  [return-value]
(pybel)pybel/src/pybel/utils.py:287: error: Incompatible types in assignment (expression has type "Tuple[Any]", variable has type "Tuple[Any, Any, Any]")  [assignment]
(pybel)pybel/src/pybel/utils.py:291: error: Incompatible types in assignment (expression has type "Tuple[Any]", variable has type "Tuple[Any, Any, Any]")  [assignment]
(pybel)pybel/src/pybel/utils.py:305: error: Incompatible types in assignment (expression has type "Tuple[Any, Any, Any, Any, Any]", variable has type "Tuple[Any, Any, Any]")  [assignment]
(pybel)pybel/src/pybel/utils.py:312: error: Incompatible types in assignment (expression has type "Tuple[Any]", variable has type "Tuple[Any, Any, Any]")  [assignment]
(pybel)pybel/tests/test_manager/test_connection.py:15: error: Name 'mock' already defined (by an import)  [no-redef]
(pybel)pybel/tests/test_cli.py:25: error: Argument 1 to "skip" has incompatible type "Type[TestCli]"; expected "str"  [arg-type]
(pybel)pybel/src/pybel/testing/cases.py:10: error: Relative import climbs too many namespaces  [misc]
(pybel)pybel/src/pybel/testing/cases.py:11: error: Relative import climbs too many namespaces  [misc]
(pybel)pybel/src/pybel/io/web.py:12: error: Relative import climbs too many namespaces  [misc]
(pybel)pybel/src/pybel/io/web.py:13: error: Relative import climbs too many namespaces  [misc]
(pybel)pybel/src/pybel/io/web.py:14: error: Relative import climbs too many namespaces  [misc]
(pybel)pybel/src/pybel/io/web.py:15: error: Relative import climbs too many namespaces  [misc]
(pybel)pybel/src/pybel/manager/citation_utils.py:14: error: Relative import climbs too many namespaces  [misc]
(pybel)pybel/src/pybel/manager/citation_utils.py:15: error: Relative import climbs too many namespaces  [misc]
(pybel)pybel/src/pybel/manager/citation_utils.py:16: error: Relative import climbs too many namespaces  [misc]
(pybel)pybel/src/pybel/manager/citation_utils.py:17: error: Relative import climbs too many namespaces  [misc]
(pybel)pybel/src/pybel/manager/citation_utils.py:39: error: Missing return statement  [return]
(pybel)pybel/src/pybel/manager/citation_utils.py:153: error: Argument 1 to "clean_pubmed_identifiers" has incompatible type "Iterable[Union[str, int]]"; expected "Iterable[str]"  [arg-type]
Found 198 errors in 61 files (checked 105 source files)

[RRepo](thismachinechills)save_skype
(thismachinechills)save_skype/save_skype/extract.py:80: error: The return type of a generator function should be "Generator" or one of its supertypes  [misc]
(thismachinechills)save_skype/save_skype/extract.py:87: error: List or tuple literal expected as the second argument to namedtuple()  [misc]
(thismachinechills)save_skype/save_skype/extract.py:96: error: Need type annotation for 'skype_map'  [var-annotated]
(thismachinechills)save_skype/save_skype/extract.py:104: error: The return type of a generator function should be "Generator" or one of its supertypes  [misc]
Found 4 errors in 1 file (checked 2 source files)

[RRepo](bggardner)canopen-rpi
(bggardner)canopen-rpi/socketcan/__init__.py:109: error: Signature of "send" incompatible with supertype "socket"  [override]
(bggardner)canopen-rpi/socketcan/__init__.py:117: error: Signature of "sendall" incompatible with supertype "socket"  [override]
(bggardner)canopen-rpi/socketcanopen/indicators.py:45: error: Name 'NMT_STATE_INITIALISATION' is not defined  [name-defined]
(bggardner)canopen-rpi/adapters/can-udp.py:32: error: Argument 1 to "append" of "list" has incompatible type "socket"; expected "Bus"  [arg-type]
(bggardner)canopen-rpi/adapters/can-udp.py:46: error: Too many arguments for "recv"  [call-arg]
(bggardner)canopen-rpi/websocket/__init__.py:89: error: Incompatible types in assignment (expression has type "Tuple[Any, ...]", variable has type "int")  [assignment]
(bggardner)canopen-rpi/websocket/__init__.py:92: error: Incompatible types in assignment (expression has type "Tuple[Any, ...]", variable has type "int")  [assignment]
Found 7 errors in 4 files (checked 5 source files)

[RRepo](wasp)waspy
(wasp)waspy/waspy/exceptions.py:10: error: Cannot determine type of 'status'  [has-type]
(wasp)waspy/waspy/exceptions.py:12: error: Cannot determine type of 'body'  [has-type]
(wasp)waspy/waspy/exceptions.py:14: error: Cannot determine type of 'reason'  [has-type]
(wasp)waspy/waspy/exceptions.py:16: error: Cannot determine type of 'log'  [has-type]
(wasp)waspy/waspy/exceptions.py:18: error: Cannot determine type of 'content_type'  [has-type]
(wasp)waspy/waspy/webtypes.py:48: error: Cannot find replacement for named format specifier "key"  [str-format]
(wasp)waspy/waspy/webtypes.py:48: error: Not all arguments converted during string formatting  [str-format]
(wasp)waspy/waspy/webtypes.py:165: error: Need type annotation for 'path_params' (hint: "path_params: Dict[<type>, <type>] = ...")  [var-annotated]
(wasp)waspy/waspy/webtypes.py:190: error: Incompatible types in assignment (expression has type "Dict[<nothing>, <nothing>]", variable has type "None")  [assignment]
(wasp)waspy/waspy/webtypes.py:193: error: Need type annotation for 'cookie_manager'  [var-annotated]
(wasp)waspy/waspy/webtypes.py:194: error: Incompatible types in assignment (expression has type "Dict[str, str]", variable has type "None")  [assignment]
(wasp)waspy/waspy/webtypes.py:195: error: Incompatible return value type (got "None", expected "Dict[Any, Any]")  [return-value]
(wasp)waspy/waspy/webtypes.py:202: error: Incompatible return value type (got "None", expected "QueryParams")  [return-value]
(wasp)waspy/waspy/parser.py:29: error: Incompatible return value type (got "str", expected "bytes")  [return-value]
(wasp)waspy/waspy/parser.py:39: error: Need type annotation for 'parsers' (hint: "parsers: Dict[<type>, <type>] = ...")  [var-annotated]
(wasp)waspy/waspy/transports/httptransport.py:10: error: Relative import climbs too many namespaces  [misc]
(wasp)waspy/waspy/client.py:28: error: Function "asyncio.coroutines.coroutine" is not valid as a type  [valid-type]
(wasp)waspy/waspy/client.py:28: note: Perhaps you need "Callable[...]" or a callback protocol?
Found 17 errors in 5 files (checked 23 source files)

