[RRepo](guardian)alerta
(guardian)alerta/alerta/exceptions.py:65:8: error: Unsupported operand types for <= ("int" and "None")  [operator]
(guardian)alerta/alerta/exceptions.py:65:22: note: Left operand is of type "Optional[int]"
(guardian)alerta/alerta/exceptions.py:67:12: error: Incompatible return value type (got "Tuple[Any, Optional[int]]", expected "Tuple[Response, int]")  [return-value]
(guardian)alerta/alerta/utils/logging.py:51:35: error: Module has no attribute "BASIC_FORMAT"  [attr-defined]
(guardian)alerta/alerta/utils/logging.py:102:21: error: Name 'logging.Filter' is not defined  [name-defined]
(guardian)alerta/alerta/utils/logging.py:125:21: error: Name 'logging.Formatter' is not defined  [name-defined]

[RRepo](michaeljoseph)changes
(michaeljoseph)changes/changes/models/__init__.py:102:34: error: Argument 1 to "RawConfigParser" has incompatible type "str"; expected "Optional[Mapping[str, str]]"  [arg-type]
(michaeljoseph)changes/changes/models/repository.py:189:6: error: Name 'description' already defined on line 183  [no-redef]
(michaeljoseph)changes/changes/models/repository.py:193:6: error: Name 'author' already defined on line 184  [no-redef]
(michaeljoseph)changes/changes/probe.py:8:1: error: Module 'changes' has no attribute 'exceptions'  [attr-defined]
(michaeljoseph)changes/tests/test_probe.py:6:1: error: Module 'changes' has no attribute 'exceptions'  [attr-defined]
Found 5 errors in 4 files (checked 31 source files)

[RRepo](HoldYourBreath)Library
(HoldYourBreath)Library/tests/test_server.py:127:16: error: Incompatible return value type (got "UserSession", expected "str")  [return-value]
(HoldYourBreath)Library/library/server.py:37:5: error: Too few arguments for "run"  [call-arg]
(HoldYourBreath)Library/library/app.py:40:27: error: Argument 1 to "join" has incompatible type "Optional[str]"; expected "Union[str, _PathLike[str]]"  [arg-type]
Found 3 errors in 3 files (checked 28 source files)

[RRepo](gaborvecsei)Color-Tracker
(gaborvecsei)Color-Tracker/color_tracker/utils/color_range_detector.py:15:9: error: Need type annotation for '_trackbars' (hint: "_trackbars: List[<type>] = ...")  [var-annotated]
(gaborvecsei)Color-Tracker/color_tracker/utils/tracker_object.py:7:32: error: Need type annotation for '_tracked_points'  [var-annotated]
(gaborvecsei)Color-Tracker/color_tracker/tracker/tracker.py:32:9: error: Need type annotation for '_tracked_objects' (hint: "_tracked_objects: List[<type>] = ...")  [var-annotated]
(gaborvecsei)Color-Tracker/color_tracker/tracker/tracker.py:66:35: error: Incompatible types in assignment (expression has type "Callable[[ColorTracker], None]", variable has type "None")  [assignment]
(gaborvecsei)Color-Tracker/color_tracker/tracker/tracker.py:157:20: error: Unsupported operand types for < ("int" and "None")  [operator]
(gaborvecsei)Color-Tracker/color_tracker/tracker/tracker.py:157:20: note: Right operand is of type "Optional[int]"
(gaborvecsei)Color-Tracker/color_tracker/tracker/tracker.py:172:37: error: "None" has no attribute "copy"  [attr-defined]
(gaborvecsei)Color-Tracker/color_tracker/utils/visualize.py:15:15: error: List comprehension has incompatible type List[List[int]]; expected List[Tuple[float, float, float]]  [misc]
Found 7 errors in 4 files (checked 8 source files)

[RRepo](chongkong)rocat
(chongkong)rocat/rocat/finder.py:7:1: error: Need type annotation for '_actors_refs' (hint: "_actors_refs: Dict[<type>, <type>] = ...")  [var-annotated]
(chongkong)rocat/rocat/role.py:9:1: error: Need type annotation for '_roles' (hint: "_roles: Dict[<type>, <type>] = ...")  [var-annotated]
(chongkong)rocat/rocat/actor.py:12:5: error: Need type annotation for 'contexts' (hint: "contexts: Dict[<type>, <type>] = ...")  [var-annotated]
(chongkong)rocat/rocat/actor.py:16:16: error: Incompatible return value type (got "Optional[Any]", expected "ActorContext")  [return-value]
Found 4 errors in 3 files (checked 7 source files)

[RRepo](juancarlospaco)anglerfish
(juancarlospaco)anglerfish/anglerfish/json2xml.py:13:35: error: Need type annotation for 'result_deque'  [var-annotated]
(juancarlospaco)anglerfish/anglerfish/make_autochecksum.py:28:1: error: Missing return statement  [return]
(juancarlospaco)anglerfish/anglerfish/make_autochecksum.py:30:16: error: Incompatible types in assignment (expression has type "Path", variable has type "str")  [assignment]
(juancarlospaco)anglerfish/anglerfish/make_autochecksum.py:31:31: error: "str" has no attribute "suffixes"  [attr-defined]
(juancarlospaco)anglerfish/anglerfish/make_autochecksum.py:32:33: error: "str" has no attribute "as_posix"  [attr-defined]
(juancarlospaco)anglerfish/anglerfish/make_autochecksum.py:33:29: error: "str" has no attribute "as_posix"  [attr-defined]
(juancarlospaco)anglerfish/anglerfish/make_autochecksum.py:33:53: error: "str" has no attribute "is_file"  [attr-defined]
(juancarlospaco)anglerfish/anglerfish/make_autochecksum.py:34:24: error: "str" has no attribute "as_posix"  [attr-defined]
(juancarlospaco)anglerfish/anglerfish/make_autochecksum.py:35:20: error: Incompatible return value type (got "bool", expected "Path")  [return-value]
(juancarlospaco)anglerfish/anglerfish/make_autochecksum.py:36:30: error: "str" has no attribute "as_posix"  [attr-defined]
(juancarlospaco)anglerfish/anglerfish/make_autochecksum.py:37:20: error: Incompatible return value type (got "bool", expected "Path")  [return-value]
(juancarlospaco)anglerfish/anglerfish/make_autochecksum.py:38:30: error: "str" has no attribute "as_posix"  [attr-defined]
(juancarlospaco)anglerfish/anglerfish/make_autochecksum.py:40:17: error: "str" has no attribute "as_posix"  [attr-defined]
(juancarlospaco)anglerfish/anglerfish/make_autochecksum.py:41:13: error: "str" has no attribute "rename"  [attr-defined]
(juancarlospaco)anglerfish/anglerfish/make_autochecksum.py:42:20: error: Incompatible return value type (got "str", expected "Path")  [return-value]
(juancarlospaco)anglerfish/anglerfish/make_autochecksum.py:43:10: error: "str" has no attribute "is_file"  [attr-defined]
(juancarlospaco)anglerfish/anglerfish/make_autochecksum.py:45:13: error: "str" has no attribute "as_posix"  [attr-defined]
(juancarlospaco)anglerfish/anglerfish/make_autochecksum.py:46:9: error: "str" has no attribute "rename"  [attr-defined]
(juancarlospaco)anglerfish/anglerfish/make_autochecksum.py:47:16: error: Incompatible return value type (got "str", expected "Path")  [return-value]
(juancarlospaco)anglerfish/anglerfish/string2stealth.py:16:15: error: Incompatible types in assignment (expression has type "object", variable has type "str")  [assignment]
(juancarlospaco)anglerfish/anglerfish/make_watch.py:12:1: error: Missing return statement  [return]
(juancarlospaco)anglerfish/anglerfish/make_watch.py:18:9: error: "object" has no attribute "debug"  [attr-defined]
(juancarlospaco)anglerfish/anglerfish/make_watch.py:18:42: error: "print" does not return a value  [func-returns-value]
(juancarlospaco)anglerfish/anglerfish/make_watch.py:33:17: error: "object" has no attribute "debug"  [attr-defined]
(juancarlospaco)anglerfish/anglerfish/make_watch.py:33:50: error: "print" does not return a value  [func-returns-value]
(juancarlospaco)anglerfish/anglerfish/stealth2string.py:24:15: error: No overload variant of "decode" matches argument types "str", "str"  [call-overload]
(juancarlospaco)anglerfish/anglerfish/stealth2string.py:24:15: note: Possible overload variants:
(juancarlospaco)anglerfish/anglerfish/stealth2string.py:24:15: note:     def decode(obj: bytes, encoding: Union[Literal['base64'], Literal['base_64'], Literal['base64_codec'], Literal['bz2'], Literal['bz2_codec'], Literal['hex'], Literal['hex_codec'], Literal['quopri'], Literal['quotedprintable'], Literal['quoted_printable'], Literal['quopri_codec'], Literal['uu'], Literal['uu_codec'], Literal['zip'], Literal['zlib'], Literal['zlib_codec']], errors: str = ...) -> bytes
(juancarlospaco)anglerfish/anglerfish/stealth2string.py:24:15: note:     def decode(obj: str, encoding: Union[Literal['rot13'], Literal['rot_13']] = ..., errors: str = ...) -> str
(juancarlospaco)anglerfish/anglerfish/stealth2string.py:24:15: note:     def decode(obj: bytes, encoding: str = ..., errors: str = ...) -> str
(juancarlospaco)anglerfish/anglerfish/get_random_font.py:29:23: error: Incompatible types in assignment (expression has type "Tuple[str, ...]", variable has type "Tuple[str, str, str, str, str, str, str, str, str, str, str, str, str, str, str, str, str, str, str, str, str, str, str, str, str, str, str, str, str, str, str, str, str, str, str, str, str, str, str, str, str, str, str, str, str, str, str, str]")  [assignment]
(juancarlospaco)anglerfish/anglerfish/get_random_font.py:41:23: error: Incompatible types in assignment (expression has type "Tuple[str, ...]", variable has type "Tuple[str, str, str, str, str, str, str, str, str, str, str, str, str, str]")  [assignment]
(juancarlospaco)anglerfish/anglerfish/get_random_font.py:65:23: error: Incompatible types in assignment (expression has type "Tuple[str, ...]", variable has type <tuple: 101 items>)  [assignment]
(juancarlospaco)anglerfish/anglerfish/get_random_font.py:87:23: error: Incompatible types in assignment (expression has type "Tuple[str, ...]", variable has type <tuple: 92 items>)  [assignment]
(juancarlospaco)anglerfish/anglerfish/get_random_font.py:107:23: error: Incompatible types in assignment (expression has type "Tuple[str, ...]", variable has type <tuple: 80 items>)  [assignment]
(juancarlospaco)anglerfish/anglerfish/get_random_font.py:117:23: error: Incompatible types in assignment (expression has type "Tuple[str, ...]", variable has type "Tuple[str, str, str, str, str]")  [assignment]
(juancarlospaco)anglerfish/anglerfish/set_display_off.py:14:1: error: Missing return statement  [return]
(juancarlospaco)anglerfish/anglerfish/walk2dict.py:17:5: error: Incompatible import of "dumps" (imported name has type "Callable[[Any, DefaultNamedArg(bool, 'skipkeys'), DefaultNamedArg(bool, 'ensure_ascii'), DefaultNamedArg(bool, 'check_circular'), DefaultNamedArg(bool, 'allow_nan'), DefaultNamedArg(Optional[Type[JSONEncoder]], 'cls'), DefaultNamedArg(Union[None, int, str], 'indent'), DefaultNamedArg(Optional[Tuple[str, str]], 'separators'), DefaultNamedArg(Optional[Callable[[Any], Any]], 'default'), DefaultNamedArg(bool, 'sort_keys'), KwArg(Any)], str]", local name has type "Callable[[Any, bool, int, bool, bool, bool, int], str]")  [misc]
(juancarlospaco)anglerfish/anglerfish/walk2dict.py:22:61: error: Function "collections.namedtuple" is not valid as a type  [valid-type]
(juancarlospaco)anglerfish/anglerfish/walk2dict.py:22:61: note: Perhaps you need "Callable[...]" or a callback protocol?
(juancarlospaco)anglerfish/anglerfish/walk2dict.py:32:46: error: Argument "onerror" to "walk" has incompatible type "Optional[object]"; expected "Optional[Callable[[OSError], Any]]"  [arg-type]
(juancarlospaco)anglerfish/anglerfish/walk2dict.py:50:21: error: Incompatible types in assignment (expression has type "List[str]", target has type "str")  [assignment]
(juancarlospaco)anglerfish/anglerfish/walk2dict.py:51:22: error: Incompatible types in assignment (expression has type "List[<nothing>]", target has type "str")  [assignment]
(juancarlospaco)anglerfish/anglerfish/walk2dict.py:58:41: error: 'os.stat_result' object is not iterable  [misc]
(juancarlospaco)anglerfish/anglerfish/walk2dict.py:60:29: error: Cannot determine type of 'mode'  [has-type]
(juancarlospaco)anglerfish/anglerfish/walk2dict.py:61:28: error: Cannot determine type of 'ino'  [has-type]
(juancarlospaco)anglerfish/anglerfish/walk2dict.py:62:28: error: Cannot determine type of 'dev'  [has-type]
(juancarlospaco)anglerfish/anglerfish/walk2dict.py:63:30: error: Cannot determine type of 'nlink'  [has-type]
(juancarlospaco)anglerfish/anglerfish/walk2dict.py:64:28: error: Cannot determine type of 'uid'  [has-type]
(juancarlospaco)anglerfish/anglerfish/walk2dict.py:65:28: error: Cannot determine type of 'gid'  [has-type]
(juancarlospaco)anglerfish/anglerfish/walk2dict.py:66:29: error: Cannot determine type of 'size'  [has-type]
(juancarlospaco)anglerfish/anglerfish/walk2dict.py:67:30: error: Cannot determine type of 'atime'  [has-type]
(juancarlospaco)anglerfish/anglerfish/walk2dict.py:68:30: error: Cannot determine type of 'mtime'  [has-type]
(juancarlospaco)anglerfish/anglerfish/walk2dict.py:69:30: error: Cannot determine type of 'ctime'  [has-type]
(juancarlospaco)anglerfish/anglerfish/walk2dict.py:70:17: error: "str" has no attribute "append"  [attr-defined]
(juancarlospaco)anglerfish/anglerfish/walk2dict.py:76:12: error: Too many arguments for "tuple"  [call-arg]
(juancarlospaco)anglerfish/anglerfish/seconds2human.py:19:5: error: Incompatible import of "dumps" (imported name has type "Callable[[Any, DefaultNamedArg(bool, 'skipkeys'), DefaultNamedArg(bool, 'ensure_ascii'), DefaultNamedArg(bool, 'check_circular'), DefaultNamedArg(bool, 'allow_nan'), DefaultNamedArg(Optional[Type[JSONEncoder]], 'cls'), DefaultNamedArg(Union[None, int, str], 'indent'), DefaultNamedArg(Optional[Tuple[str, str]], 'separators'), DefaultNamedArg(Optional[Callable[[Any], Any]], 'default'), DefaultNamedArg(bool, 'sort_keys'), KwArg(Any)], str]", local name has type "Callable[[Any, bool, int, bool, bool, bool, int], str]")  [misc]
(juancarlospaco)anglerfish/anglerfish/seconds2human.py:22:69: error: Function "collections.namedtuple" is not valid as a type  [valid-type]
(juancarlospaco)anglerfish/anglerfish/seconds2human.py:22:69: note: Perhaps you need "Callable[...]" or a callback protocol?
(juancarlospaco)anglerfish/anglerfish/seconds2human.py:36:18: error: Too many arguments for "tuple"  [call-arg]
(juancarlospaco)anglerfish/anglerfish/seconds2human.py:41:9: error: Argument 1 to "tuple" has incompatible type "int"; expected "Iterable[Any]"  [arg-type]
(juancarlospaco)anglerfish/anglerfish/seconds2human.py:46:35: error: Need type annotation for 'time_parts'  [var-annotated]
(juancarlospaco)anglerfish/anglerfish/seconds2human.py:106:12: error: Too many arguments for "tuple"  [call-arg]
(juancarlospaco)anglerfish/anglerfish/seconds2human.py:113:36: error: Function "collections.namedtuple" is not valid as a type  [valid-type]
(juancarlospaco)anglerfish/anglerfish/seconds2human.py:113:36: note: Perhaps you need "Callable[...]" or a callback protocol?
(juancarlospaco)anglerfish/anglerfish/seconds2human.py:118:34: error: Function "collections.namedtuple" is not valid as a type  [valid-type]
(juancarlospaco)anglerfish/anglerfish/seconds2human.py:118:34: note: Perhaps you need "Callable[...]" or a callback protocol?
(juancarlospaco)anglerfish/anglerfish/seconds2human.py:120:28: error: Argument 1 to "timestamp2human" has incompatible type "float"; expected "int"  [arg-type]
(juancarlospaco)anglerfish/anglerfish/seconds2human.py:123:29: error: Function "collections.namedtuple" is not valid as a type  [valid-type]
(juancarlospaco)anglerfish/anglerfish/seconds2human.py:123:29: note: Perhaps you need "Callable[...]" or a callback protocol?
(juancarlospaco)anglerfish/anglerfish/seconds2human.py:126:28: error: Argument 1 to "timestamp2human" has incompatible type "float"; expected "int"  [arg-type]
(juancarlospaco)anglerfish/anglerfish/make_template_python.py:28:69: error: "str" has no attribute "read"  [attr-defined]
(juancarlospaco)anglerfish/anglerfish/make_template_python.py:32:18: error: Need type annotation for 'tokens'  [var-annotated]
(juancarlospaco)anglerfish/anglerfish/make_template_python.py:48:16: error: Need type annotation for 'html'  [var-annotated]
(juancarlospaco)anglerfish/anglerfish/make_log_exception.py:26:16: error: Item "None" of "Optional[TracebackType]" has no attribute "tb_next"  [union-attr]
(juancarlospaco)anglerfish/anglerfish/make_log_exception.py:28:14: error: Item "None" of "Optional[TracebackType]" has no attribute "tb_next"  [union-attr]
(juancarlospaco)anglerfish/anglerfish/make_log_exception.py:30:9: error: Item "None" of "Optional[TracebackType]" has no attribute "tb_frame"  [union-attr]
(juancarlospaco)anglerfish/anglerfish/get_free_port.py:14:1: error: Missing return statement  [return]
(juancarlospaco)anglerfish/anglerfish/set_single_instance.py:23:18: error: Incompatible types in assignment (expression has type "None", variable has type "socket")  [assignment]
(juancarlospaco)anglerfish/anglerfish/extended_json.py:48:12: error: Incompatible return value type (got "float", expected "str")  [return-value]
(juancarlospaco)anglerfish/anglerfish/make_beep.py:19:5: error: Module 'winsound' has no attribute 'Beep'  [attr-defined]
(juancarlospaco)anglerfish/anglerfish/make_beep.py:30:60: error: Need type annotation for 'wavedeque'  [var-annotated]
(juancarlospaco)anglerfish/anglerfish/set_desktop_launcher.py:15:52: error: Function "collections.namedtuple" is not valid as a type  [valid-type]
(juancarlospaco)anglerfish/anglerfish/set_desktop_launcher.py:15:52: note: Perhaps you need "Callable[...]" or a callback protocol?
(juancarlospaco)anglerfish/anglerfish/set_desktop_launcher.py:33:9: error: "chmod" of "Path" does not return a value  [func-returns-value]
(juancarlospaco)anglerfish/anglerfish/set_desktop_launcher.py:33:50: error: "debug" does not return a value  [func-returns-value]
(juancarlospaco)anglerfish/anglerfish/set_desktop_launcher.py:42:9: error: "chmod" of "Path" does not return a value  [func-returns-value]
(juancarlospaco)anglerfish/anglerfish/set_desktop_launcher.py:42:50: error: "debug" does not return a value  [func-returns-value]
(juancarlospaco)anglerfish/anglerfish/set_desktop_launcher.py:44:12: error: Too many arguments for "tuple"  [call-arg]
(juancarlospaco)anglerfish/anglerfish/set_desktop_launcher.py:44:61: error: Argument 1 to "tuple" has incompatible type "Path"; expected "Iterable[Any]"  [arg-type]
(juancarlospaco)anglerfish/anglerfish/walk2list.py:15:5: error: Incompatible import of "dumps" (imported name has type "Callable[[Any, DefaultNamedArg(bool, 'skipkeys'), DefaultNamedArg(bool, 'ensure_ascii'), DefaultNamedArg(bool, 'check_circular'), DefaultNamedArg(bool, 'allow_nan'), DefaultNamedArg(Optional[Type[JSONEncoder]], 'cls'), DefaultNamedArg(Union[None, int, str], 'indent'), DefaultNamedArg(Optional[Tuple[str, str]], 'separators'), DefaultNamedArg(Optional[Callable[[Any], Any]], 'default'), DefaultNamedArg(bool, 'sort_keys'), KwArg(Any)], str]", local name has type "Callable[[Any, bool, int, bool, bool, bool, int], str]")  [misc]
(juancarlospaco)anglerfish/anglerfish/walk2list.py:20:65: error: Function "collections.namedtuple" is not valid as a type  [valid-type]
(juancarlospaco)anglerfish/anglerfish/walk2list.py:20:65: note: Perhaps you need "Callable[...]" or a callback protocol?
(juancarlospaco)anglerfish/anglerfish/walk2list.py:32:30: error: Argument "onerror" to "walk" has incompatible type "Optional[object]"; expected "Optional[Callable[[OSError], Any]]"  [arg-type]
(juancarlospaco)anglerfish/anglerfish/walk2list.py:40:12: error: Too many arguments for "tuple"  [call-arg]
(juancarlospaco)anglerfish/anglerfish/get_clipboard.py:90:24: error: Function "collections.namedtuple" is not valid as a type  [valid-type]
(juancarlospaco)anglerfish/anglerfish/get_clipboard.py:90:24: note: Perhaps you need "Callable[...]" or a callback protocol?
(juancarlospaco)anglerfish/anglerfish/get_clipboard.py:95:12: error: Too many arguments for "tuple"  [call-arg]
(juancarlospaco)anglerfish/anglerfish/autoslots_meta.py:25:5: error: Incompatible return type for "__new__" (returns "object", but must return a subtype of "AutoSlots_meta")  [misc]
(juancarlospaco)anglerfish/anglerfish/autoslots_meta.py:31:34: error: No overload variant of "__new__" of "type" matches argument types "Type[AutoSlots_meta]", "str", "List[Any]", "Dict[Any, Any]"  [call-overload]
(juancarlospaco)anglerfish/anglerfish/autoslots_meta.py:31:34: note: Possible overload variant:
(juancarlospaco)anglerfish/anglerfish/autoslots_meta.py:31:34: note:     def __new__(cls, cls: Type[type], name: str, bases: Tuple[type, ...], namespace: Dict[str, Any]) -> type
(juancarlospaco)anglerfish/anglerfish/autoslots_meta.py:31:34: note:     <1 more non-matching overload not shown>
(juancarlospaco)anglerfish/anglerfish/autoslots_meta.py:41:46: error: "expr" has no attribute "attr"  [attr-defined]
(juancarlospaco)anglerfish/anglerfish/autoslots_meta.py:55:16: error: No overload variant of "__new__" of "type" matches argument types "Type[AutoSlots_meta]", "str", "List[Any]", "Dict[Any, Any]"  [call-overload]
(juancarlospaco)anglerfish/anglerfish/autoslots_meta.py:55:16: note: Possible overload variant:
(juancarlospaco)anglerfish/anglerfish/autoslots_meta.py:55:16: note:     def __new__(cls, cls: Type[type], name: str, bases: Tuple[type, ...], namespace: Dict[str, Any]) -> type
(juancarlospaco)anglerfish/anglerfish/autoslots_meta.py:55:16: note:     <1 more non-matching overload not shown>
(juancarlospaco)anglerfish/anglerfish/path2import.py:22:25: error: Incompatible types in assignment (expression has type "Path", variable has type "str")  [assignment]
(juancarlospaco)anglerfish/anglerfish/path2import.py:23:12: error: "str" has no attribute "is_file"  [attr-defined]
(juancarlospaco)anglerfish/anglerfish/path2import.py:26:58: error: "str" has no attribute "as_posix"  [attr-defined]
(juancarlospaco)anglerfish/anglerfish/path2import.py:27:24: error: "str" has no attribute "as_posix"  [attr-defined]
(juancarlospaco)anglerfish/anglerfish/path2import.py:29:35: error: "str" has no attribute "as_posix"  [attr-defined]
(juancarlospaco)anglerfish/anglerfish/path2import.py:32:28: error: "str" has no attribute "stem"  [attr-defined]
(juancarlospaco)anglerfish/anglerfish/path2import.py:40:63: error: "str" has no attribute "as_posix"  [attr-defined]
(juancarlospaco)anglerfish/anglerfish/path2import.py:44:26: error: Item "None" of "Optional[_Loader]" has no attribute "load_module"  [union-attr]
(juancarlospaco)anglerfish/anglerfish/path2import.py:44:26: error: Too few arguments for "load_module" of "_Loader"  [call-arg]
(juancarlospaco)anglerfish/anglerfish/check_encoding.py:23:45: error: Module has no attribute "getfilesystemencodeerrors"; maybe "getfilesystemencoding"?  [attr-defined]
(juancarlospaco)anglerfish/anglerfish/make_notification.py:42:17: error: Argument 1 to "run" has incompatible type "Tuple[Optional[str], str, str, str, str]"; expected "Union[Union[bytes, str], Sequence[Union[bytes, str, _PathLike[Any]]]]"  [arg-type]
(juancarlospaco)anglerfish/anglerfish/make_notification.py:45:19: error: Incompatible types in assignment (expression has type "Tuple[Optional[str], str, str, str, str, str, str, str]", variable has type "Tuple[Optional[str], str, str, str, str]")  [assignment]
(juancarlospaco)anglerfish/anglerfish/make_notification.py:49:17: error: Argument 1 to "run" has incompatible type "Tuple[Optional[str], str, str, str, str]"; expected "Union[Union[bytes, str], Sequence[Union[bytes, str, _PathLike[Any]]]]"  [arg-type]
(juancarlospaco)anglerfish/anglerfish/make_notification.py:52:19: error: Incompatible types in assignment (expression has type "Tuple[Optional[str], str, str, str, str, str]", variable has type "Tuple[Optional[str], str, str, str, str]")  [assignment]
(juancarlospaco)anglerfish/anglerfish/make_notification.py:56:17: error: Argument 1 to "run" has incompatible type "Tuple[Optional[str], str, str, str, str]"; expected "Union[Union[bytes, str], Sequence[Union[bytes, str, _PathLike[Any]]]]"  [arg-type]
(juancarlospaco)anglerfish/anglerfish/bytes2human.py:15:5: error: Incompatible import of "dumps" (imported name has type "Callable[[Any, DefaultNamedArg(bool, 'skipkeys'), DefaultNamedArg(bool, 'ensure_ascii'), DefaultNamedArg(bool, 'check_circular'), DefaultNamedArg(bool, 'allow_nan'), DefaultNamedArg(Optional[Type[JSONEncoder]], 'cls'), DefaultNamedArg(Union[None, int, str], 'indent'), DefaultNamedArg(Optional[Tuple[str, str]], 'separators'), DefaultNamedArg(Optional[Callable[[Any], Any]], 'default'), DefaultNamedArg(bool, 'sort_keys'), KwArg(Any)], str]", local name has type "Callable[[Any, bool, int, bool, bool, bool, int], str]")  [misc]
(juancarlospaco)anglerfish/anglerfish/bytes2human.py:18:40: error: Function "collections.namedtuple" is not valid as a type  [valid-type]
(juancarlospaco)anglerfish/anglerfish/bytes2human.py:18:40: note: Perhaps you need "Callable[...]" or a callback protocol?
(juancarlospaco)anglerfish/anglerfish/bytes2human.py:31:19: error: Too many arguments for "tuple"  [call-arg]
(juancarlospaco)anglerfish/anglerfish/bytes2human.py:34:9: error: Argument 1 to "tuple" has incompatible type "int"; expected "Iterable[Any]"  [arg-type]
(juancarlospaco)anglerfish/anglerfish/bytes2human.py:37:37: error: Need type annotation for 'bytes_parts'  [var-annotated]
(juancarlospaco)anglerfish/anglerfish/bytes2human.py:88:12: error: Too many arguments for "tuple"  [call-arg]
(juancarlospaco)anglerfish/anglerfish/make_json_flat.py:15:5: error: Incompatible import of "dumps" (imported name has type "Callable[[Any, DefaultNamedArg(bool, 'skipkeys'), DefaultNamedArg(bool, 'ensure_ascii'), DefaultNamedArg(bool, 'check_circular'), DefaultNamedArg(bool, 'allow_nan'), DefaultNamedArg(Optional[Type[JSONEncoder]], 'cls'), DefaultNamedArg(Union[None, int, str], 'indent'), DefaultNamedArg(Optional[Tuple[str, str]], 'separators'), DefaultNamedArg(Optional[Callable[[Any], Any]], 'default'), DefaultNamedArg(bool, 'sort_keys'), KwArg(Any)], str]", local name has type "Callable[[Any, bool, int, bool, bool, bool, int], str]")  [misc]
(juancarlospaco)anglerfish/anglerfish/make_json_flat.py:18:57: error: Function "collections.namedtuple" is not valid as a type  [valid-type]
(juancarlospaco)anglerfish/anglerfish/make_json_flat.py:18:57: note: Perhaps you need "Callable[...]" or a callback protocol?
(juancarlospaco)anglerfish/anglerfish/make_json_flat.py:24:30: error: namedtuple? has no attribute "keys"  [attr-defined]
(juancarlospaco)anglerfish/anglerfish/make_json_flat.py:25:59: error: Value of type namedtuple? is not indexable  [index]
(juancarlospaco)anglerfish/anglerfish/make_json_flat.py:29:12: error: Too many arguments for "tuple"  [call-arg]
(juancarlospaco)anglerfish/anglerfish/get_random_pastel_color.py:192:32: error: Function "collections.namedtuple" is not valid as a type  [valid-type]
(juancarlospaco)anglerfish/anglerfish/get_random_pastel_color.py:192:32: note: Perhaps you need "Callable[...]" or a callback protocol?
(juancarlospaco)anglerfish/anglerfish/get_random_pastel_color.py:197:66: error: Function "collections.namedtuple" is not valid as a type  [valid-type]
(juancarlospaco)anglerfish/anglerfish/get_random_pastel_color.py:197:66: note: Perhaps you need "Callable[...]" or a callback protocol?
(juancarlospaco)anglerfish/anglerfish/get_random_pastel_color.py:217:24: error: Incompatible types in assignment (expression has type Tuple[str, str, ... <27 more items>], variable has type Tuple[str, str, ... <30 more items>])  [assignment]
(juancarlospaco)anglerfish/anglerfish/get_random_pastel_color.py:219:24: error: Incompatible types in assignment (expression has type Tuple[str, str, ... <59 more items>], variable has type Tuple[str, str, ... <30 more items>])  [assignment]
(juancarlospaco)anglerfish/anglerfish/get_random_pastel_color.py:222:24: error: Incompatible types in assignment (expression has type "Tuple[str, ...]", variable has type "Tuple[str, str, str, str, str, str, str, str, str, str, str, str, str, str, str, str, str, str, str, str, str, str, str, str, str, str, str, str, str, str, str, str]")  [assignment]
(juancarlospaco)anglerfish/anglerfish/get_random_pastel_color.py:227:22: error: namedtuple? has no attribute "red"  [attr-defined]
(juancarlospaco)anglerfish/anglerfish/get_random_pastel_color.py:227:31: error: namedtuple? has no attribute "green"  [attr-defined]
(juancarlospaco)anglerfish/anglerfish/get_random_pastel_color.py:227:42: error: namedtuple? has no attribute "blue"  [attr-defined]
(juancarlospaco)anglerfish/anglerfish/get_random_pastel_color.py:228:22: error: namedtuple? has no attribute "red"  [attr-defined]
(juancarlospaco)anglerfish/anglerfish/get_random_pastel_color.py:228:31: error: namedtuple? has no attribute "green"  [attr-defined]
(juancarlospaco)anglerfish/anglerfish/get_random_pastel_color.py:228:42: error: namedtuple? has no attribute "blue"  [attr-defined]
(juancarlospaco)anglerfish/anglerfish/get_random_pastel_color.py:229:22: error: namedtuple? has no attribute "red"  [attr-defined]
(juancarlospaco)anglerfish/anglerfish/get_random_pastel_color.py:229:31: error: namedtuple? has no attribute "green"  [attr-defined]
(juancarlospaco)anglerfish/anglerfish/get_random_pastel_color.py:229:42: error: namedtuple? has no attribute "blue"  [attr-defined]
(juancarlospaco)anglerfish/anglerfish/get_random_pastel_color.py:231:11: error: Too many arguments for "tuple"  [call-arg]
(juancarlospaco)anglerfish/anglerfish/get_random_pastel_color.py:231:11: error: Incompatible types in assignment (expression has type "Tuple[Any, ...]", variable has type "Tuple[float, float, float]")  [assignment]
(juancarlospaco)anglerfish/anglerfish/get_random_pastel_color.py:232:9: error: Argument 1 to "tuple" has incompatible type "float"; expected "Iterable[Any]"  [arg-type]
(juancarlospaco)anglerfish/anglerfish/get_random_pastel_color.py:233:11: error: Too many arguments for "tuple"  [call-arg]
(juancarlospaco)anglerfish/anglerfish/get_random_pastel_color.py:233:11: error: Incompatible types in assignment (expression has type "Tuple[Any, ...]", variable has type "Tuple[float, float, float]")  [assignment]
(juancarlospaco)anglerfish/anglerfish/get_random_pastel_color.py:234:9: error: Argument 1 to "tuple" has incompatible type "float"; expected "Iterable[Any]"  [arg-type]
(juancarlospaco)anglerfish/anglerfish/get_random_pastel_color.py:235:11: error: Too many arguments for "tuple"  [call-arg]
(juancarlospaco)anglerfish/anglerfish/get_random_pastel_color.py:235:11: error: Incompatible types in assignment (expression has type "Tuple[Any, ...]", variable has type "Tuple[float, float, float]")  [assignment]
(juancarlospaco)anglerfish/anglerfish/get_random_pastel_color.py:236:9: error: Argument 1 to "tuple" has incompatible type "float"; expected "Iterable[Any]"  [arg-type]
(juancarlospaco)anglerfish/anglerfish/get_random_pastel_color.py:239:12: error: Too many arguments for "tuple"  [call-arg]
(juancarlospaco)anglerfish/anglerfish/get_random_pastel_color.py:241:9: error: namedtuple? has no attribute "red"  [attr-defined]
(juancarlospaco)anglerfish/anglerfish/get_random_pastel_color.py:241:9: error: namedtuple? has no attribute "green"  [attr-defined]
(juancarlospaco)anglerfish/anglerfish/get_random_pastel_color.py:241:9: error: namedtuple? has no attribute "blue"  [attr-defined]
(juancarlospaco)anglerfish/anglerfish/get_random_pastel_color.py:242:20: error: namedtuple? has no attribute "red"  [attr-defined]
(juancarlospaco)anglerfish/anglerfish/get_random_pastel_color.py:242:36: error: namedtuple? has no attribute "green"  [attr-defined]
(juancarlospaco)anglerfish/anglerfish/get_random_pastel_color.py:242:54: error: namedtuple? has no attribute "blue"  [attr-defined]
(juancarlospaco)anglerfish/anglerfish/make_postexec_message.py:21:16: error: Incompatible types in assignment (expression has type "None", variable has type Module)  [assignment]
(juancarlospaco)anglerfish/anglerfish/make_multiprocess.py:36:29: error: Value of type "int" is not indexable  [index]
(juancarlospaco)anglerfish/anglerfish/make_multiprocess.py:38:33: error: Argument 1 to "len" has incompatible type "int"; expected "Sized"  [arg-type]
(juancarlospaco)anglerfish/anglerfish/make_multiprocess.py:85:12: error: Incompatible return value type (got "List[List[float]]", expected "int")  [return-value]
(juancarlospaco)anglerfish/anglerfish/make_multiprocess.py:92:12: error: Incompatible return value type (got "List[Any]", expected "__MultiProcessed")  [return-value]
(juancarlospaco)anglerfish/anglerfish/make_multiprocess.py:92:62: error: Argument 3 to "_multi_cpu" of "__MultiProcessed" has incompatible type "Optional[int]"; expected "int"  [arg-type]
(juancarlospaco)anglerfish/anglerfish/make_chainable_future.py:52:17: error: "ChainableFuture" has no attribute "set_exception_info"  [attr-defined]
(juancarlospaco)anglerfish/anglerfish/make_chainable_future.py:85:21: error: "ChainableFuture" has no attribute "set_exception_info"  [attr-defined]
(juancarlospaco)anglerfish/anglerfish/make_chainable_future.py:97:25: error: "ChainableFuture" has no attribute "set_exception_info"  [attr-defined]
(juancarlospaco)anglerfish/anglerfish/url2path.py:44:28: error: Argument "data" to "urlopen" has incompatible type "Dict[Any, Any]"; expected "Optional[bytes]"  [arg-type]
(juancarlospaco)anglerfish/anglerfish/url2path.py:44:59: error: Argument "context" to "urlopen" has incompatible type "object"; expected "Optional[SSLContext]"  [arg-type]
(juancarlospaco)anglerfish/anglerfish/url2path.py:63:28: error: Argument "data" to "urlopen" has incompatible type "Dict[Any, Any]"; expected "Optional[bytes]"  [arg-type]
(juancarlospaco)anglerfish/anglerfish/url2path.py:63:59: error: Argument "context" to "urlopen" has incompatible type "object"; expected "Optional[SSLContext]"  [arg-type]
(juancarlospaco)anglerfish/anglerfish/url2path.py:76:51: error: Dict entry 1 has incompatible type "str": "int"; expected "str": "str"  [dict-item]
(juancarlospaco)anglerfish/anglerfish/url2path.py:78:28: error: Argument "data" to "urlopen" has incompatible type "Dict[Any, Any]"; expected "Optional[bytes]"  [arg-type]
(juancarlospaco)anglerfish/anglerfish/url2path.py:78:59: error: Argument "context" to "urlopen" has incompatible type "object"; expected "Optional[SSLContext]"  [arg-type]
(juancarlospaco)anglerfish/anglerfish/url2path.py:105:16: error: Incompatible return value type (got "str", expected "Path")  [return-value]
(juancarlospaco)anglerfish/anglerfish/url2path.py:106:17: error: Need type annotation for 'dataDict' (hint: "dataDict: Dict[<type>, <type>] = ...")  [var-annotated]
(juancarlospaco)anglerfish/anglerfish/url2path.py:112: error: namedtuple? has no attribute "human"  [attr-defined]
(juancarlospaco)anglerfish/anglerfish/url2path.py:113:39: error: Argument "data" to "_get_size" has incompatible type "Optional[Dict[Any, Any]]"; expected "Dict[Any, Any]"  [arg-type]
(juancarlospaco)anglerfish/anglerfish/url2path.py:113:53: error: Argument "timeout" to "_get_size" has incompatible type "Optional[int]"; expected "int"  [arg-type]
(juancarlospaco)anglerfish/anglerfish/url2path.py:118:47: error: Argument "data" to "_download_simple" has incompatible type "Optional[Dict[Any, Any]]"; expected "Dict[Any, Any]"  [arg-type]
(juancarlospaco)anglerfish/anglerfish/url2path.py:119:45: error: Argument "timeout" to "_download_simple" has incompatible type "Optional[int]"; expected "int"  [arg-type]
(juancarlospaco)anglerfish/anglerfish/url2path.py:122:24: error: Incompatible types in assignment (expression has type "Path", variable has type "Optional[str]")  [assignment]
(juancarlospaco)anglerfish/anglerfish/url2path.py:141:20: error: Incompatible types in assignment (expression has type "Path", variable has type "Optional[str]")  [assignment]
(juancarlospaco)anglerfish/anglerfish/url2path.py:151:14: error: namedtuple? has no attribute "human"  [attr-defined]
(juancarlospaco)anglerfish/anglerfish/url2path.py:152:14: error: namedtuple? has no attribute "human"  [attr-defined]
(juancarlospaco)anglerfish/anglerfish/url2path.py:153:14: error: namedtuple? has no attribute "human"  [attr-defined]
(juancarlospaco)anglerfish/anglerfish/url2path.py:154:14: error: namedtuple? has no attribute "human"  [attr-defined]
(juancarlospaco)anglerfish/anglerfish/url2path.py:157:12: error: Too many arguments for "tuple"  [call-arg]
(juancarlospaco)anglerfish/anglerfish/url2path.py:157:12: error: Incompatible return value type (got "Tuple[Any, ...]", expected "Path")  [return-value]
(juancarlospaco)anglerfish/anglerfish/url2path.py:163:9: error: Argument 1 to "tuple" has incompatible type "Path"; expected "Iterable[Any]"  [arg-type]
(juancarlospaco)anglerfish/anglerfish/get_public_ip.py:12:24: error: Function "ipaddress.ip_address" is not valid as a type  [valid-type]
(juancarlospaco)anglerfish/anglerfish/get_public_ip.py:12:24: note: Perhaps you need "Callable[...]" or a callback protocol?
(juancarlospaco)anglerfish/anglerfish/make_tinyslation.py:15:5: error: Incompatible import of "loads" (imported name has type "Callable[[Union[str, bytes, bytearray], DefaultNamedArg(Optional[Type[JSONDecoder]], 'cls'), DefaultNamedArg(Optional[Callable[[Dict[Any, Any]], Any]], 'object_hook'), DefaultNamedArg(Optional[Callable[[str], Any]], 'parse_float'), DefaultNamedArg(Optional[Callable[[str], Any]], 'parse_int'), DefaultNamedArg(Optional[Callable[[str], Any]], 'parse_constant'), DefaultNamedArg(Optional[Callable[[List[Tuple[Any, Any]]], Any]], 'object_pairs_hook'), KwArg(Any)], Any]", local name has type "Callable[[AnyStr, bool], Any]")  [misc]
(juancarlospaco)anglerfish/anglerfish/make_tinyslation.py:18:37: error: Value of type "Optional[str]" is not indexable  [index]
(juancarlospaco)anglerfish/anglerfish/make_tinyslation.py:26:63: error: Dict entry 1 has incompatible type "str": "int"; expected "str": "str"  [dict-item]
(juancarlospaco)anglerfish/anglerfish/make_datauri.py:37:25: error: Incompatible default for argument "cwebp" (default has type "Optional[str]", argument has type "str")  [assignment]
(juancarlospaco)anglerfish/anglerfish/make_datauri.py:41:16: error: Incompatible return value type (got "Path", expected "str")  [return-value]
(juancarlospaco)anglerfish/anglerfish/make_datauri.py:46:12: error: Incompatible return value type (got "Path", expected "str")  [return-value]
(juancarlospaco)anglerfish/anglerfish/make_datauri.py:64:46: error: Argument 1 to "urlsafe_b64encode" has incompatible type "str"; expected "bytes"  [arg-type]
(juancarlospaco)anglerfish/anglerfish/make_datauri.py:74:20: error: Incompatible types in assignment (expression has type "Path", variable has type "str")  [assignment]
(juancarlospaco)anglerfish/anglerfish/make_datauri.py:75:21: error: "str" has no attribute "suffix"  [attr-defined]
(juancarlospaco)anglerfish/anglerfish/make_datauri.py:77:25: error: Argument 1 to "make" of "DataURI" has incompatible type "Optional[str]"; expected "str"  [arg-type]
(juancarlospaco)anglerfish/anglerfish/make_datauri.py:77:36: error: "str" has no attribute "suffix"  [attr-defined]
(juancarlospaco)anglerfish/anglerfish/make_datauri.py:78:33: error: "str" has no attribute "read_bytes"  [attr-defined]
(juancarlospaco)anglerfish/anglerfish/make_datauri.py:87:5: error: Incompatible return type for "__new__" (returns "str", but must return a subtype of "DataURI")  [misc]
(juancarlospaco)anglerfish/anglerfish/make_datauri.py:89:15: error: Too many arguments for "__new__" of "object"  [call-arg]
(juancarlospaco)anglerfish/anglerfish/make_datauri.py:104:16: error: namedtuple? has no attribute "mimetype"  [attr-defined]
(juancarlospaco)anglerfish/anglerfish/make_datauri.py:114:16: error: namedtuple? has no attribute "is_base64"  [attr-defined]
(juancarlospaco)anglerfish/anglerfish/make_datauri.py:119:16: error: namedtuple? has no attribute "data"  [attr-defined]
(juancarlospaco)anglerfish/anglerfish/make_datauri.py:122:25: error: Function "collections.namedtuple" is not valid as a type  [valid-type]
(juancarlospaco)anglerfish/anglerfish/make_datauri.py:122:25: note: Perhaps you need "Callable[...]" or a callback protocol?
(juancarlospaco)anglerfish/anglerfish/make_datauri.py:131:20: error: Incompatible types in assignment (expression has type "str", variable has type "bytes")  [assignment]
(juancarlospaco)anglerfish/anglerfish/make_datauri.py:132:16: error: Too many arguments for "tuple"  [call-arg]
(juancarlospaco)anglerfish/anglerfish/make_datauri.py:133:13: error: Argument 1 to "tuple" has incompatible type "Optional[str]"; expected "Iterable[Any]"  [arg-type]
(juancarlospaco)anglerfish/anglerfish/check_folder.py:17:5: error: Incompatible import of "bytes2human" (imported name has type Module, local name has type "Callable[[int], namedtuple?]")  [misc]
(juancarlospaco)anglerfish/anglerfish/__init__.py:28:16: error: Incompatible types in assignment (expression has type "None", variable has type Module)  [assignment]
(juancarlospaco)anglerfish/anglerfish/__init__.py:51:1: error: Module 'anglerfish.get_random_pastel_color' has no attribute 'get_random_pasteldark_color'; maybe "get_random_pastel_color"?  [attr-defined]
(juancarlospaco)anglerfish/anglerfish/__init__.py:51:1: error: Module 'anglerfish.get_random_pastel_color' has no attribute 'get_random_pastelight_color'; maybe "get_random_pastel_color"?  [attr-defined]
(juancarlospaco)anglerfish/anglerfish/__init__.py:206:23: error: Incompatible types in assignment (expression has type "Type[_ZipRotator]", variable has type "Optional[Callable[[str, str], None]]")  [assignment]
(juancarlospaco)anglerfish/anglerfish/__init__.py:217:12: error: "enable" does not return a value  [func-returns-value]
(juancarlospaco)anglerfish/anglerfish/__init__.py:217:32: error: Argument 1 to "enable" has incompatible type "object"; expected "Union[int, HasFileno]"  [arg-type]
(juancarlospaco)anglerfish/anglerfish/__init__.py:220:1: error: Missing return statement  [return]
(juancarlospaco)anglerfish/tests/test_get_json_pretty.py:10:1: error: Module 'anglerfish' has no attribute 'json_pretty'  [attr-defined]
(juancarlospaco)anglerfish/tests/test_path2import.py:17:44: error: Cannot infer type of lambda  [misc]
(juancarlospaco)anglerfish/tests/test_path2import.py:17:44: error: Incompatible types in assignment (expression has type "Callable[[Any, Any, Any], int]", variable has type "Callable[[str, str], bool]")  [assignment]
(juancarlospaco)anglerfish/examples/basic.py:15:1: error: Module 'anglerfish' has no attribute 'json_pretty'  [attr-defined]
(juancarlospaco)anglerfish/examples/basic.py:15:1: error: Module 'anglerfish' has no attribute 'typecheck'  [attr-defined]
(juancarlospaco)anglerfish/examples/basic.py:108:35: error: 'namedtuple?' object is not iterable  [misc]
(juancarlospaco)anglerfish/examples/basic.py:109:1: error: Cannot determine type of 'clipboard_copy'  [has-type]
(juancarlospaco)anglerfish/examples/basic.py:110:7: error: Cannot determine type of 'clipboard_paste'  [has-type]
(juancarlospaco)anglerfish/examples/basic.py:125:7: error: Too many arguments for "bytes2human"  [call-arg]
(juancarlospaco)anglerfish/examples/basic.py:126:7: error: Too many arguments for "bytes2human"  [call-arg]
(juancarlospaco)anglerfish/examples/basic.py:127:7: error: Too many arguments for "bytes2human"  [call-arg]
(juancarlospaco)anglerfish/examples/basic.py:128:7: error: Too many arguments for "bytes2human"  [call-arg]
(juancarlospaco)anglerfish/examples/basic.py:129:7: error: Too many arguments for "bytes2human"  [call-arg]
(juancarlospaco)anglerfish/examples/basic.py:159:2: error: Name 'process_job' already defined on line 140  [no-redef]
(juancarlospaco)anglerfish/examples/basic.py:159:2: error: "object" not callable  [operator]
(juancarlospaco)anglerfish/examples/basic.py:164:1: error: Too few arguments for "process_job"  [call-arg]
(juancarlospaco)anglerfish/examples/basic.py:176:22: error: Argument 2 to "walk2list" has incompatible type "str"; expected "Tuple[Any, ...]"  [arg-type]
(juancarlospaco)anglerfish/examples/basic.py:176:29: error: Argument 3 to "walk2list" has incompatible type "str"; expected "Tuple[Any, ...]"  [arg-type]
(juancarlospaco)anglerfish/examples/basic.py:177:7: error: Unexpected keyword argument "tuply" for "walk2list"  [call-arg]
(juancarlospaco)anglerfish/anglerfish/walk2list.py:18:1: note: "walk2list" defined here
(juancarlospaco)anglerfish/examples/basic.py:177:22: error: Argument 2 to "walk2list" has incompatible type "str"; expected "Tuple[Any, ...]"  [arg-type]
(juancarlospaco)anglerfish/examples/basic.py:177:29: error: Argument 3 to "walk2list" has incompatible type "str"; expected "Tuple[Any, ...]"  [arg-type]
(juancarlospaco)anglerfish/examples/basic.py:178:7: error: Unexpected keyword argument "namedtuple" for "walk2list"  [call-arg]
(juancarlospaco)anglerfish/anglerfish/walk2list.py:18:1: note: "walk2list" defined here
(juancarlospaco)anglerfish/examples/basic.py:178:22: error: Argument 2 to "walk2list" has incompatible type "str"; expected "Tuple[Any, ...]"  [arg-type]
(juancarlospaco)anglerfish/examples/basic.py:178:29: error: Argument 3 to "walk2list" has incompatible type "str"; expected "Tuple[Any, ...]"  [arg-type]
(juancarlospaco)anglerfish/examples/basic.py:182:7: error: Module not callable  [operator]
(juancarlospaco)anglerfish/examples/basic.py:183:7: error: Module not callable  [operator]
(juancarlospaco)anglerfish/examples/basic.py:184:7: error: Module not callable  [operator]
(juancarlospaco)anglerfish/examples/basic.py:185:7: error: Module not callable  [operator]
(juancarlospaco)anglerfish/examples/basic.py:188:7: error: Module not callable  [operator]
(juancarlospaco)anglerfish/examples/basic.py:189:7: error: Module not callable  [operator]
(juancarlospaco)anglerfish/examples/basic.py:190:7: error: Module not callable  [operator]
(juancarlospaco)anglerfish/examples/basic.py:191:7: error: Module not callable  [operator]
(juancarlospaco)anglerfish/examples/basic.py:199:17: error: Argument 1 to "walk2dict" has incompatible type "str"; expected "Path"  [arg-type]
(juancarlospaco)anglerfish/examples/basic.py:200:7: error: Unexpected keyword argument "ordereddict" for "walk2dict"  [call-arg]
(juancarlospaco)anglerfish/anglerfish/walk2dict.py:20:1: note: "walk2dict" defined here
(juancarlospaco)anglerfish/examples/basic.py:200:17: error: Argument 1 to "walk2dict" has incompatible type "str"; expected "Path"  [arg-type]
(juancarlospaco)anglerfish/examples/basic.py:201:7: error: Unexpected keyword argument "jsony" for "walk2dict"  [call-arg]
(juancarlospaco)anglerfish/anglerfish/walk2dict.py:20:1: note: "walk2dict" defined here
(juancarlospaco)anglerfish/examples/basic.py:201:7: error: Unexpected keyword argument "ordereddict" for "walk2dict"  [call-arg]
(juancarlospaco)anglerfish/anglerfish/walk2dict.py:20:1: note: "walk2dict" defined here
(juancarlospaco)anglerfish/examples/basic.py:201:17: error: Argument 1 to "walk2dict" has incompatible type "str"; expected "Path"  [arg-type]
(juancarlospaco)anglerfish/examples/basic.py:272:7: error: "object" has no attribute "module_content"  [attr-defined]
(juancarlospaco)anglerfish/examples/basic.py:312:20: error: Argument 1 to "autochecksum" has incompatible type "Path"; expected "str"  [arg-type]
(juancarlospaco)anglerfish/examples/slots.py:24:1: error: "TestinClass" has no attribute "c"  [attr-defined]
Found 249 errors in 38 files (checked 65 source files)

[RRepo](martin-ejdestig)rayni-staging
(martin-ejdestig)rayni-staging/tools/download_scene_data.py:140:34: error: Argument 1 to "_read_chunks" has incompatible type "IO[Any]"; expected "BinaryIO"  [arg-type]
Found 1 error in 1 file (checked 1 source file)

[RRepo](usc-isi-i2)etk
(usc-isi-i2)etk/examples/knowledge_graph/create_wiki_douglas_adams.py:78:9: error: Name 'serialize_change_record' is not defined  [name-defined]
(usc-isi-i2)etk/examples/knowledge_graph/create_wiki_property.py:50:9: error: Name 'serialize_change_record' is not defined  [name-defined]
(usc-isi-i2)etk/etk/wikidata/entity.py:8:1: error: Need type annotation for 'change_recorder' (hint: "change_recorder: Set[<type>] = ...")  [var-annotated]
(usc-isi-i2)etk/etk/extractors/readability/debug.py:7:1: error: Need type annotation for 'uids' (hint: "uids: Dict[<type>, <type>] = ...")  [var-annotated]
(usc-isi-i2)etk/etk/extractors/decoding_value_extractor.py:97:62: error: Invalid type comment or annotation  [valid-type]
(usc-isi-i2)etk/etk/extractors/cryptographic_hash_extractor.py:46:9: error: Need type annotation for 'res' (hint: "res: List[<type>] = ...")  [var-annotated]
(usc-isi-i2)etk/etk/extractors/sentence_extractor.py:31:30: error: "type" has no attribute "pipe_names"  [attr-defined]
(usc-isi-i2)etk/etk/extractors/sentence_extractor.py:34:25: error: "type" has no attribute "remove_pipe"  [attr-defined]
(usc-isi-i2)etk/etk/extractors/sentence_extractor.py:37:40: error: "type" has no attribute "pipe_names"  [attr-defined]
(usc-isi-i2)etk/etk/segment.py:20:9: error: Need type annotation for '_extractions' (hint: "_extractions: Dict[<type>, <type>] = ...")  [var-annotated]
(usc-isi-i2)etk/etk/segment.py:110:9: error: Name 'storage_provenance_record' already defined on line 85  [no-redef]
(usc-isi-i2)etk/etk/extractor.py:46:16: error: Incompatible return value type (got "Optional[str]", expected "str")  [return-value]
(usc-isi-i2)etk/etk/extractor.py:56:16: error: Incompatible return value type (got "Optional[str]", expected "str")  [return-value]
(usc-isi-i2)etk/examples/elicit_gdelt_mapping/elicit_gdelt_api.py:36:24: error: Incompatible return value type (got "None", expected "List[str]")  [return-value]
(usc-isi-i2)etk/examples/elicit_gdelt_mapping/elicit_gdelt_api.py:39:16: error: Incompatible return value type (got "Optional[Any]", expected "List[str]")  [return-value]
(usc-isi-i2)etk/examples/elicit_gdelt_mapping/elicit_gdelt_api.py:99:34: error: "GdeltMapping" has no attribute "actor1_property"; maybe "actor_property" or "_actor_property"?  [attr-defined]
(usc-isi-i2)etk/etk/knowledge_graph/namespacemanager.py:86:5: error: Missing return statement  [return]
(usc-isi-i2)etk/etk/knowledge_graph/knowledge_graph.py:77:9: error: Need type annotation for 'g' (hint: "g: Dict[<type>, <type>] = ...")  [var-annotated]
(usc-isi-i2)etk/etk/extractors/glossary_extractor.py:48:42: error: "None" has no attribute "tokenize"  [attr-defined]
(usc-isi-i2)etk/etk/extractors/glossary_extractor.py:64:9: error: Need type annotation for 'results' (hint: "results: List[<type>] = ...")  [var-annotated]
(usc-isi-i2)etk/etk/extractors/glossary_extractor.py:108:38: error: "None" has no attribute "tokenize"  [attr-defined]
(usc-isi-i2)etk/etk/extractors/glossary_extractor.py:111:38: error: "None" has no attribute "tokenize"  [attr-defined]
(usc-isi-i2)etk/etk/extractors/glossary_extractor.py:137:59: error: Function "builtins.iter" is not valid as a type  [valid-type]
(usc-isi-i2)etk/etk/extractors/glossary_extractor.py:137:59: note: Perhaps you need "Callable[...]" or a callback protocol?
(usc-isi-i2)etk/etk/extractors/glossary_extractor.py:137:85: error: Function "builtins.map" is not valid as a type  [valid-type]
(usc-isi-i2)etk/etk/extractors/regex_extractor.py:83:19: error: Cannot call function of unknown type  [operator]
(usc-isi-i2)etk/etk/extractors/regex_extractor.py:102:22: error: "object" has no attribute "groups"  [attr-defined]
(usc-isi-i2)etk/etk/extractors/regex_extractor.py:121:22: error: "object" has no attribute "start"  [attr-defined]
(usc-isi-i2)etk/etk/extractors/regex_extractor.py:121:48: error: "object" has no attribute "end"  [attr-defined]
(usc-isi-i2)etk/etk/extractors/regex_extractor.py:122:16: error: "object" has no attribute "group"  [attr-defined]
(usc-isi-i2)etk/etk/extractors/inferlink_extractor.py:27:16: error: Incompatible return value type (got "None", expected "str")  [return-value]
(usc-isi-i2)etk/etk/extractors/inferlink_extractor.py:31:16: error: Incompatible return value type (got "None", expected "int")  [return-value]
(usc-isi-i2)etk/etk/extractors/inferlink_extractor.py:35:16: error: Incompatible return value type (got "None", expected "int")  [return-value]
(usc-isi-i2)etk/etk/document.py:39:9: error: Need type annotation for 'extraction_provenance_records' (hint: "extraction_provenance_records: List[<type>] = ...")  [var-annotated]
(usc-isi-i2)etk/etk/document.py:47:9: error: Need type annotation for '_provenances' (hint: "_provenances: Dict[<type>, <type>] = ...")  [var-annotated]
(usc-isi-i2)etk/etk/document.py:48:9: error: Need type annotation for '_jsonpath_provenances' (hint: "_jsonpath_provenances: Dict[<type>, <type>] = ...")  [var-annotated]
(usc-isi-i2)etk/etk/document.py:49:9: error: Need type annotation for '_kg_provenances' (hint: "_kg_provenances: Dict[<type>, <type>] = ...")  [var-annotated]
(usc-isi-i2)etk/etk/document_selector.py:97:74: error: Argument 3 to "check_json_path_codition" of "DefaultDocumentSelector" has incompatible type "Pattern[str]"; expected "str"  [arg-type]
(usc-isi-i2)etk/etk/document_selector.py:107:24: error: Incompatible types in assignment (expression has type "Pattern[str]", variable has type "List[str]")  [assignment]
(usc-isi-i2)etk/etk/document_selector.py:109:24: error: Incompatible types in assignment (expression has type "str", variable has type "List[str]")  [assignment]
(usc-isi-i2)etk/etk/extraction.py:99:9: error: Need type annotation for 'tokenize_results' (hint: "tokenize_results: Dict[<type>, <type>] = ...")  [var-annotated]
(usc-isi-i2)etk/etk/extraction.py:188:24: error: Invalid type comment or annotation  [valid-type]
(usc-isi-i2)etk/etk/csv_processor.py:157:39: error: "List[List[str]]" has no attribute "keys"  [attr-defined]
(usc-isi-i2)etk/etk/csv_processor.py:159:24: error: Incompatible types in assignment (expression has type "List[str]", variable has type "List[List[str]]")  [assignment]
(usc-isi-i2)etk/etk/csv_processor.py:159:29: error: Invalid index type "Union[str, Any]" for "List[List[str]]"; expected type "int"  [index]
(usc-isi-i2)etk/etk/csv_processor.py:161:58: error: No overload variant of "__getitem__" of "list" matches argument type "str"  [call-overload]
(usc-isi-i2)etk/etk/csv_processor.py:161:58: note: Possible overload variants:
(usc-isi-i2)etk/etk/csv_processor.py:161:58: note:     def __getitem__(self, int) -> List[str]
(usc-isi-i2)etk/etk/csv_processor.py:161:58: note:     def __getitem__(self, slice) -> List[List[str]]
(usc-isi-i2)etk/etk/csv_processor.py:172:60: error: Invalid type comment or annotation  [valid-type]
(usc-isi-i2)etk/etk/csv_processor.py:172:60: note: Suggestion: use tuple[...] instead of tuple(...)
(usc-isi-i2)etk/etk/csv_processor.py:182:23: error: Incompatible types in assignment (expression has type "None", variable has type "List[Any]")  [assignment]
(usc-isi-i2)etk/etk/csv_processor.py:201:48: error: Invalid type comment or annotation  [valid-type]
(usc-isi-i2)etk/etk/csv_processor.py:201:48: note: Suggestion: use tuple[...] instead of tuple(...)
(usc-isi-i2)etk/etk/csv_processor.py:223:21: error: Value of type "Optional[Any]" is not indexable  [index]
(usc-isi-i2)etk/etk/csv_processor.py:228:57: error: Invalid type comment or annotation  [valid-type]
(usc-isi-i2)etk/etk/csv_processor.py:228:57: note: Suggestion: use tuple[...] instead of tuple(...)
(usc-isi-i2)etk/etk/csv_processor.py:272:32: error: Argument 1 to "len" has incompatible type "Optional[List[str]]"; expected "Sized"  [arg-type]
(usc-isi-i2)etk/etk/csv_processor.py:273:20: error: Value of type "Optional[List[str]]" is not indexable  [index]
(usc-isi-i2)etk/etk/csv_processor.py:285:19: error: Incompatible types in assignment (expression has type "List[object]", variable has type "List[str]")  [assignment]
(usc-isi-i2)etk/etk/csv_processor.py:285:43: error: Argument 1 to "datetime_to_string" of "CsvProcessor" has incompatible type "List[str]"; expected "List[object]"  [arg-type]
(usc-isi-i2)etk/etk/csv_processor.py:285:43: note: "List" is invariant -- see http://mypy.readthedocs.io/en/latest/common_issues.html#variance
(usc-isi-i2)etk/etk/csv_processor.py:285:43: note: Consider using "Sequence" instead, which is covariant
(usc-isi-i2)etk/etk/csv_processor.py:288:31: error: Value of type "Optional[Any]" is not indexable  [index]
(usc-isi-i2)etk/etk/csv_processor.py:292:27: error: Unsupported left operand type for + ("None")  [operator]
(usc-isi-i2)etk/etk/csv_processor.py:292:53: note: Left operand is of type "Optional[Any]"
(usc-isi-i2)etk/etk/csv_processor.py:303:27: error: Incompatible types in assignment (expression has type "Dict[str, str]", variable has type "Dict[str, Dict[str, str]]")  [assignment]
(usc-isi-i2)etk/etk/csv_processor.py:306:40: error: Incompatible types in assignment (expression has type "str", target has type "Dict[str, str]")  [assignment]
(usc-isi-i2)etk/etk/csv_processor.py:308:38: error: Incompatible types in assignment (expression has type "str", target has type "Dict[str, str]")  [assignment]
(usc-isi-i2)etk/etk/csv_processor.py:322:26: error: "object" has no attribute "isoformat"  [attr-defined]
(usc-isi-i2)etk/etk/data_extractors/htiExtractors/example.py:126:3: error: Need type annotation for 'ADS_LIST' (hint: "ADS_LIST: List[<type>] = ...")  [var-annotated]
(usc-isi-i2)etk/etk/unit_tests/test_date_extractor.py:14:108: error: Invalid type comment or annotation  [valid-type]
(usc-isi-i2)etk/etk/extractors/mailman_extractor.py:55:42: error: Argument 1 to "len" has incompatible type "Optional[Any]"; expected "Sized"  [arg-type]
(usc-isi-i2)etk/etk/timeseries/annotation/granularity_detector.py:48:79: error: Invalid type comment or annotation  [valid-type]
(usc-isi-i2)etk/etk/timeseries_processor.py:35:25: error: "object" has no attribute "__iter__"; maybe "__str__" or "__dir__"? (not iterable)  [attr-defined]
(usc-isi-i2)etk/etk/__main__.py:6:1: error: Module 'etk' has no attribute 'cli'  [attr-defined]
(usc-isi-i2)etk/etk/__main__.py:48:5: error: Module has no attribute "add_arguments"  [attr-defined]
(usc-isi-i2)etk/etk/__main__.py:52:5: error: Module has no attribute "run"  [attr-defined]
(usc-isi-i2)etk/etk/extractors/dbpedia_spotlight_extractor.py:33:9: error: Need type annotation for 'seen_uris' (hint: "seen_uris: Dict[<type>, <type>] = ...")  [var-annotated]
Found 69 errors in 26 files (checked 147 source files)

[RRepo](vmagamedov)asyncgrpc
(vmagamedov)asyncgrpc/example/helloworld/client.py:21:5: error: Module has no attribute "run"  [attr-defined]
(vmagamedov)asyncgrpc/grpclib/health/service.py:5:1: error: Relative import climbs too many namespaces  [misc]
(vmagamedov)asyncgrpc/grpclib/health/service.py:6:1: error: Relative import climbs too many namespaces  [misc]
(vmagamedov)asyncgrpc/grpclib/health/check.py:8:1: error: Relative import climbs too many namespaces  [misc]
(vmagamedov)asyncgrpc/grpclib/health/check.py:9:1: error: Relative import climbs too many namespaces  [misc]
Found 5 errors in 3 files (checked 24 source files)

[RRepo](lk-geimfari)elizabeth
(lk-geimfari)elizabeth/mimesis/providers/path.py:33:5: error: Missing return statement  [return]
(lk-geimfari)elizabeth/mimesis/providers/path.py:46:5: error: Missing return statement  [return]
(lk-geimfari)elizabeth/mimesis/providers/path.py:72:5: error: Missing return statement  [return]
(lk-geimfari)elizabeth/mimesis/providers/path.py:91:5: error: Missing return statement  [return]
(lk-geimfari)elizabeth/mimesis/providers/path.py:111:5: error: Missing return statement  [return]
(lk-geimfari)elizabeth/mimesis/random.py:21:14: error: Cannot resolve attribute "Random" (possible cyclic definition)  [misc]
(lk-geimfari)elizabeth/mimesis/random.py:21:14: error: Cannot resolve name "random_module.Random" (possible cyclic definition)  [misc]
(lk-geimfari)elizabeth/mimesis/random.py:63:16: error: Too many arguments for "urandom"  [call-arg]
(lk-geimfari)elizabeth/mimesis/random.py:124:12: error: Module has no attribute "choice"  [attr-defined]
(lk-geimfari)elizabeth/mimesis/providers/cryptographic.py:36:5: error: Missing return statement  [return]
Found 10 errors in 3 files (checked 23 source files)

[RRepo](Simon-Tang)py_dream_cheeky
(Simon-Tang)py_dream_cheeky/py_dream_cheeky/__init__.py:21:28: error: Need type annotation for 'event_queue'  [var-annotated]
Found 1 error in 1 file (checked 2 source files)

[RRepo](IfcOpenShell)IfcOpenShell
Success: no issues found in 2 source files

[RRepo](tmercswims)tmerc-cogs
(tmercswims)tmerc-cogs/streamrole/streamrole.py:13:18: error: Unsupported dynamic base class "getattr"  [misc]
(tmercswims)tmerc-cogs/massdm/massdm.py:11:14: error: Unsupported dynamic base class "getattr"  [misc]

[RRepo](isogeo)isogeo-plugin-qgis

[RRepo](eightnoteight)aschedule
Success: no issues found in 8 source files

[RRepo](jreese)aiosqlite
Success: no issues found in 5 source files

[RRepo](samuelcolvin)grablib
(samuelcolvin)grablib/grablib/build.py:150:16: error: Incompatible return value type (got "None", expected "Callable[[str, str], str]")  [return-value]
(samuelcolvin)grablib/grablib/build.py:155:20: error: Unexpected keyword argument "quote_chars"  [call-arg]
(samuelcolvin)grablib/grablib/build.py:174:59: error: Incompatible default for argument "custom_functions" (default has type "Tuple[]", argument has type "Union[Dict[Any, Any], Set[Any], List[Any]]")  [assignment]
(samuelcolvin)grablib/grablib/build.py:175:40: error: Incompatible default for argument "extra_importers" (default has type "Tuple[]", argument has type "List[Any]")  [assignment]
(samuelcolvin)grablib/grablib/build.py:196:9: error: Need type annotation for '_old_size_cache' (hint: "_old_size_cache: Dict[<type>, <type>] = ...")  [var-annotated]
(samuelcolvin)grablib/grablib/build.py:197:9: error: Need type annotation for '_new_size_cache' (hint: "_new_size_cache: Dict[<type>, <type>] = ...")  [var-annotated]
(samuelcolvin)grablib/grablib/build.py:257:44: error: Argument 1 to "insert_hash" has incompatible type "Optional[Path]"; expected "Path"  [arg-type]
(samuelcolvin)grablib/grablib/build.py:261:100: error: Item "None" of "Optional[Path]" has no attribute "name"  [union-attr]
(samuelcolvin)grablib/grablib/build.py:262:17: error: Item "None" of "Optional[Path]" has no attribute "write_text"  [union-attr]
(samuelcolvin)grablib/grablib/build.py:272:9: error: Unsupported operand types for + ("None" and "int")  [operator]
(samuelcolvin)grablib/grablib/build.py:288:13: error: Unsupported operand types for + ("None" and "int")  [operator]
(samuelcolvin)grablib/grablib/download.py:49:9: error: Need type annotation for '_new_lock' (hint: "_new_lock: List[<type>] = ...")  [var-annotated]
(samuelcolvin)grablib/grablib/download.py:96:21: error: "None" has no attribute "get"  [attr-defined]
(samuelcolvin)grablib/grablib/download.py:251:9: error: "None" has no attribute "pop"  [attr-defined]
(samuelcolvin)grablib/grablib/download.py:263:9: error: Need type annotation for 'current_lock' (hint: "current_lock: Dict[<type>, <type>] = ...")  [var-annotated]
(samuelcolvin)grablib/grablib/download.py:278:45: error: Incompatible types in assignment (expression has type "List[Tuple[Any, ...]]", target has type "Tuple[str, str]")  [assignment]
(samuelcolvin)grablib/grablib/download.py:286:31: error: Incompatible types in assignment (expression has type "List[Tuple[str, str]]", variable has type "Tuple[str, str]")  [assignment]
Found 17 errors in 2 files (checked 6 source files)

[RRepo](uthcode)learntosolveit
(uthcode)learntosolveit/utils/bin/add_program.py:102:36: error: invalid syntax  [syntax]
Found 1 error in 1 file (checked 140 source files)

[RRepo](benwebber)sqlite3-uuid
Success: no issues found in 2 source files

[RRepo](timercrack)pydatacoll
(timercrack)pydatacoll/pydatacoll/plugins/device_manage.py:27:5: error: Need type annotation for 'device_dict' (hint: "device_dict: Dict[<type>, <type>] = ...")  [var-annotated]
(timercrack)pydatacoll/pydatacoll/plugins/device_manage.py:28:5: error: Need type annotation for 'protocol_dict' (hint: "protocol_dict: Dict[<type>, <type>] = ...")  [var-annotated]
(timercrack)pydatacoll/pydatacoll/plugins/formula_calc.py:26:5: error: Name 'json' already defined (by an import)  [no-redef]
(timercrack)pydatacoll/pydatacoll/plugins/formula_calc.py:40:5: error: Need type annotation for 'formula_dict' (hint: "formula_dict: Dict[<type>, <type>] = ...")  [var-annotated]
(timercrack)pydatacoll/pydatacoll/plugins/formula_calc.py:41:5: error: Need type annotation for 'pandas_dict' (hint: "pandas_dict: Dict[<type>, <type>] = ...")  [var-annotated]
(timercrack)pydatacoll/pydatacoll/plugins/formula_calc.py:43:22: error: Name 'config' is not defined  [name-defined]
(timercrack)pydatacoll/pydatacoll/plugins/formula_calc.py:112:42: error: "Tuple[Any, ...]" has no attribute "value"  [attr-defined]
(timercrack)pydatacoll/pydatacoll/plugins/formula_calc.py:113:66: error: "Tuple[Any, ...]" has no attribute "time"  [attr-defined]
(timercrack)pydatacoll/pydatacoll/plugins/formula_calc.py:113:87: error: "Tuple[Any, ...]" has no attribute "value"  [attr-defined]
(timercrack)pydatacoll/pydatacoll/plugins/formula_calc.py:115:49: error: "Tuple[Any, ...]" has no attribute "value"  [attr-defined]
(timercrack)pydatacoll/pydatacoll/plugins/formula_calc.py:120:49: error: "Tuple[Any, ...]" has no attribute "value"  [attr-defined]
(timercrack)pydatacoll/pydatacoll/plugins/db_save.py:23:5: error: Name 'json' already defined (by an import)  [no-redef]
(timercrack)pydatacoll/pydatacoll/plugins/db_save.py:34:14: error: Name 'config' is not defined  [name-defined]
(timercrack)pydatacoll/pydatacoll/plugins/db_save.py:35:14: error: Name 'config' is not defined  [name-defined]
(timercrack)pydatacoll/pydatacoll/plugins/db_save.py:36:14: error: Name 'config' is not defined  [name-defined]
(timercrack)pydatacoll/pydatacoll/plugins/db_save.py:37:18: error: Name 'config' is not defined  [name-defined]
(timercrack)pydatacoll/pydatacoll/plugins/db_save.py:38:12: error: Name 'config' is not defined  [name-defined]
(timercrack)pydatacoll/pydatacoll/plugins/db_save.py:47:22: error: Name 'config' is not defined  [name-defined]

[RRepo](GehirnInc)python-jwt
(GehirnInc)python-jwt/jwt/jwa.py:37:16: error: Module has no attribute "SHA512"  [attr-defined]
(GehirnInc)python-jwt/jwt/jwk.py:111:16: error: "None" not callable  [misc]
(GehirnInc)python-jwt/jwt/jwk.py:116:47: error: "None" not callable  [misc]
(GehirnInc)python-jwt/jwt/jwk.py:155:16: error: Item "RSAPublicKey" of "Union[RSAPrivateKey, RSAPublicKey]" has no attribute "sign"  [union-attr]
(GehirnInc)python-jwt/jwt/jwk.py:155:62: error: "None" not callable  [misc]
(GehirnInc)python-jwt/jwt/jwk.py:160:22: error: Item "RSAPublicKey" of "Union[RSAPrivateKey, RSAPublicKey]" has no attribute "public_key"  [union-attr]
(GehirnInc)python-jwt/jwt/jwk.py:164:67: error: "None" not callable  [misc]
Found 7 errors in 2 files (checked 13 source files)

[RRepo](mfussenegger)cr8
(mfussenegger)cr8/cr8/misc.py:26:16: error: Incompatible return value type (got "None", expected "int")  [return-value]
(mfussenegger)cr8/cr8/misc.py:30:16: error: Incompatible return value type (got "None", expected "int")  [return-value]
(mfussenegger)cr8/cr8/misc.py:43:16: error: Incompatible return value type (got "None", expected "Tuple[Any, ...]")  [return-value]
(mfussenegger)cr8/cr8/misc.py:46:44: error: List item 0 has incompatible type "int"; expected "str"  [list-item]
(mfussenegger)cr8/cr8/java_magic.py:52:12: error: Too many arguments  [call-arg]
(mfussenegger)cr8/cr8/java_magic.py:63:41: error: Cannot infer type of lambda  [misc]
(mfussenegger)cr8/cr8/java_magic.py:63:41: error: Argument 1 to "_find_matching_java_home" has incompatible type "Callable[[Any], Any]"; expected "Callable[[], bool]"  [arg-type]
(mfussenegger)cr8/cr8/java_magic.py:65:41: error: Cannot infer type of lambda  [misc]
(mfussenegger)cr8/cr8/java_magic.py:65:41: error: Argument 1 to "_find_matching_java_home" has incompatible type "Callable[[Any], Any]"; expected "Callable[[], bool]"  [arg-type]

[RRepo](all3fox)algos-py
(all3fox)algos-py/test/test_graph/test_graph.py:162:5: error: Name 'test_has_cycle_3' already defined on line 156  [no-redef]
(all3fox)algos-py/src/geometry/point2d.py:32:5: error: Argument 1 of "__eq__" is incompatible with supertype "object"; supertype defines the argument type as "object"  [override]
(all3fox)algos-py/src/geometry/point2d.py:32:5: note: It is recommended for "__eq__" to work with arbitrary objects, for example:
(all3fox)algos-py/src/geometry/point2d.py:32:5: note:     def __eq__(self, other: object) -> bool:
(all3fox)algos-py/src/geometry/point2d.py:32:5: note:         if not isinstance(other, Point2D):
(all3fox)algos-py/src/geometry/point2d.py:32:5: note:             return NotImplemented
(all3fox)algos-py/src/geometry/point2d.py:32:5: note:         return <logic to compare two Point2D instances>
(all3fox)algos-py/src/geometry/point2d.py:39:5: error: Argument 1 of "__ne__" is incompatible with supertype "object"; supertype defines the argument type as "object"  [override]
(all3fox)algos-py/test/test_sset/test_sset.py:395:2: error: Name 'test_remove_5' already defined on line 379  [no-redef]
(all3fox)algos-py/test/test_gcf.py:26:1: error: Name 'test_00' already defined on line 7  [no-redef]
(all3fox)algos-py/test/test_gcf.py:29:1: error: Name 'test_10' already defined on line 10  [no-redef]
(all3fox)algos-py/test/test_gcf.py:32:1: error: Name 'test_01' already defined on line 13  [no-redef]
Found 7 errors in 4 files (checked 52 source files)

[RRepo](BpArCuCTeMbI)VKMP
(BpArCuCTeMbI)VKMP/main.py:9:1: error: Missing return statement  [return]
(BpArCuCTeMbI)VKMP/main.py:9:25: error: Invalid type comment or annotation  [valid-type]
(BpArCuCTeMbI)VKMP/main.py:78:13: error: Argument 1 to "remove" has incompatible type "Optional[str]"; expected "Union[bytes, str, _PathLike[Any]]"  [arg-type]
(BpArCuCTeMbI)VKMP/main.py:119:13: error: Argument 1 to "remove" has incompatible type "Optional[str]"; expected "Union[bytes, str, _PathLike[Any]]"  [arg-type]
(BpArCuCTeMbI)VKMP/main.py:135:13: error: Argument 1 to "remove" has incompatible type "Optional[str]"; expected "Union[bytes, str, _PathLike[Any]]"  [arg-type]
(BpArCuCTeMbI)VKMP/main.py:171:14: error: Item "None" of "Optional[Match[str]]" has no attribute "group"  [union-attr]
(BpArCuCTeMbI)VKMP/main.py:189:12: error: Argument 1 to "remove" has incompatible type "Optional[str]"; expected "Union[bytes, str, _PathLike[Any]]"  [arg-type]
Found 7 errors in 1 file (checked 1 source file)

[RRepo](googleapis)gapic-generator-python
(googleapis)gapic-generator-python/gapic/samplegen_utils/types.py:16:1: error: Module 'gapic.utils' has no attribute 'to_snake_case'  [attr-defined]

[RRepo](nesdis)djongo
(nesdis)djongo/tests/django_tests/tests_old/model_forms/models.py: error: Duplicate module named 'models' (also at '/home/bew/archive/typed_project/(nesdis)djongo/tests/django_tests/tests_old/fixtures_model_package/models/__init__.py')  [misc]
(nesdis)djongo/tests/django_tests/tests_old/model_forms/models.py: error: Are you missing an __init__.py?  [misc]
Found 2 errors in 1 file (checked 440 source files)

[RRepo](purduesigbots)pros-cli
(purduesigbots)pros-cli/pros/common/ui/interactive/parameters/misc_parameters.py:33:12: error: Unsupported operand types for >= ("int" and "T")  [operator]
(purduesigbots)pros-cli/pros/common/ui/interactive/parameters/misc_parameters.py:33:29: error: Unsupported operand types for <= ("int" and "T")  [operator]
(purduesigbots)pros-cli/pros/common/ui/interactive/renderers/Renderer.py:3:1: error: Relative import climbs too many namespaces  [misc]
(purduesigbots)pros-cli/pros/common/ui/interactive/components/component.py:70:22: error: Need type annotation for 'label'  [var-annotated]
(purduesigbots)pros-cli/pros/common/ui/interactive/components/button.py:4:1: error: Relative import climbs too many namespaces  [misc]
(purduesigbots)pros-cli/pros/common/ui/interactive/components/button.py:14:21: error: Need type annotation for 'text'  [var-annotated]
(purduesigbots)pros-cli/pros/common/ui/interactive/components/container.py:7:1: error: Name 'Container' already defined (possibly by an import)  [no-redef]
(purduesigbots)pros-cli/pros/common/ui/interactive/components/container.py:15:22: error: Need type annotation for 'title'  [var-annotated]
(purduesigbots)pros-cli/pros/common/ui/interactive/components/container.py:16:28: error: Need type annotation for 'description'  [var-annotated]
(purduesigbots)pros-cli/pros/common/ui/interactive/components/label.py:8:21: error: Need type annotation for 'text'  [var-annotated]
(purduesigbots)pros-cli/pros/common/ui/interactive/components/input.py:6:48: error: Free type variable expected in Generic[...]  [misc]
(purduesigbots)pros-cli/pros/common/ui/interactive/components/input.py:11:66: error: Optional[...] must have exactly one type argument  [misc]
(purduesigbots)pros-cli/pros/common/ui/interactive/components/input.py:25:20: error: "InputBox" expects no type arguments, but 1 given  [type-arg]
(purduesigbots)pros-cli/pros/common/ui/interactive/components/input.py:25:33: error: Free type variable expected in Generic[...]  [misc]
(purduesigbots)pros-cli/pros/common/ui/interactive/components/input.py:29:25: error: "InputBox" expects no type arguments, but 1 given  [type-arg]
(purduesigbots)pros-cli/pros/common/ui/interactive/components/input.py:29:38: error: Free type variable expected in Generic[...]  [misc]
(purduesigbots)pros-cli/pros/common/ui/interactive/application.py:88:12: error: Type variable "typing.AnyStr" is unbound  [valid-type]
(purduesigbots)pros-cli/pros/common/ui/interactive/application.py:88:12: note: (Hint: Use "Generic[AnyStr]" or "Protocol[AnyStr]" base class to bind "AnyStr" inside a class)
(purduesigbots)pros-cli/pros/common/ui/interactive/application.py:88:12: note: (Hint: Use "AnyStr" in function signature to bind "AnyStr" inside a function)
(purduesigbots)pros-cli/pros/common/ui/interactive/application.py:90:27: error: Type variable "typing.AnyStr" is unbound  [valid-type]
(purduesigbots)pros-cli/pros/common/ui/interactive/application.py:90:27: note: (Hint: Use "Generic[AnyStr]" or "Protocol[AnyStr]" base class to bind "AnyStr" inside a class)
(purduesigbots)pros-cli/pros/common/ui/interactive/application.py:90:27: note: (Hint: Use "AnyStr" in function signature to bind "AnyStr" inside a function)
(purduesigbots)pros-cli/pros/common/ui/interactive/application.py:95:21: error: Type variable "typing.AnyStr" is unbound  [valid-type]
(purduesigbots)pros-cli/pros/common/ui/interactive/application.py:95:21: note: (Hint: Use "Generic[AnyStr]" or "Protocol[AnyStr]" base class to bind "AnyStr" inside a class)
(purduesigbots)pros-cli/pros/common/ui/interactive/application.py:95:21: note: (Hint: Use "AnyStr" in function signature to bind "AnyStr" inside a function)
(purduesigbots)pros-cli/pros/common/ui/interactive/application.py:97:20: error: Type variable "typing.AnyStr" is unbound  [valid-type]
(purduesigbots)pros-cli/pros/common/ui/interactive/application.py:97:20: note: (Hint: Use "Generic[AnyStr]" or "Protocol[AnyStr]" base class to bind "AnyStr" inside a class)
(purduesigbots)pros-cli/pros/common/ui/interactive/application.py:97:20: note: (Hint: Use "AnyStr" in function signature to bind "AnyStr" inside a function)
(purduesigbots)pros-cli/pros/common/ui/interactive/application.py:100:68: error: Incompatible default for argument "confirm_button" (default has type "str", argument has type "bytes")  [assignment]
(purduesigbots)pros-cli/pros/common/ui/interactive/application.py:100:104: error: Incompatible default for argument "cancel_button" (default has type "str", argument has type "bytes")  [assignment]
(purduesigbots)pros-cli/pros/common/ui/interactive/application.py:104:28: error: Incompatible types in assignment (expression has type "Optional[str]", variable has type "None")  [assignment]
(purduesigbots)pros-cli/pros/common/ui/interactive/application.py:104:28: error: Incompatible types in assignment (expression has type "Optional[bytes]", variable has type "None")  [assignment]
(purduesigbots)pros-cli/pros/serial/devices/vex/v5_user_device.py:42:32: error: Incompatible types in assignment (expression has type "bytearray", variable has type "Tuple[None, None]")  [assignment]
(purduesigbots)pros-cli/pros/serial/devices/vex/v5_user_device.py:46:69: error: "Tuple[None, None]" has no attribute "hex"  [attr-defined]
(purduesigbots)pros-cli/pros/serial/devices/vex/v5_user_device.py:48:19: error: Incompatible types in assignment (expression has type "Tuple[bytes, bytes]", variable has type "Tuple[None, None]")  [assignment]
(purduesigbots)pros-cli/pros/serial/devices/vex/v5_user_device.py:48:25: error: Argument 1 to "bytes" has incompatible type "Tuple[None, None]"; expected "Iterable[int]"  [arg-type]
(purduesigbots)pros-cli/pros/serial/devices/vex/message.py:13:16: error: Too many arguments for "__new__" of "object"  [call-arg]
(purduesigbots)pros-cli/pros/serial/devices/generic_device.py:1:1: error: Relative import climbs too many namespaces  [misc]
(purduesigbots)pros-cli/pros/cli/misc_commands.py:5:2: error: Name 'pros_root' is not defined  [name-defined]
(purduesigbots)pros-cli/pros/cli/misc_commands.py:11:2: error: Name 'click' is not defined  [name-defined]
(purduesigbots)pros-cli/pros/cli/misc_commands.py:13:2: error: Name 'click' is not defined  [name-defined]
(purduesigbots)pros-cli/pros/cli/misc_commands.py:15:2: error: Name 'default_options' is not defined  [name-defined]
(purduesigbots)pros-cli/pros/cli/upload.py:7:2: error: Name 'pros_root' is not defined  [name-defined]
(purduesigbots)pros-cli/pros/cli/upload.py:13:2: error: Name 'click' is not defined  [name-defined]
(purduesigbots)pros-cli/pros/cli/upload.py:15:2: error: Name 'click' is not defined  [name-defined]
(purduesigbots)pros-cli/pros/cli/upload.py:16:2: error: Name 'click' is not defined  [name-defined]
(purduesigbots)pros-cli/pros/cli/upload.py:17:2: error: Name 'project_option' is not defined  [name-defined]
(purduesigbots)pros-cli/pros/cli/upload.py:18:2: error: Name 'click' is not defined  [name-defined]
(purduesigbots)pros-cli/pros/cli/upload.py:19:2: error: Name 'click' is not defined  [name-defined]
(purduesigbots)pros-cli/pros/cli/upload.py:20:2: error: Name 'click' is not defined  [name-defined]
(purduesigbots)pros-cli/pros/cli/upload.py:21:19: error: Name 'PROSOption' is not defined  [name-defined]
(purduesigbots)pros-cli/pros/cli/upload.py:22:2: error: Name 'click' is not defined  [name-defined]
(purduesigbots)pros-cli/pros/cli/upload.py:23:19: error: Name 'PROSOption' is not defined  [name-defined]
(purduesigbots)pros-cli/pros/cli/upload.py:24:2: error: Name 'click' is not defined  [name-defined]
(purduesigbots)pros-cli/pros/cli/upload.py:25:19: error: Name 'PROSOption' is not defined  [name-defined]
(purduesigbots)pros-cli/pros/cli/upload.py:26:2: error: Name 'click' is not defined  [name-defined]
(purduesigbots)pros-cli/pros/cli/upload.py:27:19: error: Name 'PROSOption' is not defined  [name-defined]
(purduesigbots)pros-cli/pros/cli/upload.py:28:2: error: Name 'click' is not defined  [name-defined]
(purduesigbots)pros-cli/pros/cli/upload.py:29:19: error: Name 'PROSOption' is not defined  [name-defined]
(purduesigbots)pros-cli/pros/cli/upload.py:30:2: error: Name 'click' is not defined  [name-defined]
(purduesigbots)pros-cli/pros/cli/upload.py:31:19: error: Name 'PROSOption' is not defined  [name-defined]
(purduesigbots)pros-cli/pros/cli/upload.py:34:2: error: Name 'click' is not defined  [name-defined]
(purduesigbots)pros-cli/pros/cli/upload.py:34:71: error: Name 'PROSOption' is not defined  [name-defined]
(purduesigbots)pros-cli/pros/cli/upload.py:36:2: error: Name 'default_options' is not defined  [name-defined]
(purduesigbots)pros-cli/pros/cli/upload.py:37:18: error: Name 'Optional' is not defined  [name-defined]
(purduesigbots)pros-cli/pros/cli/upload.py:37:18: note: Did you forget to import it from "typing"? (Suggestion: "from typing import Optional")
(purduesigbots)pros-cli/pros/cli/upload.py:49:24: error: Name 'os' is not defined  [name-defined]
(purduesigbots)pros-cli/pros/cli/upload.py:51:59: error: Name 'os' is not defined  [name-defined]
(purduesigbots)pros-cli/pros/cli/upload.py:53:23: error: Name 'click' is not defined  [name-defined]
(purduesigbots)pros-cli/pros/cli/upload.py:55:16: error: Name 'os' is not defined  [name-defined]
(purduesigbots)pros-cli/pros/cli/upload.py:70:9: error: Name 'logger' is not defined  [name-defined]
(purduesigbots)pros-cli/pros/cli/upload.py:71:15: error: Name 'click' is not defined  [name-defined]
(purduesigbots)pros-cli/pros/cli/upload.py:74:16: error: Name 'resolve_v5_port' is not defined  [name-defined]
(purduesigbots)pros-cli/pros/cli/upload.py:76:16: error: Name 'resolve_cortex_port' is not defined  [name-defined]
(purduesigbots)pros-cli/pros/cli/upload.py:78:9: error: Name 'logger' is not defined  [name-defined]
(purduesigbots)pros-cli/pros/cli/upload.py:79:9: error: Name 'logger' is not defined  [name-defined]
(purduesigbots)pros-cli/pros/cli/upload.py:81:15: error: Name 'dont_send' is not defined  [name-defined]
(purduesigbots)pros-cli/pros/cli/upload.py:81:25: error: Name 'click' is not defined  [name-defined]
(purduesigbots)pros-cli/pros/cli/upload.py:85:37: error: Name 'os' is not defined  [name-defined]
(purduesigbots)pros-cli/pros/cli/upload.py:86:33: error: Item "None" of "Optional[Any]" has no attribute "replace"  [union-attr]
(purduesigbots)pros-cli/pros/cli/upload.py:98:5: error: Name 'logger' is not defined  [name-defined]
(purduesigbots)pros-cli/pros/cli/upload.py:109:13: error: Item "None" of "Optional[Any]" has no attribute "upload_project"  [union-attr]
(purduesigbots)pros-cli/pros/cli/upload.py:111:18: error: Name 'click' is not defined  [name-defined]
(purduesigbots)pros-cli/pros/cli/upload.py:112:17: error: Item "None" of "Optional[Any]" has no attribute "write_program"  [union-attr]
(purduesigbots)pros-cli/pros/cli/upload.py:114:9: error: Name 'logger' is not defined  [name-defined]
(purduesigbots)pros-cli/pros/cli/upload.py:119:2: error: Name 'click' is not defined  [name-defined]
(purduesigbots)pros-cli/pros/cli/upload.py:120:2: error: Name 'default_options' is not defined  [name-defined]
(purduesigbots)pros-cli/pros/cli/upload.py:128:48: error: Name 'List' is not defined  [name-defined]
(purduesigbots)pros-cli/pros/cli/upload.py:128:48: note: Did you forget to import it from "typing"? (Suggestion: "from typing import List")
(purduesigbots)pros-cli/pros/cli/upload.py:128:53: error: Name 'Any' is not defined  [name-defined]
(purduesigbots)pros-cli/pros/cli/upload.py:128:53: note: Did you forget to import it from "typing"? (Suggestion: "from typing import Any")
(purduesigbots)pros-cli/pros/cli/upload.py:128:75: error: Name 'Optional' is not defined  [name-defined]
(purduesigbots)pros-cli/pros/cli/upload.py:128:75: note: Did you forget to import it from "typing"? (Suggestion: "from typing import Optional")
(purduesigbots)pros-cli/pros/cli/upload.py:161:2: error: Name 'shadow_command' is not defined  [name-defined]
(purduesigbots)pros-cli/pros/cli/upload.py:162:2: error: Name 'click' is not defined  [name-defined]
(purduesigbots)pros-cli/pros/conductor/interactive/components.py:35:29: error: Need type annotation for 'editable'  [var-annotated]
(purduesigbots)pros-cli/pros/upgrade/manifests/upgrade_manifest_v2.py:7:1: error: Relative import climbs too many namespaces  [misc]
(purduesigbots)pros-cli/pros/serial/devices/vex/cortex_device.py:17:1: error: Relative import climbs too many namespaces  [misc]
(purduesigbots)pros-cli/pros/serial/ports/direct_port.py:11: error: Name 'serial.Serial' is not defined  [name-defined]
(purduesigbots)pros-cli/pros/serial/ports/direct_port.py:14:16: error: Module has no attribute "Serial"  [attr-defined]
(purduesigbots)pros-cli/pros/serial/ports/direct_port.py:14:67: error: Module has no attribute "EIGHTBITS"  [attr-defined]
(purduesigbots)pros-cli/pros/serial/ports/direct_port.py:15:37: error: Module has no attribute "PARITY_NONE"  [attr-defined]
(purduesigbots)pros-cli/pros/serial/ports/direct_port.py:15:66: error: Module has no attribute "STOPBITS_ONE"  [attr-defined]
(purduesigbots)pros-cli/pros/serial/ports/direct_port.py:19:12: error: Module has no attribute "SerialException"  [attr-defined]
(purduesigbots)pros-cli/pros/serial/ports/direct_port.py:32:22: error: Name 'serial.Serial' is not defined  [name-defined]
(purduesigbots)pros-cli/pros/serial/ports/direct_port.py:51:16: error: Module has no attribute "SerialException"  [attr-defined]
(purduesigbots)pros-cli/pros/conductor/project/ProjectReport.py:5:33: error: Name 'Project' is not defined  [name-defined]
(purduesigbots)pros-cli/pros/conductor/interactive/parameters.py:21:9: error: Need type annotation for 'blacklisted_directories' (hint: "blacklisted_directories: List[<type>] = ...")  [var-annotated]
(purduesigbots)pros-cli/pros/conductor/interactive/parameters.py:106:10: error: "None" has no attribute "on_any_changed"  [attr-defined]
(purduesigbots)pros-cli/pros/common/ui/__init__.py:14:25: error: Name 'Dict' is not defined  [name-defined]
(purduesigbots)pros-cli/pros/common/ui/__init__.py:14:25: note: Did you forget to import it from "typing"? (Suggestion: "from typing import Dict")
(purduesigbots)pros-cli/pros/common/ui/__init__.py:14:35: error: Name 'Any' is not defined  [name-defined]
(purduesigbots)pros-cli/pros/common/ui/__init__.py:14:35: note: Did you forget to import it from "typing"? (Suggestion: "from typing import Any")
(purduesigbots)pros-cli/pros/common/ui/__init__.py:15:5: error: Name 'click' is not defined  [name-defined]
(purduesigbots)pros-cli/pros/common/ui/__init__.py:18:39: error: Name 'Dict' is not defined  [name-defined]
(purduesigbots)pros-cli/pros/common/ui/__init__.py:18:39: note: Did you forget to import it from "typing"? (Suggestion: "from typing import Dict")
(purduesigbots)pros-cli/pros/common/ui/__init__.py:18:49: error: Name 'Any' is not defined  [name-defined]
(purduesigbots)pros-cli/pros/common/ui/__init__.py:18:49: note: Did you forget to import it from "typing"? (Suggestion: "from typing import Any")
(purduesigbots)pros-cli/pros/common/ui/__init__.py:18:69: error: Name 'Optional' is not defined  [name-defined]
(purduesigbots)pros-cli/pros/common/ui/__init__.py:18:69: note: Did you forget to import it from "typing"? (Suggestion: "from typing import Optional")
(purduesigbots)pros-cli/pros/common/ui/__init__.py:27:16: error: Name 'Any' is not defined  [name-defined]
(purduesigbots)pros-cli/pros/common/ui/__init__.py:27:16: note: Did you forget to import it from "typing"? (Suggestion: "from typing import Any")
(purduesigbots)pros-cli/pros/common/ui/__init__.py:28: error: Name 'click' is not defined  [name-defined]
(purduesigbots)pros-cli/pros/common/ui/__init__.py:28:44: error: Name 'Optional' is not defined  [name-defined]
(purduesigbots)pros-cli/pros/common/ui/__init__.py:28:44: note: Did you forget to import it from "typing"? (Suggestion: "from typing import Optional")
(purduesigbots)pros-cli/pros/common/ui/__init__.py:30:8: error: Name 'ismachineoutput' is not defined  [name-defined]
(purduesigbots)pros-cli/pros/common/ui/__init__.py:34:16: error: Name 'click' is not defined  [name-defined]
(purduesigbots)pros-cli/pros/common/ui/__init__.py:37:90: error: Incompatible default for argument "prompt_suffix" (default has type "str", argument has type "bool")  [assignment]
(purduesigbots)pros-cli/pros/common/ui/__init__.py:38:66: error: Name 'AnyStr' is not defined  [name-defined]
(purduesigbots)pros-cli/pros/common/ui/__init__.py:41:8: error: Name 'ismachineoutput' is not defined  [name-defined]
(purduesigbots)pros-cli/pros/common/ui/__init__.py:48:14: error: Name 'click' is not defined  [name-defined]
(purduesigbots)pros-cli/pros/common/ui/__init__.py:67:27: error: Name 'Iterable' is not defined  [name-defined]
(purduesigbots)pros-cli/pros/common/ui/__init__.py:67:27: note: Did you forget to import it from "typing"? (Suggestion: "from typing import Iterable")
(purduesigbots)pros-cli/pros/common/ui/__init__.py:68:84: error: Name 'Callable' is not defined  [name-defined]
(purduesigbots)pros-cli/pros/common/ui/__init__.py:68:84: note: Did you forget to import it from "typing"? (Suggestion: "from typing import Callable")
(purduesigbots)pros-cli/pros/common/ui/__init__.py:71:8: error: Name 'ismachineoutput' is not defined  [name-defined]
(purduesigbots)pros-cli/pros/common/ui/__init__.py:74:16: error: Name 'click' is not defined  [name-defined]
(purduesigbots)pros-cli/pros/common/ui/__init__.py:77:33: error: Name 'Union' is not defined  [name-defined]
(purduesigbots)pros-cli/pros/common/ui/__init__.py:77:33: note: Did you forget to import it from "typing"? (Suggestion: "from typing import Union")
(purduesigbots)pros-cli/pros/common/ui/__init__.py:77:44: error: Name 'Dict' is not defined  [name-defined]
(purduesigbots)pros-cli/pros/common/ui/__init__.py:77:44: note: Did you forget to import it from "typing"? (Suggestion: "from typing import Dict")
(purduesigbots)pros-cli/pros/common/ui/__init__.py:77:58: error: Name 'List' is not defined  [name-defined]
(purduesigbots)pros-cli/pros/common/ui/__init__.py:77:58: note: Did you forget to import it from "typing"? (Suggestion: "from typing import List")
(purduesigbots)pros-cli/pros/common/ui/__init__.py:77:88: error: Name 'Tuple' is not defined  [name-defined]
(purduesigbots)pros-cli/pros/common/ui/__init__.py:77:88: note: Did you forget to import it from "typing"? (Suggestion: "from typing import Tuple")
(purduesigbots)pros-cli/pros/common/ui/__init__.py:78:28: error: Name 'Optional' is not defined  [name-defined]
(purduesigbots)pros-cli/pros/common/ui/__init__.py:78:28: note: Did you forget to import it from "typing"? (Suggestion: "from typing import Optional")
(purduesigbots)pros-cli/pros/common/ui/__init__.py:86:26: error: Incompatible types in assignment (expression has type "Dict[Any, Any]", variable has type "str")  [assignment]
(purduesigbots)pros-cli/pros/common/ui/__init__.py:87:27: error: Name 'List' is not defined  [name-defined]
(purduesigbots)pros-cli/pros/common/ui/__init__.py:87:27: note: Did you forget to import it from "typing"? (Suggestion: "from typing import List")
(purduesigbots)pros-cli/pros/common/ui/__init__.py:110:8: error: Name 'ismachineoutput' is not defined  [name-defined]
(purduesigbots)pros-cli/pros/common/ui/__init__.py:140:38: error: Name 'Optional' is not defined  [name-defined]
(purduesigbots)pros-cli/pros/common/ui/__init__.py:140:38: note: Did you forget to import it from "typing"? (Suggestion: "from typing import Optional")
(purduesigbots)pros-cli/pros/common/ui/__init__.py:147:9: error: Need type annotation for 'old_notify_values' (hint: "old_notify_values: List[<type>] = ...")  [var-annotated]
(purduesigbots)pros-cli/pros/common/ui/__init__.py:160: error: Name 'click' is not defined  [name-defined]
(purduesigbots)pros-cli/pros/common/ui/__init__.py:160:48: error: Name 'Optional' is not defined  [name-defined]
(purduesigbots)pros-cli/pros/common/ui/__init__.py:160:48: note: Did you forget to import it from "typing"? (Suggestion: "from typing import Optional")
(purduesigbots)pros-cli/pros/common/ui/__init__.py:164:33: error: Name 'click' is not defined  [name-defined]
(purduesigbots)pros-cli/pros/common/ui/__init__.py:168:37: error: Name 'os' is not defined  [name-defined]
(purduesigbots)pros-cli/pros/common/ui/__init__.py:169:27: error: Name 'os' is not defined  [name-defined]
(purduesigbots)pros-cli/pros/common/ui/interactive/observable.py:9:1: error: Cannot resolve name "Observable" (possible cyclic definition)  [misc]
(purduesigbots)pros-cli/pros/common/ui/interactive/observable.py:12:18: error: Cannot resolve attribute "Observable" (possible cyclic definition)  [misc]
(purduesigbots)pros-cli/pros/common/ui/interactive/observable.py:12:18: error: Cannot resolve name "observable.Observable" (possible cyclic definition)  [misc]
(purduesigbots)pros-cli/pros/common/ui/interactive/observable.py:47:26: error: Incompatible types in assignment (expression has type "List[<nothing>]", variable has type "Optional[Tuple[Any, ...]]")  [assignment]
(purduesigbots)pros-cli/pros/serial/devices/vex/stm32_device.py:15:1: error: Relative import climbs too many namespaces  [misc]
(purduesigbots)pros-cli/pros/serial/devices/vex/stm32_device.py:16:1: error: Relative import climbs too many namespaces  [misc]
(purduesigbots)pros-cli/pros/serial/devices/vex/stm32_device.py:191:28: error: On Python 3 '{}'.format(b'abc') produces "b'abc'"; use !r if this is a desired behavior  [str-bytes-safe]
(purduesigbots)pros-cli/pros/cli/v5_utils.py:4:2: error: Name 'pros_root' is not defined  [name-defined]
(purduesigbots)pros-cli/pros/cli/v5_utils.py:9:25: error: Name 'PROSGroup' is not defined  [name-defined]
(purduesigbots)pros-cli/pros/cli/v5_utils.py:10:2: error: Name 'default_options' is not defined  [name-defined]
(purduesigbots)pros-cli/pros/cli/v5_utils.py:16:2: error: Name 'click' is not defined  [name-defined]
(purduesigbots)pros-cli/pros/cli/v5_utils.py:17:2: error: Name 'default_options' is not defined  [name-defined]
(purduesigbots)pros-cli/pros/cli/v5_utils.py:24:12: error: Name 'resolve_v5_port' is not defined  [name-defined]
(purduesigbots)pros-cli/pros/cli/v5_utils.py:30:8: error: Name 'ismachineoutput' is not defined  [name-defined]
(purduesigbots)pros-cli/pros/cli/v5_utils.py:41:2: error: Name 'click' is not defined  [name-defined]
(purduesigbots)pros-cli/pros/cli/v5_utils.py:41:49: error: Name 'PROSOption' is not defined  [name-defined]
(purduesigbots)pros-cli/pros/cli/v5_utils.py:42:2: error: Name 'click' is not defined  [name-defined]
(purduesigbots)pros-cli/pros/cli/v5_utils.py:42:53: error: Name 'PROSOption' is not defined  [name-defined]
(purduesigbots)pros-cli/pros/cli/v5_utils.py:43:2: error: Name 'click' is not defined  [name-defined]
(purduesigbots)pros-cli/pros/cli/v5_utils.py:44:2: error: Name 'default_options' is not defined  [name-defined]
(purduesigbots)pros-cli/pros/cli/v5_utils.py:51:12: error: Name 'resolve_v5_port' is not defined  [name-defined]
(purduesigbots)pros-cli/pros/cli/v5_utils.py:63:2: error: Name 'click' is not defined  [name-defined]
(purduesigbots)pros-cli/pros/cli/v5_utils.py:64:2: error: Name 'click' is not defined  [name-defined]
(purduesigbots)pros-cli/pros/cli/v5_utils.py:65:2: error: Name 'click' is not defined  [name-defined]
(purduesigbots)pros-cli/pros/cli/v5_utils.py:66:2: error: Name 'click' is not defined  [name-defined]
(purduesigbots)pros-cli/pros/cli/v5_utils.py:66:49: error: Name 'PROSOption' is not defined  [name-defined]
(purduesigbots)pros-cli/pros/cli/v5_utils.py:67:2: error: Name 'click' is not defined  [name-defined]
(purduesigbots)pros-cli/pros/cli/v5_utils.py:67:85: error: Name 'PROSOption' is not defined  [name-defined]
(purduesigbots)pros-cli/pros/cli/v5_utils.py:68:2: error: Name 'default_options' is not defined  [name-defined]
(purduesigbots)pros-cli/pros/cli/v5_utils.py:75:12: error: Name 'resolve_v5_port' is not defined  [name-defined]
(purduesigbots)pros-cli/pros/cli/v5_utils.py:81:27: error: Name 'click' is not defined  [name-defined]
(purduesigbots)pros-cli/pros/cli/v5_utils.py:86:2: error: Name 'click' is not defined  [name-defined]
(purduesigbots)pros-cli/pros/cli/v5_utils.py:87:2: error: Name 'click' is not defined  [name-defined]
(purduesigbots)pros-cli/pros/cli/v5_utils.py:88:2: error: Name 'click' is not defined  [name-defined]
(purduesigbots)pros-cli/pros/cli/v5_utils.py:89:2: error: Name 'click' is not defined  [name-defined]
(purduesigbots)pros-cli/pros/cli/v5_utils.py:90:2: error: Name 'click' is not defined  [name-defined]
(purduesigbots)pros-cli/pros/cli/v5_utils.py:91:2: error: Name 'click' is not defined  [name-defined]
(purduesigbots)pros-cli/pros/cli/v5_utils.py:91:49: error: Name 'PROSOption' is not defined  [name-defined]
(purduesigbots)pros-cli/pros/cli/v5_utils.py:92:2: error: Name 'click' is not defined  [name-defined]
(purduesigbots)pros-cli/pros/cli/v5_utils.py:93:2: error: Name 'default_options' is not defined  [name-defined]
(purduesigbots)pros-cli/pros/cli/v5_utils.py:100:12: error: Name 'resolve_v5_port' is not defined  [name-defined]
(purduesigbots)pros-cli/pros/cli/v5_utils.py:106:61: error: Name 'os' is not defined  [name-defined]
(purduesigbots)pros-cli/pros/cli/v5_utils.py:110:2: error: Name 'click' is not defined  [name-defined]
(purduesigbots)pros-cli/pros/cli/v5_utils.py:111:2: error: Name 'click' is not defined  [name-defined]
(purduesigbots)pros-cli/pros/cli/v5_utils.py:112:2: error: Name 'click' is not defined  [name-defined]
(purduesigbots)pros-cli/pros/cli/v5_utils.py:112:49: error: Name 'PROSOption' is not defined  [name-defined]
(purduesigbots)pros-cli/pros/cli/v5_utils.py:113:2: error: Name 'click' is not defined  [name-defined]
(purduesigbots)pros-cli/pros/cli/v5_utils.py:115:2: error: Name 'default_options' is not defined  [name-defined]
(purduesigbots)pros-cli/pros/cli/v5_utils.py:122:12: error: Name 'resolve_v5_port' is not defined  [name-defined]
(purduesigbots)pros-cli/pros/cli/v5_utils.py:132:2: error: Name 'click' is not defined  [name-defined]
(purduesigbots)pros-cli/pros/cli/v5_utils.py:133:2: error: Name 'click' is not defined  [name-defined]
(purduesigbots)pros-cli/pros/cli/v5_utils.py:134:2: error: Name 'click' is not defined  [name-defined]
(purduesigbots)pros-cli/pros/cli/v5_utils.py:134:49: error: Name 'PROSOption' is not defined  [name-defined]
(purduesigbots)pros-cli/pros/cli/v5_utils.py:135:2: error: Name 'default_options' is not defined  [name-defined]
(purduesigbots)pros-cli/pros/cli/v5_utils.py:142:12: error: Name 'resolve_v5_port' is not defined  [name-defined]
(purduesigbots)pros-cli/pros/cli/v5_utils.py:152:2: error: Name 'click' is not defined  [name-defined]
(purduesigbots)pros-cli/pros/cli/v5_utils.py:153:2: error: Name 'click' is not defined  [name-defined]
(purduesigbots)pros-cli/pros/cli/v5_utils.py:153:62: error: Name 'PROSOption' is not defined  [name-defined]
(purduesigbots)pros-cli/pros/cli/v5_utils.py:154:2: error: Name 'default_options' is not defined  [name-defined]
(purduesigbots)pros-cli/pros/cli/v5_utils.py:161:12: error: Name 'resolve_v5_port' is not defined  [name-defined]
(purduesigbots)pros-cli/pros/cli/v5_utils.py:176:2: error: Name 'click' is not defined  [name-defined]
(purduesigbots)pros-cli/pros/cli/v5_utils.py:177:2: error: Name 'click' is not defined  [name-defined]
(purduesigbots)pros-cli/pros/cli/v5_utils.py:178:2: error: Name 'default_options' is not defined  [name-defined]
(purduesigbots)pros-cli/pros/cli/v5_utils.py:188:9: error: Name 'logger' is not defined  [name-defined]
(purduesigbots)pros-cli/pros/cli/v5_utils.py:190:12: error: Name 'resolve_v5_port' is not defined  [name-defined]
(purduesigbots)pros-cli/pros/cli/v5_utils.py:199:2: error: Name 'click' is not defined  [name-defined]
(purduesigbots)pros-cli/pros/cli/v5_utils.py:200:2: error: Name 'default_options' is not defined  [name-defined]
(purduesigbots)pros-cli/pros/cli/v5_utils.py:209:12: error: Name 'resolve_v5_port' is not defined  [name-defined]
(purduesigbots)pros-cli/pros/cli/v5_utils.py:218:2: error: Name 'click' is not defined  [name-defined]
(purduesigbots)pros-cli/pros/cli/v5_utils.py:219:2: error: Name 'click' is not defined  [name-defined]
(purduesigbots)pros-cli/pros/cli/v5_utils.py:220:2: error: Name 'click' is not defined  [name-defined]
(purduesigbots)pros-cli/pros/cli/v5_utils.py:221:2: error: Name 'default_options' is not defined  [name-defined]
(purduesigbots)pros-cli/pros/cli/v5_utils.py:231:12: error: Name 'resolve_v5_port' is not defined  [name-defined]
(purduesigbots)pros-cli/pros/config/config.py:96:12: error: Name 'os' is not defined  [name-defined]
(purduesigbots)pros-cli/pros/config/config.py:97:13: error: Name 'os' is not defined  [name-defined]
(purduesigbots)pros-cli/pros/config/config.py:100:13: error: Name 'logger' is not defined  [name-defined]
(purduesigbots)pros-cli/pros/config/config.py:110:16: error: Name 'os' is not defined  [name-defined]
(purduesigbots)pros-cli/pros/conductor/depots/depot.py:7:1: error: Relative import climbs too many namespaces  [misc]
(purduesigbots)pros-cli/pros/serial/ports/serial_share_bridge.py:37:9: error: Name 'SerialPort' is not defined  [name-defined]
(purduesigbots)pros-cli/pros/serial/ports/serial_share_bridge.py:39:35: error: Incompatible types in assignment (expression has type "None", variable has type "Thread")  [assignment]
(purduesigbots)pros-cli/pros/serial/ports/serial_share_bridge.py:40:33: error: Incompatible types in assignment (expression has type "None", variable has type "Thread")  [assignment]
(purduesigbots)pros-cli/pros/serial/ports/serial_share_bridge.py:41:22: error: Incompatible types in assignment (expression has type "None", variable has type "Event")  [assignment]
(purduesigbots)pros-cli/pros/serial/ports/serial_share_bridge.py:62:9: error: Name 'logger' is not defined  [name-defined]
(purduesigbots)pros-cli/pros/serial/ports/serial_share_bridge.py:73: error: Function "multiprocessing.Barrier" is not valid as a type  [valid-type]
(purduesigbots)pros-cli/pros/serial/ports/serial_share_bridge.py:73: note: Perhaps you need "Callable[...]" or a callback protocol?
(purduesigbots)pros-cli/pros/serial/ports/serial_share_bridge.py:75:23: error: Name 'os' is not defined  [name-defined]
(purduesigbots)pros-cli/pros/serial/ports/serial_share_bridge.py:75:36: error: Name 'get_pros_dir' is not defined  [name-defined]
(purduesigbots)pros-cli/pros/serial/ports/serial_share_bridge.py:76:13: error: Name 'os' is not defined  [name-defined]
(purduesigbots)pros-cli/pros/serial/ports/serial_share_bridge.py:77:45: error: Name 'pros' is not defined  [name-defined]
(purduesigbots)pros-cli/pros/serial/ports/serial_share_bridge.py:79:29: error: Name 'os' is not defined  [name-defined]
(purduesigbots)pros-cli/pros/serial/ports/serial_share_bridge.py:79:42: error: Name 'get_pros_dir' is not defined  [name-defined]
(purduesigbots)pros-cli/pros/serial/ports/serial_share_bridge.py:94:13: error: Attribute 'dying' already defined on line 41  [no-redef]
(purduesigbots)pros-cli/pros/serial/ports/serial_share_bridge.py:101:13: error: Name 'logger' is not defined  [name-defined]
(purduesigbots)pros-cli/pros/serial/ports/serial_share_bridge.py:105:13: error: multiprocessing.Barrier? has no attribute "abort"  [attr-defined]
(purduesigbots)pros-cli/pros/serial/ports/serial_share_bridge.py:106:13: error: Name 'logger' is not defined  [name-defined]
(purduesigbots)pros-cli/pros/serial/ports/serial_share_bridge.py:108: error: Function "multiprocessing.Barrier" is not valid as a type  [valid-type]
(purduesigbots)pros-cli/pros/serial/ports/serial_share_bridge.py:108: note: Perhaps you need "Callable[...]" or a callback protocol?
(purduesigbots)pros-cli/pros/serial/ports/serial_share_bridge.py:115:13: error: Name 'logger' is not defined  [name-defined]
(purduesigbots)pros-cli/pros/serial/ports/serial_share_bridge.py:116:13: error: multiprocessing.Barrier? has no attribute "wait"  [attr-defined]
(purduesigbots)pros-cli/pros/serial/ports/serial_share_bridge.py:132:21: error: Name 'logger' is not defined  [name-defined]
(purduesigbots)pros-cli/pros/serial/ports/serial_share_bridge.py:133:21: error: Name 'logger' is not defined  [name-defined]
(purduesigbots)pros-cli/pros/serial/ports/serial_share_bridge.py:135:21: error: Name 'logger' is not defined  [name-defined]
(purduesigbots)pros-cli/pros/serial/ports/serial_share_bridge.py:138:13: error: multiprocessing.Barrier? has no attribute "abort"  [attr-defined]
(purduesigbots)pros-cli/pros/serial/ports/serial_share_bridge.py:139:13: error: Name 'logger' is not defined  [name-defined]
(purduesigbots)pros-cli/pros/serial/ports/serial_share_bridge.py:140:9: error: Name 'logger' is not defined  [name-defined]
(purduesigbots)pros-cli/pros/serial/ports/serial_share_bridge.py:141:9: error: Name 'logger' is not defined  [name-defined]
(purduesigbots)pros-cli/pros/serial/ports/serial_share_bridge.py:146:13: error: Name 'sys' is not defined  [name-defined]
(purduesigbots)pros-cli/pros/serial/ports/serial_share_bridge.py:148: error: Function "multiprocessing.Barrier" is not valid as a type  [valid-type]
(purduesigbots)pros-cli/pros/serial/ports/serial_share_bridge.py:148: note: Perhaps you need "Callable[...]" or a callback protocol?
(purduesigbots)pros-cli/pros/serial/ports/serial_share_bridge.py:154:13: error: Name 'logger' is not defined  [name-defined]
(purduesigbots)pros-cli/pros/serial/ports/serial_share_bridge.py:156:13: error: multiprocessing.Barrier? has no attribute "wait"  [attr-defined]
(purduesigbots)pros-cli/pros/serial/ports/serial_share_bridge.py:163:21: error: Name 'logger' is not defined  [name-defined]
(purduesigbots)pros-cli/pros/serial/ports/serial_share_bridge.py:168:21: error: Name 'logger' is not defined  [name-defined]
(purduesigbots)pros-cli/pros/serial/ports/serial_share_bridge.py:171:13: error: multiprocessing.Barrier? has no attribute "abort"  [attr-defined]
(purduesigbots)pros-cli/pros/serial/ports/serial_share_bridge.py:172:13: error: Name 'logger' is not defined  [name-defined]
(purduesigbots)pros-cli/pros/serial/ports/serial_share_bridge.py:173:9: error: Name 'logger' is not defined  [name-defined]
(purduesigbots)pros-cli/pros/serial/ports/serial_share_bridge.py:177:13: error: Name 'sys' is not defined  [name-defined]
(purduesigbots)pros-cli/pros/common/ui/interactive/renderers/MachineOutputRenderer.py:10:1: error: Relative import climbs too many namespaces  [misc]
(purduesigbots)pros-cli/pros/common/ui/interactive/renderers/MachineOutputRenderer.py:62:23: error: Incompatible types in assignment (expression has type "Thread", variable has type "None")  [assignment]
(purduesigbots)pros-cli/pros/common/sentry.py:17:1: error: Missing return statement  [return]
(purduesigbots)pros-cli/pros/common/sentry.py:24:13: error: Return value expected  [return-value]
(purduesigbots)pros-cli/pros/common/sentry.py:28:13: error: Return value expected  [return-value]
(purduesigbots)pros-cli/pros/common/sentry.py:29:12: error: Unsupported right operand type for in ("Optional[Dict[str, Any]]")  [operator]
(purduesigbots)pros-cli/pros/common/sentry.py:29:48: error: Value of type "Optional[Dict[str, Any]]" is not indexable  [index]
(purduesigbots)pros-cli/pros/common/sentry.py:30:51: error: Value of type "Optional[Dict[str, Any]]" is not indexable  [index]
(purduesigbots)pros-cli/pros/common/sentry.py:32:13: error: Return value expected  [return-value]
(purduesigbots)pros-cli/pros/common/sentry.py:44:12: error: Unsupported right operand type for in ("Optional[Dict[str, Any]]")  [operator]
(purduesigbots)pros-cli/pros/common/sentry.py:46:35: error: "format_exception" gets multiple values for keyword argument "limit"  [misc]
(purduesigbots)pros-cli/pros/common/sentry.py:46:63: error: Value of type "Optional[Dict[str, Any]]" is not indexable  [index]
(purduesigbots)pros-cli/pros/common/sentry.py:127:5: error: Name 'client' is not defined  [name-defined]
(purduesigbots)pros-cli/pros/common/sentry.py:132:36: error: Name 'client' is not defined  [name-defined]
(purduesigbots)pros-cli/pros/upgrade/manifests/upgrade_manifest_v1.py:4:1: error: Relative import climbs too many namespaces  [misc]
(purduesigbots)pros-cli/pros/cli/conductor_utils.py:79:21: error: Incompatible types in assignment (expression has type "Iterator[str]", variable has type "List[str]")  [assignment]
(purduesigbots)pros-cli/pros/cli/conductor_utils.py:93:9: error: Name 'matching_files' already defined on line 75  [no-redef]
(purduesigbots)pros-cli/pros/cli/conductor_utils.py:94:16: error: Incompatible return value type (got "List[str]", expected "Set[str]")  [return-value]
(purduesigbots)pros-cli/pros/cli/conductor_utils.py:99:5: error: Name 'matching_system_files' already defined on line 96  [no-redef]
(purduesigbots)pros-cli/pros/cli/terminal.py:58:16: error: Incompatible types in assignment (expression has type "None", variable has type "str")  [assignment]
(purduesigbots)pros-cli/pros/cli/terminal.py:61:16: error: Incompatible types in assignment (expression has type "None", variable has type "str")  [assignment]
(purduesigbots)pros-cli/pros/cli/main.py:65:2: error: Unexpected keyword argument "sources" for "command"  [call-arg]
(purduesigbots)pros-cli/pros/cli/main.py:66:20: error: Name 'PROSCommandCollection' is not defined  [name-defined]
/usr/local/lib/python3.6/dist-packages/mypy/typeshed/third_party/2and3/click/decorators.pyi:34:1: note: "command" defined here
(purduesigbots)pros-cli/pros/cli/common.py:8:23: error: Name 'Union' is not defined  [name-defined]
(purduesigbots)pros-cli/pros/cli/common.py:8:23: note: Did you forget to import it from "typing"? (Suggestion: "from typing import Union")
(purduesigbots)pros-cli/pros/cli/common.py:8:44: error: Name 'Callable' is not defined  [name-defined]
(purduesigbots)pros-cli/pros/cli/common.py:8:44: note: Did you forget to import it from "typing"? (Suggestion: "from typing import Callable")
(purduesigbots)pros-cli/pros/cli/common.py:9:74: error: Name 'Any' is not defined  [name-defined]
(purduesigbots)pros-cli/pros/cli/common.py:9:74: note: Did you forget to import it from "typing"? (Suggestion: "from typing import Any")
(purduesigbots)pros-cli/pros/cli/common.py:14:29: error: Name 'logging' is not defined  [name-defined]
(purduesigbots)pros-cli/pros/cli/common.py:18:13: error: Name 'logger' is not defined  [name-defined]
(purduesigbots)pros-cli/pros/cli/common.py:18:51: error: Name 'logging' is not defined  [name-defined]
(purduesigbots)pros-cli/pros/cli/common.py:19: error: Name 'logging' is not defined  [name-defined]
(purduesigbots)pros-cli/pros/cli/common.py:20:37: error: Name 'logging' is not defined  [name-defined]
(purduesigbots)pros-cli/pros/cli/common.py:21:13: error: Name 'logger' is not defined  [name-defined]
(purduesigbots)pros-cli/pros/cli/common.py:25:48: error: Name 'PROSOption' is not defined  [name-defined]
(purduesigbots)pros-cli/pros/cli/common.py:28:21: error: Name 'Union' is not defined  [name-defined]
(purduesigbots)pros-cli/pros/cli/common.py:28:21: note: Did you forget to import it from "typing"? (Suggestion: "from typing import Union")
(purduesigbots)pros-cli/pros/cli/common.py:28:42: error: Name 'Callable' is not defined  [name-defined]
(purduesigbots)pros-cli/pros/cli/common.py:28:42: note: Did you forget to import it from "typing"? (Suggestion: "from typing import Callable")
(purduesigbots)pros-cli/pros/cli/common.py:29:74: error: Name 'Any' is not defined  [name-defined]
(purduesigbots)pros-cli/pros/cli/common.py:29:74: note: Did you forget to import it from "typing"? (Suggestion: "from typing import Any")
(purduesigbots)pros-cli/pros/cli/common.py:34:29: error: Name 'logging' is not defined  [name-defined]
(purduesigbots)pros-cli/pros/cli/common.py:38:13: error: Name 'logging' is not defined  [name-defined]
(purduesigbots)pros-cli/pros/cli/common.py:39: error: Name 'logging' is not defined  [name-defined]
(purduesigbots)pros-cli/pros/cli/common.py:40:37: error: Name 'logging' is not defined  [name-defined]
(purduesigbots)pros-cli/pros/cli/common.py:41:13: error: Name 'logging' is not defined  [name-defined]
(purduesigbots)pros-cli/pros/cli/common.py:42:12: error: Name 'logger' is not defined  [name-defined]
(purduesigbots)pros-cli/pros/cli/common.py:42:40: error: Name 'logging' is not defined  [name-defined]
(purduesigbots)pros-cli/pros/cli/common.py:43:13: error: Name 'logger' is not defined  [name-defined]
(purduesigbots)pros-cli/pros/cli/common.py:43:50: error: Name 'get_version' is not defined  [name-defined]
(purduesigbots)pros-cli/pros/cli/common.py:47:48: error: Name 'PROSOption' is not defined  [name-defined]
(purduesigbots)pros-cli/pros/cli/common.py:50:23: error: Name 'Union' is not defined  [name-defined]
(purduesigbots)pros-cli/pros/cli/common.py:50:23: note: Did you forget to import it from "typing"? (Suggestion: "from typing import Union")
(purduesigbots)pros-cli/pros/cli/common.py:50:44: error: Name 'Callable' is not defined  [name-defined]
(purduesigbots)pros-cli/pros/cli/common.py:50:44: note: Did you forget to import it from "typing"? (Suggestion: "from typing import Callable")
(purduesigbots)pros-cli/pros/cli/common.py:51:74: error: Name 'Any' is not defined  [name-defined]
(purduesigbots)pros-cli/pros/cli/common.py:51:74: note: Did you forget to import it from "typing"? (Suggestion: "from typing import Any")
(purduesigbots)pros-cli/pros/cli/common.py:56:29: error: Name 'logging' is not defined  [name-defined]
(purduesigbots)pros-cli/pros/cli/common.py:59:9: error: Name 'logging' is not defined  [name-defined]
(purduesigbots)pros-cli/pros/cli/common.py:59:42: error: Name 'logger' is not defined  [name-defined]
(purduesigbots)pros-cli/pros/cli/common.py:60: error: Name 'logging' is not defined  [name-defined]
(purduesigbots)pros-cli/pros/cli/common.py:66:29: error: Name 'PROSOption' is not defined  [name-defined]
(purduesigbots)pros-cli/pros/cli/common.py:69:23: error: Name 'Union' is not defined  [name-defined]
(purduesigbots)pros-cli/pros/cli/common.py:69:23: note: Did you forget to import it from "typing"? (Suggestion: "from typing import Union")
(purduesigbots)pros-cli/pros/cli/common.py:69:44: error: Name 'Callable' is not defined  [name-defined]
(purduesigbots)pros-cli/pros/cli/common.py:69:44: note: Did you forget to import it from "typing"? (Suggestion: "from typing import Callable")
(purduesigbots)pros-cli/pros/cli/common.py:70:74: error: Name 'Any' is not defined  [name-defined]
(purduesigbots)pros-cli/pros/cli/common.py:70:74: note: Did you forget to import it from "typing"? (Suggestion: "from typing import Any")
(purduesigbots)pros-cli/pros/cli/common.py:76:29: error: Name 'logging' is not defined  [name-defined]
(purduesigbots)pros-cli/pros/cli/common.py:79:19: error: Name 'logging' is not defined  [name-defined]
(purduesigbots)pros-cli/pros/cli/common.py:81:30: error: Name 'logging' is not defined  [name-defined]
(purduesigbots)pros-cli/pros/cli/common.py:83:9: error: Name 'logging' is not defined  [name-defined]
(purduesigbots)pros-cli/pros/cli/common.py:84: error: Name 'logging' is not defined  [name-defined]
(purduesigbots)pros-cli/pros/cli/common.py:85:33: error: Name 'logging' is not defined  [name-defined]
(purduesigbots)pros-cli/pros/cli/common.py:86:9: error: Name 'logging' is not defined  [name-defined]
(purduesigbots)pros-cli/pros/cli/common.py:92:32: error: Name 'PROSOption' is not defined  [name-defined]
(purduesigbots)pros-cli/pros/cli/common.py:95:30: error: Name 'Union' is not defined  [name-defined]
(purduesigbots)pros-cli/pros/cli/common.py:95:30: note: Did you forget to import it from "typing"? (Suggestion: "from typing import Union")
(purduesigbots)pros-cli/pros/cli/common.py:95:51: error: Name 'Callable' is not defined  [name-defined]
(purduesigbots)pros-cli/pros/cli/common.py:95:51: note: Did you forget to import it from "typing"? (Suggestion: "from typing import Callable")
(purduesigbots)pros-cli/pros/cli/common.py:105:13: error: Name 'logging' is not defined  [name-defined]
(purduesigbots)pros-cli/pros/cli/common.py:106: error: Name 'logging' is not defined  [name-defined]
(purduesigbots)pros-cli/pros/cli/common.py:107:37: error: Name 'logging' is not defined  [name-defined]
(purduesigbots)pros-cli/pros/cli/common.py:108:13: error: Name 'logging' is not defined  [name-defined]
(purduesigbots)pros-cli/pros/cli/common.py:112:93: error: Name 'PROSOption' is not defined  [name-defined]
(purduesigbots)pros-cli/pros/cli/common.py:117:24: error: Name 'Union' is not defined  [name-defined]
(purduesigbots)pros-cli/pros/cli/common.py:117:24: note: Did you forget to import it from "typing"? (Suggestion: "from typing import Union")
(purduesigbots)pros-cli/pros/cli/common.py:117:45: error: Name 'Callable' is not defined  [name-defined]
(purduesigbots)pros-cli/pros/cli/common.py:117:45: note: Did you forget to import it from "typing"? (Suggestion: "from typing import Callable")
(purduesigbots)pros-cli/pros/cli/common.py:134:69: error: Name 'Tuple' is not defined  [name-defined]
(purduesigbots)pros-cli/pros/cli/common.py:134:69: note: Did you forget to import it from "typing"? (Suggestion: "from typing import Tuple")
(purduesigbots)pros-cli/pros/cli/common.py:145:9: error: Name 'logger' is not defined  [name-defined]
(purduesigbots)pros-cli/pros/cli/common.py:148:20: error: Name 'Union' is not defined  [name-defined]
(purduesigbots)pros-cli/pros/cli/common.py:148:20: note: Did you forget to import it from "typing"? (Suggestion: "from typing import Union")
(purduesigbots)pros-cli/pros/cli/common.py:148:41: error: Name 'Callable' is not defined  [name-defined]
(purduesigbots)pros-cli/pros/cli/common.py:148:41: note: Did you forget to import it from "typing"? (Suggestion: "from typing import Callable")
(purduesigbots)pros-cli/pros/cli/common.py:161:39: error: Name 'os' is not defined  [name-defined]
(purduesigbots)pros-cli/pros/cli/common.py:166:20: error: Name 'Union' is not defined  [name-defined]
(purduesigbots)pros-cli/pros/cli/common.py:166:20: note: Did you forget to import it from "typing"? (Suggestion: "from typing import Union")
(purduesigbots)pros-cli/pros/cli/common.py:166:41: error: Name 'Callable' is not defined  [name-defined]
(purduesigbots)pros-cli/pros/cli/common.py:166:41: note: Did you forget to import it from "typing"? (Suggestion: "from typing import Callable")
(purduesigbots)pros-cli/pros/cli/common.py:175:20: error: Name 'Union' is not defined  [name-defined]
(purduesigbots)pros-cli/pros/cli/common.py:175:20: note: Did you forget to import it from "typing"? (Suggestion: "from typing import Union")
(purduesigbots)pros-cli/pros/cli/common.py:175:41: error: Name 'Callable' is not defined  [name-defined]
(purduesigbots)pros-cli/pros/cli/common.py:175:41: note: Did you forget to import it from "typing"? (Suggestion: "from typing import Callable")
(purduesigbots)pros-cli/pros/cli/common.py:197:27: error: Name 'Optional' is not defined  [name-defined]
(purduesigbots)pros-cli/pros/cli/common.py:197:27: note: Did you forget to import it from "typing"? (Suggestion: "from typing import Optional")
(purduesigbots)pros-cli/pros/cli/common.py:203:17: error: Name 'logger' is not defined  [name-defined]
(purduesigbots)pros-cli/pros/cli/common.py:217:13: error: Name 'logger' is not defined  [name-defined]
(purduesigbots)pros-cli/pros/cli/common.py:221:31: error: Name 'Optional' is not defined  [name-defined]
(purduesigbots)pros-cli/pros/cli/common.py:221:31: note: Did you forget to import it from "typing"? (Suggestion: "from typing import Optional")
(purduesigbots)pros-cli/pros/cli/common.py:227:17: error: Name 'logger' is not defined  [name-defined]
(purduesigbots)pros-cli/pros/cli/common.py:241:13: error: Name 'logger' is not defined  [name-defined]
(purduesigbots)pros-cli/pros/conductor/depots/local_depot.py:9:1: error: Relative import climbs too many namespaces  [misc]
(purduesigbots)pros-cli/pros/conductor/interactive/UpdateProjectModal.py:31:31: error: Item "None" of "Optional[Any]" has no attribute "name"  [union-attr]
(purduesigbots)pros-cli/pros/conductor/interactive/UpdateProjectModal.py:33:12: error: Item "None" of "Optional[Any]" has no attribute "template_is_applicable"  [union-attr]
(purduesigbots)pros-cli/pros/conductor/interactive/UpdateProjectModal.py:38:18: error: Item "None" of "Optional[Any]" has no attribute "template_is_applicable"  [union-attr]
(purduesigbots)pros-cli/pros/conductor/conductor.py:76:9: error: Name 'template' already defined on line 64  [no-redef]
(purduesigbots)pros-cli/pros/conductor/conductor.py:90:13: error: Name 'logger' is not defined  [name-defined]
(purduesigbots)pros-cli/pros/conductor/conductor.py:103:19: error: Need type annotation for 'results'  [var-annotated]
(purduesigbots)pros-cli/pros/conductor/conductor.py:112:17: error: "Collection[Any]" has no attribute "update"  [attr-defined]
(purduesigbots)pros-cli/pros/conductor/conductor.py:114:17: error: "Collection[Any]" has no attribute "extend"  [attr-defined]
(purduesigbots)pros-cli/pros/conductor/conductor.py:120:21: error: "Collection[Any]" has no attribute "update"  [attr-defined]
(purduesigbots)pros-cli/pros/conductor/conductor.py:122:21: error: "Collection[Any]" has no attribute "extend"  [attr-defined]
(purduesigbots)pros-cli/pros/conductor/conductor.py:123:13: error: Name 'logger' is not defined  [name-defined]
(purduesigbots)pros-cli/pros/conductor/conductor.py:133:9: error: Name 'logger' is not defined  [name-defined]
(purduesigbots)pros-cli/pros/conductor/conductor.py:134:9: error: Name 'logger' is not defined  [name-defined]
(purduesigbots)pros-cli/pros/conductor/conductor.py:136:9: error: Name 'logger' is not defined  [name-defined]
(purduesigbots)pros-cli/pros/conductor/conductor.py:144:9: error: Name 'logger' is not defined  [name-defined]
(purduesigbots)pros-cli/pros/conductor/conductor.py:178:19: error: Name 'dont_send' is not defined  [name-defined]
(purduesigbots)pros-cli/pros/conductor/conductor.py:182:18: error: Name 'ui' is not defined  [name-defined]
(purduesigbots)pros-cli/pros/conductor/conductor.py:186:9: error: Name 'logger' is not defined  [name-defined]
(purduesigbots)pros-cli/pros/conductor/conductor.py:189:19: error: Name 'dont_send' is not defined  [name-defined]
(purduesigbots)pros-cli/pros/conductor/conductor.py:199:13: error: Name 'ui' is not defined  [name-defined]
(purduesigbots)pros-cli/pros/conductor/conductor.py:201:19: error: Name 'dont_send' is not defined  [name-defined]
(purduesigbots)pros-cli/pros/conductor/conductor.py:209:9: error: Name 'ui' is not defined  [name-defined]
(purduesigbots)pros-cli/pros/conductor/conductor.py:211:13: error: Name 'ui' is not defined  [name-defined]
(purduesigbots)pros-cli/pros/conductor/conductor.py:217:19: error: Name 'dont_send' is not defined  [name-defined]
(purduesigbots)pros-cli/pros/conductor/conductor.py:239:21: error: Name 'logger' is not defined  [name-defined]
(purduesigbots)pros-cli/pros/serial/ports/serial_share_port.py:28:9: error: Name 'logger' is not defined  [name-defined]
(purduesigbots)pros-cli/pros/serial/ports/serial_share_port.py:33:9: error: Name 'logger' is not defined  [name-defined]
(purduesigbots)pros-cli/pros/serial/ports/serial_share_port.py:51:27: error: Name 'AnyStr' is not defined  [name-defined]
(purduesigbots)pros-cli/pros/common/utils.py:146:5: error: "Exception" has no attribute "sentry"  [attr-defined]
(purduesigbots)pros-cli/pros/upgrade/upgrade_manager.py:11:1: error: Module 'upgrade.instructions' has no attribute 'UpgradeResult'  [attr-defined]
(purduesigbots)pros-cli/pros/upgrade/upgrade_manager.py:38:52: error: Name 'UpgradeManifestV1' is not defined  [name-defined]
(purduesigbots)pros-cli/pros/upgrade/upgrade_manager.py:50:84: error: Name 'manifests' is not defined  [name-defined]
(purduesigbots)pros-cli/pros/config/cli_config.py:39:54: error: Cannot determine type of 'cached_upgrade'  [has-type]
(purduesigbots)pros-cli/pros/config/cli_config.py:40:20: error: Cannot determine type of 'cached_upgrade'  [has-type]
(purduesigbots)pros-cli/pros/conductor/depots/http_depot.py:11:1: error: Relative import climbs too many namespaces  [misc]
(purduesigbots)pros-cli/pros/upgrade/__init__.py:1:1: error: Module 'upgrade.upgrade_manager' has no attribute 'UpgradeManifestV2'  [attr-defined]
Found 371 errors in 42 files (checked 72 source files)

[RRepo](nhumrich)small-prox
Success: no issues found in 4 source files

[RRepo](thepoly)Pipeline
Success: no issues found in 10 source files

[RRepo](JasonMWhite)gitlawca-runner
(JasonMWhite)gitlawca-runner/tests/scraper/test_storage.py:5:1: error: Module 'scraper' has no attribute 'storage'  [attr-defined]
(JasonMWhite)gitlawca-runner/tests/scraper/test_acts_storage.py:3:1: error: Module 'scraper' has no attribute 'acts_scraper'  [attr-defined]
(JasonMWhite)gitlawca-runner/tests/scraper/test_acts_storage.py:4:1: error: Module 'scraper' has no attribute 'acts_storage'  [attr-defined]
(JasonMWhite)gitlawca-runner/tests/scraper/test_acts_storage.py:5:1: error: Module 'scraper' has no attribute 'storage'  [attr-defined]
(JasonMWhite)gitlawca-runner/tests/conftest.py:9:1: error: Module 'scraper' has no attribute 'install'  [attr-defined]
(JasonMWhite)gitlawca-runner/tests/conftest.py:10:1: error: Module 'scraper' has no attribute 'logger'  [attr-defined]
(JasonMWhite)gitlawca-runner/tests/conftest.py:11:1: error: Module 'scraper' has no attribute 'storage'  [attr-defined]
(JasonMWhite)gitlawca-runner/scraper/spider.py:6:1: error: Module 'scraper' has no attribute 'acts_scraper'  [attr-defined]
(JasonMWhite)gitlawca-runner/scraper/spider.py:7:1: error: Module 'scraper' has no attribute 'acts_storage'  [attr-defined]
(JasonMWhite)gitlawca-runner/scraper/spider.py:8:1: error: Module 'scraper' has no attribute 'logger'  [attr-defined]
(JasonMWhite)gitlawca-runner/scraper/acts_storage.py:3:1: error: Module 'scraper' has no attribute 'acts_scraper'  [attr-defined]
(JasonMWhite)gitlawca-runner/scraper/acts_storage.py:4:1: error: Module 'scraper' has no attribute 'storage'  [attr-defined]
(JasonMWhite)gitlawca-runner/tests/scraper/test_integration.py:6:1: error: Module 'scraper' has no attribute 'acts_scraper'  [attr-defined]
(JasonMWhite)gitlawca-runner/tests/scraper/test_integration.py:7:1: error: Module 'scraper' has no attribute 'acts_storage'  [attr-defined]
(JasonMWhite)gitlawca-runner/tests/scraper/test_integration.py:8:1: error: Module 'scraper' has no attribute 'spider'  [attr-defined]
(JasonMWhite)gitlawca-runner/tests/scraper/test_integration.py:9:1: error: Module 'scraper' has no attribute 'storage'  [attr-defined]
(JasonMWhite)gitlawca-runner/tests/scraper/test_acts_scraper.py:4:1: error: Module 'scraper' has no attribute 'acts_scraper'  [attr-defined]
(JasonMWhite)gitlawca-runner/tests/scraper/test_spider.py:8:1: error: Module 'scraper' has no attribute 'acts_scraper'  [attr-defined]
(JasonMWhite)gitlawca-runner/tests/scraper/test_spider.py:9:1: error: Module 'scraper' has no attribute 'acts_storage'  [attr-defined]
(JasonMWhite)gitlawca-runner/tests/scraper/test_spider.py:10:1: error: Module 'scraper' has no attribute 'spider'  [attr-defined]
(JasonMWhite)gitlawca-runner/tests/scraper/test_spider.py:11:1: error: Module 'scraper' has no attribute 'storage'  [attr-defined]
(JasonMWhite)gitlawca-runner/scraper/cli.py:5:1: error: Module 'scraper' has no attribute 'acts_scraper'  [attr-defined]
(JasonMWhite)gitlawca-runner/scraper/cli.py:6:1: error: Module 'scraper' has no attribute 'acts_storage'  [attr-defined]
(JasonMWhite)gitlawca-runner/scraper/cli.py:7:1: error: Module 'scraper' has no attribute 'spider'  [attr-defined]
(JasonMWhite)gitlawca-runner/scraper/cli.py:8:1: error: Module 'scraper' has no attribute 'storage'  [attr-defined]
(JasonMWhite)gitlawca-runner/scraper/acts_scraper.py:135:26: error: Item "None" of "Optional[Match[Any]]" has no attribute "group"  [union-attr]
(JasonMWhite)gitlawca-runner/scraper/acts_scraper.py:136:24: error: Item "None" of "Optional[Match[Any]]" has no attribute "group"  [union-attr]
Found 27 errors in 10 files (checked 14 source files)

[RRepo](SirCmpwn)pass-rotate
Success: no issues found in 21 source files

[RRepo](SunDwarf)ButterflyNet
(SunDwarf)ButterflyNet/bfnet/util.py:74:12: error: Incompatible return value type (got "bytes", expected "str")  [return-value]

[RRepo](jotyGill)openpyn-nordvpn
(jotyGill)openpyn-nordvpn/openpyn/root.py:28:9: error: "Logger" has no attribute "notice"  [attr-defined]
(jotyGill)openpyn-nordvpn/openpyn/root.py:71:13: error: "Logger" has no attribute "verbose"  [attr-defined]
(jotyGill)openpyn-nordvpn/openpyn/root.py:75:13: error: "Logger" has no attribute "verbose"  [attr-defined]
(jotyGill)openpyn-nordvpn/openpyn/filters.py:41:42: error: Value of type "float" is not indexable  [index]
(jotyGill)openpyn-nordvpn/openpyn/filters.py:42:48: error: Value of type "float" is not indexable  [index]
(jotyGill)openpyn-nordvpn/openpyn/filters.py:67:31: error: No overload variant of "range" matches argument types "object", "int"  [call-overload]
(jotyGill)openpyn-nordvpn/openpyn/filters.py:67:31: note: Possible overload variant:
(jotyGill)openpyn-nordvpn/openpyn/filters.py:67:31: note:     def range(self, start: int, stop: int, step: int = ...) -> range
(jotyGill)openpyn-nordvpn/openpyn/filters.py:67:31: note:     <1 more non-matching overload not shown>
(jotyGill)openpyn-nordvpn/openpyn/filters.py:67:48: error: Unsupported operand types for + ("object" and "int")  [operator]
(jotyGill)openpyn-nordvpn/openpyn/filters.py:70:24: error: Unsupported left operand type for + ("object")  [operator]
(jotyGill)openpyn-nordvpn/openpyn/filters.py:108:5: error: Need type annotation for 'remaining_servers' (hint: "remaining_servers: List[<type>] = ...")  [var-annotated]
(jotyGill)openpyn-nordvpn/openpyn/systemd.py:45:5: error: "Logger" has no attribute "notice"  [attr-defined]
(jotyGill)openpyn-nordvpn/openpyn/systemd.py:58:13: error: "Logger" has no attribute "notice"  [attr-defined]
(jotyGill)openpyn-nordvpn/openpyn/systemd.py:62:13: error: "Logger" has no attribute "notice"  [attr-defined]
(jotyGill)openpyn-nordvpn/openpyn/initd.py:19:16: error: Incompatible return value type (got "int", expected "bool")  [return-value]
(jotyGill)openpyn-nordvpn/openpyn/initd.py:161:12: error: Incompatible return value type (got "int", expected "bool")  [return-value]
(jotyGill)openpyn-nordvpn/openpyn/initd.py:168:75: error: Argument "inplace" to "FileInput" has incompatible type "int"; expected "bool"  [arg-type]
(jotyGill)openpyn-nordvpn/openpyn/initd.py:175:5: error: "Logger" has no attribute "notice"  [attr-defined]
(jotyGill)openpyn-nordvpn/openpyn/initd.py:180:9: error: "Logger" has no attribute "notice"  [attr-defined]
(jotyGill)openpyn-nordvpn/openpyn/firewall.py:84:5: error: "Logger" has no attribute "notice"  [attr-defined]
(jotyGill)openpyn-nordvpn/openpyn/management/management.py:19:17: error: Module has no attribute "VERBOSE"  [attr-defined]
(jotyGill)openpyn-nordvpn/openpyn/locations.py:35:56: error: Argument 2 to "get_locations" has incompatible type "Dict[str, str]"; expected "str"  [arg-type]
(jotyGill)openpyn-nordvpn/openpyn/locations.py:84:32: error: Argument 2 to "insert" of "list" has incompatible type "List[Any]"; expected "Dict[Any, Any]"  [arg-type]
Found 21 errors in 7 files (checked 11 source files)

[RRepo](derfenix)django_stored_procedures
(derfenix)django_stored_procedures/django_sp/loader.py:26:9: error: Need type annotation for '_sp_list' (hint: "_sp_list: List[<type>] = ...")  [var-annotated]
(derfenix)django_stored_procedures/django_sp/loader.py:91:17: error: Incompatible types in assignment (expression has type "List[Any]", variable has type "Tuple[Any, ...]")  [assignment]
(derfenix)django_stored_procedures/django_sp/loader.py:102:41: error: Argument 2 to "_get_res" of "Loader" has incompatible type "Tuple[Any, ...]"; expected "List[Any]"  [arg-type]
(derfenix)django_stored_procedures/django_sp/loader.py:123:41: error: Argument 2 to "_get_res" of "Loader" has incompatible type "Optional[List[Any]]"; expected "List[Any]"  [arg-type]
(derfenix)django_stored_procedures/django_sp/loader.py:139:28: error: Incompatible types in assignment (expression has type "List[Optional[Dict[Any, Any]]]", variable has type "Optional[Dict[Any, Any]]")  [assignment]
(derfenix)django_stored_procedures/django_sp/loader.py:141:28: error: Incompatible types in assignment (expression has type "List[Optional[Dict[Any, Any]]]", variable has type "Optional[Dict[Any, Any]]")  [assignment]
(derfenix)django_stored_procedures/django_sp/loader.py:146:28: error: Incompatible types in assignment (expression has type "List[Any]", variable has type "Optional[Dict[Any, Any]]")  [assignment]
(derfenix)django_stored_procedures/django_sp/loader.py:148:28: error: Incompatible types in assignment (expression has type "List[Any]", variable has type "Optional[Dict[Any, Any]]")  [assignment]
(derfenix)django_stored_procedures/django_sp/loader.py:152:16: error: Incompatible return value type (got "Optional[Dict[Any, Any]]", expected "Union[List[Any], Dict[Any, Any], Cursor]")  [return-value]
(derfenix)django_stored_procedures/django_sp/loader.py:156:35: error: "Cursor" has no attribute "description"  [attr-defined]
(derfenix)django_stored_procedures/django_sp/loader.py:166:24: error: "None" has no attribute "keys"  [attr-defined]
(derfenix)django_stored_procedures/django_sp/loader.py:169:35: error: Value of type "None" is not indexable  [index]
(derfenix)django_stored_procedures/django_sp/loader.py:174:12: error: Unsupported right operand type for in ("None")  [operator]
(derfenix)django_stored_procedures/django_sp/loader.py:180:20: error: Argument 1 to "len" has incompatible type "None"; expected "Sized"  [arg-type]
(derfenix)django_stored_procedures/django_sp/loader.py:183:16: error: Unsupported right operand type for in ("None")  [operator]
(derfenix)django_stored_procedures/django_sp/loader.py:186:22: error: "None" has no attribute "keys"  [attr-defined]
Found 16 errors in 1 file (checked 5 source files)

[RRepo](valhallasw)gerrit-reviewer-bot
(valhallasw)gerrit-reviewer-bot/pop3bot.py:36:9: error: Incompatible types in "yield" (actual type "bytes", expected type "str")  [misc]
(valhallasw)gerrit-reviewer-bot/pop3bot.py:43:16: error: Incompatible types in assignment (expression has type "Message", variable has type "bytes")  [assignment]
(valhallasw)gerrit-reviewer-bot/pop3bot.py:49:26: error: "bytes" has no attribute "get_payload"  [attr-defined]
(valhallasw)gerrit-reviewer-bot/pop3bot.py:50:17: error: "bytes" has no attribute "get_payload"  [attr-defined]
(valhallasw)gerrit-reviewer-bot/pop3bot.py:52:9: error: Incompatible types in "yield" (actual type "Tuple[bytes, Any]", expected type "Tuple[Message, str]")  [misc]
(valhallasw)gerrit-reviewer-bot/pop3bot.py:52:21: error: "bytes" has no attribute "get_payload"  [attr-defined]
Found 6 errors in 1 file (checked 6 source files)

[RRepo](nion-software)nionswift
(nion-software)nionswift/nion/swift/model/Metadata.py:92:5: error: Exception must be derived from BaseException  [misc]
(nion-software)nionswift/nion/swift/DataItemThumbnailWidget.py:220:51: error: Incompatible types in assignment (expression has type "Callable[[Any, Any, Any], Any]", variable has type "None")  [assignment]
(nion-software)nionswift/nion/swift/DataItemThumbnailWidget.py:221:41: error: Incompatible types in assignment (expression has type "Callable[[Any, Any, Any, Any], Any]", variable has type "None")  [assignment]
(nion-software)nionswift/nion/swift/DataItemThumbnailWidget.py:222:43: error: Incompatible types in assignment (expression has type "Callable[[], Any]", variable has type "None")  [assignment]
(nion-software)nionswift/nion/swift/DisplayEditPopup.py:37:9: error: Need type annotation for 'finishes' (hint: "finishes: List[<type>] = ...")  [var-annotated]
(nion-software)nionswift/nion/swift/Undo.py:104:25: error: Value of type "Optional[Sequence[UndoableCommand]]" is not indexable  [index]
(nion-software)nionswift/nion/swift/Undo.py:123:9: error: Value of type "Optional[Sequence[UndoableCommand]]" is not indexable  [index]
(nion-software)nionswift/nion/swift/Undo.py:126:24: error: Item "None" of "Optional[Sequence[UndoableCommand]]" has no attribute "__iter__" (not iterable)  [union-attr]
(nion-software)nionswift/nion/swift/Undo.py:130:33: error: Argument 1 to "reversed" has incompatible type "Optional[Sequence[UndoableCommand]]"; expected "Sequence[UndoableCommand]"  [arg-type]
(nion-software)nionswift/nion/swift/Undo.py:134:24: error: Item "None" of "Optional[Sequence[UndoableCommand]]" has no attribute "__iter__" (not iterable)  [union-attr]
(nion-software)nionswift/nion/swift/Decorators.py:48:5: error: Need type annotation for 'objects' (hint: "objects: Dict[<type>, <type>] = ...")  [var-annotated]
(nion-software)nionswift/nion/swift/Thumbnails.py:196:59: error: Incompatible types in assignment (expression has type "Callable[[], Any]", variable has type "None")  [assignment]
(nion-software)nionswift/nionlib/Pickler.py:8:15: error: Incompatible types in assignment (expression has type "None", variable has type "List[Any]")  [assignment]
(nion-software)nionswift/nionlib/Pickler.py:9:15: error: Incompatible types in assignment (expression has type "None", variable has type "List[Any]")  [assignment]
(nion-software)nionswift/nionlib/Pickler.py:10:16: error: Incompatible types in assignment (expression has type "None", variable has type "Mapping[Any, str]")  [assignment]
(nion-software)nionswift/nion/swift/model/Profile.py:61:9: error: "Profile" has no attribute "storage_system"; maybe "__storage_system"?  [attr-defined]
(nion-software)nionswift/nion/swift/model/DataStructure.py:29:9: error: Need type annotation for '__properties' (hint: "__properties: Dict[<type>, <type>] = ...")  [var-annotated]
(nion-software)nionswift/nion/swift/model/DataStructure.py:30:9: error: Need type annotation for '__referenced_objects' (hint: "__referenced_objects: Dict[<type>, <type>] = ...")  [var-annotated]
(nion-software)nionswift/nion/swift/model/DataStructure.py:68:9: error: Need type annotation for 'cascade_items' (hint: "cascade_items: List[<type>] = ...")  [var-annotated]
(nion-software)nionswift/nion/swift/model/Connection.py:54:9: error: Need type annotation for 'cascade_items' (hint: "cascade_items: List[<type>] = ...")  [var-annotated]
(nion-software)nionswift/nion/swift/model/ColorMaps.py:177:33: error: Argument 1 to "loads" has incompatible type "Optional[bytes]"; expected "Union[str, bytes, bytearray]"  [arg-type]
(nion-software)nionswift/nion/swift/model/Utility.py:359:9: error: "AbstractEventLoop" has no attribute "has_no_pulse"  [attr-defined]
Found 22 errors in 12 files (checked 51 source files)

[RRepo](Azure)azure-webjobs-sdk-templates

[RRepo](canihavesomecoffee)sample-platform
(canihavesomecoffee)sample-platform/mod_test/nicediff/diff.py:4:1: error: Need type annotation for 'index' (hint: "index: Dict[<type>, <type>] = ...")  [var-annotated]

[RRepo](NicolasLM)spinach
(NicolasLM)spinach/spinach/contrib/spinachd/management/commands/spinach.py:11:1: error: Relative import climbs too many namespaces  [misc]
(NicolasLM)spinach/tests/contrib/test_django.py:6:1: error: Module 'spinach' has no attribute 'MemoryBroker'  [attr-defined]
(NicolasLM)spinach/tests/contrib/test_datadog.py:6:1: error: Module 'spinach' has no attribute 'Engine'  [attr-defined]
(NicolasLM)spinach/tests/contrib/test_datadog.py:6:1: error: Module 'spinach' has no attribute 'MemoryBroker'  [attr-defined]
(NicolasLM)spinach/tests/contrib/test_datadog.py:6:1: error: Module 'spinach' has no attribute 'Tasks'  [attr-defined]
(NicolasLM)spinach/tests/contrib/test_sentry.py:6:1: error: Module 'spinach' has no attribute 'Engine'  [attr-defined]
(NicolasLM)spinach/tests/contrib/test_sentry.py:6:1: error: Module 'spinach' has no attribute 'MemoryBroker'  [attr-defined]
(NicolasLM)spinach/tests/contrib/test_sentry.py:6:1: error: Module 'spinach' has no attribute 'Tasks'  [attr-defined]
(NicolasLM)spinach/tests/test_signals.py:5:1: error: Module 'spinach' has no attribute 'signals'  [attr-defined]
(NicolasLM)spinach/tests/test_engine.py:5:1: error: Module 'spinach' has no attribute 'Engine'  [attr-defined]
(NicolasLM)spinach/tests/test_engine.py:5:1: error: Module 'spinach' has no attribute 'MemoryBroker'  [attr-defined]
(NicolasLM)spinach/tests/test_engine.py:5:1: error: Module 'spinach' has no attribute 'Batch'  [attr-defined]
(NicolasLM)spinach/tests/test_engine.py:5:1: error: Module 'spinach' has no attribute 'Tasks'  [attr-defined]
(NicolasLM)spinach/examples/quickstart.py:1:1: error: Module 'spinach' has no attribute 'Engine'  [attr-defined]
(NicolasLM)spinach/examples/quickstart.py:1:1: error: Module 'spinach' has no attribute 'MemoryBroker'  [attr-defined]
(NicolasLM)spinach/spinach/contrib/datadog.py:3:1: error: Module 'spinach' has no attribute 'signals'  [attr-defined]
(NicolasLM)spinach/spinach/contrib/datadog.py:20:9: error: Name 'tracer' already defined on line 6  [no-redef]
(NicolasLM)spinach/spinach/contrib/sentry_sdk_spinach.py:4:1: error: Module 'spinach' has no attribute 'signals'  [attr-defined]
(NicolasLM)spinach/spinach/contrib/sentry.py:3:1: error: Module 'spinach' has no attribute 'signals'  [attr-defined]
(NicolasLM)spinach/tests/test_job.py:6:1: error: Module 'spinach' has no attribute 'RetryException'  [attr-defined]
(NicolasLM)spinach/tests/test_job.py:6:1: error: Module 'spinach' has no attribute 'AbortException'  [attr-defined]
(NicolasLM)spinach/tests/test_worker.py:7:1: error: Module 'spinach' has no attribute 'signals'  [attr-defined]
(NicolasLM)spinach/examples/periodic.py:3:1: error: Module 'spinach' has no attribute 'Engine'  [attr-defined]
(NicolasLM)spinach/examples/periodic.py:3:1: error: Module 'spinach' has no attribute 'MemoryBroker'  [attr-defined]
(NicolasLM)spinach/examples/queues.py:4:1: error: Module 'spinach' has no attribute 'Engine'  [attr-defined]
(NicolasLM)spinach/examples/queues.py:4:1: error: Module 'spinach' has no attribute 'MemoryBroker'  [attr-defined]
(NicolasLM)spinach/spinach/brokers/memory.py:10:1: error: Relative import climbs too many namespaces  [misc]
(NicolasLM)spinach/spinach/brokers/memory.py:11:1: error: Relative import climbs too many namespaces  [misc]
(NicolasLM)spinach/spinach/brokers/memory.py:32:25: error: Need type annotation for 'queue'  [var-annotated]
(NicolasLM)spinach/spinach/brokers/memory.py:119:9: error: Need type annotation for 'rv' (hint: "rv: List[<type>] = ...")  [var-annotated]
(NicolasLM)spinach/spinach/brokers/base.py:8:1: error: Relative import climbs too many namespaces  [misc]
(NicolasLM)spinach/spinach/brokers/base.py:9:1: error: Relative import climbs too many namespaces  [misc]
(NicolasLM)spinach/spinach/brokers/base.py:10:1: error: Relative import climbs too many namespaces  [misc]
(NicolasLM)spinach/spinach/contrib/spinachd/tasks.py:9:1: error: Module 'spinach' has no attribute 'Tasks'  [attr-defined]
(NicolasLM)spinach/spinach/brokers/redis.py:11:1: error: Module 'redis' has no attribute 'StrictRedis'  [attr-defined]
(NicolasLM)spinach/spinach/brokers/redis.py:11:1: error: Module 'redis' has no attribute 'ConnectionError'  [attr-defined]
(NicolasLM)spinach/spinach/brokers/redis.py:11:1: error: Module 'redis' has no attribute 'TimeoutError'  [attr-defined]
(NicolasLM)spinach/spinach/brokers/redis.py:14:1: error: Relative import climbs too many namespaces  [misc]
(NicolasLM)spinach/spinach/brokers/redis.py:15:1: error: Relative import climbs too many namespaces  [misc]
(NicolasLM)spinach/spinach/brokers/redis.py:16:1: error: Relative import climbs too many namespaces  [misc]
(NicolasLM)spinach/spinach/brokers/redis.py:17:1: error: Relative import climbs too many namespaces  [misc]
(NicolasLM)spinach/spinach/brokers/redis.py:22:1: error: Relative import climbs too many namespaces  [misc]
(NicolasLM)spinach/spinach/brokers/redis.py:44:9: error: Need type annotation for '_idempotency_protected_scripts' (hint: "_idempotency_protected_scripts: List[<type>] = ...")  [var-annotated]
(NicolasLM)spinach/spinach/brokers/redis.py:77:16: error: Incompatible types in assignment (expression has type "List[str]", variable has type "Tuple[Any, ...]")  [assignment]
(NicolasLM)spinach/spinach/brokers/redis.py:84:9: error: "Tuple[Any, ...]" has no attribute "insert"  [attr-defined]
(NicolasLM)spinach/spinach/brokers/redis.py:255:59: error: Incompatible types in assignment (expression has type "Dict[int, int]", target has type "int")  [assignment]
(NicolasLM)spinach/tests/test_utils.py:8:1: error: Module 'spinach' has no attribute 'utils'  [attr-defined]
(NicolasLM)spinach/tests/contrib/test_flask.py:4:1: error: Module 'spinach' has no attribute 'MemoryBroker'  [attr-defined]
(NicolasLM)spinach/tests/contrib/test_flask.py:4:1: error: Module 'spinach' has no attribute 'Tasks'  [attr-defined]
(NicolasLM)spinach/spinach/contrib/flask_spinach.py:2:1: error: Module 'flask' has no attribute '_app_ctx_stack'  [attr-defined]
(NicolasLM)spinach/spinach/contrib/flask_spinach.py:4:1: error: Module 'spinach' has no attribute 'signals'  [attr-defined]
Found 51 errors in 21 files (checked 30 source files)

[RRepo](ci-group)revolve
(ci-group)revolve/experiments/karines_experiments/consolidate_experiments.py:59:26: error: Incompatible types in assignment (expression has type "TextIO", variable has type "str")  [assignment]
(ci-group)revolve/experiments/karines_experiments/consolidate_experiments.py:69:26: error: Incompatible types in assignment (expression has type "TextIO", variable has type "str")  [assignment]
(ci-group)revolve/experiments/karines_experiments/consolidate_experiments.py:77:24: error: Incompatible types in assignment (expression has type "TextIO", variable has type "str")  [assignment]
(ci-group)revolve/experiments/karines_experiments/consolidate_experiments.py:78:27: error: "str" has no attribute "read"  [attr-defined]
(ci-group)revolve/pyrevolve/revolve_bot/render/render.py:4:1: error: Relative import climbs too many namespaces  [misc]
(ci-group)revolve/pyrevolve/revolve_bot/render/render.py:5:1: error: Relative import climbs too many namespaces  [misc]
(ci-group)revolve/pyrevolve/revolve_bot/render/canvas.py:16:2: error: Need type annotation for 'movement_stack' (hint: "movement_stack: List[<type>] = ...")  [var-annotated]
(ci-group)revolve/pyrevolve/revolve_bot/render/canvas.py:19:2: error: Need type annotation for 'sensors' (hint: "sensors: List[<type>] = ...")  [var-annotated]

[RRepo](UltimatePancake)Pancake-Cogs
(UltimatePancake)Pancake-Cogs/xkcd/xkcd.py:26:28: error: Module has no attribute "getComic"  [attr-defined]
(UltimatePancake)Pancake-Cogs/football/football.py:35:20: error: Module has no attribute "get"  [attr-defined]
(UltimatePancake)Pancake-Cogs/football/football.py:96:9: error: Need type annotation for 'params' (hint: "params: Dict[<type>, <type>] = ...")  [var-annotated]
(UltimatePancake)Pancake-Cogs/football/football.py:103:9: error: Need type annotation for 'params' (hint: "params: Dict[<type>, <type>] = ...")  [var-annotated]
(UltimatePancake)Pancake-Cogs/football/football.py:139:85: error: Argument 3 to "_get_league_leaderboard" of "Football" has incompatible type "Optional[str]"; expected "str"  [arg-type]
(UltimatePancake)Pancake-Cogs/football/football.py:152:17: error: Name 'asyncio' is not defined  [name-defined]
(UltimatePancake)Pancake-Cogs/pubg/pubg.py:55:24: error: Module has no attribute "get"  [attr-defined]
(UltimatePancake)Pancake-Cogs/pubg/pubg.py:68:25: error: Value of type "Optional[Any]" is not indexable  [index]
(UltimatePancake)Pancake-Cogs/mmr/mmr.py:42:20: error: Module has no attribute "get"  [attr-defined]
(UltimatePancake)Pancake-Cogs/mmr/mmr.py:82:20: error: Module has no attribute "get"  [attr-defined]
Found 10 errors in 4 files (checked 11 source files)

[RRepo](azag0)fcompile
(azag0)fcompile/fcompile.py:55:22: error: Item "None" of "Optional[Match[str]]" has no attribute "group"  [union-attr]
(azag0)fcompile/fcompile.py:59:22: error: Item "None" of "Optional[Match[str]]" has no attribute "group"  [union-attr]
Found 2 errors in 1 file (checked 2 source files)

[RRepo](doakey3)Subsimport

[RRepo](EOSIO)eos
(EOSIO)eos/tests/testUtils.py:34:22: error: Need type annotation for 'CheckOutputDeque'  [var-annotated]
(EOSIO)eos/tests/p2p_stress.py:14:5: error: Need type annotation for 'trList' (hint: "trList: List[<type>] = ...")  [var-annotated]
(EOSIO)eos/tests/consensus-validation-malicious-producers.py:24:11: error: Name 'Utils' is not defined  [name-defined]
(EOSIO)eos/tests/consensus-validation-malicious-producers.py:217:34: error: Name 'details' is not defined  [name-defined]
(EOSIO)eos/tests/consensus-validation-malicious-producers.py:218:20: error: Name 'logs' is not defined  [name-defined]
(EOSIO)eos/tests/consensus-validation-malicious-producers.py:220:33: error: Name 'kill' is not defined  [name-defined]
(EOSIO)eos/tests/consensus-validation-malicious-producers.py:221:27: error: Name 'kill' is not defined  [name-defined]
(EOSIO)eos/tests/consensus-validation-malicious-producers.py:230:1: error: "Type[Utils]" has no attribute "iAmNotNoon"  [attr-defined]
(EOSIO)eos/tests/nodeos_under_min_avail_ram.py:318:69: error: Not all arguments converted during string formatting  [str-format]
(EOSIO)eos/tests/nodeos_multiple_version_protocol_feature_test.py:109: error: Bracketed expression "[...]" is not valid as a type  [misc]
(EOSIO)eos/tests/nodeos_multiple_version_protocol_feature_test.py:109: note: Did you mean "List[...]"?
(EOSIO)eos/tests/nodeos_voting_test.py:20:5: error: Need type annotation for 'map' (hint: "map: Dict[<type>, <type>] = ...")  [var-annotated]
Found 11 errors in 6 files (checked 15 source files)

[RRepo](night-crawler)django-docker-helpers
(night-crawler)django-docker-helpers/tests/test_backend_base.py:4:1: error: Module 'django_docker_helpers.config.backends' has no attribute 'BaseParser'  [attr-defined]
(night-crawler)django-docker-helpers/django_docker_helpers/cli/django/management/commands/run_configured_uwsgi.py:6:1: error: Module 'django_docker_helpers.config' has no attribute 'ConfigLoader'  [attr-defined]
(night-crawler)django-docker-helpers/django_docker_helpers/utils.py:86:15: error: Incompatible types in assignment (expression has type "List[Any]", variable has type "Dict[Any, Any]")  [assignment]
(night-crawler)django-docker-helpers/django_docker_helpers/utils.py:87:12: error: Too many arguments for "Iterable"  [call-arg]
(night-crawler)django-docker-helpers/django_docker_helpers/utils.py:92:41: error: Argument 2 to "import_module" has incompatible type "List[str]"; expected "Optional[str]"  [arg-type]
(night-crawler)django-docker-helpers/django_docker_helpers/utils.py:287:37: error: "None" not callable  [misc]
(night-crawler)django-docker-helpers/django_docker_helpers/utils.py:354:11: error: Incompatible types in assignment (expression has type "Union[Dict[str, str], _Environ[str]]", variable has type "Optional[Dict[str, str]]")  [assignment]
(night-crawler)django-docker-helpers/django_docker_helpers/utils.py:356:11: error: Item "None" of "Optional[Dict[str, str]]" has no attribute "get"  [union-attr]
(night-crawler)django-docker-helpers/django_docker_helpers/utils.py:361:31: error: Argument 1 to "coerce_str_to_bool" has incompatible type "Union[object, Any]"; expected "Union[str, int, bool, None]"  [arg-type]

[RRepo](tuxxi)OpenBurn
(tuxxi)OpenBurn/openburn/application/propellant_db.py:19:27: error: syntax error in type comment  [syntax]
Found 1 error in 1 file (checked 20 source files)

[RRepo](TotallyNotRobots)znc-modules
Success: no issues found in 4 source files

[RRepo](ak110)pytoolkit
(ak110)pytoolkit/pytoolkit/__init__.py:29:9: error: Name 'keras' already defined on line 26  [no-redef]
(ak110)pytoolkit/pytoolkit/__init__.py:42:5: error: Module 'pytoolkit' has no attribute 'gbm'  [attr-defined]
(ak110)pytoolkit/pytoolkit/__init__.py:45:5: error: Module 'pytoolkit' has no attribute 'image'; maybe "ndimage"?  [attr-defined]
(ak110)pytoolkit/pytoolkit/__init__.py:46:5: error: Module 'pytoolkit' has no attribute 'layers'  [attr-defined]
(ak110)pytoolkit/pytoolkit/__init__.py:51:5: error: Module 'pytoolkit' has no attribute 'models'  [attr-defined]
(ak110)pytoolkit/pytoolkit/__init__.py:52:5: error: Module 'pytoolkit' has no attribute 'ndimage'; maybe "image"?  [attr-defined]
(ak110)pytoolkit/pytoolkit/__init__.py:53:5: error: Module 'pytoolkit' has no attribute 'od'  [attr-defined]
(ak110)pytoolkit/pytoolkit/training.py:13: error: Name 'keras.models.Model' is not defined  [name-defined]
(ak110)pytoolkit/pytoolkit/training.py:169: error: Name 'keras.models.Model' is not defined  [name-defined]
(ak110)pytoolkit/pytoolkit/training.py:238: error: Name 'keras.models.Model' is not defined  [name-defined]
(ak110)pytoolkit/pytoolkit/optimizers.py:14:12: error: Name 'keras.optimizers.SGD' is not defined  [name-defined]
(ak110)pytoolkit/pytoolkit/optimizers.py:93:13: error: Name 'keras.optimizers.Adam' is not defined  [name-defined]
(ak110)pytoolkit/pytoolkit/data.py:161:18: error: Name 'keras.utils.Sequence' is not defined  [name-defined]
(ak110)pytoolkit/pytoolkit/callbacks.py:13:29: error: Name 'keras.callbacks.Callback' is not defined  [name-defined]
(ak110)pytoolkit/pytoolkit/callbacks.py:47:23: error: Name 'keras.callbacks.Callback' is not defined  [name-defined]
(ak110)pytoolkit/pytoolkit/callbacks.py:84:17: error: Name 'keras.callbacks.Callback' is not defined  [name-defined]
(ak110)pytoolkit/pytoolkit/callbacks.py:148:19: error: Name 'keras.callbacks.Callback' is not defined  [name-defined]
(ak110)pytoolkit/pytoolkit/callbacks.py:178:24: error: Name 'keras.callbacks.Callback' is not defined  [name-defined]
(ak110)pytoolkit/pytoolkit/callbacks.py:229:24: error: Name 'keras.callbacks.Callback' is not defined  [name-defined]
(ak110)pytoolkit/pytoolkit/callbacks.py:280:18: error: Name 'keras.callbacks.Callback' is not defined  [name-defined]
(ak110)pytoolkit/pytoolkit/callbacks.py:329:18: error: Name 'keras.callbacks.Callback' is not defined  [name-defined]
Found 21 errors in 5 files (checked 30 source files)

[RRepo](UW-Hydro)MetSim
(UW-Hydro)MetSim/metsim/io.py:186:18: error: Need type annotation for 'data_list'  [var-annotated]
(UW-Hydro)MetSim/metsim/io.py:209:14: error: Incompatible types in assignment (expression has type "Dict[str, Any]", variable has type "List[Any]")  [assignment]
(UW-Hydro)MetSim/metsim/io.py:218:37: error: No overload variant of "__getitem__" of "list" matches argument type "str"  [call-overload]
(UW-Hydro)MetSim/metsim/io.py:218:37: note: Possible overload variants:
(UW-Hydro)MetSim/metsim/io.py:218:37: note:     def __getitem__(self, int) -> Any
(UW-Hydro)MetSim/metsim/io.py:218:37: note:     def __getitem__(self, slice) -> List[Any]
(UW-Hydro)MetSim/metsim/io.py:219:37: error: No overload variant of "__getitem__" of "list" matches argument type "str"  [call-overload]
(UW-Hydro)MetSim/metsim/io.py:219:37: note: Possible overload variants:
(UW-Hydro)MetSim/metsim/io.py:219:37: note:     def __getitem__(self, int) -> Any
(UW-Hydro)MetSim/metsim/io.py:219:37: note:     def __getitem__(self, slice) -> List[Any]
(UW-Hydro)MetSim/metsim/io.py:221:38: error: No overload variant of "__getitem__" of "list" matches argument type "str"  [call-overload]
(UW-Hydro)MetSim/metsim/io.py:221:38: note: Possible overload variants:
(UW-Hydro)MetSim/metsim/io.py:221:38: note:     def __getitem__(self, int) -> Any
(UW-Hydro)MetSim/metsim/io.py:221:38: note:     def __getitem__(self, slice) -> List[Any]
Found 5 errors in 1 file (checked 6 source files)

[RRepo](MasterKale)django-cra-helper
(MasterKale)django-cra-helper/cra_helper/tests/test_context_processors.py:12:1: error: Need type annotation for 'request' (hint: "request: Dict[<type>, <type>] = ...")  [var-annotated]
Found 1 error in 1 file (checked 13 source files)

[RRepo](crowdcomms)faker-e164
Success: no issues found in 3 source files

[RRepo](Kurbezz)flibusta_bot
(Kurbezz)flibusta_bot/src/analytics.py:23:50: error: Invalid type comment or annotation  [valid-type]
(Kurbezz)flibusta_bot/src/filbusta_server.py:212:51: error: Invalid type comment or annotation  [valid-type]
(Kurbezz)flibusta_bot/src/send.py:21:70: error: Invalid type comment or annotation  [valid-type]
Found 3 errors in 3 files (checked 4 source files)

[RRepo](vatlab)SOS
(vatlab)SOS/src/sos/singularity/client.py:25:5: error: Need type annotation for 'pulled_images' (hint: "pulled_images: Set[<type>] = ...")  [var-annotated]
(vatlab)SOS/src/sos/targets_r.py:16:5: error: Need type annotation for 'LIB_STATUS_CACHE' (hint: "LIB_STATUS_CACHE: Dict[<type>, <type>] = ...")  [var-annotated]
(vatlab)SOS/src/sos/eval.py:103:5: error: Need type annotation for 'stmt_hash' (hint: "stmt_hash: Dict[<type>, <type>] = ...")  [var-annotated]
(vatlab)SOS/src/sos/pattern.py:70:11: error: Need type annotation for 'res'  [var-annotated]
(vatlab)SOS/src/sos/pattern.py:71:15: error: Incompatible types in assignment (expression has type "Pattern[str]", variable has type "str")  [assignment]
(vatlab)SOS/src/sos/pattern.py:74:18: error: Incompatible types in assignment (expression has type "Generator[str, None, None]", variable has type "Optional[List[str]]")  [assignment]
(vatlab)SOS/src/sos/pattern.py:78:14: error: Item "None" of "Optional[List[str]]" has no attribute "__iter__" (not iterable)  [union-attr]
(vatlab)SOS/src/sos/pattern.py:111:67: error: Function "builtins.any" is not valid as a type  [valid-type]
(vatlab)SOS/src/sos/pattern.py:111:67: note: Perhaps you need "Callable[...]" or a callback protocol?
(vatlab)SOS/src/sos/pattern.py:120:33: error: Argument 1 to "append" of "list" has incompatible type "None"; expected "str"  [arg-type]
(vatlab)SOS/src/sos/pattern.py:133:16: error: Need type annotation for 'wildcard'  [var-annotated]
(vatlab)SOS/src/sos/targets_python.py:13:5: error: Need type annotation for 'LIB_STATUS_CACHE' (hint: "LIB_STATUS_CACHE: Dict[<type>, <type>] = ...")  [var-annotated]
(vatlab)SOS/test/test_docker_actions.py:22:5: error: Name '_thread' already defined (by an import)  [no-redef]
Found 12 errors in 6 files (checked 48 source files)

[RRepo](wikimedia)labs-tools-wikibugs2
Success: no issues found in 17 source files

[RRepo](Djaler)ZloyBot
(Djaler)ZloyBot/utils.py:45:14: error: Item "None" of "Optional[FrameType]" has no attribute "f_back"  [union-attr]
(Djaler)ZloyBot/utils.py:45:14: error: Item "None" of "Union[FrameType, None, Any]" has no attribute "f_globals"  [union-attr]
Found 2 errors in 1 file (checked 17 source files)

[RRepo](skorokithakis)catt
Success: no issues found in 7 source files

[RRepo](daveoncode)pyvaru
(daveoncode)pyvaru/pyvaru/__init__.py:59:20: error: "object" not callable  [operator]
Found 1 error in 1 file (checked 1 source file)

[RRepo](duniter)duniter-python-api
(duniter)duniter-python-api/duniterpy/grammars/output.py:5:1: error: Relative import climbs too many namespaces  [misc]
(duniter)duniter-python-api/duniterpy/key/encryption_key.py:13:1: error: Relative import climbs too many namespaces  [misc]
(duniter)duniter-python-api/duniterpy/key/base58.py:5:1: error: Relative import climbs too many namespaces  [misc]
(duniter)duniter-python-api/duniterpy/key/base58.py:16:27: error: Module has no attribute "b58encode"  [attr-defined]
(duniter)duniter-python-api/duniterpy/key/base58.py:25:16: error: Module has no attribute "b58decode"  [attr-defined]
(duniter)duniter-python-api/duniterpy/key/verifying_key.py:13:1: error: Module 'duniterpy.documents' has no attribute 'Document'  [attr-defined]
(duniter)duniter-python-api/docs/conf.py:225:1: error: Need type annotation for 'latex_elements' (hint: "latex_elements: Dict[<type>, <type>] = ...")  [var-annotated]
(duniter)duniter-python-api/duniterpy/documents/crc_pubkey.py:56:26: error: Module has no attribute "b58decode"  [attr-defined]
(duniter)duniter-python-api/duniterpy/documents/crc_pubkey.py:59:35: error: Module has no attribute "b58encode"  [attr-defined]
(duniter)duniter-python-api/duniterpy/key/ascii_armor.py:6:1: error: Module 'duniterpy.key' has no attribute 'SigningKey'  [attr-defined]
(duniter)duniter-python-api/duniterpy/key/ascii_armor.py:6:1: error: Module 'duniterpy.key' has no attribute 'PublicKey'  [attr-defined]
(duniter)duniter-python-api/duniterpy/key/ascii_armor.py:6:1: error: Module 'duniterpy.key' has no attribute 'VerifyingKey'  [attr-defined]
(duniter)duniter-python-api/duniterpy/documents/ws2p/heads.py:5:1: error: Relative import climbs too many namespaces  [misc]
(duniter)duniter-python-api/duniterpy/documents/ws2p/heads.py:6:1: error: Relative import climbs too many namespaces  [misc]
(duniter)duniter-python-api/duniterpy/documents/ws2p/heads.py:7:1: error: Relative import climbs too many namespaces  [misc]
(duniter)duniter-python-api/duniterpy/documents/block_uid.py:5:1: error: Relative import climbs too many namespaces  [misc]

[RRepo](yunojuno)elasticsearch-django
(yunojuno)elasticsearch-django/elasticsearch_django/admin.py:73:5: error: "Callable[[SearchQueryAdmin, Any], Any]" has no attribute "short_description"  [attr-defined]
(yunojuno)elasticsearch-django/elasticsearch_django/admin.py:79:5: error: "Callable[[SearchQueryAdmin, Any], Any]" has no attribute "short_description"  [attr-defined]
(yunojuno)elasticsearch-django/elasticsearch_django/admin.py:88:5: error: "Callable[[SearchQueryAdmin, Any], Any]" has no attribute "short_description"  [attr-defined]
Found 3 errors in 1 file (checked 11 source files)

[RRepo](linheimx)Husky
Success: no issues found in 1 source file

[RRepo](chaosbot)Chaos
(chaosbot)Chaos/memoize/decorator.py:5:1: error: No parent module -- cannot perform relative import  [misc]
Found 1 error in 1 file (checked 19 source files)

[RRepo](tripack45)GirlsFrontline-Assistant
(tripack45)GirlsFrontline-Assistant/device.py:9:1: error: Module 'ctypes' has no attribute 'windll'  [attr-defined]
(tripack45)GirlsFrontline-Assistant/image.py:33:14: error: Name 'config' is not defined  [name-defined]
(tripack45)GirlsFrontline-Assistant/image.py:98:13: error: Name 'config' is not defined  [name-defined]
(tripack45)GirlsFrontline-Assistant/image.py:99:13: error: Name 'config' is not defined  [name-defined]
(tripack45)GirlsFrontline-Assistant/image.py:103:14: error: Name 'config' is not defined  [name-defined]
(tripack45)GirlsFrontline-Assistant/resource/cache.py:3:1: error: Need type annotation for 'cache' (hint: "cache: Dict[<type>, <type>] = ...")  [var-annotated]

[RRepo](BridgeCityBicycleCoop)workstand
(BridgeCityBicycleCoop)workstand/core/admin.py:23:5: error: "Callable[[VisitAdmin, Any], Any]" has no attribute "admin_order_field"  [attr-defined]
(BridgeCityBicycleCoop)workstand/registration/tests/test_models.py:3:1: error: Relative import climbs too many namespaces  [misc]
(BridgeCityBicycleCoop)workstand/registration/tests/test_views.py:12:1: error: Relative import climbs too many namespaces  [misc]
(BridgeCityBicycleCoop)workstand/bike/consumers.py:46:25: error: Argument 1 to "_is_stolen" has incompatible type "Union[str, int]"; expected "str"  [arg-type]
(BridgeCityBicycleCoop)workstand/bike/consumers.py:64:21: error: Argument 1 to "update" of "dict" has incompatible type "Dict[str, Union[str, int]]"; expected "Mapping[str, bool]"  [arg-type]
Found 5 errors in 4 files (checked 16 source files)

[RRepo](concretecloud)chirp
(concretecloud)chirp/src/mpipe.py:64:5: error: "Popen[bytes]" has no attribute "_mpipe_last"  [attr-defined]
(concretecloud)chirp/src/mpipe.py:86:8: error: "Popen[Any]" has no attribute "_mpipe_last"  [attr-defined]
(concretecloud)chirp/src/mpipe.py:88:5: error: "Popen[Any]" has no attribute "_mpipe_last"  [attr-defined]
(concretecloud)chirp/src/mpipe.py:90:12: error: No overload variant of "bytes" matches argument type "c_size_t"  [call-overload]
(concretecloud)chirp/src/mpipe.py:90:12: note: Possible overload variants:
(concretecloud)chirp/src/mpipe.py:90:12: note:     def bytes(self, ints: Iterable[int]) -> bytes
(concretecloud)chirp/src/mpipe.py:90:12: note:     def bytes(self, length: int) -> bytes
(concretecloud)chirp/src/mpipe.py:90:12: note:     def bytes(self, o: SupportsBytes) -> bytes
(concretecloud)chirp/src/mpipe.py:90:12: note:     <2 more non-matching overloads not shown>
(concretecloud)chirp/src/mpipe.py:91:5: error: Item "None" of "Optional[IO[Any]]" has no attribute "write"  [union-attr]
(concretecloud)chirp/src/mpipe.py:92:5: error: Item "None" of "Optional[IO[Any]]" has no attribute "write"  [union-attr]
(concretecloud)chirp/src/mpipe.py:93:5: error: Item "None" of "Optional[IO[Any]]" has no attribute "flush"  [union-attr]
(concretecloud)chirp/src/mpipe.py:98:8: error: "Popen[Any]" has no attribute "_mpipe_last"  [attr-defined]
(concretecloud)chirp/src/mpipe.py:100:5: error: "Popen[Any]" has no attribute "_mpipe_last"  [attr-defined]
(concretecloud)chirp/src/mpipe.py:101:12: error: Item "None" of "Optional[IO[Any]]" has no attribute "read"  [union-attr]
(concretecloud)chirp/src/mpipe.py:103:12: error: Item "None" of "Optional[IO[Any]]" has no attribute "read"  [union-attr]
(concretecloud)chirp/src/func_test.py:37:9: error: Item "None" of "Optional[IO[Any]]" has no attribute "write"  [union-attr]
(concretecloud)chirp/src/func_test.py:38:9: error: Item "None" of "Optional[IO[Any]]" has no attribute "flush"  [union-attr]
Found 13 errors in 2 files (checked 4 source files)

[RRepo](megapctr)Yak
Success: no issues found in 6 source files

[RRepo](black-security)cyber-security-framework
(black-security)cyber-security-framework/crypto/modules/hkbit.py:4:5: error: Need type annotation for 'output' (hint: "output: List[<type>] = ...")  [var-annotated]
(black-security)cyber-security-framework/remote/web/apis/modules/censys.py:1:1: error: Module 'censys' has no attribute 'certificates'  [attr-defined]
(black-security)cyber-security-framework/remote/web/apis/modules/censys.py:1:1: error: Module 'censys' has no attribute 'websites'  [attr-defined]
(black-security)cyber-security-framework/remote/web/apis/modules/censys.py:1:1: error: Module 'censys' has no attribute 'ipv4'  [attr-defined]
(black-security)cyber-security-framework/remote/web/apis/modules/censys.py:1:1: error: Module 'censys' has no attribute 'export'  [attr-defined]
(black-security)cyber-security-framework/remote/web/apis/modules/censys.py:1:1: error: Module 'censys' has no attribute 'query'  [attr-defined]
(black-security)cyber-security-framework/remote/web/apis/modules/censys.py:1:1: error: Module 'censys' has no attribute 'certificates'  [attr-defined]
(black-security)cyber-security-framework/remote/web/apis/modules/censys.py:1:1: error: Module 'censys' has no attribute 'websites'  [attr-defined]
(black-security)cyber-security-framework/remote/web/apis/modules/censys.py:1:1: error: Module 'censys' has no attribute 'ipv4'  [attr-defined]
(black-security)cyber-security-framework/remote/web/apis/modules/censys.py:1:1: error: Module 'censys' has no attribute 'export'  [attr-defined]
(black-security)cyber-security-framework/remote/web/apis/modules/censys.py:1:1: error: Module 'censys' has no attribute 'query'  [attr-defined]
(black-security)cyber-security-framework/network/modules/socket.py:24:32: error: Name 'AddressFamily' is not defined  [name-defined]
(black-security)cyber-security-framework/network/modules/socket.py:24:77: error: Name 'SocketKind' is not defined  [name-defined]
(black-security)cyber-security-framework/network/modules/socket.py:28:21: error: Incompatible types in assignment (expression has type "ParseResult", variable has type "str")  [assignment]
(black-security)cyber-security-framework/network/modules/socket.py:29:20: error: "str" has no attribute "scheme"  [attr-defined]
(black-security)cyber-security-framework/network/modules/socket.py:30:31: error: "str" has no attribute "hostname"  [attr-defined]
(black-security)cyber-security-framework/network/modules/socket.py:31:16: error: "str" has no attribute "port"  [attr-defined]
(black-security)cyber-security-framework/network/modules/socket.py:32:16: error: "str" has no attribute "username"  [attr-defined]
(black-security)cyber-security-framework/network/modules/socket.py:33:16: error: "str" has no attribute "password"  [attr-defined]
(black-security)cyber-security-framework/network/modules/socket.py:34:46: error: "str" has no attribute "scheme"  [attr-defined]
(black-security)cyber-security-framework/network/modules/socket.py:39:14: error: Cannot resolve name "socket" (possible cyclic definition)  [misc]
(black-security)cyber-security-framework/network/modules/socket.py:40:32: error: Name 'AddressFamily' is not defined  [name-defined]
(black-security)cyber-security-framework/network/modules/socket.py:40:77: error: Name 'SocketKind' is not defined  [name-defined]
(black-security)cyber-security-framework/network/modules/socket.py:73:9: error: Need type annotation for 'connections' (hint: "connections: Dict[<type>, <type>] = ...")  [var-annotated]
(black-security)cyber-security-framework/network/modules/socket.py:107:25: error: Name 'SOL_SOCKET' is not defined  [name-defined]
(black-security)cyber-security-framework/network/modules/socket.py:107:37: error: Name 'SO_REUSEADDR' is not defined  [name-defined]
(black-security)cyber-security-framework/network/modules/socket.py:160:26: error: Name 'SOCK_RAW' is not defined  [name-defined]
(black-security)cyber-security-framework/network/modules/socket.py:163:26: error: Name 'IPPROTO_IP' is not defined  [name-defined]
(black-security)cyber-security-framework/network/modules/socket.py:164:29: error: Name 'IPPROTO_IP' is not defined  [name-defined]
(black-security)cyber-security-framework/network/modules/socket.py:164:41: error: Name 'IP_HDRINCL' is not defined  [name-defined]
(black-security)cyber-security-framework/network/modules/socket.py:167:24: error: Name 'SIO_RCVALL' is not defined  [name-defined]
(black-security)cyber-security-framework/network/modules/socket.py:167:36: error: Name 'RCVALL_ON' is not defined  [name-defined]
(black-security)cyber-security-framework/network/modules/tor.py:12:110: error: Name 'self' is not defined  [name-defined]
(black-security)cyber-security-framework/network/modules/tor.py:15:64: error: Incompatible default for argument "port" (default has type "str", argument has type "int")  [assignment]
(black-security)cyber-security-framework/network/modules/tor.py:80:54: error: "EphemeralHiddenService" has no attribute "service_id"  [attr-defined]

[RRepo](guillemborrell)gtable
Success: no issues found in 29 source files

[RRepo](sdadas)warsaw-transport
(sdadas)warsaw-transport/scripts/shape_data.py:28:19: error: List item 0 has incompatible type "List[float]"; expected "float"  [list-item]
(sdadas)warsaw-transport/scripts/shape_data.py:28:43: error: List item 1 has incompatible type "List[float]"; expected "float"  [list-item]
(sdadas)warsaw-transport/scripts/shape_data.py:32:20: error: Incompatible types in assignment (expression has type "List[int]", target has type "List[float]")  [assignment]
(sdadas)warsaw-transport/scripts/transport_data.py:16:34: error: Item "None" of "Optional[Match[str]]" has no attribute "group"  [union-attr]
(sdadas)warsaw-transport/scripts/transport_data.py:40:9: error: Need type annotation for 'lines' (hint: "lines: List[<type>] = ...")  [var-annotated]
(sdadas)warsaw-transport/scripts/transport_data.py:168:19: error: Incompatible types in assignment (expression has type "None", variable has type "List[Any]")  [assignment]
(sdadas)warsaw-transport/scripts/transport_data.py:169:19: error: Incompatible types in assignment (expression has type "None", variable has type "List[Any]")  [assignment]
(sdadas)warsaw-transport/scripts/transport_data.py:171:19: error: Incompatible types in assignment (expression has type "float", variable has type "List[Any]")  [assignment]
(sdadas)warsaw-transport/scripts/transport_data.py:172:19: error: Incompatible types in assignment (expression has type "float", variable has type "List[Any]")  [assignment]
Found 9 errors in 2 files (checked 2 source files)

[RRepo](cbrichford)docker-ipsec
(cbrichford)docker-ipsec/docker_ipsec/docker-ipsec.py:75:5: error: Need type annotation for 'rules' (hint: "rules: List[<type>] = ...")  [var-annotated]
Found 1 error in 1 file (checked 2 source files)

[RRepo](TuSimple)mxnet
(TuSimple)mxnet/example/gluon/lstm_crf.py:191:1: error: Need type annotation for 'word2idx' (hint: "word2idx: Dict[<type>, <type>] = ...")  [var-annotated]
(TuSimple)mxnet/tests/python/mkl/test_mkldnn.py:217:5: error: Name 'test_mkldnn_install' is not defined  [name-defined]
(TuSimple)mxnet/tests/python-pytest/onnx/backend.py:23:5: error: Module 'onnx' has no attribute 'helper'  [attr-defined]
(TuSimple)mxnet/tests/python-pytest/onnx/backend.py:23:5: error: Module 'onnx' has no attribute 'TensorProto'  [attr-defined]
(TuSimple)mxnet/example/quantization/imagenet_gen_qsym.py:153:17: error: Incompatible types in assignment (expression has type "List[float]", variable has type "str")  [assignment]
(TuSimple)mxnet/example/quantization/imagenet_gen_qsym.py:158:41: error: Name 'quantize_model' is not defined  [name-defined]
(TuSimple)mxnet/example/quantization/imagenet_gen_qsym.py:178:42: error: Name 'quantize_model' is not defined  [name-defined]
(TuSimple)mxnet/ci/build.py:44:42: error: Argument 1 to "join" has incompatible type "Optional[str]"; expected "Union[str, _PathLike[str]]"  [arg-type]
(TuSimple)mxnet/ci/build.py:125:1: error: Missing return statement  [return]
(TuSimple)mxnet/amalgamation/amalgamation.py:165:1: error: "Callable[[Any, Any, Any], Any]" has no attribute "treeDepth"  [attr-defined]
(TuSimple)mxnet/amalgamation/amalgamation.py:166:1: error: "Callable[[Any, Any, Any], Any]" has no attribute "fileCount"  [attr-defined]
(TuSimple)mxnet/docs/mxdoc.py:31:1: error: Need type annotation for '_EVAL_WHILTELIST' (hint: "_EVAL_WHILTELIST: List[<type>] = ...")  [var-annotated]
(TuSimple)mxnet/example/sparse/linear_classification/train.py:20:1: error: Module 'data' has no attribute 'get_avazu_data'  [attr-defined]
(TuSimple)mxnet/example/sparse/linear_classification/train.py:77:18: error: No overload variant of "join" matches argument types "str", "object"  [call-overload]
(TuSimple)mxnet/example/sparse/linear_classification/train.py:77:18: note: Possible overload variants:
(TuSimple)mxnet/example/sparse/linear_classification/train.py:77:18: note:     def join(a: Union[str, _PathLike[str]], *paths: Union[str, _PathLike[str]]) -> str
(TuSimple)mxnet/example/sparse/linear_classification/train.py:77:18: note:     def join(a: Union[bytes, _PathLike[bytes]], *paths: Union[bytes, _PathLike[bytes]]) -> bytes
(TuSimple)mxnet/example/sparse/linear_classification/train.py:78:16: error: No overload variant of "join" matches argument types "str", "object"  [call-overload]
(TuSimple)mxnet/example/sparse/linear_classification/train.py:78:16: note: Possible overload variants:
(TuSimple)mxnet/example/sparse/linear_classification/train.py:78:16: note:     def join(a: Union[str, _PathLike[str]], *paths: Union[str, _PathLike[str]]) -> str
(TuSimple)mxnet/example/sparse/linear_classification/train.py:78:16: note:     def join(a: Union[bytes, _PathLike[bytes]], *paths: Union[bytes, _PathLike[bytes]]) -> bytes
(TuSimple)mxnet/example/sparse/linear_classification/train.py:94:13: error: Name 'linear_model' is not defined  [name-defined]
(TuSimple)mxnet/tests/python-pytest/onnx/onnx_test.py:35:1: error: Module 'onnx' has no attribute 'helper'  [attr-defined]
(TuSimple)mxnet/tests/python-pytest/onnx/onnx_test.py:36:1: error: Module 'onnx' has no attribute 'numpy_helper'  [attr-defined]
(TuSimple)mxnet/tests/python-pytest/onnx/onnx_test.py:37:1: error: Module 'onnx' has no attribute 'TensorProto'  [attr-defined]
(TuSimple)mxnet/tests/python/unittest/test_gluon_data.py:108:1: error: Name 'Dataset' already defined (possibly by an import)  [no-redef]
(TuSimple)mxnet/tests/nightly/dist_sync_kvstore.py:28:1: error: Module 'test_kvstore' has no attribute 'compute_expected_2bit_quantization'  [attr-defined]
Found 21 errors in 11 files (checked 32 source files)

[RRepo](sinnwerkstatt)landmatrix
(sinnwerkstatt)landmatrix/grid/forms/deal_contract_form.py:40:27: error: Unsupported dynamic base class "formset_factory"  [misc]
(sinnwerkstatt)landmatrix/notifications/admin.py:32:5: error: "Callable[[NotificationEmailAdmin, Any, Any], Any]" has no attribute "short_description"  [attr-defined]
(sinnwerkstatt)landmatrix/public_comments/forms.py:12:25: error: Variable "public_comments.forms.ThreadedCommentForm" is not valid as a type  [valid-type]
(sinnwerkstatt)landmatrix/public_comments/forms.py:12:25: note: See https://mypy.readthedocs.io/en/latest/common_issues.html#variables-vs-type-aliases
(sinnwerkstatt)landmatrix/public_comments/forms.py:12:25: error: Invalid base class "ThreadedCommentForm"  [misc]
(sinnwerkstatt)landmatrix/api/serializers.py:8:1: error: Module 'landmatrix.models' has no attribute 'Activity'  [attr-defined]
(sinnwerkstatt)landmatrix/api/serializers.py:8:1: error: Module 'landmatrix.models' has no attribute 'HistoricalInvestorVentureInvolvement'  [attr-defined]
(sinnwerkstatt)landmatrix/api/serializers.py:8:1: error: Module 'landmatrix.models' has no attribute 'FilterPreset'  [attr-defined]

[RRepo](kmyk)online-judge-tools
(kmyk)online-judge-tools/onlinejudge/_implementation/logging.py:7:10: error: Module has no attribute "getLogger"  [attr-defined]

[RRepo](sfu-fas)coursys
(sfu-fas)coursys/faculty/event_types/mixins.py:6:5: error: Need type annotation for 'FLAGS' (hint: "FLAGS: List[<type>] = ...")  [var-annotated]

[RRepo](virtool)virtool
(virtool)virtool/virtool/db/jobs.py: error: Duplicate module named 'jobs' (also at '/home/bew/archive/typed_project/(virtool)virtool/virtool/jobs/__init__.py')  [misc]
Found 1 error in 1 file (checked 94 source files)

[RRepo](opn-oss)autobahn-python-repl
(opn-oss)autobahn-python-repl/opendna/autobahn/repl/abc.py:135:16: error: Incompatible return value type (got "List[str]", expected "str")  [return-value]
(opn-oss)autobahn-python-repl/opendna/autobahn/repl/abc.py:259:16: error: "AbstractInvocation" has no attribute "_progress"; maybe "progress"?  [attr-defined]
(opn-oss)autobahn-python-repl/opendna/autobahn/repl/abc.py:415:16: error: Incompatible return value type (got "None", expected "Exception")  [return-value]
(opn-oss)autobahn-python-repl/opendna/autobahn/repl/rpc.py:63:9: error: Need type annotation for '_progress' (hint: "_progress: List[<type>] = ...")  [var-annotated]
(opn-oss)autobahn-python-repl/opendna/autobahn/repl/repl.py:80:21: error: Incompatible types in assignment (expression has type "Callable[[Any], Any]", variable has type "partial[Any]")  [assignment]
Found 5 errors in 3 files (checked 9 source files)

[RRepo](NLeSC)noodles
(NLeSC)noodles/noodles/run/remote/io.py:6:1: error: Relative import climbs too many namespaces  [misc]
(NLeSC)noodles/test/workflows/workflow_factory.py:6:5: error: Need type annotation for 'instances' (hint: "instances: List[<type>] = ...")  [var-annotated]
(NLeSC)noodles/examples/class-decorator.py:36:6: error: Name 'attr' already defined on line 29  [no-redef]
(NLeSC)noodles/examples/class-decorator.py:36:6: error: "Callable[[A], Any]" has no attribute "setter"  [attr-defined]
(NLeSC)noodles/examples/class-decorator.py:51:1: error: "B" has no attribute "x"  [attr-defined]
(NLeSC)noodles/examples/class-decorator.py:52:1: error: "B" has no attribute "second"  [attr-defined]
(NLeSC)noodles/examples/class-decorator.py:53:1: error: "B" has no attribute "attr"  [attr-defined]
(NLeSC)noodles/examples/class-decorator.py:55:29: error: "B" has no attribute "_workflow"  [attr-defined]
(NLeSC)noodles/noodles/serial/namedtuple.py:2:1: error: Relative import climbs too many namespaces  [misc]
(NLeSC)noodles/noodles/prov/workflow.py:1:1: error: Relative import climbs too many namespaces  [misc]
(NLeSC)noodles/noodles/prov/workflow.py:2:1: error: Relative import climbs too many namespaces  [misc]
(NLeSC)noodles/noodles/prov/workflow.py:3:1: error: Relative import climbs too many namespaces  [misc]
(NLeSC)noodles/noodles/run/scheduler.py:1:1: error: Relative import climbs too many namespaces  [misc]
(NLeSC)noodles/noodles/run/scheduler.py:4:1: error: Relative import climbs too many namespaces  [misc]
(NLeSC)noodles/noodles/run/logging.py:8:1: error: Relative import climbs too many namespaces  [misc]
(NLeSC)noodles/noodles/run/logging.py:9:1: error: Relative import climbs too many namespaces  [misc]
(NLeSC)noodles/noodles/run/worker.py:1:1: error: Relative import climbs too many namespaces  [misc]
(NLeSC)noodles/noodles/run/messages.py:11:1: error: Relative import climbs too many namespaces  [misc]
(NLeSC)noodles/noodles/run/xenon/dynamic_pool.py:1:1: error: Relative import climbs too many namespaces  [misc]
(NLeSC)noodles/noodles/run/xenon/dynamic_pool.py:5:1: error: Relative import climbs too many namespaces  [misc]
(NLeSC)noodles/noodles/run/xenon/dynamic_pool.py:166:9: error: Need type annotation for 'workers' (hint: "workers: Dict[<type>, <type>] = ...")  [var-annotated]
(NLeSC)noodles/noodles/run/xenon/runner.py:2:1: error: Relative import climbs too many namespaces  [misc]
(NLeSC)noodles/noodles/run/xenon/runner.py:3:1: error: Relative import climbs too many namespaces  [misc]
(NLeSC)noodles/noodles/run/xenon/runner.py:5:1: error: Relative import climbs too many namespaces  [misc]
(NLeSC)noodles/noodles/run/threading/sqlite3.py:8:1: error: Relative import climbs too many namespaces  [misc]
(NLeSC)noodles/noodles/run/threading/sqlite3.py:9:1: error: Relative import climbs too many namespaces  [misc]
(NLeSC)noodles/noodles/run/threading/sqlite3.py:10:1: error: Relative import climbs too many namespaces  [misc]
(NLeSC)noodles/noodles/run/threading/sqlite3.py:11:1: error: Relative import climbs too many namespaces  [misc]
(NLeSC)noodles/noodles/run/threading/sqlite3.py:13:1: error: Relative import climbs too many namespaces  [misc]
(NLeSC)noodles/noodles/run/threading/sqlite3.py:14:1: error: Relative import climbs too many namespaces  [misc]
(NLeSC)noodles/noodles/run/threading/sqlite3.py:15:1: error: Relative import climbs too many namespaces  [misc]
(NLeSC)noodles/noodles/run/threading/vanilla.py:1:1: error: Relative import climbs too many namespaces  [misc]
(NLeSC)noodles/noodles/run/threading/vanilla.py:2:1: error: Relative import climbs too many namespaces  [misc]
(NLeSC)noodles/noodles/run/threading/vanilla.py:3:1: error: Relative import climbs too many namespaces  [misc]
(NLeSC)noodles/noodles/run/threading/vanilla.py:4:1: error: Relative import climbs too many namespaces  [misc]
(NLeSC)noodles/noodles/run/runners.py:5:1: error: Relative import climbs too many namespaces  [misc]
(NLeSC)noodles/noodles/run/runners.py:6:1: error: Relative import climbs too many namespaces  [misc]
(NLeSC)noodles/noodles/run/hybrid.py:3:1: error: Relative import climbs too many namespaces  [misc]
(NLeSC)noodles/noodles/run/hybrid.py:4:1: error: Relative import climbs too many namespaces  [misc]
(NLeSC)noodles/noodles/serial/numpy.py:15:1: error: Relative import climbs too many namespaces  [misc]
(NLeSC)noodles/noodles/serial/registry.py:3:1: error: Relative import climbs too many namespaces  [misc]
(NLeSC)noodles/noodles/serial/registry.py:11:5: error: Name 'json' already defined (by an import)  [no-redef]
(NLeSC)noodles/noodles/serial/base.py:15:1: error: Relative import climbs too many namespaces  [misc]
(NLeSC)noodles/noodles/serial/base.py:16:1: error: Relative import climbs too many namespaces  [misc]
(NLeSC)noodles/noodles/serial/base.py:17:1: error: Relative import climbs too many namespaces  [misc]
(NLeSC)noodles/noodles/prov/sqlite.py:34:1: error: Relative import climbs too many namespaces  [misc]
(NLeSC)noodles/noodles/prov/sqlite.py:35:1: error: Relative import climbs too many namespaces  [misc]
(NLeSC)noodles/noodles/prov/sqlite.py:41:5: error: Name 'json' already defined (by an import)  [no-redef]
(NLeSC)noodles/noodles/prov/key.py:6:5: error: Name 'json' already defined (by an import)  [no-redef]
(NLeSC)noodles/noodles/display/dumb_term.py:2:1: error: Relative import climbs too many namespaces  [misc]
(NLeSC)noodles/noodles/display/dumb_term.py:35:19: error: Not all arguments converted during string formatting  [str-format]
(NLeSC)noodles/noodles/run/xenon/xenon.py:4:1: error: Relative import climbs too many namespaces  [misc]
(NLeSC)noodles/noodles/run/remote/worker_config.py:7:1: error: Relative import climbs too many namespaces  [misc]
(NLeSC)noodles/noodles/run/job_keeper.py:7:1: error: Relative import climbs too many namespaces  [misc]
(NLeSC)noodles/noodles/run/process.py:15:1: error: Relative import climbs too many namespaces  [misc]
(NLeSC)noodles/noodles/run/process.py:21:1: error: Relative import climbs too many namespaces  [misc]
(NLeSC)noodles/test/serial/test_numpy.py:5:5: error: Module 'numpy' has no attribute 'random'  [attr-defined]
(NLeSC)noodles/test/serial/test_numpy.py:5:5: error: Module 'numpy' has no attribute 'fft'  [attr-defined]
(NLeSC)noodles/test/serial/test_numpy.py:5:5: error: Module 'numpy' has no attribute 'exp'  [attr-defined]
(NLeSC)noodles/examples/das5.py:37:1: error: Module has no attribute "init"  [attr-defined]
Found 60 errors in 27 files (checked 106 source files)

[RRepo](johnbywater)eventsourcing
(johnbywater)eventsourcing/eventsourcing/utils/topic.py:19:1: error: Need type annotation for 'substitutions' (hint: "substitutions: Dict[<type>, <type>] = ...")  [var-annotated]
(johnbywater)eventsourcing/docs/conf.py:19:1: error: Module has no attribute "setup"  [attr-defined]
(johnbywater)eventsourcing/docs/conf.py:163:1: error: Need type annotation for 'latex_elements' (hint: "latex_elements: Dict[<type>, <type>] = ...")  [var-annotated]
(johnbywater)eventsourcing/eventsourcing/tests/customization_tests/test_customise_with_extended_sequenced_item.py:4:1: error: Module 'sqlalchemy' has no attribute 'DECIMAL'  [attr-defined]
(johnbywater)eventsourcing/eventsourcing/contrib/suffixtrees/domain/model/suffixtree.py:20:19: error: Cannot resolve name "Created" (possible cyclic definition)  [misc]
(johnbywater)eventsourcing/eventsourcing/contrib/suffixtrees/domain/model/suffixtree.py:23:28: error: Cannot resolve name "AttributeChanged" (possible cyclic definition)  [misc]
(johnbywater)eventsourcing/eventsourcing/contrib/suffixtrees/domain/model/suffixtree.py:26:21: error: Cannot resolve name "Discarded" (possible cyclic definition)  [misc]
(johnbywater)eventsourcing/eventsourcing/tests/datastore_tests/test_cassandra.py:4:1: error: Module 'cassandra' has no attribute 'InvalidRequest'  [attr-defined]
(johnbywater)eventsourcing/eventsourcing/tests/core_tests/test_persistence_policy.py:13:5: error: Name 'mock' already defined (by an import)  [no-redef]
(johnbywater)eventsourcing/eventsourcing/tests/core_tests/test_decorators.py:4:1: error: Module 'mock' has no attribute 'mock'  [attr-defined]
(johnbywater)eventsourcing/eventsourcing/tests/sequenced_item_tests/test_django_record_manager.py:7:1: error: Module has no attribute "setup"  [attr-defined]
(johnbywater)eventsourcing/eventsourcing/example/interface/flaskapp.py:23:28: error: Name 'db.Model' is not defined  [name-defined]
Found 12 errors in 9 files (checked 90 source files)

[RRepo](Xaxetrov)OSCAR
(Xaxetrov)OSCAR/oscar/agent/commander/context_save_commender.py:11:9: error: Need type annotation for '_subordinate_context' (hint: "_subordinate_context: Dict[<type>, <type>] = ...")  [var-annotated]
(Xaxetrov)OSCAR/oscar/agent/commander/context_save_commender.py:13:32: error: Name 'Env' is not defined  [name-defined]
(Xaxetrov)OSCAR/oscar/agent/commander/context_save_commender.py:14:35: error: Name 'Camera' is not defined  [name-defined]
(Xaxetrov)OSCAR/test/util/test_screen_helper.py:4:1: error: Module 'random' has no attribute 'randint'  [attr-defined]
(Xaxetrov)OSCAR/oscar/meta_action/select.py:1:1: error: Module 'random' has no attribute 'randint'  [attr-defined]
(Xaxetrov)OSCAR/oscar/agent/scripted/minigame/bruno_mineralshard.py:8:1: error: Module 'random' has no attribute 'randint'  [attr-defined]
(Xaxetrov)OSCAR/oscar/util/selection.py:15:85: error: Name 'PLAYER_SELF' is not defined  [name-defined]
(Xaxetrov)OSCAR/oscar/util/selection.py:15:108: error: Name 'NoUnitError' is not defined  [name-defined]
(Xaxetrov)OSCAR/oscar/util/selection.py:112:20: error: Name 'ALL_MINERAL_FIELD' is not defined  [name-defined]
(Xaxetrov)OSCAR/oscar/util/selection.py:113:24: error: Name 'MINERAL_FIELD_TILE_SIZE' is not defined  [name-defined]
(Xaxetrov)OSCAR/oscar/util/selection.py:113:50: error: Name 'TILES_SIZE_IN_CELL' is not defined  [name-defined]
(Xaxetrov)OSCAR/learning_tools/A3C_learner/neuralmodel.py:9:31: error: Name 'NN_FILE' is not defined  [name-defined]
(Xaxetrov)OSCAR/learning_tools/A3C_learner/brain.py:21:19: error: Need type annotation for 'train_queue'  [var-annotated]
(Xaxetrov)OSCAR/oscar/hiearchy_factory.py:20:5: error: Need type annotation for 'instantiated' (hint: "instantiated: Dict[<type>, <type>] = ...")  [var-annotated]
(Xaxetrov)OSCAR/learning_tools/A3C_learner/agent.py:146:75: error: Name 'EPS_START' is not defined  [name-defined]
(Xaxetrov)OSCAR/learning_tools/A3C_learner/agent.py:146:94: error: Name 'EPS_STOP' is not defined  [name-defined]
(Xaxetrov)OSCAR/learning_tools/A3C_learner/agent.py:146:114: error: Name 'EPS_STEPS' is not defined  [name-defined]
Found 17 errors in 9 files (checked 70 source files)

[RRepo](andmatand)midi-to-pico8
(andmatand)midi-to-pico8/translator/translator.py:9:1: error: No parent module -- cannot perform relative import  [misc]
(andmatand)midi-to-pico8/translator/translator.py:10:1: error: No parent module -- cannot perform relative import  [misc]
(andmatand)midi-to-pico8/translator/translator.py:11:1: error: No parent module -- cannot perform relative import  [misc]
Found 3 errors in 1 file (checked 3 source files)

[RRepo](jamesob)tinychain
Success: no issues found in 2 source files

[RRepo](nathants)py-web
(nathants)py-web/web/__init__.py:34:11: error: Need type annotation for 'rep'  [var-annotated]
(nathants)py-web/web/__init__.py:59:51: error: Invalid type comment or annotation  [valid-type]
(nathants)py-web/web/__init__.py:67: error: Variable "web.schemas.rep" is not valid as a type  [valid-type]
(nathants)py-web/web/__init__.py:67: note: See https://mypy.readthedocs.io/en/latest/common_issues.html#variables-vs-type-aliases
(nathants)py-web/web/__init__.py:68:12: error: schemas.rep? has no attribute "get"  [attr-defined]
(nathants)py-web/web/__init__.py:70:24: error: schemas.rep? has no attribute "get"  [attr-defined]
(nathants)py-web/web/__init__.py:71:26: error: schemas.rep? has no attribute "get"  [attr-defined]
(nathants)py-web/web/__init__.py:75: error: Variable "web.schemas.req" is not valid as a type  [valid-type]
(nathants)py-web/web/__init__.py:75: note: See https://mypy.readthedocs.io/en/latest/common_issues.html#variables-vs-type-aliases
(nathants)py-web/web/__init__.py:75:52: error: Name 'query' is not defined  [name-defined]
(nathants)py-web/web/__init__.py:82: error: Bracketed expression "[...]" is not valid as a type  [misc]
(nathants)py-web/web/__init__.py:82: note: Did you mean "List[...]"?
(nathants)py-web/web/__init__.py:82: error: Variable "web.schemas.req" is not valid as a type  [valid-type]
(nathants)py-web/web/__init__.py:82: note: See https://mypy.readthedocs.io/en/latest/common_issues.html#variables-vs-type-aliases
(nathants)py-web/web/__init__.py:82:64: error: Invalid type comment or annotation  [valid-type]
(nathants)py-web/web/__init__.py:84:21: error: Item "None" of "Optional[str]" has no attribute "lower"  [union-attr]
(nathants)py-web/web/__init__.py:103: error: Bracketed expression "[...]" is not valid as a type  [misc]
(nathants)py-web/web/__init__.py:103: note: Did you mean "List[...]"?
(nathants)py-web/web/__init__.py:166: error: Variable "web.schemas.rep" is not valid as a type  [valid-type]
(nathants)py-web/web/__init__.py:166: note: See https://mypy.readthedocs.io/en/latest/common_issues.html#variables-vs-type-aliases
(nathants)py-web/web/__init__.py:168:45: error: Argument 2 to "get" of "Mapping" has incompatible type "str"; expected "Dict[Any, Any]"  [arg-type]
(nathants)py-web/web/__init__.py:173:13: error: Argument 2 to "add_timeout" of "IOLoop" has incompatible type "Callable[[], Union[bool, Any]]"; expected "Callable[..., None]"  [arg-type]
(nathants)py-web/web/__init__.py:173:25: error: "Awaitable[HTTPResponse]" has no attribute "done"  [attr-defined]
(nathants)py-web/web/__init__.py:173:43: error: "Awaitable[HTTPResponse]" has no attribute "set_exception"  [attr-defined]
Found 18 errors in 1 file (checked 2 source files)

[RRepo](openrazer)openrazer
(openrazer)openrazer/pylib/openrazer/client/devices/mice.py:33:20: error: Incompatible return value type (got "None", expected "int")  [return-value]
(openrazer)openrazer/pylib/openrazer/client/devices/mice.py:48:20: error: Incompatible return value type (got "None", expected "List[Any]")  [return-value]
Found 2 errors in 1 file (checked 8 source files)

[RRepo](CityOfNewYork)NYCOpenRecords
(CityOfNewYork)NYCOpenRecords/app/lib/onelogin/saml2/compat.py:44:19: error: Incompatible types in assignment (expression has type "Tuple[Type[bytes], Type[str]]", variable has type "Tuple[Type[str]]")  [assignment]
(CityOfNewYork)NYCOpenRecords/app/lib/onelogin/saml2/compat.py:45:5: error: Cannot assign multiple types to name "str_type" without an explicit "Type[...]" annotation  [misc]

[RRepo](eReuse)workbench
(eReuse)workbench/ereuse_workbench/os_installer.py:108:19: error: Incompatible types in assignment (expression has type "Tuple[str, str, str]", variable has type "Tuple[str, str]")  [assignment]
(eReuse)workbench/ereuse_workbench/os_installer.py:110:19: error: Incompatible types in assignment (expression has type "Tuple[str, str, str]", variable has type "Tuple[str, str]")  [assignment]
(eReuse)workbench/ereuse_workbench/benchmarker.py:40:18: error: Incompatible types in assignment (expression has type "str", variable has type "bytes")  [assignment]
(eReuse)workbench/ereuse_workbench/benchmarker.py:41:50: error: Argument 1 to "replace" of "bytes" has incompatible type "str"; expected "bytes"  [arg-type]
(eReuse)workbench/ereuse_workbench/benchmarker.py:41:55: error: Argument 2 to "replace" of "bytes" has incompatible type "str"; expected "bytes"  [arg-type]
(eReuse)workbench/ereuse_workbench/computer.py:100:23: error: Syntax error in type annotation  [syntax]
(eReuse)workbench/ereuse_workbench/computer.py:100:23: note: Suggestion: Use Tuple[T1, ..., Tn] instead of (T1, ..., Tn)
(eReuse)workbench/ereuse_workbench/computer.py:181:56: error: Invalid type comment or annotation  [valid-type]
(eReuse)workbench/ereuse_workbench/computer.py:323:74: error: Invalid type comment or annotation  [valid-type]
(eReuse)workbench/tests/conftest.py:57:51: error: Syntax error in type annotation  [syntax]
(eReuse)workbench/tests/conftest.py:57:51: note: Suggestion: Use Tuple[T1, ..., Tn] instead of (T1, ..., Tn)
(eReuse)workbench/ereuse_workbench/tester.py:133:31: error: Incompatible types in assignment (expression has type "None", variable has type "int")  [assignment]
(eReuse)workbench/ereuse_workbench/workbench.py:33:33: error: Incompatible default for argument "install" (default has type "bool", argument has type "str")  [assignment]
Found 11 errors in 6 files (checked 14 source files)

[RRepo](ubuntunux)PyEngine3D
(ubuntunux)PyEngine3D/PyEngine3D/OpenGLContext/UniformBuffer.py:6:1: error: Module 'PyEngine3D.Common' has no attribute 'logger'  [attr-defined]
(ubuntunux)PyEngine3D/PyEngine3D/OpenGLContext/UniformBuffer.py:7:1: error: Module 'PyEngine3D.App' has no attribute 'CoreManager'  [attr-defined]
(ubuntunux)PyEngine3D/PyEngine3D/OpenGLContext/UniformBuffer.py:345:53: error: Name 'GL_READ_WRITE' is not defined  [name-defined]
(ubuntunux)PyEngine3D/PyEngine3D/ResourceManager/ObjLoader.py:7:1: error: Module 'PyEngine3D.Common' has no attribute 'logger'  [attr-defined]
(ubuntunux)PyEngine3D/PyEngine3D/UI/ViewportManager.py:4:1: error: Module 'PyEngine3D.App.GameBackend' has no attribute 'Keyboard'  [attr-defined]
(ubuntunux)PyEngine3D/PyEngine3D/UI/ViewportManager.py:6:1: error: Module 'PyEngine3D.OpenGLContext' has no attribute 'FrameBufferManager'  [attr-defined]
(ubuntunux)PyEngine3D/PyEngine3D/UI/ViewportManager.py:7:1: error: Module 'PyEngine3D.Render' has no attribute 'ScreenQuad'  [attr-defined]
(ubuntunux)PyEngine3D/PyEngine3D/UI/ViewportManager.py:7:1: error: Module 'PyEngine3D.Render' has no attribute 'RenderTargets'  [attr-defined]
(ubuntunux)PyEngine3D/PyEngine3D/UI/ViewportManager.py:13:23: error: Name 'Singleton' is not defined  [name-defined]
(ubuntunux)PyEngine3D/PyEngine3D/OpenGLContext/RenderBuffer.py:5:1: error: Module 'PyEngine3D.Common' has no attribute 'logger'  [attr-defined]
(ubuntunux)PyEngine3D/PyEngine3D/OpenGLContext/RenderBuffer.py:6:1: error: Module 'PyEngine3D.Utilities' has no attribute 'GetClassName'  [attr-defined]
(ubuntunux)PyEngine3D/PyEngine3D/OpenGLContext/RenderBuffer.py:11:14: error: Name 'GL_RENDERBUFFER' is not defined  [name-defined]

[RRepo](nypl-spacetime)map-vectorizer
(nypl-spacetime)map-vectorizer/bin/opencvtest.py:21:16: error: Missing parentheses in call to 'print'. Did you mean print(stuff)?  [syntax]
Found 1 error in 1 file (checked 8 source files)

[RRepo](yardstick17)extract_phrase
(yardstick17)extract_phrase/nlp/pattern_grammer.py:5:1: error: Need type annotation for 'compiled_grammar' (hint: "compiled_grammar: Dict[<type>, <type>] = ...")  [var-annotated]
Found 1 error in 1 file (checked 9 source files)

[RRepo](fruitnuke)catan
Success: no issues found in 2 source files

[RRepo](materialsproject)MPContribs
(materialsproject)MPContribs/mpcontribs-users/mpcontribs/users/martin_lab/pre_submission.py:53:21: error: Missing parentheses in call to 'print'. Did you mean print(identifier)?  [syntax]
Found 1 error in 1 file (checked 24 source files)

[RRepo](DesertBot)DesertBot
(DesertBot)DesertBot/desertbot/modules/commands/UserLocation.py:33:50: error: Not all arguments converted during string formatting  [str-format]
(DesertBot)DesertBot/desertbot/output.py:33:22: error: Incompatible types in assignment (expression has type "List[str]", variable has type "str")  [assignment]
(DesertBot)DesertBot/desertbot/modules/admin/Update.py:79:13: error: Need type annotation for 'modulesToLoad' (hint: "modulesToLoad: Set[<type>] = ...")  [var-annotated]
(DesertBot)DesertBot/desertbot/modules/commandinterface.py:48:5: error: Missing return statement  [return]
(DesertBot)DesertBot/desertbot/modules/commandinterface.py:67:5: error: Missing return statement  [return]
(DesertBot)DesertBot/desertbot/modules/commandinterface.py:69:13: error: Return value expected  [return-value]
(DesertBot)DesertBot/desertbot/ircbase.py:25:45: error: Argument 2 to "handleCommand" of "IRCBase" has incompatible type "Optional[List[str]]"; expected "List[str]"  [arg-type]
(DesertBot)DesertBot/desertbot/ircbase.py:25:53: error: Argument 3 to "handleCommand" of "IRCBase" has incompatible type "Optional[str]"; expected "str"  [arg-type]
(DesertBot)DesertBot/desertbot/ircbase.py:25:61: error: Argument 4 to "handleCommand" of "IRCBase" has incompatible type "Optional[Dict[str, Optional[str]]]"; expected "Dict[str, Optional[str]]"  [arg-type]
(DesertBot)DesertBot/desertbot/ircbase.py:51:25: error: Incompatible types in assignment (expression has type "None", variable has type "str")  [assignment]
(DesertBot)DesertBot/desertbot/ircbase.py:65:16: error: Incompatible return value type (got "Tuple[str, List[str], Optional[str], Dict[str, Optional[str]]]", expected "Union[Tuple[str, List[str], str, Dict[str, Optional[str]]], Tuple[None, None, None, None]]")  [return-value]
(DesertBot)DesertBot/desertbot/ircbase.py:99:25: error: Incompatible types in assignment (expression has type "None", variable has type "str")  [assignment]
(DesertBot)DesertBot/desertbot/ircbase.py:101:16: error: Incompatible return value type (got "Dict[str, str]", expected "Dict[str, Optional[str]]")  [return-value]
(DesertBot)DesertBot/desertbot/ircbase.py:101:16: note: "Dict" is invariant -- see http://mypy.readthedocs.io/en/latest/common_issues.html#variance
(DesertBot)DesertBot/desertbot/ircbase.py:101:16: note: Consider using "Mapping" instead, which is covariant in the value type
(DesertBot)DesertBot/desertbot/ircbase.py:101:16: note: Perhaps you need a type annotation for "tags"? Suggestion: "Dict[str, Optional[str]]"
(DesertBot)DesertBot/desertbot/ircbase.py:110:20: error: Incompatible types in assignment (expression has type "None", variable has type "str")  [assignment]
(DesertBot)DesertBot/desertbot/ircbase.py:119:18: error: Incompatible types in assignment (expression has type "List[str]", variable has type "Tuple[str, ...]")  [assignment]
(DesertBot)DesertBot/desertbot/ircbase.py:131:17: error: Unsupported target for indexed assignment  [index]
(DesertBot)DesertBot/desertbot/response.py:25:33: error: Argument 1 to "str" has incompatible type "Union[str, bytes]"; expected "bytes"  [arg-type]
(DesertBot)DesertBot/desertbot/response.py:27:29: error: Incompatible types in assignment (expression has type "Union[str, bytes]", variable has type "str")  [assignment]
(DesertBot)DesertBot/desertbot/response.py:29:31: error: Argument 1 to "str" has incompatible type "Union[str, bytes]"; expected "bytes"  [arg-type]
(DesertBot)DesertBot/desertbot/response.py:31:27: error: Incompatible types in assignment (expression has type "Union[str, bytes]", variable has type "str")  [assignment]
(DesertBot)DesertBot/desertbot/modules/urlfollow/Steam.py:26: error: Bracketed expression "[...]" is not valid as a type  [misc]
(DesertBot)DesertBot/desertbot/modules/urlfollow/Steam.py:26: note: Did you mean "List[...]"?
(DesertBot)DesertBot/desertbot/modules/urlfollow/Mixer.py:29: error: Bracketed expression "[...]" is not valid as a type  [misc]
(DesertBot)DesertBot/desertbot/modules/urlfollow/Mixer.py:29: note: Did you mean "List[...]"?
(DesertBot)DesertBot/desertbot/modules/urlfollow/ItchIO.py:28: error: Bracketed expression "[...]" is not valid as a type  [misc]
(DesertBot)DesertBot/desertbot/modules/urlfollow/ItchIO.py:28: note: Did you mean "List[...]"?
(DesertBot)DesertBot/desertbot/modules/urlfollow/Imgur.py:29: error: Bracketed expression "[...]" is not valid as a type  [misc]
(DesertBot)DesertBot/desertbot/modules/urlfollow/Imgur.py:29: note: Did you mean "List[...]"?
(DesertBot)DesertBot/desertbot/modules/urlfollow/Twitch.py:29: error: Bracketed expression "[...]" is not valid as a type  [misc]
(DesertBot)DesertBot/desertbot/modules/urlfollow/Twitch.py:29: note: Did you mean "List[...]"?
(DesertBot)DesertBot/desertbot/modules/urlfollow/Twitter.py:29: error: Bracketed expression "[...]" is not valid as a type  [misc]
(DesertBot)DesertBot/desertbot/modules/urlfollow/Twitter.py:29: note: Did you mean "List[...]"?
(DesertBot)DesertBot/desertbot/modules/urlfollow/Kickstarter.py:32: error: Bracketed expression "[...]" is not valid as a type  [misc]
(DesertBot)DesertBot/desertbot/modules/urlfollow/Kickstarter.py:32: note: Did you mean "List[...]"?
(DesertBot)DesertBot/desertbot/modules/urlfollow/Kickstarter.py:92:28: error: Incompatible types in assignment (expression has type "datetime", variable has type "int")  [assignment]
(DesertBot)DesertBot/desertbot/modules/urlfollow/Kickstarter.py:94:40: error: Unsupported operand types for - ("int" and "datetime")  [operator]
(DesertBot)DesertBot/desertbot/modules/urlfollow/Kickstarter.py:95:29: error: "int" has no attribute "total_seconds"  [attr-defined]
(DesertBot)DesertBot/desertbot/modules/urlfollow/Kickstarter.py:96:29: error: Incompatible types in assignment (expression has type "float", variable has type "int")  [assignment]
(DesertBot)DesertBot/desertbot/modules/urlfollow/Kickstarter.py:109:20: error: Item "None" of "Optional[Match[str]]" has no attribute "group"  [union-attr]
(DesertBot)DesertBot/desertbot/modules/utils/Chain.py:38:9: error: Need type annotation for 'extraVars' (hint: "extraVars: Dict[<type>, <type>] = ...")  [var-annotated]
(DesertBot)DesertBot/desertbot/modules/utils/Chain.py:82:12: error: Item "None" of "Optional[Any]" has no attribute "response"  [union-attr]
(DesertBot)DesertBot/desertbot/modules/utils/Chain.py:84:13: error: Item "None" of "Optional[Any]" has no attribute "response"  [union-attr]
(DesertBot)DesertBot/desertbot/modules/utils/Chain.py:85:13: error: Item "None" of "Optional[Any]" has no attribute "response"  [union-attr]
(DesertBot)DesertBot/desertbot/modules/utils/Sub.py:56:56: error: "UnbalancedBracesException" has no attribute "message"  [attr-defined]
(DesertBot)DesertBot/desertbot/modules/utils/Sub.py:61:9: error: Need type annotation for 'responseStack' (hint: "responseStack: List[<type>] = ...")  [var-annotated]
(DesertBot)DesertBot/desertbot/modules/utils/Sub.py:62:9: error: Need type annotation for 'extraVars' (hint: "extraVars: Dict[<type>, <type>] = ...")  [var-annotated]
(DesertBot)DesertBot/desertbot/modules/utils/Sub.py:63:9: error: Need type annotation for 'metadata' (hint: "metadata: Dict[<type>, <type>] = ...")  [var-annotated]
(DesertBot)DesertBot/desertbot/modules/commands/WolframAlpha.py:26:5: error: Missing return statement  [return]
(DesertBot)DesertBot/desertbot/modules/commands/LogSearch.py:15:5: error: Name 're2' already defined (possibly by an import)  [no-redef]
(DesertBot)DesertBot/desertbot/modules/commands/LogSearch.py:24:19: error: Value of type "Optional[str]" is not indexable  [index]
(DesertBot)DesertBot/desertbot/modules/commands/LogSearch.py:26:20: error: Incompatible return value type (got "Optional[str]", expected "str")  [return-value]
(DesertBot)DesertBot/desertbot/modules/commands/Source.py:43:45: error: Argument 1 to "relpath" has incompatible type "Optional[str]"; expected "Union[str, _PathLike[str]]"  [arg-type]
(DesertBot)DesertBot/desertbot/modules/commands/Splatoon.py:72:13: error: Need type annotation for 'data' (hint: "data: List[<type>] = ...")  [var-annotated]
(DesertBot)DesertBot/desertbot/modules/commands/Lists.py:98:37: error: Incompatible types in assignment (expression has type "None", variable has type "int")  [assignment]
(DesertBot)DesertBot/desertbot/modules/commands/Sed.py:15:5: error: Name 're2' already defined (possibly by an import)  [no-redef]
(DesertBot)DesertBot/desertbot/modules/commands/Tell.py:17:5: error: Name 're2' already defined (possibly by an import)  [no-redef]
(DesertBot)DesertBot/desertbot/modules/commands/Tell.py:115:9: error: Need type annotation for 'chanTells' (hint: "chanTells: List[<type>] = ...")  [var-annotated]
(DesertBot)DesertBot/desertbot/utils/string.py:24: error: The return type of a generator function should be "Generator" or one of its supertypes  [misc]
(DesertBot)DesertBot/desertbot/config.py:14:9: error: Need type annotation for '_configData' (hint: "_configData: Dict[<type>, <type>] = ...")  [var-annotated]
(DesertBot)DesertBot/desertbot/config.py:16:9: error: Need type annotation for '_inBaseConfig' (hint: "_inBaseConfig: List[<type>] = ...")  [var-annotated]
(DesertBot)DesertBot/desertbot/modules/urlfollow/Mastodon.py:66: error: Bracketed expression "[...]" is not valid as a type  [misc]
(DesertBot)DesertBot/desertbot/modules/urlfollow/Mastodon.py:66: note: Did you mean "List[...]"?
(DesertBot)DesertBot/desertbot/modules/urlfollow/Mastodon.py:140:25: error: Not all arguments converted during string formatting  [str-format]
(DesertBot)DesertBot/desertbot/modules/urlfollow/YouTube.py:34: error: Bracketed expression "[...]" is not valid as a type  [misc]
(DesertBot)DesertBot/desertbot/modules/urlfollow/YouTube.py:34: note: Did you mean "List[...]"?
(DesertBot)DesertBot/desertbot/modules/utils/Schedule.py:230:23: error: Value of type variable "AnyStr" of "sub" cannot be "Optional[str]"  [type-var]
(DesertBot)DesertBot/desertbot/desertbot.py:34:9: error: Need type annotation for 'channels' (hint: "channels: Dict[<type>, <type>] = ...")  [var-annotated]
(DesertBot)DesertBot/desertbot/desertbot.py:35:9: error: Need type annotation for 'userModes' (hint: "userModes: Dict[<type>, <type>] = ...")  [var-annotated]
(DesertBot)DesertBot/desertbot/desertbot.py:36:22: error: Need type annotation for 'users'  [var-annotated]
(DesertBot)DesertBot/desertbot/channel.py:16:9: error: Need type annotation for 'modes' (hint: "modes: Dict[<type>, <type>] = ...")  [var-annotated]
(DesertBot)DesertBot/desertbot/channel.py:17:9: error: Need type annotation for 'users' (hint: "users: Dict[<type>, <type>] = ...")  [var-annotated]
(DesertBot)DesertBot/desertbot/channel.py:18:9: error: Need type annotation for 'ranks' (hint: "ranks: Dict[<type>, <type>] = ...")  [var-annotated]
(DesertBot)DesertBot/desertbot/moduleinterface.py:14:5: error: Method must have at least one argument  [misc]
(DesertBot)DesertBot/desertbot/moduleinterface.py:25:5: error: Method must have at least one argument  [misc]
(DesertBot)DesertBot/desertbot/moduleinterface.py:46:5: error: Method must have at least one argument  [misc]
(DesertBot)DesertBot/desertbot/moduleinterface.py:80:5: error: Missing return statement  [return]
(DesertBot)DesertBot/desertbot/modulehandler.py:27:9: error: Need type annotation for 'modules' (hint: "modules: Dict[<type>, <type>] = ...")  [var-annotated]
(DesertBot)DesertBot/desertbot/modulehandler.py:28:9: error: Need type annotation for 'caseMap' (hint: "caseMap: Dict[<type>, <type>] = ...")  [var-annotated]
(DesertBot)DesertBot/desertbot/modulehandler.py:29:9: error: Need type annotation for 'fileMap' (hint: "fileMap: Dict[<type>, <type>] = ...")  [var-annotated]
(DesertBot)DesertBot/desertbot/modulehandler.py:30:9: error: Need type annotation for 'actions' (hint: "actions: Dict[<type>, <type>] = ...")  [var-annotated]
(DesertBot)DesertBot/desertbot/modulehandler.py:31:9: error: Need type annotation for 'mappedTriggers' (hint: "mappedTriggers: Dict[<type>, <type>] = ...")  [var-annotated]
(DesertBot)DesertBot/desertbot/modulehandler.py:33:5: error: Missing return statement  [return]
(DesertBot)DesertBot/desertbot/modulehandler.py:84:20: error: Item "None" of "Optional[str]" has no attribute "split"  [union-attr]
(DesertBot)DesertBot/desertbot/modules/utils/WebUtils.py:45:37: error: Argument 1 to "gethostbyname" has incompatible type "Optional[str]"; expected "str"  [arg-type]
(DesertBot)DesertBot/desertbot/modules/utils/WebUtils.py:49:5: error: Missing return statement  [return]
(DesertBot)DesertBot/desertbot/modules/utils/WebUtils.py:54:13: error: Return value expected  [return-value]
(DesertBot)DesertBot/desertbot/modules/utils/WebUtils.py:63:17: error: Incompatible types in assignment (expression has type "Pattern[str]", variable has type "str")  [assignment]
(DesertBot)DesertBot/desertbot/modules/utils/WebUtils.py:73:16: error: "str" has no attribute "match"  [attr-defined]
(DesertBot)DesertBot/desertbot/modules/utils/WebUtils.py:83:5: error: Missing return statement  [return]
(DesertBot)DesertBot/desertbot/modules/utils/WebUtils.py:89:13: error: Return value expected  [return-value]
(DesertBot)DesertBot/desertbot/modules/utils/WebUtils.py:132:9: error: Return value expected  [return-value]
(DesertBot)DesertBot/desertbot/modules/utils/WebUtils.py:134:5: error: Missing return statement  [return]
(DesertBot)DesertBot/desertbot/modules/utils/WebUtils.py:148:35: error: On Python 3 '{}'.format(b'abc') produces "b'abc'"; use !r if this is a desired behavior  [str-bytes-safe]
(DesertBot)DesertBot/desertbot/modules/utils/WebUtils.py:165:5: error: Missing return statement  [return]
(DesertBot)DesertBot/desertbot/modules/commands/Lang.py:30:20: error: Value of type variable "AnyStr" of "sub" cannot be "Optional[str]"  [type-var]
(DesertBot)DesertBot/desertbot/modules/commands/Lang.py:119:12: error: Unsupported right operand type for in ("Optional[Any]")  [operator]
(DesertBot)DesertBot/desertbot/modules/commands/Lang.py:135:20: error: Value of type "object" is not indexable  [index]
(DesertBot)DesertBot/desertbot/modules/commands/Lang.py:136:16: error: Unsupported right operand type for in ("object")  [operator]
(DesertBot)DesertBot/desertbot/modules/commands/Lang.py:137:35: error: Value of type "object" is not indexable  [index]
(DesertBot)DesertBot/desertbot/modules/commands/Lang.py:149:15: error: Incompatible types in assignment (expression has type "bytes", variable has type "Response")  [assignment]
(DesertBot)DesertBot/desertbot/modules/commands/Lang.py:150:17: error: Value of type "Response" is not indexable  [index]
(DesertBot)DesertBot/desertbot/modules/commands/Lang.py:151:15: error: Value of type "Response" is not indexable  [index]
Found 93 errors in 33 files (checked 100 source files)

[RRepo](benhoff)vexparser
Success: no issues found in 6 source files

[RRepo](pypa)virtualenv
(pypa)virtualenv/tests/conftest.py:16:5: error: Name 'Path' already defined (possibly by an import)  [no-redef]
(pypa)virtualenv/tests/test_from_source.py:13:5: error: Name 'Path' already defined (possibly by an import)  [no-redef]
(pypa)virtualenv/virtualenv_embedded/distutils-init.py:16:5: error: Name '__path__' is not defined  [name-defined]
(pypa)virtualenv/virtualenv_embedded/distutils-init.py:39:24: error: Module has no attribute "__revision__"  [attr-defined]
(pypa)virtualenv/virtualenv_embedded/distutils-init.py:42:19: error: Module has no attribute "__version__"  [attr-defined]
(pypa)virtualenv/virtualenv_embedded/distutils-init.py:73:25: error: "Type[Distribution]" has no attribute "find_config_files"  [attr-defined]
(pypa)virtualenv/virtualenv_embedded/distutils-init.py:91:1: error: "Type[Distribution]" has no attribute "find_config_files"  [attr-defined]
(pypa)virtualenv/docs/conf.py:49:1: error: Need type annotation for 'unused_docs' (hint: "unused_docs: List[<type>] = ...")  [var-annotated]
(pypa)virtualenv/tests/activation/test_activation.py:60:5: error: Need type annotation for 'invoke_script' (hint: "invoke_script: List[<type>] = ...")  [var-annotated]
(pypa)virtualenv/tests/activation/test_activation.py:64:5: error: Need type annotation for 'check_has_exe' (hint: "check_has_exe: List[<type>] = ...")  [var-annotated]
(pypa)virtualenv/tests/activation/test_activation.py:65:5: error: Need type annotation for 'check' (hint: "check: List[<type>] = ...")  [var-annotated]
(pypa)virtualenv/tests/activation/test_activation.py:66:5: error: Need type annotation for 'env' (hint: "env: Dict[<type>, <type>] = ...")  [var-annotated]
Found 12 errors in 5 files (checked 15 source files)

[RRepo](ensky)taiga-contrib-ldap-auth
Success: no issues found in 2 source files

[RRepo](larsyencken)csvdiff
Success: no issues found in 1 source file

[RRepo](pracedru)PracedruDesign
(pracedru)PracedruDesign/WebViewQt.py:9:7: error: Name 'QApplication' is not defined  [name-defined]
(pracedru)PracedruDesign/WebViewQt.py:17:18: error: Name 'QWidget' is not defined  [name-defined]
(pracedru)PracedruDesign/Data/Vertex.py:73:3: error: Name 'x' already defined on line 61  [no-redef]
(pracedru)PracedruDesign/Data/Vertex.py:73:3: error: "Callable[[Vertex], Any]" has no attribute "setter"  [attr-defined]
(pracedru)PracedruDesign/Data/Vertex.py:77:3: error: Name 'y' already defined on line 65  [no-redef]
(pracedru)PracedruDesign/Data/Vertex.py:77:3: error: "Callable[[Vertex], Any]" has no attribute "setter"  [attr-defined]
(pracedru)PracedruDesign/Data/Vertex.py:81:3: error: Name 'z' already defined on line 69  [no-redef]
(pracedru)PracedruDesign/Data/Vertex.py:81:3: error: "Callable[[Vertex], Any]" has no attribute "setter"  [attr-defined]
(pracedru)PracedruDesign/GUI/Models/MaterialModel.py:21:6: error: Item "None" of "Optional[Any]" has no attribute "parent"  [union-attr]
(pracedru)PracedruDesign/GUI/Models/MaterialModel.py:218:10: error: Item "None" of "Optional[Any]" has no attribute "isValid"  [union-attr]
(pracedru)PracedruDesign/GUI/Models/MaterialModel.py:220:10: error: Item "None" of "Optional[Any]" has no attribute "internalPointer"  [union-attr]
(pracedru)PracedruDesign/GUI/Models/MaterialModel.py:235:6: error: Item "None" of "Optional[Any]" has no attribute "internalPointer"  [union-attr]
(pracedru)PracedruDesign/GUI/Models/MaterialModel.py:237:6: error: Item "None" of "Optional[Any]" has no attribute "internalPointer"  [union-attr]
(pracedru)PracedruDesign/GUI/Models/MaterialModel.py:238:17: error: Item "None" of "Optional[Any]" has no attribute "row"  [union-attr]
(pracedru)PracedruDesign/GUI/Widgets/GlDrawable.py:102:3: error: Need type annotation for '_vertices' (hint: "_vertices: List[<type>] = ...")  [var-annotated]
(pracedru)PracedruDesign/GUI/Widgets/GlDrawable.py:103:3: error: Need type annotation for '_normals' (hint: "_normals: List[<type>] = ...")  [var-annotated]
(pracedru)PracedruDesign/GUI/init.py:7:1: error: Need type annotation for 'plugin_initializers' (hint: "plugin_initializers: List[<type>] = ...")  [var-annotated]
(pracedru)PracedruDesign/GUI/init.py:65:1: error: Need type annotation for 'contexts' (hint: "contexts: Dict[<type>, <type>] = ...")  [var-annotated]
(pracedru)PracedruDesign/Data/Point3d.py:41:3: error: Need type annotation for '_instances' (hint: "_instances: Dict[<type>, <type>] = ...")  [var-annotated]
(pracedru)PracedruDesign/Data/Point3d.py:43:3: error: Need type annotation for '_edges' (hint: "_edges: List[<type>] = ...")  [var-annotated]
(pracedru)PracedruDesign/Data/Point3d.py:169:3: error: Name 'x' already defined on line 157  [no-redef]
(pracedru)PracedruDesign/Data/Point3d.py:169:3: error: "Callable[[KeyPoint], Any]" has no attribute "setter"  [attr-defined]
(pracedru)PracedruDesign/Data/Point3d.py:173:3: error: Name 'y' already defined on line 161  [no-redef]
(pracedru)PracedruDesign/Data/Point3d.py:173:3: error: "Callable[[KeyPoint], Any]" has no attribute "setter"  [attr-defined]
(pracedru)PracedruDesign/Data/Point3d.py:177:3: error: Name 'z' already defined on line 165  [no-redef]
(pracedru)PracedruDesign/Data/Point3d.py:177:3: error: "Callable[[KeyPoint], Any]" has no attribute "setter"  [attr-defined]

[RRepo](polyaxon)polyaxon
(polyaxon)polyaxon/polyaxon/polypod/templates/stores.py: error: Duplicate module named 'stores' (also at '/home/bew/archive/typed_project/(polyaxon)polyaxon/polyaxon/stores/__init__.py')  [misc]
(polyaxon)polyaxon/polyaxon/polypod/templates/stores.py: error: Are you missing an __init__.py?  [misc]
Found 2 errors in 1 file (checked 412 source files)

[RRepo](aio-libs)aiomonitor
(aio-libs)aiomonitor/setup.py:19:1: error: Need type annotation for 'extras_require' (hint: "extras_require: Dict[<type>, <type>] = ...")  [var-annotated]
(aio-libs)aiomonitor/tests/test_monitor.py:7:1: error: Module 'aiomonitor' has no attribute 'Monitor'  [attr-defined]
(aio-libs)aiomonitor/tests/test_monitor.py:7:1: error: Module 'aiomonitor' has no attribute 'start_monitor'  [attr-defined]
(aio-libs)aiomonitor/examples/web_srv_custom_monitor.py:42:18: error: Name 'aiomonitor.Monitor' is not defined  [name-defined]
(aio-libs)aiomonitor/examples/web_srv_custom_monitor.py:54:6: error: Module has no attribute "start_monitor"  [attr-defined]
(aio-libs)aiomonitor/examples/simple_aiohttp_srv.py:22:6: error: Module has no attribute "start_monitor"  [attr-defined]
(aio-libs)aiomonitor/examples/web_srv.py:41:6: error: Module has no attribute "start_monitor"  [attr-defined]
Found 7 errors in 5 files (checked 8 source files)

[RRepo](allenai)deep_qa
(allenai)deep_qa/deep_qa/training/losses.py:3:1: error: Relative import climbs too many namespaces  [misc]
(allenai)deep_qa/deep_qa/data/instances/entailment/snli_instance.py:98:21: error: Incompatible types in assignment (expression has type "None", variable has type "int")  [assignment]
(allenai)deep_qa/deep_qa/data/instances/entailment/sentence_pair_instance.py:6:1: error: Relative import climbs too many namespaces  [misc]
(allenai)deep_qa/deep_qa/data/instances/entailment/sentence_pair_instance.py:7:1: error: Relative import climbs too many namespaces  [misc]
(allenai)deep_qa/deep_qa/data/instances/sequence_tagging/tagging_instance.py:6:1: error: Relative import climbs too many namespaces  [misc]
(allenai)deep_qa/deep_qa/data/instances/sequence_tagging/tagging_instance.py:7:1: error: Relative import climbs too many namespaces  [misc]
(allenai)deep_qa/deep_qa/data/instances/sequence_tagging/tagging_instance.py:74:50: error: Cannot determine type of 'label'  [has-type]
(allenai)deep_qa/deep_qa/data/instances/sequence_tagging/tagging_instance.py:76:72: error: Cannot determine type of 'label'  [has-type]
(allenai)deep_qa/deep_qa/data/instances/sequence_tagging/pretokenized_tagging_instance.py:7:1: error: Relative import climbs too many namespaces  [misc]
(allenai)deep_qa/deep_qa/data/instances/sequence_tagging/pretokenized_tagging_instance.py:36:21: error: Incompatible types in assignment (expression has type "None", variable has type "int")  [assignment]
(allenai)deep_qa/deep_qa/data/instances/reading_comprehension/character_span_instance.py:7:1: error: Relative import climbs too many namespaces  [misc]
(allenai)deep_qa/deep_qa/data/instances/reading_comprehension/character_span_instance.py:49:16: error: Incompatible return value type (got "None", expected "List[int]")  [return-value]
(allenai)deep_qa/deep_qa/data/instances/reading_comprehension/character_span_instance.py:69:21: error: Incompatible types in assignment (expression has type "None", variable has type "int")  [assignment]
(allenai)deep_qa/deep_qa/data/instances/reading_comprehension/question_passage_instance.py:6:1: error: Relative import climbs too many namespaces  [misc]
(allenai)deep_qa/deep_qa/data/instances/reading_comprehension/question_passage_instance.py:7:1: error: Relative import climbs too many namespaces  [misc]
(allenai)deep_qa/deep_qa/data/instances/reading_comprehension/mc_question_passage_instance.py:6:1: error: Relative import climbs too many namespaces  [misc]
(allenai)deep_qa/deep_qa/data/instances/reading_comprehension/mc_question_passage_instance.py:75:21: error: Incompatible types in assignment (expression has type "None", variable has type "int")  [assignment]
(allenai)deep_qa/deep_qa/data/instances/language_modeling/sentence_instance.py:6:1: error: Relative import climbs too many namespaces  [misc]
(allenai)deep_qa/deep_qa/data/instances/language_modeling/sentence_instance.py:7:1: error: Relative import climbs too many namespaces  [misc]
(allenai)deep_qa/deep_qa/data/instances/language_modeling/sentence_instance.py:86:50: error: Cannot determine type of 'label'  [has-type]
(allenai)deep_qa/deep_qa/data/instances/text_classification/text_classification_instance.py:6:1: error: Relative import climbs too many namespaces  [misc]
(allenai)deep_qa/deep_qa/data/instances/text_classification/text_classification_instance.py:7:1: error: Relative import climbs too many namespaces  [misc]
(allenai)deep_qa/deep_qa/data/instances/text_classification/text_classification_instance.py:56:34: error: Argument 2 to "TextClassificationInstance" has incompatible type "None"; expected "bool"  [arg-type]
(allenai)deep_qa/deep_qa/data/instances/text_classification/text_classification_instance.py:65:30: error: Argument 2 to "TextClassificationInstance" has incompatible type "None"; expected "bool"  [arg-type]
(allenai)deep_qa/deep_qa/data/tokenizers/tokenizer.py:4:1: error: Relative import climbs too many namespaces  [misc]
(allenai)deep_qa/deep_qa/data/tokenizers/tokenizer.py:5:1: error: Relative import climbs too many namespaces  [misc]
(allenai)deep_qa/deep_qa/data/tokenizers/word_stemmer.py:45:27: error: Incompatible types in assignment (expression has type "Type[PorterStemmer]", target has type "Type[PassThroughWordStemmer]")  [assignment]
(allenai)deep_qa/deep_qa/data/tokenizers/word_filter.py:67:29: error: Incompatible types in assignment (expression has type "Type[StopwordFilter]", target has type "Type[PassThroughWordFilter]")  [assignment]
(allenai)deep_qa/deep_qa/data/tokenizers/word_and_character_tokenizer.py:9:1: error: Relative import climbs too many namespaces  [misc]
(allenai)deep_qa/deep_qa/data/tokenizers/word_and_character_tokenizer.py:10:1: error: Relative import climbs too many namespaces  [misc]
(allenai)deep_qa/deep_qa/data/tokenizers/word_and_character_tokenizer.py:11:1: error: Relative import climbs too many namespaces  [misc]
(allenai)deep_qa/deep_qa/data/tokenizers/word_and_character_tokenizer.py:12:1: error: Relative import climbs too many namespaces  [misc]
(allenai)deep_qa/deep_qa/data/tokenizers/word_and_character_tokenizer.py:13:1: error: Relative import climbs too many namespaces  [misc]
(allenai)deep_qa/deep_qa/data/tokenizers/word_and_character_tokenizer.py:14:1: error: Relative import climbs too many namespaces  [misc]
(allenai)deep_qa/deep_qa/data/tokenizers/word_and_character_tokenizer.py:15:1: error: Relative import climbs too many namespaces  [misc]
(allenai)deep_qa/deep_qa/data/tokenizers/word_and_character_tokenizer.py:84:26: error: Unexpected keyword argument "embedding_name"  [call-arg]
(allenai)deep_qa/deep_qa/data/tokenizers/word_and_character_tokenizer.py:84:26: error: Unexpected keyword argument "vocab_name"  [call-arg]
(allenai)deep_qa/deep_qa/data/tokenizers/word_and_character_tokenizer.py:87:31: error: Unexpected keyword argument "embedding_name"  [call-arg]
(allenai)deep_qa/deep_qa/data/tokenizers/word_and_character_tokenizer.py:87:31: error: Unexpected keyword argument "vocab_name"  [call-arg]
(allenai)deep_qa/deep_qa/data/tokenizers/word_and_character_tokenizer.py:126:17: error: Incompatible return value type (got "Tuple[int, Optional[int]]", expected "Tuple[int]")  [return-value]
(allenai)deep_qa/deep_qa/data/tokenizers/word_processor.py:6:1: error: Relative import climbs too many namespaces  [misc]
(allenai)deep_qa/deep_qa/data/tokenizers/word_tokenizer.py:8:1: error: Relative import climbs too many namespaces  [misc]
(allenai)deep_qa/deep_qa/data/tokenizers/word_tokenizer.py:9:1: error: Relative import climbs too many namespaces  [misc]
(allenai)deep_qa/deep_qa/data/tokenizers/word_tokenizer.py:53:16: error: Unexpected keyword argument "embedding_name"  [call-arg]
(allenai)deep_qa/deep_qa/data/tokenizers/word_tokenizer.py:53:16: error: Unexpected keyword argument "vocab_name"  [call-arg]
(allenai)deep_qa/deep_qa/data/tokenizers/word_splitter.py:51:13: error: Need type annotation for 'add_at_end' (hint: "add_at_end: List[<type>] = ...")  [var-annotated]
(allenai)deep_qa/deep_qa/data/tokenizers/word_splitter.py:131:26: error: Incompatible types in assignment (expression has type "Type[NltkWordSplitter]", target has type "Type[SimpleWordSplitter]")  [assignment]
(allenai)deep_qa/deep_qa/data/tokenizers/word_splitter.py:132:27: error: Incompatible types in assignment (expression has type "Type[SpacyWordSplitter]", target has type "Type[SimpleWordSplitter]")  [assignment]
(allenai)deep_qa/deep_qa/data/tokenizers/character_tokenizer.py:6:1: error: Relative import climbs too many namespaces  [misc]
(allenai)deep_qa/deep_qa/data/tokenizers/character_tokenizer.py:7:1: error: Relative import climbs too many namespaces  [misc]
(allenai)deep_qa/deep_qa/data/tokenizers/character_tokenizer.py:53:16: error: Unexpected keyword argument "embedding_name"  [call-arg]
(allenai)deep_qa/deep_qa/data/tokenizers/character_tokenizer.py:53:16: error: Unexpected keyword argument "vocab_name"  [call-arg]
(allenai)deep_qa/deep_qa/data/datasets/language_modeling/language_modeling_dataset.py:5:1: error: Relative import climbs too many namespaces  [misc]
(allenai)deep_qa/deep_qa/data/datasets/language_modeling/language_modeling_dataset.py:6:1: error: Relative import climbs too many namespaces  [misc]
(allenai)deep_qa/deep_qa/data/datasets/language_modeling/language_modeling_dataset.py:7:1: error: Relative import climbs too many namespaces  [misc]
(allenai)deep_qa/deep_qa/data/datasets/language_modeling/language_modeling_dataset.py:8:1: error: Relative import climbs too many namespaces  [misc]
(allenai)deep_qa/deep_qa/data/datasets/language_modeling/language_modeling_dataset.py:17:32: error: Item "None" of "Optional[Any]" has no attribute "pop"  [union-attr]
(allenai)deep_qa/deep_qa/data/datasets/language_modeling/language_modeling_dataset.py:24:27: error: Item "None" of "Optional[Any]" has no attribute "get"  [union-attr]
(allenai)deep_qa/deep_qa/common/models.py:5:1: error: Relative import climbs too many namespaces  [misc]
(allenai)deep_qa/deep_qa/layers/entailment_models/word_alignment.py:15:1: error: Relative import climbs too many namespaces  [misc]
(allenai)deep_qa/deep_qa/layers/entailment_models/word_alignment.py:16:1: error: Relative import climbs too many namespaces  [misc]
(allenai)deep_qa/deep_qa/layers/entailment_models/word_alignment.py:17:1: error: Relative import climbs too many namespaces  [misc]
(allenai)deep_qa/deep_qa/layers/entailment_models/multiple_choice_tuple_entailment.py:4:1: error: Relative import climbs too many namespaces  [misc]
(allenai)deep_qa/deep_qa/layers/backend/repeat_like.py:4:1: error: Relative import climbs too many namespaces  [misc]
(allenai)deep_qa/deep_qa/layers/backend/collapse_to_batch.py:4:1: error: Relative import climbs too many namespaces  [misc]
(allenai)deep_qa/deep_qa/layers/backend/add_mask.py:4:1: error: Relative import climbs too many namespaces  [misc]
(allenai)deep_qa/deep_qa/layers/backend/envelope.py:4:1: error: Relative import climbs too many namespaces  [misc]
(allenai)deep_qa/deep_qa/layers/backend/batch_dot.py:4:1: error: Relative import climbs too many namespaces  [misc]
(allenai)deep_qa/deep_qa/layers/backend/permute.py:6:1: error: Relative import climbs too many namespaces  [misc]
(allenai)deep_qa/deep_qa/layers/backend/max.py:4:1: error: Relative import climbs too many namespaces  [misc]
(allenai)deep_qa/deep_qa/layers/backend/max.py:5:1: error: Relative import climbs too many namespaces  [misc]
(allenai)deep_qa/deep_qa/layers/backend/expand_from_batch.py:4:1: error: Relative import climbs too many namespaces  [misc]
(allenai)deep_qa/deep_qa/layers/backend/repeat.py:4:1: error: Relative import climbs too many namespaces  [misc]
(allenai)deep_qa/deep_qa/layers/backend/squeeze.py:4:1: error: Relative import climbs too many namespaces  [misc]
(allenai)deep_qa/deep_qa/layers/backend/multiply.py:4:1: error: Relative import climbs too many namespaces  [misc]
(allenai)deep_qa/deep_qa/layers/backend/replace_masked_values.py:4:1: error: Relative import climbs too many namespaces  [misc]
(allenai)deep_qa/deep_qa/layers/backend/replace_masked_values.py:5:1: error: Relative import climbs too many namespaces  [misc]
(allenai)deep_qa/deep_qa/layers/wrappers/add_encoder_mask.py:4:1: error: Relative import climbs too many namespaces  [misc]
(allenai)deep_qa/deep_qa/layers/wrappers/output_mask.py:3:1: error: Relative import climbs too many namespaces  [misc]
(allenai)deep_qa/deep_qa/layers/encoders/positional_encoder.py:6:1: error: Relative import climbs too many namespaces  [misc]
(allenai)deep_qa/deep_qa/layers/encoders/convolutional_encoder.py:51:50: error: Incompatible default for argument "ngram_filter_sizes" (default has type "Tuple[int, int, int, int]", argument has type "Tuple[int]")  [assignment]
(allenai)deep_qa/deep_qa/layers/attention/masked_softmax.py:4:1: error: Relative import climbs too many namespaces  [misc]
(allenai)deep_qa/deep_qa/layers/attention/masked_softmax.py:5:1: error: Relative import climbs too many namespaces  [misc]
(allenai)deep_qa/deep_qa/layers/attention/masked_softmax.py:6:1: error: Relative import climbs too many namespaces  [misc]
(allenai)deep_qa/deep_qa/layers/attention/gated_attention.py:4:1: error: Relative import climbs too many namespaces  [misc]
(allenai)deep_qa/deep_qa/layers/attention/gated_attention.py:5:1: error: Relative import climbs too many namespaces  [misc]
(allenai)deep_qa/deep_qa/layers/attention/gated_attention.py:6:1: error: Relative import climbs too many namespaces  [misc]
(allenai)deep_qa/deep_qa/layers/attention/max_similarity_softmax.py:4:1: error: Relative import climbs too many namespaces  [misc]
(allenai)deep_qa/deep_qa/layers/attention/max_similarity_softmax.py:5:1: error: Relative import climbs too many namespaces  [misc]
(allenai)deep_qa/deep_qa/layers/attention/weighted_sum.py:4:1: error: Relative import climbs too many namespaces  [misc]
(allenai)deep_qa/deep_qa/layers/vector_matrix_split.py:65:37: error: Argument 1 to "append" of "list" has incompatible type "slice"; expected "int"  [arg-type]
(allenai)deep_qa/deep_qa/layers/option_attention_sum.py:5:1: error: Relative import climbs too many namespaces  [misc]
(allenai)deep_qa/deep_qa/layers/option_attention_sum.py:6:1: error: Relative import climbs too many namespaces  [misc]
(allenai)deep_qa/deep_qa/layers/bigru_index_selector.py:5:1: error: Relative import climbs too many namespaces  [misc]
(allenai)deep_qa/deep_qa/layers/overlap.py:4:1: error: Relative import climbs too many namespaces  [misc]
(allenai)deep_qa/deep_qa/layers/l1_normalize.py:5:1: error: Relative import climbs too many namespaces  [misc]
(allenai)deep_qa/deep_qa/layers/complex_concat.py:7:1: error: Relative import climbs too many namespaces  [misc]
(allenai)deep_qa/deep_qa/layers/complex_concat.py:75:64: error: Name 'Tensor' is not defined  [name-defined]
(allenai)deep_qa/deep_qa/tensors/similarity_functions/similarity_function.py:26: error: Name 'K' is not defined  [name-defined]
(allenai)deep_qa/deep_qa/tensors/similarity_functions/cosine_similarity.py:6:1: error: Relative import climbs too many namespaces  [misc]
(allenai)deep_qa/deep_qa/tensors/similarity_functions/dot_product.py:6:1: error: Relative import climbs too many namespaces  [misc]
(allenai)deep_qa/deep_qa/tensors/similarity_functions/linear.py:6:1: error: Relative import climbs too many namespaces  [misc]
(allenai)deep_qa/deep_qa/models/entailment/decomposable_attention.py:6:1: error: Relative import climbs too many namespaces  [misc]
(allenai)deep_qa/deep_qa/models/entailment/decomposable_attention.py:7:1: error: Relative import climbs too many namespaces  [misc]
(allenai)deep_qa/deep_qa/models/entailment/decomposable_attention.py:8:1: error: Relative import climbs too many namespaces  [misc]
(allenai)deep_qa/deep_qa/models/entailment/decomposable_attention.py:9:1: error: Relative import climbs too many namespaces  [misc]
(allenai)deep_qa/deep_qa/models/entailment/decomposable_attention.py:10:1: error: Relative import climbs too many namespaces  [misc]
(allenai)deep_qa/deep_qa/models/sequence_tagging/simple_tagger.py:4:1: error: Relative import climbs too many namespaces  [misc]
(allenai)deep_qa/deep_qa/models/sequence_tagging/simple_tagger.py:5:1: error: Relative import climbs too many namespaces  [misc]
(allenai)deep_qa/deep_qa/models/sequence_tagging/simple_tagger.py:6:1: error: Relative import climbs too many namespaces  [misc]
(allenai)deep_qa/deep_qa/models/sequence_tagging/simple_tagger.py:7:1: error: Relative import climbs too many namespaces  [misc]
(allenai)deep_qa/deep_qa/models/reading_comprehension/attention_sum_reader.py:5:1: error: Relative import climbs too many namespaces  [misc]
(allenai)deep_qa/deep_qa/models/reading_comprehension/attention_sum_reader.py:6:1: error: Relative import climbs too many namespaces  [misc]
(allenai)deep_qa/deep_qa/models/reading_comprehension/attention_sum_reader.py:7:1: error: Relative import climbs too many namespaces  [misc]
(allenai)deep_qa/deep_qa/models/reading_comprehension/attention_sum_reader.py:8:1: error: Relative import climbs too many namespaces  [misc]
(allenai)deep_qa/deep_qa/models/reading_comprehension/attention_sum_reader.py:9:1: error: Relative import climbs too many namespaces  [misc]
(allenai)deep_qa/deep_qa/models/reading_comprehension/attention_sum_reader.py:10:1: error: Relative import climbs too many namespaces  [misc]
(allenai)deep_qa/deep_qa/models/reading_comprehension/attention_sum_reader.py:11:1: error: Relative import climbs too many namespaces  [misc]
(allenai)deep_qa/deep_qa/models/reading_comprehension/attention_sum_reader.py:136:49: error: Incompatible types in assignment (expression has type "None", target has type "int")  [assignment]
(allenai)deep_qa/deep_qa/models/reading_comprehension/gated_attention_reader.py:5:1: error: Relative import climbs too many namespaces  [misc]
(allenai)deep_qa/deep_qa/models/reading_comprehension/gated_attention_reader.py:6:1: error: Relative import climbs too many namespaces  [misc]
(allenai)deep_qa/deep_qa/models/reading_comprehension/gated_attention_reader.py:8:1: error: Relative import climbs too many namespaces  [misc]
(allenai)deep_qa/deep_qa/models/reading_comprehension/gated_attention_reader.py:9:1: error: Relative import climbs too many namespaces  [misc]
(allenai)deep_qa/deep_qa/models/reading_comprehension/gated_attention_reader.py:10:1: error: Relative import climbs too many namespaces  [misc]
(allenai)deep_qa/deep_qa/models/reading_comprehension/gated_attention_reader.py:11:1: error: Relative import climbs too many namespaces  [misc]
(allenai)deep_qa/deep_qa/models/reading_comprehension/gated_attention_reader.py:12:1: error: Relative import climbs too many namespaces  [misc]
(allenai)deep_qa/deep_qa/models/reading_comprehension/gated_attention_reader.py:13:1: error: Relative import climbs too many namespaces  [misc]
(allenai)deep_qa/deep_qa/models/reading_comprehension/gated_attention_reader.py:14:1: error: Relative import climbs too many namespaces  [misc]
(allenai)deep_qa/deep_qa/models/reading_comprehension/gated_attention_reader.py:251:49: error: Incompatible types in assignment (expression has type "None", target has type "int")  [assignment]
(allenai)deep_qa/deep_qa/models/text_classification/classification_model.py:5:1: error: Relative import climbs too many namespaces  [misc]
(allenai)deep_qa/deep_qa/models/text_classification/classification_model.py:6:1: error: Relative import climbs too many namespaces  [misc]
(allenai)deep_qa/deep_qa/models/text_classification/classification_model.py:7:1: error: Relative import climbs too many namespaces  [misc]
(allenai)deep_qa/deep_qa/models/text_classification/classification_model.py:8:1: error: Relative import climbs too many namespaces  [misc]
(allenai)deep_qa/deep_qa/training/multi_gpu.py:11:1: error: Relative import climbs too many namespaces  [misc]
(allenai)deep_qa/deep_qa/data/instances/instance.py:23:1: error: Relative import climbs too many namespaces  [misc]
(allenai)deep_qa/deep_qa/data/instances/instance.py:24:1: error: Relative import climbs too many namespaces  [misc]
(allenai)deep_qa/deep_qa/data/instances/instance.py:25:1: error: Relative import climbs too many namespaces  [misc]
(allenai)deep_qa/deep_qa/data/instances/instance.py:277:29: error: Incompatible types in assignment (expression has type "Callable[[], List[<nothing>]]", variable has type "Callable[[], int]")  [assignment]
(allenai)deep_qa/deep_qa/data/instances/instance.py:277:37: error: Incompatible return value type (got "List[<nothing>]", expected "int")  [return-value]
(allenai)deep_qa/deep_qa/layers/attention/attention.py:7:1: error: Relative import climbs too many namespaces  [misc]
(allenai)deep_qa/deep_qa/layers/attention/attention.py:8:1: error: Relative import climbs too many namespaces  [misc]
(allenai)deep_qa/deep_qa/layers/attention/attention.py:9:1: error: Relative import climbs too many namespaces  [misc]
(allenai)deep_qa/deep_qa/layers/attention/attention.py:10:1: error: Relative import climbs too many namespaces  [misc]
(allenai)deep_qa/deep_qa/layers/attention/matrix_attention.py:7:1: error: Relative import climbs too many namespaces  [misc]
(allenai)deep_qa/deep_qa/layers/attention/matrix_attention.py:8:1: error: Relative import climbs too many namespaces  [misc]
(allenai)deep_qa/deep_qa/layers/attention/matrix_attention.py:9:1: error: Relative import climbs too many namespaces  [misc]
(allenai)deep_qa/deep_qa/layers/encoders/__init__.py:7:1: error: Relative import climbs too many namespaces  [misc]
(allenai)deep_qa/deep_qa/layers/encoders/__init__.py:49:19: error: Incompatible types in assignment (expression has type "Type[CNNEncoder]", target has type "Type[BOWEncoder]")  [assignment]
(allenai)deep_qa/deep_qa/training/optimizers.py:27:1: error: Relative import climbs too many namespaces  [misc]
(allenai)deep_qa/deep_qa/data/datasets/entailment/snli_dataset.py:6:1: error: Relative import climbs too many namespaces  [misc]
(allenai)deep_qa/deep_qa/data/datasets/entailment/snli_dataset.py:7:1: error: Relative import climbs too many namespaces  [misc]
(allenai)deep_qa/deep_qa/data/datasets/entailment/snli_dataset.py:8:1: error: Relative import climbs too many namespaces  [misc]
(allenai)deep_qa/deep_qa/data/datasets/dataset.py:9:1: error: Relative import climbs too many namespaces  [misc]
(allenai)deep_qa/deep_qa/data/datasets/dataset.py:10:1: error: Relative import climbs too many namespaces  [misc]
(allenai)deep_qa/deep_qa/data/datasets/dataset.py:11:1: error: Relative import climbs too many namespaces  [misc]
(allenai)deep_qa/deep_qa/data/datasets/dataset.py:12:1: error: Relative import climbs too many namespaces  [misc]
(allenai)deep_qa/deep_qa/data/dataset_readers/squad_sentence_selection_reader.py:65:9: error: Need type annotation for 'sentence_to_id' (hint: "sentence_to_id: Dict[<type>, <type>] = ...")  [var-annotated]
(allenai)deep_qa/deep_qa/data/dataset_readers/squad_sentence_selection_reader.py:67:9: error: Need type annotation for 'id_to_sentence' (hint: "id_to_sentence: Dict[<type>, <type>] = ...")  [var-annotated]
(allenai)deep_qa/deep_qa/data/dataset_readers/squad_sentence_selection_reader.py:69:9: error: Need type annotation for 'paragraph_sentences' (hint: "paragraph_sentences: Dict[<type>, <type>] = ...")  [var-annotated]
(allenai)deep_qa/deep_qa/data/dataset_readers/squad_sentence_selection_reader.py:71:9: error: Need type annotation for 'sentence_paragraph_map' (hint: "sentence_paragraph_map: Dict[<type>, <type>] = ...")  [var-annotated]
(allenai)deep_qa/deep_qa/data/dataset_readers/squad_sentence_selection_reader.py:73:9: error: Need type annotation for 'question_to_id' (hint: "question_to_id: Dict[<type>, <type>] = ...")  [var-annotated]
(allenai)deep_qa/deep_qa/data/dataset_readers/squad_sentence_selection_reader.py:75:9: error: Need type annotation for 'id_to_question' (hint: "id_to_question: Dict[<type>, <type>] = ...")  [var-annotated]
(allenai)deep_qa/deep_qa/data/dataset_readers/squad_sentence_selection_reader.py:88:9: error: Need type annotation for 'negative_sentences' (hint: "negative_sentences: Set[<type>] = ...")  [var-annotated]
(allenai)deep_qa/deep_qa/data/dataset_readers/squad_sentence_selection_reader.py:189:54: error: Need type annotation for 'candidate_answer_start_indices'  [var-annotated]
(allenai)deep_qa/deep_qa/data/data_indexer.py:72:33: error: Need type annotation for 'namespace_word_counts'  [var-annotated]
(allenai)deep_qa/deep_qa/common/params.py:25:1: error: "Type[Logger]" has no attribute "param"  [attr-defined]
(allenai)deep_qa/deep_qa/common/params.py:75:9: error: "Logger" has no attribute "param"  [attr-defined]
(allenai)deep_qa/deep_qa/run.py:63:37: error: Function "builtins.any" is not valid as a type  [valid-type]
(allenai)deep_qa/deep_qa/run.py:63:37: note: Perhaps you need "Callable[...]" or a callback protocol?
(allenai)deep_qa/doc/conf.py:132:1: error: Need type annotation for 'latex_elements' (hint: "latex_elements: Dict[<type>, <type>] = ...")  [var-annotated]
Found 169 errors in 70 files (checked 161 source files)

[RRepo](CanopyTax)asyncpgsa
(CanopyTax)asyncpgsa/asyncpgsa/testing/mockconnection.py:7:11: error: Need type annotation for 'results'  [var-annotated]
(CanopyTax)asyncpgsa/asyncpgsa/testing/mockconnection.py:8:1: error: Need type annotation for 'completed_queries' (hint: "completed_queries: List[<type>] = ...")  [var-annotated]
Found 2 errors in 1 file (checked 13 source files)

[RRepo](lostatc)linotype
Success: no issues found in 3 source files

