[RRepo](illagrenan)block-timer
ninja: Entering directory `/home/bew/Desktop/wp2/temp3/.pytype'
[1/1] check tasks
FAILED: /home/bew/Desktop/wp2/temp3/.pytype/pyi/tasks.pyi 
/usr/bin/python3.6 -m pytype.single --imports_info /home/bew/Desktop/wp2/temp3/.pytype/imports/tasks.imports --module-name tasks -V 3.6 -o /home/bew/Desktop/wp2/temp3/.pytype/pyi/tasks.pyi --analyze-annotated --nofail --quick '/home/bew/archive/typed_project/(illagrenan)block-timer/tasks.py'
File "/home/bew/archive/typed_project/(illagrenan)block-timer/tasks.py", line 7, in <module>: Can't find module 'invoke'. [import-error]

For more details, see https://google.github.io/pytype/errors.html#import-error.
ninja: build stopped: cannot make progress due to previous errors.
Computing dependencies
Analyzing 1 sources with 0 local dependencies

ninja: Entering directory `/home/bew/Desktop/wp2/temp3/.pytype'
[1/1] check timer
Computing dependencies
Analyzing 1 sources with 0 local dependencies
Success: no errors found

ninja: Entering directory `/home/bew/Desktop/wp2/temp3/.pytype'
[1/1] check test_timer
FAILED: /home/bew/Desktop/wp2/temp3/.pytype/pyi/test_timer.pyi 
/usr/bin/python3.6 -m pytype.single --imports_info /home/bew/Desktop/wp2/temp3/.pytype/imports/test_timer.imports --module-name test_timer -V 3.6 -o /home/bew/Desktop/wp2/temp3/.pytype/pyi/test_timer.pyi --analyze-annotated --nofail --quick '/home/bew/archive/typed_project/(illagrenan)block-timer/tests/test_timer.py'
File "/home/bew/archive/typed_project/(illagrenan)block-timer/tests/test_timer.py", line 10, in <module>: Can't find module 'block_timer.timer'. [import-error]

For more details, see https://google.github.io/pytype/errors.html#import-error.
ninja: build stopped: cannot make progress due to previous errors.
Computing dependencies
Analyzing 1 sources with 0 local dependencies

[RRepo](AlvarBer)Persimmon
ninja: Entering directory `/home/bew/Desktop/wp2/temp3/.pytype'
[1/1] check backend
FAILED: /home/bew/Desktop/wp2/temp3/.pytype/pyi/backend.pyi 
/usr/bin/python3.6 -m pytype.single --imports_info /home/bew/Desktop/wp2/temp3/.pytype/imports/backend.imports --module-name backend -V 3.6 -o /home/bew/Desktop/wp2/temp3/.pytype/pyi/backend.pyi --analyze-annotated --nofail --quick '/home/bew/archive/typed_project/(AlvarBer)Persimmon/persimmon/backend/backend.py'
File "/home/bew/archive/typed_project/(AlvarBer)Persimmon/persimmon/backend/backend.py", line 2, in <module>: Can't find module 'pymitter'. [import-error]
File "/home/bew/archive/typed_project/(AlvarBer)Persimmon/persimmon/backend/backend.py", line 4, in <module>: Can't find module 'persimmon.view.pins'. [import-error]

For more details, see https://google.github.io/pytype/errors.html#import-error.
ninja: build stopped: cannot make progress due to previous errors.
Computing dependencies
Analyzing 1 sources with 0 local dependencies

ninja: Entering directory `/home/bew/Desktop/wp2/temp3/.pytype'
[1/1] check blackboard
FAILED: /home/bew/Desktop/wp2/temp3/.pytype/pyi/blackboard.pyi 
/usr/bin/python3.6 -m pytype.single --imports_info /home/bew/Desktop/wp2/temp3/.pytype/imports/blackboard.imports --module-name blackboard -V 3.6 -o /home/bew/Desktop/wp2/temp3/.pytype/pyi/blackboard.pyi --analyze-annotated --nofail --quick '/home/bew/archive/typed_project/(AlvarBer)Persimmon/persimmon/view/blackboard.py'
File "/home/bew/archive/typed_project/(AlvarBer)Persimmon/persimmon/view/blackboard.py", line 2, in <module>: Can't find module 'persimmon.view'. [import-error]
File "/home/bew/archive/typed_project/(AlvarBer)Persimmon/persimmon/view/blackboard.py", line 3, in <module>: Can't find module 'persimmon.view.util'. [import-error]
File "/home/bew/archive/typed_project/(AlvarBer)Persimmon/persimmon/view/blackboard.py", line 4, in <module>: Can't find module 'persimmon'. [import-error]
File "/home/bew/archive/typed_project/(AlvarBer)Persimmon/persimmon/view/blackboard.py", line 5, in <module>: Can't find module 'persimmon.backend'. [import-error]
File "/home/bew/archive/typed_project/(AlvarBer)Persimmon/persimmon/view/blackboard.py", line 7, in <module>: Can't find module 'kivy.uix.widget'. [import-error]
File "/home/bew/archive/typed_project/(AlvarBer)Persimmon/persimmon/view/blackboard.py", line 8, in <module>: Can't find module 'kivy.uix.scatterlayout'. [import-error]
File "/home/bew/archive/typed_project/(AlvarBer)Persimmon/persimmon/view/blackboard.py", line 9, in <module>: Can't find module 'kivy.properties'. [import-error]
File "/home/bew/archive/typed_project/(AlvarBer)Persimmon/persimmon/view/blackboard.py", line 10, in <module>: Can't find module 'kivy.lang'. [import-error]
File "/home/bew/archive/typed_project/(AlvarBer)Persimmon/persimmon/view/blackboard.py", line 12, in <module>: Can't find module 'kivy.input'. [import-error]

For more details, see https://google.github.io/pytype/errors.html#import-error.
ninja: build stopped: cannot make progress due to previous errors.
Computing dependencies
Analyzing 1 sources with 0 local dependencies

ninja: Entering directory `/home/bew/Desktop/wp2/temp3/.pytype'
[1/1] check view
FAILED: /home/bew/Desktop/wp2/temp3/.pytype/pyi/view.pyi 
/usr/bin/python3.6 -m pytype.single --imports_info /home/bew/Desktop/wp2/temp3/.pytype/imports/view.imports --module-name view -V 3.6 -o /home/bew/Desktop/wp2/temp3/.pytype/pyi/view.pyi --analyze-annotated --nofail --quick '/home/bew/archive/typed_project/(AlvarBer)Persimmon/persimmon/view/view.py'
File "/home/bew/archive/typed_project/(AlvarBer)Persimmon/persimmon/view/view.py", line 2, in <module>: Can't find module 'persimmon.view.blackboard'. [import-error]
File "/home/bew/archive/typed_project/(AlvarBer)Persimmon/persimmon/view/view.py", line 3, in <module>: Can't find module 'persimmon.view.util'. [import-error]
File "/home/bew/archive/typed_project/(AlvarBer)Persimmon/persimmon/view/view.py", line 5, in <module>: Can't find module 'kivy.app'. [import-error]
File "/home/bew/archive/typed_project/(AlvarBer)Persimmon/persimmon/view/view.py", line 6, in <module>: Can't find module 'kivy.config'. [import-error]
File "/home/bew/archive/typed_project/(AlvarBer)Persimmon/persimmon/view/view.py", line 7, in <module>: Can't find module 'kivy.factory'. [import-error]
File "/home/bew/archive/typed_project/(AlvarBer)Persimmon/persimmon/view/view.py", line 8, in <module>: Can't find module 'kivy.properties'. [import-error]
File "/home/bew/archive/typed_project/(AlvarBer)Persimmon/persimmon/view/view.py", line 10, in <module>: Can't find module 'kivy.uix.image'. [import-error]
File "/home/bew/archive/typed_project/(AlvarBer)Persimmon/persimmon/view/view.py", line 11, in <module>: Can't find module 'kivy.uix.tabbedpanel'. [import-error]
File "/home/bew/archive/typed_project/(AlvarBer)Persimmon/persimmon/view/view.py", line 12, in <module>: Can't find module 'kivy.uix.floatlayout'. [import-error]
File "/home/bew/archive/typed_project/(AlvarBer)Persimmon/persimmon/view/view.py", line 16, in <module>: Can't find module 'kivy.lang'. [import-error]

For more details, see https://google.github.io/pytype/errors.html#import-error.
ninja: build stopped: cannot make progress due to previous errors.
Computing dependencies
Analyzing 1 sources with 0 local dependencies

ninja: Entering directory `/home/bew/Desktop/wp2/temp3/.pytype'
[1/1] check filedialog
FAILED: /home/bew/Desktop/wp2/temp3/.pytype/pyi/filedialog.pyi 
/usr/bin/python3.6 -m pytype.single --imports_info /home/bew/Desktop/wp2/temp3/.pytype/imports/filedialog.imports --module-name filedialog -V 3.6 -o /home/bew/Desktop/wp2/temp3/.pytype/pyi/filedialog.pyi --analyze-annotated --nofail --quick '/home/bew/archive/typed_project/(AlvarBer)Persimmon/persimmon/view/util/filedialog.py'
File "/home/bew/archive/typed_project/(AlvarBer)Persimmon/persimmon/view/util/filedialog.py", line 1, in <module>: Can't find module 'kivy.uix.popup'. [import-error]
File "/home/bew/archive/typed_project/(AlvarBer)Persimmon/persimmon/view/util/filedialog.py", line 2, in <module>: Can't find module 'kivy.properties'. [import-error]
File "/home/bew/archive/typed_project/(AlvarBer)Persimmon/persimmon/view/util/filedialog.py", line 3, in <module>: Can't find module 'kivy.lang'. [import-error]
File "/home/bew/archive/typed_project/(AlvarBer)Persimmon/persimmon/view/util/filedialog.py", line 4, in <module>: Can't find module 'kivy'. [import-error]

For more details, see https://google.github.io/pytype/errors.html#import-error.
ninja: build stopped: cannot make progress due to previous errors.
Computing dependencies
Analyzing 1 sources with 0 local dependencies

ninja: Entering directory `/home/bew/Desktop/wp2/temp3/.pytype'
[1/1] check play_button
FAILED: /home/bew/Desktop/wp2/temp3/.pytype/pyi/play_button.pyi 
/usr/bin/python3.6 -m pytype.single --imports_info /home/bew/Desktop/wp2/temp3/.pytype/imports/play_button.imports --module-name play_button -V 3.6 -o /home/bew/Desktop/wp2/temp3/.pytype/pyi/play_button.pyi --analyze-annotated --nofail --quick '/home/bew/archive/typed_project/(AlvarBer)Persimmon/persimmon/view/util/play_button.py'
File "/home/bew/archive/typed_project/(AlvarBer)Persimmon/persimmon/view/util/play_button.py", line 1, in <module>: Can't find module 'kivy.uix.image'. [import-error]
File "/home/bew/archive/typed_project/(AlvarBer)Persimmon/persimmon/view/util/play_button.py", line 2, in <module>: Can't find module 'kivy.uix.behaviors'. [import-error]
File "/home/bew/archive/typed_project/(AlvarBer)Persimmon/persimmon/view/util/play_button.py", line 3, in <module>: Can't find module 'kivy.animation'. [import-error]
File "/home/bew/archive/typed_project/(AlvarBer)Persimmon/persimmon/view/util/play_button.py", line 4, in <module>: Can't find module 'kivy.lang'. [import-error]
File "/home/bew/archive/typed_project/(AlvarBer)Persimmon/persimmon/view/util/play_button.py", line 5, in <module>: Can't find module 'kivy.properties'. [import-error]
File "/home/bew/archive/typed_project/(AlvarBer)Persimmon/persimmon/view/util/play_button.py", line 6, in <module>: Can't find module 'kivy.loader'. [import-error]
File "/home/bew/archive/typed_project/(AlvarBer)Persimmon/persimmon/view/util/play_button.py", line 7, in <module>: Can't find module 'kivy.graphics.context_instructions'. [import-error]

For more details, see https://google.github.io/pytype/errors.html#import-error.
ninja: build stopped: cannot make progress due to previous errors.
Computing dependencies
Analyzing 1 sources with 0 local dependencies

ninja: Entering directory `/home/bew/Desktop/wp2/temp3/.pytype'
[1/1] check connection
FAILED: /home/bew/Desktop/wp2/temp3/.pytype/pyi/connection.pyi 
/usr/bin/python3.6 -m pytype.single --imports_info /home/bew/Desktop/wp2/temp3/.pytype/imports/connection.imports --module-name connection -V 3.6 -o /home/bew/Desktop/wp2/temp3/.pytype/pyi/connection.pyi --analyze-annotated --nofail --quick '/home/bew/archive/typed_project/(AlvarBer)Persimmon/persimmon/view/util/connection.py'
File "/home/bew/archive/typed_project/(AlvarBer)Persimmon/persimmon/view/util/connection.py", line 2, in <module>: Can't find module 'kivy.uix.widget'. [import-error]
File "/home/bew/archive/typed_project/(AlvarBer)Persimmon/persimmon/view/util/connection.py", line 3, in <module>: Can't find module 'kivy.uix.label'. [import-error]
File "/home/bew/archive/typed_project/(AlvarBer)Persimmon/persimmon/view/util/connection.py", line 4, in <module>: Can't find module 'kivy.lang'. [import-error]
File "/home/bew/archive/typed_project/(AlvarBer)Persimmon/persimmon/view/util/connection.py", line 5, in <module>: Can't find module 'kivy.properties'. [import-error]
File "/home/bew/archive/typed_project/(AlvarBer)Persimmon/persimmon/view/util/connection.py", line 6, in <module>: Can't find module 'kivy.graphics'. [import-error]
File "/home/bew/archive/typed_project/(AlvarBer)Persimmon/persimmon/view/util/connection.py", line 7, in <module>: Can't find module 'kivy.clock'. [import-error]
File "/home/bew/archive/typed_project/(AlvarBer)Persimmon/persimmon/view/util/connection.py", line 8, in <module>: Can't find module 'kivy.lang'. [import-error]
File "/home/bew/archive/typed_project/(AlvarBer)Persimmon/persimmon/view/util/connection.py", line 9, in <module>: Can't find module 'kivy.factory'. [import-error]
File "/home/bew/archive/typed_project/(AlvarBer)Persimmon/persimmon/view/util/connection.py", line 10, in <module>: Can't find module 'kivy.core.window'. [import-error]
File "/home/bew/archive/typed_project/(AlvarBer)Persimmon/persimmon/view/util/connection.py", line 12, in <module>: Can't find module 'kivy.input'. [import-error]
File "/home/bew/archive/typed_project/(AlvarBer)Persimmon/persimmon/view/util/connection.py", line 15, in <module>: Can't find module 'persimmon.view.pins.pin'. [import-error]
File "/home/bew/archive/typed_project/(AlvarBer)Persimmon/persimmon/view/util/connection.py", line 130, in follow_cursor: No attribute 'typesafe' on bool [attribute-error]
  In Union[Any, bool]

For more details, see https://google.github.io/pytype/errors.html.
ninja: build stopped: cannot make progress due to previous errors.
Computing dependencies
Analyzing 1 sources with 0 local dependencies

ninja: Entering directory `/home/bew/Desktop/wp2/temp3/.pytype'
[1/1] check circularbutton
FAILED: /home/bew/Desktop/wp2/temp3/.pytype/pyi/circularbutton.pyi 
/usr/bin/python3.6 -m pytype.single --imports_info /home/bew/Desktop/wp2/temp3/.pytype/imports/circularbutton.imports --module-name circularbutton -V 3.6 -o /home/bew/Desktop/wp2/temp3/.pytype/pyi/circularbutton.pyi --analyze-annotated --nofail --quick '/home/bew/archive/typed_project/(AlvarBer)Persimmon/persimmon/view/pins/circularbutton.py'
File "/home/bew/archive/typed_project/(AlvarBer)Persimmon/persimmon/view/pins/circularbutton.py", line 1, in <module>: Can't find module 'kivy.uix.widget'. [import-error]
File "/home/bew/archive/typed_project/(AlvarBer)Persimmon/persimmon/view/pins/circularbutton.py", line 2, in <module>: Can't find module 'kivy.uix.behaviors'. [import-error]
File "/home/bew/archive/typed_project/(AlvarBer)Persimmon/persimmon/view/pins/circularbutton.py", line 3, in <module>: Can't find module 'kivy.vector'. [import-error]
File "/home/bew/archive/typed_project/(AlvarBer)Persimmon/persimmon/view/pins/circularbutton.py", line 4, in <module>: Can't find module 'kivy.lang'. [import-error]
File "/home/bew/archive/typed_project/(AlvarBer)Persimmon/persimmon/view/pins/circularbutton.py", line 5, in <module>: Can't find module 'kivy.properties'. [import-error]

For more details, see https://google.github.io/pytype/errors.html#import-error.
ninja: build stopped: cannot make progress due to previous errors.
Computing dependencies
Analyzing 1 sources with 0 local dependencies

ninja: Entering directory `/home/bew/Desktop/wp2/temp3/.pytype'
[1/1] check outpin
FAILED: /home/bew/Desktop/wp2/temp3/.pytype/pyi/outpin.pyi 
/usr/bin/python3.6 -m pytype.single --imports_info /home/bew/Desktop/wp2/temp3/.pytype/imports/outpin.imports --module-name outpin -V 3.6 -o /home/bew/Desktop/wp2/temp3/.pytype/pyi/outpin.pyi --analyze-annotated --nofail --quick '/home/bew/archive/typed_project/(AlvarBer)Persimmon/persimmon/view/pins/outpin.py'
File "/home/bew/archive/typed_project/(AlvarBer)Persimmon/persimmon/view/pins/outpin.py", line 1, in <module>: Can't find module 'persimmon.view.pins.pin'. [import-error]
File "/home/bew/archive/typed_project/(AlvarBer)Persimmon/persimmon/view/pins/outpin.py", line 2, in <module>: Can't find module 'persimmon.view.util'. [import-error]
File "/home/bew/archive/typed_project/(AlvarBer)Persimmon/persimmon/view/pins/outpin.py", line 3, in <module>: Can't find module 'kivy.properties'. [import-error]
File "/home/bew/archive/typed_project/(AlvarBer)Persimmon/persimmon/view/pins/outpin.py", line 4, in <module>: Can't find module 'kivy.lang'. [import-error]
File "/home/bew/archive/typed_project/(AlvarBer)Persimmon/persimmon/view/pins/outpin.py", line 5, in <module>: Can't find module 'kivy.graphics'. [import-error]
File "/home/bew/archive/typed_project/(AlvarBer)Persimmon/persimmon/view/pins/outpin.py", line 7, in <module>: Can't find module 'kivy.input'. [import-error]

For more details, see https://google.github.io/pytype/errors.html#import-error.
ninja: build stopped: cannot make progress due to previous errors.
Computing dependencies
Analyzing 1 sources with 0 local dependencies

ninja: Entering directory `/home/bew/Desktop/wp2/temp3/.pytype'
[1/1] check inpin
FAILED: /home/bew/Desktop/wp2/temp3/.pytype/pyi/inpin.pyi 
/usr/bin/python3.6 -m pytype.single --imports_info /home/bew/Desktop/wp2/temp3/.pytype/imports/inpin.imports --module-name inpin -V 3.6 -o /home/bew/Desktop/wp2/temp3/.pytype/pyi/inpin.pyi --analyze-annotated --nofail --quick '/home/bew/archive/typed_project/(AlvarBer)Persimmon/persimmon/view/pins/inpin.py'
File "/home/bew/archive/typed_project/(AlvarBer)Persimmon/persimmon/view/pins/inpin.py", line 1, in <module>: Can't find module 'persimmon.view.pins.pin'. [import-error]
File "/home/bew/archive/typed_project/(AlvarBer)Persimmon/persimmon/view/pins/inpin.py", line 2, in <module>: Can't find module 'persimmon.view.util'. [import-error]
File "/home/bew/archive/typed_project/(AlvarBer)Persimmon/persimmon/view/pins/inpin.py", line 3, in <module>: Can't find module 'kivy.lang'. [import-error]
File "/home/bew/archive/typed_project/(AlvarBer)Persimmon/persimmon/view/pins/inpin.py", line 4, in <module>: Can't find module 'kivy.graphics'. [import-error]
File "/home/bew/archive/typed_project/(AlvarBer)Persimmon/persimmon/view/pins/inpin.py", line 5, in <module>: Can't find module 'kivy.properties'. [import-error]
File "/home/bew/archive/typed_project/(AlvarBer)Persimmon/persimmon/view/pins/inpin.py", line 6, in <module>: Can't find module 'kivy.input'. [import-error]

For more details, see https://google.github.io/pytype/errors.html#import-error.
ninja: build stopped: cannot make progress due to previous errors.
Computing dependencies
Analyzing 1 sources with 0 local dependencies

ninja: Entering directory `/home/bew/Desktop/wp2/temp3/.pytype'
[1/1] check pin
FAILED: /home/bew/Desktop/wp2/temp3/.pytype/pyi/pin.pyi 
/usr/bin/python3.6 -m pytype.single --imports_info /home/bew/Desktop/wp2/temp3/.pytype/imports/pin.imports --module-name pin -V 3.6 -o /home/bew/Desktop/wp2/temp3/.pytype/pyi/pin.pyi --analyze-annotated --nofail --quick '/home/bew/archive/typed_project/(AlvarBer)Persimmon/persimmon/view/pins/pin.py'
File "/home/bew/archive/typed_project/(AlvarBer)Persimmon/persimmon/view/pins/pin.py", line 1, in <module>: Can't find module 'persimmon.view.pins.circularbutton'. [import-error]
File "/home/bew/archive/typed_project/(AlvarBer)Persimmon/persimmon/view/pins/pin.py", line 2, in <module>: Can't find module 'persimmon.view.util'. [import-error]
File "/home/bew/archive/typed_project/(AlvarBer)Persimmon/persimmon/view/pins/pin.py", line 3, in <module>: Can't find module 'kivy.properties'. [import-error]
File "/home/bew/archive/typed_project/(AlvarBer)Persimmon/persimmon/view/pins/pin.py", line 4, in <module>: Can't find module 'kivy.lang'. [import-error]
File "/home/bew/archive/typed_project/(AlvarBer)Persimmon/persimmon/view/pins/pin.py", line 5, in <module>: Can't find module 'kivy.graphics'. [import-error]
File "/home/bew/archive/typed_project/(AlvarBer)Persimmon/persimmon/view/pins/pin.py", line 6, in <module>: Can't find module 'kivy.input'. [import-error]
File "/home/bew/archive/typed_project/(AlvarBer)Persimmon/persimmon/view/pins/pin.py", line 11, in <module>: Stray abc.abstractmethod decorator on method Pin.on_touch_down [ignored-abstractmethod]
  (Pin does not have metaclass abc.ABCMeta)
File "/home/bew/archive/typed_project/(AlvarBer)Persimmon/persimmon/view/pins/pin.py", line 11, in <module>: Stray abc.abstractmethod decorator on method Pin.on_touch_up [ignored-abstractmethod]
  (Pin does not have metaclass abc.ABCMeta)
File "/home/bew/archive/typed_project/(AlvarBer)Persimmon/persimmon/view/pins/pin.py", line 11, in <module>: Stray abc.abstractmethod decorator on method Pin.on_connection_delete [ignored-abstractmethod]
  (Pin does not have metaclass abc.ABCMeta)
File "/home/bew/archive/typed_project/(AlvarBer)Persimmon/persimmon/view/pins/pin.py", line 11, in <module>: Stray abc.abstractmethod decorator on method Pin.connect_pin [ignored-abstractmethod]
  (Pin does not have metaclass abc.ABCMeta)

For more details, see https://google.github.io/pytype/errors.html.
ninja: build stopped: cannot make progress due to previous errors.
Computing dependencies
Analyzing 1 sources with 0 local dependencies

ninja: Entering directory `/home/bew/Desktop/wp2/temp3/.pytype'
[1/1] check randomforestblock
FAILED: /home/bew/Desktop/wp2/temp3/.pytype/pyi/randomforestblock.pyi 
/usr/bin/python3.6 -m pytype.single --imports_info /home/bew/Desktop/wp2/temp3/.pytype/imports/randomforestblock.imports --module-name randomforestblock -V 3.6 -o /home/bew/Desktop/wp2/temp3/.pytype/pyi/randomforestblock.pyi --analyze-annotated --nofail --quick '/home/bew/archive/typed_project/(AlvarBer)Persimmon/persimmon/view/blocks/randomforestblock.py'
File "/home/bew/archive/typed_project/(AlvarBer)Persimmon/persimmon/view/blocks/randomforestblock.py", line 1, in <module>: Can't find module 'persimmon.view.pins'. [import-error]
File "/home/bew/archive/typed_project/(AlvarBer)Persimmon/persimmon/view/blocks/randomforestblock.py", line 2, in <module>: Can't find module 'persimmon.view.blocks.block'. [import-error]
File "/home/bew/archive/typed_project/(AlvarBer)Persimmon/persimmon/view/blocks/randomforestblock.py", line 4, in <module>: Can't find module 'kivy.lang'. [import-error]
File "/home/bew/archive/typed_project/(AlvarBer)Persimmon/persimmon/view/blocks/randomforestblock.py", line 5, in <module>: Can't find module 'kivy.properties'. [import-error]

For more details, see https://google.github.io/pytype/errors.html#import-error.
ninja: build stopped: cannot make progress due to previous errors.
Computing dependencies
Analyzing 1 sources with 0 local dependencies

ninja: Entering directory `/home/bew/Desktop/wp2/temp3/.pytype'
[1/1] check tenfoldblock
FAILED: /home/bew/Desktop/wp2/temp3/.pytype/pyi/tenfoldblock.pyi 
/usr/bin/python3.6 -m pytype.single --imports_info /home/bew/Desktop/wp2/temp3/.pytype/imports/tenfoldblock.imports --module-name tenfoldblock -V 3.6 -o /home/bew/Desktop/wp2/temp3/.pytype/pyi/tenfoldblock.pyi --analyze-annotated --nofail --quick '/home/bew/archive/typed_project/(AlvarBer)Persimmon/persimmon/view/blocks/tenfoldblock.py'
File "/home/bew/archive/typed_project/(AlvarBer)Persimmon/persimmon/view/blocks/tenfoldblock.py", line 1, in <module>: Can't find module 'persimmon.view.pins'. [import-error]
File "/home/bew/archive/typed_project/(AlvarBer)Persimmon/persimmon/view/blocks/tenfoldblock.py", line 2, in <module>: Can't find module 'persimmon.view.blocks.block'. [import-error]
File "/home/bew/archive/typed_project/(AlvarBer)Persimmon/persimmon/view/blocks/tenfoldblock.py", line 4, in <module>: Can't find module 'kivy.lang'. [import-error]
File "/home/bew/archive/typed_project/(AlvarBer)Persimmon/persimmon/view/blocks/tenfoldblock.py", line 5, in <module>: Can't find module 'kivy.properties'. [import-error]

For more details, see https://google.github.io/pytype/errors.html#import-error.
ninja: build stopped: cannot make progress due to previous errors.
Computing dependencies
Analyzing 1 sources with 0 local dependencies

ninja: Entering directory `/home/bew/Desktop/wp2/temp3/.pytype'
[1/1] check svmblock
FAILED: /home/bew/Desktop/wp2/temp3/.pytype/pyi/svmblock.pyi 
/usr/bin/python3.6 -m pytype.single --imports_info /home/bew/Desktop/wp2/temp3/.pytype/imports/svmblock.imports --module-name svmblock -V 3.6 -o /home/bew/Desktop/wp2/temp3/.pytype/pyi/svmblock.pyi --analyze-annotated --nofail --quick '/home/bew/archive/typed_project/(AlvarBer)Persimmon/persimmon/view/blocks/svmblock.py'
File "/home/bew/archive/typed_project/(AlvarBer)Persimmon/persimmon/view/blocks/svmblock.py", line 1, in <module>: Can't find module 'persimmon.view.pins'. [import-error]
File "/home/bew/archive/typed_project/(AlvarBer)Persimmon/persimmon/view/blocks/svmblock.py", line 2, in <module>: Can't find module 'persimmon.view.blocks.block'. [import-error]
File "/home/bew/archive/typed_project/(AlvarBer)Persimmon/persimmon/view/blocks/svmblock.py", line 4, in <module>: Can't find module 'kivy.lang'. [import-error]
File "/home/bew/archive/typed_project/(AlvarBer)Persimmon/persimmon/view/blocks/svmblock.py", line 5, in <module>: Can't find module 'kivy.properties'. [import-error]

For more details, see https://google.github.io/pytype/errors.html#import-error.
ninja: build stopped: cannot make progress due to previous errors.
Computing dependencies
Analyzing 1 sources with 0 local dependencies

ninja: Entering directory `/home/bew/Desktop/wp2/temp3/.pytype'
[1/1] check smart_bubble
FAILED: /home/bew/Desktop/wp2/temp3/.pytype/pyi/smart_bubble.pyi 
/usr/bin/python3.6 -m pytype.single --imports_info /home/bew/Desktop/wp2/temp3/.pytype/imports/smart_bubble.imports --module-name smart_bubble -V 3.6 -o /home/bew/Desktop/wp2/temp3/.pytype/pyi/smart_bubble.pyi --analyze-annotated --nofail --quick '/home/bew/archive/typed_project/(AlvarBer)Persimmon/persimmon/view/blocks/smart_bubble.py'
File "/home/bew/archive/typed_project/(AlvarBer)Persimmon/persimmon/view/blocks/smart_bubble.py", line 1, in <module>: Can't find module 'persimmon.view'. [import-error]
File "/home/bew/archive/typed_project/(AlvarBer)Persimmon/persimmon/view/blocks/smart_bubble.py", line 2, in <module>: Can't find module 'persimmon.view.pins'. [import-error]
File "/home/bew/archive/typed_project/(AlvarBer)Persimmon/persimmon/view/blocks/smart_bubble.py", line 3, in <module>: Can't find module 'kivy.uix.bubble'. [import-error]
File "/home/bew/archive/typed_project/(AlvarBer)Persimmon/persimmon/view/blocks/smart_bubble.py", line 4, in <module>: Can't find module 'kivy.uix.boxlayout'. [import-error]
File "/home/bew/archive/typed_project/(AlvarBer)Persimmon/persimmon/view/blocks/smart_bubble.py", line 5, in <module>: Can't find module 'kivy.lang'. [import-error]
File "/home/bew/archive/typed_project/(AlvarBer)Persimmon/persimmon/view/blocks/smart_bubble.py", line 6, in <module>: Can't find module 'kivy.clock'. [import-error]
File "/home/bew/archive/typed_project/(AlvarBer)Persimmon/persimmon/view/blocks/smart_bubble.py", line 7, in <module>: Can't find module 'kivy.properties'. [import-error]
File "/home/bew/archive/typed_project/(AlvarBer)Persimmon/persimmon/view/blocks/smart_bubble.py", line 11, in <module>: Can't find module 'fuzzywuzzy'. [import-error]
File "/home/bew/archive/typed_project/(AlvarBer)Persimmon/persimmon/view/blocks/smart_bubble.py", line 13, in <module>: Can't find module 'kivy.input'. [import-error]
File "/home/bew/archive/typed_project/(AlvarBer)Persimmon/persimmon/view/blocks/smart_bubble.py", line 14, in <module>: Can't find module 'kivy.uix.recycleview'. [import-error]

For more details, see https://google.github.io/pytype/errors.html#import-error.
ninja: build stopped: cannot make progress due to previous errors.
Computing dependencies
Analyzing 1 sources with 0 local dependencies

ninja: Entering directory `/home/bew/Desktop/wp2/temp3/.pytype'
[1/1] check csvinblock
FAILED: /home/bew/Desktop/wp2/temp3/.pytype/pyi/csvinblock.pyi 
/usr/bin/python3.6 -m pytype.single --imports_info /home/bew/Desktop/wp2/temp3/.pytype/imports/csvinblock.imports --module-name csvinblock -V 3.6 -o /home/bew/Desktop/wp2/temp3/.pytype/pyi/csvinblock.pyi --analyze-annotated --nofail --quick '/home/bew/archive/typed_project/(AlvarBer)Persimmon/persimmon/view/blocks/csvinblock.py'
File "/home/bew/archive/typed_project/(AlvarBer)Persimmon/persimmon/view/blocks/csvinblock.py", line 1, in <module>: Can't find module 'persimmon.view.pins'. [import-error]
File "/home/bew/archive/typed_project/(AlvarBer)Persimmon/persimmon/view/blocks/csvinblock.py", line 2, in <module>: Can't find module 'persimmon.view.util'. [import-error]
File "/home/bew/archive/typed_project/(AlvarBer)Persimmon/persimmon/view/blocks/csvinblock.py", line 3, in <module>: Can't find module 'persimmon.view.blocks.block'. [import-error]
File "/home/bew/archive/typed_project/(AlvarBer)Persimmon/persimmon/view/blocks/csvinblock.py", line 5, in <module>: Can't find module 'kivy.properties'. [import-error]
File "/home/bew/archive/typed_project/(AlvarBer)Persimmon/persimmon/view/blocks/csvinblock.py", line 6, in <module>: Can't find module 'kivy.lang'. [import-error]

For more details, see https://google.github.io/pytype/errors.html#import-error.
ninja: build stopped: cannot make progress due to previous errors.
Computing dependencies
Analyzing 1 sources with 0 local dependencies

ninja: Entering directory `/home/bew/Desktop/wp2/temp3/.pytype'
[1/1] check gridsearchblock
FAILED: /home/bew/Desktop/wp2/temp3/.pytype/pyi/gridsearchblock.pyi 
/usr/bin/python3.6 -m pytype.single --imports_info /home/bew/Desktop/wp2/temp3/.pytype/imports/gridsearchblock.imports --module-name gridsearchblock -V 3.6 -o /home/bew/Desktop/wp2/temp3/.pytype/pyi/gridsearchblock.pyi --analyze-annotated --nofail --quick '/home/bew/archive/typed_project/(AlvarBer)Persimmon/persimmon/view/blocks/gridsearchblock.py'
File "/home/bew/archive/typed_project/(AlvarBer)Persimmon/persimmon/view/blocks/gridsearchblock.py", line 1, in <module>: Can't find module 'persimmon.view.blocks.block'. [import-error]
File "/home/bew/archive/typed_project/(AlvarBer)Persimmon/persimmon/view/blocks/gridsearchblock.py", line 2, in <module>: Can't find module 'persimmon.view.pins'. [import-error]
File "/home/bew/archive/typed_project/(AlvarBer)Persimmon/persimmon/view/blocks/gridsearchblock.py", line 4, in <module>: Can't find module 'kivy.properties'. [import-error]
File "/home/bew/archive/typed_project/(AlvarBer)Persimmon/persimmon/view/blocks/gridsearchblock.py", line 5, in <module>: Can't find module 'kivy.lang'. [import-error]

For more details, see https://google.github.io/pytype/errors.html#import-error.
ninja: build stopped: cannot make progress due to previous errors.
Computing dependencies
Analyzing 1 sources with 0 local dependencies

ninja: Entering directory `/home/bew/Desktop/wp2/temp3/.pytype'
[1/1] check crossvalidationblock
FAILED: /home/bew/Desktop/wp2/temp3/.pytype/pyi/crossvalidationblock.pyi 
/usr/bin/python3.6 -m pytype.single --imports_info /home/bew/Desktop/wp2/temp3/.pytype/imports/crossvalidationblock.imports --module-name crossvalidationblock -V 3.6 -o /home/bew/Desktop/wp2/temp3/.pytype/pyi/crossvalidationblock.pyi --analyze-annotated --nofail --quick '/home/bew/archive/typed_project/(AlvarBer)Persimmon/persimmon/view/blocks/crossvalidationblock.py'
File "/home/bew/archive/typed_project/(AlvarBer)Persimmon/persimmon/view/blocks/crossvalidationblock.py", line 1, in <module>: Can't find module 'persimmon.view.pins'. [import-error]
File "/home/bew/archive/typed_project/(AlvarBer)Persimmon/persimmon/view/blocks/crossvalidationblock.py", line 2, in <module>: Can't find module 'persimmon.view.blocks.block'. [import-error]
File "/home/bew/archive/typed_project/(AlvarBer)Persimmon/persimmon/view/blocks/crossvalidationblock.py", line 4, in <module>: Can't find module 'kivy.properties'. [import-error]
File "/home/bew/archive/typed_project/(AlvarBer)Persimmon/persimmon/view/blocks/crossvalidationblock.py", line 5, in <module>: Can't find module 'kivy.lang'. [import-error]

For more details, see https://google.github.io/pytype/errors.html#import-error.
ninja: build stopped: cannot make progress due to previous errors.
Computing dependencies
Analyzing 1 sources with 0 local dependencies

ninja: Entering directory `/home/bew/Desktop/wp2/temp3/.pytype'
[1/1] check printblock
FAILED: /home/bew/Desktop/wp2/temp3/.pytype/pyi/printblock.pyi 
/usr/bin/python3.6 -m pytype.single --imports_info /home/bew/Desktop/wp2/temp3/.pytype/imports/printblock.imports --module-name printblock -V 3.6 -o /home/bew/Desktop/wp2/temp3/.pytype/pyi/printblock.pyi --analyze-annotated --nofail --quick '/home/bew/archive/typed_project/(AlvarBer)Persimmon/persimmon/view/blocks/printblock.py'
File "/home/bew/archive/typed_project/(AlvarBer)Persimmon/persimmon/view/blocks/printblock.py", line 1, in <module>: Can't find module 'persimmon.view.pins'. [import-error]
File "/home/bew/archive/typed_project/(AlvarBer)Persimmon/persimmon/view/blocks/printblock.py", line 2, in <module>: Can't find module 'persimmon.view.util'. [import-error]
File "/home/bew/archive/typed_project/(AlvarBer)Persimmon/persimmon/view/blocks/printblock.py", line 3, in <module>: Can't find module 'persimmon.view.blocks.block'. [import-error]
File "/home/bew/archive/typed_project/(AlvarBer)Persimmon/persimmon/view/blocks/printblock.py", line 4, in <module>: Can't find module 'kivy.lang'. [import-error]
File "/home/bew/archive/typed_project/(AlvarBer)Persimmon/persimmon/view/blocks/printblock.py", line 5, in <module>: Can't find module 'kivy.properties'. [import-error]

For more details, see https://google.github.io/pytype/errors.html#import-error.
ninja: build stopped: cannot make progress due to previous errors.
Computing dependencies
Analyzing 1 sources with 0 local dependencies

ninja: Entering directory `/home/bew/Desktop/wp2/temp3/.pytype'
[1/1] check sgdblock
FAILED: /home/bew/Desktop/wp2/temp3/.pytype/pyi/sgdblock.pyi 
/usr/bin/python3.6 -m pytype.single --imports_info /home/bew/Desktop/wp2/temp3/.pytype/imports/sgdblock.imports --module-name sgdblock -V 3.6 -o /home/bew/Desktop/wp2/temp3/.pytype/pyi/sgdblock.pyi --analyze-annotated --nofail --quick '/home/bew/archive/typed_project/(AlvarBer)Persimmon/persimmon/view/blocks/sgdblock.py'
File "/home/bew/archive/typed_project/(AlvarBer)Persimmon/persimmon/view/blocks/sgdblock.py", line 1, in <module>: Can't find module 'persimmon.view.blocks.block'. [import-error]
File "/home/bew/archive/typed_project/(AlvarBer)Persimmon/persimmon/view/blocks/sgdblock.py", line 2, in <module>: Can't find module 'persimmon.view.pins'. [import-error]
File "/home/bew/archive/typed_project/(AlvarBer)Persimmon/persimmon/view/blocks/sgdblock.py", line 4, in <module>: Can't find module 'kivy.properties'. [import-error]
File "/home/bew/archive/typed_project/(AlvarBer)Persimmon/persimmon/view/blocks/sgdblock.py", line 5, in <module>: Can't find module 'kivy.lang'. [import-error]

For more details, see https://google.github.io/pytype/errors.html#import-error.
ninja: build stopped: cannot make progress due to previous errors.
Computing dependencies
Analyzing 1 sources with 0 local dependencies

ninja: Entering directory `/home/bew/Desktop/wp2/temp3/.pytype'
[1/1] check block
FAILED: /home/bew/Desktop/wp2/temp3/.pytype/pyi/block.pyi 
/usr/bin/python3.6 -m pytype.single --imports_info /home/bew/Desktop/wp2/temp3/.pytype/imports/block.imports --module-name block -V 3.6 -o /home/bew/Desktop/wp2/temp3/.pytype/pyi/block.pyi --analyze-annotated --nofail --quick '/home/bew/archive/typed_project/(AlvarBer)Persimmon/persimmon/view/blocks/block.py'
File "/home/bew/archive/typed_project/(AlvarBer)Persimmon/persimmon/view/blocks/block.py", line 2, in <module>: Can't find module 'persimmon.view.util'. [import-error]
File "/home/bew/archive/typed_project/(AlvarBer)Persimmon/persimmon/view/blocks/block.py", line 3, in <module>: Can't find module 'persimmon.view.pins'. [import-error]
File "/home/bew/archive/typed_project/(AlvarBer)Persimmon/persimmon/view/blocks/block.py", line 5, in <module>: Can't find module 'kivy.uix.floatlayout'. [import-error]
File "/home/bew/archive/typed_project/(AlvarBer)Persimmon/persimmon/view/blocks/block.py", line 6, in <module>: Can't find module 'kivy.uix.behaviors'. [import-error]
File "/home/bew/archive/typed_project/(AlvarBer)Persimmon/persimmon/view/blocks/block.py", line 7, in <module>: Can't find module 'kivy.properties'. [import-error]
File "/home/bew/archive/typed_project/(AlvarBer)Persimmon/persimmon/view/blocks/block.py", line 9, in <module>: Can't find module 'kivy.lang'. [import-error]
File "/home/bew/archive/typed_project/(AlvarBer)Persimmon/persimmon/view/blocks/block.py", line 10, in <module>: Can't find module 'kivy.graphics'. [import-error]
File "/home/bew/archive/typed_project/(AlvarBer)Persimmon/persimmon/view/blocks/block.py", line 11, in <module>: Can't find module 'kivy.uix.image'. [import-error]
File "/home/bew/archive/typed_project/(AlvarBer)Persimmon/persimmon/view/blocks/block.py", line 14, in <module>: Can't find module 'kivy.input'. [import-error]
File "/home/bew/archive/typed_project/(AlvarBer)Persimmon/persimmon/view/blocks/block.py", line 15, in <module>: Can't find module 'kivy.core.window'. [import-error]
File "/home/bew/archive/typed_project/(AlvarBer)Persimmon/persimmon/view/blocks/block.py", line 24, in <module>: Stray abc.abstractmethod decorator on method Block.function [ignored-abstractmethod]
  (Block does not have metaclass abc.ABCMeta)

For more details, see https://google.github.io/pytype/errors.html.
ninja: build stopped: cannot make progress due to previous errors.
Computing dependencies
Analyzing 1 sources with 0 local dependencies

ninja: Entering directory `/home/bew/Desktop/wp2/temp3/.pytype'
[1/1] check predictblock
FAILED: /home/bew/Desktop/wp2/temp3/.pytype/pyi/predictblock.pyi 
/usr/bin/python3.6 -m pytype.single --imports_info /home/bew/Desktop/wp2/temp3/.pytype/imports/predictblock.imports --module-name predictblock -V 3.6 -o /home/bew/Desktop/wp2/temp3/.pytype/pyi/predictblock.pyi --analyze-annotated --nofail --quick '/home/bew/archive/typed_project/(AlvarBer)Persimmon/persimmon/view/blocks/predictblock.py'
File "/home/bew/archive/typed_project/(AlvarBer)Persimmon/persimmon/view/blocks/predictblock.py", line 1, in <module>: Can't find module 'persimmon.view.blocks.block'. [import-error]
File "/home/bew/archive/typed_project/(AlvarBer)Persimmon/persimmon/view/blocks/predictblock.py", line 2, in <module>: Can't find module 'persimmon.view.pins'. [import-error]
File "/home/bew/archive/typed_project/(AlvarBer)Persimmon/persimmon/view/blocks/predictblock.py", line 3, in <module>: Can't find module 'kivy.lang'. [import-error]
File "/home/bew/archive/typed_project/(AlvarBer)Persimmon/persimmon/view/blocks/predictblock.py", line 4, in <module>: Can't find module 'kivy.properties'. [import-error]

For more details, see https://google.github.io/pytype/errors.html#import-error.
ninja: build stopped: cannot make progress due to previous errors.
Computing dependencies
Analyzing 1 sources with 0 local dependencies

ninja: Entering directory `/home/bew/Desktop/wp2/temp3/.pytype'
[1/1] check knnblock
FAILED: /home/bew/Desktop/wp2/temp3/.pytype/pyi/knnblock.pyi 
/usr/bin/python3.6 -m pytype.single --imports_info /home/bew/Desktop/wp2/temp3/.pytype/imports/knnblock.imports --module-name knnblock -V 3.6 -o /home/bew/Desktop/wp2/temp3/.pytype/pyi/knnblock.pyi --analyze-annotated --nofail --quick '/home/bew/archive/typed_project/(AlvarBer)Persimmon/persimmon/view/blocks/knnblock.py'
File "/home/bew/archive/typed_project/(AlvarBer)Persimmon/persimmon/view/blocks/knnblock.py", line 1, in <module>: Can't find module 'persimmon.view.pins'. [import-error]
File "/home/bew/archive/typed_project/(AlvarBer)Persimmon/persimmon/view/blocks/knnblock.py", line 2, in <module>: Can't find module 'persimmon.view.blocks.block'. [import-error]
File "/home/bew/archive/typed_project/(AlvarBer)Persimmon/persimmon/view/blocks/knnblock.py", line 4, in <module>: Can't find module 'kivy.properties'. [import-error]
File "/home/bew/archive/typed_project/(AlvarBer)Persimmon/persimmon/view/blocks/knnblock.py", line 5, in <module>: Can't find module 'kivy.lang'. [import-error]

For more details, see https://google.github.io/pytype/errors.html#import-error.
ninja: build stopped: cannot make progress due to previous errors.
Computing dependencies
Analyzing 1 sources with 0 local dependencies

ninja: Entering directory `/home/bew/Desktop/wp2/temp3/.pytype'
[1/1] check tssplitblock
FAILED: /home/bew/Desktop/wp2/temp3/.pytype/pyi/tssplitblock.pyi 
/usr/bin/python3.6 -m pytype.single --imports_info /home/bew/Desktop/wp2/temp3/.pytype/imports/tssplitblock.imports --module-name tssplitblock -V 3.6 -o /home/bew/Desktop/wp2/temp3/.pytype/pyi/tssplitblock.pyi --analyze-annotated --nofail --quick '/home/bew/archive/typed_project/(AlvarBer)Persimmon/persimmon/view/blocks/tssplitblock.py'
File "/home/bew/archive/typed_project/(AlvarBer)Persimmon/persimmon/view/blocks/tssplitblock.py", line 1, in <module>: Can't find module 'persimmon.view.pins'. [import-error]
File "/home/bew/archive/typed_project/(AlvarBer)Persimmon/persimmon/view/blocks/tssplitblock.py", line 2, in <module>: Can't find module 'persimmon.view.blocks.block'. [import-error]
File "/home/bew/archive/typed_project/(AlvarBer)Persimmon/persimmon/view/blocks/tssplitblock.py", line 4, in <module>: Can't find module 'kivy.lang'. [import-error]
File "/home/bew/archive/typed_project/(AlvarBer)Persimmon/persimmon/view/blocks/tssplitblock.py", line 5, in <module>: Can't find module 'kivy.properties'. [import-error]

For more details, see https://google.github.io/pytype/errors.html#import-error.
ninja: build stopped: cannot make progress due to previous errors.
Computing dependencies
Analyzing 1 sources with 0 local dependencies

ninja: Entering directory `/home/bew/Desktop/wp2/temp3/.pytype'
[1/1] check csvoutblock
FAILED: /home/bew/Desktop/wp2/temp3/.pytype/pyi/csvoutblock.pyi 
/usr/bin/python3.6 -m pytype.single --imports_info /home/bew/Desktop/wp2/temp3/.pytype/imports/csvoutblock.imports --module-name csvoutblock -V 3.6 -o /home/bew/Desktop/wp2/temp3/.pytype/pyi/csvoutblock.pyi --analyze-annotated --nofail --quick '/home/bew/archive/typed_project/(AlvarBer)Persimmon/persimmon/view/blocks/csvoutblock.py'
File "/home/bew/archive/typed_project/(AlvarBer)Persimmon/persimmon/view/blocks/csvoutblock.py", line 1, in <module>: Can't find module 'persimmon.view.pins'. [import-error]
File "/home/bew/archive/typed_project/(AlvarBer)Persimmon/persimmon/view/blocks/csvoutblock.py", line 2, in <module>: Can't find module 'persimmon.view.util'. [import-error]
File "/home/bew/archive/typed_project/(AlvarBer)Persimmon/persimmon/view/blocks/csvoutblock.py", line 3, in <module>: Can't find module 'persimmon.view.blocks.block'. [import-error]
File "/home/bew/archive/typed_project/(AlvarBer)Persimmon/persimmon/view/blocks/csvoutblock.py", line 5, in <module>: Can't find module 'kivy.properties'. [import-error]
File "/home/bew/archive/typed_project/(AlvarBer)Persimmon/persimmon/view/blocks/csvoutblock.py", line 6, in <module>: Can't find module 'kivy.lang'. [import-error]

For more details, see https://google.github.io/pytype/errors.html#import-error.
ninja: build stopped: cannot make progress due to previous errors.
Computing dependencies
Analyzing 1 sources with 0 local dependencies

ninja: Entering directory `/home/bew/Desktop/wp2/temp3/.pytype'
[1/1] check fitblock
FAILED: /home/bew/Desktop/wp2/temp3/.pytype/pyi/fitblock.pyi 
/usr/bin/python3.6 -m pytype.single --imports_info /home/bew/Desktop/wp2/temp3/.pytype/imports/fitblock.imports --module-name fitblock -V 3.6 -o /home/bew/Desktop/wp2/temp3/.pytype/pyi/fitblock.pyi --analyze-annotated --nofail --quick '/home/bew/archive/typed_project/(AlvarBer)Persimmon/persimmon/view/blocks/fitblock.py'
File "/home/bew/archive/typed_project/(AlvarBer)Persimmon/persimmon/view/blocks/fitblock.py", line 1, in <module>: Can't find module 'persimmon.view.blocks.block'. [import-error]
File "/home/bew/archive/typed_project/(AlvarBer)Persimmon/persimmon/view/blocks/fitblock.py", line 2, in <module>: Can't find module 'persimmon.view.pins'. [import-error]
File "/home/bew/archive/typed_project/(AlvarBer)Persimmon/persimmon/view/blocks/fitblock.py", line 4, in <module>: Can't find module 'kivy.properties'. [import-error]
File "/home/bew/archive/typed_project/(AlvarBer)Persimmon/persimmon/view/blocks/fitblock.py", line 5, in <module>: Can't find module 'kivy.lang'. [import-error]

For more details, see https://google.github.io/pytype/errors.html#import-error.
ninja: build stopped: cannot make progress due to previous errors.
Computing dependencies
Analyzing 1 sources with 0 local dependencies

ninja: Entering directory `/home/bew/Desktop/wp2/temp3/.pytype'
[1/1] check dictblock
FAILED: /home/bew/Desktop/wp2/temp3/.pytype/pyi/dictblock.pyi 
/usr/bin/python3.6 -m pytype.single --imports_info /home/bew/Desktop/wp2/temp3/.pytype/imports/dictblock.imports --module-name dictblock -V 3.6 -o /home/bew/Desktop/wp2/temp3/.pytype/pyi/dictblock.pyi --analyze-annotated --nofail --quick '/home/bew/archive/typed_project/(AlvarBer)Persimmon/persimmon/view/blocks/dictblock.py'
File "/home/bew/archive/typed_project/(AlvarBer)Persimmon/persimmon/view/blocks/dictblock.py", line 1, in <module>: Can't find module 'persimmon.view.blocks.block'. [import-error]
File "/home/bew/archive/typed_project/(AlvarBer)Persimmon/persimmon/view/blocks/dictblock.py", line 2, in <module>: Can't find module 'persimmon.view.pins'. [import-error]
File "/home/bew/archive/typed_project/(AlvarBer)Persimmon/persimmon/view/blocks/dictblock.py", line 4, in <module>: Can't find module 'kivy.properties'. [import-error]
File "/home/bew/archive/typed_project/(AlvarBer)Persimmon/persimmon/view/blocks/dictblock.py", line 5, in <module>: Can't find module 'kivy.lang'. [import-error]

For more details, see https://google.github.io/pytype/errors.html#import-error.
ninja: build stopped: cannot make progress due to previous errors.
Computing dependencies
Analyzing 1 sources with 0 local dependencies

[RRepo](manzyun)Setsuna
