[RRepo](guardian)alerta
(guardian)alerta/alerta/utils/key.py: error: Duplicate module named 'key' (also at '/home/bew/archive/typed_project/(guardian)alerta/alerta/models/key.py')  [misc]
Found 1 error in 1 file (checked 95 source files)

[RRepo](michaeljoseph)changes
(michaeljoseph)changes/tests/test_attributes.py:5: error: No parent module -- cannot perform relative import  [misc]
Found 1 error in 1 file (checked 38 source files)

[RRepo](HoldYourBreath)Library
(HoldYourBreath)Library/tests/books/basic_book.py: error: Duplicate module named 'basic_book' (also at '/home/bew/archive/typed_project/(HoldYourBreath)Library/library/books/basic_book.py')  [misc]
Found 1 error in 1 file (checked 29 source files)

[RRepo](gaborvecsei)Color-Tracker
(gaborvecsei)Color-Tracker/color_tracker/utils/color_range_detector.py:15: error: Need type annotation for '_trackbars' (hint: "_trackbars: List[<type>] = ...")  [var-annotated]
(gaborvecsei)Color-Tracker/color_tracker/utils/tracker_object.py:7: error: Need type annotation for '_tracked_points'  [var-annotated]
(gaborvecsei)Color-Tracker/color_tracker/tracker/tracker.py:32: error: Need type annotation for '_tracked_objects' (hint: "_tracked_objects: List[<type>] = ...")  [var-annotated]
(gaborvecsei)Color-Tracker/color_tracker/tracker/tracker.py:66: error: Incompatible types in assignment (expression has type "Callable[[ColorTracker], None]", variable has type "None")  [assignment]
(gaborvecsei)Color-Tracker/color_tracker/tracker/tracker.py:157: error: Unsupported operand types for < ("int" and "None")  [operator]
(gaborvecsei)Color-Tracker/color_tracker/tracker/tracker.py:157: note: Right operand is of type "Optional[int]"
(gaborvecsei)Color-Tracker/color_tracker/tracker/tracker.py:172: error: "None" has no attribute "copy"  [attr-defined]
(gaborvecsei)Color-Tracker/color_tracker/utils/visualize.py:15: error: List comprehension has incompatible type List[List[int]]; expected List[Tuple[float, float, float]]  [misc]
Found 7 errors in 4 files (checked 8 source files)

[RRepo](chongkong)rocat
(chongkong)rocat/rocat/finder.py:7: error: Need type annotation for '_actors_refs' (hint: "_actors_refs: Dict[<type>, <type>] = ...")  [var-annotated]
(chongkong)rocat/rocat/role.py:9: error: Need type annotation for '_roles' (hint: "_roles: Dict[<type>, <type>] = ...")  [var-annotated]
(chongkong)rocat/rocat/actor.py:12: error: Need type annotation for 'contexts' (hint: "contexts: Dict[<type>, <type>] = ...")  [var-annotated]
(chongkong)rocat/rocat/actor.py:16: error: Incompatible return value type (got "Optional[Any]", expected "ActorContext")  [return-value]
Found 4 errors in 3 files (checked 7 source files)

[RRepo](juancarlospaco)anglerfish
(juancarlospaco)anglerfish/anglerfish/json2xml.py:13: error: Need type annotation for 'result_deque'  [var-annotated]
(juancarlospaco)anglerfish/anglerfish/make_autochecksum.py:28: error: Missing return statement  [return]
(juancarlospaco)anglerfish/anglerfish/make_autochecksum.py:30: error: Incompatible types in assignment (expression has type "Path", variable has type "str")  [assignment]
(juancarlospaco)anglerfish/anglerfish/make_autochecksum.py:31: error: "str" has no attribute "suffixes"  [attr-defined]
(juancarlospaco)anglerfish/anglerfish/make_autochecksum.py:32: error: "str" has no attribute "as_posix"  [attr-defined]
(juancarlospaco)anglerfish/anglerfish/make_autochecksum.py:33: error: "str" has no attribute "as_posix"  [attr-defined]
(juancarlospaco)anglerfish/anglerfish/make_autochecksum.py:33: error: "str" has no attribute "is_file"  [attr-defined]
(juancarlospaco)anglerfish/anglerfish/make_autochecksum.py:34: error: "str" has no attribute "as_posix"  [attr-defined]
(juancarlospaco)anglerfish/anglerfish/make_autochecksum.py:35: error: Incompatible return value type (got "bool", expected "Path")  [return-value]
(juancarlospaco)anglerfish/anglerfish/make_autochecksum.py:36: error: "str" has no attribute "as_posix"  [attr-defined]
(juancarlospaco)anglerfish/anglerfish/make_autochecksum.py:37: error: Incompatible return value type (got "bool", expected "Path")  [return-value]
(juancarlospaco)anglerfish/anglerfish/make_autochecksum.py:38: error: "str" has no attribute "as_posix"  [attr-defined]
(juancarlospaco)anglerfish/anglerfish/make_autochecksum.py:40: error: "str" has no attribute "as_posix"  [attr-defined]
(juancarlospaco)anglerfish/anglerfish/make_autochecksum.py:41: error: "str" has no attribute "rename"  [attr-defined]
(juancarlospaco)anglerfish/anglerfish/make_autochecksum.py:42: error: Incompatible return value type (got "str", expected "Path")  [return-value]
(juancarlospaco)anglerfish/anglerfish/make_autochecksum.py:43: error: "str" has no attribute "is_file"  [attr-defined]
(juancarlospaco)anglerfish/anglerfish/make_autochecksum.py:45: error: "str" has no attribute "as_posix"  [attr-defined]
(juancarlospaco)anglerfish/anglerfish/make_autochecksum.py:46: error: "str" has no attribute "rename"  [attr-defined]
(juancarlospaco)anglerfish/anglerfish/make_autochecksum.py:47: error: Incompatible return value type (got "str", expected "Path")  [return-value]
(juancarlospaco)anglerfish/anglerfish/string2stealth.py:16: error: Incompatible types in assignment (expression has type "object", variable has type "str")  [assignment]
(juancarlospaco)anglerfish/anglerfish/make_watch.py:12: error: Missing return statement  [return]
(juancarlospaco)anglerfish/anglerfish/make_watch.py:18: error: "object" has no attribute "debug"  [attr-defined]
(juancarlospaco)anglerfish/anglerfish/make_watch.py:18: error: "print" does not return a value  [func-returns-value]
(juancarlospaco)anglerfish/anglerfish/make_watch.py:33: error: "object" has no attribute "debug"  [attr-defined]
(juancarlospaco)anglerfish/anglerfish/make_watch.py:33: error: "print" does not return a value  [func-returns-value]
(juancarlospaco)anglerfish/anglerfish/autoslots_meta.py:25: error: Incompatible return type for "__new__" (returns "object", but must return a subtype of "AutoSlots_meta")  [misc]
(juancarlospaco)anglerfish/anglerfish/autoslots_meta.py:26: error: Need type annotation for 'original_slots' (hint: "original_slots: List[<type>] = ...")  [var-annotated]
(juancarlospaco)anglerfish/anglerfish/autoslots_meta.py:31: error: No overload variant of "__new__" of "type" matches argument types "Type[AutoSlots_meta]", "str", "List[Any]", "Dict[Any, Any]"  [call-overload]
(juancarlospaco)anglerfish/anglerfish/autoslots_meta.py:31: note: Possible overload variant:
(juancarlospaco)anglerfish/anglerfish/autoslots_meta.py:31: note:     def __new__(cls, cls: Type[type], name: str, bases: Tuple[type, ...], namespace: Dict[str, Any]) -> type
(juancarlospaco)anglerfish/anglerfish/autoslots_meta.py:31: note:     <1 more non-matching overload not shown>
(juancarlospaco)anglerfish/anglerfish/autoslots_meta.py:41: error: "expr" has no attribute "attr"  [attr-defined]
(juancarlospaco)anglerfish/anglerfish/autoslots_meta.py:55: error: No overload variant of "__new__" of "type" matches argument types "Type[AutoSlots_meta]", "str", "List[Any]", "Dict[Any, Any]"  [call-overload]
(juancarlospaco)anglerfish/anglerfish/autoslots_meta.py:55: note: Possible overload variant:
(juancarlospaco)anglerfish/anglerfish/autoslots_meta.py:55: note:     def __new__(cls, cls: Type[type], name: str, bases: Tuple[type, ...], namespace: Dict[str, Any]) -> type
(juancarlospaco)anglerfish/anglerfish/autoslots_meta.py:55: note:     <1 more non-matching overload not shown>
(juancarlospaco)anglerfish/anglerfish/stealth2string.py:24: error: Argument 1 to "decode" has incompatible type "str"; expected "bytes"  [arg-type]
(juancarlospaco)anglerfish/anglerfish/get_random_font.py:29: error: Incompatible types in assignment (expression has type "Tuple[str, ...]", variable has type "Tuple[str, str, str, str, str, str, str, str, str, str, str, str, str, str, str, str, str, str, str, str, str, str, str, str, str, str, str, str, str, str, str, str, str, str, str, str, str, str, str, str, str, str, str, str, str, str, str, str]")  [assignment]
(juancarlospaco)anglerfish/anglerfish/get_random_font.py:41: error: Incompatible types in assignment (expression has type "Tuple[str, ...]", variable has type "Tuple[str, str, str, str, str, str, str, str, str, str, str, str, str, str]")  [assignment]
(juancarlospaco)anglerfish/anglerfish/get_random_font.py:65: error: Incompatible types in assignment (expression has type "Tuple[str, ...]", variable has type <tuple: 101 items>)  [assignment]
(juancarlospaco)anglerfish/anglerfish/get_random_font.py:87: error: Incompatible types in assignment (expression has type "Tuple[str, ...]", variable has type <tuple: 92 items>)  [assignment]
(juancarlospaco)anglerfish/anglerfish/get_random_font.py:107: error: Incompatible types in assignment (expression has type "Tuple[str, ...]", variable has type <tuple: 80 items>)  [assignment]
(juancarlospaco)anglerfish/anglerfish/get_random_font.py:117: error: Incompatible types in assignment (expression has type "Tuple[str, ...]", variable has type "Tuple[str, str, str, str, str]")  [assignment]
(juancarlospaco)anglerfish/anglerfish/set_display_off.py:14: error: Missing return statement  [return]
(juancarlospaco)anglerfish/anglerfish/walk2dict.py:17: error: Incompatible import of "dumps" (imported name has type "Callable[[Any, bool, bool, bool, bool, Optional[Type[JSONEncoder]], Union[None, int, str], Optional[Tuple[str, str]], Optional[Callable[[Any], Any]], bool, KwArg(Any)], str]", local name has type "Callable[[Any, bool, int, bool, bool, bool, int], str]")  [misc]
(juancarlospaco)anglerfish/anglerfish/walk2dict.py:22: error: Function "collections.namedtuple" is not valid as a type  [valid-type]
(juancarlospaco)anglerfish/anglerfish/walk2dict.py:22: note: Perhaps you need "Callable[...]" or a callback protocol?
(juancarlospaco)anglerfish/anglerfish/walk2dict.py:32: error: Argument "onerror" to "walk" has incompatible type "Optional[object]"; expected "Optional[Callable[[OSError], Any]]"  [arg-type]
(juancarlospaco)anglerfish/anglerfish/walk2dict.py:50: error: Incompatible types in assignment (expression has type "List[str]", target has type "str")  [assignment]
(juancarlospaco)anglerfish/anglerfish/walk2dict.py:51: error: Incompatible types in assignment (expression has type "List[<nothing>]", target has type "str")  [assignment]
(juancarlospaco)anglerfish/anglerfish/walk2dict.py:58: error: 'os.stat_result' object is not iterable  [misc]
(juancarlospaco)anglerfish/anglerfish/walk2dict.py:60: error: Cannot determine type of 'mode'  [has-type]
(juancarlospaco)anglerfish/anglerfish/walk2dict.py:61: error: Cannot determine type of 'ino'  [has-type]
(juancarlospaco)anglerfish/anglerfish/walk2dict.py:62: error: Cannot determine type of 'dev'  [has-type]
(juancarlospaco)anglerfish/anglerfish/walk2dict.py:63: error: Cannot determine type of 'nlink'  [has-type]
(juancarlospaco)anglerfish/anglerfish/walk2dict.py:64: error: Cannot determine type of 'uid'  [has-type]
(juancarlospaco)anglerfish/anglerfish/walk2dict.py:65: error: Cannot determine type of 'gid'  [has-type]
(juancarlospaco)anglerfish/anglerfish/walk2dict.py:66: error: Cannot determine type of 'size'  [has-type]
(juancarlospaco)anglerfish/anglerfish/walk2dict.py:67: error: Cannot determine type of 'atime'  [has-type]
(juancarlospaco)anglerfish/anglerfish/walk2dict.py:68: error: Cannot determine type of 'mtime'  [has-type]
(juancarlospaco)anglerfish/anglerfish/walk2dict.py:69: error: Cannot determine type of 'ctime'  [has-type]
(juancarlospaco)anglerfish/anglerfish/walk2dict.py:70: error: "str" has no attribute "append"  [attr-defined]
(juancarlospaco)anglerfish/anglerfish/walk2dict.py:76: error: Too many arguments for "tuple"  [call-arg]
(juancarlospaco)anglerfish/anglerfish/seconds2human.py:19: error: Incompatible import of "dumps" (imported name has type "Callable[[Any, bool, bool, bool, bool, Optional[Type[JSONEncoder]], Union[None, int, str], Optional[Tuple[str, str]], Optional[Callable[[Any], Any]], bool, KwArg(Any)], str]", local name has type "Callable[[Any, bool, int, bool, bool, bool, int], str]")  [misc]
(juancarlospaco)anglerfish/anglerfish/seconds2human.py:22: error: Function "collections.namedtuple" is not valid as a type  [valid-type]
(juancarlospaco)anglerfish/anglerfish/seconds2human.py:22: note: Perhaps you need "Callable[...]" or a callback protocol?
(juancarlospaco)anglerfish/anglerfish/seconds2human.py:36: error: Too many arguments for "tuple"  [call-arg]
(juancarlospaco)anglerfish/anglerfish/seconds2human.py:41: error: Argument 1 to "tuple" has incompatible type "int"; expected "Iterable[Any]"  [arg-type]
(juancarlospaco)anglerfish/anglerfish/seconds2human.py:46: error: Need type annotation for 'time_parts'  [var-annotated]
(juancarlospaco)anglerfish/anglerfish/seconds2human.py:106: error: Too many arguments for "tuple"  [call-arg]
(juancarlospaco)anglerfish/anglerfish/seconds2human.py:113: error: Function "collections.namedtuple" is not valid as a type  [valid-type]
(juancarlospaco)anglerfish/anglerfish/seconds2human.py:113: note: Perhaps you need "Callable[...]" or a callback protocol?
(juancarlospaco)anglerfish/anglerfish/seconds2human.py:118: error: Function "collections.namedtuple" is not valid as a type  [valid-type]
(juancarlospaco)anglerfish/anglerfish/seconds2human.py:118: note: Perhaps you need "Callable[...]" or a callback protocol?
(juancarlospaco)anglerfish/anglerfish/seconds2human.py:120: error: Argument 1 to "timestamp2human" has incompatible type "float"; expected "int"  [arg-type]
(juancarlospaco)anglerfish/anglerfish/seconds2human.py:123: error: Function "collections.namedtuple" is not valid as a type  [valid-type]
(juancarlospaco)anglerfish/anglerfish/seconds2human.py:123: note: Perhaps you need "Callable[...]" or a callback protocol?
(juancarlospaco)anglerfish/anglerfish/seconds2human.py:126: error: Argument 1 to "timestamp2human" has incompatible type "float"; expected "int"  [arg-type]
(juancarlospaco)anglerfish/anglerfish/make_template_python.py:28: error: "str" has no attribute "read"  [attr-defined]
(juancarlospaco)anglerfish/anglerfish/make_template_python.py:32: error: Need type annotation for 'tokens'  [var-annotated]
(juancarlospaco)anglerfish/anglerfish/make_template_python.py:48: error: Need type annotation for 'html'  [var-annotated]
(juancarlospaco)anglerfish/anglerfish/make_log_exception.py:26: error: Item "None" of "Optional[TracebackType]" has no attribute "tb_next"  [union-attr]
(juancarlospaco)anglerfish/anglerfish/make_log_exception.py:28: error: Item "None" of "Optional[TracebackType]" has no attribute "tb_next"  [union-attr]
(juancarlospaco)anglerfish/anglerfish/make_log_exception.py:30: error: Item "None" of "Optional[TracebackType]" has no attribute "tb_frame"  [union-attr]
(juancarlospaco)anglerfish/anglerfish/get_free_port.py:14: error: Missing return statement  [return]
(juancarlospaco)anglerfish/anglerfish/set_single_instance.py:23: error: Incompatible types in assignment (expression has type "None", variable has type "socket")  [assignment]
(juancarlospaco)anglerfish/anglerfish/extended_json.py:48: error: Incompatible return value type (got "float", expected "str")  [return-value]
(juancarlospaco)anglerfish/anglerfish/extended_json.py:83: error: "dumps" gets multiple values for keyword argument "indent"  [misc]
(juancarlospaco)anglerfish/anglerfish/extended_json.py:83: error: "dumps" gets multiple values for keyword argument "separators"  [misc]
(juancarlospaco)anglerfish/anglerfish/extended_json.py:83: error: "dumps" gets multiple values for keyword argument "default"  [misc]
(juancarlospaco)anglerfish/anglerfish/extended_json.py:83: error: "dumps" gets multiple values for keyword argument "sort_keys"  [misc]
(juancarlospaco)anglerfish/anglerfish/make_beep.py:30: error: Need type annotation for 'wavedeque'  [var-annotated]
(juancarlospaco)anglerfish/anglerfish/set_desktop_launcher.py:15: error: Function "collections.namedtuple" is not valid as a type  [valid-type]
(juancarlospaco)anglerfish/anglerfish/set_desktop_launcher.py:15: note: Perhaps you need "Callable[...]" or a callback protocol?
(juancarlospaco)anglerfish/anglerfish/set_desktop_launcher.py:33: error: "chmod" of "Path" does not return a value  [func-returns-value]
(juancarlospaco)anglerfish/anglerfish/set_desktop_launcher.py:33: error: "debug" does not return a value  [func-returns-value]
(juancarlospaco)anglerfish/anglerfish/set_desktop_launcher.py:42: error: "chmod" of "Path" does not return a value  [func-returns-value]
(juancarlospaco)anglerfish/anglerfish/set_desktop_launcher.py:42: error: "debug" does not return a value  [func-returns-value]
(juancarlospaco)anglerfish/anglerfish/set_desktop_launcher.py:44: error: Too many arguments for "tuple"  [call-arg]
(juancarlospaco)anglerfish/anglerfish/set_desktop_launcher.py:44: error: Argument 1 to "tuple" has incompatible type "Path"; expected "Iterable[Any]"  [arg-type]
(juancarlospaco)anglerfish/anglerfish/walk2list.py:15: error: Incompatible import of "dumps" (imported name has type "Callable[[Any, bool, bool, bool, bool, Optional[Type[JSONEncoder]], Union[None, int, str], Optional[Tuple[str, str]], Optional[Callable[[Any], Any]], bool, KwArg(Any)], str]", local name has type "Callable[[Any, bool, int, bool, bool, bool, int], str]")  [misc]
(juancarlospaco)anglerfish/anglerfish/walk2list.py:20: error: Function "collections.namedtuple" is not valid as a type  [valid-type]
(juancarlospaco)anglerfish/anglerfish/walk2list.py:20: note: Perhaps you need "Callable[...]" or a callback protocol?
(juancarlospaco)anglerfish/anglerfish/walk2list.py:32: error: Argument "onerror" to "walk" has incompatible type "Optional[object]"; expected "Optional[Callable[[OSError], Any]]"  [arg-type]
(juancarlospaco)anglerfish/anglerfish/walk2list.py:40: error: Too many arguments for "tuple"  [call-arg]
(juancarlospaco)anglerfish/anglerfish/get_clipboard.py:90: error: Function "collections.namedtuple" is not valid as a type  [valid-type]
(juancarlospaco)anglerfish/anglerfish/get_clipboard.py:90: note: Perhaps you need "Callable[...]" or a callback protocol?
(juancarlospaco)anglerfish/anglerfish/get_clipboard.py:95: error: Too many arguments for "tuple"  [call-arg]
(juancarlospaco)anglerfish/anglerfish/path2import.py:22: error: Incompatible types in assignment (expression has type "Path", variable has type "str")  [assignment]
(juancarlospaco)anglerfish/anglerfish/path2import.py:23: error: "str" has no attribute "is_file"  [attr-defined]
(juancarlospaco)anglerfish/anglerfish/path2import.py:26: error: "str" has no attribute "as_posix"  [attr-defined]
(juancarlospaco)anglerfish/anglerfish/path2import.py:27: error: "str" has no attribute "as_posix"  [attr-defined]
(juancarlospaco)anglerfish/anglerfish/path2import.py:29: error: "str" has no attribute "as_posix"  [attr-defined]
(juancarlospaco)anglerfish/anglerfish/path2import.py:32: error: "str" has no attribute "stem"  [attr-defined]
(juancarlospaco)anglerfish/anglerfish/path2import.py:40: error: "str" has no attribute "as_posix"  [attr-defined]
(juancarlospaco)anglerfish/anglerfish/path2import.py:44: error: Item "None" of "Optional[_Loader]" has no attribute "load_module"  [union-attr]
(juancarlospaco)anglerfish/anglerfish/path2import.py:44: error: Too few arguments for "load_module" of "_Loader"  [call-arg]
(juancarlospaco)anglerfish/anglerfish/check_encoding.py:23: error: Module has no attribute "getfilesystemencodeerrors"; maybe "getfilesystemencoding"?  [attr-defined]
(juancarlospaco)anglerfish/anglerfish/make_notification.py:42: error: Argument 1 to "run" has incompatible type "Tuple[Optional[str], str, str, str, str]"; expected "Union[Union[bytes, str], Sequence[Union[bytes, str, _PathLike[Any]]]]"  [arg-type]
(juancarlospaco)anglerfish/anglerfish/make_notification.py:45: error: Incompatible types in assignment (expression has type "Tuple[Optional[str], str, str, str, str, str, str, str]", variable has type "Tuple[Optional[str], str, str, str, str]")  [assignment]
(juancarlospaco)anglerfish/anglerfish/make_notification.py:49: error: Argument 1 to "run" has incompatible type "Tuple[Optional[str], str, str, str, str]"; expected "Union[Union[bytes, str], Sequence[Union[bytes, str, _PathLike[Any]]]]"  [arg-type]
(juancarlospaco)anglerfish/anglerfish/make_notification.py:52: error: Incompatible types in assignment (expression has type "Tuple[Optional[str], str, str, str, str, str]", variable has type "Tuple[Optional[str], str, str, str, str]")  [assignment]
(juancarlospaco)anglerfish/anglerfish/make_notification.py:56: error: Argument 1 to "run" has incompatible type "Tuple[Optional[str], str, str, str, str]"; expected "Union[Union[bytes, str], Sequence[Union[bytes, str, _PathLike[Any]]]]"  [arg-type]
(juancarlospaco)anglerfish/anglerfish/bytes2human.py:15: error: Incompatible import of "dumps" (imported name has type "Callable[[Any, bool, bool, bool, bool, Optional[Type[JSONEncoder]], Union[None, int, str], Optional[Tuple[str, str]], Optional[Callable[[Any], Any]], bool, KwArg(Any)], str]", local name has type "Callable[[Any, bool, int, bool, bool, bool, int], str]")  [misc]
(juancarlospaco)anglerfish/anglerfish/bytes2human.py:18: error: Function "collections.namedtuple" is not valid as a type  [valid-type]
(juancarlospaco)anglerfish/anglerfish/bytes2human.py:18: note: Perhaps you need "Callable[...]" or a callback protocol?
(juancarlospaco)anglerfish/anglerfish/bytes2human.py:31: error: Too many arguments for "tuple"  [call-arg]
(juancarlospaco)anglerfish/anglerfish/bytes2human.py:34: error: Argument 1 to "tuple" has incompatible type "int"; expected "Iterable[Any]"  [arg-type]
(juancarlospaco)anglerfish/anglerfish/bytes2human.py:37: error: Need type annotation for 'bytes_parts'  [var-annotated]
(juancarlospaco)anglerfish/anglerfish/bytes2human.py:88: error: Too many arguments for "tuple"  [call-arg]
(juancarlospaco)anglerfish/anglerfish/make_json_flat.py:15: error: Incompatible import of "dumps" (imported name has type "Callable[[Any, bool, bool, bool, bool, Optional[Type[JSONEncoder]], Union[None, int, str], Optional[Tuple[str, str]], Optional[Callable[[Any], Any]], bool, KwArg(Any)], str]", local name has type "Callable[[Any, bool, int, bool, bool, bool, int], str]")  [misc]
(juancarlospaco)anglerfish/anglerfish/make_json_flat.py:18: error: Function "collections.namedtuple" is not valid as a type  [valid-type]
(juancarlospaco)anglerfish/anglerfish/make_json_flat.py:18: note: Perhaps you need "Callable[...]" or a callback protocol?
(juancarlospaco)anglerfish/anglerfish/make_json_flat.py:24: error: namedtuple? has no attribute "keys"  [attr-defined]
(juancarlospaco)anglerfish/anglerfish/make_json_flat.py:25: error: Value of type namedtuple? is not indexable  [index]
(juancarlospaco)anglerfish/anglerfish/make_json_flat.py:29: error: Too many arguments for "tuple"  [call-arg]
(juancarlospaco)anglerfish/anglerfish/get_random_pastel_color.py:192: error: Function "collections.namedtuple" is not valid as a type  [valid-type]
(juancarlospaco)anglerfish/anglerfish/get_random_pastel_color.py:192: note: Perhaps you need "Callable[...]" or a callback protocol?
(juancarlospaco)anglerfish/anglerfish/get_random_pastel_color.py:194: error: Argument 2 to "unpack" has incompatible type "str"; expected "Union[array[int], bytes, bytearray, memoryview, mmap]"  [arg-type]
(juancarlospaco)anglerfish/anglerfish/get_random_pastel_color.py:197: error: Function "collections.namedtuple" is not valid as a type  [valid-type]
(juancarlospaco)anglerfish/anglerfish/get_random_pastel_color.py:197: note: Perhaps you need "Callable[...]" or a callback protocol?
(juancarlospaco)anglerfish/anglerfish/get_random_pastel_color.py:217: error: Incompatible types in assignment (expression has type Tuple[str, str, ... <27 more items>], variable has type Tuple[str, str, ... <30 more items>])  [assignment]
(juancarlospaco)anglerfish/anglerfish/get_random_pastel_color.py:219: error: Incompatible types in assignment (expression has type Tuple[str, str, ... <59 more items>], variable has type Tuple[str, str, ... <30 more items>])  [assignment]
(juancarlospaco)anglerfish/anglerfish/get_random_pastel_color.py:222: error: Incompatible types in assignment (expression has type "Tuple[str, ...]", variable has type "Tuple[str, str, str, str, str, str, str, str, str, str, str, str, str, str, str, str, str, str, str, str, str, str, str, str, str, str, str, str, str, str, str, str]")  [assignment]
(juancarlospaco)anglerfish/anglerfish/get_random_pastel_color.py:227: error: namedtuple? has no attribute "red"  [attr-defined]
(juancarlospaco)anglerfish/anglerfish/get_random_pastel_color.py:227: error: namedtuple? has no attribute "green"  [attr-defined]
(juancarlospaco)anglerfish/anglerfish/get_random_pastel_color.py:227: error: namedtuple? has no attribute "blue"  [attr-defined]
(juancarlospaco)anglerfish/anglerfish/get_random_pastel_color.py:228: error: namedtuple? has no attribute "red"  [attr-defined]
(juancarlospaco)anglerfish/anglerfish/get_random_pastel_color.py:228: error: namedtuple? has no attribute "green"  [attr-defined]
(juancarlospaco)anglerfish/anglerfish/get_random_pastel_color.py:228: error: namedtuple? has no attribute "blue"  [attr-defined]
(juancarlospaco)anglerfish/anglerfish/get_random_pastel_color.py:229: error: namedtuple? has no attribute "red"  [attr-defined]
(juancarlospaco)anglerfish/anglerfish/get_random_pastel_color.py:229: error: namedtuple? has no attribute "green"  [attr-defined]
(juancarlospaco)anglerfish/anglerfish/get_random_pastel_color.py:229: error: namedtuple? has no attribute "blue"  [attr-defined]
(juancarlospaco)anglerfish/anglerfish/get_random_pastel_color.py:231: error: Too many arguments for "tuple"  [call-arg]
(juancarlospaco)anglerfish/anglerfish/get_random_pastel_color.py:231: error: Incompatible types in assignment (expression has type "Tuple[Any, ...]", variable has type "Tuple[float, float, float]")  [assignment]
(juancarlospaco)anglerfish/anglerfish/get_random_pastel_color.py:232: error: Argument 1 to "tuple" has incompatible type "float"; expected "Iterable[Any]"  [arg-type]
(juancarlospaco)anglerfish/anglerfish/get_random_pastel_color.py:233: error: Too many arguments for "tuple"  [call-arg]
(juancarlospaco)anglerfish/anglerfish/get_random_pastel_color.py:233: error: Incompatible types in assignment (expression has type "Tuple[Any, ...]", variable has type "Tuple[float, float, float]")  [assignment]
(juancarlospaco)anglerfish/anglerfish/get_random_pastel_color.py:234: error: Argument 1 to "tuple" has incompatible type "float"; expected "Iterable[Any]"  [arg-type]
(juancarlospaco)anglerfish/anglerfish/get_random_pastel_color.py:235: error: Too many arguments for "tuple"  [call-arg]
(juancarlospaco)anglerfish/anglerfish/get_random_pastel_color.py:235: error: Incompatible types in assignment (expression has type "Tuple[Any, ...]", variable has type "Tuple[float, float, float]")  [assignment]
(juancarlospaco)anglerfish/anglerfish/get_random_pastel_color.py:236: error: Argument 1 to "tuple" has incompatible type "float"; expected "Iterable[Any]"  [arg-type]
(juancarlospaco)anglerfish/anglerfish/get_random_pastel_color.py:239: error: Too many arguments for "tuple"  [call-arg]
(juancarlospaco)anglerfish/anglerfish/get_random_pastel_color.py:241: error: namedtuple? has no attribute "red"  [attr-defined]
(juancarlospaco)anglerfish/anglerfish/get_random_pastel_color.py:241: error: namedtuple? has no attribute "green"  [attr-defined]
(juancarlospaco)anglerfish/anglerfish/get_random_pastel_color.py:241: error: namedtuple? has no attribute "blue"  [attr-defined]
(juancarlospaco)anglerfish/anglerfish/get_random_pastel_color.py:242: error: namedtuple? has no attribute "red"  [attr-defined]
(juancarlospaco)anglerfish/anglerfish/get_random_pastel_color.py:242: error: namedtuple? has no attribute "green"  [attr-defined]
(juancarlospaco)anglerfish/anglerfish/get_random_pastel_color.py:242: error: namedtuple? has no attribute "blue"  [attr-defined]
(juancarlospaco)anglerfish/anglerfish/make_postexec_message.py:21: error: Incompatible types in assignment (expression has type "None", variable has type Module)  [assignment]
(juancarlospaco)anglerfish/anglerfish/make_multiprocess.py:36: error: Value of type "int" is not indexable  [index]
(juancarlospaco)anglerfish/anglerfish/make_multiprocess.py:38: error: Argument 1 to "len" has incompatible type "int"; expected "Sized"  [arg-type]
(juancarlospaco)anglerfish/anglerfish/make_multiprocess.py:85: error: Incompatible return value type (got "List[List[float]]", expected "int")  [return-value]
(juancarlospaco)anglerfish/anglerfish/make_multiprocess.py:92: error: Incompatible return value type (got "List[Any]", expected "__MultiProcessed")  [return-value]
(juancarlospaco)anglerfish/anglerfish/make_multiprocess.py:92: error: Argument 3 to "_multi_cpu" of "__MultiProcessed" has incompatible type "Optional[int]"; expected "int"  [arg-type]
(juancarlospaco)anglerfish/anglerfish/make_chainable_future.py:52: error: "ChainableFuture" has no attribute "set_exception_info"  [attr-defined]
(juancarlospaco)anglerfish/anglerfish/make_chainable_future.py:85: error: "ChainableFuture" has no attribute "set_exception_info"  [attr-defined]
(juancarlospaco)anglerfish/anglerfish/make_chainable_future.py:97: error: "ChainableFuture" has no attribute "set_exception_info"  [attr-defined]
(juancarlospaco)anglerfish/anglerfish/url2path.py:44: error: Argument "data" to "urlopen" has incompatible type "Dict[Any, Any]"; expected "Optional[bytes]"  [arg-type]
(juancarlospaco)anglerfish/anglerfish/url2path.py:44: error: Argument "context" to "urlopen" has incompatible type "object"; expected "Optional[SSLContext]"  [arg-type]
(juancarlospaco)anglerfish/anglerfish/url2path.py:63: error: Argument "data" to "urlopen" has incompatible type "Dict[Any, Any]"; expected "Optional[bytes]"  [arg-type]
(juancarlospaco)anglerfish/anglerfish/url2path.py:63: error: Argument "context" to "urlopen" has incompatible type "object"; expected "Optional[SSLContext]"  [arg-type]
(juancarlospaco)anglerfish/anglerfish/url2path.py:76: error: Dict entry 1 has incompatible type "str": "int"; expected "str": "str"  [dict-item]
(juancarlospaco)anglerfish/anglerfish/url2path.py:78: error: Argument "data" to "urlopen" has incompatible type "Dict[Any, Any]"; expected "Optional[bytes]"  [arg-type]
(juancarlospaco)anglerfish/anglerfish/url2path.py:78: error: Argument "context" to "urlopen" has incompatible type "object"; expected "Optional[SSLContext]"  [arg-type]
(juancarlospaco)anglerfish/anglerfish/url2path.py:105: error: Incompatible return value type (got "str", expected "Path")  [return-value]
(juancarlospaco)anglerfish/anglerfish/url2path.py:106: error: Need type annotation for 'dataDict' (hint: "dataDict: Dict[<type>, <type>] = ...")  [var-annotated]
(juancarlospaco)anglerfish/anglerfish/url2path.py:112: error: namedtuple? has no attribute "human"  [attr-defined]
(juancarlospaco)anglerfish/anglerfish/url2path.py:113: error: Argument "data" to "_get_size" has incompatible type "Optional[Dict[Any, Any]]"; expected "Dict[Any, Any]"  [arg-type]
(juancarlospaco)anglerfish/anglerfish/url2path.py:113: error: Argument "timeout" to "_get_size" has incompatible type "Optional[int]"; expected "int"  [arg-type]
(juancarlospaco)anglerfish/anglerfish/url2path.py:118: error: Argument "data" to "_download_simple" has incompatible type "Optional[Dict[Any, Any]]"; expected "Dict[Any, Any]"  [arg-type]
(juancarlospaco)anglerfish/anglerfish/url2path.py:119: error: Argument "timeout" to "_download_simple" has incompatible type "Optional[int]"; expected "int"  [arg-type]
(juancarlospaco)anglerfish/anglerfish/url2path.py:122: error: Incompatible types in assignment (expression has type "Path", variable has type "Optional[str]")  [assignment]
(juancarlospaco)anglerfish/anglerfish/url2path.py:141: error: Incompatible types in assignment (expression has type "Path", variable has type "Optional[str]")  [assignment]
(juancarlospaco)anglerfish/anglerfish/url2path.py:151: error: namedtuple? has no attribute "human"  [attr-defined]
(juancarlospaco)anglerfish/anglerfish/url2path.py:152: error: namedtuple? has no attribute "human"  [attr-defined]
(juancarlospaco)anglerfish/anglerfish/url2path.py:153: error: namedtuple? has no attribute "human"  [attr-defined]
(juancarlospaco)anglerfish/anglerfish/url2path.py:154: error: namedtuple? has no attribute "human"  [attr-defined]
(juancarlospaco)anglerfish/anglerfish/url2path.py:157: error: Too many arguments for "tuple"  [call-arg]
(juancarlospaco)anglerfish/anglerfish/url2path.py:157: error: Incompatible return value type (got "Tuple[Any, ...]", expected "Path")  [return-value]
(juancarlospaco)anglerfish/anglerfish/url2path.py:163: error: Argument 1 to "tuple" has incompatible type "Path"; expected "Iterable[Any]"  [arg-type]
(juancarlospaco)anglerfish/anglerfish/get_public_ip.py:12: error: Function "ipaddress.ip_address" is not valid as a type  [valid-type]
(juancarlospaco)anglerfish/anglerfish/get_public_ip.py:12: note: Perhaps you need "Callable[...]" or a callback protocol?
(juancarlospaco)anglerfish/anglerfish/make_tinyslation.py:15: error: Incompatible import of "loads" (imported name has type "Callable[[Union[str, bytes, bytearray], Any, Optional[Type[JSONDecoder]], Optional[Callable[[Dict[Any, Any]], Any]], Optional[Callable[[str], Any]], Optional[Callable[[str], Any]], Optional[Callable[[str], Any]], Optional[Callable[[List[Tuple[Any, Any]]], Any]], KwArg(Any)], Any]", local name has type "Callable[[AnyStr, bool], Any]")  [misc]
(juancarlospaco)anglerfish/anglerfish/make_tinyslation.py:18: error: Value of type "Optional[str]" is not indexable  [index]
(juancarlospaco)anglerfish/anglerfish/make_tinyslation.py:26: error: Dict entry 1 has incompatible type "str": "int"; expected "str": "str"  [dict-item]
(juancarlospaco)anglerfish/anglerfish/make_datauri.py:37: error: Incompatible default for argument "cwebp" (default has type "Optional[str]", argument has type "str")  [assignment]
(juancarlospaco)anglerfish/anglerfish/make_datauri.py:41: error: Incompatible return value type (got "Path", expected "str")  [return-value]
(juancarlospaco)anglerfish/anglerfish/make_datauri.py:46: error: Incompatible return value type (got "Path", expected "str")  [return-value]
(juancarlospaco)anglerfish/anglerfish/make_datauri.py:64: error: Argument 1 to "urlsafe_b64encode" has incompatible type "str"; expected "bytes"  [arg-type]
(juancarlospaco)anglerfish/anglerfish/make_datauri.py:74: error: Incompatible types in assignment (expression has type "Path", variable has type "str")  [assignment]
(juancarlospaco)anglerfish/anglerfish/make_datauri.py:75: error: "str" has no attribute "suffix"  [attr-defined]
(juancarlospaco)anglerfish/anglerfish/make_datauri.py:77: error: Argument 1 to "make" of "DataURI" has incompatible type "Optional[str]"; expected "str"  [arg-type]
(juancarlospaco)anglerfish/anglerfish/make_datauri.py:77: error: "str" has no attribute "suffix"  [attr-defined]
(juancarlospaco)anglerfish/anglerfish/make_datauri.py:78: error: "str" has no attribute "read_bytes"  [attr-defined]
(juancarlospaco)anglerfish/anglerfish/make_datauri.py:87: error: Incompatible return type for "__new__" (returns "str", but must return a subtype of "DataURI")  [misc]
(juancarlospaco)anglerfish/anglerfish/make_datauri.py:89: error: Too many arguments for "__new__" of "object"  [call-arg]
(juancarlospaco)anglerfish/anglerfish/make_datauri.py:104: error: namedtuple? has no attribute "mimetype"  [attr-defined]
(juancarlospaco)anglerfish/anglerfish/make_datauri.py:114: error: namedtuple? has no attribute "is_base64"  [attr-defined]
(juancarlospaco)anglerfish/anglerfish/make_datauri.py:119: error: namedtuple? has no attribute "data"  [attr-defined]
(juancarlospaco)anglerfish/anglerfish/make_datauri.py:122: error: Function "collections.namedtuple" is not valid as a type  [valid-type]
(juancarlospaco)anglerfish/anglerfish/make_datauri.py:122: note: Perhaps you need "Callable[...]" or a callback protocol?
(juancarlospaco)anglerfish/anglerfish/make_datauri.py:131: error: Incompatible types in assignment (expression has type "str", variable has type "bytes")  [assignment]
(juancarlospaco)anglerfish/anglerfish/make_datauri.py:132: error: Too many arguments for "tuple"  [call-arg]
(juancarlospaco)anglerfish/anglerfish/make_datauri.py:133: error: Argument 1 to "tuple" has incompatible type "Optional[str]"; expected "Iterable[Any]"  [arg-type]
(juancarlospaco)anglerfish/anglerfish/check_folder.py:17: error: Incompatible import of "bytes2human" (imported name has type Module, local name has type "Callable[[int], namedtuple?]")  [misc]
(juancarlospaco)anglerfish/anglerfish/__init__.py:28: error: Incompatible types in assignment (expression has type "None", variable has type Module)  [assignment]
(juancarlospaco)anglerfish/anglerfish/__init__.py:51: error: Module 'anglerfish.get_random_pastel_color' has no attribute 'get_random_pasteldark_color'; maybe "get_random_pastel_color"?  [attr-defined]
(juancarlospaco)anglerfish/anglerfish/__init__.py:51: error: Module 'anglerfish.get_random_pastel_color' has no attribute 'get_random_pastelight_color'; maybe "get_random_pastel_color"?  [attr-defined]
(juancarlospaco)anglerfish/anglerfish/__init__.py:206: error: Incompatible types in assignment (expression has type "Type[_ZipRotator]", variable has type "Optional[Callable[[str, str], None]]")  [assignment]
(juancarlospaco)anglerfish/anglerfish/__init__.py:217: error: "enable" does not return a value  [func-returns-value]
(juancarlospaco)anglerfish/anglerfish/__init__.py:217: error: Argument 1 to "enable" has incompatible type "object"; expected "Union[_HasFileno, int]"  [arg-type]
(juancarlospaco)anglerfish/anglerfish/__init__.py:220: error: Missing return statement  [return]
(juancarlospaco)anglerfish/tests/test_get_json_pretty.py:10: error: Module 'anglerfish' has no attribute 'json_pretty'  [attr-defined]
(juancarlospaco)anglerfish/tests/test_path2import.py:17: error: Cannot infer type of lambda  [misc]
(juancarlospaco)anglerfish/tests/test_path2import.py:17: error: Incompatible types in assignment (expression has type "Callable[[Any, Any, Any], int]", variable has type "Callable[[str, str], bool]")  [assignment]
(juancarlospaco)anglerfish/examples/basic.py:15: error: Module 'anglerfish' has no attribute 'json_pretty'  [attr-defined]
(juancarlospaco)anglerfish/examples/basic.py:15: error: Module 'anglerfish' has no attribute 'typecheck'  [attr-defined]
(juancarlospaco)anglerfish/examples/basic.py:108: error: 'namedtuple?' object is not iterable  [misc]
(juancarlospaco)anglerfish/examples/basic.py:109: error: Cannot determine type of 'clipboard_copy'  [has-type]
(juancarlospaco)anglerfish/examples/basic.py:110: error: Cannot determine type of 'clipboard_paste'  [has-type]
(juancarlospaco)anglerfish/examples/basic.py:125: error: Too many arguments for "bytes2human"  [call-arg]
(juancarlospaco)anglerfish/examples/basic.py:126: error: Too many arguments for "bytes2human"  [call-arg]
(juancarlospaco)anglerfish/examples/basic.py:127: error: Too many arguments for "bytes2human"  [call-arg]
(juancarlospaco)anglerfish/examples/basic.py:128: error: Too many arguments for "bytes2human"  [call-arg]
(juancarlospaco)anglerfish/examples/basic.py:129: error: Too many arguments for "bytes2human"  [call-arg]
(juancarlospaco)anglerfish/examples/basic.py:159: error: Name 'process_job' already defined on line 140  [no-redef]
(juancarlospaco)anglerfish/examples/basic.py:159: error: "object" not callable  [operator]
(juancarlospaco)anglerfish/examples/basic.py:164: error: Too few arguments for "process_job"  [call-arg]
(juancarlospaco)anglerfish/examples/basic.py:176: error: Argument 2 to "walk2list" has incompatible type "str"; expected "Tuple[Any, ...]"  [arg-type]
(juancarlospaco)anglerfish/examples/basic.py:176: error: Argument 3 to "walk2list" has incompatible type "str"; expected "Tuple[Any, ...]"  [arg-type]
(juancarlospaco)anglerfish/examples/basic.py:177: error: Unexpected keyword argument "tuply" for "walk2list"  [call-arg]
(juancarlospaco)anglerfish/anglerfish/walk2list.py:18: note: "walk2list" defined here
(juancarlospaco)anglerfish/examples/basic.py:177: error: Argument 2 to "walk2list" has incompatible type "str"; expected "Tuple[Any, ...]"  [arg-type]
(juancarlospaco)anglerfish/examples/basic.py:177: error: Argument 3 to "walk2list" has incompatible type "str"; expected "Tuple[Any, ...]"  [arg-type]
(juancarlospaco)anglerfish/examples/basic.py:178: error: Unexpected keyword argument "namedtuple" for "walk2list"  [call-arg]
(juancarlospaco)anglerfish/anglerfish/walk2list.py:18: note: "walk2list" defined here
(juancarlospaco)anglerfish/examples/basic.py:178: error: Argument 2 to "walk2list" has incompatible type "str"; expected "Tuple[Any, ...]"  [arg-type]
(juancarlospaco)anglerfish/examples/basic.py:178: error: Argument 3 to "walk2list" has incompatible type "str"; expected "Tuple[Any, ...]"  [arg-type]
(juancarlospaco)anglerfish/examples/basic.py:182: error: Module not callable  [operator]
(juancarlospaco)anglerfish/examples/basic.py:183: error: Module not callable  [operator]
(juancarlospaco)anglerfish/examples/basic.py:184: error: Module not callable  [operator]
(juancarlospaco)anglerfish/examples/basic.py:185: error: Module not callable  [operator]
(juancarlospaco)anglerfish/examples/basic.py:188: error: Module not callable  [operator]
(juancarlospaco)anglerfish/examples/basic.py:189: error: Module not callable  [operator]
(juancarlospaco)anglerfish/examples/basic.py:190: error: Module not callable  [operator]
(juancarlospaco)anglerfish/examples/basic.py:191: error: Module not callable  [operator]
(juancarlospaco)anglerfish/examples/basic.py:199: error: Argument 1 to "walk2dict" has incompatible type "str"; expected "Path"  [arg-type]
(juancarlospaco)anglerfish/examples/basic.py:200: error: Unexpected keyword argument "ordereddict" for "walk2dict"  [call-arg]
(juancarlospaco)anglerfish/anglerfish/walk2dict.py:20: note: "walk2dict" defined here
(juancarlospaco)anglerfish/examples/basic.py:200: error: Argument 1 to "walk2dict" has incompatible type "str"; expected "Path"  [arg-type]
(juancarlospaco)anglerfish/examples/basic.py:201: error: Unexpected keyword argument "jsony" for "walk2dict"  [call-arg]
(juancarlospaco)anglerfish/anglerfish/walk2dict.py:20: note: "walk2dict" defined here
(juancarlospaco)anglerfish/examples/basic.py:201: error: Unexpected keyword argument "ordereddict" for "walk2dict"  [call-arg]
(juancarlospaco)anglerfish/anglerfish/walk2dict.py:20: note: "walk2dict" defined here
(juancarlospaco)anglerfish/examples/basic.py:201: error: Argument 1 to "walk2dict" has incompatible type "str"; expected "Path"  [arg-type]
(juancarlospaco)anglerfish/examples/basic.py:272: error: "object" has no attribute "module_content"  [attr-defined]
(juancarlospaco)anglerfish/examples/basic.py:312: error: Argument 1 to "autochecksum" has incompatible type "Path"; expected "str"  [arg-type]
(juancarlospaco)anglerfish/examples/slots.py:24: error: "TestinClass" has no attribute "c"  [attr-defined]
Found 254 errors in 38 files (checked 65 source files)

[RRepo](martin-ejdestig)rayni-staging
(martin-ejdestig)rayni-staging/tools/download_scene_data.py:140: error: Argument 1 to "_read_chunks" has incompatible type "IO[Any]"; expected "BinaryIO"  [arg-type]
Found 1 error in 1 file (checked 1 source file)

[RRepo](usc-isi-i2)etk
(usc-isi-i2)etk/etk/cli/bitcoin_address_extractor.py: error: Duplicate module named 'bitcoin_address_extractor' (also at '/home/bew/archive/typed_project/(usc-isi-i2)etk/etk/extractors/bitcoin_address_extractor.py')  [misc]
Found 1 error in 1 file (checked 158 source files)

[RRepo](vmagamedov)asyncgrpc
(vmagamedov)asyncgrpc/grpclib/metadata.py:10: error: No parent module -- cannot perform relative import  [misc]
Found 1 error in 1 file (checked 33 source files)

[RRepo](lk-geimfari)elizabeth
(lk-geimfari)elizabeth/tests/test_providers/test_path.py:9: error: No parent module -- cannot perform relative import  [misc]
Found 1 error in 1 file (checked 29 source files)

[RRepo](Simon-Tang)py_dream_cheeky
(Simon-Tang)py_dream_cheeky/py_dream_cheeky/__init__.py:21: error: Need type annotation for 'event_queue'  [var-annotated]
Found 1 error in 1 file (checked 2 source files)

[RRepo](IfcOpenShell)IfcOpenShell
(IfcOpenShell)IfcOpenShell/src/ifcopenshell-python/ifcopenshell/entity_instance.py:28: error: No parent module -- cannot perform relative import  [misc]
Found 1 error in 1 file (checked 4 source files)

[RRepo](tmercswims)tmerc-cogs
(tmercswims)tmerc-cogs/streamrole/streamrole.py:13: error: Unsupported dynamic base class "getattr"  [misc]
(tmercswims)tmerc-cogs/massdm/massdm.py:11: error: Unsupported dynamic base class "getattr"  [misc]
(tmercswims)tmerc-cogs/nestedcommands/nestedcommands.py:19: error: Unsupported dynamic base class "getattr"  [misc]
(tmercswims)tmerc-cogs/catfact/catfact.py:11: error: Unsupported dynamic base class "getattr"  [misc]
(tmercswims)tmerc-cogs/lenny/lenny.py:33: error: Unsupported dynamic base class "getattr"  [misc]
(tmercswims)tmerc-cogs/randimals/randimals.py:15: error: Unsupported dynamic base class "getattr"  [misc]
Found 6 errors in 6 files (checked 14 source files)

[RRepo](isogeo)isogeo-plugin-qgis

[RRepo](eightnoteight)aschedule
Success: no issues found in 8 source files

[RRepo](jreese)aiosqlite
Success: no issues found in 5 source files

[RRepo](samuelcolvin)grablib
(samuelcolvin)grablib/grablib/build.py:150: error: Incompatible return value type (got "None", expected "Callable[[str, str], str]")  [return-value]
(samuelcolvin)grablib/grablib/build.py:155: error: Unexpected keyword argument "quote_chars"  [call-arg]
(samuelcolvin)grablib/grablib/build.py:174: error: Incompatible default for argument "custom_functions" (default has type "Tuple[]", argument has type "Union[Dict[Any, Any], Set[Any], List[Any]]")  [assignment]
(samuelcolvin)grablib/grablib/build.py:175: error: Incompatible default for argument "extra_importers" (default has type "Tuple[]", argument has type "List[Any]")  [assignment]
(samuelcolvin)grablib/grablib/build.py:196: error: Need type annotation for '_old_size_cache' (hint: "_old_size_cache: Dict[<type>, <type>] = ...")  [var-annotated]
(samuelcolvin)grablib/grablib/build.py:197: error: Need type annotation for '_new_size_cache' (hint: "_new_size_cache: Dict[<type>, <type>] = ...")  [var-annotated]
(samuelcolvin)grablib/grablib/build.py:257: error: Argument 1 to "insert_hash" has incompatible type "Optional[Path]"; expected "Path"  [arg-type]
(samuelcolvin)grablib/grablib/build.py:261: error: Item "None" of "Optional[Path]" has no attribute "name"  [union-attr]
(samuelcolvin)grablib/grablib/build.py:262: error: Item "None" of "Optional[Path]" has no attribute "write_text"  [union-attr]
(samuelcolvin)grablib/grablib/build.py:272: error: Unsupported operand types for + ("None" and "int")  [operator]
(samuelcolvin)grablib/grablib/build.py:288: error: Unsupported operand types for + ("None" and "int")  [operator]
(samuelcolvin)grablib/grablib/download.py:49: error: Need type annotation for '_new_lock' (hint: "_new_lock: List[<type>] = ...")  [var-annotated]
(samuelcolvin)grablib/grablib/download.py:96: error: "None" has no attribute "get"  [attr-defined]
(samuelcolvin)grablib/grablib/download.py:251: error: "None" has no attribute "pop"  [attr-defined]
(samuelcolvin)grablib/grablib/download.py:263: error: Need type annotation for 'current_lock' (hint: "current_lock: Dict[<type>, <type>] = ...")  [var-annotated]
(samuelcolvin)grablib/grablib/download.py:278: error: Incompatible types in assignment (expression has type "List[object]", target has type "Tuple[str, str]")  [assignment]
(samuelcolvin)grablib/grablib/download.py:286: error: Incompatible types in assignment (expression has type "List[Tuple[str, str]]", variable has type "Tuple[str, str]")  [assignment]
Found 17 errors in 2 files (checked 6 source files)

[RRepo](uthcode)learntosolveit
(uthcode)learntosolveit/utils/bin/add_program.py:102: error: invalid syntax  [syntax]
Found 1 error in 1 file (checked 140 source files)

[RRepo](benwebber)sqlite3-uuid
Success: no issues found in 2 source files

[RRepo](timercrack)pydatacoll
(timercrack)pydatacoll/pydatacoll/plugins/device_manage.py:27: error: Need type annotation for 'device_dict' (hint: "device_dict: Dict[<type>, <type>] = ...")  [var-annotated]
(timercrack)pydatacoll/pydatacoll/plugins/device_manage.py:28: error: Need type annotation for 'protocol_dict' (hint: "protocol_dict: Dict[<type>, <type>] = ...")  [var-annotated]
(timercrack)pydatacoll/pydatacoll/plugins/formula_calc.py:26: error: Name 'json' already defined (by an import)  [no-redef]
(timercrack)pydatacoll/pydatacoll/plugins/formula_calc.py:40: error: Need type annotation for 'formula_dict' (hint: "formula_dict: Dict[<type>, <type>] = ...")  [var-annotated]
(timercrack)pydatacoll/pydatacoll/plugins/formula_calc.py:41: error: Need type annotation for 'pandas_dict' (hint: "pandas_dict: Dict[<type>, <type>] = ...")  [var-annotated]
(timercrack)pydatacoll/pydatacoll/plugins/formula_calc.py:43: error: Name 'config' is not defined  [name-defined]
(timercrack)pydatacoll/pydatacoll/plugins/formula_calc.py:112: error: "Tuple[Any, ...]" has no attribute "value"  [attr-defined]
(timercrack)pydatacoll/pydatacoll/plugins/formula_calc.py:113: error: "Tuple[Any, ...]" has no attribute "time"  [attr-defined]
(timercrack)pydatacoll/pydatacoll/plugins/formula_calc.py:113: error: "Tuple[Any, ...]" has no attribute "value"  [attr-defined]
(timercrack)pydatacoll/pydatacoll/plugins/formula_calc.py:115: error: "Tuple[Any, ...]" has no attribute "value"  [attr-defined]
(timercrack)pydatacoll/pydatacoll/plugins/formula_calc.py:120: error: "Tuple[Any, ...]" has no attribute "value"  [attr-defined]
(timercrack)pydatacoll/pydatacoll/plugins/db_save.py:23: error: Name 'json' already defined (by an import)  [no-redef]
(timercrack)pydatacoll/pydatacoll/plugins/db_save.py:34: error: Name 'config' is not defined  [name-defined]
(timercrack)pydatacoll/pydatacoll/plugins/db_save.py:35: error: Name 'config' is not defined  [name-defined]
(timercrack)pydatacoll/pydatacoll/plugins/db_save.py:36: error: Name 'config' is not defined  [name-defined]
(timercrack)pydatacoll/pydatacoll/plugins/db_save.py:37: error: Name 'config' is not defined  [name-defined]
(timercrack)pydatacoll/pydatacoll/plugins/db_save.py:38: error: Name 'config' is not defined  [name-defined]
(timercrack)pydatacoll/pydatacoll/plugins/db_save.py:47: error: Name 'config' is not defined  [name-defined]
(timercrack)pydatacoll/test/test_formula_calc.py:6: error: Name 'json' already defined (by an import)  [no-redef]
(timercrack)pydatacoll/test/test_db_save_plugin.py:6: error: Name 'json' already defined (by an import)  [no-redef]
(timercrack)pydatacoll/pydatacoll/plugins/__init__.py:34: error: Name 'config' is not defined  [name-defined]
(timercrack)pydatacoll/pydatacoll/plugins/__init__.py:35: error: Name 'config' is not defined  [name-defined]
(timercrack)pydatacoll/pydatacoll/plugins/__init__.py:36: error: Name 'config' is not defined  [name-defined]
(timercrack)pydatacoll/pydatacoll/plugins/__init__.py:37: error: Name 'config' is not defined  [name-defined]
(timercrack)pydatacoll/pydatacoll/plugins/__init__.py:39: error: Need type annotation for 'sub_tasks' (hint: "sub_tasks: List[<type>] = ...")  [var-annotated]
(timercrack)pydatacoll/pydatacoll/plugins/__init__.py:40: error: Need type annotation for 'sub_channels' (hint: "sub_channels: List[<type>] = ...")  [var-annotated]
(timercrack)pydatacoll/pydatacoll/plugins/__init__.py:41: error: Need type annotation for 'channel_router' (hint: "channel_router: Dict[<type>, <type>] = ...")  [var-annotated]
(timercrack)pydatacoll/pydatacoll/protocols/__init__.py:24: error: Name 'json' already defined (by an import)  [no-redef]
(timercrack)pydatacoll/pydatacoll/protocols/__init__.py:39: error: Name 'config' is not defined  [name-defined]
(timercrack)pydatacoll/test/test_load.py:11: error: Name 'json' already defined (by an import)  [no-redef]
(timercrack)pydatacoll/pydatacoll/utils/json_response.py:20: error: Name 'json' already defined (by an import)  [no-redef]
Found 31 errors in 9 files (checked 20 source files)

[RRepo](GehirnInc)python-jwt
(GehirnInc)python-jwt/jwt/jwa.py:37: error: Module has no attribute "SHA512"  [attr-defined]
(GehirnInc)python-jwt/jwt/jwk.py:111: error: "None" not callable  [misc]
(GehirnInc)python-jwt/jwt/jwk.py:116: error: "None" not callable  [misc]
(GehirnInc)python-jwt/jwt/jwk.py:155: error: Item "RSAPublicKey" of "Union[RSAPrivateKey, RSAPublicKey]" has no attribute "sign"  [union-attr]
(GehirnInc)python-jwt/jwt/jwk.py:155: error: "None" not callable  [misc]
(GehirnInc)python-jwt/jwt/jwk.py:160: error: Item "RSAPublicKey" of "Union[RSAPrivateKey, RSAPublicKey]" has no attribute "public_key"  [union-attr]
(GehirnInc)python-jwt/jwt/jwk.py:164: error: "None" not callable  [misc]
Found 7 errors in 2 files (checked 13 source files)

[RRepo](mfussenegger)cr8
(mfussenegger)cr8/cr8/misc.py:26: error: Incompatible return value type (got "None", expected "int")  [return-value]
(mfussenegger)cr8/cr8/misc.py:30: error: Incompatible return value type (got "None", expected "int")  [return-value]
(mfussenegger)cr8/cr8/misc.py:43: error: Incompatible return value type (got "None", expected "Tuple[Any, ...]")  [return-value]
(mfussenegger)cr8/cr8/misc.py:46: error: List item 0 has incompatible type "int"; expected "str"  [list-item]
(mfussenegger)cr8/cr8/java_magic.py:52: error: Too many arguments  [call-arg]
(mfussenegger)cr8/cr8/java_magic.py:63: error: Cannot infer type of lambda  [misc]
(mfussenegger)cr8/cr8/java_magic.py:63: error: Argument 1 to "_find_matching_java_home" has incompatible type "Callable[[Any], Any]"; expected "Callable[[], bool]"  [arg-type]
(mfussenegger)cr8/cr8/java_magic.py:65: error: Cannot infer type of lambda  [misc]
(mfussenegger)cr8/cr8/java_magic.py:65: error: Argument 1 to "_find_matching_java_home" has incompatible type "Callable[[Any], Any]"; expected "Callable[[], bool]"  [arg-type]
(mfussenegger)cr8/cr8/clients.py:142: error: Incompatible return value type (got "None", expected "str")  [return-value]
Found 10 errors in 3 files (checked 32 source files)

[RRepo](all3fox)algos-py
(all3fox)algos-py/test/test_graph/test_graph.py:162: error: Name 'test_has_cycle_3' already defined on line 156  [no-redef]
(all3fox)algos-py/src/geometry/point2d.py:32: error: Argument 1 of "__eq__" is incompatible with supertype "object"; supertype defines the argument type as "object"  [override]
(all3fox)algos-py/src/geometry/point2d.py:32: note: It is recommended for "__eq__" to work with arbitrary objects, for example:
(all3fox)algos-py/src/geometry/point2d.py:32: note:     def __eq__(self, other: object) -> bool:
(all3fox)algos-py/src/geometry/point2d.py:32: note:         if not isinstance(other, Point2D):
(all3fox)algos-py/src/geometry/point2d.py:32: note:             return NotImplemented
(all3fox)algos-py/src/geometry/point2d.py:32: note:         return <logic to compare two Point2D instances>
(all3fox)algos-py/src/geometry/point2d.py:39: error: Argument 1 of "__ne__" is incompatible with supertype "object"; supertype defines the argument type as "object"  [override]
(all3fox)algos-py/test/test_sset/test_sset.py:395: error: Name 'test_remove_5' already defined on line 379  [no-redef]
(all3fox)algos-py/test/test_gcf.py:26: error: Name 'test_00' already defined on line 7  [no-redef]
(all3fox)algos-py/test/test_gcf.py:29: error: Name 'test_10' already defined on line 10  [no-redef]
(all3fox)algos-py/test/test_gcf.py:32: error: Name 'test_01' already defined on line 13  [no-redef]
Found 7 errors in 4 files (checked 52 source files)

[RRepo](BpArCuCTeMbI)VKMP
(BpArCuCTeMbI)VKMP/main.py:9: error: Missing return statement  [return]
(BpArCuCTeMbI)VKMP/main.py:9: error: Invalid type comment or annotation  [valid-type]
(BpArCuCTeMbI)VKMP/main.py:78: error: Argument 1 to "remove" has incompatible type "Optional[str]"; expected "Union[bytes, str, _PathLike[Any]]"  [arg-type]
(BpArCuCTeMbI)VKMP/main.py:119: error: Argument 1 to "remove" has incompatible type "Optional[str]"; expected "Union[bytes, str, _PathLike[Any]]"  [arg-type]
(BpArCuCTeMbI)VKMP/main.py:135: error: Argument 1 to "remove" has incompatible type "Optional[str]"; expected "Union[bytes, str, _PathLike[Any]]"  [arg-type]
(BpArCuCTeMbI)VKMP/main.py:171: error: Item "None" of "Optional[Match[str]]" has no attribute "group"  [union-attr]
(BpArCuCTeMbI)VKMP/main.py:189: error: Argument 1 to "remove" has incompatible type "Optional[str]"; expected "Union[bytes, str, _PathLike[Any]]"  [arg-type]
Found 7 errors in 1 file (checked 1 source file)

[RRepo](googleapis)gapic-generator-python
(googleapis)gapic-generator-python/gapic/samplegen_utils/types.py:16: error: Module 'gapic.utils' has no attribute 'to_snake_case'  [attr-defined]

[RRepo](nesdis)djongo
(nesdis)djongo/djongo/base.py:11: error: No parent module -- cannot perform relative import  [misc]
Found 1 error in 1 file (checked 938 source files)

[RRepo](purduesigbots)pros-cli
(purduesigbots)pros-cli/pros/cli/conductor.py: error: Duplicate module named 'conductor' (also at '/home/bew/archive/typed_project/(purduesigbots)pros-cli/pros/conductor/conductor.py')  [misc]
Found 1 error in 1 file (checked 77 source files)

[RRepo](nhumrich)small-prox
Success: no issues found in 4 source files

[RRepo](thepoly)Pipeline
(thepoly)Pipeline/home/models.py: error: Duplicate module named 'models' (also at '/home/bew/archive/typed_project/(thepoly)Pipeline/lights/models.py')  [misc]
Found 1 error in 1 file (checked 18 source files)

[RRepo](JasonMWhite)gitlawca-runner
(JasonMWhite)gitlawca-runner/tests/scraper/test_storage.py:5: error: Module 'scraper' has no attribute 'storage'  [attr-defined]
(JasonMWhite)gitlawca-runner/tests/scraper/test_acts_storage.py:3: error: Module 'scraper' has no attribute 'acts_scraper'  [attr-defined]
(JasonMWhite)gitlawca-runner/tests/scraper/test_acts_storage.py:4: error: Module 'scraper' has no attribute 'acts_storage'  [attr-defined]
(JasonMWhite)gitlawca-runner/tests/scraper/test_acts_storage.py:5: error: Module 'scraper' has no attribute 'storage'  [attr-defined]
(JasonMWhite)gitlawca-runner/tests/conftest.py:9: error: Module 'scraper' has no attribute 'install'  [attr-defined]
(JasonMWhite)gitlawca-runner/tests/conftest.py:10: error: Module 'scraper' has no attribute 'logger'  [attr-defined]
(JasonMWhite)gitlawca-runner/tests/conftest.py:11: error: Module 'scraper' has no attribute 'storage'  [attr-defined]
(JasonMWhite)gitlawca-runner/scraper/spider.py:6: error: Module 'scraper' has no attribute 'acts_scraper'  [attr-defined]
(JasonMWhite)gitlawca-runner/scraper/spider.py:7: error: Module 'scraper' has no attribute 'acts_storage'  [attr-defined]
(JasonMWhite)gitlawca-runner/scraper/spider.py:8: error: Module 'scraper' has no attribute 'logger'  [attr-defined]
(JasonMWhite)gitlawca-runner/scraper/acts_storage.py:3: error: Module 'scraper' has no attribute 'acts_scraper'  [attr-defined]
(JasonMWhite)gitlawca-runner/scraper/acts_storage.py:4: error: Module 'scraper' has no attribute 'storage'  [attr-defined]
(JasonMWhite)gitlawca-runner/tests/scraper/test_integration.py:6: error: Module 'scraper' has no attribute 'acts_scraper'  [attr-defined]
(JasonMWhite)gitlawca-runner/tests/scraper/test_integration.py:7: error: Module 'scraper' has no attribute 'acts_storage'  [attr-defined]
(JasonMWhite)gitlawca-runner/tests/scraper/test_integration.py:8: error: Module 'scraper' has no attribute 'spider'  [attr-defined]
(JasonMWhite)gitlawca-runner/tests/scraper/test_integration.py:9: error: Module 'scraper' has no attribute 'storage'  [attr-defined]
(JasonMWhite)gitlawca-runner/tests/scraper/test_acts_scraper.py:4: error: Module 'scraper' has no attribute 'acts_scraper'  [attr-defined]
(JasonMWhite)gitlawca-runner/tests/scraper/test_spider.py:8: error: Module 'scraper' has no attribute 'acts_scraper'  [attr-defined]
(JasonMWhite)gitlawca-runner/tests/scraper/test_spider.py:9: error: Module 'scraper' has no attribute 'acts_storage'  [attr-defined]
(JasonMWhite)gitlawca-runner/tests/scraper/test_spider.py:10: error: Module 'scraper' has no attribute 'spider'  [attr-defined]
(JasonMWhite)gitlawca-runner/tests/scraper/test_spider.py:11: error: Module 'scraper' has no attribute 'storage'  [attr-defined]
(JasonMWhite)gitlawca-runner/scraper/cli.py:5: error: Module 'scraper' has no attribute 'acts_scraper'  [attr-defined]
(JasonMWhite)gitlawca-runner/scraper/cli.py:6: error: Module 'scraper' has no attribute 'acts_storage'  [attr-defined]
(JasonMWhite)gitlawca-runner/scraper/cli.py:7: error: Module 'scraper' has no attribute 'spider'  [attr-defined]
(JasonMWhite)gitlawca-runner/scraper/cli.py:8: error: Module 'scraper' has no attribute 'storage'  [attr-defined]
(JasonMWhite)gitlawca-runner/scraper/acts_scraper.py:135: error: Item "None" of "Optional[Match[Any]]" has no attribute "group"  [union-attr]
(JasonMWhite)gitlawca-runner/scraper/acts_scraper.py:136: error: Item "None" of "Optional[Match[Any]]" has no attribute "group"  [union-attr]
Found 27 errors in 10 files (checked 14 source files)

[RRepo](SirCmpwn)pass-rotate
Success: no issues found in 21 source files

[RRepo](SunDwarf)ButterflyNet
(SunDwarf)ButterflyNet/examples/packets/echo_server.py: error: Duplicate module named 'echo_server' (also at '/home/bew/archive/typed_project/(SunDwarf)ButterflyNet/examples/echo_server.py')  [misc]
(SunDwarf)ButterflyNet/examples/packets/echo_server.py: error: Are you missing an __init__.py?  [misc]
Found 2 errors in 1 file (checked 12 source files)

[RRepo](jotyGill)openpyn-nordvpn
(jotyGill)openpyn-nordvpn/openpyn/root.py:28: error: "Logger" has no attribute "notice"  [attr-defined]
(jotyGill)openpyn-nordvpn/openpyn/root.py:71: error: "Logger" has no attribute "verbose"  [attr-defined]
(jotyGill)openpyn-nordvpn/openpyn/root.py:75: error: "Logger" has no attribute "verbose"  [attr-defined]
(jotyGill)openpyn-nordvpn/openpyn/filters.py:41: error: Value of type "float" is not indexable  [index]
(jotyGill)openpyn-nordvpn/openpyn/filters.py:42: error: Value of type "float" is not indexable  [index]
(jotyGill)openpyn-nordvpn/openpyn/filters.py:67: error: No overload variant of "range" matches argument types "object", "int"  [call-overload]
(jotyGill)openpyn-nordvpn/openpyn/filters.py:67: note: Possible overload variant:
(jotyGill)openpyn-nordvpn/openpyn/filters.py:67: note:     def range(self, start: int, stop: int, step: int = ...) -> range
(jotyGill)openpyn-nordvpn/openpyn/filters.py:67: note:     <1 more non-matching overload not shown>
(jotyGill)openpyn-nordvpn/openpyn/filters.py:67: error: Unsupported operand types for + ("object" and "int")  [operator]
(jotyGill)openpyn-nordvpn/openpyn/filters.py:70: error: Unsupported left operand type for + ("object")  [operator]
(jotyGill)openpyn-nordvpn/openpyn/filters.py:108: error: Need type annotation for 'remaining_servers' (hint: "remaining_servers: List[<type>] = ...")  [var-annotated]
(jotyGill)openpyn-nordvpn/openpyn/systemd.py:45: error: "Logger" has no attribute "notice"  [attr-defined]
(jotyGill)openpyn-nordvpn/openpyn/systemd.py:58: error: "Logger" has no attribute "notice"  [attr-defined]
(jotyGill)openpyn-nordvpn/openpyn/systemd.py:62: error: "Logger" has no attribute "notice"  [attr-defined]
(jotyGill)openpyn-nordvpn/openpyn/initd.py:19: error: Incompatible return value type (got "int", expected "bool")  [return-value]
(jotyGill)openpyn-nordvpn/openpyn/initd.py:161: error: Incompatible return value type (got "int", expected "bool")  [return-value]
(jotyGill)openpyn-nordvpn/openpyn/initd.py:168: error: Argument "inplace" to "FileInput" has incompatible type "int"; expected "bool"  [arg-type]
(jotyGill)openpyn-nordvpn/openpyn/initd.py:175: error: "Logger" has no attribute "notice"  [attr-defined]
(jotyGill)openpyn-nordvpn/openpyn/initd.py:180: error: "Logger" has no attribute "notice"  [attr-defined]
(jotyGill)openpyn-nordvpn/openpyn/firewall.py:84: error: "Logger" has no attribute "notice"  [attr-defined]
(jotyGill)openpyn-nordvpn/openpyn/management/management.py:19: error: Module has no attribute "VERBOSE"  [attr-defined]
(jotyGill)openpyn-nordvpn/openpyn/api.py:55: error: Need type annotation for 'countries_mapping' (hint: "countries_mapping: Dict[<type>, <type>] = ...")  [var-annotated]
(jotyGill)openpyn-nordvpn/openpyn/locations.py:23: error: Need type annotation for 'unique_locations' (hint: "unique_locations: List[<type>] = ...")  [var-annotated]
(jotyGill)openpyn-nordvpn/openpyn/locations.py:35: error: Argument 2 to "get_locations" has incompatible type "Dict[str, str]"; expected "str"  [arg-type]
(jotyGill)openpyn-nordvpn/openpyn/locations.py:84: error: Argument 2 to "insert" of "list" has incompatible type "List[Any]"; expected "Dict[Any, Any]"  [arg-type]
Found 23 errors in 8 files (checked 11 source files)

[RRepo](derfenix)django_stored_procedures
(derfenix)django_stored_procedures/django_sp/loader.py:26: error: Need type annotation for '_sp_list' (hint: "_sp_list: List[<type>] = ...")  [var-annotated]
(derfenix)django_stored_procedures/django_sp/loader.py:91: error: Incompatible types in assignment (expression has type "List[Any]", variable has type "Tuple[Any, ...]")  [assignment]
(derfenix)django_stored_procedures/django_sp/loader.py:102: error: Argument 2 to "_get_res" of "Loader" has incompatible type "Tuple[Any, ...]"; expected "List[Any]"  [arg-type]
(derfenix)django_stored_procedures/django_sp/loader.py:123: error: Argument 2 to "_get_res" of "Loader" has incompatible type "Optional[List[Any]]"; expected "List[Any]"  [arg-type]
(derfenix)django_stored_procedures/django_sp/loader.py:139: error: Incompatible types in assignment (expression has type "List[Optional[Dict[Any, Any]]]", variable has type "Optional[Dict[Any, Any]]")  [assignment]
(derfenix)django_stored_procedures/django_sp/loader.py:141: error: Incompatible types in assignment (expression has type "List[Optional[Dict[Any, Any]]]", variable has type "Optional[Dict[Any, Any]]")  [assignment]
(derfenix)django_stored_procedures/django_sp/loader.py:146: error: Incompatible types in assignment (expression has type "List[Any]", variable has type "Optional[Dict[Any, Any]]")  [assignment]
(derfenix)django_stored_procedures/django_sp/loader.py:148: error: Incompatible types in assignment (expression has type "List[Any]", variable has type "Optional[Dict[Any, Any]]")  [assignment]
(derfenix)django_stored_procedures/django_sp/loader.py:152: error: Incompatible return value type (got "Optional[Dict[Any, Any]]", expected "Union[List[Any], Dict[Any, Any], Cursor]")  [return-value]
(derfenix)django_stored_procedures/django_sp/loader.py:156: error: "Cursor" has no attribute "description"  [attr-defined]
(derfenix)django_stored_procedures/django_sp/loader.py:166: error: "None" has no attribute "keys"  [attr-defined]
(derfenix)django_stored_procedures/django_sp/loader.py:169: error: Value of type "None" is not indexable  [index]
(derfenix)django_stored_procedures/django_sp/loader.py:174: error: Unsupported right operand type for in ("None")  [operator]
(derfenix)django_stored_procedures/django_sp/loader.py:180: error: Argument 1 to "len" has incompatible type "None"; expected "Sized"  [arg-type]
(derfenix)django_stored_procedures/django_sp/loader.py:183: error: Unsupported right operand type for in ("None")  [operator]
(derfenix)django_stored_procedures/django_sp/loader.py:186: error: "None" has no attribute "keys"  [attr-defined]
Found 16 errors in 1 file (checked 6 source files)

[RRepo](valhallasw)gerrit-reviewer-bot
(valhallasw)gerrit-reviewer-bot/pop3bot.py:36: error: Incompatible types in "yield" (actual type "bytes", expected type "str")  [misc]
(valhallasw)gerrit-reviewer-bot/pop3bot.py:43: error: Incompatible types in assignment (expression has type "Message", variable has type "bytes")  [assignment]
(valhallasw)gerrit-reviewer-bot/pop3bot.py:49: error: "bytes" has no attribute "get_payload"  [attr-defined]
(valhallasw)gerrit-reviewer-bot/pop3bot.py:50: error: "bytes" has no attribute "get_payload"  [attr-defined]
(valhallasw)gerrit-reviewer-bot/pop3bot.py:52: error: Incompatible types in "yield" (actual type "Tuple[bytes, Any]", expected type "Tuple[Message, str]")  [misc]
(valhallasw)gerrit-reviewer-bot/pop3bot.py:52: error: "bytes" has no attribute "get_payload"  [attr-defined]
Found 6 errors in 1 file (checked 6 source files)

[RRepo](nion-software)nionswift
(nion-software)nionswift/nionlib/Proxy.py:3: error: No parent module -- cannot perform relative import  [misc]
(nion-software)nionswift/nionlib/Proxy.py:4: error: No parent module -- cannot perform relative import  [misc]
(nion-software)nionswift/nionlib/Proxy.py:5: error: No parent module -- cannot perform relative import  [misc]
Found 3 errors in 1 file (checked 53 source files)

[RRepo](Azure)azure-webjobs-sdk-templates

[RRepo](canihavesomecoffee)sample-platform
(canihavesomecoffee)sample-platform/mod_sample/models.py: error: Duplicate module named 'models' (also at '/home/bew/archive/typed_project/(canihavesomecoffee)sample-platform/mod_upload/models.py')  [misc]
Found 1 error in 1 file (checked 39 source files)

[RRepo](NicolasLM)spinach
(NicolasLM)spinach/spinach/engine.py:11: error: No parent module -- cannot perform relative import  [misc]
Found 1 error in 1 file (checked 36 source files)

[RRepo](ci-group)revolve
(ci-group)revolve/pyrevolve/tol/logger.py: error: Duplicate module named 'logger' (also at '/home/bew/archive/typed_project/(ci-group)revolve/pyrevolve/custom_logging/logger.py')  [misc]
Found 1 error in 1 file (checked 130 source files)

[RRepo](UltimatePancake)Pancake-Cogs
(UltimatePancake)Pancake-Cogs/xkcd/xkcd.py:26: error: Module has no attribute "getComic"  [attr-defined]
(UltimatePancake)Pancake-Cogs/football/football.py:35: error: Module has no attribute "get"  [attr-defined]
(UltimatePancake)Pancake-Cogs/football/football.py:96: error: Need type annotation for 'params' (hint: "params: Dict[<type>, <type>] = ...")  [var-annotated]
(UltimatePancake)Pancake-Cogs/football/football.py:103: error: Need type annotation for 'params' (hint: "params: Dict[<type>, <type>] = ...")  [var-annotated]
(UltimatePancake)Pancake-Cogs/football/football.py:139: error: Argument 3 to "_get_league_leaderboard" of "Football" has incompatible type "Optional[str]"; expected "str"  [arg-type]
(UltimatePancake)Pancake-Cogs/football/football.py:152: error: Name 'asyncio' is not defined  [name-defined]
(UltimatePancake)Pancake-Cogs/pubg/pubg.py:55: error: Module has no attribute "get"  [attr-defined]
(UltimatePancake)Pancake-Cogs/pubg/pubg.py:68: error: Value of type "Optional[Any]" is not indexable  [index]
(UltimatePancake)Pancake-Cogs/mmr/mmr.py:42: error: Module has no attribute "get"  [attr-defined]
(UltimatePancake)Pancake-Cogs/mmr/mmr.py:82: error: Module has no attribute "get"  [attr-defined]
Found 10 errors in 4 files (checked 11 source files)

[RRepo](azag0)fcompile
(azag0)fcompile/fcompile.py:55: error: Item "None" of "Optional[Match[str]]" has no attribute "group"  [union-attr]
(azag0)fcompile/fcompile.py:59: error: Item "None" of "Optional[Match[str]]" has no attribute "group"  [union-attr]
Found 2 errors in 1 file (checked 2 source files)

[RRepo](doakey3)Subsimport

[RRepo](EOSIO)eos
(EOSIO)eos/tests/testUtils.py:34: error: Need type annotation for 'CheckOutputDeque'  [var-annotated]
(EOSIO)eos/tests/p2p_stress.py:14: error: Need type annotation for 'trList' (hint: "trList: List[<type>] = ...")  [var-annotated]
(EOSIO)eos/tests/consensus-validation-malicious-producers.py:24: error: Name 'Utils' is not defined  [name-defined]
(EOSIO)eos/tests/consensus-validation-malicious-producers.py:217: error: Name 'details' is not defined  [name-defined]
(EOSIO)eos/tests/consensus-validation-malicious-producers.py:218: error: Name 'logs' is not defined  [name-defined]
(EOSIO)eos/tests/consensus-validation-malicious-producers.py:220: error: Name 'kill' is not defined  [name-defined]
(EOSIO)eos/tests/consensus-validation-malicious-producers.py:221: error: Name 'kill' is not defined  [name-defined]
(EOSIO)eos/tests/consensus-validation-malicious-producers.py:230: error: "Type[Utils]" has no attribute "iAmNotNoon"  [attr-defined]
(EOSIO)eos/tests/nodeos_under_min_avail_ram.py:318: error: Not all arguments converted during string formatting  [str-format]
(EOSIO)eos/tests/nodeos_multiple_version_protocol_feature_test.py:109: error: Bracketed expression "[...]" is not valid as a type  [misc]
(EOSIO)eos/tests/nodeos_multiple_version_protocol_feature_test.py:109: note: Did you mean "List[...]"?
(EOSIO)eos/tests/nodeos_voting_test.py:20: error: Need type annotation for 'map' (hint: "map: Dict[<type>, <type>] = ...")  [var-annotated]
Found 11 errors in 6 files (checked 15 source files)

[RRepo](night-crawler)django-docker-helpers
(night-crawler)django-docker-helpers/tests/test_backend_base.py:4: error: Module 'django_docker_helpers.config.backends' has no attribute 'BaseParser'  [attr-defined]
(night-crawler)django-docker-helpers/django_docker_helpers/cli/django/management/commands/run_configured_uwsgi.py:6: error: Module 'django_docker_helpers.config' has no attribute 'ConfigLoader'  [attr-defined]
(night-crawler)django-docker-helpers/django_docker_helpers/utils.py:86: error: Incompatible types in assignment (expression has type "List[Any]", variable has type "Dict[Any, Any]")  [assignment]
(night-crawler)django-docker-helpers/django_docker_helpers/utils.py:87: error: Too many arguments for "Iterable"  [call-arg]
(night-crawler)django-docker-helpers/django_docker_helpers/utils.py:92: error: Argument 2 to "import_module" has incompatible type "List[str]"; expected "Optional[str]"  [arg-type]
(night-crawler)django-docker-helpers/django_docker_helpers/utils.py:287: error: "None" not callable  [misc]
(night-crawler)django-docker-helpers/django_docker_helpers/utils.py:354: error: Incompatible types in assignment (expression has type "Union[Dict[str, str], _Environ[str]]", variable has type "Optional[Dict[str, str]]")  [assignment]
(night-crawler)django-docker-helpers/django_docker_helpers/utils.py:356: error: Item "None" of "Optional[Dict[str, str]]" has no attribute "get"  [union-attr]
(night-crawler)django-docker-helpers/django_docker_helpers/utils.py:361: error: Argument 1 to "coerce_str_to_bool" has incompatible type "Union[object, Any]"; expected "Union[str, int, bool, None]"  [arg-type]

[RRepo](tuxxi)OpenBurn
(tuxxi)OpenBurn/openburn/application/propellant_db.py:19: error: syntax error in type comment  [syntax]
Found 1 error in 1 file (checked 20 source files)

[RRepo](TotallyNotRobots)znc-modules
Success: no issues found in 4 source files

[RRepo](ak110)pytoolkit
(ak110)pytoolkit/pytoolkit/datasets/voc.py:15: error: No parent module -- cannot perform relative import  [misc]
Found 1 error in 1 file (checked 45 source files)

[RRepo](UW-Hydro)MetSim
(UW-Hydro)MetSim/metsim/io.py:186: error: Need type annotation for 'data_list'  [var-annotated]
(UW-Hydro)MetSim/metsim/io.py:209: error: Incompatible types in assignment (expression has type "Dict[str, Any]", variable has type "List[Any]")  [assignment]
(UW-Hydro)MetSim/metsim/io.py:218: error: No overload variant of "__getitem__" of "list" matches argument type "str"  [call-overload]
(UW-Hydro)MetSim/metsim/io.py:218: note: Possible overload variants:
(UW-Hydro)MetSim/metsim/io.py:218: note:     def __getitem__(self, int) -> Any
(UW-Hydro)MetSim/metsim/io.py:218: note:     def __getitem__(self, slice) -> List[Any]
(UW-Hydro)MetSim/metsim/io.py:219: error: No overload variant of "__getitem__" of "list" matches argument type "str"  [call-overload]
(UW-Hydro)MetSim/metsim/io.py:219: note: Possible overload variants:
(UW-Hydro)MetSim/metsim/io.py:219: note:     def __getitem__(self, int) -> Any
(UW-Hydro)MetSim/metsim/io.py:219: note:     def __getitem__(self, slice) -> List[Any]
(UW-Hydro)MetSim/metsim/io.py:221: error: No overload variant of "__getitem__" of "list" matches argument type "str"  [call-overload]
(UW-Hydro)MetSim/metsim/io.py:221: note: Possible overload variants:
(UW-Hydro)MetSim/metsim/io.py:221: note:     def __getitem__(self, int) -> Any
(UW-Hydro)MetSim/metsim/io.py:221: note:     def __getitem__(self, slice) -> List[Any]
Found 5 errors in 1 file (checked 6 source files)

[RRepo](MasterKale)django-cra-helper
(MasterKale)django-cra-helper/cra_helper/tests/test_context_processors.py:12: error: Need type annotation for 'request' (hint: "request: Dict[<type>, <type>] = ...")  [var-annotated]
Found 1 error in 1 file (checked 13 source files)

[RRepo](crowdcomms)faker-e164
Success: no issues found in 3 source files

[RRepo](Kurbezz)flibusta_bot
(Kurbezz)flibusta_bot/src/analytics.py:23: error: Invalid type comment or annotation  [valid-type]
(Kurbezz)flibusta_bot/src/filbusta_server.py:212: error: Invalid type comment or annotation  [valid-type]
(Kurbezz)flibusta_bot/src/send.py:21: error: Invalid type comment or annotation  [valid-type]
Found 3 errors in 3 files (checked 4 source files)

[RRepo](vatlab)SOS
(vatlab)SOS/src/sos/docker/actions.py: error: Duplicate module named 'actions' (also at '/home/bew/archive/typed_project/(vatlab)SOS/src/sos/singularity/actions.py')  [misc]
Found 1 error in 1 file (checked 49 source files)

[RRepo](wikimedia)labs-tools-wikibugs2
Success: no issues found in 17 source files

[RRepo](Djaler)ZloyBot
(Djaler)ZloyBot/utils.py:45: error: Item "None" of "Optional[FrameType]" has no attribute "f_back"  [union-attr]
Found 1 error in 1 file (checked 17 source files)

[RRepo](skorokithakis)catt
Success: no issues found in 7 source files

[RRepo](daveoncode)pyvaru
(daveoncode)pyvaru/pyvaru/__init__.py:59: error: "object" not callable  [operator]
Found 1 error in 1 file (checked 1 source file)

[RRepo](duniter)duniter-python-api
(duniter)duniter-python-api/duniterpy/grammars/output.py:5: error: Relative import climbs too many namespaces  [misc]
(duniter)duniter-python-api/duniterpy/key/encryption_key.py:13: error: Relative import climbs too many namespaces  [misc]
(duniter)duniter-python-api/duniterpy/key/base58.py:5: error: Relative import climbs too many namespaces  [misc]
(duniter)duniter-python-api/duniterpy/key/base58.py:16: error: Module has no attribute "b58encode"  [attr-defined]
(duniter)duniter-python-api/duniterpy/key/base58.py:25: error: Module has no attribute "b58decode"  [attr-defined]
(duniter)duniter-python-api/duniterpy/key/verifying_key.py:13: error: Module 'duniterpy.documents' has no attribute 'Document'  [attr-defined]
(duniter)duniter-python-api/docs/conf.py:225: error: Need type annotation for 'latex_elements' (hint: "latex_elements: Dict[<type>, <type>] = ...")  [var-annotated]
(duniter)duniter-python-api/duniterpy/documents/crc_pubkey.py:56: error: Module has no attribute "b58decode"  [attr-defined]
(duniter)duniter-python-api/duniterpy/documents/crc_pubkey.py:59: error: Module has no attribute "b58encode"  [attr-defined]
(duniter)duniter-python-api/duniterpy/key/ascii_armor.py:6: error: Module 'duniterpy.key' has no attribute 'SigningKey'  [attr-defined]
(duniter)duniter-python-api/duniterpy/key/ascii_armor.py:6: error: Module 'duniterpy.key' has no attribute 'PublicKey'  [attr-defined]
(duniter)duniter-python-api/duniterpy/key/ascii_armor.py:6: error: Module 'duniterpy.key' has no attribute 'VerifyingKey'  [attr-defined]
(duniter)duniter-python-api/duniterpy/documents/ws2p/heads.py:5: error: Relative import climbs too many namespaces  [misc]
(duniter)duniter-python-api/duniterpy/documents/ws2p/heads.py:6: error: Relative import climbs too many namespaces  [misc]
(duniter)duniter-python-api/duniterpy/documents/ws2p/heads.py:7: error: Relative import climbs too many namespaces  [misc]
(duniter)duniter-python-api/duniterpy/documents/block_uid.py:5: error: Relative import climbs too many namespaces  [misc]

[RRepo](yunojuno)elasticsearch-django
(yunojuno)elasticsearch-django/elasticsearch_django/apps.py:7: error: No parent module -- cannot perform relative import  [misc]
Found 1 error in 1 file (checked 19 source files)

[RRepo](linheimx)Husky
Success: no issues found in 1 source file

[RRepo](chaosbot)Chaos
(chaosbot)Chaos/memoize/decorator.py:5: error: No parent module -- cannot perform relative import  [misc]
Found 1 error in 1 file (checked 27 source files)

[RRepo](tripack45)GirlsFrontline-Assistant
(tripack45)GirlsFrontline-Assistant/device.py:9: error: Module 'ctypes' has no attribute 'windll'  [attr-defined]
(tripack45)GirlsFrontline-Assistant/image.py:33: error: Name 'config' is not defined  [name-defined]
(tripack45)GirlsFrontline-Assistant/image.py:98: error: Name 'config' is not defined  [name-defined]
(tripack45)GirlsFrontline-Assistant/image.py:99: error: Name 'config' is not defined  [name-defined]
(tripack45)GirlsFrontline-Assistant/image.py:103: error: Name 'config' is not defined  [name-defined]
(tripack45)GirlsFrontline-Assistant/resource/cache.py:3: error: Need type annotation for 'cache' (hint: "cache: Dict[<type>, <type>] = ...")  [var-annotated]

[RRepo](BridgeCityBicycleCoop)workstand
(BridgeCityBicycleCoop)workstand/bike/models.py: error: Duplicate module named 'models' (also at '/home/bew/archive/typed_project/(BridgeCityBicycleCoop)workstand/registration/models.py')  [misc]
Found 1 error in 1 file (checked 22 source files)

[RRepo](concretecloud)chirp
(concretecloud)chirp/src/mpipe.py:64: error: "Popen[bytes]" has no attribute "_mpipe_last"  [attr-defined]
(concretecloud)chirp/src/mpipe.py:86: error: "Popen[Any]" has no attribute "_mpipe_last"  [attr-defined]
(concretecloud)chirp/src/mpipe.py:88: error: "Popen[Any]" has no attribute "_mpipe_last"  [attr-defined]
(concretecloud)chirp/src/mpipe.py:90: error: No overload variant of "bytes" matches argument type "c_size_t"  [call-overload]
(concretecloud)chirp/src/mpipe.py:90: note: Possible overload variants:
(concretecloud)chirp/src/mpipe.py:90: note:     def bytes(self, ints: Iterable[int]) -> bytes
(concretecloud)chirp/src/mpipe.py:90: note:     def bytes(self, length: int) -> bytes
(concretecloud)chirp/src/mpipe.py:90: note:     def bytes(self, o: SupportsBytes) -> bytes
(concretecloud)chirp/src/mpipe.py:90: note:     <2 more non-matching overloads not shown>
(concretecloud)chirp/src/mpipe.py:98: error: "Popen[Any]" has no attribute "_mpipe_last"  [attr-defined]
(concretecloud)chirp/src/mpipe.py:100: error: "Popen[Any]" has no attribute "_mpipe_last"  [attr-defined]
Found 6 errors in 1 file (checked 4 source files)

[RRepo](megapctr)Yak
(megapctr)Yak/yak/users/models.py:6: error: No parent module -- cannot perform relative import  [misc]
Found 1 error in 1 file (checked 15 source files)

[RRepo](black-security)cyber-security-framework
(black-security)cyber-security-framework/remote/web/apis/modules/fullcontact.py: error: Duplicate module named 'fullcontact' (also at '/home/bew/archive/typed_project/(black-security)cyber-security-framework/remote/web/apis/fullcontact.py')  [misc]
(black-security)cyber-security-framework/remote/web/apis/modules/fullcontact.py: error: Are you missing an __init__.py?  [misc]
Found 2 errors in 1 file (checked 28 source files)

[RRepo](guillemborrell)gtable
Success: no issues found in 29 source files

[RRepo](sdadas)warsaw-transport
(sdadas)warsaw-transport/scripts/shape_data.py:28: error: List item 0 has incompatible type "List[float]"; expected "float"  [list-item]
(sdadas)warsaw-transport/scripts/shape_data.py:28: error: List item 1 has incompatible type "List[float]"; expected "float"  [list-item]
(sdadas)warsaw-transport/scripts/shape_data.py:32: error: Incompatible types in assignment (expression has type "List[int]", target has type "List[float]")  [assignment]
(sdadas)warsaw-transport/scripts/transport_data.py:16: error: Item "None" of "Optional[Match[str]]" has no attribute "group"  [union-attr]
(sdadas)warsaw-transport/scripts/transport_data.py:40: error: Need type annotation for 'lines' (hint: "lines: List[<type>] = ...")  [var-annotated]
(sdadas)warsaw-transport/scripts/transport_data.py:168: error: Incompatible types in assignment (expression has type "None", variable has type "List[Any]")  [assignment]
(sdadas)warsaw-transport/scripts/transport_data.py:169: error: Incompatible types in assignment (expression has type "None", variable has type "List[Any]")  [assignment]
(sdadas)warsaw-transport/scripts/transport_data.py:171: error: Incompatible types in assignment (expression has type "float", variable has type "List[Any]")  [assignment]
(sdadas)warsaw-transport/scripts/transport_data.py:172: error: Incompatible types in assignment (expression has type "float", variable has type "List[Any]")  [assignment]
(sdadas)warsaw-transport/scripts/transport_data.py:303: error: Need type annotation for 'res'  [var-annotated]
Found 10 errors in 2 files (checked 2 source files)

[RRepo](cbrichford)docker-ipsec
(cbrichford)docker-ipsec/docker_ipsec/docker-ipsec.py:75: error: Need type annotation for 'rules' (hint: "rules: List[<type>] = ...")  [var-annotated]
Found 1 error in 1 file (checked 2 source files)

[RRepo](TuSimple)mxnet
(TuSimple)mxnet/python/mxnet/contrib/onnx/_import/translation_utils.py:22: error: No parent module -- cannot perform relative import  [misc]
Found 1 error in 1 file (checked 44 source files)

[RRepo](sinnwerkstatt)landmatrix
(sinnwerkstatt)landmatrix/feeds/views.py: error: Duplicate module named 'views' (also at '/home/bew/archive/typed_project/(sinnwerkstatt)landmatrix/landmatrix/static/vendor/formset/demo/example/views.py')  [misc]
(sinnwerkstatt)landmatrix/feeds/views.py: error: Are you missing an __init__.py?  [misc]
Found 2 errors in 1 file (checked 109 source files)

[RRepo](kmyk)online-judge-tools
(kmyk)online-judge-tools/tests/utils.py: error: Duplicate module named 'utils' (also at '/home/bew/archive/typed_project/(kmyk)online-judge-tools/onlinejudge/_implementation/utils.py')  [misc]
(kmyk)online-judge-tools/tests/utils.py: error: Are you missing an __init__.py?  [misc]
Found 2 errors in 1 file (checked 47 source files)

[RRepo](sfu-fas)coursys
(sfu-fas)coursys/external/featureflags/views.py: error: Duplicate module named 'views' (also at '/home/bew/archive/typed_project/(sfu-fas)coursys/inventory/views.py')  [misc]
(sfu-fas)coursys/external/featureflags/views.py: error: Are you missing an __init__.py?  [misc]
Found 2 errors in 1 file (checked 358 source files)

[RRepo](virtool)virtool
(virtool)virtool/virtool/db/utils.py: error: Duplicate module named 'utils' (also at '/home/bew/archive/typed_project/(virtool)virtool/virtool/utils.py')  [misc]
(virtool)virtool/virtool/db/utils.py: error: Are you missing an __init__.py?  [misc]
Found 2 errors in 1 file (checked 153 source files)

[RRepo](opn-oss)autobahn-python-repl
(opn-oss)autobahn-python-repl/opendna/autobahn/repl/abc.py:135: error: Incompatible return value type (got "List[str]", expected "str")  [return-value]
(opn-oss)autobahn-python-repl/opendna/autobahn/repl/abc.py:259: error: "AbstractInvocation" has no attribute "_progress"; maybe "progress"?  [attr-defined]
(opn-oss)autobahn-python-repl/opendna/autobahn/repl/abc.py:415: error: Incompatible return value type (got "None", expected "Exception")  [return-value]
(opn-oss)autobahn-python-repl/opendna/autobahn/repl/rpc.py:63: error: Need type annotation for '_progress' (hint: "_progress: List[<type>] = ...")  [var-annotated]
(opn-oss)autobahn-python-repl/opendna/autobahn/repl/repl.py:80: error: Incompatible types in assignment (expression has type "Callable[[Any], Any]", variable has type "partial[Any]")  [assignment]
Found 5 errors in 3 files (checked 9 source files)

[RRepo](NLeSC)noodles
(NLeSC)noodles/noodles/tutorial.py:10: error: No parent module -- cannot perform relative import  [misc]
Found 1 error in 1 file (checked 113 source files)

[RRepo](johnbywater)eventsourcing
(johnbywater)eventsourcing/eventsourcing/contrib/paxos/application.py: error: Duplicate module named 'application' (also at '/home/bew/archive/typed_project/(johnbywater)eventsourcing/eventsourcing/contrib/suffixtrees/application.py')  [misc]
Found 1 error in 1 file (checked 106 source files)

[RRepo](Xaxetrov)OSCAR
(Xaxetrov)OSCAR/oscar/agent/scripted/scout.py: error: Duplicate module named 'scout' (also at '/home/bew/archive/typed_project/(Xaxetrov)OSCAR/oscar/util/scout.py')  [misc]
(Xaxetrov)OSCAR/oscar/agent/scripted/scout.py: error: Are you missing an __init__.py?  [misc]
Found 2 errors in 1 file (checked 74 source files)

[RRepo](andmatand)midi-to-pico8
(andmatand)midi-to-pico8/translator/sfxcompactor.py:4: error: No parent module -- cannot perform relative import  [misc]
Found 1 error in 1 file (checked 12 source files)

[RRepo](jamesob)tinychain
Success: no issues found in 2 source files

[RRepo](nathants)py-web
(nathants)py-web/web/__init__.py:34: error: Need type annotation for 'rep'  [var-annotated]
(nathants)py-web/web/__init__.py:59: error: Invalid type comment or annotation  [valid-type]
(nathants)py-web/web/__init__.py:67: error: Variable "web.schemas.rep" is not valid as a type  [valid-type]
(nathants)py-web/web/__init__.py:68: error: schemas.rep? has no attribute "get"  [attr-defined]
(nathants)py-web/web/__init__.py:70: error: schemas.rep? has no attribute "get"  [attr-defined]
(nathants)py-web/web/__init__.py:71: error: schemas.rep? has no attribute "get"  [attr-defined]
(nathants)py-web/web/__init__.py:75: error: Variable "web.schemas.req" is not valid as a type  [valid-type]
(nathants)py-web/web/__init__.py:75: error: Name 'query' is not defined  [name-defined]
(nathants)py-web/web/__init__.py:82: error: Bracketed expression "[...]" is not valid as a type  [misc]
(nathants)py-web/web/__init__.py:82: note: Did you mean "List[...]"?
(nathants)py-web/web/__init__.py:82: error: Variable "web.schemas.req" is not valid as a type  [valid-type]
(nathants)py-web/web/__init__.py:82: error: Invalid type comment or annotation  [valid-type]
(nathants)py-web/web/__init__.py:84: error: Item "None" of "Optional[str]" has no attribute "lower"  [union-attr]
(nathants)py-web/web/__init__.py:103: error: Bracketed expression "[...]" is not valid as a type  [misc]
(nathants)py-web/web/__init__.py:103: note: Did you mean "List[...]"?
(nathants)py-web/web/__init__.py:166: error: Variable "web.schemas.rep" is not valid as a type  [valid-type]
(nathants)py-web/web/__init__.py:168: error: Argument 2 to "get" of "Mapping" has incompatible type "str"; expected "Dict[Any, Any]"  [arg-type]
(nathants)py-web/web/__init__.py:173: error: Argument 2 to "add_timeout" of "IOLoop" has incompatible type "Callable[[], Union[bool, Any]]"; expected "Callable[..., None]"  [arg-type]
(nathants)py-web/web/__init__.py:173: error: "Awaitable[HTTPResponse]" has no attribute "done"  [attr-defined]
(nathants)py-web/web/__init__.py:173: error: "Awaitable[HTTPResponse]" has no attribute "set_exception"  [attr-defined]
Found 18 errors in 1 file (checked 2 source files)

[RRepo](openrazer)openrazer
(openrazer)openrazer/pylib/openrazer/client/devices/mice.py:33: error: Incompatible return value type (got "None", expected "int")  [return-value]
(openrazer)openrazer/pylib/openrazer/client/devices/mice.py:48: error: Incompatible return value type (got "None", expected "List[Any]")  [return-value]
Found 2 errors in 1 file (checked 8 source files)

[RRepo](CityOfNewYork)NYCOpenRecords
(CityOfNewYork)NYCOpenRecords/app/agency/utils.py: error: Duplicate module named 'utils' (also at '/home/bew/archive/typed_project/(CityOfNewYork)NYCOpenRecords/app/upload/utils.py')  [misc]
Found 1 error in 1 file (checked 86 source files)

[RRepo](eReuse)workbench
(eReuse)workbench/ereuse_workbench/os_installer.py:108: error: Incompatible types in assignment (expression has type "Tuple[str, str, str]", variable has type "Tuple[str, str]")  [assignment]
(eReuse)workbench/ereuse_workbench/os_installer.py:110: error: Incompatible types in assignment (expression has type "Tuple[str, str, str]", variable has type "Tuple[str, str]")  [assignment]
(eReuse)workbench/ereuse_workbench/benchmarker.py:40: error: Incompatible types in assignment (expression has type "str", variable has type "bytes")  [assignment]
(eReuse)workbench/ereuse_workbench/benchmarker.py:41: error: Argument 1 to "replace" of "bytes" has incompatible type "str"; expected "bytes"  [arg-type]
(eReuse)workbench/ereuse_workbench/benchmarker.py:41: error: Argument 2 to "replace" of "bytes" has incompatible type "str"; expected "bytes"  [arg-type]
(eReuse)workbench/ereuse_workbench/computer.py:100: error: Syntax error in type annotation  [syntax]
(eReuse)workbench/ereuse_workbench/computer.py:100: note: Suggestion: Use Tuple[T1, ..., Tn] instead of (T1, ..., Tn)
(eReuse)workbench/ereuse_workbench/computer.py:181: error: Invalid type comment or annotation  [valid-type]
(eReuse)workbench/ereuse_workbench/computer.py:323: error: Invalid type comment or annotation  [valid-type]
(eReuse)workbench/tests/conftest.py:57: error: Syntax error in type annotation  [syntax]
(eReuse)workbench/tests/conftest.py:57: note: Suggestion: Use Tuple[T1, ..., Tn] instead of (T1, ..., Tn)
(eReuse)workbench/tests/conftest.py:65: error: Need type annotation for 'grouped'  [var-annotated]
(eReuse)workbench/ereuse_workbench/tester.py:133: error: Incompatible types in assignment (expression has type "None", variable has type "int")  [assignment]
(eReuse)workbench/ereuse_workbench/workbench.py:33: error: Incompatible default for argument "install" (default has type "bool", argument has type "str")  [assignment]
Found 12 errors in 6 files (checked 14 source files)

[RRepo](ubuntunux)PyEngine3D
(ubuntunux)PyEngine3D/PyEngine3D/Render/Terrain.py:8: error: No parent module -- cannot perform relative import  [misc]
Found 1 error in 1 file (checked 52 source files)

[RRepo](nypl-spacetime)map-vectorizer
(nypl-spacetime)map-vectorizer/map_vectorizer/config/parser.py:6: error: No parent module -- cannot perform relative import  [misc]
Found 1 error in 1 file (checked 9 source files)

[RRepo](yardstick17)extract_phrase
(yardstick17)extract_phrase/nlp/pattern_grammer.py:5: error: Need type annotation for 'compiled_grammar' (hint: "compiled_grammar: Dict[<type>, <type>] = ...")  [var-annotated]
Found 1 error in 1 file (checked 9 source files)

[RRepo](fruitnuke)catan
Success: no issues found in 2 source files

[RRepo](materialsproject)MPContribs
(materialsproject)MPContribs/mpcontribs-api/mpcontribs/api/structures/views.py: error: Duplicate module named 'views' (also at '/home/bew/archive/typed_project/(materialsproject)MPContribs/mpcontribs-portal/mpcontribs/portal/views.py')  [misc]
(materialsproject)MPContribs/mpcontribs-api/mpcontribs/api/structures/views.py: error: Are you missing an __init__.py?  [misc]
Found 2 errors in 1 file (checked 58 source files)

[RRepo](DesertBot)DesertBot
(DesertBot)DesertBot/desertbot/modules/commands/UserLocation.py:33: error: Not all arguments converted during string formatting  [str-format]
(DesertBot)DesertBot/desertbot/modules/commands/Commands.py:19: error: Need type annotation for 'commandsList' (hint: "commandsList: List[<type>] = ...")  [var-annotated]
(DesertBot)DesertBot/desertbot/output.py:33: error: Incompatible types in assignment (expression has type "List[str]", variable has type "str")  [assignment]
(DesertBot)DesertBot/desertbot/modules/admin/Update.py:79: error: Need type annotation for 'modulesToLoad' (hint: "modulesToLoad: Set[<type>] = ...")  [var-annotated]
(DesertBot)DesertBot/desertbot/modules/commands/Source.py:43: error: Argument 1 to "relpath" has incompatible type "Optional[str]"; expected "Union[str, _PathLike[str]]"  [arg-type]
(DesertBot)DesertBot/desertbot/modules/commandinterface.py:48: error: Missing return statement  [return]
(DesertBot)DesertBot/desertbot/modules/commandinterface.py:67: error: Missing return statement  [return]
(DesertBot)DesertBot/desertbot/modules/commandinterface.py:69: error: Return value expected  [return-value]
(DesertBot)DesertBot/desertbot/ircbase.py:25: error: Argument 2 to "handleCommand" of "IRCBase" has incompatible type "Optional[List[str]]"; expected "List[str]"  [arg-type]
(DesertBot)DesertBot/desertbot/ircbase.py:25: error: Argument 3 to "handleCommand" of "IRCBase" has incompatible type "Optional[str]"; expected "str"  [arg-type]
(DesertBot)DesertBot/desertbot/ircbase.py:25: error: Argument 4 to "handleCommand" of "IRCBase" has incompatible type "Optional[Dict[str, Optional[str]]]"; expected "Dict[str, Optional[str]]"  [arg-type]
(DesertBot)DesertBot/desertbot/ircbase.py:51: error: Incompatible types in assignment (expression has type "None", variable has type "str")  [assignment]
(DesertBot)DesertBot/desertbot/ircbase.py:65: error: Incompatible return value type (got "Tuple[str, List[str], Optional[str], Dict[str, Optional[str]]]", expected "Union[Tuple[str, List[str], str, Dict[str, Optional[str]]], Tuple[None, None, None, None]]")  [return-value]
(DesertBot)DesertBot/desertbot/ircbase.py:99: error: Incompatible types in assignment (expression has type "None", variable has type "str")  [assignment]
(DesertBot)DesertBot/desertbot/ircbase.py:101: error: Incompatible return value type (got "Dict[str, str]", expected "Dict[str, Optional[str]]")  [return-value]
(DesertBot)DesertBot/desertbot/ircbase.py:101: note: "Dict" is invariant -- see http://mypy.readthedocs.io/en/latest/common_issues.html#variance
(DesertBot)DesertBot/desertbot/ircbase.py:101: note: Consider using "Mapping" instead, which is covariant in the value type
(DesertBot)DesertBot/desertbot/ircbase.py:101: note: Perhaps you need a type annotation for "tags"? Suggestion: "Dict[str, Optional[str]]"
(DesertBot)DesertBot/desertbot/ircbase.py:110: error: Incompatible types in assignment (expression has type "None", variable has type "str")  [assignment]
(DesertBot)DesertBot/desertbot/ircbase.py:119: error: Incompatible types in assignment (expression has type "List[str]", variable has type "Tuple[str, ...]")  [assignment]
(DesertBot)DesertBot/desertbot/ircbase.py:131: error: Unsupported target for indexed assignment  [index]
(DesertBot)DesertBot/desertbot/response.py:25: error: Argument 1 to "str" has incompatible type "Union[str, bytes]"; expected "bytes"  [arg-type]
(DesertBot)DesertBot/desertbot/response.py:27: error: Incompatible types in assignment (expression has type "Union[str, bytes]", variable has type "str")  [assignment]
(DesertBot)DesertBot/desertbot/response.py:29: error: Argument 1 to "str" has incompatible type "Union[str, bytes]"; expected "bytes"  [arg-type]
(DesertBot)DesertBot/desertbot/response.py:31: error: Incompatible types in assignment (expression has type "Union[str, bytes]", variable has type "str")  [assignment]
(DesertBot)DesertBot/desertbot/modules/urlfollow/Steam.py:26: error: Bracketed expression "[...]" is not valid as a type  [misc]
(DesertBot)DesertBot/desertbot/modules/urlfollow/Steam.py:26: note: Did you mean "List[...]"?
(DesertBot)DesertBot/desertbot/modules/urlfollow/Mixer.py:29: error: Bracketed expression "[...]" is not valid as a type  [misc]
(DesertBot)DesertBot/desertbot/modules/urlfollow/Mixer.py:29: note: Did you mean "List[...]"?
(DesertBot)DesertBot/desertbot/modules/urlfollow/ItchIO.py:28: error: Bracketed expression "[...]" is not valid as a type  [misc]
(DesertBot)DesertBot/desertbot/modules/urlfollow/ItchIO.py:28: note: Did you mean "List[...]"?
(DesertBot)DesertBot/desertbot/modules/urlfollow/Imgur.py:29: error: Bracketed expression "[...]" is not valid as a type  [misc]
(DesertBot)DesertBot/desertbot/modules/urlfollow/Imgur.py:29: note: Did you mean "List[...]"?
(DesertBot)DesertBot/desertbot/modules/urlfollow/Twitch.py:29: error: Bracketed expression "[...]" is not valid as a type  [misc]
(DesertBot)DesertBot/desertbot/modules/urlfollow/Twitch.py:29: note: Did you mean "List[...]"?
(DesertBot)DesertBot/desertbot/modules/urlfollow/Twitter.py:29: error: Bracketed expression "[...]" is not valid as a type  [misc]
(DesertBot)DesertBot/desertbot/modules/urlfollow/Twitter.py:29: note: Did you mean "List[...]"?
(DesertBot)DesertBot/desertbot/modules/urlfollow/Kickstarter.py:32: error: Bracketed expression "[...]" is not valid as a type  [misc]
(DesertBot)DesertBot/desertbot/modules/urlfollow/Kickstarter.py:32: note: Did you mean "List[...]"?
(DesertBot)DesertBot/desertbot/modules/urlfollow/Kickstarter.py:92: error: Incompatible types in assignment (expression has type "datetime", variable has type "int")  [assignment]
(DesertBot)DesertBot/desertbot/modules/urlfollow/Kickstarter.py:94: error: Unsupported operand types for - ("int" and "datetime")  [operator]
(DesertBot)DesertBot/desertbot/modules/urlfollow/Kickstarter.py:95: error: "int" has no attribute "total_seconds"  [attr-defined]
(DesertBot)DesertBot/desertbot/modules/urlfollow/Kickstarter.py:96: error: Incompatible types in assignment (expression has type "float", variable has type "int")  [assignment]
(DesertBot)DesertBot/desertbot/modules/urlfollow/Kickstarter.py:109: error: Item "None" of "Optional[Match[str]]" has no attribute "group"  [union-attr]
(DesertBot)DesertBot/desertbot/modules/utils/Chain.py:38: error: Need type annotation for 'extraVars' (hint: "extraVars: Dict[<type>, <type>] = ...")  [var-annotated]
(DesertBot)DesertBot/desertbot/modules/utils/Chain.py:82: error: Item "None" of "Optional[Any]" has no attribute "response"  [union-attr]
(DesertBot)DesertBot/desertbot/modules/utils/Chain.py:84: error: Item "None" of "Optional[Any]" has no attribute "response"  [union-attr]
(DesertBot)DesertBot/desertbot/modules/utils/Chain.py:85: error: Item "None" of "Optional[Any]" has no attribute "response"  [union-attr]
(DesertBot)DesertBot/desertbot/modules/utils/Sub.py:56: error: "UnbalancedBracesException" has no attribute "message"  [attr-defined]
(DesertBot)DesertBot/desertbot/modules/utils/Sub.py:61: error: Need type annotation for 'responseStack' (hint: "responseStack: List[<type>] = ...")  [var-annotated]
(DesertBot)DesertBot/desertbot/modules/utils/Sub.py:62: error: Need type annotation for 'extraVars' (hint: "extraVars: Dict[<type>, <type>] = ...")  [var-annotated]
(DesertBot)DesertBot/desertbot/modules/utils/Sub.py:63: error: Need type annotation for 'metadata' (hint: "metadata: Dict[<type>, <type>] = ...")  [var-annotated]
(DesertBot)DesertBot/desertbot/modules/commands/WolframAlpha.py:26: error: Missing return statement  [return]
(DesertBot)DesertBot/desertbot/modules/commands/LogSearch.py:15: error: Name 're2' already defined (possibly by an import)  [no-redef]
(DesertBot)DesertBot/desertbot/modules/commands/LogSearch.py:24: error: Value of type "Optional[str]" is not indexable  [index]
(DesertBot)DesertBot/desertbot/modules/commands/LogSearch.py:26: error: Incompatible return value type (got "Optional[str]", expected "str")  [return-value]
(DesertBot)DesertBot/desertbot/modules/commands/Splatoon.py:72: error: Need type annotation for 'data' (hint: "data: List[<type>] = ...")  [var-annotated]
(DesertBot)DesertBot/desertbot/modules/commands/Lists.py:98: error: Incompatible types in assignment (expression has type "None", variable has type "int")  [assignment]
(DesertBot)DesertBot/desertbot/modules/commands/Sed.py:15: error: Name 're2' already defined (possibly by an import)  [no-redef]
(DesertBot)DesertBot/desertbot/modules/commands/Tell.py:17: error: Name 're2' already defined (possibly by an import)  [no-redef]
(DesertBot)DesertBot/desertbot/modules/commands/Tell.py:115: error: Need type annotation for 'chanTells' (hint: "chanTells: List[<type>] = ...")  [var-annotated]
(DesertBot)DesertBot/desertbot/utils/string.py:24: error: The return type of a generator function should be "Generator" or one of its supertypes  [misc]
(DesertBot)DesertBot/desertbot/config.py:14: error: Need type annotation for '_configData' (hint: "_configData: Dict[<type>, <type>] = ...")  [var-annotated]
(DesertBot)DesertBot/desertbot/config.py:16: error: Need type annotation for '_inBaseConfig' (hint: "_inBaseConfig: List[<type>] = ...")  [var-annotated]
(DesertBot)DesertBot/desertbot/modules/urlfollow/Mastodon.py:66: error: Bracketed expression "[...]" is not valid as a type  [misc]
(DesertBot)DesertBot/desertbot/modules/urlfollow/Mastodon.py:66: note: Did you mean "List[...]"?
(DesertBot)DesertBot/desertbot/modules/urlfollow/Mastodon.py:140: error: Not all arguments converted during string formatting  [str-format]
(DesertBot)DesertBot/desertbot/modules/urlfollow/YouTube.py:34: error: Bracketed expression "[...]" is not valid as a type  [misc]
(DesertBot)DesertBot/desertbot/modules/urlfollow/YouTube.py:34: note: Did you mean "List[...]"?
(DesertBot)DesertBot/desertbot/modules/utils/Schedule.py:230: error: Value of type variable "AnyStr" of "sub" cannot be "Optional[str]"  [type-var]
(DesertBot)DesertBot/desertbot/desertbot.py:34: error: Need type annotation for 'channels' (hint: "channels: Dict[<type>, <type>] = ...")  [var-annotated]
(DesertBot)DesertBot/desertbot/desertbot.py:35: error: Need type annotation for 'userModes' (hint: "userModes: Dict[<type>, <type>] = ...")  [var-annotated]
(DesertBot)DesertBot/desertbot/desertbot.py:36: error: Need type annotation for 'users'  [var-annotated]
(DesertBot)DesertBot/desertbot/channel.py:16: error: Need type annotation for 'modes' (hint: "modes: Dict[<type>, <type>] = ...")  [var-annotated]
(DesertBot)DesertBot/desertbot/channel.py:17: error: Need type annotation for 'users' (hint: "users: Dict[<type>, <type>] = ...")  [var-annotated]
(DesertBot)DesertBot/desertbot/channel.py:18: error: Need type annotation for 'ranks' (hint: "ranks: Dict[<type>, <type>] = ...")  [var-annotated]
(DesertBot)DesertBot/desertbot/moduleinterface.py:14: error: Method must have at least one argument  [misc]
(DesertBot)DesertBot/desertbot/moduleinterface.py:25: error: Method must have at least one argument  [misc]
(DesertBot)DesertBot/desertbot/moduleinterface.py:46: error: Method must have at least one argument  [misc]
(DesertBot)DesertBot/desertbot/moduleinterface.py:80: error: Missing return statement  [return]
(DesertBot)DesertBot/desertbot/modulehandler.py:27: error: Need type annotation for 'modules' (hint: "modules: Dict[<type>, <type>] = ...")  [var-annotated]
(DesertBot)DesertBot/desertbot/modulehandler.py:28: error: Need type annotation for 'caseMap' (hint: "caseMap: Dict[<type>, <type>] = ...")  [var-annotated]
(DesertBot)DesertBot/desertbot/modulehandler.py:29: error: Need type annotation for 'fileMap' (hint: "fileMap: Dict[<type>, <type>] = ...")  [var-annotated]
(DesertBot)DesertBot/desertbot/modulehandler.py:30: error: Need type annotation for 'actions' (hint: "actions: Dict[<type>, <type>] = ...")  [var-annotated]
(DesertBot)DesertBot/desertbot/modulehandler.py:31: error: Need type annotation for 'mappedTriggers' (hint: "mappedTriggers: Dict[<type>, <type>] = ...")  [var-annotated]
(DesertBot)DesertBot/desertbot/modulehandler.py:33: error: Missing return statement  [return]
(DesertBot)DesertBot/desertbot/modulehandler.py:56: error: Need type annotation for 'actions' (hint: "actions: Dict[<type>, <type>] = ...")  [var-annotated]
(DesertBot)DesertBot/desertbot/modulehandler.py:84: error: Item "None" of "Optional[str]" has no attribute "split"  [union-attr]
(DesertBot)DesertBot/desertbot/modules/utils/WebUtils.py:45: error: Argument 1 to "gethostbyname" has incompatible type "Optional[str]"; expected "str"  [arg-type]
(DesertBot)DesertBot/desertbot/modules/utils/WebUtils.py:49: error: Missing return statement  [return]
(DesertBot)DesertBot/desertbot/modules/utils/WebUtils.py:54: error: Return value expected  [return-value]
(DesertBot)DesertBot/desertbot/modules/utils/WebUtils.py:63: error: Incompatible types in assignment (expression has type "Pattern[str]", variable has type "str")  [assignment]
(DesertBot)DesertBot/desertbot/modules/utils/WebUtils.py:73: error: "str" has no attribute "match"  [attr-defined]
(DesertBot)DesertBot/desertbot/modules/utils/WebUtils.py:83: error: Missing return statement  [return]
(DesertBot)DesertBot/desertbot/modules/utils/WebUtils.py:89: error: Return value expected  [return-value]
(DesertBot)DesertBot/desertbot/modules/utils/WebUtils.py:132: error: Return value expected  [return-value]
(DesertBot)DesertBot/desertbot/modules/utils/WebUtils.py:134: error: Missing return statement  [return]
(DesertBot)DesertBot/desertbot/modules/utils/WebUtils.py:148: error: On Python 3 '{}'.format(b'abc') produces "b'abc'"; use !r if this is a desired behavior  [str-bytes-safe]
(DesertBot)DesertBot/desertbot/modules/utils/WebUtils.py:165: error: Missing return statement  [return]
(DesertBot)DesertBot/desertbot/modules/commands/Lang.py:30: error: Value of type variable "AnyStr" of "sub" cannot be "Optional[str]"  [type-var]
(DesertBot)DesertBot/desertbot/modules/commands/Lang.py:119: error: Unsupported right operand type for in ("Optional[Any]")  [operator]
(DesertBot)DesertBot/desertbot/modules/commands/Lang.py:135: error: Value of type "object" is not indexable  [index]
(DesertBot)DesertBot/desertbot/modules/commands/Lang.py:136: error: Unsupported right operand type for in ("object")  [operator]
(DesertBot)DesertBot/desertbot/modules/commands/Lang.py:137: error: Value of type "object" is not indexable  [index]
(DesertBot)DesertBot/desertbot/modules/commands/Lang.py:149: error: Incompatible types in assignment (expression has type "bytes", variable has type "Response")  [assignment]
(DesertBot)DesertBot/desertbot/modules/commands/Lang.py:150: error: Value of type "Response" is not indexable  [index]
(DesertBot)DesertBot/desertbot/modules/commands/Lang.py:151: error: Value of type "Response" is not indexable  [index]
Found 95 errors in 34 files (checked 100 source files)

[RRepo](benhoff)vexparser
(benhoff)vexparser/vexparser/mark_parser.py:19: error: Need type annotation for 'results' (hint: "results: List[<type>] = ...")  [var-annotated]
Found 1 error in 1 file (checked 6 source files)

[RRepo](pypa)virtualenv
(pypa)virtualenv/tests/conftest.py:16: error: Name 'Path' already defined (possibly by an import)  [no-redef]
(pypa)virtualenv/tests/test_from_source.py:13: error: Name 'Path' already defined (possibly by an import)  [no-redef]
(pypa)virtualenv/virtualenv_embedded/distutils-init.py:16: error: Name '__path__' is not defined  [name-defined]
(pypa)virtualenv/virtualenv_embedded/distutils-init.py:39: error: Module has no attribute "__revision__"  [attr-defined]
(pypa)virtualenv/virtualenv_embedded/distutils-init.py:42: error: Module has no attribute "__version__"  [attr-defined]
(pypa)virtualenv/virtualenv_embedded/distutils-init.py:73: error: "Type[Distribution]" has no attribute "find_config_files"  [attr-defined]
(pypa)virtualenv/virtualenv_embedded/distutils-init.py:91: error: "Type[Distribution]" has no attribute "find_config_files"  [attr-defined]
(pypa)virtualenv/docs/conf.py:49: error: Need type annotation for 'unused_docs' (hint: "unused_docs: List[<type>] = ...")  [var-annotated]
(pypa)virtualenv/tests/activation/test_activation.py:60: error: Need type annotation for 'invoke_script' (hint: "invoke_script: List[<type>] = ...")  [var-annotated]
(pypa)virtualenv/tests/activation/test_activation.py:64: error: Need type annotation for 'check_has_exe' (hint: "check_has_exe: List[<type>] = ...")  [var-annotated]
(pypa)virtualenv/tests/activation/test_activation.py:65: error: Need type annotation for 'check' (hint: "check: List[<type>] = ...")  [var-annotated]
(pypa)virtualenv/tests/activation/test_activation.py:66: error: Need type annotation for 'env' (hint: "env: Dict[<type>, <type>] = ...")  [var-annotated]
Found 12 errors in 5 files (checked 15 source files)

[RRepo](ensky)taiga-contrib-ldap-auth
(ensky)taiga-contrib-ldap-auth/taiga_contrib_ldap_auth/apps.py:27: error: No parent module -- cannot perform relative import  [misc]
Found 1 error in 1 file (checked 4 source files)

[RRepo](larsyencken)csvdiff
Success: no issues found in 4 source files

[RRepo](pracedru)PracedruDesign
(pracedru)PracedruDesign/WebViewQt.py:9: error: Name 'QApplication' is not defined  [name-defined]
(pracedru)PracedruDesign/WebViewQt.py:17: error: Name 'QWidget' is not defined  [name-defined]
(pracedru)PracedruDesign/Data/Vertex.py:73: error: Name 'x' already defined on line 61  [no-redef]
(pracedru)PracedruDesign/Data/Vertex.py:73: error: "Callable[[Vertex], Any]" has no attribute "setter"  [attr-defined]
(pracedru)PracedruDesign/Data/Vertex.py:77: error: Name 'y' already defined on line 65  [no-redef]
(pracedru)PracedruDesign/Data/Vertex.py:77: error: "Callable[[Vertex], Any]" has no attribute "setter"  [attr-defined]
(pracedru)PracedruDesign/Data/Vertex.py:81: error: Name 'z' already defined on line 69  [no-redef]
(pracedru)PracedruDesign/Data/Vertex.py:81: error: "Callable[[Vertex], Any]" has no attribute "setter"  [attr-defined]
(pracedru)PracedruDesign/GUI/Models/MaterialModel.py:21: error: Item "None" of "Optional[Any]" has no attribute "parent"  [union-attr]
(pracedru)PracedruDesign/GUI/Models/MaterialModel.py:218: error: Item "None" of "Optional[Any]" has no attribute "isValid"  [union-attr]
(pracedru)PracedruDesign/GUI/Models/MaterialModel.py:220: error: Item "None" of "Optional[Any]" has no attribute "internalPointer"  [union-attr]
(pracedru)PracedruDesign/GUI/Models/MaterialModel.py:235: error: Item "None" of "Optional[Any]" has no attribute "internalPointer"  [union-attr]
(pracedru)PracedruDesign/GUI/Models/MaterialModel.py:237: error: Item "None" of "Optional[Any]" has no attribute "internalPointer"  [union-attr]
(pracedru)PracedruDesign/GUI/Models/MaterialModel.py:238: error: Item "None" of "Optional[Any]" has no attribute "row"  [union-attr]
(pracedru)PracedruDesign/GUI/Widgets/GlDrawable.py:102: error: Need type annotation for '_vertices' (hint: "_vertices: List[<type>] = ...")  [var-annotated]
(pracedru)PracedruDesign/GUI/Widgets/GlDrawable.py:103: error: Need type annotation for '_normals' (hint: "_normals: List[<type>] = ...")  [var-annotated]
(pracedru)PracedruDesign/GUI/init.py:7: error: Need type annotation for 'plugin_initializers' (hint: "plugin_initializers: List[<type>] = ...")  [var-annotated]
(pracedru)PracedruDesign/GUI/init.py:65: error: Need type annotation for 'contexts' (hint: "contexts: Dict[<type>, <type>] = ...")  [var-annotated]
(pracedru)PracedruDesign/Data/Point3d.py:41: error: Need type annotation for '_instances' (hint: "_instances: Dict[<type>, <type>] = ...")  [var-annotated]
(pracedru)PracedruDesign/Data/Point3d.py:43: error: Need type annotation for '_edges' (hint: "_edges: List[<type>] = ...")  [var-annotated]
(pracedru)PracedruDesign/Data/Point3d.py:169: error: Name 'x' already defined on line 157  [no-redef]
(pracedru)PracedruDesign/Data/Point3d.py:169: error: "Callable[[KeyPoint], Any]" has no attribute "setter"  [attr-defined]
(pracedru)PracedruDesign/Data/Point3d.py:173: error: Name 'y' already defined on line 161  [no-redef]
(pracedru)PracedruDesign/Data/Point3d.py:173: error: "Callable[[KeyPoint], Any]" has no attribute "setter"  [attr-defined]
(pracedru)PracedruDesign/Data/Point3d.py:177: error: Name 'z' already defined on line 165  [no-redef]
(pracedru)PracedruDesign/Data/Point3d.py:177: error: "Callable[[KeyPoint], Any]" has no attribute "setter"  [attr-defined]
(pracedru)PracedruDesign/Data/Drawings.py:66: error: Too many arguments  [misc]

[RRepo](polyaxon)polyaxon
(polyaxon)polyaxon/polyaxon/dockerizer/setup.py: error: Duplicate module named 'setup' (also at '/home/bew/archive/typed_project/(polyaxon)polyaxon/setup.py')  [misc]
(polyaxon)polyaxon/polyaxon/dockerizer/setup.py: error: Are you missing an __init__.py?  [misc]
Found 2 errors in 1 file (checked 693 source files)

[RRepo](aio-libs)aiomonitor
(aio-libs)aiomonitor/setup.py:19: error: Need type annotation for 'extras_require' (hint: "extras_require: Dict[<type>, <type>] = ...")  [var-annotated]
(aio-libs)aiomonitor/tests/test_monitor.py:7: error: Module 'aiomonitor' has no attribute 'Monitor'  [attr-defined]
(aio-libs)aiomonitor/tests/test_monitor.py:7: error: Module 'aiomonitor' has no attribute 'start_monitor'  [attr-defined]
(aio-libs)aiomonitor/examples/web_srv_custom_monitor.py:42: error: Name 'aiomonitor.Monitor' is not defined  [name-defined]
(aio-libs)aiomonitor/examples/web_srv_custom_monitor.py:54: error: Module has no attribute "start_monitor"  [attr-defined]
(aio-libs)aiomonitor/examples/simple_aiohttp_srv.py:22: error: Module has no attribute "start_monitor"  [attr-defined]
(aio-libs)aiomonitor/examples/web_srv.py:41: error: Module has no attribute "start_monitor"  [attr-defined]
Found 7 errors in 5 files (checked 8 source files)

[RRepo](allenai)deep_qa
(allenai)deep_qa/deep_qa/layers/entailment_models/decomposable_attention.py: error: Duplicate module named 'decomposable_attention' (also at '/home/bew/archive/typed_project/(allenai)deep_qa/deep_qa/models/entailment/decomposable_attention.py')  [misc]
Found 1 error in 1 file (checked 164 source files)

[RRepo](CanopyTax)asyncpgsa
(CanopyTax)asyncpgsa/tests/test_pgsingleton.py:5: error: No parent module -- cannot perform relative import  [misc]
Found 1 error in 1 file (checked 16 source files)

[RRepo](lostatc)linotype
Success: no issues found in 3 source files

