[RRepo](Pinafore)qb
(Pinafore)qb/qanta/ingestion/pipeline.py: error: Duplicate module named 'pipeline' (also at '/home/bew/archive/typed_project/(Pinafore)qb/qanta/pipeline/__init__.py')  [misc]
Found 1 error in 1 file (checked 69 source files)

[RRepo](datawire)ambassador
(datawire)ambassador/ambassador/ambassador/cli.py:29: error: No parent module -- cannot perform relative import  [misc]
Found 1 error in 1 file (checked 90 source files)

[RRepo](geneontology)go-site
(geneontology)go-site/tests/behave/steps/basic.py:17: error: Name 'given' is not defined  [name-defined]
(geneontology)go-site/tests/behave/steps/basic.py:47: error: Name 'step_impl' already defined on line 17  [no-redef]
(geneontology)go-site/tests/behave/steps/basic.py:47: error: Name 'then' is not defined  [name-defined]
(geneontology)go-site/tests/behave/steps/basic.py:55: error: Name 'step_impl' already defined on line 17  [no-redef]
(geneontology)go-site/tests/behave/steps/basic.py:55: error: Name 'then' is not defined  [name-defined]
(geneontology)go-site/tests/behave/steps/basic.py:65: error: Name 'step_impl' already defined on line 17  [no-redef]
(geneontology)go-site/tests/behave/steps/basic.py:65: error: Name 'when' is not defined  [name-defined]
(geneontology)go-site/tests/behave/steps/basic.py:73: error: Name 'step_impl' already defined on line 17  [no-redef]
(geneontology)go-site/tests/behave/steps/basic.py:73: error: Name 'then' is not defined  [name-defined]
(geneontology)go-site/tests/behave/steps/basic.py:81: error: Name 'step_impl' already defined on line 17  [no-redef]
(geneontology)go-site/tests/behave/steps/basic.py:81: error: Name 'then' is not defined  [name-defined]
(geneontology)go-site/tests/behave/steps/basic.py:93: error: Name 'step_impl' already defined on line 17  [no-redef]
(geneontology)go-site/tests/behave/steps/basic.py:93: error: Name 'then' is not defined  [name-defined]
(geneontology)go-site/tests/behave/steps/basic.py:106: error: Name 'step_impl' already defined on line 17  [no-redef]
(geneontology)go-site/tests/behave/steps/basic.py:106: error: Name 'then' is not defined  [name-defined]
(geneontology)go-site/graphstore/rule-runner/rulerunner/main.py:55: error: Incompatible return value type (got "Optional[Match[Any]]", expected "bool")  [return-value]
(geneontology)go-site/pipeline/util/paint_merge.py:51: error: Syntax error in type annotation  [syntax]
(geneontology)go-site/pipeline/util/paint_merge.py:51: note: Suggestion: Use Tuple[T1, ..., Tn] instead of (T1, ..., Tn)
(geneontology)go-site/scripts/download_source_gafs.py:185: error: Incompatible types in assignment (expression has type "str", variable has type "bool")  [assignment]
(geneontology)go-site/scripts/download_source_gafs.py:194: error: Incompatible return value type (got "Tuple[bool, str]", expected "str")  [return-value]
(geneontology)go-site/scripts/download_source_gafs.py:219: error: Incompatible return value type (got "Tuple[bool, Any]", expected "str")  [return-value]
Found 20 errors in 4 files (checked 24 source files)

[RRepo](tofuSCHNITZEL)pi_video_looper
(tofuSCHNITZEL)pi_video_looper/Pi_Video_Looper/model.py:52: error: Incompatible return value type (got "None", expected "Movie")  [return-value]
Found 1 error in 1 file (checked 7 source files)

[RRepo](FRC-RS)FRS
(FRC-RS)FRS/util/strutils.py:26: error: Cannot determine type of '_format_string'  [has-type]
(FRC-RS)FRS/util/strutils.py:29: error: Cannot determine type of '_format_string'  [has-type]
(FRC-RS)FRS/util/strutils.py:34: error: Argument 1 of "__eq__" is incompatible with supertype "object"; supertype defines the argument type as "object"  [override]
(FRC-RS)FRS/util/strutils.py:34: note: It is recommended for "__eq__" to work with arbitrary objects, for example:
(FRC-RS)FRS/util/strutils.py:34: note:     def __eq__(self, other: object) -> bool:
(FRC-RS)FRS/util/strutils.py:34: note:         if not isinstance(other, TemplateString):
(FRC-RS)FRS/util/strutils.py:34: note:             return NotImplemented
(FRC-RS)FRS/util/strutils.py:34: note:         return <logic to compare two TemplateString instances>
(FRC-RS)FRS/util/strutils.py:36: error: Cannot determine type of '_format_string'  [has-type]
(FRC-RS)FRS/util/strutils.py:38: error: Cannot determine type of '_format_string'  [has-type]
(FRC-RS)FRS/util/strutils.py:44: error: Cannot determine type of '_format_string'  [has-type]
(FRC-RS)FRS/util/strutils.py:47: error: Cannot determine type of '_format_string'  [has-type]
(FRC-RS)FRS/util/strutils.py:50: error: Argument 1 to "bytes" has incompatible type "str"; expected "Iterable[int]"  [arg-type]
(FRC-RS)FRS/util/strutils.py:50: note: Following member(s) of "str" have conflicts:
(FRC-RS)FRS/util/strutils.py:50: note:     Expected:
(FRC-RS)FRS/util/strutils.py:50: note:         def __iter__(self) -> Iterator[int]
(FRC-RS)FRS/util/strutils.py:50: note:     Got:
(FRC-RS)FRS/util/strutils.py:50: note:         def __iter__(self) -> Iterator[str]
(FRC-RS)FRS/util/strutils.py:54: error: Cannot determine type of '_format_string'  [has-type]
(FRC-RS)FRS/util/strutils.py:56: error: Cannot determine type of '_format_string'  [has-type]
(FRC-RS)FRS/util/strutils.py:60: error: Cannot determine type of '_format_string'  [has-type]
(FRC-RS)FRS/util/strutils.py:62: error: Cannot determine type of '_format_string'  [has-type]

[RRepo](FoglyOgly)Meowth
(FoglyOgly)Meowth/meowth/core/data_manager/dbi.py:10: error: No parent module -- cannot perform relative import  [misc]
Found 1 error in 1 file (checked 33 source files)

[RRepo](Katharine)ponytone
(Katharine)ponytone/importmlk.py:22: error: List item 1 has incompatible type "Tuple[str, str, str]"; expected "Tuple[str, str]"  [list-item]
(Katharine)ponytone/importmlk.py:24: error: List item 3 has incompatible type "Tuple[str, str, str]"; expected "Tuple[str, str]"  [list-item]
(Katharine)ponytone/importmlk.py:25: error: List item 4 has incompatible type "Tuple[str, str, str]"; expected "Tuple[str, str]"  [list-item]
(Katharine)ponytone/importmlk.py:26: error: List item 5 has incompatible type "Tuple[str, str, str]"; expected "Tuple[str, str]"  [list-item]
(Katharine)ponytone/importmlk.py:27: error: List item 6 has incompatible type "Tuple[str, str, str]"; expected "Tuple[str, str]"  [list-item]
(Katharine)ponytone/importmlk.py:28: error: List item 7 has incompatible type "Tuple[str, str, str]"; expected "Tuple[str, str]"  [list-item]
(Katharine)ponytone/importmlk.py:29: error: List item 8 has incompatible type "Tuple[str, str, str, str]"; expected "Tuple[str, str]"  [list-item]
(Katharine)ponytone/importmlk.py:32: error: List item 11 has incompatible type "Tuple[str, str, str]"; expected "Tuple[str, str]"  [list-item]
(Katharine)ponytone/importmlk.py:59: error: Item "None" of "Optional[IO[bytes]]" has no attribute "read"  [union-attr]
(Katharine)ponytone/importmlk.py:92: error: Incompatible types in assignment (expression has type "None", variable has type "List[Any]")  [assignment]
Found 10 errors in 1 file (checked 4 source files)

[RRepo](aguai)TMDLang
(aguai)TMDLang/try/findBar.py:1: error: invalid syntax  [syntax]
Found 1 error in 1 file (checked 7 source files)

[RRepo](numberoverzero)bloop
(numberoverzero)bloop/bloop/ext/delorean.py:3: error: No parent module -- cannot perform relative import  [misc]
Found 1 error in 1 file (checked 30 source files)

[RRepo](will4906)PatentCrawler
(will4906)PatentCrawler/entity/crawler_item.py:18: error: Need type annotation for 'crawler_list'  [var-annotated]

[RRepo](ImageMarkup)isic-archive
(ImageMarkup)isic-archive/test/segmentation_helper_test.py:3: error: Module 'isic_archive.models.segmentation_helpers' has no attribute 'OpenCVSegmentationHelper'  [attr-defined]
(ImageMarkup)isic-archive/test/segmentation_helper_test.py:3: error: Module 'isic_archive.models.segmentation_helpers' has no attribute 'ScikitSegmentationHelper'  [attr-defined]
(ImageMarkup)isic-archive/isic_archive/models/image.py:20: error: Relative import climbs too many namespaces  [misc]

[RRepo](ThaWeatherman)trackopy
(ThaWeatherman)trackopy/trackopy/trackobot.py:156: error: Item "None" of "Optional[datetime]" has no attribute "strftime"  [union-attr]
(ThaWeatherman)trackopy/trackopy/trackobot.py:158: error: Dict entry 0 has incompatible type "str": "Optional[int]"; expected "str": "str"  [dict-item]
(ThaWeatherman)trackopy/trackopy/trackobot.py:158: error: Dict entry 1 has incompatible type "str": "Optional[int]"; expected "str": "str"  [dict-item]
(ThaWeatherman)trackopy/trackopy/trackobot.py:160: error: Dict entry 0 has incompatible type "str": "Optional[str]"; expected "str": "str"  [dict-item]
(ThaWeatherman)trackopy/trackopy/trackobot.py:160: error: Dict entry 1 has incompatible type "str": "Optional[str]"; expected "str": "str"  [dict-item]
(ThaWeatherman)trackopy/trackopy/trackobot.py:226: error: Incompatible types in assignment (expression has type "str", target has type "int")  [assignment]
(ThaWeatherman)trackopy/trackopy/__init__.py:15: error: Name 'NullHandler' already defined (possibly by an import)  [no-redef]
(ThaWeatherman)trackopy/trackopy/__init__.py:15: error: Name 'logging.handler' is not defined  [name-defined]
Found 8 errors in 2 files (checked 4 source files)

[RRepo](renewables-ninja)gsee
(renewables-ninja)gsee/gsee/climatedata_interface/pre_gsee_processing.py:53: error: Argument 2 to "convert_to_durinal" has incompatible type "Dict[Any, Any]"; expected "Tuple[Any, ...]"  [arg-type]
(renewables-ninja)gsee/gsee/climatedata_interface/pre_gsee_processing.py:56: error: Argument 2 to "clearness_index_hourly" has incompatible type "Dict[Any, Any]"; expected "Tuple[Any, ...]"  [arg-type]
(renewables-ninja)gsee/gsee/climatedata_interface/pre_gsee_processing.py:335: error: Missing return statement  [return]
Found 3 errors in 1 file (checked 10 source files)

[RRepo](mynlp)ccg2lambda
(mynlp)ccg2lambda/ja/rte.py:61: error: "ArgumentParser" has no attribute "parse_doc"  [attr-defined]
Deferral trace:
    ccg2jiggxml:10
    ccg2jiggxml:10
    ccg2jiggxml:10
    ccg2jiggxml:-1
    ccg2jiggxml:11
    ccg2jiggxml:11
    ccg2jiggxml:11
    ccg2jiggxml:-1
    ccg2jiggxml:12
    ccg2jiggxml:12
    ccg2jiggxml:-1
    ccg2jiggxml:110
    ccg2jiggxml:110
    ccg2jiggxml:-1
    ccg2jiggxml:10
    ccg2jiggxml:10
    ccg2jiggxml:-1
    ccg2jiggxml:11
    ccg2jiggxml:12
    ccg2jiggxml:110
    ccg2jiggxml:110
    ccg2jiggxml:-1
    ccg2jiggxml:10
    ccg2jiggxml:10
    ccg2jiggxml:-1
    ccg2jiggxml:110
    ccg2jiggxml:110
    ccg2jiggxml:-1
    ccg2jiggxml:10
    ccg2jiggxml:10
    ccg2jiggxml:-1
    ccg2jiggxml:110
    ccg2jiggxml:110
    ccg2jiggxml:-1
    ccg2jiggxml:10
    ccg2jiggxml:10
    ccg2jiggxml:-1
    ccg2jiggxml:110
    ccg2jiggxml:110
    ccg2jiggxml:-1
    ccg2jiggxml:10
    ccg2jiggxml:10
    ccg2jiggxml:-1
    ccg2jiggxml:110
    ccg2jiggxml:110
    ccg2jiggxml:-1
    ccg2jiggxml:10
    ccg2jiggxml:10
    ccg2jiggxml:-1
    ccg2jiggxml:110
    ccg2jiggxml:110
    ccg2jiggxml:-1
    ccg2jiggxml:10
    ccg2jiggxml:10
    ccg2jiggxml:-1
    ccg2jiggxml:110
    ccg2jiggxml:110
    ccg2jiggxml:-1
    ccg2jiggxml:10
    ccg2jiggxml:10
    ccg2jiggxml:-1
    ccg2jiggxml:110
    ccg2jiggxml:110
    ccg2jiggxml:-1
    ccg2jiggxml:10
    ccg2jiggxml:10
    ccg2jiggxml:-1
    ccg2jiggxml:110
    ccg2jiggxml:110
    ccg2jiggxml:-1
    ccg2jiggxml:10
    ccg2jiggxml:10
    ccg2jiggxml:-1
    ccg2jiggxml:110
    ccg2jiggxml:110
    ccg2jiggxml:-1
    ccg2jiggxml:10
    ccg2jiggxml:10
    ccg2jiggxml:-1
    ccg2jiggxml:110
    ccg2jiggxml:110
    ccg2jiggxml:-1
    ccg2jiggxml:10
    ccg2jiggxml:10
    ccg2jiggxml:-1
    ccg2jiggxml:110
    ccg2jiggxml:110
    ccg2jiggxml:-1
    ccg2jiggxml:10
    ccg2jiggxml:10
    ccg2jiggxml:-1
    ccg2jiggxml:110
    ccg2jiggxml:110
    ccg2jiggxml:-1
    ccg2jiggxml:10
    ccg2jiggxml:10
    ccg2jiggxml:-1
    ccg2jiggxml:110
    ccg2jiggxml:110
    ccg2jiggxml:-1
    ccg2jiggxml:10
    ccg2jiggxml:10
    ccg2jiggxml:-1
    ccg2jiggxml:110
    ccg2jiggxml:110
    ccg2jiggxml:-1
    ccg2jiggxml:10
    ccg2jiggxml:10
    ccg2jiggxml:-1
    ccg2jiggxml:110
    ccg2jiggxml:110
    ccg2jiggxml:-1
    ccg2jiggxml:10
    ccg2jiggxml:10
    ccg2jiggxml:-1
    ccg2jiggxml:110
    ccg2jiggxml:110
    ccg2jiggxml:-1
    ccg2jiggxml:10
    ccg2jiggxml:10
    ccg2jiggxml:-1
    ccg2jiggxml:110
    ccg2jiggxml:110
    ccg2jiggxml:-1
    ccg2jiggxml:10
    ccg2jiggxml:10
    ccg2jiggxml:-1
    ccg2jiggxml:110
    ccg2jiggxml:110
    ccg2jiggxml:-1
(mynlp)ccg2lambda/scripts/ccg2jiggxml.py: error: INTERNAL ERROR: maximum semantic analysis iteration count reached  [misc]
(mynlp)ccg2lambda/scripts/ccg2jiggxml.py:129: error: Cannot resolve name "Category" (possible cyclic definition)  [misc]
(mynlp)ccg2lambda/scripts/ccg2jiggxml.py:133: error: Cannot resolve name "Category" (possible cyclic definition)  [misc]
(mynlp)ccg2lambda/scripts/ccg2jiggxml.py:136: error: Cannot resolve name "Category" (possible cyclic definition)  [misc]
(mynlp)ccg2lambda/scripts/ccg2jiggxml.py:140: error: Cannot resolve name "Category" (possible cyclic definition)  [misc]
(mynlp)ccg2lambda/scripts/ccg2jiggxml.py:144: error: Cannot resolve name "Category" (possible cyclic definition)  [misc]
(mynlp)ccg2lambda/scripts/ccg2jiggxml.py:160: error: Cannot resolve name "Category" (possible cyclic definition)  [misc]
(mynlp)ccg2lambda/scripts/ccg2jiggxml.py:180: error: Cannot resolve name "Functor" (possible cyclic definition)  [misc]
(mynlp)ccg2lambda/scripts/ccg2jiggxml.py:184: error: Cannot resolve name "Category" (possible cyclic definition)  [misc]
(mynlp)ccg2lambda/scripts/ccg2jiggxml.py:213: error: Cannot resolve name "Category" (possible cyclic definition)  [misc]

[RRepo](acatton)ohneio
(acatton)ohneio/ohneio.py:10: error: "deque" is not subscriptable, use "typing.Deque" instead  [misc]
(acatton)ohneio/ohneio.py:323: error: Argument 1 to "len" has incompatible type "Optional[Buffer]"; expected "Sized"  [arg-type]
(acatton)ohneio/ohneio.py:324: error: Item "None" of "Optional[Buffer]" has no attribute "read"  [union-attr]
(acatton)ohneio/ohneio.py:359: error: Item "None" of "Optional[Buffer]" has no attribute "write"  [union-attr]
(acatton)ohneio/ohneio.py:360: error: Argument 1 to "len" has incompatible type "Optional[Buffer]"; expected "Sized"  [arg-type]
(acatton)ohneio/setup.py:14: error: Need type annotation for 'install_requires' (hint: "install_requires: List[<type>] = ...")  [var-annotated]
Found 6 errors in 2 files (checked 4 source files)

[RRepo](elastacloud)parquet-dotnet
(elastacloud)parquet-dotnet/3rdparty/fastparquet/run.py:27: error: Need type annotation for 'write_snappy_times' (hint: "write_snappy_times: List[<type>] = ...")  [var-annotated]
Found 1 error in 1 file (checked 1 source file)

[RRepo](skftn)findex-gui
(skftn)findex-gui/findex_gui/controllers/auth/auth.py:90: error: Incompatible default for argument "salt" (default has type "Type[str]", argument has type "None")  [assignment]

[RRepo](dbrattli)aioreactive
(dbrattli)aioreactive/aioreactive/core/utils.py:2: error: No parent module -- cannot perform relative import  [misc]
Found 1 error in 1 file (checked 66 source files)

[RRepo](portfoliome)pgawedge
(portfoliome)pgawedge/setup.py:12: error: Need type annotation for 'version_ns' (hint: "version_ns: Dict[<type>, <type>] = ...")  [var-annotated]
(portfoliome)pgawedge/pgawedge/fixtures.py:16: error: Need type annotation for 'db_config' (hint: "db_config: Dict[<type>, <type>] = ...")  [var-annotated]
(portfoliome)pgawedge/pgawedge/triggers.py:53: error: Name 'compile' already defined on line 38  [no-redef]

[RRepo](Pr0Ger)PyAPNs2
Success: no issues found in 7 source files

[RRepo](albertyw)git-browse
Success: no issues found in 3 source files

[RRepo](futursolo)botodesu
(futursolo)botodesu/botodesu/exceptions.py:39: error: Too many arguments for "__init__" of "BaseException"  [call-arg]
(futursolo)botodesu/botodesu/exceptions.py:42: error: Need type annotation for 'content'  [var-annotated]
(futursolo)botodesu/setup.py:39: error: Module has no attribute "util"  [attr-defined]
(futursolo)botodesu/setup.py:44: error: Module has no attribute "util"  [attr-defined]
(futursolo)botodesu/docs/conf.py:67: error: Item "_Loader" of "Optional[_Loader]" has no attribute "exec_module"  [union-attr]
(futursolo)botodesu/docs/conf.py:67: error: Item "None" of "Optional[_Loader]" has no attribute "exec_module"  [union-attr]
(futursolo)botodesu/docs/conf.py:69: error: Module has no attribute "version"  [attr-defined]
(futursolo)botodesu/docs/conf.py:127: error: Need type annotation for 'latex_elements' (hint: "latex_elements: Dict[<type>, <type>] = ...")  [var-annotated]
(futursolo)botodesu/botodesu/body.py:97: error: Incompatible types in assignment (expression has type "FormData", variable has type "str")  [assignment]
(futursolo)botodesu/botodesu/body.py:99: error: Incompatible return value type (got "Tuple[Dict[str, str], str]", expected "Tuple[Dict[str, str], Union[bytes, FormData]]")  [return-value]
(futursolo)botodesu/botodesu/__init__.py:54: error: Name 'version' is not defined  [name-defined]
(futursolo)botodesu/botodesu/__init__.py:201: error: Incompatible types in assignment (expression has type "None", variable has type "ClientSession")  [assignment]
(futursolo)botodesu/examples/echo.py:30: error: "Coroutine[Any, Any, Boto]" has no attribute "__anext__"  [attr-defined]
Found 13 errors in 6 files (checked 9 source files)

[RRepo](SanPen)GridCal
(SanPen)GridCal/src/research/line_impedances/EMTP_Theory_Book_Correction/EMTPTB.py:136: error: Missing parentheses in call to 'print'. Did you mean print('s', nth, r, Jre)?  [syntax]
Found 1 error in 1 file (checked 139 source files)

[RRepo](zixia)node-facenet
Success: no issues found in 2 source files

[RRepo](Reading-eScience-Centre)pycovjson
(Reading-eScience-Centre)pycovjson/setup.py:28: error: Need type annotation for '_namespaces' (hint: "_namespaces: List[<type>] = ...")  [var-annotated]
(Reading-eScience-Centre)pycovjson/pycovjson/write.py:13: error: The return type of "__init__" must be None  [misc]
(Reading-eScience-Centre)pycovjson/pycovjson/write.py:13: error: Missing return statement  [return]
(Reading-eScience-Centre)pycovjson/pycovjson/write.py:40: error: Argument 1 to "append" of "list" has incompatible type "SpatialReferenceSystem3d"; expected "TemporalReferenceSystem"  [arg-type]
(Reading-eScience-Centre)pycovjson/pycovjson/write.py:44: error: Argument 1 to "append" of "list" has incompatible type "SpatialReferenceSystem2d"; expected "TemporalReferenceSystem"  [arg-type]
(Reading-eScience-Centre)pycovjson/pycovjson/write.py:46: error: Argument 1 to "append" of "list" has incompatible type "SpatialReferenceSystem2d"; expected "TemporalReferenceSystem"  [arg-type]

[RRepo](robertnishihara)ray
(robertnishihara)ray/python/ray/experimental/queue.py:134: error: Module has no attribute "remote"  [attr-defined]
(robertnishihara)ray/python/ray/tune/examples/pbt_tune_cifar10_with_keras.py:26: error: Module 'ray.tune' has no attribute 'grid_search'  [attr-defined]
(robertnishihara)ray/python/ray/tune/examples/pbt_tune_cifar10_with_keras.py:26: error: Module 'ray.tune' has no attribute 'run'  [attr-defined]
(robertnishihara)ray/python/ray/tune/examples/pbt_tune_cifar10_with_keras.py:26: error: Module 'ray.tune' has no attribute 'sample_from'  [attr-defined]
(robertnishihara)ray/python/ray/tune/examples/pbt_tune_cifar10_with_keras.py:27: error: Module 'ray.tune' has no attribute 'Trainable'  [attr-defined]
(robertnishihara)ray/python/ray/tune/examples/pbt_tune_cifar10_with_keras.py:28: error: Module 'ray.tune.schedulers' has no attribute 'PopulationBasedTraining'  [attr-defined]
(robertnishihara)ray/python/ray/tune/examples/pbt_tune_cifar10_with_keras.py:207: error: Unsupported target for indexed assignment  [index]
(robertnishihara)ray/python/ray/tune/examples/pbt_tune_cifar10_with_keras.py:208: error: Unsupported target for indexed assignment  [index]
(robertnishihara)ray/python/ray/tune/examples/pbt_tune_cifar10_with_keras.py:210: error: Module has no attribute "init"  [attr-defined]
(robertnishihara)ray/python/ray/tune/examples/tune_mnist_ray_hyperband.py:35: error: Module 'ray.tune' has no attribute 'Trainable'  [attr-defined]
(robertnishihara)ray/python/ray/tune/examples/tune_mnist_ray_hyperband.py:35: error: Module 'ray.tune' has no attribute 'sample_from'  [attr-defined]
(robertnishihara)ray/python/ray/tune/examples/tune_mnist_ray_hyperband.py:36: error: Module 'ray.tune.schedulers' has no attribute 'HyperBandScheduler'  [attr-defined]
(robertnishihara)ray/python/ray/tune/examples/tune_mnist_ray_hyperband.py:227: error: Unsupported target for indexed assignment  [index]
(robertnishihara)ray/python/ray/tune/examples/tune_mnist_ray_hyperband.py:230: error: Module has no attribute "init"  [attr-defined]
(robertnishihara)ray/python/ray/tune/examples/tune_mnist_ray_hyperband.py:237: error: Module has no attribute "run"  [attr-defined]
(robertnishihara)ray/python/ray/experimental/serve/examples/counter.py:6: error: Module 'ray.experimental.serve' has no attribute 'RayServeMixin'  [attr-defined]
(robertnishihara)ray/python/ray/experimental/serve/examples/counter.py:6: error: Module 'ray.experimental.serve' has no attribute 'batched_input'  [attr-defined]
(robertnishihara)ray/python/ray/experimental/serve/examples/counter.py:9: error: Module has no attribute "remote"  [attr-defined]
(robertnishihara)ray/python/ray/experimental/serve/examples/counter.py:21: error: Module has no attribute "remote"  [attr-defined]
(robertnishihara)ray/python/ray/experimental/serve/examples/halt.py:8: error: Module 'ray.experimental.serve' has no attribute 'RayServeMixin'  [attr-defined]
(robertnishihara)ray/python/ray/experimental/serve/examples/halt.py:8: error: Module 'ray.experimental.serve' has no attribute 'batched_input'  [attr-defined]
(robertnishihara)ray/python/ray/experimental/serve/examples/halt.py:11: error: Module has no attribute "remote"  [attr-defined]
(robertnishihara)ray/python/ray/experimental/serve/examples/halt.py:27: error: Module has no attribute "remote"  [attr-defined]
(robertnishihara)ray/python/ray/experimental/serve/examples/adder.py:8: error: Module 'ray.experimental.serve' has no attribute 'RayServeMixin'  [attr-defined]
(robertnishihara)ray/python/ray/experimental/serve/examples/adder.py:8: error: Module 'ray.experimental.serve' has no attribute 'batched_input'  [attr-defined]
(robertnishihara)ray/python/ray/experimental/serve/examples/adder.py:11: error: Module has no attribute "remote"  [attr-defined]
(robertnishihara)ray/python/ray/experimental/serve/examples/adder.py:28: error: Module has no attribute "remote"  [attr-defined]
(robertnishihara)ray/python/ray/experimental/serve/examples/adder.py:39: error: Module has no attribute "remote"  [attr-defined]
(robertnishihara)ray/python/ray/experimental/internal_kv.py:7: error: Need type annotation for '_local' (hint: "_local: Dict[<type>, <type>] = ...")  [var-annotated]
(robertnishihara)ray/ci/jenkins_tests/miscellaneous/test_wait_hanging.py:8: error: Module has no attribute "remote"  [attr-defined]
(robertnishihara)ray/ci/jenkins_tests/miscellaneous/test_wait_hanging.py:13: error: Module has no attribute "remote"  [attr-defined]
(robertnishihara)ray/ci/jenkins_tests/miscellaneous/test_wait_hanging.py:24: error: Module has no attribute "init"  [attr-defined]
(robertnishihara)ray/ci/jenkins_tests/miscellaneous/test_wait_hanging.py:30: error: Module has no attribute "wait"  [attr-defined]
(robertnishihara)ray/examples/streaming/streaming.py:16: error: Module has no attribute "remote"  [attr-defined]
(robertnishihara)ray/examples/streaming/streaming.py:40: error: Module has no attribute "remote"  [attr-defined]
(robertnishihara)ray/examples/streaming/streaming.py:71: error: Module has no attribute "init"  [attr-defined]
(robertnishihara)ray/examples/streaming/streaming.py:86: error: "Type[Mapper]" has no attribute "remote"  [attr-defined]
(robertnishihara)ray/examples/streaming/streaming.py:90: error: "Type[Reducer]" has no attribute "remote"  [attr-defined]
(robertnishihara)ray/examples/streaming/streaming.py:95: error: Need type annotation for 'wordcounts' (hint: "wordcounts: Dict[<type>, <type>] = ...")  [var-annotated]
(robertnishihara)ray/examples/streaming/streaming.py:96: error: Module has no attribute "get"  [attr-defined]
(robertnishihara)ray/examples/rl_pong/driver.py:82: error: Module has no attribute "remote"  [attr-defined]
(robertnishihara)ray/examples/rl_pong/driver.py:168: error: Module has no attribute "init"  [attr-defined]
(robertnishihara)ray/examples/rl_pong/driver.py:182: error: "Type[PongEnv]" has no attribute "remote"  [attr-defined]
(robertnishihara)ray/examples/rl_pong/driver.py:186: error: Module has no attribute "put"  [attr-defined]
(robertnishihara)ray/examples/rl_pong/driver.py:194: error: Module has no attribute "wait"  [attr-defined]
(robertnishihara)ray/examples/rl_pong/driver.py:195: error: Module has no attribute "get"  [attr-defined]
(robertnishihara)ray/examples/rl_pong/driver.py:200: error: Unsupported operand types for * ("None" and "float")  [operator]
(robertnishihara)ray/rllib/tests/test_checkpoint_restore.py:24: error: Module has no attribute "init"  [attr-defined]
(robertnishihara)ray/rllib/tests/test_checkpoint_restore.py:147: error: Need type annotation for 'failures' (hint: "failures: List[<type>] = ...")  [var-annotated]
(robertnishihara)ray/rllib/tests/test_avail_actions_qmix.py:9: error: Module 'ray.tune' has no attribute 'register_env'  [attr-defined]
(robertnishihara)ray/rllib/tests/test_avail_actions_qmix.py:58: error: Module has no attribute "init"  [attr-defined]
(robertnishihara)ray/rllib/agents/impala/vtrace_test.py:88: error: Name 'tf.test.TestCase' is not defined  [name-defined]
(robertnishihara)ray/rllib/agents/impala/vtrace_test.py:121: error: Name 'tf.test.TestCase' is not defined  [name-defined]
(robertnishihara)ray/rllib/examples/export/cartpole_dqn_export.py:15: error: Module has no attribute "init"  [attr-defined]
(robertnishihara)ray/rllib/examples/custom_keras_model.py:91: error: Module has no attribute "init"  [attr-defined]
(robertnishihara)ray/rllib/examples/custom_keras_model.py:95: error: Module has no attribute "run"  [attr-defined]
(robertnishihara)ray/rllib/examples/batch_norm_model.py:47: error: Module has no attribute "init"  [attr-defined]
(robertnishihara)ray/rllib/examples/batch_norm_model.py:50: error: Module has no attribute "run"  [attr-defined]
(robertnishihara)ray/rllib/examples/cartpole_lstm.py:165: error: Module has no attribute "register_env"  [attr-defined]
(robertnishihara)ray/rllib/examples/cartpole_lstm.py:167: error: Module has no attribute "init"  [attr-defined]
(robertnishihara)ray/rllib/examples/cartpole_lstm.py:182: error: Module has no attribute "run"  [attr-defined]
(robertnishihara)ray/rllib/examples/rollout_worker_custom_workflow.py:105: error: Module has no attribute "init"  [attr-defined]
(robertnishihara)ray/rllib/examples/rollout_worker_custom_workflow.py:107: error: Module has no attribute "run"  [attr-defined]
(robertnishihara)ray/rllib/examples/custom_fast_model.py:17: error: Module 'ray.tune' has no attribute 'run_experiments'  [attr-defined]
(robertnishihara)ray/rllib/examples/custom_fast_model.py:17: error: Module 'ray.tune' has no attribute 'sample_from'  [attr-defined]
(robertnishihara)ray/rllib/examples/custom_fast_model.py:52: error: Module has no attribute "init"  [attr-defined]
(robertnishihara)ray/rllib/examples/custom_torch_policy.py:37: error: Module has no attribute "init"  [attr-defined]
(robertnishihara)ray/rllib/examples/custom_torch_policy.py:39: error: Module has no attribute "run"  [attr-defined]
(robertnishihara)ray/rllib/examples/custom_env.py:25: error: Module 'ray.tune' has no attribute 'grid_search'  [attr-defined]
(robertnishihara)ray/rllib/examples/custom_env.py:77: error: Module has no attribute "init"  [attr-defined]
(robertnishihara)ray/rllib/examples/custom_env.py:79: error: Module has no attribute "run"  [attr-defined]
(robertnishihara)ray/rllib/examples/custom_train_fn.py:42: error: Module has no attribute "init"  [attr-defined]
(robertnishihara)ray/rllib/examples/custom_train_fn.py:48: error: Module has no attribute "run"  [attr-defined]
(robertnishihara)ray/rllib/examples/custom_loss.py:84: error: Module has no attribute "init"  [attr-defined]
(robertnishihara)ray/rllib/examples/custom_loss.py:88: error: Module has no attribute "run"  [attr-defined]
(robertnishihara)ray/rllib/examples/custom_tf_policy.py:39: error: Module has no attribute "init"  [attr-defined]
(robertnishihara)ray/rllib/examples/custom_tf_policy.py:41: error: Module has no attribute "run"  [attr-defined]
(robertnishihara)ray/rllib/examples/twostep_game.py:13: error: Module 'ray.tune' has no attribute 'register_env'  [attr-defined]
(robertnishihara)ray/rllib/examples/twostep_game.py:13: error: Module 'ray.tune' has no attribute 'grid_search'  [attr-defined]
(robertnishihara)ray/rllib/examples/twostep_game.py:123: error: Module has no attribute "function"  [attr-defined]
(robertnishihara)ray/rllib/examples/twostep_game.py:157: error: Module has no attribute "init"  [attr-defined]
(robertnishihara)ray/rllib/examples/twostep_game.py:158: error: Module has no attribute "run"  [attr-defined]
(robertnishihara)ray/rllib/examples/custom_metrics_and_callbacks.py:61: error: Module has no attribute "init"  [attr-defined]
(robertnishihara)ray/rllib/examples/custom_metrics_and_callbacks.py:62: error: Module has no attribute "run"  [attr-defined]
(robertnishihara)ray/rllib/examples/custom_metrics_and_callbacks.py:70: error: Module has no attribute "function"  [attr-defined]
(robertnishihara)ray/rllib/examples/custom_metrics_and_callbacks.py:71: error: Module has no attribute "function"  [attr-defined]
(robertnishihara)ray/rllib/examples/custom_metrics_and_callbacks.py:72: error: Module has no attribute "function"  [attr-defined]
(robertnishihara)ray/rllib/examples/custom_metrics_and_callbacks.py:73: error: Module has no attribute "function"  [attr-defined]
(robertnishihara)ray/rllib/examples/custom_metrics_and_callbacks.py:74: error: Module has no attribute "function"  [attr-defined]
(robertnishihara)ray/rllib/examples/custom_metrics_and_callbacks.py:75: error: Module has no attribute "function"  [attr-defined]
(robertnishihara)ray/rllib/env/group_agents_wrapper.py:41: error: Not all arguments converted during string formatting  [str-format]
(robertnishihara)ray/rllib/utils/debug.py:11: error: Need type annotation for '_logged' (hint: "_logged: Set[<type>] = ...")  [var-annotated]
(robertnishihara)ray/rllib/utils/memory.py:13: error: Need type annotation for '_to_free' (hint: "_to_free: List[<type>] = ...")  [var-annotated]
(robertnishihara)ray/python/benchmarks/benchmark_wait.py:16: error: Module has no attribute "remote"  [attr-defined]
(robertnishihara)ray/python/benchmarks/benchmark_wait.py:32: error: "Callable[[WaitSuite, Any], Any]" has no attribute "params"  [attr-defined]
(robertnishihara)ray/python/benchmarks/benchmark_wait.py:33: error: "Callable[[WaitSuite, Any], Any]" has no attribute "param_names"  [attr-defined]
(robertnishihara)ray/python/benchmarks/benchmark_wait.py:38: error: "Callable[[WaitSuite, Any], Any]" has no attribute "params"  [attr-defined]
(robertnishihara)ray/python/benchmarks/benchmark_wait.py:39: error: "Callable[[WaitSuite, Any], Any]" has no attribute "param_names"  [attr-defined]
(robertnishihara)ray/python/benchmarks/benchmark_actor.py:16: error: Module has no attribute "remote"  [attr-defined]
(robertnishihara)ray/python/benchmarks/benchmarks.py:14: error: Module has no attribute "remote"  [attr-defined]
(robertnishihara)ray/python/ray/tests/test_recursion.py:12: error: Module has no attribute "remote"  [attr-defined]
(robertnishihara)ray/python/ray/tune/tests/test_dependency.py:10: error: Module 'ray.tune' has no attribute 'register_trainable'  [attr-defined]
(robertnishihara)ray/python/ray/tune/tests/test_dependency.py:10: error: Module 'ray.tune' has no attribute 'run_experiments'  [attr-defined]
(robertnishihara)ray/python/ray/tune/tests/test_dependency.py:18: error: Module has no attribute "init"  [attr-defined]
(robertnishihara)ray/python/ray/tune/examples/genetic_example.py:10: error: Module 'ray.tune' has no attribute 'run'  [attr-defined]
(robertnishihara)ray/python/ray/tune/examples/genetic_example.py:11: error: Module 'ray.tune.schedulers' has no attribute 'AsyncHyperBandScheduler'  [attr-defined]
(robertnishihara)ray/python/ray/tune/examples/genetic_example.py:12: error: Module 'ray.tune.automl' has no attribute 'GeneticSearch'  [attr-defined]
(robertnishihara)ray/python/ray/tune/examples/genetic_example.py:13: error: Module 'ray.tune.automl' has no attribute 'ContinuousSpace'  [attr-defined]
(robertnishihara)ray/python/ray/tune/examples/genetic_example.py:13: error: Module 'ray.tune.automl' has no attribute 'DiscreteSpace'  [attr-defined]
(robertnishihara)ray/python/ray/tune/examples/genetic_example.py:13: error: Module 'ray.tune.automl' has no attribute 'SearchSpace'  [attr-defined]
(robertnishihara)ray/python/ray/tune/examples/genetic_example.py:37: error: Module has no attribute "init"  [attr-defined]
(robertnishihara)ray/python/ray/tune/examples/tune_mnist_ray.py:37: error: Module 'ray.tune' has no attribute 'grid_search'  [attr-defined]
(robertnishihara)ray/python/ray/tune/examples/tune_mnist_ray.py:37: error: Module 'ray.tune' has no attribute 'register_trainable'  [attr-defined]
(robertnishihara)ray/python/ray/tune/examples/tune_mnist_ray.py:240: error: Module has no attribute "init"  [attr-defined]
(robertnishihara)ray/python/ray/tune/examples/tune_mnist_ray.py:241: error: Module has no attribute "run"  [attr-defined]

[RRepo](scott-zhou)jedy
(scott-zhou)jedy/lib/run_time_data.py:12: error: Need type annotation for 'heap' (hint: "heap: List[<type>] = ...")  [var-annotated]
(scott-zhou)jedy/lib/run_time_data.py:25: error: Need type annotation for 'class_static_fields'  [var-annotated]
(scott-zhou)jedy/lib/run_time_data.py:27: error: Need type annotation for 'thread_pool' (hint: "thread_pool: List[<type>] = ...")  [var-annotated]

[RRepo](ozmartian)QRoundProgressBar
Success: no issues found in 2 source files

[RRepo](vfaronov)mitmproxy-httpolice
(vfaronov)mitmproxy-httpolice/mitmproxy_httpolice.py:245: error: Need type annotation for '__slots__' (hint: "__slots__: List[<type>] = ...")  [var-annotated]
Found 1 error in 1 file (checked 1 source file)

[RRepo](voipir)python-sii
(voipir)python-sii/src/sii/lib/upload.py:6: error: No parent module -- cannot perform relative import  [misc]
(voipir)python-sii/src/sii/lib/upload.py:7: error: No parent module -- cannot perform relative import  [misc]
Found 2 errors in 1 file (checked 35 source files)

[RRepo](rbenji)DynamicDNS-for-NameSilo
(rbenji)DynamicDNS-for-NameSilo/ddns_manager.py:128: error: Incompatible types in assignment (expression has type "Element", variable has type "Response")  [assignment]
(rbenji)DynamicDNS-for-NameSilo/ddns_manager.py:131: error: "Response" has no attribute "find"  [attr-defined]
(rbenji)DynamicDNS-for-NameSilo/ddns_manager.py:136: error: Incompatible return value type (got "Response", expected "ElementTree")  [return-value]
Found 3 errors in 1 file (checked 1 source file)

[RRepo](ChrisCummins)clgen
(ChrisCummins)clgen/labm8/system.py:35: error: Module 'labm8' has no attribute 'app'  [attr-defined]
(ChrisCummins)clgen/labm8/system.py:36: error: Module 'labm8' has no attribute 'fs'  [attr-defined]
(ChrisCummins)clgen/compilers/llvm/llvm.py:17: error: Module 'labm8' has no attribute 'app'  [attr-defined]

[RRepo](Ikusaba-san)Chiaki-Nanami
(Ikusaba-san)Chiaki-Nanami/cogs/utils/colours.py:9: error: No parent module -- cannot perform relative import  [misc]
Found 1 error in 1 file (checked 53 source files)

[RRepo](walnutgeek)hashstore
(walnutgeek)hashstore/hashstore/hs.py:1: error: No parent module -- cannot perform relative import  [misc]
(walnutgeek)hashstore/hashstore/hs.py:2: error: No parent module -- cannot perform relative import  [misc]
Found 2 errors in 1 file (checked 29 source files)

[RRepo](gjcarneiro)yacron
(gjcarneiro)yacron/tests/test_cron.py:23: error: Need type annotation for '_TRACE'  [var-annotated]
Found 1 error in 1 file (checked 9 source files)

[RRepo](fr0der1c)EveryClass-server
(fr0der1c)EveryClass-server/everyclass/server/__init__.py: error: Duplicate module named 'server' (also at '/home/bew/archive/typed_project/(fr0der1c)EveryClass-server/server.py')  [misc]
(fr0der1c)EveryClass-server/everyclass/server/__init__.py: error: Are you missing an __init__.py?  [misc]
Found 2 errors in 1 file (checked 11 source files)

[RRepo](marcelobelli)PyNFSe
(marcelobelli)PyNFSe/tests/base/test_certificate.py:1: error: Module 'tempfile' has no attribute '_TemporaryFileWrapper'; maybe "TemporaryFile"?  [attr-defined]
(marcelobelli)PyNFSe/PyNFSe/base/models.py:85: error: Incompatible types in assignment (expression has type "int", variable has type "Decimal")  [assignment]
(marcelobelli)PyNFSe/PyNFSe/base/models.py:86: error: Incompatible types in assignment (expression has type "int", variable has type "Decimal")  [assignment]
(marcelobelli)PyNFSe/PyNFSe/base/models.py:87: error: Incompatible types in assignment (expression has type "int", variable has type "Decimal")  [assignment]
(marcelobelli)PyNFSe/PyNFSe/base/models.py:88: error: Incompatible types in assignment (expression has type "int", variable has type "Decimal")  [assignment]
(marcelobelli)PyNFSe/PyNFSe/base/models.py:89: error: Incompatible types in assignment (expression has type "int", variable has type "Decimal")  [assignment]
(marcelobelli)PyNFSe/PyNFSe/base/models.py:90: error: Incompatible types in assignment (expression has type "int", variable has type "Decimal")  [assignment]
(marcelobelli)PyNFSe/PyNFSe/base/models.py:91: error: Incompatible types in assignment (expression has type "int", variable has type "Decimal")  [assignment]
(marcelobelli)PyNFSe/PyNFSe/base/models.py:92: error: Incompatible types in assignment (expression has type "int", variable has type "Decimal")  [assignment]
(marcelobelli)PyNFSe/PyNFSe/base/models.py:93: error: Incompatible types in assignment (expression has type "int", variable has type "Decimal")  [assignment]
(marcelobelli)PyNFSe/PyNFSe/base/soap_client.py:10: error: Incompatible types in assignment (expression has type "Tuple[Any, ...]", variable has type "Union[None, str, Tuple[str, str]]")  [assignment]
Found 11 errors in 3 files (checked 14 source files)

[RRepo](Chibuzor-IN)python-paystack
(Chibuzor-IN)python-paystack/python_paystack/managers.py:217: error: EOL while scanning string literal  [syntax]
Found 1 error in 1 file (checked 11 source files)

[RRepo](alvinwan)squeezeDetMX
(alvinwan)squeezeDetMX/squeezeDetMX/kitti.py:40: error: Incompatible return value type (got "Iterator[Any]", expected "Tuple[List[Any], List[Any]]")  [return-value]
(alvinwan)squeezeDetMX/setup.py:6: error: Need type annotation for 'install_requires' (hint: "install_requires: List[<type>] = ...")  [var-annotated]
(alvinwan)squeezeDetMX/squeezeDetMX/utils.py:76: error: List item 0 has incompatible type "float"; expected "int"  [list-item]
(alvinwan)squeezeDetMX/squeezeDetMX/utils.py:77: error: List item 1 has incompatible type "float"; expected "int"  [list-item]
(alvinwan)squeezeDetMX/squeezeDetMX/utils.py:315: error: Need type annotation for 'taken_anchor_indices' (hint: "taken_anchor_indices: Set[<type>] = ...")  [var-annotated]

[RRepo](Enether)python_wow
(Enether)python_wow/classes.py:196: error: misplaced type annotation  [syntax]
Found 1 error in 1 file (checked 50 source files)

[RRepo](irmen)bouldercaves
(irmen)bouldercaves/bouldercaves/audio.py:31: error: No parent module -- cannot perform relative import  [misc]
Found 1 error in 1 file (checked 8 source files)

[RRepo](tuchfarber)ThatBeanGame
(tuchfarber)ThatBeanGame/docs/api_doc_builder.py:12: error: Need type annotation for 'all_apis' (hint: "all_apis: List[<type>] = ...")  [var-annotated]
(tuchfarber)ThatBeanGame/docs/api_doc_builder.py:33: error: Item "None" of "Optional[API]" has no attribute "params"  [union-attr]
(tuchfarber)ThatBeanGame/docs/api_doc_builder.py:41: error: Item "None" of "Optional[API]" has no attribute "name"  [union-attr]
(tuchfarber)ThatBeanGame/docs/api_doc_builder.py:42: error: Item "None" of "Optional[API]" has no attribute "route"  [union-attr]
(tuchfarber)ThatBeanGame/docs/api_doc_builder.py:43: error: Item "None" of "Optional[API]" has no attribute "method"  [union-attr]
(tuchfarber)ThatBeanGame/docs/api_doc_builder.py:45: error: Item "None" of "Optional[API]" has no attribute "params"  [union-attr]
(tuchfarber)ThatBeanGame/app/game.py:267: error: Incompatible return value type (got "None", expected "List[Card]")  [return-value]
(tuchfarber)ThatBeanGame/app/TBG.py:99: error: Incompatible types in assignment (expression has type "Optional[str]", variable has type "str")  [assignment]
Found 8 errors in 3 files (checked 7 source files)

[RRepo](switch-education)pxt
(switch-education)pxt/tests/pydecompile-test/baselines/no_extra_on_start.py:5: error: Name 'basic' is not defined  [name-defined]
(switch-education)pxt/tests/pydecompile-test/baselines/always_optional_parameters.py:2: error: Name 'testNamespace' is not defined  [name-defined]
(switch-education)pxt/tests/pydecompile-test/baselines/always_optional_parameters.py:4: error: Name 'testNamespace' is not defined  [name-defined]
(switch-education)pxt/tests/pydecompile-test/baselines/always_optional_parameters.py:6: error: Name 'testNamespace' is not defined  [name-defined]
(switch-education)pxt/tests/pydecompile-test/baselines/always_optional_parameters.py:10: error: Name 'testNamespace' is not defined  [name-defined]
(switch-education)pxt/tests/pydecompile-test/baselines/handler_statement.py:4: error: Name 'control' is not defined  [name-defined]
(switch-education)pxt/tests/pydecompile-test/baselines/handler_statement.py:10: error: Name 'control' is not defined  [name-defined]
(switch-education)pxt/tests/pydecompile-test/baselines/class_handler_parameter.py:3: error: Name 'game' is not defined  [name-defined]
(switch-education)pxt/tests/pydecompile-test/baselines/events_in_code_blocks.py:5: error: Name 'basic' is not defined  [name-defined]
(switch-education)pxt/tests/pydecompile-test/baselines/always_decompile_classes.py:7: error: Name 'basic' is not defined  [name-defined]
(switch-education)pxt/tests/pydecompile-test/baselines/functions_callbacks2.py:5: error: Name 'testNamespace' is not defined  [name-defined]
(switch-education)pxt/tests/pydecompile-test/baselines/functions_callbacks2.py:9: error: Name 'testNamespace' is not defined  [name-defined]
(switch-education)pxt/tests/pydecompile-test/baselines/functions_callbacks2.py:14: error: Name 'testNamespace' is not defined  [name-defined]
(switch-education)pxt/tests/pydecompile-test/baselines/functions_callbacks2.py:18: error: Name 'testNamespace' is not defined  [name-defined]
(switch-education)pxt/tests/pydecompile-test/baselines/functions_callbacks2.py:18: error: Name 'TestEnum' is not defined  [name-defined]
(switch-education)pxt/tests/pydecompile-test/baselines/pauseUntil.py:2: error: Name 'pauseUntil' is not defined  [name-defined]
(switch-education)pxt/tests/pydecompile-test/baselines/pauseUntil.py:3: error: Name 'pauseUntil' is not defined  [name-defined]
(switch-education)pxt/tests/pydecompile-test/baselines/pauseUntil.py:4: error: Name 'pauseUntil' is not defined  [name-defined]
(switch-education)pxt/tests/pydecompile-test/baselines/pauseUntil.py:7: error: Name 'pauseUntil' is not defined  [name-defined]
(switch-education)pxt/tests/pydecompile-test/baselines/pauseUntil.py:11: error: Name 'pauseUntil' is not defined  [name-defined]
(switch-education)pxt/tests/pydecompile-test/baselines/no_nested_events.py:8: error: Name 'basic' is not defined  [name-defined]
(switch-education)pxt/tests/pydecompile-test/baselines/draggable_parameters_reporters.py:5: error: Name 'testNamespace' is not defined  [name-defined]
(switch-education)pxt/tests/pydecompile-test/baselines/draggable_parameters_reporters.py:9: error: Name 'testNamespace' is not defined  [name-defined]
(switch-education)pxt/tests/pydecompile-test/baselines/draggable_parameters_reporters.py:13: error: Name 'testNamespace' is not defined  [name-defined]
(switch-education)pxt/tests/pydecompile-test/baselines/draggable_parameters_reporters.py:17: error: Name 'testNamespace' is not defined  [name-defined]
(switch-education)pxt/tests/pydecompile-test/baselines/functions_optional_parameters.py:3: error: Name 'testNamespace' is not defined  [name-defined]
(switch-education)pxt/tests/pydecompile-test/baselines/functions_optional_parameters.py:4: error: Name 'testNamespace' is not defined  [name-defined]
(switch-education)pxt/tests/pydecompile-test/baselines/functions_optional_parameters.py:5: error: Name 'testNamespace' is not defined  [name-defined]
(switch-education)pxt/tests/pydecompile-test/baselines/functions_optional_parameters.py:8: error: Name 'testNamespace' is not defined  [name-defined]
(switch-education)pxt/tests/pydecompile-test/baselines/functions_optional_parameters.py:8: error: Name 'function_14' is not defined  [name-defined]
(switch-education)pxt/tests/pydecompile-test/baselines/functions_callbacks.py:5: error: Name 'testNamespace' is not defined  [name-defined]
(switch-education)pxt/tests/pydecompile-test/baselines/functions_callbacks.py:7: error: Name 'testNamespace' is not defined  [name-defined]
(switch-education)pxt/tests/pydecompile-test/baselines/functions_callbacks.py:12: error: Name 'testNamespace' is not defined  [name-defined]
(switch-education)pxt/tests/pydecompile-test/baselines/functions_callbacks.py:16: error: Name 'testNamespace' is not defined  [name-defined]
(switch-education)pxt/tests/pydecompile-test/baselines/functions_callbacks.py:16: error: Name 'TestEnum' is not defined  [name-defined]
(switch-education)pxt/tests/pydecompile-test/baselines/function_declarations.py:7: error: Name 'number' is not defined  [name-defined]
(switch-education)pxt/tests/pydecompile-test/baselines/action_event.py:3: error: Name 'actions' is not defined  [name-defined]
(switch-education)pxt/tests/pydecompile-test/baselines/enum_shadow_blocks.py:3: error: Name 'MyEnum' is not defined  [name-defined]
(switch-education)pxt/tests/pydecompile-test/baselines/enum_shadow_blocks.py:4: error: Name 'enumTest' is not defined  [name-defined]
(switch-education)pxt/tests/pydecompile-test/baselines/enum_shadow_blocks.py:4: error: Name 'MyEnum' is not defined  [name-defined]
(switch-education)pxt/tests/pydecompile-test/baselines/enum_shadow_blocks.py:8: error: Name 'enumTest' is not defined  [name-defined]
(switch-education)pxt/tests/pydecompile-test/baselines/enum_shadow_blocks.py:8: error: Name 'MyEnum' is not defined  [name-defined]
(switch-education)pxt/tests/pydecompile-test/baselines/enum_shadow_blocks.py:11: error: Name 'enumTest' is not defined  [name-defined]
(switch-education)pxt/tests/pydecompile-test/baselines/enum_shadow_blocks.py:11: error: Name 'MyEnum' is not defined  [name-defined]
(switch-education)pxt/tests/pydecompile-test/baselines/enum_shadow_blocks.py:12: error: Name 'enumTest' is not defined  [name-defined]
(switch-education)pxt/tests/pydecompile-test/baselines/enum_shadow_blocks.py:12: error: Name 'MyEnum' is not defined  [name-defined]
(switch-education)pxt/tests/pydecompile-test/baselines/enum_shadow_blocks.py:13: error: Name 'enumTest' is not defined  [name-defined]
(switch-education)pxt/tests/pydecompile-test/baselines/enum_shadow_blocks.py:13: error: Name 'MyEnum' is not defined  [name-defined]
(switch-education)pxt/tests/python/game.py:25: error: Name 'Enum' is not defined  [name-defined]
(switch-education)pxt/tests/python/game.py:31: error: Name 'img' is not defined  [name-defined]
(switch-education)pxt/tests/python/game.py:36: error: Argument 1 to "hex" has incompatible type "str"; expected "Union[int, _SupportsIndex]"  [arg-type]
(switch-education)pxt/tests/python/game.py:38: error: Name 'sprites' is not defined  [name-defined]
(switch-education)pxt/tests/python/game.py:39: error: Name 'sprites' is not defined  [name-defined]
(switch-education)pxt/tests/python/game.py:40: error: Name 'SpriteFlag' is not defined  [name-defined]
(switch-education)pxt/tests/python/game.py:42: error: Name 'controller' is not defined  [name-defined]
(switch-education)pxt/tests/python/game.py:43: error: Name 'info' is not defined  [name-defined]
(switch-education)pxt/tests/python/game.py:50: error: Name 'sprites' is not defined  [name-defined]
(switch-education)pxt/tests/python/game.py:54: error: Name 'Sprite' is not defined  [name-defined]
(switch-education)pxt/tests/python/game.py:56: error: Name 'effects' is not defined  [name-defined]
(switch-education)pxt/tests/python/game.py:57: error: Name 'info' is not defined  [name-defined]
(switch-education)pxt/tests/python/game.py:58: error: Name 'sprites' is not defined  [name-defined]
(switch-education)pxt/tests/python/game.py:63: error: Name 'controller' is not defined  [name-defined]
(switch-education)pxt/tests/python/game.py:63: error: Name 'ControllerButtonEvent' is not defined  [name-defined]
(switch-education)pxt/tests/python/game.py:69: error: Name 'game' is not defined  [name-defined]
Found 64 errors in 16 files (checked 18 source files)

[RRepo](managedbyq)mbq.metrics
(managedbyq)mbq.metrics/tests/contrib/django/middleware/compat.py:9: error: Name 'mock' already defined (by an import)  [no-redef]
Found 1 error in 1 file (checked 10 source files)

[RRepo](afrieder)matcher
(afrieder)matcher/matcher.py:34: error: Incompatible types in assignment (expression has type "None", variable has type "_T")  [assignment]
Found 1 error in 1 file (checked 1 source file)

[RRepo](bgrimstad)splinter
(bgrimstad)splinter/python/splinter/bsplinebuilder.py:9: error: No parent module -- cannot perform relative import  [misc]
Found 1 error in 1 file (checked 9 source files)

[RRepo](KevinFasusi)supplychainpy
(KevinFasusi)supplychainpy/tests/features/steps/analyse_data_from_datafram.py:10: error: Name 'use_step_matcher' is not defined  [name-defined]
(KevinFasusi)supplychainpy/tests/features/steps/analyse_data_from_datafram.py:12: error: Name 'given' is not defined  [name-defined]
(KevinFasusi)supplychainpy/tests/features/steps/analyse_data_from_datafram.py:22: error: Name 'step_impl' already defined on line 12  [no-redef]
(KevinFasusi)supplychainpy/tests/features/steps/analyse_data_from_datafram.py:22: error: Name 'when' is not defined  [name-defined]
(KevinFasusi)supplychainpy/tests/features/steps/analyse_data_from_datafram.py:44: error: Name 'step_impl' already defined on line 12  [no-redef]
(KevinFasusi)supplychainpy/tests/features/steps/analyse_data_from_datafram.py:44: error: Name 'then' is not defined  [name-defined]
(KevinFasusi)supplychainpy/tests/features/steps/chat.py:16: error: Name 'step_impl' already defined on line 6  [no-redef]
(KevinFasusi)supplychainpy/tests/features/steps/chat.py:29: error: Name 'step_impl' already defined on line 6  [no-redef]
(KevinFasusi)supplychainpy/supplychainpy/simulations/monte_carlo_frame.py:27: error: Need type annotation for '_shared_frame' (hint: "_shared_frame: Dict[<type>, <type>] = ...")  [var-annotated]
(KevinFasusi)supplychainpy/supplychainpy/bot/_dash_engine.py:50: error: Incompatible return value type (got "Tuple[str, str]", expected "Tuple[str]")  [return-value]
(KevinFasusi)supplychainpy/supplychainpy/_csv_management/_controller/_update_db.py:90: error: Too few arguments for "post_transaction"  [call-arg]
(KevinFasusi)supplychainpy/supplychainpy/bi/_recommendation_state_machine.py:27: error: Need type annotation for '_shared_response' (hint: "_shared_response: Dict[<type>, <type>] = ...")  [var-annotated]
(KevinFasusi)supplychainpy/supplychainpy/warehouse/storage_unit.py:73: error: Invalid type comment or annotation  [valid-type]
(KevinFasusi)supplychainpy/supplychainpy/warehouse/storage_unit.py:73: note: Suggestion: use Pallet[...] instead of Pallet(...)
(KevinFasusi)supplychainpy/supplychainpy/_helpers/_codes.py:70: error: Argument 1 to "get" of "Mapping" has incompatible type "Optional[str]"; expected "str"  [arg-type]
(KevinFasusi)supplychainpy/supplychainpy/production/create_install_base.py:72: error: Invalid type comment or annotation  [valid-type]
(KevinFasusi)supplychainpy/supplychainpy/production/create_install_base.py:72: note: Suggestion: use Machine[...] instead of Machine(...)
(KevinFasusi)supplychainpy/supplychainpy/inventory/units.py:67: error: Invalid type comment or annotation  [valid-type]
(KevinFasusi)supplychainpy/supplychainpy/inventory/units.py:67: note: Suggestion: use Package[...] instead of Package(...)
(KevinFasusi)supplychainpy/supplychainpy/_helpers/_db_connection.py:48: error: Missing return statement  [return]
(KevinFasusi)supplychainpy/supplychainpy/_helpers/_db_connection.py:92: error: Missing return statement  [return]
(KevinFasusi)supplychainpy/supplychainpy/simulations/simulation_summary.py:53: error: Incompatible types in assignment (expression has type "Decimal", variable has type "float")  [assignment]
(KevinFasusi)supplychainpy/supplychainpy/simulations/simulation_summary.py:61: error: Incompatible types in assignment (expression has type "Decimal", variable has type "float")  [assignment]
(KevinFasusi)supplychainpy/supplychainpy/simulations/simulation_summary.py:69: error: Incompatible types in assignment (expression has type "Decimal", variable has type "float")  [assignment]
(KevinFasusi)supplychainpy/supplychainpy/simulations/simulation_summary.py:77: error: Incompatible types in assignment (expression has type "Decimal", variable has type "float")  [assignment]
(KevinFasusi)supplychainpy/supplychainpy/simulations/simulation_summary.py:85: error: Incompatible types in assignment (expression has type "Decimal", variable has type "float")  [assignment]
(KevinFasusi)supplychainpy/supplychainpy/simulations/simulation_summary.py:93: error: Incompatible types in assignment (expression has type "Decimal", variable has type "float")  [assignment]
(KevinFasusi)supplychainpy/supplychainpy/simulations/simulation_summary.py:101: error: Incompatible types in assignment (expression has type "Decimal", variable has type "float")  [assignment]
(KevinFasusi)supplychainpy/supplychainpy/simulations/simulation_summary.py:109: error: Incompatible types in assignment (expression has type "Decimal", variable has type "float")  [assignment]
(KevinFasusi)supplychainpy/supplychainpy/simulations/simulation_summary.py:117: error: Incompatible types in assignment (expression has type "Decimal", variable has type "float")  [assignment]
(KevinFasusi)supplychainpy/supplychainpy/simulations/simulation_summary.py:125: error: Incompatible types in assignment (expression has type "Decimal", variable has type "float")  [assignment]
(KevinFasusi)supplychainpy/supplychainpy/simulations/monte_carlo.py:44: error: Need type annotation for '_window' (hint: "_window: Dict[<type>, <type>] = ...")  [var-annotated]
(KevinFasusi)supplychainpy/supplychainpy/simulations/monte_carlo.py:90: error: The return type of a generator function should be "Generator" or one of its supertypes  [misc]
(KevinFasusi)supplychainpy/supplychainpy/simulations/monte_carlo.py:91: error: Incompatible default for argument "holding_cost_percentage" (default has type "float", argument has type "Decimal")  [assignment]
(KevinFasusi)supplychainpy/supplychainpy/simulations/monte_carlo.py:92: error: Incompatible default for argument "shortage_cost_percentage" (default has type "float", argument has type "Decimal")  [assignment]
(KevinFasusi)supplychainpy/supplychainpy/simulations/monte_carlo.py:122: error: Need type annotation for 'clist' (hint: "clist: List[<type>] = ...")  [var-annotated]
(KevinFasusi)supplychainpy/supplychainpy/simulations/monte_carlo.py:162: error: Need type annotation for 'sim_frame_collection' (hint: "sim_frame_collection: List[<type>] = ...")  [var-annotated]
(KevinFasusi)supplychainpy/supplychainpy/simulations/monte_carlo.py:167: error: Need type annotation for 'order_receipt_index' (hint: "order_receipt_index: Dict[<type>, <type>] = ...")  [var-annotated]
(KevinFasusi)supplychainpy/supplychainpy/simulations/monte_carlo.py:169: error: Need type annotation for 'sim_window_collection' (hint: "sim_window_collection: Dict[<type>, <type>] = ...")  [var-annotated]
(KevinFasusi)supplychainpy/supplychainpy/simulations/monte_carlo.py:210: error: Unsupported operand types for + ("object" and "Decimal")  [operator]
(KevinFasusi)supplychainpy/supplychainpy/simulations/monte_carlo.py:231: error: Incompatible types in assignment (expression has type "object", variable has type "int")  [assignment]
(KevinFasusi)supplychainpy/supplychainpy/simulations/monte_carlo.py:244: error: Argument 1 to "int" has incompatible type "Optional[int]"; expected "Union[str, bytes, SupportsInt, _SupportsIndex]"  [arg-type]
(KevinFasusi)supplychainpy/supplychainpy/simulations/monte_carlo.py:248: error: Incompatible types in assignment (expression has type "object", variable has type "int")  [assignment]
(KevinFasusi)supplychainpy/supplychainpy/simulations/monte_carlo.py:250: error: No overload variant of "int" matches argument type "object"  [call-overload]
(KevinFasusi)supplychainpy/supplychainpy/simulations/monte_carlo.py:250: note: Possible overload variant:
(KevinFasusi)supplychainpy/supplychainpy/simulations/monte_carlo.py:250: note:     def int(self, x: Union[str, bytes, SupportsInt, _SupportsIndex] = ...) -> int
(KevinFasusi)supplychainpy/supplychainpy/simulations/monte_carlo.py:250: note:     <1 more non-matching overload not shown>
(KevinFasusi)supplychainpy/supplychainpy/simulations/monte_carlo.py:253: error: Incompatible types in assignment (expression has type "int", variable has type "Decimal")  [assignment]
(KevinFasusi)supplychainpy/supplychainpy/bi/_analytical_heirachy_process.py:82: error: Incompatible return value type (got "Optional[Tuple[Any, ...]]", expected "Tuple[Any, ...]")  [return-value]
(KevinFasusi)supplychainpy/supplychainpy/bi/_analytical_heirachy_process.py:153: error: Unsupported left operand type for / ("None")  [operator]
(KevinFasusi)supplychainpy/supplychainpy/bi/_analytical_heirachy_process.py:153: error: Unsupported operand types for / ("None" and "int")  [operator]
(KevinFasusi)supplychainpy/supplychainpy/bi/_analytical_heirachy_process.py:153: note: Both left and right operands are unions
(KevinFasusi)supplychainpy/supplychainpy/bi/_analytical_heirachy_process.py:156: error: Unsupported operand types for / ("None" and "float")  [operator]
(KevinFasusi)supplychainpy/supplychainpy/bi/_analytical_heirachy_process.py:156: error: Unsupported left operand type for / ("None")  [operator]
(KevinFasusi)supplychainpy/supplychainpy/bi/_analytical_heirachy_process.py:156: note: Both left and right operands are unions
(KevinFasusi)supplychainpy/supplychainpy/bi/_analytical_heirachy_process.py:178: error: Value of type "Optional[Any]" is not indexable  [index]
(KevinFasusi)supplychainpy/supplychainpy/bi/_analytical_heirachy_process.py:211: error: Argument 1 to "sum" has incompatible type "Optional[Any]"; expected "Iterable[Any]"  [arg-type]
(KevinFasusi)supplychainpy/supplychainpy/bi/_analytical_heirachy_process.py:212: error: Item "None" of "Optional[Any]" has no attribute "__iter__" (not iterable)  [union-attr]
(KevinFasusi)supplychainpy/supplychainpy/bi/_analytical_heirachy_process.py:233: error: Need type annotation for 'recompiled_matrix' (hint: "recompiled_matrix: Dict[<type>, <type>] = ...")  [var-annotated]
(KevinFasusi)supplychainpy/supplychainpy/_helpers/_data_cleansing.py:153: error: Incompatible types in assignment (expression has type "Tuple[str, ...]", target has type "str")  [assignment]
(KevinFasusi)supplychainpy/supplychainpy/_helpers/_data_cleansing.py:154: error: Incompatible types in assignment (expression has type "List[str]", target has type "str")  [assignment]
(KevinFasusi)supplychainpy/supplychainpy/_helpers/_data_cleansing.py:179: error: Missing return statement  [return]
(KevinFasusi)supplychainpy/supplychainpy/inventory/economic_order_quantity.py:57: error: Incompatible types in assignment (expression has type "float", variable has type "Decimal")  [assignment]
(KevinFasusi)supplychainpy/supplychainpy/inventory/abc_xyz.py:41: error: Need type annotation for '__abcxyz_summary' (hint: "__abcxyz_summary: List[<type>] = ...")  [var-annotated]
Found 56 errors in 17 files (checked 61 source files)

[RRepo](SamLau95)nbinteract
(SamLau95)nbinteract/nbinteract/util.py:12: error: Name 'Any' is not defined  [name-defined]
(SamLau95)nbinteract/nbinteract/util.py:12: note: Did you forget to import it from "typing"? (Suggestion: "from typing import Any")
(SamLau95)nbinteract/nbinteract/util.py:36: error: Invalid type comment or annotation  [valid-type]
(SamLau95)nbinteract/nbinteract/util.py:118: error: Module has no attribute "_empty"  [attr-defined]
(SamLau95)nbinteract/docs/convert_notebooks_to_html_partial.py:28: error: Module 'nbinteract' has no attribute 'InteractExporter'  [attr-defined]
(SamLau95)nbinteract/docs/convert_notebooks_to_html_partial.py:148: error: Not all arguments converted during string formatting  [str-format]
Found 5 errors in 2 files (checked 11 source files)

[RRepo](hjacobs)kube-ops-view
(hjacobs)kube-ops-view/kube_ops_view/mock.py:39: error: Incompatible types in assignment (expression has type "int", variable has type "str")  [assignment]

[RRepo](araichev)gtfstk
(araichev)gtfstk/gtfstk/cleaners.py:10: error: No parent module -- cannot perform relative import  [misc]
Found 1 error in 1 file (checked 17 source files)

[RRepo](pyecore)pyecore
(pyecore)pyecore/pyecore/behavior.py:36: error: No parent module -- cannot perform relative import  [misc]
Found 1 error in 1 file (checked 39 source files)

[RRepo](solus-impar)slack-topics
(solus-impar)slack-topics/tests/test_slack_bot.py:109: error: Name 'main' is not defined  [name-defined]
Found 1 error in 1 file (checked 6 source files)

[RRepo](healerkx)PySQLKits
(healerkx)PySQLKits/deprecated/simplequery/runtime/MySQLConnection.py:4: error: Name 'SqObject' is not defined  [name-defined]
(healerkx)PySQLKits/deprecated/simplequery/runtime/Dataset.py:4: error: Name 'SqObject' is not defined  [name-defined]
(healerkx)PySQLKits/deprecated/simplequery/runtime/RedisConnection.py:4: error: Name 'SqObject' is not defined  [name-defined]
(healerkx)PySQLKits/deprecated/simplequery/runtime/Function.py:6: error: Need type annotation for 'args' (hint: "args: List[<type>] = ...")  [var-annotated]
(healerkx)PySQLKits/deprecated/simplequery/runtime/ArrayValue.py:5: error: Name 'ValueObject' is not defined  [name-defined]
(healerkx)PySQLKits/deprecated/simplequery/runtime/Value.py:5: error: Name 'SqObject' is not defined  [name-defined]
(healerkx)PySQLKits/deprecated/simplequery/simplequery_parser.py:38: error: Need type annotation for 'reserved' (hint: "reserved: Dict[<type>, <type>] = ...")  [var-annotated]
(healerkx)PySQLKits/deprecated/mysqlbinlog/field_descriptor.py:80: error: Name 'long_descriptor' already defined on line 69  [no-redef]
(healerkx)PySQLKits/deprecated/simplequery/simplequery2sql.py:26: error: Need type annotation for 'exec_states' (hint: "exec_states: List[<type>] = ...")  [var-annotated]
(healerkx)PySQLKits/deprecated/simplequery/buildin_funcs.py:164: error: Name 'Func' is not defined  [name-defined]
(healerkx)PySQLKits/deprecated/simplequery/buildin_funcs.py:165: error: Too few arguments for "call" of "Funcs"  [call-arg]
(healerkx)PySQLKits/deprecated/mysqlbinlog/mysqlbinlog.py:338: error: Name 'bytes_2_leuint' already defined on line 210  [no-redef]
(healerkx)PySQLKits/deprecated/mysqlbinlog/mysqlbinlog.py:349: error: Name 'read_field_length' already defined on line 221  [no-redef]
(healerkx)PySQLKits/mysqlbatch/mysqlbatch.py:108: error: Need type annotation for '__generators' (hint: "__generators: Dict[<type>, <type>] = ...")  [var-annotated]
(healerkx)PySQLKits/mysqlbatch/mysqlbatch.py:110: error: Need type annotation for '__lines' (hint: "__lines: List[<type>] = ...")  [var-annotated]
(healerkx)PySQLKits/deprecated/examples/entry-traceback/traceback.py:86: error: Incompatible types in assignment (expression has type "MySQLRowData", variable has type "BinlogReader")  [assignment]
(healerkx)PySQLKits/deprecated/examples/entry-traceback/traceback.py:89: error: "BinlogReader" has no attribute "read_loop"  [attr-defined]
(healerkx)PySQLKits/deprecated/mysqlbinlog/sync_to_redis.py:14: error: Need type annotation for 'concern_tables' (hint: "concern_tables: List[<type>] = ...")  [var-annotated]
(healerkx)PySQLKits/deprecated/mysqlbinlog/sync_to_redis.py:15: error: Need type annotation for 'fields_map' (hint: "fields_map: Dict[<type>, <type>] = ...")  [var-annotated]
(healerkx)PySQLKits/deprecated/mysqlbinlog/sync_to_redis.py:90: error: Cannot instantiate abstract class 'RedisHandler' with abstract attributes 'delete_data', 'insert_data' and 'update_data'  [abstract]
(healerkx)PySQLKits/deprecated/mysqlbinlog/sync_to_redis.py:91: error: Incompatible types in assignment (expression has type "MySQLRowData", variable has type "BinlogReader")  [assignment]
(healerkx)PySQLKits/deprecated/mysqlbinlog/sync_to_redis.py:94: error: "BinlogReader" has no attribute "read_loop"  [attr-defined]
(healerkx)PySQLKits/deprecated/examples/mysql-redis-sync/sync.py:71: error: Incompatible types in assignment (expression has type "MySQLRowData", variable has type "BinlogReader")  [assignment]
(healerkx)PySQLKits/deprecated/examples/mysql-redis-sync/sync.py:74: error: "BinlogReader" has no attribute "read_loop"  [attr-defined]
Found 24 errors in 15 files (checked 31 source files)

[RRepo](ijustbsd)mfTBot
(ijustbsd)mfTBot/bot.py:29: error: Need type annotation for 'last_msg_time' (hint: "last_msg_time: Dict[<type>, <type>] = ...")  [var-annotated]
Found 1 error in 1 file (checked 7 source files)

[RRepo](SunyataZero)mindfulness-at-the-computer
(SunyataZero)mindfulness-at-the-computer/mc/mc_global.py:229: error: Need type annotation for 'sys_info_telist' (hint: "sys_info_telist: List[<type>] = ...")  [var-annotated]
(SunyataZero)mindfulness-at-the-computer/varia/unused_insights_cw.py:13: error: Need type annotation for 'quotes_strlist' (hint: "quotes_strlist: List[<type>] = ...")  [var-annotated]
(SunyataZero)mindfulness-at-the-computer/mc/gui/breathing_history_wt.py:75: error: Incompatible types in assignment (expression has type "float", variable has type "int")  [assignment]
(SunyataZero)mindfulness-at-the-computer/test/test_breathing_phrases.py:61: error: Too few arguments for "count" of "list"  [call-arg]
(SunyataZero)mindfulness-at-the-computer/test/test_breathing_phrases.py:62: error: "List[Any]" has no attribute "item"  [attr-defined]
(SunyataZero)mindfulness-at-the-computer/test/test_breathing_phrases.py:63: error: "List[Any]" has no attribute "itemWidget"  [attr-defined]
(SunyataZero)mindfulness-at-the-computer/mc/db.py:27: error: Incompatible types in string interpolation (expression has type "Connection", placeholder has type "int")  [str-format]
(SunyataZero)mindfulness-at-the-computer/mc/db.py:175: error: Argument 2 to "set_schema_version" has incompatible type "int"; expected "Connection"  [arg-type]
Found 8 errors in 5 files (checked 24 source files)

[RRepo](sergei-maertens)discord-bot
(sergei-maertens)discord-bot/bot/plugins/base.py:6: error: No parent module -- cannot perform relative import  [misc]
Found 1 error in 1 file (checked 24 source files)

[RRepo](kushaldas)tunir
(kushaldas)tunir/tunirlib/tunirmultihost.py:92: error: Argument 1 to "public_bytes" of "RSAPublicKey" has incompatible type "str"; expected "Encoding"  [arg-type]
(kushaldas)tunir/tunirlib/tunirmultihost.py:93: error: Argument 2 to "public_bytes" of "RSAPublicKey" has incompatible type "str"; expected "PublicFormat"  [arg-type]
(kushaldas)tunir/tunirlib/tunirmultihost.py:96: error: Argument "encoding" to "private_bytes" of "RSAPrivateKeyWithSerialization" has incompatible type "str"; expected "Encoding"  [arg-type]
(kushaldas)tunir/tunirlib/tunirmultihost.py:97: error: Argument "format" to "private_bytes" of "RSAPrivateKeyWithSerialization" has incompatible type "str"; expected "PrivateFormat"  [arg-type]
Found 4 errors in 1 file (checked 6 source files)

[RRepo](phillipbonhomme)cmake.nvim
(phillipbonhomme)cmake.nvim/rplugin/python3/cmake/__init__.py:21: error: "CMakeRTagsProject" has no attribute "asyncCommand"  [attr-defined]
(phillipbonhomme)cmake.nvim/rplugin/python3/cmake/__init__.py:27: error: "CMakeRTagsProject" has no attribute "nvim"; maybe "vim"?  [attr-defined]
Found 2 errors in 1 file (checked 3 source files)

[RRepo](zepto)webbrowser2
(zepto)webbrowser2/tests/test.py:5: error: Missing return statement  [return]
(zepto)webbrowser2/webbrowser2/main.py:56: error: Need type annotation for 'window_dict' (hint: "window_dict: Dict[<type>, <type>] = ...")  [var-annotated]
(zepto)webbrowser2/webbrowser2/main.py:58: error: "object" has no attribute "is_alive"  [attr-defined]
(zepto)webbrowser2/webbrowser2/main.py:60: error: "object" has no attribute "recv"  [attr-defined]
(zepto)webbrowser2/webbrowser2/main.py:74: error: "object" has no attribute "send"  [attr-defined]
Found 5 errors in 2 files (checked 4 source files)

[RRepo](undertherain)vsmlib
(undertherain)vsmlib/vsmlib/embeddings/bofang/annotate_corpus_nltk.py:73: error: Cannot assign to a type  [misc]
(undertherain)vsmlib/vsmlib/embeddings/bofang/annotate_corpus_nltk.py:73: error: Incompatible types in assignment (expression has type "dependency_parser", variable has type "Type[dependency_parser]")  [assignment]
(undertherain)vsmlib/vsmlib/embeddings/bofang/annotate_corpus_nltk.py:82: error: Too few arguments for "parse"  [call-arg]
(undertherain)vsmlib/vsmlib/embeddings/bofang/annotate_corpus_nltk.py:82: error: Argument 1 to "parse" has incompatible type "str"; expected "dependency_parser"  [arg-type]
(undertherain)vsmlib/vsmlib/embeddings/bofang/annotate_corpus_nltk.py:92: error: Too few arguments for "parse"  [call-arg]
(undertherain)vsmlib/vsmlib/embeddings/bofang/annotate_corpus_nltk.py:92: error: Argument 1 to "parse" has incompatible type "str"; expected "dependency_parser"  [arg-type]
(undertherain)vsmlib/vsmlib/embeddings/bofang/annotate_corpus_nltk.py:96: error: Too few arguments for "parse"  [call-arg]
(undertherain)vsmlib/vsmlib/embeddings/bofang/annotate_corpus_nltk.py:96: error: Argument 1 to "parse" has incompatible type "str"; expected "dependency_parser"  [arg-type]
(undertherain)vsmlib/vsmlib/embeddings/do_svd.py:47: error: Module has no attribute "Model_explicit"  [attr-defined]
(undertherain)vsmlib/vsmlib/embeddings/window_iterators.py:3: error: Module 'vsmlib.corpus' has no attribute 'DirTokenIterator'  [attr-defined]
(undertherain)vsmlib/vsmlib/viz/vis_multiple.py:12: error: Module 'vsmlib' has no attribute 'testhelper'  [attr-defined]

[RRepo](vnpy)vnpy
(vnpy)vnpy/vnpy/api/mini/generator/generate_struct.py:12: error: Need type annotation for 'typedefs' (hint: "typedefs: Dict[<type>, <type>] = ...")  [var-annotated]
(vnpy)vnpy/vnpy/api/mini/generator/generate_api_functions.py:15: error: Need type annotation for 'callbacks' (hint: "callbacks: Dict[<type>, <type>] = ...")  [var-annotated]
(vnpy)vnpy/vnpy/api/mini/generator/generate_api_functions.py:16: error: Need type annotation for 'functions' (hint: "functions: Dict[<type>, <type>] = ...")  [var-annotated]
(vnpy)vnpy/vnpy/api/mini/generator/generate_api_functions.py:17: error: Need type annotation for 'lines' (hint: "lines: Dict[<type>, <type>] = ...")  [var-annotated]
(vnpy)vnpy/vnpy/api/mini/generator/generate_api_functions.py:19: error: Need type annotation for 'structs' (hint: "structs: Dict[<type>, <type>] = ...")  [var-annotated]
(vnpy)vnpy/vnpy/app/cta_strategy/strategies/turtle_signal_strategy.py:1: error: Module 'vnpy.app.cta_strategy' has no attribute 'CtaTemplate'  [attr-defined]
(vnpy)vnpy/vnpy/app/cta_strategy/strategies/turtle_signal_strategy.py:1: error: Module 'vnpy.app.cta_strategy' has no attribute 'StopOrder'  [attr-defined]
(vnpy)vnpy/vnpy/app/cta_strategy/strategies/turtle_signal_strategy.py:1: error: Module 'vnpy.app.cta_strategy' has no attribute 'Direction'  [attr-defined]
(vnpy)vnpy/vnpy/app/cta_strategy/strategies/turtle_signal_strategy.py:1: error: Module 'vnpy.app.cta_strategy' has no attribute 'TickData'  [attr-defined]
(vnpy)vnpy/vnpy/app/cta_strategy/strategies/turtle_signal_strategy.py:1: error: Module 'vnpy.app.cta_strategy' has no attribute 'BarData'  [attr-defined]
(vnpy)vnpy/vnpy/app/cta_strategy/strategies/turtle_signal_strategy.py:1: error: Module 'vnpy.app.cta_strategy' has no attribute 'TradeData'  [attr-defined]
(vnpy)vnpy/vnpy/app/cta_strategy/strategies/turtle_signal_strategy.py:1: error: Module 'vnpy.app.cta_strategy' has no attribute 'OrderData'  [attr-defined]
(vnpy)vnpy/vnpy/app/cta_strategy/strategies/turtle_signal_strategy.py:1: error: Module 'vnpy.app.cta_strategy' has no attribute 'BarGenerator'  [attr-defined]
(vnpy)vnpy/vnpy/app/cta_strategy/strategies/turtle_signal_strategy.py:1: error: Module 'vnpy.app.cta_strategy' has no attribute 'ArrayManager'  [attr-defined]
(vnpy)vnpy/vnpy/app/cta_strategy/strategies/double_ma_strategy.py:1: error: Module 'vnpy.app.cta_strategy' has no attribute 'CtaTemplate'  [attr-defined]
(vnpy)vnpy/vnpy/app/cta_strategy/strategies/double_ma_strategy.py:1: error: Module 'vnpy.app.cta_strategy' has no attribute 'StopOrder'  [attr-defined]
(vnpy)vnpy/vnpy/app/cta_strategy/strategies/double_ma_strategy.py:1: error: Module 'vnpy.app.cta_strategy' has no attribute 'TickData'  [attr-defined]
(vnpy)vnpy/vnpy/app/cta_strategy/strategies/double_ma_strategy.py:1: error: Module 'vnpy.app.cta_strategy' has no attribute 'BarData'  [attr-defined]
(vnpy)vnpy/vnpy/app/cta_strategy/strategies/double_ma_strategy.py:1: error: Module 'vnpy.app.cta_strategy' has no attribute 'TradeData'  [attr-defined]
(vnpy)vnpy/vnpy/app/cta_strategy/strategies/double_ma_strategy.py:1: error: Module 'vnpy.app.cta_strategy' has no attribute 'OrderData'  [attr-defined]
(vnpy)vnpy/vnpy/app/cta_strategy/strategies/double_ma_strategy.py:1: error: Module 'vnpy.app.cta_strategy' has no attribute 'BarGenerator'  [attr-defined]
(vnpy)vnpy/vnpy/app/cta_strategy/strategies/double_ma_strategy.py:1: error: Module 'vnpy.app.cta_strategy' has no attribute 'ArrayManager'  [attr-defined]
(vnpy)vnpy/vnpy/app/cta_strategy/strategies/atr_rsi_strategy.py:1: error: Module 'vnpy.app.cta_strategy' has no attribute 'CtaTemplate'  [attr-defined]
(vnpy)vnpy/vnpy/app/cta_strategy/strategies/atr_rsi_strategy.py:1: error: Module 'vnpy.app.cta_strategy' has no attribute 'StopOrder'  [attr-defined]
(vnpy)vnpy/vnpy/app/cta_strategy/strategies/atr_rsi_strategy.py:1: error: Module 'vnpy.app.cta_strategy' has no attribute 'TickData'  [attr-defined]
(vnpy)vnpy/vnpy/app/cta_strategy/strategies/atr_rsi_strategy.py:1: error: Module 'vnpy.app.cta_strategy' has no attribute 'BarData'  [attr-defined]
(vnpy)vnpy/vnpy/app/cta_strategy/strategies/atr_rsi_strategy.py:1: error: Module 'vnpy.app.cta_strategy' has no attribute 'TradeData'  [attr-defined]
(vnpy)vnpy/vnpy/app/cta_strategy/strategies/atr_rsi_strategy.py:1: error: Module 'vnpy.app.cta_strategy' has no attribute 'OrderData'  [attr-defined]
(vnpy)vnpy/vnpy/app/cta_strategy/strategies/atr_rsi_strategy.py:1: error: Module 'vnpy.app.cta_strategy' has no attribute 'BarGenerator'  [attr-defined]
(vnpy)vnpy/vnpy/app/cta_strategy/strategies/atr_rsi_strategy.py:1: error: Module 'vnpy.app.cta_strategy' has no attribute 'ArrayManager'  [attr-defined]
(vnpy)vnpy/vnpy/app/cta_strategy/strategies/boll_channel_strategy.py:1: error: Module 'vnpy.app.cta_strategy' has no attribute 'CtaTemplate'  [attr-defined]
(vnpy)vnpy/vnpy/app/cta_strategy/strategies/boll_channel_strategy.py:1: error: Module 'vnpy.app.cta_strategy' has no attribute 'StopOrder'  [attr-defined]
(vnpy)vnpy/vnpy/app/cta_strategy/strategies/boll_channel_strategy.py:1: error: Module 'vnpy.app.cta_strategy' has no attribute 'TickData'  [attr-defined]
(vnpy)vnpy/vnpy/app/cta_strategy/strategies/boll_channel_strategy.py:1: error: Module 'vnpy.app.cta_strategy' has no attribute 'BarData'  [attr-defined]
(vnpy)vnpy/vnpy/app/cta_strategy/strategies/boll_channel_strategy.py:1: error: Module 'vnpy.app.cta_strategy' has no attribute 'TradeData'  [attr-defined]
(vnpy)vnpy/vnpy/app/cta_strategy/strategies/boll_channel_strategy.py:1: error: Module 'vnpy.app.cta_strategy' has no attribute 'OrderData'  [attr-defined]
(vnpy)vnpy/vnpy/app/cta_strategy/strategies/boll_channel_strategy.py:1: error: Module 'vnpy.app.cta_strategy' has no attribute 'BarGenerator'  [attr-defined]
(vnpy)vnpy/vnpy/app/cta_strategy/strategies/boll_channel_strategy.py:1: error: Module 'vnpy.app.cta_strategy' has no attribute 'ArrayManager'  [attr-defined]
(vnpy)vnpy/vnpy/app/cta_strategy/strategies/boll_channel_strategy.py:106: error: Incompatible types in assignment (expression has type "float", variable has type "int")  [assignment]
(vnpy)vnpy/vnpy/app/cta_strategy/strategies/boll_channel_strategy.py:113: error: Incompatible types in assignment (expression has type "float", variable has type "int")  [assignment]
(vnpy)vnpy/vnpy/app/cta_strategy/strategies/king_keltner_strategy.py:1: error: Module 'vnpy.app.cta_strategy' has no attribute 'CtaTemplate'  [attr-defined]
(vnpy)vnpy/vnpy/app/cta_strategy/strategies/king_keltner_strategy.py:1: error: Module 'vnpy.app.cta_strategy' has no attribute 'StopOrder'  [attr-defined]
(vnpy)vnpy/vnpy/app/cta_strategy/strategies/king_keltner_strategy.py:1: error: Module 'vnpy.app.cta_strategy' has no attribute 'TickData'  [attr-defined]
(vnpy)vnpy/vnpy/app/cta_strategy/strategies/king_keltner_strategy.py:1: error: Module 'vnpy.app.cta_strategy' has no attribute 'BarData'  [attr-defined]
(vnpy)vnpy/vnpy/app/cta_strategy/strategies/king_keltner_strategy.py:1: error: Module 'vnpy.app.cta_strategy' has no attribute 'TradeData'  [attr-defined]
(vnpy)vnpy/vnpy/app/cta_strategy/strategies/king_keltner_strategy.py:1: error: Module 'vnpy.app.cta_strategy' has no attribute 'OrderData'  [attr-defined]
(vnpy)vnpy/vnpy/app/cta_strategy/strategies/king_keltner_strategy.py:1: error: Module 'vnpy.app.cta_strategy' has no attribute 'BarGenerator'  [attr-defined]
(vnpy)vnpy/vnpy/app/cta_strategy/strategies/king_keltner_strategy.py:1: error: Module 'vnpy.app.cta_strategy' has no attribute 'ArrayManager'  [attr-defined]
(vnpy)vnpy/vnpy/app/cta_strategy/strategies/king_keltner_strategy.py:28: error: Need type annotation for 'long_vt_orderids' (hint: "long_vt_orderids: List[<type>] = ...")  [var-annotated]
(vnpy)vnpy/vnpy/app/cta_strategy/strategies/king_keltner_strategy.py:29: error: Need type annotation for 'short_vt_orderids' (hint: "short_vt_orderids: List[<type>] = ...")  [var-annotated]
(vnpy)vnpy/vnpy/app/cta_strategy/strategies/king_keltner_strategy.py:30: error: Need type annotation for 'vt_orderids' (hint: "vt_orderids: List[<type>] = ...")  [var-annotated]
(vnpy)vnpy/vnpy/app/cta_strategy/strategies/test_strategy.py:1: error: Module 'vnpy.app.cta_strategy' has no attribute 'CtaTemplate'  [attr-defined]
(vnpy)vnpy/vnpy/app/cta_strategy/strategies/test_strategy.py:1: error: Module 'vnpy.app.cta_strategy' has no attribute 'StopOrder'  [attr-defined]
(vnpy)vnpy/vnpy/app/cta_strategy/strategies/test_strategy.py:1: error: Module 'vnpy.app.cta_strategy' has no attribute 'TickData'  [attr-defined]
(vnpy)vnpy/vnpy/app/cta_strategy/strategies/test_strategy.py:1: error: Module 'vnpy.app.cta_strategy' has no attribute 'BarData'  [attr-defined]
(vnpy)vnpy/vnpy/app/cta_strategy/strategies/test_strategy.py:1: error: Module 'vnpy.app.cta_strategy' has no attribute 'TradeData'  [attr-defined]
(vnpy)vnpy/vnpy/app/cta_strategy/strategies/test_strategy.py:1: error: Module 'vnpy.app.cta_strategy' has no attribute 'OrderData'  [attr-defined]
(vnpy)vnpy/vnpy/app/cta_strategy/strategies/multi_timeframe_strategy.py:1: error: Module 'vnpy.app.cta_strategy' has no attribute 'CtaTemplate'  [attr-defined]
(vnpy)vnpy/vnpy/app/cta_strategy/strategies/multi_timeframe_strategy.py:1: error: Module 'vnpy.app.cta_strategy' has no attribute 'StopOrder'  [attr-defined]
(vnpy)vnpy/vnpy/app/cta_strategy/strategies/multi_timeframe_strategy.py:1: error: Module 'vnpy.app.cta_strategy' has no attribute 'TickData'  [attr-defined]
(vnpy)vnpy/vnpy/app/cta_strategy/strategies/multi_timeframe_strategy.py:1: error: Module 'vnpy.app.cta_strategy' has no attribute 'BarData'  [attr-defined]
(vnpy)vnpy/vnpy/app/cta_strategy/strategies/multi_timeframe_strategy.py:1: error: Module 'vnpy.app.cta_strategy' has no attribute 'TradeData'  [attr-defined]
(vnpy)vnpy/vnpy/app/cta_strategy/strategies/multi_timeframe_strategy.py:1: error: Module 'vnpy.app.cta_strategy' has no attribute 'OrderData'  [attr-defined]
(vnpy)vnpy/vnpy/app/cta_strategy/strategies/multi_timeframe_strategy.py:1: error: Module 'vnpy.app.cta_strategy' has no attribute 'BarGenerator'  [attr-defined]
(vnpy)vnpy/vnpy/app/cta_strategy/strategies/multi_timeframe_strategy.py:1: error: Module 'vnpy.app.cta_strategy' has no attribute 'ArrayManager'  [attr-defined]
(vnpy)vnpy/vnpy/app/cta_strategy/strategies/multi_signal_strategy.py:1: error: Module 'vnpy.app.cta_strategy' has no attribute 'StopOrder'  [attr-defined]
(vnpy)vnpy/vnpy/app/cta_strategy/strategies/multi_signal_strategy.py:1: error: Module 'vnpy.app.cta_strategy' has no attribute 'TickData'  [attr-defined]
(vnpy)vnpy/vnpy/app/cta_strategy/strategies/multi_signal_strategy.py:1: error: Module 'vnpy.app.cta_strategy' has no attribute 'BarData'  [attr-defined]
(vnpy)vnpy/vnpy/app/cta_strategy/strategies/multi_signal_strategy.py:1: error: Module 'vnpy.app.cta_strategy' has no attribute 'TradeData'  [attr-defined]
(vnpy)vnpy/vnpy/app/cta_strategy/strategies/multi_signal_strategy.py:1: error: Module 'vnpy.app.cta_strategy' has no attribute 'OrderData'  [attr-defined]
(vnpy)vnpy/vnpy/app/cta_strategy/strategies/multi_signal_strategy.py:1: error: Module 'vnpy.app.cta_strategy' has no attribute 'BarGenerator'  [attr-defined]
(vnpy)vnpy/vnpy/app/cta_strategy/strategies/multi_signal_strategy.py:1: error: Module 'vnpy.app.cta_strategy' has no attribute 'ArrayManager'  [attr-defined]
(vnpy)vnpy/vnpy/app/cta_strategy/strategies/multi_signal_strategy.py:1: error: Module 'vnpy.app.cta_strategy' has no attribute 'CtaSignal'  [attr-defined]
(vnpy)vnpy/vnpy/app/cta_strategy/strategies/multi_signal_strategy.py:1: error: Module 'vnpy.app.cta_strategy' has no attribute 'TargetPosTemplate'  [attr-defined]
(vnpy)vnpy/vnpy/app/cta_strategy/strategies/multi_signal_strategy.py:146: error: Need type annotation for 'signal_pos' (hint: "signal_pos: Dict[<type>, <type>] = ...")  [var-annotated]
(vnpy)vnpy/vnpy/trader/gateway.py:9: error: Module 'vnpy.event' has no attribute 'Event'  [attr-defined]
(vnpy)vnpy/vnpy/trader/gateway.py:9: error: Module 'vnpy.event' has no attribute 'EventEngine'  [attr-defined]
(vnpy)vnpy/vnpy/trader/gateway.py:74: error: Need type annotation for 'default_setting' (hint: "default_setting: Dict[<type>, <type>] = ...")  [var-annotated]
(vnpy)vnpy/vnpy/trader/gateway.py:77: error: Need type annotation for 'exchanges' (hint: "exchanges: List[<type>] = ...")  [var-annotated]
(vnpy)vnpy/vnpy/trader/gateway.py:275: error: Need type annotation for 'orders' (hint: "orders: Dict[<type>, <type>] = ...")  [var-annotated]
(vnpy)vnpy/vnpy/trader/gateway.py:278: error: Need type annotation for 'local_sys_orderid_map' (hint: "local_sys_orderid_map: Dict[<type>, <type>] = ...")  [var-annotated]
(vnpy)vnpy/vnpy/trader/gateway.py:279: error: Need type annotation for 'sys_local_orderid_map' (hint: "sys_local_orderid_map: Dict[<type>, <type>] = ...")  [var-annotated]
(vnpy)vnpy/vnpy/trader/gateway.py:282: error: Need type annotation for 'push_data_buf' (hint: "push_data_buf: Dict[<type>, <type>] = ...")  [var-annotated]
(vnpy)vnpy/vnpy/trader/gateway.py:288: error: Need type annotation for 'cancel_request_buf' (hint: "cancel_request_buf: Dict[<type>, <type>] = ...")  [var-annotated]
(vnpy)vnpy/examples/vn_trader/demo_script.py:2: error: Module 'vnpy.app.script_trader' has no attribute 'ScriptEngine'  [attr-defined]
(vnpy)vnpy/vnpy/trader/object.py:246: error: Incompatible types in assignment (expression has type "None", variable has type "datetime")  [assignment]
(vnpy)vnpy/vnpy/trader/object.py:327: error: Incompatible types in assignment (expression has type "None", variable has type "datetime")  [assignment]
(vnpy)vnpy/vnpy/app/cta_strategy/strategies/dual_thrust_strategy.py:2: error: Module 'vnpy.app.cta_strategy' has no attribute 'CtaTemplate'  [attr-defined]
(vnpy)vnpy/vnpy/app/cta_strategy/strategies/dual_thrust_strategy.py:2: error: Module 'vnpy.app.cta_strategy' has no attribute 'StopOrder'  [attr-defined]
(vnpy)vnpy/vnpy/app/cta_strategy/strategies/dual_thrust_strategy.py:2: error: Module 'vnpy.app.cta_strategy' has no attribute 'TickData'  [attr-defined]
(vnpy)vnpy/vnpy/app/cta_strategy/strategies/dual_thrust_strategy.py:2: error: Module 'vnpy.app.cta_strategy' has no attribute 'BarData'  [attr-defined]
(vnpy)vnpy/vnpy/app/cta_strategy/strategies/dual_thrust_strategy.py:2: error: Module 'vnpy.app.cta_strategy' has no attribute 'TradeData'  [attr-defined]
(vnpy)vnpy/vnpy/app/cta_strategy/strategies/dual_thrust_strategy.py:2: error: Module 'vnpy.app.cta_strategy' has no attribute 'OrderData'  [attr-defined]
(vnpy)vnpy/vnpy/app/cta_strategy/strategies/dual_thrust_strategy.py:2: error: Module 'vnpy.app.cta_strategy' has no attribute 'BarGenerator'  [attr-defined]
(vnpy)vnpy/vnpy/app/cta_strategy/strategies/dual_thrust_strategy.py:2: error: Module 'vnpy.app.cta_strategy' has no attribute 'ArrayManager'  [attr-defined]
(vnpy)vnpy/vnpy/app/cta_strategy/strategies/dual_thrust_strategy.py:23: error: Need type annotation for 'bars' (hint: "bars: List[<type>] = ...")  [var-annotated]
(vnpy)vnpy/vnpy/api/apex/vnapex.py:221: error: Argument 1 to "create_string_buffer" has incompatible type "str"; expected "Union[int, bytes]"  [arg-type]
(vnpy)vnpy/vnpy/api/apex/vnapex.py:243: error: Invalid index type "int" for "CDLL"; expected type "str"  [index]
(vnpy)vnpy/vnpy/trader/utility.py:186: error: "None" has no attribute "high_price"  [attr-defined]
(vnpy)vnpy/vnpy/trader/utility.py:187: error: "None" has no attribute "low_price"  [attr-defined]
(vnpy)vnpy/vnpy/trader/utility.py:188: error: "None" has no attribute "close_price"  [attr-defined]
(vnpy)vnpy/vnpy/trader/utility.py:189: error: "None" has no attribute "open_interest"  [attr-defined]
(vnpy)vnpy/vnpy/trader/utility.py:190: error: "None" has no attribute "datetime"  [attr-defined]
(vnpy)vnpy/vnpy/trader/utility.py:227: error: "None" has no attribute "close_price"  [attr-defined]
(vnpy)vnpy/vnpy/trader/utility.py:228: error: "None" has no attribute "volume"  [attr-defined]
(vnpy)vnpy/vnpy/trader/utility.py:229: error: "None" has no attribute "open_interest"  [attr-defined]
(vnpy)vnpy/vnpy/trader/utility.py:252: error: "None" not callable  [misc]
(vnpy)vnpy/vnpy/trader/utility.py:444: error: Function "builtins.callable" is not valid as a type  [valid-type]
(vnpy)vnpy/vnpy/trader/utility.py:444: note: Perhaps you need "Callable[...]" or a callback protocol?

[RRepo](PerchLive)django-broadcast
(PerchLive)django-broadcast/django_broadcast/api.py:10: error: Module 'django_broadcast' has no attribute 'settings'  [attr-defined]
(PerchLive)django-broadcast/django_broadcast/api.py:34: error: Too few arguments for "start_hls_stream"  [call-arg]
(PerchLive)django-broadcast/tests/test_api.py:10: error: Module 'api' has no attribute 'DATE_FORMAT'  [attr-defined]
Found 3 errors in 2 files (checked 7 source files)

[RRepo](demisto)content
(demisto)content/content_creator.py:75: error: invalid syntax  [syntax]
Found 1 error in 1 file (checked 142 source files)

[RRepo](bitmovin)bitmovin-python
(bitmovin)bitmovin-python/bitmovin/resources/models/minimal_model.py:1: error: No parent module -- cannot perform relative import  [misc]
Found 1 error in 1 file (checked 487 source files)

[RRepo](BetaRavener)uPyLoader
(BetaRavener)uPyLoader/flash.py:52: error: Missing parentheses in call to 'print'. Did you mean print("Done writing new firmware.")?  [syntax]
Found 1 error in 1 file (checked 33 source files)

[RRepo](LocutusOfPenguin)picochess
(LocutusOfPenguin)picochess/utilities.py:40: error: Need type annotation for 'evtobserver_queue'  [var-annotated]
(LocutusOfPenguin)picochess/utilities.py:41: error: Need type annotation for 'dgtobserver_queue'  [var-annotated]
(LocutusOfPenguin)picochess/dispatcher.py:36: error: Need type annotation for 'devices' (hint: "devices: Set[<type>] = ...")  [var-annotated]
(LocutusOfPenguin)picochess/dispatcher.py:37: error: Need type annotation for 'maxtimer' (hint: "maxtimer: Dict[<type>, <type>] = ...")  [var-annotated]
(LocutusOfPenguin)picochess/dispatcher.py:38: error: Need type annotation for 'maxtimer_running' (hint: "maxtimer_running: Dict[<type>, <type>] = ...")  [var-annotated]
(LocutusOfPenguin)picochess/dispatcher.py:39: error: Need type annotation for 'clock_connected' (hint: "clock_connected: Dict[<type>, <type>] = ...")  [var-annotated]
(LocutusOfPenguin)picochess/dispatcher.py:41: error: Need type annotation for 'tasks' (hint: "tasks: Dict[<type>, <type>] = ...")  [var-annotated]
(LocutusOfPenguin)picochess/dispatcher.py:43: error: Need type annotation for 'display_hash' (hint: "display_hash: Dict[<type>, <type>] = ...")  [var-annotated]
(LocutusOfPenguin)picochess/dispatcher.py:44: error: Need type annotation for 'process_lock' (hint: "process_lock: Dict[<type>, <type>] = ...")  [var-annotated]
(LocutusOfPenguin)picochess/dgt/pi.py:137: error: Incompatible types in assignment (expression has type "bytes", variable has type "str")  [assignment]
(LocutusOfPenguin)picochess/dgt/hw.py:52: error: Incompatible types in assignment (expression has type "bytes", variable has type "str")  [assignment]
(LocutusOfPenguin)picochess/dgt/hw.py:64: error: Incompatible types in assignment (expression has type "bytes", variable has type "str")  [assignment]
(LocutusOfPenguin)picochess/uci/engine.py:76: error: Need type annotation for 'options' (hint: "options: Dict[<type>, <type>] = ...")  [var-annotated]
(LocutusOfPenguin)picochess/uci/engine.py:265: error: Cannot assign to a method  [assignment]
(LocutusOfPenguin)picochess/uci/engine.py:265: error: Incompatible types in assignment (expression has type "Type[str]", variable has type "Callable[[str], str]")  [assignment]
(LocutusOfPenguin)picochess/uci/engine.py:274: error: Incompatible types in assignment (expression has type "bool", variable has type "List[str]")  [assignment]
(LocutusOfPenguin)picochess/uci/engine.py:276: error: Incompatible types in assignment (expression has type "bool", variable has type "List[str]")  [assignment]
Found 17 errors in 5 files (checked 12 source files)

[RRepo](SunDwarf)curious
(SunDwarf)curious/curious/dataclasses/permissions.py:70: error: Argument 1 for "super" must be a type object; got a non-type instance  [misc]
(SunDwarf)curious/curious/dataclasses/permissions.py:153: error: 'classmethod' used with a non-method  [misc]
(SunDwarf)curious/curious/dataclasses/permissions.py:160: error: 'classmethod' used with a non-method  [misc]
(SunDwarf)curious/curious/dataclasses/permissions.py:188: error: Variable "permissions.Permissions" is not valid as a type  [valid-type]
(SunDwarf)curious/curious/dataclasses/permissions.py:218: error: Variable "permissions.target_thint" is not valid as a type  [valid-type]
(SunDwarf)curious/curious/dataclasses/permissions.py:230: error: Variable "permissions.Permissions" is not valid as a type  [valid-type]
(SunDwarf)curious/curious/dataclasses/permissions.py:243: error: "object" has no attribute "bitfield"  [attr-defined]
(SunDwarf)curious/curious/dataclasses/permissions.py:247: error: "object" has no attribute "bitfield"  [attr-defined]
(SunDwarf)curious/curious/dataclasses/permissions.py:301: error: Invalid signature "def (permissions.Overwrite, builtins.str, builtins.object) -> builtins.object" for "__setattr__"  [misc]
(SunDwarf)curious/curious/dataclasses/permissions.py:301: error: Missing return statement  [return]
(SunDwarf)curious/curious/dataclasses/permissions.py:301: error: Return type "object" of "__setattr__" incompatible with return type "None" in supertype "object"  [override]
(SunDwarf)curious/curious/dataclasses/permissions.py:310: error: Return value expected  [return-value]
(SunDwarf)curious/curious/dataclasses/reaction.py:51: error: "None" has no attribute "id"  [attr-defined]
(SunDwarf)curious/curious/dataclasses/voice_state.py:55: error: Item "None" of "Optional[Any]" has no attribute "guilds"  [union-attr]
(SunDwarf)curious/curious/dataclasses/invite.py:79: error: Missing return statement  [return]
(SunDwarf)curious/curious/dataclasses/invite.py:87: error: Missing return statement  [return]
(SunDwarf)curious/curious/dataclasses/attachment.py:27: error: Incompatible types in assignment (expression has type "Optional[Any]", variable has type "str")  [assignment]
(SunDwarf)curious/curious/dataclasses/attachment.py:30: error: Incompatible types in assignment (expression has type "Optional[Any]", variable has type "int")  [assignment]
(SunDwarf)curious/curious/dataclasses/attachment.py:33: error: Incompatible types in assignment (expression has type "Optional[Any]", variable has type "str")  [assignment]
(SunDwarf)curious/curious/dataclasses/attachment.py:36: error: Incompatible types in assignment (expression has type "Optional[Any]", variable has type "str")  [assignment]
(SunDwarf)curious/curious/dataclasses/attachment.py:39: error: Incompatible types in assignment (expression has type "Optional[Any]", variable has type "int")  [assignment]
(SunDwarf)curious/curious/dataclasses/attachment.py:42: error: Incompatible types in assignment (expression has type "Optional[Any]", variable has type "int")  [assignment]
(SunDwarf)curious/curious/dataclasses/webhook.py:56: error: Incompatible types in assignment (expression has type "None", variable has type "int")  [assignment]
(SunDwarf)curious/curious/dataclasses/webhook.py:59: error: Incompatible types in assignment (expression has type "None", variable has type "int")  [assignment]
(SunDwarf)curious/curious/dataclasses/webhook.py:69: error: Incompatible types in assignment (expression has type "None", variable has type "str")  [assignment]
(SunDwarf)curious/curious/dataclasses/webhook.py:72: error: Incompatible types in assignment (expression has type "None", variable has type "str")  [assignment]
(SunDwarf)curious/curious/dataclasses/webhook.py:186: error: Missing return statement  [return]
(SunDwarf)curious/curious/ipc/client.py:33: error: Missing return statement  [return]
(SunDwarf)curious/curious/dataclasses/search.py:93: error: Need type annotation for 'groups'  [var-annotated]
(SunDwarf)curious/curious/dataclasses/search.py:207: error: Incompatible types in assignment (expression has type "None", variable has type "str")  [assignment]
(SunDwarf)curious/curious/dataclasses/search.py:233: error: "bool" is invalid as return type for "__exit__" that always returns False  [exit-return]
(SunDwarf)curious/curious/dataclasses/search.py:233: note: Use "typing_extensions.Literal[False]" as the return type or change it to "None"
(SunDwarf)curious/curious/dataclasses/search.py:233: note: If return type of "__exit__" implies that it may return True, the context manager may swallow exceptions
(SunDwarf)curious/curious/dataclasses/search.py:248: error: Item "None" of "Optional[Any]" has no attribute "id"  [union-attr]
(SunDwarf)curious/curious/dataclasses/search.py:335: error: Incompatible types in assignment (expression has type "int", target has type "str")  [assignment]
(SunDwarf)curious/curious/dataclasses/search.py:337: error: Incompatible types in "await" (actual type "Dict[Any, Any]", expected type "Awaitable[Any]")  [misc]
(SunDwarf)curious/curious/dataclasses/search.py:337: error: Too many arguments  [call-arg]
(SunDwarf)curious/curious/dataclasses/presence.py:129: error: Incompatible types in assignment (expression has type "None", variable has type "Status")  [assignment]
(SunDwarf)curious/curious/dataclasses/presence.py:135: error: Incompatible types in assignment (expression has type "None", variable has type "Game")  [assignment]
(SunDwarf)curious/curious/commands/ratelimit.py:71: error: "None" has no attribute "cmd_name"  [attr-defined]
(SunDwarf)curious/curious/commands/help.py:79: error: Need type annotation for 'command_names' (hint: "command_names: List[<type>] = ...")  [var-annotated]
(SunDwarf)curious/curious/commands/context.py:64: error: Incompatible types in assignment (expression has type "None", variable has type "str")  [assignment]
(SunDwarf)curious/curious/commands/context.py:70: error: Incompatible types in assignment (expression has type "None", variable has type "str")  [assignment]
(SunDwarf)curious/curious/commands/context.py:174: error: "None" has no attribute "client"  [attr-defined]
(SunDwarf)curious/curious/commands/context.py:180: error: "None" has no attribute "client"  [attr-defined]
(SunDwarf)curious/curious/commands/context.py:270: error: "None" has no attribute "ratelimiter"  [attr-defined]
(SunDwarf)curious/curious/commands/context.py:292: error: "None" has no attribute "commands"  [attr-defined]
(SunDwarf)curious/curious/commands/context.py:297: error: "None" has no attribute "plugins"  [attr-defined]
(SunDwarf)curious/curious/commands/context.py:309: error: "None" has no attribute "client"  [attr-defined]
(SunDwarf)curious/curious/commands/utils.py:54: error: Need type annotation for 'final_kwargs' (hint: "final_kwargs: Dict[<type>, <type>] = ...")  [var-annotated]
(SunDwarf)curious/curious/commands/utils.py:82: error: Incompatible return value type (got "None", expected "str")  [return-value]
(SunDwarf)curious/curious/commands/utils.py:87: error: Incompatible return value type (got "None", expected "str")  [return-value]
(SunDwarf)curious/curious/commands/utils.py:175: error: Incompatible return value type (got "None", expected "str")  [return-value]
(SunDwarf)curious/curious/commands/utils.py:177: error: Argument 1 to "cleandoc" has incompatible type "Optional[str]"; expected "str"  [arg-type]
(SunDwarf)curious/curious/commands/utils.py:318: error: Incompatible types in "await" (actual type "str", expected type "Awaitable[Any]")  [misc]
(SunDwarf)curious/curious/commands/utils.py:326: error: Item "function" of "Union[Iterable[str], Callable[[Any, Any], str]]" has no attribute "__iter__" (not iterable)  [union-attr]
(SunDwarf)curious/curious/commands/utils.py:339: error: "Callable[[Any, Any], Coroutine[Any, Any, Any]]" has no attribute "prefix"  [attr-defined]
(SunDwarf)curious/curious/core/event.py:280: error: "partial[Any]" has no attribute "__name__"  [attr-defined]
(SunDwarf)curious/curious/core/event.py:325: error: Incompatible types in "yield" (actual type "Tuple[Any, Any]", expected type "None")  [misc]
(SunDwarf)curious/curious/core/chunker.py:77: error: Incompatible types in assignment (expression has type "List[int]", variable has type "AbstractSet[int]")  [assignment]
(SunDwarf)curious/curious/dataclasses/user.py:81: error: Argument 1 of "__eq__" is incompatible with supertype "object"; supertype defines the argument type as "object"  [override]
(SunDwarf)curious/curious/dataclasses/user.py:81: note: It is recommended for "__eq__" to work with arbitrary objects, for example:
(SunDwarf)curious/curious/dataclasses/user.py:81: note:     def __eq__(self, other: object) -> bool:
(SunDwarf)curious/curious/dataclasses/user.py:81: note:         if not isinstance(other, AvatarUrl):
(SunDwarf)curious/curious/dataclasses/user.py:81: note:             return NotImplemented
(SunDwarf)curious/curious/dataclasses/user.py:81: note:         return <logic to compare two AvatarUrl instances>
(SunDwarf)curious/curious/dataclasses/embed.py:67: error: Incompatible types in assignment (expression has type "Optional[str]", variable has type "datetime")  [assignment]
(SunDwarf)curious/curious/dataclasses/embed.py:192: error: Incompatible types in assignment (expression has type "Union[Any, int]", target has type "str")  [assignment]
(SunDwarf)curious/curious/dataclasses/embed.py:211: error: Incompatible types in assignment (expression has type "List[Any]", target has type "str")  [assignment]
(SunDwarf)curious/curious/dataclasses/member.py:109: error: Argument 1 to "set" of "Nickname" has incompatible type "None"; expected "str"  [arg-type]
(SunDwarf)curious/curious/dataclasses/member.py:134: error: Invalid type comment or annotation  [valid-type]
(SunDwarf)curious/curious/dataclasses/member.py:134: note: Suggestion: use type[...] instead of type(...)
(SunDwarf)curious/curious/dataclasses/member.py:140: error: Signature of "__getitem__" incompatible with supertype "Sequence"  [override]
(SunDwarf)curious/curious/dataclasses/bases.py:35: error: The return type of a generator function should be "Generator" or one of its supertypes  [misc]
(SunDwarf)curious/curious/dataclasses/bases.py:35: error: Argument 1 to "contextmanager" has incompatible type "Callable[[], None]"; expected "Callable[..., Iterator[<nothing>]]"  [arg-type]
(SunDwarf)curious/curious/commands/decorators.py:163: error: Incompatible return value type (got "Callable[[Any], Type[Any]]", expected "Type[Any]")  [return-value]
(SunDwarf)curious/curious/commands/manager.py:134: error: Need type annotation for 'plugins' (hint: "plugins: Dict[<type>, <type>] = ...")  [var-annotated]
(SunDwarf)curious/curious/commands/manager.py:137: error: Need type annotation for 'commands' (hint: "commands: Dict[<type>, <type>] = ...")  [var-annotated]
(SunDwarf)curious/curious/commands/manager.py:142: error: Need type annotation for '_module_plugins'  [var-annotated]
(SunDwarf)curious/curious/commands/manager.py:304: error: Argument "module" to "load_plugin" of "CommandsManager" has incompatible type Module; expected "Optional[str]"  [arg-type]
(SunDwarf)curious/curious/util.py:43: error: Need type annotation for 'i'  [var-annotated]
(SunDwarf)curious/curious/util.py:74: error: Need type annotation for 'items'  [var-annotated]
(SunDwarf)curious/curious/util.py:211: error: "FrameType" has no attribute "locals"; maybe "f_locals"?  [attr-defined]
(SunDwarf)curious/curious/oauth.py:175: error: Need type annotation for '_states'  [var-annotated]
(SunDwarf)curious/curious/oauth.py:228: error: List comprehension has incompatible type List[str]; expected List[OAuth2Scope]  [misc]
(SunDwarf)curious/curious/oauth.py:231: error: List comprehension has incompatible type List[str]; expected List[OAuth2Scope]  [misc]
Found 78 errors in 23 files (checked 37 source files)

[RRepo](alessandro-zomparelli)tissue

[RRepo](pirate)bitcoin-trader
Success: no issues found in 4 source files

[RRepo](openfisca)openfisca-core
(openfisca)openfisca-core/tests/web_api/test_calculate.py:13: error: No parent module -- cannot perform relative import  [misc]
Found 1 error in 1 file (checked 58 source files)

[RRepo](openmicroanalysis)pyxray
(openmicroanalysis)pyxray/pyxray/descriptor.py:114: error: Incompatible types in assignment (expression has type "None", variable has type "int")  [assignment]
(openmicroanalysis)pyxray/pyxray/descriptor.py:115: error: Incompatible types in assignment (expression has type "None", variable has type "int")  [assignment]
(openmicroanalysis)pyxray/pyxray/descriptor.py:116: error: Incompatible types in assignment (expression has type "None", variable has type "int")  [assignment]
(openmicroanalysis)pyxray/pyxray/descriptor.py:117: error: Incompatible types in assignment (expression has type "None", variable has type "int")  [assignment]
(openmicroanalysis)pyxray/pyxray/descriptor.py:118: error: Incompatible types in assignment (expression has type "None", variable has type "int")  [assignment]
(openmicroanalysis)pyxray/pyxray/descriptor.py:119: error: Incompatible types in assignment (expression has type "None", variable has type "int")  [assignment]
(openmicroanalysis)pyxray/pyxray/descriptor.py:255: error: Incompatible types in assignment (expression has type "None", variable has type "float")  [assignment]
(openmicroanalysis)pyxray/pyxray/descriptor.py:256: error: Incompatible types in assignment (expression has type "None", variable has type "float")  [assignment]
(openmicroanalysis)pyxray/pyxray/descriptor.py:305: error: Incompatible types in assignment (expression has type "None", variable has type "str")  [assignment]
(openmicroanalysis)pyxray/pyxray/descriptor.py:306: error: Incompatible types in assignment (expression has type "None", variable has type "str")  [assignment]
(openmicroanalysis)pyxray/pyxray/descriptor.py:307: error: Incompatible types in assignment (expression has type "None", variable has type "str")  [assignment]
(openmicroanalysis)pyxray/pyxray/descriptor.py:308: error: Incompatible types in assignment (expression has type "None", variable has type "str")  [assignment]
(openmicroanalysis)pyxray/pyxray/descriptor.py:309: error: Incompatible types in assignment (expression has type "None", variable has type "str")  [assignment]
(openmicroanalysis)pyxray/pyxray/descriptor.py:310: error: Incompatible types in assignment (expression has type "None", variable has type "str")  [assignment]
(openmicroanalysis)pyxray/pyxray/descriptor.py:311: error: Incompatible types in assignment (expression has type "None", variable has type "str")  [assignment]
(openmicroanalysis)pyxray/pyxray/descriptor.py:312: error: Incompatible types in assignment (expression has type "None", variable has type "str")  [assignment]
(openmicroanalysis)pyxray/pyxray/descriptor.py:313: error: Incompatible types in assignment (expression has type "None", variable has type "str")  [assignment]
(openmicroanalysis)pyxray/pyxray/descriptor.py:314: error: Incompatible types in assignment (expression has type "None", variable has type "str")  [assignment]
(openmicroanalysis)pyxray/pyxray/descriptor.py:315: error: Incompatible types in assignment (expression has type "None", variable has type "str")  [assignment]
(openmicroanalysis)pyxray/pyxray/descriptor.py:316: error: Incompatible types in assignment (expression has type "None", variable has type "str")  [assignment]
(openmicroanalysis)pyxray/pyxray/descriptor.py:317: error: Incompatible types in assignment (expression has type "None", variable has type "str")  [assignment]
(openmicroanalysis)pyxray/pyxray/descriptor.py:318: error: Incompatible types in assignment (expression has type "None", variable has type "str")  [assignment]
(openmicroanalysis)pyxray/pyxray/descriptor.py:319: error: Incompatible types in assignment (expression has type "None", variable has type "str")  [assignment]
(openmicroanalysis)pyxray/pyxray/descriptor.py:320: error: Incompatible types in assignment (expression has type "None", variable has type "str")  [assignment]
(openmicroanalysis)pyxray/pyxray/descriptor.py:321: error: Incompatible types in assignment (expression has type "None", variable has type "str")  [assignment]
(openmicroanalysis)pyxray/pyxray/descriptor.py:322: error: Incompatible types in assignment (expression has type "None", variable has type "str")  [assignment]
(openmicroanalysis)pyxray/pyxray/descriptor.py:323: error: Incompatible types in assignment (expression has type "None", variable has type "str")  [assignment]
(openmicroanalysis)pyxray/pyxray/descriptor.py:324: error: Incompatible types in assignment (expression has type "None", variable has type "str")  [assignment]
(openmicroanalysis)pyxray/pyxray/descriptor.py:325: error: Incompatible types in assignment (expression has type "None", variable has type "str")  [assignment]

[RRepo](LukaszObara)LeNet5
Success: no issues found in 3 source files

[RRepo](xdlinux)xidian-scripts
(xdlinux)xidian-scripts/Python/DEPRECATED/get_xidian_news.py:34: error: invalid syntax  [syntax]
Found 1 error in 1 file (checked 8 source files)

[RRepo](ngolin)webdict
Success: no issues found in 7 source files

[RRepo](Oneiroe)PySimpleAutomata
(Oneiroe)PySimpleAutomata/PySimpleAutomata/NFA.py:73: error: Need type annotation for 'boundary' (hint: "boundary: Set[<type>] = ...")  [var-annotated]
(Oneiroe)PySimpleAutomata/PySimpleAutomata/NFA.py:318: error: Need type annotation for 'current_level' (hint: "current_level: Set[<type>] = ...")  [var-annotated]
(Oneiroe)PySimpleAutomata/PySimpleAutomata/NFA.py:320: error: Need type annotation for 'next_level' (hint: "next_level: Set[<type>] = ...")  [var-annotated]
Found 3 errors in 1 file (checked 1 source file)

[RRepo](acrisci)playerctl
(acrisci)playerctl/test/mpris.py:85: error: Name 'x' is not defined  [name-defined]
(acrisci)playerctl/test/mpris.py:89: error: Name 'o' is not defined  [name-defined]
(acrisci)playerctl/test/mpris.py:89: error: Name 'x' is not defined  [name-defined]
(acrisci)playerctl/test/mpris.py:93: error: Name 's' is not defined  [name-defined]
(acrisci)playerctl/test/mpris.py:97: error: Name 'x' is not defined  [name-defined]
(acrisci)playerctl/test/mpris.py:101: error: Name 's' is not defined  [name-defined]
(acrisci)playerctl/test/mpris.py:105: error: Name 's' is not defined  [name-defined]
(acrisci)playerctl/test/mpris.py:108: error: Name 'LoopStatus' already defined on line 104  [no-redef]
(acrisci)playerctl/test/mpris.py:109: error: Name 's' is not defined  [name-defined]
(acrisci)playerctl/test/mpris.py:113: error: Name 'd' is not defined  [name-defined]
(acrisci)playerctl/test/mpris.py:116: error: Name 'Rate' already defined on line 112  [no-redef]
(acrisci)playerctl/test/mpris.py:117: error: Name 'd' is not defined  [name-defined]
(acrisci)playerctl/test/mpris.py:121: error: Name 'b' is not defined  [name-defined]
(acrisci)playerctl/test/mpris.py:124: error: Name 'Shuffle' already defined on line 120  [no-redef]
(acrisci)playerctl/test/mpris.py:125: error: Name 'b' is not defined  [name-defined]
(acrisci)playerctl/test/mpris.py:129: error: Invalid type comment or annotation  [valid-type]
(acrisci)playerctl/test/mpris.py:133: error: Name 'd' is not defined  [name-defined]
(acrisci)playerctl/test/mpris.py:136: error: Name 'Volume' already defined on line 132  [no-redef]
(acrisci)playerctl/test/mpris.py:137: error: Name 'd' is not defined  [name-defined]
(acrisci)playerctl/test/mpris.py:141: error: Name 'x' is not defined  [name-defined]
(acrisci)playerctl/test/mpris.py:145: error: Name 'd' is not defined  [name-defined]
(acrisci)playerctl/test/mpris.py:149: error: Name 'd' is not defined  [name-defined]
(acrisci)playerctl/test/mpris.py:153: error: Name 'b' is not defined  [name-defined]
(acrisci)playerctl/test/mpris.py:157: error: Name 'b' is not defined  [name-defined]
(acrisci)playerctl/test/mpris.py:161: error: Name 'b' is not defined  [name-defined]
(acrisci)playerctl/test/mpris.py:165: error: Name 'b' is not defined  [name-defined]
(acrisci)playerctl/test/mpris.py:169: error: Name 'b' is not defined  [name-defined]
(acrisci)playerctl/test/mpris.py:173: error: Name 'b' is not defined  [name-defined]
Found 28 errors in 1 file (checked 8 source files)

[RRepo](uclmr)inferbeddings
(uclmr)inferbeddings/scripts/synth/create_table_iterative.py:114: error: Need type annotation for 'ID2AUC_versions' (hint: "ID2AUC_versions: Dict[<type>, <type>] = ...")  [var-annotated]
(uclmr)inferbeddings/scripts/synth/create_table_iterative.py:115: error: Incompatible types in assignment (expression has type "float", variable has type "str")  [assignment]
(uclmr)inferbeddings/scripts/synth/create_table_iterative.py:120: error: Need type annotation for 'ID2MEAN'  [var-annotated]
(uclmr)inferbeddings/scripts/synth/create_table_closed_form.py:115: error: Need type annotation for 'ID2AUC_versions' (hint: "ID2AUC_versions: Dict[<type>, <type>] = ...")  [var-annotated]
(uclmr)inferbeddings/scripts/synth/create_table_closed_form.py:116: error: Incompatible types in assignment (expression has type "float", variable has type "str")  [assignment]
(uclmr)inferbeddings/scripts/synth/create_table_closed_form.py:122: error: Need type annotation for 'ID2MEAN'  [var-annotated]
(uclmr)inferbeddings/scripts/countries/HETZNER_COUNTRIES_ADV_v1.py:145: error: Not all arguments converted during string formatting  [str-format]
(uclmr)inferbeddings/scripts/synth/sample_kb.py:288: error: Need type annotation for 'valid_facts_False' (hint: "valid_facts_False: List[<type>] = ...")  [var-annotated]
(uclmr)inferbeddings/bin/service/nli-service-cli.py:34: error: "Type[BaseWSGIServer]" has no attribute "protocol_version"  [attr-defined]
Found 9 errors in 5 files (checked 223 source files)

[RRepo](GEMPACKsoftware)HARPY
(GEMPACKsoftware)HARPY/harpy/header_array.py:143: error: Missing return statement  [return]
(GEMPACKsoftware)HARPY/harpy/header_array.py:144: error: Invalid type comment or annotation  [valid-type]
(GEMPACKsoftware)HARPY/harpy/header_array.py:172: error: Missing return statement  [return]
(GEMPACKsoftware)HARPY/harpy/header_array.py:229: error: Item "HeaderArrayObj" of "Union[Any, HeaderArrayObj]" has no attribute "shape"  [union-attr]
(GEMPACKsoftware)HARPY/harpy/_header_sets.py:29: error: Item "None" of "Union[List[str], str, None]" has no attribute "__iter__" (not iterable)  [union-attr]
(GEMPACKsoftware)HARPY/harpy/har_file.py:48: error: Need type annotation for '_head_arrs'  [var-annotated]
(GEMPACKsoftware)HARPY/harpy/har_file.py:256: error: Incompatible return value type (got "HarFileObj", expected "TypeHarFileObj")  [return-value]
(GEMPACKsoftware)HARPY/harpy/tests/test_header_array.py:12: error: Relative import climbs too many namespaces  [misc]
(GEMPACKsoftware)HARPY/harpy/tests/test_header_array.py:13: error: Relative import climbs too many namespaces  [misc]
(GEMPACKsoftware)HARPY/harpy/tests/test_har_file_io.py:13: error: Relative import climbs too many namespaces  [misc]
(GEMPACKsoftware)HARPY/harpy/tests/test_sl4.py:5: error: Relative import climbs too many namespaces  [misc]
(GEMPACKsoftware)HARPY/harpy/tests/test_har_file.py:14: error: Relative import climbs too many namespaces  [misc]
(GEMPACKsoftware)HARPY/harpy/tests/test_har_file.py:15: error: Relative import climbs too many namespaces  [misc]
Found 13 errors in 7 files (checked 10 source files)

[RRepo](rgeorgi)intent
(rgeorgi)intent/intent/pos/getPrototypes.py:78: error: Name 'require_opt' is not defined  [name-defined]
(rgeorgi)intent/intent/utils/token.py:37: error: Name 'parent' already defined on line 30  [no-redef]
(rgeorgi)intent/intent/utils/token.py:37: error: "Callable[[Token], Any]" has no attribute "setter"  [attr-defined]
(rgeorgi)intent/intent/igt/metadata.py:201: error: Name 'set_meta_text' already defined on line 74  [no-redef]
(rgeorgi)intent/intent/interfaces/mallet_crf.py:80: error: "Callable[[Any, Any, Any, Any], Any]" has no attribute "__test__"  [attr-defined]
(rgeorgi)intent/intent/interfaces/mallet_crf.py:117: error: Name 'ConfigFile' is not defined  [name-defined]
(rgeorgi)intent/intent/interfaces/stanford_tagger.py:169: error: "Callable[[Any, Any, Any, Any], Any]" has no attribute "__test__"  [attr-defined]
(rgeorgi)intent/intent/interfaces/stanford_tagger.py:193: error: "makedirs" does not return a value  [func-returns-value]
(rgeorgi)intent/intent/interfaces/stanford_tagger.py:200: error: Name 'test' is not defined  [name-defined]

[RRepo](pydo)vlc-gif-creator
(pydo)vlc-gif-creator/gif_creator.py:51: error: Item "None" of "Optional[Element]" has no attribute "get"  [union-attr]
(pydo)vlc-gif-creator/gif_creator.py:52: error: Argument 1 to "unquote" has incompatible type "Union[str, None, Any]"; expected "str"  [arg-type]
(pydo)vlc-gif-creator/gif_creator.py:73: error: Item "None" of "Optional[Element]" has no attribute "text"  [union-attr]
(pydo)vlc-gif-creator/gif_creator.py:73: error: Argument 1 to "int" has incompatible type "Union[str, None, Any]"; expected "Union[str, bytes, SupportsInt, _SupportsIndex]"  [arg-type]
Found 4 errors in 1 file (checked 1 source file)

[RRepo](Chainmail-Project)Chainmail
(Chainmail-Project)Chainmail/Chainmail/TextProcessor.py:8: error: No parent module -- cannot perform relative import  [misc]
Found 1 error in 1 file (checked 10 source files)

[RRepo](google)TensorNetwork
(google)TensorNetwork/tensornetwork/backends/tensorflow/tensordot2.py:23: error: Name 'tf.Tensor' is not defined  [name-defined]
(google)TensorNetwork/tensornetwork/backends/tensorflow/tensordot2.py:24: error: Name 'tf.Tensor' is not defined  [name-defined]
(google)TensorNetwork/tensornetwork/backends/tensorflow/tensordot2.py:27: error: Name 'tf.Tensor' is not defined  [name-defined]
(google)TensorNetwork/tensornetwork/backends/tensorflow/tensordot2.py:28: error: Name 'tf.Tensor' is not defined  [name-defined]
(google)TensorNetwork/tensornetwork/backends/tensorflow/tensordot2.py:30: error: Name 'tf.Tensor' is not defined  [name-defined]
(google)TensorNetwork/tensornetwork/backends/tensorflow/tensordot2.py:82: error: Module has no attribute "mean"  [attr-defined]
(google)TensorNetwork/tensornetwork/backends/tensorflow/tensordot2.py:85: error: Name 'tf.Tensor' is not defined  [name-defined]
(google)TensorNetwork/tensornetwork/backends/tensorflow/tensordot2.py:92: error: Module has no attribute "transpose"  [attr-defined]
(google)TensorNetwork/tensornetwork/backends/tensorflow/tensordot2.py:94: error: Name 'tf.Tensor' is not defined  [name-defined]
(google)TensorNetwork/tensornetwork/backends/tensorflow/tensordot2.py:95: error: Name 'tf.Tensor' is not defined  [name-defined]
(google)TensorNetwork/tensornetwork/backends/tensorflow/tensordot2.py:102: error: Module has no attribute "reshape"  [attr-defined]
(google)TensorNetwork/tensornetwork/backends/tensorflow/tensordot2.py:105: error: Name 'tf.Tensor' is not defined  [name-defined]
(google)TensorNetwork/tensornetwork/backends/tensorflow/tensordot2.py:106: error: Name 'tf.Tensor' is not defined  [name-defined]
(google)TensorNetwork/tensornetwork/backends/tensorflow/tensordot2.py:136: error: Module has no attribute "prod"  [attr-defined]
(google)TensorNetwork/tensornetwork/backends/tensorflow/tensordot2.py:137: error: Module has no attribute "prod"  [attr-defined]
(google)TensorNetwork/tensornetwork/backends/tensorflow/tensordot2.py:154: error: Module has no attribute "convert_to_tensor"  [attr-defined]
(google)TensorNetwork/tensornetwork/backends/tensorflow/tensordot2.py:154: error: Module has no attribute "dtypes"  [attr-defined]
(google)TensorNetwork/tensornetwork/backends/tensorflow/tensordot2.py:155: error: Module has no attribute "convert_to_tensor"  [attr-defined]
(google)TensorNetwork/tensornetwork/backends/tensorflow/tensordot2.py:155: error: Module has no attribute "dtypes"  [attr-defined]
(google)TensorNetwork/tensornetwork/backends/tensorflow/tensordot2.py:156: error: Module has no attribute "shape"  [attr-defined]
(google)TensorNetwork/tensornetwork/backends/tensorflow/tensordot2.py:159: error: Incompatible types in assignment (expression has type "None", variable has type "List[Any]")  [assignment]
(google)TensorNetwork/tensornetwork/backends/tensorflow/tensordot2.py:160: error: Module has no attribute "shape"  [attr-defined]
(google)TensorNetwork/tensornetwork/backends/tensorflow/tensordot2.py:161: error: Module has no attribute "rank"  [attr-defined]
(google)TensorNetwork/tensornetwork/backends/tensorflow/tensordot2.py:162: error: Module has no attribute "convert_to_tensor"  [attr-defined]
(google)TensorNetwork/tensornetwork/backends/tensorflow/tensordot2.py:162: error: Module has no attribute "dtypes"  [attr-defined]
(google)TensorNetwork/tensornetwork/backends/tensorflow/tensordot2.py:163: error: Module has no attribute "where"  [attr-defined]
(google)TensorNetwork/tensornetwork/backends/tensorflow/tensordot2.py:164: error: Module has no attribute "compat"  [attr-defined]
(google)TensorNetwork/tensornetwork/backends/tensorflow/tensordot2.py:164: error: Module has no attribute "range"  [attr-defined]
(google)TensorNetwork/tensornetwork/backends/tensorflow/tensordot2.py:173: error: Module has no attribute "concat"  [attr-defined]
(google)TensorNetwork/tensornetwork/backends/tensorflow/tensordot2.py:174: error: Module has no attribute "transpose"  [attr-defined]
(google)TensorNetwork/tensornetwork/backends/tensorflow/tensordot2.py:176: error: Module has no attribute "gather"  [attr-defined]
(google)TensorNetwork/tensornetwork/backends/tensorflow/tensordot2.py:177: error: Module has no attribute "gather"  [attr-defined]
(google)TensorNetwork/tensornetwork/backends/tensorflow/tensordot2.py:178: error: Module has no attribute "reduce_prod"  [attr-defined]
(google)TensorNetwork/tensornetwork/backends/tensorflow/tensordot2.py:179: error: Module has no attribute "reduce_prod"  [attr-defined]
(google)TensorNetwork/tensornetwork/backends/tensorflow/tensordot2.py:182: error: Module has no attribute "stack"  [attr-defined]
(google)TensorNetwork/tensornetwork/backends/tensorflow/tensordot2.py:184: error: Module has no attribute "stack"  [attr-defined]
(google)TensorNetwork/tensornetwork/backends/tensorflow/tensordot2.py:185: error: Module has no attribute "reshape"  [attr-defined]
(google)TensorNetwork/tensornetwork/backends/tensorflow/tensordot2.py:189: error: Name 'tf.Tensor' is not defined  [name-defined]
(google)TensorNetwork/tensornetwork/backends/tensorflow/tensordot2.py:193: error: Module has no attribute "compat"  [attr-defined]
(google)TensorNetwork/tensornetwork/backends/tensorflow/tensordot2.py:202: error: Module has no attribute "rank"  [attr-defined]
(google)TensorNetwork/tensornetwork/backends/tensorflow/tensordot2.py:203: error: Module has no attribute "range"  [attr-defined]
(google)TensorNetwork/tensornetwork/backends/tensorflow/tensordot2.py:204: error: Module has no attribute "int32"  [attr-defined]
(google)TensorNetwork/tensornetwork/backends/tensorflow/tensordot2.py:204: error: Module has no attribute "range"  [attr-defined]
(google)TensorNetwork/tensornetwork/backends/tensorflow/tensordot2.py:210: error: Module has no attribute "compat"  [attr-defined]
(google)TensorNetwork/tensornetwork/backends/tensorflow/tensordot2.py:211: error: Module has no attribute "compat"  [attr-defined]
(google)TensorNetwork/tensornetwork/backends/tensorflow/tensordot2.py:228: error: Module has no attribute "convert_to_tensor"  [attr-defined]
(google)TensorNetwork/tensornetwork/backends/tensorflow/tensordot2.py:228: error: Module has no attribute "int32"  [attr-defined]
(google)TensorNetwork/tensornetwork/backends/tensorflow/tensordot2.py:231: error: Module has no attribute "compat"  [attr-defined]
(google)TensorNetwork/tensornetwork/backends/tensorflow/tensordot2.py:232: error: Module has no attribute "convert_to_tensor"  [attr-defined]
(google)TensorNetwork/tensornetwork/backends/tensorflow/tensordot2.py:233: error: Module has no attribute "convert_to_tensor"  [attr-defined]
(google)TensorNetwork/tensornetwork/backends/tensorflow/tensordot2.py:240: error: Module has no attribute "matmul"  [attr-defined]
(google)TensorNetwork/tensornetwork/backends/tensorflow/tensordot2.py:244: error: Module has no attribute "reshape"  [attr-defined]
(google)TensorNetwork/tensornetwork/backends/tensorflow/tensordot2.py:245: error: Module has no attribute "convert_to_tensor"  [attr-defined]
(google)TensorNetwork/tensornetwork/backends/tensorflow/tensordot2.py:245: error: Module has no attribute "dtypes"  [attr-defined]
(google)TensorNetwork/tensornetwork/backends/tensorflow/tensordot2.py:246: error: Module has no attribute "convert_to_tensor"  [attr-defined]
(google)TensorNetwork/tensornetwork/backends/tensorflow/tensordot2.py:246: error: Module has no attribute "dtypes"  [attr-defined]
(google)TensorNetwork/tensornetwork/backends/tensorflow/tensordot2.py:247: error: Module has no attribute "reshape"  [attr-defined]
(google)TensorNetwork/tensornetwork/backends/tensorflow/tensordot2.py:248: error: Module has no attribute "concat"  [attr-defined]
(google)TensorNetwork/tensornetwork/backends/numpy/decompositions.py:38: error: Module has no attribute "prod"  [attr-defined]
(google)TensorNetwork/tensornetwork/backends/pytorch/decompositions.py:81: error: Module has no attribute "prod"  [attr-defined]
(google)TensorNetwork/experiments/MPS_classifier/MPSMNIST_test.py:9: error: Module has no attribute "enable_v2_behavior"  [attr-defined]
(google)TensorNetwork/experiments/MPS_classifier/MPSMNIST_test.py:74: error: Module has no attribute "float64"  [attr-defined]

[RRepo](caterinaurban)Typpete

[RRepo](z2s8)erettsegit
(z2s8)erettsegit/erettsegit.py:35: error: Need type annotation for 'MESSAGES'  [var-annotated]
Found 1 error in 1 file (checked 2 source files)

[RRepo](hydroffice)hyo_soundspeed
(hydroffice)hyo_soundspeed/hyo2/soundspeed/listener/seacat/seacat_emulator.py:13: error: Name 'UTF8Serial' already defined (possibly by an import)  [no-redef]
(hydroffice)hyo_soundspeed/hyo2/soundspeed/base/files.py:33: error: Incompatible return value type (got "None", expected "IO[Any]")  [return-value]
(hydroffice)hyo_soundspeed/hyo2/soundspeed/base/files.py:37: error: Incompatible types in assignment (expression has type "IO[Any]", variable has type "None")  [assignment]
(hydroffice)hyo_soundspeed/hyo2/soundspeed/base/files.py:54: error: Incompatible types in assignment (expression has type "StreamReaderWriter", variable has type "None")  [assignment]
(hydroffice)hyo_soundspeed/hyo2/soundspeed/listener/abstract.py:17: error: Argument "target" to "__init__" of "Thread" has incompatible type "Optional[object]"; expected "Optional[Callable[..., Any]]"  [arg-type]
(hydroffice)hyo_soundspeed/hyo2/soundspeed/listener/abstract.py:34: error: Incompatible types in assignment (expression has type "socket", variable has type "None")  [assignment]
(hydroffice)hyo_soundspeed/hyo2/soundspeed/listener/abstract.py:35: error: "None" has no attribute "setsockopt"  [attr-defined]
(hydroffice)hyo_soundspeed/hyo2/soundspeed/listener/abstract.py:36: error: "None" has no attribute "setsockopt"  [attr-defined]
(hydroffice)hyo_soundspeed/hyo2/soundspeed/listener/abstract.py:39: error: "None" has no attribute "settimeout"  [attr-defined]
(hydroffice)hyo_soundspeed/hyo2/soundspeed/listener/abstract.py:47: error: "None" has no attribute "setsockopt"  [attr-defined]
(hydroffice)hyo_soundspeed/hyo2/soundspeed/listener/abstract.py:49: error: "None" has no attribute "bind"  [attr-defined]
(hydroffice)hyo_soundspeed/hyo2/soundspeed/listener/abstract.py:53: error: "None" has no attribute "bind"  [attr-defined]
(hydroffice)hyo_soundspeed/hyo2/soundspeed/listener/abstract.py:56: error: "None" has no attribute "close"  [attr-defined]
(hydroffice)hyo_soundspeed/hyo2/soundspeed/listener/abstract.py:84: error: "None" has no attribute "recvfrom"  [attr-defined]
(hydroffice)hyo_soundspeed/hyo2/soundspeed/listener/abstract.py:95: error: "None" has no attribute "close"  [attr-defined]
(hydroffice)hyo_soundspeed/examples/soundspeed/listener/ex_udp.py:45: error: On Python 3 '%s' % b'abc' produces "b'abc'"; use %r if this is a desired behavior  [str-bytes-safe]

[RRepo](cf-platform-eng)aws-pcf-quickstart
Success: no issues found in 6 source files

[RRepo](Brazelton-Lab)bio_utils
(Brazelton-Lab)bio_utils/bio_utils/tests/test_subject_sequence_retriever.py:24: error: Relative import climbs too many namespaces  [misc]
(Brazelton-Lab)bio_utils/bio_utils/tests/test_blast_to_cigar.py:24: error: Relative import climbs too many namespaces  [misc]
(Brazelton-Lab)bio_utils/bio_utils/tests/test_fasta_iter.py:24: error: Relative import climbs too many namespaces  [misc]
(Brazelton-Lab)bio_utils/bio_utils/tests/test_b6_evalue_filter.py:24: error: Relative import climbs too many namespaces  [misc]
(Brazelton-Lab)bio_utils/bio_utils/tests/test_fastq_iter.py:24: error: Relative import climbs too many namespaces  [misc]
(Brazelton-Lab)bio_utils/bio_utils/tests/test_gff3_iter.py:24: error: Relative import climbs too many namespaces  [misc]
(Brazelton-Lab)bio_utils/bio_utils/tests/test_b6_iter.py:24: error: Relative import climbs too many namespaces  [misc]
(Brazelton-Lab)bio_utils/bio_utils/tests/test_query_sequence_retriever.py:24: error: Relative import climbs too many namespaces  [misc]
(Brazelton-Lab)bio_utils/bio_utils/tests/test_sam_iter.py:24: error: Relative import climbs too many namespaces  [misc]
(Brazelton-Lab)bio_utils/bio_utils/iterators/gff3.py:146: error: The type alias is invalid in runtime context  [misc]
(Brazelton-Lab)bio_utils/bio_utils/iterators/b6.py:122: error: The type alias is invalid in runtime context  [misc]
(Brazelton-Lab)bio_utils/bio_utils/iterators/b6.py:233: error: Need type annotation for 'h' (hint: "h: Dict[<type>, <type>] = ...")  [var-annotated]
Found 12 errors in 11 files (checked 27 source files)

[RRepo](Jwely)cdo-api-py
Success: no issues found in 1 source file

[RRepo](AntoineToubhans)MongoTs
(AntoineToubhans)MongoTs/test/query_test.py:11: error: Method must have at least one argument  [misc]
(AntoineToubhans)MongoTs/test/query_test.py:29: error: Method must have at least one argument  [misc]
(AntoineToubhans)MongoTs/test/query_test.py:58: error: Method must have at least one argument  [misc]
(AntoineToubhans)MongoTs/test/query_test.py:144: error: Method must have at least one argument  [misc]
(AntoineToubhans)MongoTs/test/dataframe_test.py:12: error: Method must have at least one argument  [misc]
(AntoineToubhans)MongoTs/test/collection_test.py:143: error: Method must have at least one argument  [misc]
(AntoineToubhans)MongoTs/test/insert_test.py:152: error: Method must have at least one argument  [misc]
(AntoineToubhans)MongoTs/test/aggregateby_test.py:9: error: Method must have at least one argument  [misc]
(AntoineToubhans)MongoTs/test/aggregateby_test.py:38: error: Method must have at least one argument  [misc]
(AntoineToubhans)MongoTs/test/aggregateby_test.py:46: error: Method must have at least one argument  [misc]
(AntoineToubhans)MongoTs/test/aggregateby_test.py:64: error: Method must have at least one argument  [misc]
Found 11 errors in 5 files (checked 20 source files)

[RRepo](adnanaziz)epicode
(adnanaziz)epicode/cpp/gray-code-backtrack.py:43: error: Missing parentheses in call to 'print'. Did you mean print("code:")?  [syntax]
Found 1 error in 1 file (checked 2 source files)

[RRepo](AwesomeTTS)awesometts-anki-addon
(AwesomeTTS)awesometts-anki-addon/awesometts/gui/groups.py:23: error: Relative import climbs too many namespaces  [misc]
(AwesomeTTS)awesometts-anki-addon/awesometts/gui/presets.py:32: error: Need type annotation for '__slots__' (hint: "__slots__: List[<type>] = ...")  [var-annotated]
(AwesomeTTS)awesometts-anki-addon/awesometts/gui/common.py:31: error: Relative import climbs too many namespaces  [misc]
(AwesomeTTS)awesometts-anki-addon/awesometts/gui/common.py:68: error: "Callable[[Any], Any]" has no attribute "MOD_FLAGS"  [attr-defined]
(AwesomeTTS)awesometts-anki-addon/awesometts/gui/common.py:71: error: "Callable[[Any], Any]" has no attribute "BLACKLIST"  [attr-defined]
(AwesomeTTS)awesometts-anki-addon/awesometts/service/spanishdict.py:34: error: Need type annotation for '__slots__' (hint: "__slots__: List[<type>] = ...")  [var-annotated]
(AwesomeTTS)awesometts-anki-addon/awesometts/service/yandex.py:34: error: Need type annotation for '__slots__' (hint: "__slots__: List[<type>] = ...")  [var-annotated]
(AwesomeTTS)awesometts-anki-addon/awesometts/service/naver.py:92: error: Need type annotation for '__slots__' (hint: "__slots__: List[<type>] = ...")  [var-annotated]
(AwesomeTTS)awesometts-anki-addon/awesometts/service/baidu.py:45: error: Need type annotation for '__slots__' (hint: "__slots__: List[<type>] = ...")  [var-annotated]
(AwesomeTTS)awesometts-anki-addon/awesometts/service/voicetext.py:51: error: Need type annotation for '__slots__' (hint: "__slots__: List[<type>] = ...")  [var-annotated]
(AwesomeTTS)awesometts-anki-addon/awesometts/service/youdao.py:39: error: Need type annotation for '__slots__' (hint: "__slots__: List[<type>] = ...")  [var-annotated]
(AwesomeTTS)awesometts-anki-addon/awesometts/gui/updater.py:26: error: Relative import climbs too many namespaces  [misc]
(AwesomeTTS)awesometts-anki-addon/awesometts/service/oddcast.py:218: error: Need type annotation for '__slots__' (hint: "__slots__: List[<type>] = ...")  [var-annotated]
(AwesomeTTS)awesometts-anki-addon/awesometts/service/fluencynl.py:83: error: Need type annotation for '__slots__' (hint: "__slots__: List[<type>] = ...")  [var-annotated]
(AwesomeTTS)awesometts-anki-addon/awesometts/service/ispeech.py:79: error: Need type annotation for '__slots__' (hint: "__slots__: List[<type>] = ...")  [var-annotated]
(AwesomeTTS)awesometts-anki-addon/awesometts/service/ispeech.py:87: error: Need type annotation for 'TRAITS' (hint: "TRAITS: List[<type>] = ...")  [var-annotated]
(AwesomeTTS)awesometts-anki-addon/awesometts/service/howjsay.py:34: error: Need type annotation for '__slots__' (hint: "__slots__: List[<type>] = ...")  [var-annotated]
(AwesomeTTS)awesometts-anki-addon/awesometts/player.py:137: error: "Callable[[Player, Any], Any]" has no attribute "BLACKLISTED_FRAMES"  [attr-defined]
(AwesomeTTS)awesometts-anki-addon/awesometts/service/oxford.py:62: error: Need type annotation for '__slots__' (hint: "__slots__: List[<type>] = ...")  [var-annotated]
(AwesomeTTS)awesometts-anki-addon/awesometts/service/wiktionary.py:44: error: Need type annotation for '__slots__' (hint: "__slots__: List[<type>] = ...")  [var-annotated]
(AwesomeTTS)awesometts-anki-addon/awesometts/service/imtranslator.py:40: error: Need type annotation for '__slots__' (hint: "__slots__: List[<type>] = ...")  [var-annotated]
(AwesomeTTS)awesometts-anki-addon/awesometts/service/duden.py:52: error: Need type annotation for '__slots__' (hint: "__slots__: List[<type>] = ...")  [var-annotated]
(AwesomeTTS)awesometts-anki-addon/awesometts/service/collins.py:66: error: Need type annotation for '__slots__' (hint: "__slots__: List[<type>] = ...")  [var-annotated]
(AwesomeTTS)awesometts-anki-addon/awesometts/service/abair.py:48: error: Need type annotation for '__slots__' (hint: "__slots__: List[<type>] = ...")  [var-annotated]
(AwesomeTTS)awesometts-anki-addon/awesometts/conversion.py:38: error: "Callable[[Any], Any]" has no attribute "SEPARATORS"  [attr-defined]
(AwesomeTTS)awesometts-anki-addon/awesometts/conversion.py:70: error: "Callable[[Any], Any]" has no attribute "FALSE_STRINGS"  [attr-defined]
(AwesomeTTS)awesometts-anki-addon/awesometts/conversion.py:130: error: "Callable[[Any], Any]" has no attribute "FLAGS"  [attr-defined]
(AwesomeTTS)awesometts-anki-addon/awesometts/conversion.py:189: error: "Callable[[Any], Any]" has no attribute "DEFAULTS"  [attr-defined]
(AwesomeTTS)awesometts-anki-addon/awesometts/text.py:165: error: "Callable[[Sanitizer, Any, Any], Any]" has no attribute "wrapper"  [attr-defined]
(AwesomeTTS)awesometts-anki-addon/awesometts/text.py:171: error: "Callable[[Sanitizer, Any, Any], Any]" has no attribute "deleter"  [attr-defined]
(AwesomeTTS)awesometts-anki-addon/awesometts/text.py:176: error: "Callable[[Sanitizer, Any, Any], Any]" has no attribute "ankier"  [attr-defined]
(AwesomeTTS)awesometts-anki-addon/awesometts/text.py:196: error: "Callable[[Sanitizer, Any, Any], Any]" has no attribute "wrapper"  [attr-defined]
(AwesomeTTS)awesometts-anki-addon/awesometts/text.py:202: error: "Callable[[Sanitizer, Any, Any], Any]" has no attribute "ankier"  [attr-defined]
(AwesomeTTS)awesometts-anki-addon/awesometts/text.py:235: error: "Callable[[Sanitizer, Any, Any, Any], Any]" has no attribute "wrapper"  [attr-defined]
(AwesomeTTS)awesometts-anki-addon/awesometts/text.py:238: error: "Callable[[Sanitizer, Any, Any, Any], Any]" has no attribute "spacer"  [attr-defined]
Found 35 errors in 23 files (checked 39 source files)

[RRepo](chaostoolkit)chaostoolkit
(chaostoolkit)chaostoolkit/setup.py:11: error: Missing return statement  [return]
(chaostoolkit)chaostoolkit/chaostoolkit/check.py:7: error: Module 'chaostoolkit' has no attribute '__version__'  [attr-defined]

[RRepo](maateen)battery-monitor
Success: no issues found in 7 source files

[RRepo](mikeshardmind)SinbadCogs
(mikeshardmind)SinbadCogs/embedmaker/__init__.py:1: error: Module 'embedmaker' has no attribute 'embedmaker'  [attr-defined]
(mikeshardmind)SinbadCogs/filter/filter.py:31: error: Need type annotation for 'default_channel_settings'  [var-annotated]
(mikeshardmind)SinbadCogs/embedmaker/yaml_parse.py:19: error: Need type annotation for 'ret'  [var-annotated]
(mikeshardmind)SinbadCogs/embedmaker/yaml_parse.py:55: error: Unsupported target for indexed assignment  [index]
(mikeshardmind)SinbadCogs/scheduler/message.py:84: error: Need type annotation for 'mentions' (hint: "mentions: List[<type>] = ...")  [var-annotated]
(mikeshardmind)SinbadCogs/scheduler/message.py:87: error: Need type annotation for 'channel_mentions' (hint: "channel_mentions: List[<type>] = ...")  [var-annotated]
(mikeshardmind)SinbadCogs/scheduler/message.py:92: error: Need type annotation for 'role_mentions' (hint: "role_mentions: List[<type>] = ...")  [var-annotated]
(mikeshardmind)SinbadCogs/roomtools/tempchannels.py:139: error: No overload variant of "update" of "dict" matches argument type "int"  [call-overload]
(mikeshardmind)SinbadCogs/roomtools/tempchannels.py:139: note: Possible overload variant:
(mikeshardmind)SinbadCogs/roomtools/tempchannels.py:139: note:     def update(self, **kwargs: Dict[Any, Any]) -> None
(mikeshardmind)SinbadCogs/roomtools/tempchannels.py:139: note:     <2 more non-matching overloads not shown>
(mikeshardmind)SinbadCogs/sinbad_libs/tools.py:16: error: Unexpected keyword argument "name" for "__init_subclass__" of "object"  [call-arg]
(mikeshardmind)SinbadCogs/roomtools/__init__.py:12: error: Unsupported dynamic base class "type"  [misc]
Found 10 errors in 7 files (checked 32 source files)

[RRepo](mosquito)aio-pika
(mosquito)aio-pika/aio_pika/robust_queue.py:44: error: Need type annotation for '_consumers' (hint: "_consumers: Dict[<type>, <type>] = ...")  [var-annotated]
(mosquito)aio-pika/aio_pika/robust_queue.py:45: error: Need type annotation for '_bindings' (hint: "_bindings: Dict[<type>, <type>] = ...")  [var-annotated]
(mosquito)aio-pika/aio_pika/robust_channel.py:47: error: Need type annotation for '_exchanges' (hint: "_exchanges: Dict[<type>, <type>] = ...")  [var-annotated]
(mosquito)aio-pika/aio_pika/robust_channel.py:48: error: Need type annotation for '_queues' (hint: "_queues: Dict[<type>, <type>] = ...")  [var-annotated]
(mosquito)aio-pika/aio_pika/robust_exchange.py:34: error: Need type annotation for '_bindings' (hint: "_bindings: Dict[<type>, <type>] = ...")  [var-annotated]
(mosquito)aio-pika/aio_pika/pool.py:30: error: Need type annotation for '__items'  [var-annotated]
(mosquito)aio-pika/aio_pika/pool.py:78: error: Incompatible return value type (got "None", expected "T")  [return-value]
(mosquito)aio-pika/tests/__init__.py:13: error: Module 'aio_pika' has no attribute 'Connection'  [attr-defined]
(mosquito)aio-pika/tests/__init__.py:13: error: Module 'aio_pika' has no attribute 'connect'  [attr-defined]
(mosquito)aio-pika/tests/__init__.py:13: error: Module 'aio_pika' has no attribute 'Channel'  [attr-defined]
(mosquito)aio-pika/tests/__init__.py:13: error: Module 'aio_pika' has no attribute 'Queue'  [attr-defined]
(mosquito)aio-pika/tests/__init__.py:13: error: Module 'aio_pika' has no attribute 'Exchange'  [attr-defined]
(mosquito)aio-pika/tests/test_connect.py:5: error: Module 'aio_pika' has no attribute 'connect'  [attr-defined]
(mosquito)aio-pika/docs/source/rabbitmq-tutorial/examples/3-publish-subscribe/receive_logs.py:2: error: Module 'aio_pika' has no attribute 'connect'  [attr-defined]
(mosquito)aio-pika/docs/source/rabbitmq-tutorial/examples/3-publish-subscribe/receive_logs.py:2: error: Module 'aio_pika' has no attribute 'IncomingMessage'  [attr-defined]
(mosquito)aio-pika/docs/source/rabbitmq-tutorial/examples/3-publish-subscribe/receive_logs.py:2: error: Module 'aio_pika' has no attribute 'ExchangeType'  [attr-defined]
(mosquito)aio-pika/docs/source/rabbitmq-tutorial/examples/3-publish-subscribe/emit_log.py:3: error: Module 'aio_pika' has no attribute 'connect'  [attr-defined]
(mosquito)aio-pika/docs/source/rabbitmq-tutorial/examples/3-publish-subscribe/emit_log.py:3: error: Module 'aio_pika' has no attribute 'Message'  [attr-defined]
(mosquito)aio-pika/docs/source/rabbitmq-tutorial/examples/3-publish-subscribe/emit_log.py:3: error: Module 'aio_pika' has no attribute 'DeliveryMode'  [attr-defined]
(mosquito)aio-pika/docs/source/rabbitmq-tutorial/examples/3-publish-subscribe/emit_log.py:3: error: Module 'aio_pika' has no attribute 'ExchangeType'  [attr-defined]
(mosquito)aio-pika/docs/source/rabbitmq-tutorial/examples/6-rpc/rpc_server.py:3: error: Module 'aio_pika' has no attribute 'connect'  [attr-defined]
(mosquito)aio-pika/docs/source/rabbitmq-tutorial/examples/6-rpc/rpc_server.py:3: error: Module 'aio_pika' has no attribute 'IncomingMessage'  [attr-defined]
(mosquito)aio-pika/docs/source/rabbitmq-tutorial/examples/6-rpc/rpc_server.py:3: error: Module 'aio_pika' has no attribute 'Exchange'  [attr-defined]
(mosquito)aio-pika/docs/source/rabbitmq-tutorial/examples/6-rpc/rpc_server.py:3: error: Module 'aio_pika' has no attribute 'Message'  [attr-defined]
(mosquito)aio-pika/docs/source/rabbitmq-tutorial/examples/6-rpc/rpc_client.py:3: error: Module 'aio_pika' has no attribute 'connect'  [attr-defined]
(mosquito)aio-pika/docs/source/rabbitmq-tutorial/examples/6-rpc/rpc_client.py:3: error: Module 'aio_pika' has no attribute 'IncomingMessage'  [attr-defined]
(mosquito)aio-pika/docs/source/rabbitmq-tutorial/examples/6-rpc/rpc_client.py:3: error: Module 'aio_pika' has no attribute 'Message'  [attr-defined]
(mosquito)aio-pika/docs/source/rabbitmq-tutorial/examples/5-topics/emit_log_topic.py:3: error: Module 'aio_pika' has no attribute 'connect'  [attr-defined]
(mosquito)aio-pika/docs/source/rabbitmq-tutorial/examples/5-topics/emit_log_topic.py:3: error: Module 'aio_pika' has no attribute 'Message'  [attr-defined]
(mosquito)aio-pika/docs/source/rabbitmq-tutorial/examples/5-topics/emit_log_topic.py:3: error: Module 'aio_pika' has no attribute 'DeliveryMode'  [attr-defined]
(mosquito)aio-pika/docs/source/rabbitmq-tutorial/examples/5-topics/emit_log_topic.py:3: error: Module 'aio_pika' has no attribute 'ExchangeType'  [attr-defined]
(mosquito)aio-pika/docs/source/rabbitmq-tutorial/examples/5-topics/receive_logs_topic.py:3: error: Module 'aio_pika' has no attribute 'connect'  [attr-defined]
(mosquito)aio-pika/docs/source/rabbitmq-tutorial/examples/5-topics/receive_logs_topic.py:3: error: Module 'aio_pika' has no attribute 'IncomingMessage'  [attr-defined]
(mosquito)aio-pika/docs/source/rabbitmq-tutorial/examples/5-topics/receive_logs_topic.py:3: error: Module 'aio_pika' has no attribute 'ExchangeType'  [attr-defined]
(mosquito)aio-pika/docs/source/rabbitmq-tutorial/examples/2-work-queues/new_task.py:3: error: Module 'aio_pika' has no attribute 'connect'  [attr-defined]
(mosquito)aio-pika/docs/source/rabbitmq-tutorial/examples/2-work-queues/new_task.py:3: error: Module 'aio_pika' has no attribute 'Message'  [attr-defined]
(mosquito)aio-pika/docs/source/rabbitmq-tutorial/examples/2-work-queues/new_task.py:3: error: Module 'aio_pika' has no attribute 'DeliveryMode'  [attr-defined]
(mosquito)aio-pika/docs/source/rabbitmq-tutorial/examples/4-routing/emit_log_direct.py:3: error: Module 'aio_pika' has no attribute 'connect'  [attr-defined]
(mosquito)aio-pika/docs/source/rabbitmq-tutorial/examples/4-routing/emit_log_direct.py:3: error: Module 'aio_pika' has no attribute 'Message'  [attr-defined]
(mosquito)aio-pika/docs/source/rabbitmq-tutorial/examples/4-routing/emit_log_direct.py:3: error: Module 'aio_pika' has no attribute 'DeliveryMode'  [attr-defined]
(mosquito)aio-pika/docs/source/rabbitmq-tutorial/examples/4-routing/emit_log_direct.py:3: error: Module 'aio_pika' has no attribute 'ExchangeType'  [attr-defined]
(mosquito)aio-pika/docs/source/rabbitmq-tutorial/examples/4-routing/receive_logs_direct.py:3: error: Module 'aio_pika' has no attribute 'connect'  [attr-defined]
(mosquito)aio-pika/docs/source/rabbitmq-tutorial/examples/4-routing/receive_logs_direct.py:3: error: Module 'aio_pika' has no attribute 'IncomingMessage'  [attr-defined]
(mosquito)aio-pika/docs/source/rabbitmq-tutorial/examples/4-routing/receive_logs_direct.py:3: error: Module 'aio_pika' has no attribute 'ExchangeType'  [attr-defined]
(mosquito)aio-pika/docs/source/rabbitmq-tutorial/examples/1-introduction/receive.py:2: error: Module 'aio_pika' has no attribute 'connect'  [attr-defined]
(mosquito)aio-pika/docs/source/rabbitmq-tutorial/examples/1-introduction/receive.py:2: error: Module 'aio_pika' has no attribute 'IncomingMessage'  [attr-defined]
(mosquito)aio-pika/docs/source/rabbitmq-tutorial/examples/1-introduction/send.py:2: error: Module 'aio_pika' has no attribute 'connect'  [attr-defined]
(mosquito)aio-pika/docs/source/rabbitmq-tutorial/examples/1-introduction/send.py:2: error: Module 'aio_pika' has no attribute 'Message'  [attr-defined]
(mosquito)aio-pika/docs/source/examples/rpc-callee.py:2: error: Module 'aio_pika' has no attribute 'connect_robust'  [attr-defined]
(mosquito)aio-pika/docs/source/examples/rpc-callee.py:3: error: Module 'aio_pika.patterns' has no attribute 'RPC'  [attr-defined]
(mosquito)aio-pika/docs/source/examples/main.py:2: error: Module 'aio_pika' has no attribute 'connect_robust'  [attr-defined]
(mosquito)aio-pika/docs/source/examples/main.py:2: error: Module 'aio_pika' has no attribute 'Message'  [attr-defined]
(mosquito)aio-pika/docs/source/examples/worker.py:2: error: Module 'aio_pika' has no attribute 'connect_robust'  [attr-defined]
(mosquito)aio-pika/docs/source/examples/worker.py:3: error: Module 'aio_pika.patterns' has no attribute 'Master'  [attr-defined]
(mosquito)aio-pika/docs/source/examples/worker.py:3: error: Module 'aio_pika.patterns' has no attribute 'RejectMessage'  [attr-defined]
(mosquito)aio-pika/docs/source/examples/worker.py:3: error: Module 'aio_pika.patterns' has no attribute 'NackMessage'  [attr-defined]
(mosquito)aio-pika/docs/source/examples/simple_async_consumer.py:5: error: Name 'aio_pika.IncomingMessage' is not defined  [name-defined]
(mosquito)aio-pika/docs/source/examples/rpc-caller.py:2: error: Module 'aio_pika' has no attribute 'connect_robust'  [attr-defined]
(mosquito)aio-pika/docs/source/examples/rpc-caller.py:3: error: Module 'aio_pika.patterns' has no attribute 'RPC'  [attr-defined]
(mosquito)aio-pika/aio_pika/connection.py:14: error: Module 'yarl' has no attribute 'DEFAULT_PORTS'  [attr-defined]
(mosquito)aio-pika/aio_pika/connection.py:118: error: Attribute 'connection' already defined on line 54  [no-redef]
(mosquito)aio-pika/aio_pika/connection.py:120: error: Argument "timeout" to "wait_for" has incompatible type "Optional[TimeoutError]"; expected "Optional[float]"  [arg-type]
(mosquito)aio-pika/aio_pika/connection.py:289: error: Incompatible types in assignment (expression has type "URL", variable has type "Optional[str]")  [assignment]
(mosquito)aio-pika/aio_pika/channel.py:55: error: Need type annotation for '_return_callbacks' (hint: "_return_callbacks: Set[<type>] = ...")  [var-annotated]
(mosquito)aio-pika/aio_pika/channel.py:57: error: Need type annotation for '_done_callbacks' (hint: "_done_callbacks: Set[<type>] = ...")  [var-annotated]

[RRepo](przemyslawjanpietrzak)pyMonet
Success: no issues found in 29 source files

[RRepo](gsuitedevs)hangouts-chat-samples
(gsuitedevs)hangouts-chat-samples/python/auth-bot/auth.py:63: error: Variable "auth.Credentials" is not valid as a type  [valid-type]
(gsuitedevs)hangouts-chat-samples/python/auth-bot/auth.py:79: error: Variable "auth.Credentials" is not valid as a type  [valid-type]
(gsuitedevs)hangouts-chat-samples/python/auth-bot/auth.py:90: error: Credentials? has no attribute "token"  [attr-defined]
(gsuitedevs)hangouts-chat-samples/python/auth-bot/auth.py:91: error: Credentials? has no attribute "refresh_token"  [attr-defined]
(gsuitedevs)hangouts-chat-samples/python/auth-bot/auth.py:92: error: Credentials? has no attribute "token_uri"  [attr-defined]
(gsuitedevs)hangouts-chat-samples/python/auth-bot/auth.py:93: error: Credentials? has no attribute "client_id"  [attr-defined]
(gsuitedevs)hangouts-chat-samples/python/auth-bot/auth.py:94: error: Credentials? has no attribute "client_secret"  [attr-defined]
(gsuitedevs)hangouts-chat-samples/python/auth-bot/auth.py:95: error: Credentials? has no attribute "scopes"  [attr-defined]
(gsuitedevs)hangouts-chat-samples/python/auth-bot/auth.py:127: error: Incompatible return value type (got "bytes", expected "str")  [return-value]
(gsuitedevs)hangouts-chat-samples/python/auth-bot/bot.py:21: error: Cannot assign to a method  [assignment]
(gsuitedevs)hangouts-chat-samples/python/auth-bot/bot.py:80: error: Variable "bot.Credentials" is not valid as a type  [valid-type]
(gsuitedevs)hangouts-chat-samples/python/auth-bot/bot.py:133: error: Dict entry 0 has incompatible type "str": "List[Dict[str, List[Dict[str, Dict[str, Any]]]]]"; expected "str": "Dict[str, Any]"  [dict-item]
Found 12 errors in 2 files (checked 9 source files)

[RRepo](cjdrake)boolexpr
Success: no issues found in 2 source files

[RRepo](ivandardi)RustbotPython
Success: no issues found in 4 source files

[RRepo](joelowj)Udacity-Projects
(joelowj)Udacity-Projects/Udacity-Artificial-Intelligence-Nanodegree/Project-1/PySudoku.py:65: error: Name 'main' is not defined  [name-defined]
Found 1 error in 1 file (checked 10 source files)

