[RRepo](gleb812)pch2csd
(gleb812)pch2csd/pch2csd/app.py:8: error: No parent module -- cannot perform relative import  [misc]
Found 1 error in 1 file (checked 12 source files)

[RRepo](Leixb)jutge_cli
(Leixb)jutge_cli/jutge_cli/commands/import_zip.py:36: error: Name 'Boolean' is not defined  [name-defined]
(Leixb)jutge_cli/jutge_cli/commands/import_zip.py:37: error: Name 'Boolean' is not defined  [name-defined]
(Leixb)jutge_cli/jutge_cli/commands/import_zip.py:53: error: "str" has no attribute "name"  [attr-defined]
(Leixb)jutge_cli/jutge_cli/commands/import_zip.py:105: error: Argument 1 to "symlink" has incompatible type "List[str]"; expected "Union[bytes, str, _PathLike[Any]]"  [arg-type]
(Leixb)jutge_cli/jutge_cli/commands/new.py:43: error: Name 'Boolean' is not defined  [name-defined]
(Leixb)jutge_cli/jutge_cli/commands/new.py:56: error: Name 'Boolean' is not defined  [name-defined]
(Leixb)jutge_cli/jutge_cli/commands/new.py:57: error: Name 'Boolean' is not defined  [name-defined]
(Leixb)jutge_cli/jutge_cli/commands/new.py:80: error: Name 'Boolean' is not defined  [name-defined]
(Leixb)jutge_cli/jutge_cli/commands/add_test.py:32: error: Name 'Boolean' is not defined  [name-defined]
(Leixb)jutge_cli/jutge_cli/commands/add_test.py:68: error: Item "None" of "Optional[Match[str]]" has no attribute "group"  [union-attr]
(Leixb)jutge_cli/jutge_cli/commands/archive.py:31: error: Invalid type comment or annotation  [valid-type]
(Leixb)jutge_cli/jutge_cli/commands/archive.py:32: error: Name 'Boolean' is not defined  [name-defined]
(Leixb)jutge_cli/jutge_cli/commands/archive.py:33: error: Name 'Boolean' is not defined  [name-defined]
(Leixb)jutge_cli/jutge_cli/commands/show.py:54: error: Incompatible return value type (got "None", expected "str")  [return-value]
(Leixb)jutge_cli/jutge_cli/commands/test.py:42: error: Name 'Boolean' is not defined  [name-defined]
(Leixb)jutge_cli/jutge_cli/commands/test.py:43: error: Name 'Boolean' is not defined  [name-defined]
(Leixb)jutge_cli/jutge_cli/commands/test.py:45: error: Name 'Boolean' is not defined  [name-defined]
(Leixb)jutge_cli/jutge_cli/commands/test.py:128: error: Incompatible types in assignment (expression has type "List[str]", variable has type "str")  [assignment]
(Leixb)jutge_cli/jutge_cli/commands/test.py:144: error: Incompatible types in assignment (expression has type "List[str]", variable has type "str")  [assignment]
(Leixb)jutge_cli/jutge_cli/commands/test.py:182: error: Argument 2 to "print_color" has incompatible type "str"; expected "Optional[List[Any]]"  [arg-type]
(Leixb)jutge_cli/jutge_cli/commands/defaults.py:45: error: Need type annotation for 'param'  [var-annotated]
(Leixb)jutge_cli/jutge_cli/commands/cookie.py:36: error: Name 'Boolean' is not defined  [name-defined]
(Leixb)jutge_cli/jutge_cli/commands/cookie.py:37: error: Name 'Boolean' is not defined  [name-defined]
(Leixb)jutge_cli/jutge_cli/commands/cookie.py:59: error: Name 'Boolean' is not defined  [name-defined]
(Leixb)jutge_cli/jutge_cli/commands/cookie.py:60: error: Name 'Boolean' is not defined  [name-defined]
(Leixb)jutge_cli/jutge_cli/commands/cookie.py:116: error: Incompatible return value type (got "None", expected "str")  [return-value]
(Leixb)jutge_cli/jutge_cli/commands/cookie.py:120: error: Incompatible return value type (got "None", expected "str")  [return-value]
(Leixb)jutge_cli/jutge_cli/commands/cookie.py:148: error: Incompatible return value type (got "None", expected "str")  [return-value]
(Leixb)jutge_cli/jutge_cli/commands/get_code.py:39: error: Name 'Boolean' is not defined  [name-defined]
(Leixb)jutge_cli/jutge_cli/commands/get_code.py:63: error: Incompatible return value type (got "None", expected "str")  [return-value]
(Leixb)jutge_cli/jutge_cli/commands/get_code.py:78: error: Incompatible return value type (got "None", expected "str")  [return-value]
(Leixb)jutge_cli/jutge_cli/commands/get_code.py:82: error: Incompatible return value type (got "None", expected "str")  [return-value]
(Leixb)jutge_cli/jutge_cli/commands/get_code.py:99: error: Item "None" of "Optional[Match[str]]" has no attribute "group"  [union-attr]
(Leixb)jutge_cli/jutge_cli/commands/get_code.py:101: error: Incompatible return value type (got "None", expected "str")  [return-value]
(Leixb)jutge_cli/jutge_cli/commands/get_code.py:106: error: Name 'Boolean' is not defined  [name-defined]
(Leixb)jutge_cli/jutge_cli/commands/get_code.py:135: error: "None" has no attribute "name"  [attr-defined]
(Leixb)jutge_cli/jutge_cli/commands/get_code.py:137: error: Incompatible types in assignment (expression has type "None", variable has type "str")  [assignment]
(Leixb)jutge_cli/jutge_cli/commands/download.py:38: error: Name 'Boolean' is not defined  [name-defined]
(Leixb)jutge_cli/jutge_cli/commands/login.py:33: error: Name 'Boolean' is not defined  [name-defined]
(Leixb)jutge_cli/jutge_cli/commands/login.py:34: error: Name 'Boolean' is not defined  [name-defined]
(Leixb)jutge_cli/jutge_cli/commands/check_submissions.py:38: error: Name 'Boolean' is not defined  [name-defined]
(Leixb)jutge_cli/jutge_cli/commands/check_submissions.py:39: error: Name 'Boolean' is not defined  [name-defined]
(Leixb)jutge_cli/jutge_cli/commands/check_submissions.py:95: error: Incompatible return value type (got "None", expected "str")  [return-value]
(Leixb)jutge_cli/jutge_cli/commands/check_submissions.py:160: error: Incompatible return value type (got "Optional[Dict[str, Any]]", expected "Dict[Any, Any]")  [return-value]
(Leixb)jutge_cli/jutge_cli/commands/upload.py:39: error: Name 'Boolean' is not defined  [name-defined]
(Leixb)jutge_cli/jutge_cli/commands/upload.py:40: error: Name 'Boolean' is not defined  [name-defined]
(Leixb)jutge_cli/jutge_cli/commands/upload.py:41: error: Name 'Boolean' is not defined  [name-defined]
(Leixb)jutge_cli/jutge_cli/commands/upload.py:59: error: Invalid index type "str" for "str"; expected type "Union[int, slice]"  [index]
(Leixb)jutge_cli/jutge_cli/commands/upload.py:64: error: Argument "code" to "upload_problem" has incompatible type "Optional[str]"; expected "str"  [arg-type]
(Leixb)jutge_cli/jutge_cli/commands/upload.py:69: error: Need type annotation for 'submit_queue' (hint: "submit_queue: List[<type>] = ...")  [var-annotated]
(Leixb)jutge_cli/jutge_cli/commands/upload.py:116: error: Name 'Boolean' is not defined  [name-defined]
(Leixb)jutge_cli/jutge_cli/commands/upload.py:117: error: Name 'Boolean' is not defined  [name-defined]
Found 52 errors in 13 files (checked 14 source files)

[RRepo](vixcess)falcon-sqlalchemy
(vixcess)falcon-sqlalchemy/falcon_sqlalchemy/resource.py:8: error: No parent module -- cannot perform relative import  [misc]
Found 1 error in 1 file (checked 4 source files)

[RRepo](gomjellie)SoongSiri
(gomjellie)SoongSiri/app/managers.py:20: error: Name 'FoodMessage' is not defined  [name-defined]
(gomjellie)SoongSiri/app/managers.py:21: error: Name 'TimeTableMessage' is not defined  [name-defined]
(gomjellie)SoongSiri/app/managers.py:22: error: Name 'PupilFoodMessage' is not defined  [name-defined]
(gomjellie)SoongSiri/app/managers.py:23: error: Name 'FacultyFoodMessage' is not defined  [name-defined]
(gomjellie)SoongSiri/app/managers.py:24: error: Name 'DormFoodMessage' is not defined  [name-defined]
(gomjellie)SoongSiri/app/managers.py:25: error: Name 'FoodCourtMessage' is not defined  [name-defined]
(gomjellie)SoongSiri/app/managers.py:26: error: Name 'SnackCornerMessage' is not defined  [name-defined]
(gomjellie)SoongSiri/app/managers.py:27: error: Name 'TheKitchenMessage' is not defined  [name-defined]
(gomjellie)SoongSiri/app/managers.py:28: error: Name 'BusMessage' is not defined  [name-defined]
(gomjellie)SoongSiri/app/managers.py:29: error: Name 'BusFrontMessage' is not defined  [name-defined]
(gomjellie)SoongSiri/app/managers.py:30: error: Name 'BusBeraMessage' is not defined  [name-defined]
(gomjellie)SoongSiri/app/managers.py:31: error: Name 'BusMiddleMessage' is not defined  [name-defined]
(gomjellie)SoongSiri/app/managers.py:32: error: Name 'SubMessage' is not defined  [name-defined]
(gomjellie)SoongSiri/app/managers.py:33: error: Name 'LibMessage' is not defined  [name-defined]
(gomjellie)SoongSiri/app/managers.py:39: error: Name 'TomorrowFoodMessage' is not defined  [name-defined]
(gomjellie)SoongSiri/app/managers.py:42: error: Name 'TomorrowPupilFoodMessage' is not defined  [name-defined]
(gomjellie)SoongSiri/app/managers.py:43: error: Name 'TomorrowFacultyFoodMessage' is not defined  [name-defined]
(gomjellie)SoongSiri/app/managers.py:44: error: Name 'TomorrowDormFoodMessage' is not defined  [name-defined]
(gomjellie)SoongSiri/app/managers.py:45: error: Name 'TomorrowFoodCourtMessage' is not defined  [name-defined]
(gomjellie)SoongSiri/app/managers.py:46: error: Name 'TomorrowSnackCornerMessage' is not defined  [name-defined]
(gomjellie)SoongSiri/app/managers.py:47: error: Name 'TomorrowTheKitchenMessage' is not defined  [name-defined]
(gomjellie)SoongSiri/app/managers.py:61: error: Name 'ReviewInitMessage' is not defined  [name-defined]
(gomjellie)SoongSiri/app/managers.py:64: error: Name 'ReviewBrowseMessage' is not defined  [name-defined]
(gomjellie)SoongSiri/app/managers.py:65: error: Name 'ReviewPostMessage' is not defined  [name-defined]
(gomjellie)SoongSiri/app/managers.py:66: error: Name 'OnGoingMessage' is not defined  [name-defined]
(gomjellie)SoongSiri/app/managers.py:70: error: Name 'OnGoingMessage' is not defined  [name-defined]
(gomjellie)SoongSiri/app/managers.py:197: error: Argument 1 to "verify_session" has incompatible type "Callable[[SessionManager, Any], Any]"; expected "SessionManager"  [arg-type]
(gomjellie)SoongSiri/app/managers.py:201: error: Argument 1 to "verify_session" has incompatible type "Callable[[SessionManager, Any, Any], Any]"; expected "SessionManager"  [arg-type]
(gomjellie)SoongSiri/app/managers.py:209: error: Argument 1 to "verify_session" has incompatible type "Callable[[SessionManager, Any], Any]"; expected "SessionManager"  [arg-type]
(gomjellie)SoongSiri/app/managers.py:215: error: Argument 1 to "verify_session" has incompatible type "Callable[[SessionManager, Any, Any], Any]"; expected "SessionManager"  [arg-type]
(gomjellie)SoongSiri/app/managers.py:221: error: Argument 1 to "verify_session" has incompatible type "Callable[[SessionManager, Any], Any]"; expected "SessionManager"  [arg-type]
(gomjellie)SoongSiri/app/managers.py:227: error: Argument 1 to "verify_session" has incompatible type "Callable[[SessionManager, Any], Any]"; expected "SessionManager"  [arg-type]
Found 32 errors in 1 file (checked 10 source files)

[RRepo](stasfilin)fastread
(stasfilin)fastread/fastread/core.py:16: error: Incompatible types in assignment (expression has type "List[str]", variable has type "str")  [assignment]
(stasfilin)fastread/tests/test_fastread_class.py:3: error: Module 'fastread' has no attribute 'Fastread'  [attr-defined]
(stasfilin)fastread/examples/lines_example.py:3: error: Module 'fastread' has no attribute 'Fastread'  [attr-defined]
(stasfilin)fastread/setup.py:6: error: Module 'fastread' has no attribute '__version__'  [attr-defined]
(stasfilin)fastread/setup.py:13: error: Need type annotation for 'user_options' (hint: "user_options: List[<type>] = ...")  [var-annotated]
Found 5 errors in 4 files (checked 4 source files)

[RRepo](peterhinch)micropython-tft-gui
(peterhinch)micropython-tft-gui/touch_bytecode.py:42: error: Name 'const' is not defined  [name-defined]
(peterhinch)micropython-tft-gui/touch_bytecode.py:43: error: Name 'const' is not defined  [name-defined]
(peterhinch)micropython-tft-gui/touch_bytecode.py:44: error: Name 'const' is not defined  [name-defined]
(peterhinch)micropython-tft-gui/touch_bytecode.py:45: error: Name 'const' is not defined  [name-defined]
(peterhinch)micropython-tft-gui/touch_bytecode.py:49: error: Name 'const' is not defined  [name-defined]
(peterhinch)micropython-tft-gui/touch_bytecode.py:50: error: Name 'const' is not defined  [name-defined]
(peterhinch)micropython-tft-gui/touch_bytecode.py:51: error: Name 'const' is not defined  [name-defined]
(peterhinch)micropython-tft-gui/touch_bytecode.py:52: error: Name 'const' is not defined  [name-defined]
(peterhinch)micropython-tft-gui/touch_bytecode.py:54: error: Name 'const' is not defined  [name-defined]
(peterhinch)micropython-tft-gui/touch_bytecode.py:55: error: Name 'const' is not defined  [name-defined]
(peterhinch)micropython-tft-gui/touch.py:43: error: Name 'const' is not defined  [name-defined]
(peterhinch)micropython-tft-gui/touch.py:44: error: Name 'const' is not defined  [name-defined]
(peterhinch)micropython-tft-gui/touch.py:45: error: Name 'const' is not defined  [name-defined]
(peterhinch)micropython-tft-gui/touch.py:46: error: Name 'const' is not defined  [name-defined]
(peterhinch)micropython-tft-gui/touch.py:50: error: Name 'const' is not defined  [name-defined]
(peterhinch)micropython-tft-gui/touch.py:51: error: Name 'const' is not defined  [name-defined]
(peterhinch)micropython-tft-gui/touch.py:52: error: Name 'const' is not defined  [name-defined]
(peterhinch)micropython-tft-gui/touch.py:53: error: Name 'const' is not defined  [name-defined]
(peterhinch)micropython-tft-gui/touch.py:55: error: Name 'const' is not defined  [name-defined]
(peterhinch)micropython-tft-gui/touch.py:56: error: Name 'const' is not defined  [name-defined]
(peterhinch)micropython-tft-gui/touch.py:243: error: Name 'micropython' is not defined  [name-defined]
(peterhinch)micropython-tft-gui/touch.py:245: error: Name 'ptr16' is not defined  [name-defined]
(peterhinch)micropython-tft-gui/touch.py:246: error: Name 'ptr16' is not defined  [name-defined]
(peterhinch)micropython-tft-gui/plot.py:52: error: Name 'YELLOW' is not defined  [name-defined]
(peterhinch)micropython-tft-gui/plot.py:123: error: Name 'YELLOW' is not defined  [name-defined]
(peterhinch)micropython-tft-gui/plot.py:166: error: Name 'WHITE' is not defined  [name-defined]
(peterhinch)micropython-tft-gui/plot.py:167: error: Name 'LIGHTGREEN' is not defined  [name-defined]
(peterhinch)micropython-tft-gui/plot.py:212: error: Name 'WHITE' is not defined  [name-defined]
(peterhinch)micropython-tft-gui/plot.py:213: error: Name 'LIGHTGREEN' is not defined  [name-defined]
(peterhinch)micropython-tft-gui/bmp_to_icon.py:39: error: Need type annotation for 'icon_table' (hint: "icon_table: List[<type>] = ...")  [var-annotated]
(peterhinch)micropython-tft-gui/asyn.py:12: error: Name 'asyncio' already defined (possibly by an import)  [no-redef]
Found 31 errors in 5 files (checked 21 source files)

[RRepo](bioconda)bioconda-utils
(bioconda)bioconda-utils/bioconda_utils/upload.py:8: error: No parent module -- cannot perform relative import  [misc]
Found 1 error in 1 file (checked 30 source files)

[RRepo](jiny2001)dcscn-super-resolution
(jiny2001)dcscn-super-resolution/helper/optimize_for_inference.py:62: error: Module 'google.protobuf' has no attribute 'text_format'  [attr-defined]
(jiny2001)dcscn-super-resolution/convert_y.py:16: error: Module 'helper' has no attribute 'utilty'  [attr-defined]
(jiny2001)dcscn-super-resolution/augmentation.py:18: error: Module 'helper' has no attribute 'utilty'  [attr-defined]
(jiny2001)dcscn-super-resolution/helper/tf_graph.py:14: error: Module 'helper' has no attribute 'utilty'  [attr-defined]
(jiny2001)dcscn-super-resolution/helper/loader.py:16: error: Module 'helper' has no attribute 'utilty'  [attr-defined]
(jiny2001)dcscn-super-resolution/train.py:17: error: Module 'helper' has no attribute 'utilty'  [attr-defined]
(jiny2001)dcscn-super-resolution/evaluate.py:35: error: Module 'helper' has no attribute 'utilty'  [attr-defined]
Found 7 errors in 7 files (checked 10 source files)

[RRepo](RasaHQ)rasa_nlu
(RasaHQ)rasa_nlu/rasa/utils/io.py:90: error: Cannot determine type of 'version'  [has-type]
(RasaHQ)rasa_nlu/rasa/utils/io.py:91: error: "YAML" has no attribute "unicode_supplementary"  [attr-defined]
(RasaHQ)rasa_nlu/rasa/utils/io.py:112: error: Module has no attribute "open"  [attr-defined]
(RasaHQ)rasa_nlu/tests/nlu/base/test_featurizers.py:295: error: Name 'test_count_vector_featurizer' already defined on line 173  [no-redef]
(RasaHQ)rasa_nlu/tests/nlu/example_component.py:17: error: Need type annotation for 'provides' (hint: "provides: List[<type>] = ...")  [var-annotated]
(RasaHQ)rasa_nlu/tests/nlu/example_component.py:23: error: Need type annotation for 'requires' (hint: "requires: List[<type>] = ...")  [var-annotated]
(RasaHQ)rasa_nlu/tests/nlu/example_component.py:29: error: Need type annotation for 'defaults' (hint: "defaults: Dict[<type>, <type>] = ...")  [var-annotated]
(RasaHQ)rasa_nlu/docs/core/conf.py:90: error: "None" has no attribute "split"  [attr-defined]
(RasaHQ)rasa_nlu/docs/core/conf.py:251: error: Need type annotation for 'latex_elements' (hint: "latex_elements: Dict[<type>, <type>] = ...")  [var-annotated]
(RasaHQ)rasa_nlu/rasa/core/channels/telegram.py:4: error: Module 'telegram' has no attribute 'Bot'  [attr-defined]
(RasaHQ)rasa_nlu/rasa/core/channels/telegram.py:4: error: Module 'telegram' has no attribute 'InlineKeyboardButton'; maybe "KeyboardButton"?  [attr-defined]
(RasaHQ)rasa_nlu/rasa/core/channels/telegram.py:4: error: Module 'telegram' has no attribute 'Update'  [attr-defined]
(RasaHQ)rasa_nlu/rasa/core/channels/telegram.py:4: error: Module 'telegram' has no attribute 'InlineKeyboardMarkup'; maybe "ReplyKeyboardMarkup"?  [attr-defined]
(RasaHQ)rasa_nlu/rasa/core/channels/telegram.py:4: error: Module 'telegram' has no attribute 'KeyboardButton'; maybe "InlineKeyboardButton"?  [attr-defined]
(RasaHQ)rasa_nlu/rasa/core/channels/telegram.py:4: error: Module 'telegram' has no attribute 'ReplyKeyboardMarkup'; maybe "InlineKeyboardMarkup"?  [attr-defined]
(RasaHQ)rasa_nlu/rasa/core/nlg/template.py:74: error: Argument 1 to "_template_variables" of "TemplatedNaturalLanguageGenerator" has incompatible type "Optional[Dict[str, Any]]"; expected "Dict[str, Any]"  [arg-type]
(RasaHQ)rasa_nlu/rasa/core/slots.py:84: error: Incompatible types in assignment (expression has type "str", base class "Slot" defined the type as "None")  [assignment]
(RasaHQ)rasa_nlu/rasa/core/slots.py:135: error: Incompatible types in assignment (expression has type "str", base class "Slot" defined the type as "None")  [assignment]
(RasaHQ)rasa_nlu/rasa/core/slots.py:152: error: Incompatible types in assignment (expression has type "str", base class "Slot" defined the type as "None")  [assignment]
(RasaHQ)rasa_nlu/rasa/core/slots.py:159: error: Incompatible types in assignment (expression has type "str", base class "Slot" defined the type as "None")  [assignment]
(RasaHQ)rasa_nlu/rasa/core/slots.py:173: error: Incompatible types in assignment (expression has type "str", base class "Slot" defined the type as "None")  [assignment]
(RasaHQ)rasa_nlu/rasa/core/slots.py:183: error: Incompatible types in assignment (expression has type "str", base class "Slot" defined the type as "None")  [assignment]
(RasaHQ)rasa_nlu/rasa/core/dispatcher.py:48: error: Need type annotation for 'latest_bot_messages' (hint: "latest_bot_messages: List[<type>] = ...")  [var-annotated]
(RasaHQ)rasa_nlu/rasa/nlu/classifiers/mitie_intent_classifier.py:98: error: Argument 1 to "join" has incompatible type "Optional[str]"; expected "Union[str, _PathLike[str]]"  [arg-type]
(RasaHQ)rasa_nlu/rasa/nlu/classifiers/sklearn_intent_classifier.py:178: error: Item "None" of "Optional[Any]" has no attribute "predict_proba"  [union-attr]
(RasaHQ)rasa_nlu/rasa/nlu/classifiers/sklearn_intent_classifier.py:206: error: Argument 1 to "join" has incompatible type "Optional[str]"; expected "Union[str, _PathLike[str]]"  [arg-type]
(RasaHQ)rasa_nlu/rasa/nlu/classifiers/sklearn_intent_classifier.py:206: error: Argument 2 to "join" has incompatible type "Optional[Any]"; expected "Union[str, _PathLike[str]]"  [arg-type]
(RasaHQ)rasa_nlu/rasa/nlu/training_data/formats/markdown.py:39: error: Need type annotation for 'training_examples' (hint: "training_examples: List[<type>] = ...")  [var-annotated]
(RasaHQ)rasa_nlu/rasa/nlu/training_data/formats/markdown.py:40: error: Need type annotation for 'entity_synonyms' (hint: "entity_synonyms: Dict[<type>, <type>] = ...")  [var-annotated]
(RasaHQ)rasa_nlu/rasa/nlu/training_data/formats/markdown.py:41: error: Need type annotation for 'regex_features' (hint: "regex_features: List[<type>] = ...")  [var-annotated]
(RasaHQ)rasa_nlu/rasa/nlu/training_data/formats/markdown.py:43: error: Need type annotation for 'lookup_tables' (hint: "lookup_tables: List[<type>] = ...")  [var-annotated]
(RasaHQ)rasa_nlu/rasa/nlu/training_data/formats/markdown.py:49: error: Cannot access "__init__" directly  [misc]
(RasaHQ)rasa_nlu/rasa/nlu/featurizers/ngram_featurizer.py:94: error: Argument 1 to "join" has incompatible type "Optional[str]"; expected "Union[str, _PathLike[str]]"  [arg-type]
(RasaHQ)rasa_nlu/rasa/nlu/featurizers/ngram_featurizer.py:94: error: Argument 2 to "join" has incompatible type "Optional[Any]"; expected "Union[str, _PathLike[str]]"  [arg-type]
(RasaHQ)rasa_nlu/rasa/nlu/featurizers/regex_featurizer.py:135: error: Argument 1 to "join" has incompatible type "Optional[str]"; expected "Union[str, _PathLike[str]]"  [arg-type]
(RasaHQ)rasa_nlu/rasa/nlu/featurizers/regex_featurizer.py:135: error: Argument 2 to "join" has incompatible type "Optional[Any]"; expected "Union[str, _PathLike[str]]"  [arg-type]
(RasaHQ)rasa_nlu/rasa/nlu/featurizers/count_vectors_featurizer.py:30: error: Need type annotation for 'requires' (hint: "requires: List[<type>] = ...")  [var-annotated]
(RasaHQ)rasa_nlu/rasa/nlu/featurizers/count_vectors_featurizer.py:32: error: Need type annotation for 'defaults'  [var-annotated]
(RasaHQ)rasa_nlu/rasa/nlu/featurizers/count_vectors_featurizer.py:290: error: Argument 2 to "join" has incompatible type "Optional[Any]"; expected "Union[str, _PathLike[str]]"  [arg-type]
(RasaHQ)rasa_nlu/rasa/nlu/featurizers/count_vectors_featurizer.py:295: error: Value of type variable "AnyStr" of "abspath" cannot be "Optional[str]"  [type-var]
(RasaHQ)rasa_nlu/rasa/nlu/utils/spacy_utils.py:84: error: "None" not callable  [misc]
(RasaHQ)rasa_nlu/rasa/nlu/utils/spacy_utils.py:86: error: "None" not callable  [misc]
(RasaHQ)rasa_nlu/rasa/nlu/extractors/entity_synonyms.py:72: error: Argument 1 to "join" has incompatible type "Optional[str]"; expected "Union[str, _PathLike[str]]"  [arg-type]
(RasaHQ)rasa_nlu/rasa/nlu/extractors/mitie_entity_extractor.py:146: error: Argument 1 to "join" has incompatible type "Optional[str]"; expected "Union[str, _PathLike[str]]"  [arg-type]
(RasaHQ)rasa_nlu/rasa/core/channels/facebook.py:30: error: Need type annotation for 'last_message' (hint: "last_message: Dict[<type>, <type>] = ...")  [var-annotated]
(RasaHQ)rasa_nlu/rasa/core/channels/facebook.py:39: error: Incompatible return value type (got "Optional[Any]", expected "bool")  [return-value]
(RasaHQ)rasa_nlu/rasa/core/channels/facebook.py:48: error: Incompatible return value type (got "Union[Any, None, bool]", expected "bool")  [return-value]
(RasaHQ)rasa_nlu/rasa/core/channels/socketio.py:5: error: Module 'socketio' has no attribute 'AsyncServer'  [attr-defined]
(RasaHQ)rasa_nlu/rasa/core/channels/socketio.py:64: error: "Sequence[str]" has no attribute "append"  [attr-defined]
(RasaHQ)rasa_nlu/rasa/cli/default_arguments.py:14: error: Argument 4 to "add_argument" of "_ActionsContainer" has incompatible type "**Dict[str, object]"; expected "Union[str, Type[Action]]"  [arg-type]
(RasaHQ)rasa_nlu/rasa/cli/default_arguments.py:14: error: Argument 4 to "add_argument" of "_ActionsContainer" has incompatible type "**Dict[str, object]"; expected "Union[int, str]"  [arg-type]
(RasaHQ)rasa_nlu/rasa/cli/default_arguments.py:14: error: Argument 4 to "add_argument" of "_ActionsContainer" has incompatible type "**Dict[str, object]"; expected "Union[Callable[[str], <nothing>], FileType]"  [arg-type]
(RasaHQ)rasa_nlu/rasa/cli/default_arguments.py:14: error: Argument 4 to "add_argument" of "_ActionsContainer" has incompatible type "**Dict[str, object]"; expected "Iterable[<nothing>]"  [arg-type]
(RasaHQ)rasa_nlu/rasa/cli/default_arguments.py:14: error: Argument 4 to "add_argument" of "_ActionsContainer" has incompatible type "**Dict[str, object]"; expected "bool"  [arg-type]
(RasaHQ)rasa_nlu/rasa/cli/default_arguments.py:14: error: Argument 4 to "add_argument" of "_ActionsContainer" has incompatible type "**Dict[str, object]"; expected "Optional[str]"  [arg-type]
(RasaHQ)rasa_nlu/rasa/cli/default_arguments.py:14: error: Argument 4 to "add_argument" of "_ActionsContainer" has incompatible type "**Dict[str, object]"; expected "Union[str, Tuple[str, ...], None]"  [arg-type]
(RasaHQ)rasa_nlu/rasa/cli/default_arguments.py:14: error: Argument 4 to "add_argument" of "_ActionsContainer" has incompatible type "**Dict[str, object]"; expected "str"  [arg-type]
(RasaHQ)rasa_nlu/rasa/cli/default_arguments.py:15: error: Argument 3 to "add_argument" of "_ActionsContainer" has incompatible type "**Dict[str, object]"; expected "Union[str, Type[Action]]"  [arg-type]
(RasaHQ)rasa_nlu/rasa/cli/default_arguments.py:15: error: Argument 3 to "add_argument" of "_ActionsContainer" has incompatible type "**Dict[str, object]"; expected "Union[Callable[[str], <nothing>], FileType]"  [arg-type]
(RasaHQ)rasa_nlu/rasa/cli/default_arguments.py:15: error: Argument 3 to "add_argument" of "_ActionsContainer" has incompatible type "**Dict[str, object]"; expected "Iterable[<nothing>]"  [arg-type]
(RasaHQ)rasa_nlu/rasa/cli/default_arguments.py:15: error: Argument 3 to "add_argument" of "_ActionsContainer" has incompatible type "**Dict[str, object]"; expected "bool"  [arg-type]
(RasaHQ)rasa_nlu/rasa/cli/default_arguments.py:15: error: Argument 3 to "add_argument" of "_ActionsContainer" has incompatible type "**Dict[str, object]"; expected "Optional[str]"  [arg-type]
(RasaHQ)rasa_nlu/rasa/cli/default_arguments.py:15: error: Argument 3 to "add_argument" of "_ActionsContainer" has incompatible type "**Dict[str, object]"; expected "Union[str, Tuple[str, ...], None]"  [arg-type]
(RasaHQ)rasa_nlu/rasa/cli/default_arguments.py:15: error: Argument 3 to "add_argument" of "_ActionsContainer" has incompatible type "**Dict[str, object]"; expected "str"  [arg-type]
(RasaHQ)rasa_nlu/rasa/nlu/tokenizers/jieba_tokenizer.py:90: error: Argument 1 to "join" has incompatible type "Optional[str]"; expected "Union[str, _PathLike[str]]"  [arg-type]
(RasaHQ)rasa_nlu/rasa/nlu/emulators/dialogflow.py:18: error: Need type annotation for 'entities'  [var-annotated]
(RasaHQ)rasa_nlu/rasa/nlu/server.py:37: error: Module has no attribute "__version__"  [attr-defined]
(RasaHQ)rasa_nlu/rasa/nlu/server.py:97: error: Too many arguments  [call-arg]
(RasaHQ)rasa_nlu/rasa/nlu/server.py:105: error: Too many arguments  [call-arg]
(RasaHQ)rasa_nlu/rasa/nlu/server.py:117: error: Too many arguments  [call-arg]
(RasaHQ)rasa_nlu/rasa/nlu/server.py:211: error: Name 'parse' already defined on line 201  [no-redef]
(RasaHQ)rasa_nlu/rasa/nlu/server.py:374: error: Incompatible return value type (got "Optional[str]", expected "str")  [return-value]
(RasaHQ)rasa_nlu/rasa/nlu/persistor.py:20: error: Argument 1 to "AWSPersistor" has incompatible type "Optional[str]"; expected "str"  [arg-type]
(RasaHQ)rasa_nlu/rasa/nlu/persistor.py:23: error: Argument 1 to "GCSPersistor" has incompatible type "Optional[str]"; expected "str"  [arg-type]
(RasaHQ)rasa_nlu/rasa/nlu/persistor.py:27: error: Argument 1 to "AzurePersistor" has incompatible type "Optional[str]"; expected "str"  [arg-type]
(RasaHQ)rasa_nlu/rasa/nlu/persistor.py:28: error: Argument 2 to "AzurePersistor" has incompatible type "Optional[str]"; expected "str"  [arg-type]
(RasaHQ)rasa_nlu/rasa/nlu/persistor.py:29: error: Argument 3 to "AzurePersistor" has incompatible type "Optional[str]"; expected "str"  [arg-type]
(RasaHQ)rasa_nlu/rasa/nlu/persistor.py:185: error: Return type "None" of "_retrieve_tar" incompatible with return type "str" in supertype "Persistor"  [override]
(RasaHQ)rasa_nlu/rasa/nlu/persistor.py:188: error: Module has no attribute "open"  [attr-defined]
(RasaHQ)rasa_nlu/rasa/nlu/persistor.py:251: error: Return type "None" of "_retrieve_tar" incompatible with return type "str" in supertype "Persistor"  [override]
(RasaHQ)rasa_nlu/rasa/nlu/persistor.py:318: error: Return type "None" of "_retrieve_tar" incompatible with return type "str" in supertype "Persistor"  [override]
(RasaHQ)rasa_nlu/rasa/run.py:58: error: Incompatible types in assignment (expression has type "Optional[str]", variable has type "str")  [assignment]
(RasaHQ)rasa_nlu/rasa/jupyter.py:56: error: Item "None" of "Optional[Any]" has no attribute "handle_text"  [union-attr]
(RasaHQ)rasa_nlu/rasa/__main__.py:7: error: Module 'rasa' has no attribute 'version'  [attr-defined]
(RasaHQ)rasa_nlu/examples/restaurantbot/bot.py:6: error: Module 'policy' has no attribute 'RestaurantPolicy'  [attr-defined]
(RasaHQ)rasa_nlu/rasa/core/channels/slack.py:267: error: Item "None" of "Optional[Any]" has no attribute "get"  [union-attr]
(RasaHQ)rasa_nlu/rasa/core/channels/channel.py:40: error: Incompatible types in assignment (expression has type "Optional[str]", variable has type "str")  [assignment]
(RasaHQ)rasa_nlu/rasa/core/channels/channel.py:73: error: "blueprint" of "InputChannel" does not return a value  [func-returns-value]
(RasaHQ)rasa_nlu/rasa/core/channels/channel.py:162: error: Argument 2 to "send_custom_message" of "OutputChannel" has incompatible type "Optional[Any]"; expected "Iterable[Dict[str, Any]]"  [arg-type]
(RasaHQ)rasa_nlu/rasa/core/channels/channel.py:166: error: Argument 2 to "send_quick_replies" of "OutputChannel" has incompatible type "Optional[Any]"; expected "str"  [arg-type]
(RasaHQ)rasa_nlu/rasa/core/channels/channel.py:166: error: Argument 3 to "send_quick_replies" of "OutputChannel" has incompatible type "Optional[Any]"; expected "List[Dict[str, Any]]"  [arg-type]
(RasaHQ)rasa_nlu/rasa/core/channels/channel.py:171: error: Argument 2 to "send_text_with_buttons" of "OutputChannel" has incompatible type "Optional[Any]"; expected "str"  [arg-type]
(RasaHQ)rasa_nlu/rasa/core/channels/channel.py:171: error: Argument 3 to "send_text_with_buttons" of "OutputChannel" has incompatible type "Optional[Any]"; expected "List[Dict[str, Any]]"  [arg-type]
(RasaHQ)rasa_nlu/rasa/core/channels/channel.py:174: error: Argument 2 to "send_text_message" of "OutputChannel" has incompatible type "Optional[Any]"; expected "str"  [arg-type]
(RasaHQ)rasa_nlu/rasa/core/channels/channel.py:178: error: Argument 2 to "send_image_url" of "OutputChannel" has incompatible type "Optional[Any]"; expected "str"  [arg-type]
(RasaHQ)rasa_nlu/rasa/core/channels/channel.py:181: error: Argument 2 to "send_attachment" of "OutputChannel" has incompatible type "Optional[Any]"; expected "str"  [arg-type]
(RasaHQ)rasa_nlu/rasa/core/channels/channel.py:312: error: "super" with a single argument not supported  [misc]
(RasaHQ)rasa_nlu/rasa/core/policies/keras_policy.py:25: error: Name 'pickle' already defined (possibly by an import)  [no-redef]
(RasaHQ)rasa_nlu/rasa/core/policies/keras_policy.py:75: error: Argument 1 to "update" of "dict" has incompatible type "Dict[str, Dict[str, Any]]"; expected "Mapping[str, Optional[float]]"  [arg-type]
(RasaHQ)rasa_nlu/rasa/core/policies/keras_policy.py:205: error: Incompatible types in assignment (expression has type "Optional[float]", variable has type "int")  [assignment]
(RasaHQ)rasa_nlu/rasa/core/policies/keras_policy.py:225: error: Item "None" of "Optional[Any]" has no attribute "as_default"  [union-attr]
(RasaHQ)rasa_nlu/rasa/core/policies/keras_policy.py:232: error: Item "None" of "Optional[Any]" has no attribute "fit"  [union-attr]
(RasaHQ)rasa_nlu/rasa/core/policies/keras_policy.py:243: error: Missing return statement  [return]
(RasaHQ)rasa_nlu/rasa/core/policies/keras_policy.py:250: error: Item "None" of "Optional[Any]" has no attribute "as_default"  [union-attr]
(RasaHQ)rasa_nlu/rasa/core/policies/keras_policy.py:251: error: Item "None" of "Optional[Any]" has no attribute "predict"  [union-attr]
(RasaHQ)rasa_nlu/rasa/core/policies/keras_policy.py:275: error: Item "None" of "Optional[Any]" has no attribute "as_default"  [union-attr]
(RasaHQ)rasa_nlu/rasa/core/policies/sklearn_policy.py:38: error: Invalid type comment or annotation  [valid-type]
(RasaHQ)rasa_nlu/rasa/core/policies/sklearn_policy.py:40: error: Invalid type comment or annotation  [valid-type]
(RasaHQ)rasa_nlu/rasa/core/policies/sklearn_policy.py:131: error: Too many arguments for "model_architecture"  [call-arg]
(RasaHQ)rasa_nlu/rasa/core/restore.py:99: error: Name 'Agent' is not defined  [name-defined]
(RasaHQ)rasa_nlu/rasa/core/restore.py:110: error: Need type annotation for 'actions_between_utterances' (hint: "actions_between_utterances: List[<type>] = ...")  [var-annotated]
(RasaHQ)rasa_nlu/rasa/core/broker.py:70: error: Return type "Optional[PikaProducer]" of "from_endpoint_config" incompatible with return type "EventChannel" in supertype "EventChannel"  [override]
(RasaHQ)rasa_nlu/rasa/core/broker.py:119: error: Return type "Optional[FileProducer]" of "from_endpoint_config" incompatible with return type "EventChannel" in supertype "EventChannel"  [override]
(RasaHQ)rasa_nlu/rasa/core/broker.py:179: error: Return type "Optional[KafkaProducer]" of "from_endpoint_config" incompatible with return type "EventChannel" in supertype "EventChannel"  [override]
(RasaHQ)rasa_nlu/rasa/cli/scaffold.py:40: error: Not all arguments converted during string formatting  [str-format]
(RasaHQ)rasa_nlu/rasa/cli/scaffold.py:73: error: Not all arguments converted during string formatting  [str-format]
(RasaHQ)rasa_nlu/rasa/model.py:41: error: Incompatible types in assignment (expression has type "Optional[str]", variable has type "str")  [assignment]
(RasaHQ)rasa_nlu/rasa/model.py:98: error: Argument 1 to "write" of "IO" has incompatible type "Union[str, Dict[str, Any]]"; expected "str"  [arg-type]
(RasaHQ)rasa_nlu/rasa/model.py:217: error: Argument 1 to "_get_hashes_for_paths" has incompatible type "Optional[str]"; expected "str"  [arg-type]
(RasaHQ)rasa_nlu/rasa/model.py:218: error: Argument 1 to "_get_hashes_for_paths" has incompatible type "Optional[str]"; expected "str"  [arg-type]
(RasaHQ)rasa_nlu/rasa/model.py:219: error: Argument 1 to "_get_hashes_for_paths" has incompatible type "Optional[str]"; expected "str"  [arg-type]
(RasaHQ)rasa_nlu/rasa/model.py:220: error: Dict entry 4 has incompatible type "str": "float"; expected "str": "Union[str, List[str]]"  [dict-item]
(RasaHQ)rasa_nlu/rasa/model.py:221: error: Module has no attribute "__version__"  [attr-defined]
(RasaHQ)rasa_nlu/rasa/core/tracker_store.py:101: error: Item "None" of "Optional[Any]" has no attribute "publish"  [union-attr]
(RasaHQ)rasa_nlu/rasa/core/tracker_store.py:122: error: Need type annotation for 'store' (hint: "store: Dict[<type>, <type>] = ...")  [var-annotated]
(RasaHQ)rasa_nlu/rasa/core/tracker_store.py:139: error: Return type "KeysView[str]" of "keys" incompatible with return type "List[str]" in supertype "TrackerStore"  [override]
(RasaHQ)rasa_nlu/rasa/core/tracker_store.py:269: error: Variable "tracker_store.SQLTrackerStore.Base" is not valid as a type  [valid-type]
(RasaHQ)rasa_nlu/rasa/core/tracker_store.py:269: error: Invalid base class "Base"  [misc]
(RasaHQ)rasa_nlu/rasa/core/interpreter.py:40: error: Not all arguments converted during string formatting  [str-format]
(RasaHQ)rasa_nlu/rasa/nlu/training_data/loading.py:62: error: Item "None" of "Optional[Any]" has no attribute "merge"  [union-attr]
(RasaHQ)rasa_nlu/rasa/nlu/extractors/duckling_http_extractor.py:188: error: Item "None" of "Optional[Any]" has no attribute "get"  [union-attr]
(RasaHQ)rasa_nlu/rasa/utils/endpoints.py:117: error: Argument 1 to "_concat_url" of "EndpointConfig" has incompatible type "Optional[str]"; expected "str"  [arg-type]
Found 132 errors in 41 files (checked 132 source files)

[RRepo](samshadwell)TrumpScript
(samshadwell)TrumpScript/src/trumpscript/tokenizer.py:71: error: Name 'T_Plus' is not defined  [name-defined]
(samshadwell)TrumpScript/src/trumpscript/tokenizer.py:73: error: Name 'T_Minus' is not defined  [name-defined]
(samshadwell)TrumpScript/src/trumpscript/tokenizer.py:75: error: Name 'T_Times' is not defined  [name-defined]
(samshadwell)TrumpScript/src/trumpscript/tokenizer.py:77: error: Name 'T_Over' is not defined  [name-defined]
(samshadwell)TrumpScript/src/trumpscript/tokenizer.py:79: error: Name 'T_Less' is not defined  [name-defined]
(samshadwell)TrumpScript/src/trumpscript/tokenizer.py:81: error: Name 'T_Greater' is not defined  [name-defined]
(samshadwell)TrumpScript/src/trumpscript/tokenizer.py:85: error: Name 'T_LParen' is not defined  [name-defined]
(samshadwell)TrumpScript/src/trumpscript/tokenizer.py:87: error: Name 'T_RParen' is not defined  [name-defined]
(samshadwell)TrumpScript/src/trumpscript/tokenizer.py:89: error: Name 'T_LBrace' is not defined  [name-defined]
(samshadwell)TrumpScript/src/trumpscript/tokenizer.py:91: error: Name 'T_RBrace' is not defined  [name-defined]
(samshadwell)TrumpScript/src/trumpscript/tokenizer.py:95: error: Name 'T_Question' is not defined  [name-defined]
(samshadwell)TrumpScript/src/trumpscript/tokenizer.py:104: error: Name 'T_Num' is not defined  [name-defined]
(samshadwell)TrumpScript/src/trumpscript/tokenizer.py:119: error: Name 'T_Is' is not defined  [name-defined]
(samshadwell)TrumpScript/src/trumpscript/tokenizer.py:121: error: Name 'T_If' is not defined  [name-defined]
(samshadwell)TrumpScript/src/trumpscript/tokenizer.py:123: error: Name 'T_Else' is not defined  [name-defined]
(samshadwell)TrumpScript/src/trumpscript/tokenizer.py:125: error: Name 'T_Not' is not defined  [name-defined]
(samshadwell)TrumpScript/src/trumpscript/tokenizer.py:127: error: Name 'T_And' is not defined  [name-defined]
(samshadwell)TrumpScript/src/trumpscript/tokenizer.py:129: error: Name 'T_Or' is not defined  [name-defined]
(samshadwell)TrumpScript/src/trumpscript/tokenizer.py:131: error: Name 'T_Make' is not defined  [name-defined]
(samshadwell)TrumpScript/src/trumpscript/tokenizer.py:133: error: Name 'T_Print' is not defined  [name-defined]
(samshadwell)TrumpScript/src/trumpscript/tokenizer.py:135: error: Name 'T_Input' is not defined  [name-defined]
(samshadwell)TrumpScript/src/trumpscript/tokenizer.py:138: error: Name 'T_False' is not defined  [name-defined]
(samshadwell)TrumpScript/src/trumpscript/tokenizer.py:140: error: Name 'T_True' is not defined  [name-defined]
(samshadwell)TrumpScript/src/trumpscript/tokenizer.py:143: error: Name 'T_True' is not defined  [name-defined]
(samshadwell)TrumpScript/src/trumpscript/tokenizer.py:145: error: Name 'T_False' is not defined  [name-defined]
(samshadwell)TrumpScript/src/trumpscript/tokenizer.py:148: error: Name 'T_Plus' is not defined  [name-defined]
(samshadwell)TrumpScript/src/trumpscript/tokenizer.py:150: error: Name 'T_Minus' is not defined  [name-defined]
(samshadwell)TrumpScript/src/trumpscript/tokenizer.py:152: error: Name 'T_Times' is not defined  [name-defined]
(samshadwell)TrumpScript/src/trumpscript/tokenizer.py:154: error: Name 'T_Over' is not defined  [name-defined]
(samshadwell)TrumpScript/src/trumpscript/tokenizer.py:156: error: Name 'T_Mod' is not defined  [name-defined]
(samshadwell)TrumpScript/src/trumpscript/tokenizer.py:158: error: Name 'T_Less' is not defined  [name-defined]
(samshadwell)TrumpScript/src/trumpscript/tokenizer.py:160: error: Name 'T_Greater' is not defined  [name-defined]
(samshadwell)TrumpScript/src/trumpscript/tokenizer.py:164: error: Name 'T_Word' is not defined  [name-defined]
(samshadwell)TrumpScript/src/trumpscript/tokenizer.py:175: error: Name 'T_Quote' is not defined  [name-defined]
(samshadwell)TrumpScript/src/trumpscript/tokenizer.py:216: error: Name 'T_Quote' is not defined  [name-defined]
(samshadwell)TrumpScript/src/trumpscript/tokenizer.py:235: error: Name 'T_Num' is not defined  [name-defined]
(samshadwell)TrumpScript/src/trumpscript/tokenizer.py:269: error: Name 'T_Word' is not defined  [name-defined]
(samshadwell)TrumpScript/src/trumpscript/tokenizer.py:284: error: Name 'T_Word' is not defined  [name-defined]
(samshadwell)TrumpScript/src/trumpscript/tokenizer.py:285: error: Name 'T_Word' is not defined  [name-defined]
(samshadwell)TrumpScript/src/trumpscript/tokenizer.py:286: error: Name 'T_Word' is not defined  [name-defined]
(samshadwell)TrumpScript/src/trumpscript/tokenizer.py:290: error: Need type annotation for 'non_overlapping' (hint: "non_overlapping: List[<type>] = ...")  [var-annotated]
(samshadwell)TrumpScript/src/trumpscript/tokenizer.py:301: error: Name 'T_While' is not defined  [name-defined]
(samshadwell)TrumpScript/src/trumpscript/tokenizer.py:318: error: Name 'T_Word' is not defined  [name-defined]
(samshadwell)TrumpScript/src/trumpscript/tokenizer.py:319: error: Name 'T_Is' is not defined  [name-defined]
(samshadwell)TrumpScript/src/trumpscript/tokenizer.py:320: error: Name 'T_Word' is not defined  [name-defined]
(samshadwell)TrumpScript/src/trumpscript/utils.py:14: error: The return type of "__init__" must be None  [misc]
(samshadwell)TrumpScript/src/trumpscript/utils.py:84: error: Item "None" of "Optional[str]" has no attribute "upper"  [union-attr]
(samshadwell)TrumpScript/src/trumpscript/utils.py:84: error: Incompatible types in assignment (expression has type "Union[str, Any]", variable has type "Tuple[Optional[str], Optional[str]]")  [assignment]
(samshadwell)TrumpScript/src/trumpscript/utils.py:97: error: No overload variant of "__getitem__" of "bytes" matches argument type "str"  [call-overload]
(samshadwell)TrumpScript/src/trumpscript/utils.py:97: note: Possible overload variants:
(samshadwell)TrumpScript/src/trumpscript/utils.py:97: note:     def __getitem__(self, int) -> int
(samshadwell)TrumpScript/src/trumpscript/utils.py:97: note:     def __getitem__(self, slice) -> bytes
(samshadwell)TrumpScript/src/trumpscript/vocabulary.py:59: error: Need type annotation for 'words' (hint: "words: Set[<type>] = ...")  [var-annotated]
(samshadwell)TrumpScript/src/trumpscript/vocabulary.py:67: error: Incompatible types in assignment (expression has type "Iterator[Any]", variable has type "List[Any]")  [assignment]
(samshadwell)TrumpScript/src/trumpscript/vocabulary.py:115: error: Missing return statement  [return]
Found 52 errors in 3 files (checked 6 source files)

[RRepo](pablodav)burp_server_reports
(pablodav)burp_server_reports/burp_reports/__main__.py:13: error: No parent module -- cannot perform relative import  [misc]
Found 1 error in 1 file (checked 33 source files)

[RRepo](niwinz)cobrascript
(niwinz)cobrascript/cobra/base.py:9: error: No parent module -- cannot perform relative import  [misc]
(niwinz)cobrascript/cobra/base.py:10: error: No parent module -- cannot perform relative import  [misc]
(niwinz)cobrascript/cobra/base.py:11: error: No parent module -- cannot perform relative import  [misc]
(niwinz)cobrascript/cobra/base.py:12: error: No parent module -- cannot perform relative import  [misc]
Found 4 errors in 1 file (checked 10 source files)

[RRepo](rmtew)peasauce
(rmtew)peasauce/python/testlib/tool_assembler_vasm.py:57: error: No parent module -- cannot perform relative import  [misc]
Found 1 error in 1 file (checked 22 source files)

[RRepo](vitchyr)rlkit
(vitchyr)rlkit/rlkit/core/rl_algorithm.py:42: error: Need type annotation for 'post_epoch_funcs' (hint: "post_epoch_funcs: List[<type>] = ...")  [var-annotated]
Found 1 error in 1 file (checked 66 source files)

[RRepo](jython234)PyRakLib
(jython234)PyRakLib/pyraklib/Queue.py:24: error: Need type annotation for 'objects' (hint: "objects: List[<type>] = ...")  [var-annotated]
(jython234)PyRakLib/pyraklib/protocol/Packet.py:35: error: Incompatible return value type (got "str", expected "bytearray")  [return-value]
(jython234)PyRakLib/pyraklib/protocol/Packet.py:59: error: Incompatible return value type (got "bytearray", expected "str")  [return-value]
(jython234)PyRakLib/pyraklib/protocol/Packet.py:61: error: Missing return statement  [return]

[RRepo](Kilerd)nougat
(Kilerd)nougat/tests/test_signal.py:54: error: Need type annotation for 'v' (hint: "v: List[<type>] = ...")  [var-annotated]
(Kilerd)nougat/tests/test_signal.py:60: error: Name 'test' already defined on line 56  [no-redef]
(Kilerd)nougat/tests/test_signal.py:71: error: Need type annotation for 'v' (hint: "v: List[<type>] = ...")  [var-annotated]
(Kilerd)nougat/tests/test_signal.py:77: error: Name 'test' already defined on line 73  [no-redef]
(Kilerd)nougat/tests/test_signal.py:88: error: Need type annotation for 'v' (hint: "v: List[<type>] = ...")  [var-annotated]
(Kilerd)nougat/tests/test_signal.py:94: error: Name 'test' already defined on line 90  [no-redef]
(Kilerd)nougat/tests/test_middleware.py:106: error: Name 'UnknownMiddlewareException' is not defined  [name-defined]
(Kilerd)nougat/tests/test_middleware.py:126: error: Name 'UnknownMiddlewareException' is not defined  [name-defined]
(Kilerd)nougat/tests/test_middleware.py:132: error: Name 'UnknownMiddlewareException' is not defined  [name-defined]
(Kilerd)nougat/nougat/context/response.py:10: error: Incompatible types in assignment (expression has type "Optional[str]", variable has type "str")  [assignment]
(Kilerd)nougat/nougat/exceptions.py:6: error: Variable "code" is not valid as a type  [valid-type]
(Kilerd)nougat/nougat/context/request.py:23: error: Need type annotation for 'form' (hint: "form: Dict[<type>, <type>] = ...")  [var-annotated]
(Kilerd)nougat/nougat/asgi.py:54: error: Incompatible types in assignment (expression has type "None", variable has type "str")  [assignment]
(Kilerd)nougat/nougat/asgi.py:55: error: Incompatible types in assignment (expression has type "None", variable has type "bytes")  [assignment]
(Kilerd)nougat/nougat/asgi.py:95: error: Argument 4 to "send_http_response" has incompatible type "str"; expected "bytes"  [arg-type]
(Kilerd)nougat/nougat/asgi.py:100: error: Argument 1 to "check_request" has incompatible type "Callable[[Any], Optional[str]]"; expected "Headers"  [arg-type]
(Kilerd)nougat/nougat/asgi.py:101: error: Argument 1 to "build_response" has incompatible type "Callable[[Any, Any], None]"; expected "Headers"  [arg-type]
(Kilerd)nougat/nougat/asgi.py:109: error: "WebSocketCommonProtocol" has no attribute "client_connected"  [attr-defined]
Found 18 errors in 6 files (checked 17 source files)

[RRepo](manerfan)python-game-snake
(manerfan)python-game-snake/src/search/tools.py:20: error: Syntax error in type annotation  [syntax]
(manerfan)python-game-snake/src/search/tools.py:20: note: Suggestion: Use Tuple[T1, ..., Tn] instead of (T1, ..., Tn)

[RRepo](algorhythms)LeetCode
(algorhythms)LeetCode/030 Next Permutation.py:52: error: invalid syntax  [syntax]
Found 1 error in 1 file (checked 720 source files)

[RRepo](dbader)photosorter
Success: no issues found in 2 source files

[RRepo](nkmk)python-snippets
(nkmk)python-snippets/notebook/args.py:17: error: misplaced type annotation  [syntax]
Found 1 error in 1 file (checked 108 source files)

[RRepo](TeamHG-Memex)scrapy-cdr
(TeamHG-Memex)scrapy-cdr/scrapy_cdr/v2_to_v3.py:6: error: Name 'json' already defined (by an import)  [no-redef]
(TeamHG-Memex)scrapy-cdr/scrapy_cdr/es_upload.py:215: error: Need type annotation for 'futures' (hint: "futures: List[<type>] = ...")  [var-annotated]
Found 2 errors in 2 files (checked 11 source files)

[RRepo](fin-ger)color-harmonization
(fin-ger)color-harmonization/color_harmonization/gui/assistant.py:39: error: Module has no attribute "bindtextdomain"  [attr-defined]
(fin-ger)color-harmonization/color_harmonization/gui/assistant.py:104: error: Incompatible types in assignment (expression has type "None", variable has type "List[str]")  [assignment]
(fin-ger)color-harmonization/color_harmonization/gui/assistant.py:105: error: Incompatible types in assignment (expression has type "None", variable has type "str")  [assignment]
Found 3 errors in 1 file (checked 9 source files)

[RRepo](bruecksen)impacts-world
(bruecksen)impacts-world/impacts_world/pages/models.py:69: error: Need type annotation for 'subpage_types' (hint: "subpage_types: List[<type>] = ...")  [var-annotated]

[RRepo](puhitaku)typedmarshal
(puhitaku)typedmarshal/typedmarshal/model.py:19: error: Need type annotation for '_objs' (hint: "_objs: List[<type>] = ...")  [var-annotated]
(puhitaku)typedmarshal/typedmarshal/model.py:52: error: Unsupported right operand type for in (Module)  [operator]
(puhitaku)typedmarshal/typedmarshal/model.py:54: error: Unsupported right operand type for in (Module)  [operator]
(puhitaku)typedmarshal/typedmarshal/model.py:114: error: Need type annotation for 'attr_tree'  [var-annotated]
(puhitaku)typedmarshal/typedmarshal/model.py:134: error: Need type annotation for 't'  [var-annotated]
(puhitaku)typedmarshal/typedmarshal/model.py:140: error: Need type annotation for 't'  [var-annotated]
(puhitaku)typedmarshal/typedmarshal/model.py:160: error: Tuple index out of range  [misc]
(puhitaku)typedmarshal/typedmarshal/model.py:163: error: Tuple index out of range  [misc]
(puhitaku)typedmarshal/typedmarshal/model.py:175: error: Tuple index out of range  [misc]
(puhitaku)typedmarshal/typedmarshal/model.py:190: error: Argument 2 to "_unmarshal_with_type_check" of "MarshalModel" has incompatible type "TypeLike"; expected "Tuple[<nothing>]"  [arg-type]
(puhitaku)typedmarshal/typedmarshal/model.py:195: error: Tuple index out of range  [misc]
(puhitaku)typedmarshal/typedmarshal/model.py:200: error: Argument 2 to "isinstance" has incompatible type "TypeLike"; expected "Union[type, Tuple[Union[type, Tuple[Any, ...]], ...]]"  [arg-type]
(puhitaku)typedmarshal/typedmarshal/model.py:215: error: Argument 1 to "load" has incompatible type "IOBase"; expected "_Reader"  [arg-type]
(puhitaku)typedmarshal/typedmarshal/model.py:236: error: Incompatible types in assignment (expression has type "List[bytes]", variable has type "List[str]")  [assignment]
Found 14 errors in 1 file (checked 3 source files)

[RRepo](GerritCodeReview)gerrit
(GerritCodeReview)gerrit/tools/download_file.py:129: error: Need type annotation for 'exclude' (hint: "exclude: List[<type>] = ...")  [var-annotated]
(GerritCodeReview)gerrit/polygerrit-ui/app/template_test_srcs/convert_for_template_tests.py:104: error: Need type annotation for 'elements' (hint: "elements: Dict[<type>, <type>] = ...")  [var-annotated]
(GerritCodeReview)gerrit/contrib/mitm-ui/serve-app-dev.py:115: error: Incompatible types in assignment (expression has type "bytes", variable has type "str")  [assignment]
Found 3 errors in 3 files (checked 18 source files)

[RRepo](magicgoose)simple_dr_meter
(magicgoose)simple_dr_meter/audio_io/audio_io.py:127: error: Incompatible types in assignment (expression has type "int", variable has type "str")  [assignment]
(magicgoose)simple_dr_meter/audio_io/audio_io.py:131: error: Incompatible types in assignment (expression has type "int", variable has type "str")  [assignment]
(magicgoose)simple_dr_meter/audio_io/audio_io.py:132: error: Incompatible types in assignment (expression has type "Number", variable has type "str")  [assignment]
(magicgoose)simple_dr_meter/audio_io/audio_io.py:164: error: Need type annotation for 'tracks' (hint: "tracks: List[<type>] = ...")  [var-annotated]
(magicgoose)simple_dr_meter/audio_io/audio_io.py:288: error: Need type annotation for 'd'  [var-annotated]
(magicgoose)simple_dr_meter/audio_io/audio_io.py:314: error: Incompatible types in assignment (expression has type "str", variable has type "bytes")  [assignment]

[RRepo](getpelican)pelican-plugins
(getpelican)pelican-plugins/video_privacy_enhancer/video_privacy_enhancer.py:29: error: No parent module -- cannot perform relative import  [misc]
Found 1 error in 1 file (checked 143 source files)

[RRepo](drewm1980)multi_view_stereo_benchmark
(drewm1980)multi_view_stereo_benchmark/camera_models.py:229: error: Name 'test_division_model_invertability' is not defined  [name-defined]
(drewm1980)multi_view_stereo_benchmark/camera_models.py:230: error: Name 'test_division_model_invertability' is not defined  [name-defined]
(drewm1980)multi_view_stereo_benchmark/reconstruct.py:14: error: Need type annotation for 'allOptionNames' (hint: "allOptionNames: List[<type>] = ...")  [var-annotated]
(drewm1980)multi_view_stereo_benchmark/reconstruct.py:15: error: Need type annotation for 'allOptionsDict' (hint: "allOptionsDict: Dict[<type>, <type>] = ...")  [var-annotated]
(drewm1980)multi_view_stereo_benchmark/load_ply_test.py:13: error: Name 'test_save_ply_file' is not defined  [name-defined]
Found 5 errors in 3 files (checked 14 source files)

[RRepo](jbaiter)demetsiiify
(jbaiter)demetsiiify/demetsiiify/blueprints/api.py:11: error: No parent module -- cannot perform relative import  [misc]
Found 1 error in 1 file (checked 22 source files)

[RRepo](maxmalysh)tiny-py-interpreter
(maxmalysh)tiny-py-interpreter/tinypy/AST/ast.py:18: error: Bracketed expression "[...]" is not valid as a type  [misc]
(maxmalysh)tiny-py-interpreter/tinypy/AST/ast.py:18: note: Did you mean "List[...]"?
(maxmalysh)tiny-py-interpreter/tinypy/AST/ast.py:30: error: Bracketed expression "[...]" is not valid as a type  [misc]
(maxmalysh)tiny-py-interpreter/tinypy/AST/ast.py:30: note: Did you mean "List[...]"?
(maxmalysh)tiny-py-interpreter/tinypy/AST/builder/Builder.py:15: error: Need type annotation for 'statements' (hint: "statements: List[<type>] = ...")  [var-annotated]
(maxmalysh)tiny-py-interpreter/tinypy/AST/builder/ExprVisitor.py:245: error: Need type annotation for 'result' (hint: "result: List[<type>] = ...")  [var-annotated]
(maxmalysh)tiny-py-interpreter/tinypy/AST/builder/StmtVisitor.py:29: error: Need type annotation for 'statements' (hint: "statements: List[<type>] = ...")  [var-annotated]
(maxmalysh)tiny-py-interpreter/tinypy/runtime/Memory.py:59: error: Incompatible types in assignment (expression has type "Namespace", variable has type "None")  [assignment]
(maxmalysh)tiny-py-interpreter/tinypy/AST/stmt.py:85: error: Bracketed expression "[...]" is not valid as a type  [misc]
(maxmalysh)tiny-py-interpreter/tinypy/AST/stmt.py:85: note: Did you mean "List[...]"?
(maxmalysh)tiny-py-interpreter/tinypy/AST/stmt.py:118: error: Bracketed expression "[...]" is not valid as a type  [misc]
(maxmalysh)tiny-py-interpreter/tinypy/AST/stmt.py:118: note: Did you mean "List[...]"?
(maxmalysh)tiny-py-interpreter/tinypy/parser/CustomLexer.py:45: error: Name 'Token' is not defined  [name-defined]
Found 9 errors in 7 files (checked 28 source files)

[RRepo](leyhline)vix-term-structure
(leyhline)vix-term-structure/thesis/slides/interactive_plot.py:16: error: Slice index must be an integer or None  [misc]
(leyhline)vix-term-structure/thesis/slides/interactive_plot.py:18: error: Slice index must be an integer or None  [misc]
(leyhline)vix-term-structure/vixstructure/utils.py:39: error: Incompatible types in assignment (expression has type "str", target has type "datetime")  [assignment]
(leyhline)vix-term-structure/vixstructure/utils.py:40: error: Incompatible types in assignment (expression has type "int", target has type "datetime")  [assignment]
(leyhline)vix-term-structure/vixstructure/utils.py:41: error: Incompatible types in assignment (expression has type "int", target has type "datetime")  [assignment]
(leyhline)vix-term-structure/vixstructure/utils.py:42: error: Incompatible types in assignment (expression has type "float", target has type "datetime")  [assignment]
(leyhline)vix-term-structure/vixstructure/utils.py:43: error: Incompatible types in assignment (expression has type "str", target has type "datetime")  [assignment]
(leyhline)vix-term-structure/vixstructure/utils.py:44: error: Incompatible types in assignment (expression has type "float", target has type "datetime")  [assignment]
(leyhline)vix-term-structure/vixstructure/utils.py:45: error: Incompatible types in assignment (expression has type "bool", target has type "datetime")  [assignment]
(leyhline)vix-term-structure/vixstructure/utils.py:86: error: Incompatible types in assignment (expression has type "str", target has type "datetime")  [assignment]
(leyhline)vix-term-structure/vixstructure/utils.py:87: error: Incompatible types in assignment (expression has type "int", target has type "datetime")  [assignment]
(leyhline)vix-term-structure/vixstructure/utils.py:88: error: Incompatible types in assignment (expression has type "int", target has type "datetime")  [assignment]
(leyhline)vix-term-structure/vixstructure/utils.py:89: error: Incompatible types in assignment (expression has type "int", target has type "datetime")  [assignment]
(leyhline)vix-term-structure/vixstructure/utils.py:90: error: Incompatible types in assignment (expression has type "float", target has type "datetime")  [assignment]
(leyhline)vix-term-structure/vixstructure/utils.py:91: error: Incompatible types in assignment (expression has type "str", target has type "datetime")  [assignment]
(leyhline)vix-term-structure/vixstructure/utils.py:92: error: Incompatible types in assignment (expression has type "float", target has type "datetime")  [assignment]
(leyhline)vix-term-structure/vixstructure/utils.py:93: error: Incompatible types in assignment (expression has type "bool", target has type "datetime")  [assignment]
(leyhline)vix-term-structure/vixstructure/utils.py:134: error: Incompatible types in assignment (expression has type "str", target has type "datetime")  [assignment]
(leyhline)vix-term-structure/vixstructure/utils.py:135: error: Incompatible types in assignment (expression has type "int", target has type "datetime")  [assignment]
(leyhline)vix-term-structure/vixstructure/utils.py:136: error: Incompatible types in assignment (expression has type "int", target has type "datetime")  [assignment]
(leyhline)vix-term-structure/vixstructure/utils.py:137: error: Incompatible types in assignment (expression has type "int", target has type "datetime")  [assignment]
(leyhline)vix-term-structure/vixstructure/utils.py:138: error: Incompatible types in assignment (expression has type "float", target has type "datetime")  [assignment]
(leyhline)vix-term-structure/vixstructure/utils.py:139: error: Incompatible types in assignment (expression has type "str", target has type "datetime")  [assignment]
(leyhline)vix-term-structure/vixstructure/utils.py:140: error: Incompatible types in assignment (expression has type "float", target has type "datetime")  [assignment]

[RRepo](Dioptas)Dioptas
(Dioptas)Dioptas/dioptas/widgets/UtilityWidgets.py:24: error: No parent module -- cannot perform relative import  [misc]
Found 1 error in 1 file (checked 75 source files)

[RRepo](coreGreenberet)homematicip-rest-api
(coreGreenberet)homematicip-rest-api/homematicip/__init__.py:23: error: Incompatible return value type (got "None", expected "HmipConfig")  [return-value]
(coreGreenberet)homematicip-rest-api/homematicip/__init__.py:34: error: Incompatible types in assignment (expression has type "None", variable has type "str")  [assignment]
(coreGreenberet)homematicip-rest-api/homematicip/__init__.py:41: error: "ConfigParser" has no attribute "_sections"  [attr-defined]
(coreGreenberet)homematicip-rest-api/homematicip/__init__.py:46: error: Bracketed expression "[...]" is not valid as a type  [misc]
(coreGreenberet)homematicip-rest-api/homematicip/__init__.py:46: note: Did you mean "List[...]"?
(coreGreenberet)homematicip-rest-api/homematicip/__init__.py:55: error: Argument 1 to "join" has incompatible type "Optional[str]"; expected "Union[str, _PathLike[str]]"  [arg-type]
(coreGreenberet)homematicip-rest-api/homematicip/__init__.py:58: error: Argument 1 to "join" has incompatible type "Optional[str]"; expected "Union[str, _PathLike[str]]"  [arg-type]
(coreGreenberet)homematicip-rest-api/homematicip/base/helpers.py:63: error: Invalid index type "str" for "str"; expected type "Union[int, slice]"  [index]
(coreGreenberet)homematicip-rest-api/homematicip/base/helpers.py:65: error: Incompatible return value type (got "None", expected "str")  [return-value]

[RRepo](EconForge)dolo
(EconForge)dolo/trash/dolo/numeric/risky_ss.py:219: error: Missing parentheses in call to 'print'. Did you mean print(sol)?  [syntax]
Found 1 error in 1 file (checked 102 source files)

[RRepo](Trilarion)imperialism-remake
(Trilarion)imperialism-remake/source/imperialism_remake/base/constants.py:103: error: No overload variant of "list" matches argument type "Type[Option]"  [call-overload]
(Trilarion)imperialism-remake/source/imperialism_remake/base/constants.py:103: note: Possible overload variant:
(Trilarion)imperialism-remake/source/imperialism_remake/base/constants.py:103: note:     def [_T] list(self, iterable: Iterable[_T]) -> List[_T]
(Trilarion)imperialism-remake/source/imperialism_remake/base/constants.py:103: note:     <1 more non-matching overload not shown>
(Trilarion)imperialism-remake/source/imperialism_remake/base/constants.py:106: error: "Tuple[]" has no attribute "default"  [attr-defined]
(Trilarion)imperialism-remake/source/imperialism_remake/base/constants.py:107: error: "Tuple[]" has no attribute "default"  [attr-defined]
(Trilarion)imperialism-remake/source/imperialism_remake/base/constants.py:108: error: "Tuple[]" has no attribute "default"  [attr-defined]
(Trilarion)imperialism-remake/source/imperialism_remake/base/constants.py:110: error: "Tuple[]" has no attribute "default"  [attr-defined]
(Trilarion)imperialism-remake/source/imperialism_remake/base/constants.py:112: error: "Tuple[]" has no attribute "default"  [attr-defined]
(Trilarion)imperialism-remake/source/imperialism_remake/base/constants.py:114: error: "Tuple[]" has no attribute "default"  [attr-defined]
(Trilarion)imperialism-remake/source/imperialism_remake/base/constants.py:115: error: "Tuple[]" has no attribute "default"  [attr-defined]
(Trilarion)imperialism-remake/source/imperialism_remake/base/constants.py:116: error: "Tuple[]" has no attribute "default"  [attr-defined]
(Trilarion)imperialism-remake/source/imperialism_remake/lib/network.py:207: error: Variable "network.SCOPE" is not valid as a type  [valid-type]
(Trilarion)imperialism-remake/source/imperialism_remake/server/server.py:145: error: Argument 2 to "randint" has incompatible type "float"; expected "int"  [arg-type]
(Trilarion)imperialism-remake/tools/build_documentation.py:30: error: Module 'sphinx' has no attribute 'apidoc'  [attr-defined]
Found 12 errors in 4 files (checked 30 source files)

[RRepo](fsinfuhh)Bitpoll
(fsinfuhh)Bitpoll/bitpoll/poll/templatetags/poll_voted.py:2: error: Relative import climbs too many namespaces  [misc]
(fsinfuhh)Bitpoll/bitpoll/poll/templatetags/poll_watched.py:2: error: Relative import climbs too many namespaces  [misc]
(fsinfuhh)Bitpoll/bitpoll/poll/templatetags/poll_filter.py:23: error: Unsupported operand types for * ("Number" and "int")  [operator]
Found 3 errors in 3 files (checked 17 source files)

[RRepo](CommunicationsSecurityEstablishment)spartacus
(CommunicationsSecurityEstablishment)spartacus/CapuaEnvironment/IOComponent/MemoryIOController.py:106: error: Need type annotation for '_memoryMappedDevice' (hint: "_memoryMappedDevice: List[<type>] = ...")  [var-annotated]

[RRepo](pvizeli)ha-ffmpeg
(pvizeli)ha-ffmpeg/haffmpeg/tools.py:70: error: Return value expected  [return-value]
(pvizeli)ha-ffmpeg/haffmpeg/core.py:32: error: Incompatible return value type (got "None", expected "Popen[Any]")  [return-value]
(pvizeli)ha-ffmpeg/haffmpeg/core.py:49: error: Incompatible types in assignment (expression has type "List[str]", variable has type "None")  [assignment]
(pvizeli)ha-ffmpeg/haffmpeg/core.py:54: error: "None" has no attribute "extend"  [attr-defined]
(pvizeli)ha-ffmpeg/haffmpeg/core.py:58: error: "None" has no attribute "extend"  [attr-defined]
(pvizeli)ha-ffmpeg/haffmpeg/core.py:67: error: "None" has no attribute "extend"  [attr-defined]
(pvizeli)ha-ffmpeg/haffmpeg/core.py:69: error: "None" has no attribute "extend"  [attr-defined]
(pvizeli)ha-ffmpeg/haffmpeg/core.py:74: error: "None" has no attribute "extend"  [attr-defined]
(pvizeli)ha-ffmpeg/haffmpeg/core.py:79: error: "None" has no attribute "extend"  [attr-defined]
(pvizeli)ha-ffmpeg/haffmpeg/core.py:81: error: "None" has no attribute "append"  [attr-defined]
(pvizeli)ha-ffmpeg/haffmpeg/core.py:86: error: Need type annotation for 'filter_list' (hint: "filter_list: List[<type>] = ...")  [var-annotated]
(pvizeli)ha-ffmpeg/haffmpeg/core.py:88: error: No overload variant of "iter" matches argument type "None"  [call-overload]
(pvizeli)ha-ffmpeg/haffmpeg/core.py:88: note: Possible overload variant:
(pvizeli)ha-ffmpeg/haffmpeg/core.py:88: note:     def [_T] iter(Iterable[_T]) -> Iterator[_T]
(pvizeli)ha-ffmpeg/haffmpeg/core.py:88: note:     <2 more non-matching overloads not shown>
(pvizeli)ha-ffmpeg/haffmpeg/core.py:98: error: Incompatible types in assignment (expression has type "List[Any]", variable has type "None")  [assignment]
(pvizeli)ha-ffmpeg/haffmpeg/core.py:136: error: Argument 2 to "run_in_executor" of "BaseEventLoop" has incompatible type "partial[Popen[str]]"; expected "Callable[..., None]"  [arg-type]
(pvizeli)ha-ffmpeg/haffmpeg/core.py:136: note: "partial[Popen[str]].__call__" has type "Callable[[VarArg(Any), KwArg(Any)], Popen[str]]"
(pvizeli)ha-ffmpeg/haffmpeg/core.py:170: error: "None" has no attribute "kill"  [attr-defined]
(pvizeli)ha-ffmpeg/haffmpeg/core.py:171: error: "None" has no attribute "communicate"  [attr-defined]
(pvizeli)ha-ffmpeg/haffmpeg/core.py:181: error: "None" has no attribute "stdout"  [attr-defined]
(pvizeli)ha-ffmpeg/haffmpeg/core.py:185: error: "None" has no attribute "stderr"  [attr-defined]
(pvizeli)ha-ffmpeg/haffmpeg/core.py:199: error: Need type annotation for '_que'  [var-annotated]
(pvizeli)ha-ffmpeg/haffmpeg/core.py:203: error: Return type "None" of "close" incompatible with return type "Coroutine[Any, Any, None]" in supertype "HAFFmpeg"  [override]
(pvizeli)ha-ffmpeg/haffmpeg/core.py:211: error: No return value expected  [return-value]
(pvizeli)ha-ffmpeg/haffmpeg/core.py:223: error: "None" has no attribute "readline"  [attr-defined]
(pvizeli)ha-ffmpeg/haffmpeg/core.py:236: error: "None" has no attribute "wait"  [attr-defined]
(pvizeli)ha-ffmpeg/haffmpeg/core.py:276: error: Incompatible types in assignment (expression has type "StreamReader", variable has type "None")  [assignment]
(pvizeli)ha-ffmpeg/haffmpeg/core.py:279: error: Incompatible types in assignment (expression has type "Task[None]", variable has type "None")  [assignment]
(pvizeli)ha-ffmpeg/haffmpeg/sensor.py:79: error: Incompatible types in assignment (expression has type "None", variable has type "int")  [assignment]
(pvizeli)ha-ffmpeg/haffmpeg/sensor.py:96: error: Incompatible types in assignment (expression has type "None", variable has type "int")  [assignment]
(pvizeli)ha-ffmpeg/haffmpeg/sensor.py:227: error: Incompatible types in assignment (expression has type "float", variable has type "int")  [assignment]
(pvizeli)ha-ffmpeg/haffmpeg/sensor.py:239: error: Unsupported operand types for - ("None" and "float")  [operator]
(pvizeli)ha-ffmpeg/haffmpeg/sensor.py:239: error: Incompatible types in assignment (expression has type "float", variable has type "Optional[int]")  [assignment]
(pvizeli)ha-ffmpeg/haffmpeg/sensor.py:239: note: Left operand is of type "Optional[int]"
(pvizeli)ha-ffmpeg/haffmpeg/sensor.py:242: error: Unsupported operand types for >= ("int" and "None")  [operator]
(pvizeli)ha-ffmpeg/haffmpeg/sensor.py:242: note: Left operand is of type "Optional[int]"
Found 31 errors in 3 files (checked 9 source files)

[RRepo](diyclassics)cltk
(diyclassics)cltk/cltk/tokenize/utils.py:51: error: "object" has no attribute "punctuation"  [attr-defined]
(diyclassics)cltk/cltk/tokenize/utils.py:52: error: "object" has no attribute "strict"  [attr-defined]
(diyclassics)cltk/cltk/tokenize/utils.py:53: error: "object" has no attribute "punctuation"  [attr-defined]
(diyclassics)cltk/cltk/tokenize/utils.py:53: error: "object" has no attribute "strict_punctuation"  [attr-defined]
(diyclassics)cltk/cltk/tokenize/utils.py:55: error: "object" has no attribute "punctuation"  [attr-defined]
(diyclassics)cltk/cltk/tokenize/utils.py:64: error: "object" has no attribute "abbreviations"  [attr-defined]
(diyclassics)cltk/cltk/tokenize/utils.py:65: error: "object" has no attribute "abbreviations"  [attr-defined]
(diyclassics)cltk/cltk/tokenize/sentence.py:44: error: "BaseSentenceTokenizer" has no attribute "model"  [attr-defined]
(diyclassics)cltk/cltk/tokenize/sentence.py:45: error: "BaseSentenceTokenizer" has no attribute "model"  [attr-defined]
(diyclassics)cltk/cltk/tokenize/sentence.py:47: error: "BaseSentenceTokenizer" has no attribute "model"  [attr-defined]
(diyclassics)cltk/cltk/tokenize/sentence.py:48: error: "BaseSentenceTokenizer" has no attribute "lang_vars"  [attr-defined]
(diyclassics)cltk/cltk/tokenize/sentence.py:49: error: "BaseSentenceTokenizer" has no attribute "lang_vars"  [attr-defined]
(diyclassics)cltk/cltk/tokenize/sentence.py:66: error: Incompatible types in assignment (expression has type "Optional[str]", variable has type "str")  [assignment]
(diyclassics)cltk/cltk/tokenize/sentence.py:139: error: Name 'PUNCTUATION' is not defined  [name-defined]
(diyclassics)cltk/cltk/tokenize/sentence.py:141: error: Name 'PUNCTUATION' is not defined  [name-defined]
(diyclassics)cltk/cltk/tokenize/sentence.py:142: error: Name 'PUNCTUATION' is not defined  [name-defined]
(diyclassics)cltk/cltk/tokenize/sentence.py:143: error: Name 'PUNCTUATION' is not defined  [name-defined]
(diyclassics)cltk/cltk/tokenize/sentence.py:147: error: Cannot combine automatic field numbering and manual field specification  [str-format]
(diyclassics)cltk/cltk/tokenize/sentence.py:159: error: "object" has no attribute "INCLUDE_ALL_COLLOCS"  [attr-defined]
(diyclassics)cltk/cltk/tokenize/sentence.py:160: error: "object" has no attribute "INCLUDE_ABBREV_COLLOCS"  [attr-defined]
(diyclassics)cltk/cltk/tokenize/sentence.py:161: error: "object" has no attribute "get_params"  [attr-defined]
(diyclassics)cltk/cltk/corpus/sanskrit/itrans/unicode_transliterate.py:37: error: Cannot assign to a type  [misc]
(diyclassics)cltk/cltk/corpus/sanskrit/itrans/unicode_transliterate.py:37: error: Incompatible types in assignment (expression has type "Type[str]", variable has type "Type[bytes]")  [assignment]
(diyclassics)cltk/cltk/corpus/persian/persian_utils.py:8: error: Name 'HAMZA' is not defined  [name-defined]
(diyclassics)cltk/cltk/corpus/persian/persian_utils.py:9: error: Name 'HAMZA_BELOW' is not defined  [name-defined]
(diyclassics)cltk/cltk/corpus/persian/persian_utils.py:10: error: Name 'HAMZA_ABOVE' is not defined  [name-defined]
(diyclassics)cltk/cltk/corpus/persian/persian_utils.py:11: error: Name 'HAMZA_ISOLATED' is not defined  [name-defined]
(diyclassics)cltk/cltk/corpus/persian/persian_utils.py:13: error: Name 'MINI_ALEF' is not defined  [name-defined]
(diyclassics)cltk/cltk/corpus/persian/persian_utils.py:14: error: Name 'SMALL_ALEF' is not defined  [name-defined]
(diyclassics)cltk/cltk/corpus/persian/persian_utils.py:15: error: Name 'SMALL_WAW' is not defined  [name-defined]
(diyclassics)cltk/cltk/corpus/persian/persian_utils.py:16: error: Name 'SMALL_YEH' is not defined  [name-defined]
(diyclassics)cltk/cltk/corpus/persian/persian_utils.py:18: error: Name 'KASHEEDA' is not defined  [name-defined]
(diyclassics)cltk/cltk/corpus/persian/persian_utils.py:19: error: Name 'FATHATAN' is not defined  [name-defined]
(diyclassics)cltk/cltk/corpus/persian/persian_utils.py:20: error: Name 'DAMMATAN' is not defined  [name-defined]
(diyclassics)cltk/cltk/corpus/persian/persian_utils.py:21: error: Name 'KASRATAN' is not defined  [name-defined]
(diyclassics)cltk/cltk/corpus/persian/persian_utils.py:22: error: Name 'FATHA' is not defined  [name-defined]
(diyclassics)cltk/cltk/corpus/persian/persian_utils.py:23: error: Name 'DAMMA' is not defined  [name-defined]
(diyclassics)cltk/cltk/corpus/persian/persian_utils.py:24: error: Name 'KASRA' is not defined  [name-defined]
(diyclassics)cltk/cltk/corpus/persian/persian_utils.py:25: error: Name 'SHADDA' is not defined  [name-defined]
(diyclassics)cltk/cltk/corpus/persian/persian_utils.py:26: error: Name 'SUKUN' is not defined  [name-defined]
(diyclassics)cltk/cltk/corpus/persian/persian_utils.py:34: error: Name 'ALEF_MADDA' is not defined  [name-defined]
(diyclassics)cltk/cltk/corpus/persian/persian_utils.py:35: error: Name 'ALEF_WASLA' is not defined  [name-defined]
(diyclassics)cltk/cltk/corpus/persian/persian_utils.py:36: error: Name 'HAMZA_BELOW_ALEF' is not defined  [name-defined]
(diyclassics)cltk/cltk/corpus/persian/persian_utils.py:37: error: Name 'HAMZA_ABOVE_ALEF' is not defined  [name-defined]
(diyclassics)cltk/cltk/corpus/persian/persian_utils.py:43: error: Name 'ALEF_MAKSURA' is not defined  [name-defined]
(diyclassics)cltk/cltk/corpus/persian/persian_utils.py:44: error: Name 'YEH' is not defined  [name-defined]
(diyclassics)cltk/cltk/corpus/persian/persian_utils.py:49: error: Name 'KAF' is not defined  [name-defined]
(diyclassics)cltk/cltk/corpus/persian/persian_utils.py:54: error: Name 'LAM_ALEF' is not defined  [name-defined]
(diyclassics)cltk/cltk/corpus/persian/persian_utils.py:55: error: Name 'LAM_ALEF_HAMZA_ABOVE' is not defined  [name-defined]
(diyclassics)cltk/cltk/corpus/persian/persian_utils.py:56: error: Name 'LAM_ALEF_HAMZA_BELOW' is not defined  [name-defined]
(diyclassics)cltk/cltk/corpus/persian/persian_utils.py:57: error: Name 'LAM_ALEF_MADDA_ABOVE' is not defined  [name-defined]
(diyclassics)cltk/cltk/corpus/persian/persian_utils.py:62: error: Name 'TEH_MARBUTA' is not defined  [name-defined]
(diyclassics)cltk/cltk/corpus/persian/persian_utils.py:68: error: Name 'toReform' is not defined  [name-defined]
(diyclassics)cltk/cltk/corpus/persian/persian_utils.py:72: error: Name 'SHAPED_FORMS' is not defined  [name-defined]
(diyclassics)cltk/cltk/corpus/persian/persian_utils.py:77: error: Name 'EASTERN_ARABIC_NUMERALS' is not defined  [name-defined]
(diyclassics)cltk/cltk/corpus/persian/persian_utils.py:78: error: Name 'WESTERN_ARABIC_NUMERALS' is not defined  [name-defined]
(diyclassics)cltk/cltk/lemmatize/backoff.py:66: error: "object" has no attribute "_taggers"  [attr-defined]
(diyclassics)cltk/cltk/lemmatize/backoff.py:70: error: "object" has no attribute "repr"  [attr-defined]
(diyclassics)cltk/cltk/lemmatize/backoff.py:71: error: "object" has no attribute "repr"  [attr-defined]
(diyclassics)cltk/cltk/lemmatize/backoff.py:87: error: Need type annotation for 'tags' (hint: "tags: List[<type>] = ...")  [var-annotated]
(diyclassics)cltk/cltk/lemmatize/backoff.py:90: error: "object" has no attribute "tag_one"  [attr-defined]
(diyclassics)cltk/cltk/lemmatize/backoff.py:92: error: "append" of "list" does not return a value  [func-returns-value]
(diyclassics)cltk/cltk/lemmatize/backoff.py:92: error: Argument 1 to "append" of "list" has incompatible type "None"; expected "str"  [arg-type]
(diyclassics)cltk/cltk/lemmatize/backoff.py:94: error: "object" has no attribute "VERBOSE"  [attr-defined]
(diyclassics)cltk/cltk/lemmatize/backoff.py:115: error: "object" has no attribute "_taggers"  [attr-defined]
(diyclassics)cltk/cltk/lemmatize/backoff.py:126: error: "object" has no attribute "tag"  [attr-defined]
(diyclassics)cltk/cltk/lemmatize/backoff.py:147: error: "object" has no attribute "lemma"  [attr-defined]
(diyclassics)cltk/cltk/lemmatize/backoff.py:150: error: "object" has no attribute "lemma"  [attr-defined]
(diyclassics)cltk/cltk/lemmatize/backoff.py:205: error: "object" has no attribute "lemmas"  [attr-defined]
(diyclassics)cltk/cltk/lemmatize/backoff.py:207: error: "object" has no attribute "lemmas"  [attr-defined]
(diyclassics)cltk/cltk/lemmatize/backoff.py:210: error: "object" has no attribute "source"  [attr-defined]
(diyclassics)cltk/cltk/lemmatize/backoff.py:211: error: "object" has no attribute "source"  [attr-defined]
(diyclassics)cltk/cltk/lemmatize/backoff.py:213: error: "object" has no attribute "repr"  [attr-defined]
(diyclassics)cltk/cltk/lemmatize/backoff.py:213: error: "object" has no attribute "lemmas"  [attr-defined]
(diyclassics)cltk/cltk/lemmatize/backoff.py:232: error: "object" has no attribute "source"  [attr-defined]
(diyclassics)cltk/cltk/lemmatize/backoff.py:233: error: "object" has no attribute "source"  [attr-defined]
(diyclassics)cltk/cltk/lemmatize/backoff.py:235: error: "object" has no attribute "repr"  [attr-defined]
(diyclassics)cltk/cltk/lemmatize/backoff.py:235: error: "object" has no attribute "train"  [attr-defined]
(diyclassics)cltk/cltk/lemmatize/backoff.py:263: error: "object" has no attribute "_regexs"  [attr-defined]
(diyclassics)cltk/cltk/lemmatize/backoff.py:268: error: "object" has no attribute "source"  [attr-defined]
(diyclassics)cltk/cltk/lemmatize/backoff.py:269: error: "object" has no attribute "source"  [attr-defined]
(diyclassics)cltk/cltk/lemmatize/backoff.py:271: error: "object" has no attribute "repr"  [attr-defined]
(diyclassics)cltk/cltk/lemmatize/backoff.py:271: error: "object" has no attribute "_regexs"  [attr-defined]
(diyclassics)cltk/cltk/tests/test_nlp/test_orthophonology.py:15: error: Name 'Consonant' is not defined  [name-defined]
(diyclassics)cltk/cltk/tests/test_nlp/test_orthophonology.py:15: error: Name 'Place' is not defined  [name-defined]
(diyclassics)cltk/cltk/tests/test_nlp/test_orthophonology.py:15: error: Name 'Manner' is not defined  [name-defined]
(diyclassics)cltk/cltk/tests/test_nlp/test_orthophonology.py:15: error: Name 'Voiced' is not defined  [name-defined]
(diyclassics)cltk/cltk/tests/test_nlp/test_orthophonology.py:16: error: Name 'Consonant' is not defined  [name-defined]
(diyclassics)cltk/cltk/tests/test_nlp/test_orthophonology.py:16: error: Name 'Place' is not defined  [name-defined]
(diyclassics)cltk/cltk/tests/test_nlp/test_orthophonology.py:16: error: Name 'Manner' is not defined  [name-defined]
(diyclassics)cltk/cltk/tests/test_nlp/test_orthophonology.py:16: error: Name 'Voiced' is not defined  [name-defined]
(diyclassics)cltk/cltk/tests/test_nlp/test_orthophonology.py:18: error: Name 'Consonant' is not defined  [name-defined]
(diyclassics)cltk/cltk/tests/test_nlp/test_orthophonology.py:18: error: Name 'Place' is not defined  [name-defined]
(diyclassics)cltk/cltk/tests/test_nlp/test_orthophonology.py:18: error: Name 'Manner' is not defined  [name-defined]
(diyclassics)cltk/cltk/tests/test_nlp/test_orthophonology.py:18: error: Name 'Voiced' is not defined  [name-defined]
(diyclassics)cltk/cltk/tests/test_nlp/test_orthophonology.py:19: error: Name 'Consonant' is not defined  [name-defined]
(diyclassics)cltk/cltk/tests/test_nlp/test_orthophonology.py:19: error: Name 'Place' is not defined  [name-defined]
(diyclassics)cltk/cltk/tests/test_nlp/test_orthophonology.py:19: error: Name 'Manner' is not defined  [name-defined]
(diyclassics)cltk/cltk/tests/test_nlp/test_orthophonology.py:19: error: Name 'Voiced' is not defined  [name-defined]
(diyclassics)cltk/cltk/tests/test_nlp/test_orthophonology.py:19: error: Name 'Aspirated' is not defined  [name-defined]
(diyclassics)cltk/cltk/tests/test_nlp/test_orthophonology.py:20: error: Name 'Consonant' is not defined  [name-defined]
(diyclassics)cltk/cltk/tests/test_nlp/test_orthophonology.py:20: error: Name 'Place' is not defined  [name-defined]
(diyclassics)cltk/cltk/tests/test_nlp/test_orthophonology.py:20: error: Name 'Manner' is not defined  [name-defined]
(diyclassics)cltk/cltk/tests/test_nlp/test_orthophonology.py:20: error: Name 'Voiced' is not defined  [name-defined]
(diyclassics)cltk/cltk/tests/test_nlp/test_orthophonology.py:21: error: Name 'Consonant' is not defined  [name-defined]
(diyclassics)cltk/cltk/tests/test_nlp/test_orthophonology.py:21: error: Name 'Place' is not defined  [name-defined]
(diyclassics)cltk/cltk/tests/test_nlp/test_orthophonology.py:21: error: Name 'Manner' is not defined  [name-defined]
(diyclassics)cltk/cltk/tests/test_nlp/test_orthophonology.py:21: error: Name 'Voiced' is not defined  [name-defined]
(diyclassics)cltk/cltk/tests/test_nlp/test_orthophonology.py:21: error: Name 'Aspirated' is not defined  [name-defined]
(diyclassics)cltk/cltk/tests/test_nlp/test_orthophonology.py:22: error: Name 'Consonant' is not defined  [name-defined]
(diyclassics)cltk/cltk/tests/test_nlp/test_orthophonology.py:22: error: Name 'Place' is not defined  [name-defined]
(diyclassics)cltk/cltk/tests/test_nlp/test_orthophonology.py:22: error: Name 'Manner' is not defined  [name-defined]
(diyclassics)cltk/cltk/tests/test_nlp/test_orthophonology.py:22: error: Name 'Voiced' is not defined  [name-defined]
(diyclassics)cltk/cltk/tests/test_nlp/test_orthophonology.py:23: error: Name 'Consonant' is not defined  [name-defined]
(diyclassics)cltk/cltk/tests/test_nlp/test_orthophonology.py:23: error: Name 'Place' is not defined  [name-defined]
(diyclassics)cltk/cltk/tests/test_nlp/test_orthophonology.py:23: error: Name 'Manner' is not defined  [name-defined]
(diyclassics)cltk/cltk/tests/test_nlp/test_orthophonology.py:23: error: Name 'Voiced' is not defined  [name-defined]
(diyclassics)cltk/cltk/tests/test_nlp/test_orthophonology.py:23: error: Name 'Aspirated' is not defined  [name-defined]
(diyclassics)cltk/cltk/tests/test_nlp/test_orthophonology.py:25: error: Name 'Consonant' is not defined  [name-defined]
(diyclassics)cltk/cltk/tests/test_nlp/test_orthophonology.py:25: error: Name 'Place' is not defined  [name-defined]
(diyclassics)cltk/cltk/tests/test_nlp/test_orthophonology.py:25: error: Name 'Manner' is not defined  [name-defined]
(diyclassics)cltk/cltk/tests/test_nlp/test_orthophonology.py:25: error: Name 'Voiced' is not defined  [name-defined]
(diyclassics)cltk/cltk/tests/test_nlp/test_orthophonology.py:27: error: Name 'Consonant' is not defined  [name-defined]
(diyclassics)cltk/cltk/tests/test_nlp/test_orthophonology.py:27: error: Name 'Place' is not defined  [name-defined]
(diyclassics)cltk/cltk/tests/test_nlp/test_orthophonology.py:27: error: Name 'Manner' is not defined  [name-defined]
(diyclassics)cltk/cltk/tests/test_nlp/test_orthophonology.py:27: error: Name 'Voiced' is not defined  [name-defined]
(diyclassics)cltk/cltk/tests/test_nlp/test_orthophonology.py:28: error: Name 'Consonant' is not defined  [name-defined]
(diyclassics)cltk/cltk/tests/test_nlp/test_orthophonology.py:28: error: Name 'Place' is not defined  [name-defined]
(diyclassics)cltk/cltk/tests/test_nlp/test_orthophonology.py:28: error: Name 'Manner' is not defined  [name-defined]
(diyclassics)cltk/cltk/tests/test_nlp/test_orthophonology.py:28: error: Name 'Voiced' is not defined  [name-defined]
(diyclassics)cltk/cltk/tests/test_nlp/test_orthophonology.py:29: error: Name 'Consonant' is not defined  [name-defined]
(diyclassics)cltk/cltk/tests/test_nlp/test_orthophonology.py:29: error: Name 'Place' is not defined  [name-defined]
(diyclassics)cltk/cltk/tests/test_nlp/test_orthophonology.py:29: error: Name 'Manner' is not defined  [name-defined]
(diyclassics)cltk/cltk/tests/test_nlp/test_orthophonology.py:29: error: Name 'Voiced' is not defined  [name-defined]
(diyclassics)cltk/cltk/tests/test_nlp/test_orthophonology.py:30: error: Name 'Consonant' is not defined  [name-defined]
(diyclassics)cltk/cltk/tests/test_nlp/test_orthophonology.py:30: error: Name 'Place' is not defined  [name-defined]
(diyclassics)cltk/cltk/tests/test_nlp/test_orthophonology.py:30: error: Name 'Manner' is not defined  [name-defined]
(diyclassics)cltk/cltk/tests/test_nlp/test_orthophonology.py:30: error: Name 'Voiced' is not defined  [name-defined]
(diyclassics)cltk/cltk/tests/test_nlp/test_orthophonology.py:32: error: Name 'Consonant' is not defined  [name-defined]
(diyclassics)cltk/cltk/tests/test_nlp/test_orthophonology.py:32: error: Name 'Place' is not defined  [name-defined]
(diyclassics)cltk/cltk/tests/test_nlp/test_orthophonology.py:32: error: Name 'Manner' is not defined  [name-defined]
(diyclassics)cltk/cltk/tests/test_nlp/test_orthophonology.py:32: error: Name 'Voiced' is not defined  [name-defined]
(diyclassics)cltk/cltk/tests/test_nlp/test_orthophonology.py:33: error: Name 'Consonant' is not defined  [name-defined]
(diyclassics)cltk/cltk/tests/test_nlp/test_orthophonology.py:33: error: Name 'Place' is not defined  [name-defined]
(diyclassics)cltk/cltk/tests/test_nlp/test_orthophonology.py:33: error: Name 'Manner' is not defined  [name-defined]
(diyclassics)cltk/cltk/tests/test_nlp/test_orthophonology.py:33: error: Name 'Voiced' is not defined  [name-defined]
(diyclassics)cltk/cltk/tests/test_nlp/test_orthophonology.py:34: error: Name 'Consonant' is not defined  [name-defined]
(diyclassics)cltk/cltk/tests/test_nlp/test_orthophonology.py:34: error: Name 'Place' is not defined  [name-defined]
(diyclassics)cltk/cltk/tests/test_nlp/test_orthophonology.py:34: error: Name 'Manner' is not defined  [name-defined]
(diyclassics)cltk/cltk/tests/test_nlp/test_orthophonology.py:34: error: Name 'Voiced' is not defined  [name-defined]
(diyclassics)cltk/cltk/tests/test_nlp/test_orthophonology.py:36: error: Name 'Consonant' is not defined  [name-defined]
(diyclassics)cltk/cltk/tests/test_nlp/test_orthophonology.py:36: error: Name 'Place' is not defined  [name-defined]
(diyclassics)cltk/cltk/tests/test_nlp/test_orthophonology.py:36: error: Name 'Manner' is not defined  [name-defined]
(diyclassics)cltk/cltk/tests/test_nlp/test_orthophonology.py:36: error: Name 'Voiced' is not defined  [name-defined]
(diyclassics)cltk/cltk/tests/test_nlp/test_orthophonology.py:39: error: Name 'Vowel' is not defined  [name-defined]
(diyclassics)cltk/cltk/tests/test_nlp/test_orthophonology.py:39: error: Name 'Height' is not defined  [name-defined]
(diyclassics)cltk/cltk/tests/test_nlp/test_orthophonology.py:39: error: Name 'Backness' is not defined  [name-defined]
(diyclassics)cltk/cltk/tests/test_nlp/test_orthophonology.py:39: error: Name 'Roundedness' is not defined  [name-defined]
(diyclassics)cltk/cltk/tests/test_nlp/test_orthophonology.py:39: error: Name 'Length' is not defined  [name-defined]
(diyclassics)cltk/cltk/tests/test_nlp/test_orthophonology.py:40: error: Name 'Vowel' is not defined  [name-defined]
(diyclassics)cltk/cltk/tests/test_nlp/test_orthophonology.py:40: error: Name 'Height' is not defined  [name-defined]
(diyclassics)cltk/cltk/tests/test_nlp/test_orthophonology.py:40: error: Name 'Backness' is not defined  [name-defined]
(diyclassics)cltk/cltk/tests/test_nlp/test_orthophonology.py:40: error: Name 'Roundedness' is not defined  [name-defined]
(diyclassics)cltk/cltk/tests/test_nlp/test_orthophonology.py:40: error: Name 'Length' is not defined  [name-defined]
(diyclassics)cltk/cltk/tests/test_nlp/test_orthophonology.py:41: error: Name 'Vowel' is not defined  [name-defined]
(diyclassics)cltk/cltk/tests/test_nlp/test_orthophonology.py:41: error: Name 'Height' is not defined  [name-defined]
(diyclassics)cltk/cltk/tests/test_nlp/test_orthophonology.py:41: error: Name 'Backness' is not defined  [name-defined]
(diyclassics)cltk/cltk/tests/test_nlp/test_orthophonology.py:41: error: Name 'Roundedness' is not defined  [name-defined]
(diyclassics)cltk/cltk/tests/test_nlp/test_orthophonology.py:41: error: Name 'Length' is not defined  [name-defined]
(diyclassics)cltk/cltk/tests/test_nlp/test_orthophonology.py:42: error: Name 'Vowel' is not defined  [name-defined]
(diyclassics)cltk/cltk/tests/test_nlp/test_orthophonology.py:42: error: Name 'Height' is not defined  [name-defined]
(diyclassics)cltk/cltk/tests/test_nlp/test_orthophonology.py:42: error: Name 'Backness' is not defined  [name-defined]
(diyclassics)cltk/cltk/tests/test_nlp/test_orthophonology.py:42: error: Name 'Roundedness' is not defined  [name-defined]
(diyclassics)cltk/cltk/tests/test_nlp/test_orthophonology.py:42: error: Name 'Length' is not defined  [name-defined]
(diyclassics)cltk/cltk/tests/test_nlp/test_orthophonology.py:92: error: Name 'Orthophonology' is not defined  [name-defined]
(diyclassics)cltk/cltk/tests/test_nlp/test_orthophonology.py:146: error: Name 'BasePhonologicalRule' is not defined  [name-defined]
(diyclassics)cltk/cltk/tests/test_nlp/test_orthophonology.py:147: error: Name 'Consonantal' is not defined  [name-defined]
(diyclassics)cltk/cltk/tests/test_nlp/test_orthophonology.py:148: error: Name 'Consonantal' is not defined  [name-defined]
(diyclassics)cltk/cltk/tests/test_nlp/test_orthophonology.py:150: error: Name 'PhonologicalRule' is not defined  [name-defined]
(diyclassics)cltk/cltk/tests/test_nlp/test_orthophonology.py:151: error: Name 'Consonant' is not defined  [name-defined]
(diyclassics)cltk/cltk/tests/test_nlp/test_orthophonology.py:151: error: Name 'Vowel' is not defined  [name-defined]
(diyclassics)cltk/cltk/tests/test_nlp/test_orthophonology.py:186: error: Name 'Consonantal' is not defined  [name-defined]
(diyclassics)cltk/cltk/tests/test_nlp/test_orthophonology.py:186: error: Name 'Aspirated' is not defined  [name-defined]
(diyclassics)cltk/cltk/tests/test_nlp/test_orthophonology.py:186: error: Name 'W' is not defined  [name-defined]
(diyclassics)cltk/cltk/tests/test_nlp/test_orthophonology.py:186: error: Name 'Backness' is not defined  [name-defined]
(diyclassics)cltk/cltk/tests/test_nlp/test_orthophonology.py:187: error: Name 'Consonantal' is not defined  [name-defined]
(diyclassics)cltk/cltk/tests/test_nlp/test_orthophonology.py:187: error: Name 'Length' is not defined  [name-defined]
(diyclassics)cltk/cltk/tests/test_nlp/test_orthophonology.py:187: error: Name 'Manner' is not defined  [name-defined]
(diyclassics)cltk/cltk/tests/test_nlp/test_orthophonology.py:187: error: Name 'W' is not defined  [name-defined]
(diyclassics)cltk/cltk/tests/test_nlp/test_orthophonology.py:188: error: Name 'Manner' is not defined  [name-defined]
(diyclassics)cltk/cltk/tests/test_nlp/test_orthophonology.py:188: error: Name 'Consonantal' is not defined  [name-defined]
(diyclassics)cltk/cltk/tests/test_nlp/test_orthophonology.py:189: error: Name 'Consonantal' is not defined  [name-defined]
(diyclassics)cltk/cltk/tests/test_nlp/test_orthophonology.py:189: error: Name 'Aspirated' is not defined  [name-defined]
(diyclassics)cltk/cltk/tests/test_nlp/test_orthophonology.py:189: error: Name 'S' is not defined  [name-defined]
(diyclassics)cltk/cltk/tests/test_nlp/test_orthophonology.py:189: error: Name 'Height' is not defined  [name-defined]
(diyclassics)cltk/cltk/tests/test_nlp/test_orthophonology.py:190: error: Name 'ANY' is not defined  [name-defined]
(diyclassics)cltk/cltk/tests/test_nlp/test_orthophonology.py:190: note: Did you forget to import it from "typing"? (Suggestion: "from typing import Any")
(diyclassics)cltk/cltk/tests/test_nlp/test_orthophonology.py:190: error: Name 'Backness' is not defined  [name-defined]
(diyclassics)cltk/cltk/tests/test_nlp/test_orthophonology.py:191: error: Name 'ANY' is not defined  [name-defined]
(diyclassics)cltk/cltk/tests/test_nlp/test_orthophonology.py:191: note: Did you forget to import it from "typing"? (Suggestion: "from typing import Any")
(diyclassics)cltk/cltk/tests/test_nlp/test_orthophonology.py:191: error: Name 'Backness' is not defined  [name-defined]
(diyclassics)cltk/cltk/tests/test_nlp/test_orthophonology.py:192: error: Name 'ANY' is not defined  [name-defined]
(diyclassics)cltk/cltk/tests/test_nlp/test_orthophonology.py:192: note: Did you forget to import it from "typing"? (Suggestion: "from typing import Any")
(diyclassics)cltk/cltk/tests/test_nlp/test_orthophonology.py:192: error: Name 'Backness' is not defined  [name-defined]
(diyclassics)cltk/cltk/tests/test_nlp/test_orthophonology.py:193: error: Name 'W' is not defined  [name-defined]
(diyclassics)cltk/cltk/tests/test_nlp/test_orthophonology.py:193: error: Name 'ANY' is not defined  [name-defined]
(diyclassics)cltk/cltk/tests/test_nlp/test_orthophonology.py:193: note: Did you forget to import it from "typing"? (Suggestion: "from typing import Any")
(diyclassics)cltk/cltk/tests/test_nlp/test_orthophonology.py:194: error: Name 'ANY' is not defined  [name-defined]
(diyclassics)cltk/cltk/tests/test_nlp/test_orthophonology.py:194: note: Did you forget to import it from "typing"? (Suggestion: "from typing import Any")
(diyclassics)cltk/cltk/tests/test_nlp/test_orthophonology.py:195: error: Name 'ANY' is not defined  [name-defined]
(diyclassics)cltk/cltk/tests/test_nlp/test_orthophonology.py:195: note: Did you forget to import it from "typing"? (Suggestion: "from typing import Any")
(diyclassics)cltk/cltk/tests/test_nlp/test_orthophonology.py:274: error: Name 'test_add_rule' already defined on line 270  [no-redef]
(diyclassics)cltk/cltk/tests/test_nlp/test_tag.py:137: error: Name 'test_check_latest_latin' already defined on line 131  [no-redef]
(diyclassics)cltk/cltk/tests/test_languages/test_middle_high_german.py:85: error: Name 'test_middle_high_german_normalizer' already defined on line 67  [no-redef]
Found 208 errors in 8 files (checked 82 source files)

[RRepo](mesosphere)dcos-kafka-service
(mesosphere)dcos-kafka-service/tools/universe/package_manager.py:13: error: No parent module -- cannot perform relative import  [misc]
Found 1 error in 1 file (checked 80 source files)

[RRepo](DXsmiley)mathbot
(DXsmiley)mathbot/mathbot/update_logo.py:17: error: invalid syntax  [syntax]
Found 1 error in 1 file (checked 48 source files)

[RRepo](ginoledesma)curb_energy
(ginoledesma)curb_energy/src/curb_energy/models.py:40: error: Incompatible return value type (got "Optional[str]", expected "str")  [return-value]
(ginoledesma)curb_energy/src/curb_energy/models.py:177: error: Argument 1 of "__ne__" is incompatible with supertype "object"; supertype defines the argument type as "object"  [override]
(ginoledesma)curb_energy/src/curb_energy/models.py:209: error: Argument 1 of "__eq__" is incompatible with supertype "object"; supertype defines the argument type as "object"  [override]
(ginoledesma)curb_energy/src/curb_energy/models.py:209: note: It is recommended for "__eq__" to work with arbitrary objects, for example:
(ginoledesma)curb_energy/src/curb_energy/models.py:209: note:     def __eq__(self, other: object) -> bool:
(ginoledesma)curb_energy/src/curb_energy/models.py:209: note:         if not isinstance(other, SensorGroup):
(ginoledesma)curb_energy/src/curb_energy/models.py:209: note:             return NotImplemented
(ginoledesma)curb_energy/src/curb_energy/models.py:209: note:         return <logic to compare two SensorGroup instances>
(ginoledesma)curb_energy/src/curb_energy/models.py:215: error: Argument 1 of "__ne__" is incompatible with supertype "object"; supertype defines the argument type as "object"  [override]
(ginoledesma)curb_energy/docs/conf.py:119: error: Need type annotation for 'html_static_path' (hint: "html_static_path: List[<type>] = ...")  [var-annotated]
(ginoledesma)curb_energy/docs/conf.py:130: error: Need type annotation for 'latex_elements' (hint: "latex_elements: Dict[<type>, <type>] = ...")  [var-annotated]
Found 6 errors in 2 files (checked 11 source files)

[RRepo](ament)ament_lint
(ament)ament_lint/ament_flake8/ament_flake8/legacy.py:29: error: Need type annotation for 'errors' (hint: "errors: List[<type>] = ...")  [var-annotated]
(ament)ament_lint/ament_flake8/ament_flake8/legacy.py:30: error: Need type annotation for 'files' (hint: "files: List[<type>] = ...")  [var-annotated]
Found 2 errors in 1 file (checked 13 source files)

[RRepo](robinkjoy)systemrdl-compiler
(robinkjoy)systemrdl-compiler/systemrdlcompiler/parser/antlr/SystemRDLListener.py:9: error: Name 'ParseTreeListener' is not defined  [name-defined]
(robinkjoy)systemrdl-compiler/systemrdlcompiler/parser/preproc.py:60: error: Need type annotation for 'defines' (hint: "defines: Dict[<type>, <type>] = ...")  [var-annotated]

[RRepo](secrary)SSMA
(secrary)SSMA/ext/validate_email.py:38: error: Name 'ServerError' already defined on line 33  [no-redef]
(secrary)SSMA/ext/validate_email.py:95: error: Need type annotation for 'MX_DNS_CACHE' (hint: "MX_DNS_CACHE: Dict[<type>, <type>] = ...")  [var-annotated]
(secrary)SSMA/ext/validate_email.py:96: error: Need type annotation for 'MX_CHECK_CACHE' (hint: "MX_CHECK_CACHE: Dict[<type>, <type>] = ...")  [var-annotated]
Found 3 errors in 1 file (checked 11 source files)

[RRepo](google)pikov
(google)pikov/python/pikov/json.py:18: error: No parent module -- cannot perform relative import  [misc]
Found 1 error in 1 file (checked 7 source files)

[RRepo](JuliusKunze)speechless
(JuliusKunze)speechless/speechless/grapheme_enconding.py:9: error: Function "builtins.chr" is not valid as a type  [valid-type]
(JuliusKunze)speechless/speechless/grapheme_enconding.py:9: note: Perhaps you need "Callable[...]" or a callback protocol?
(JuliusKunze)speechless/speechless/grapheme_enconding.py:15: error: Function "builtins.chr" is not valid as a type  [valid-type]
(JuliusKunze)speechless/speechless/grapheme_enconding.py:15: note: Perhaps you need "Callable[...]" or a callback protocol?
(JuliusKunze)speechless/speechless/grapheme_enconding.py:38: error: Argument "previous_grapheme" to "decode_grapheme" of "GraphemeEncodingBase" has incompatible type "Optional[int]"; expected "int"  [arg-type]
(JuliusKunze)speechless/speechless/grapheme_enconding.py:65: error: Function "builtins.chr" is not valid as a type  [valid-type]
(JuliusKunze)speechless/speechless/grapheme_enconding.py:65: note: Perhaps you need "Callable[...]" or a callback protocol?
(JuliusKunze)speechless/speechless/grapheme_enconding.py:122: error: Function "builtins.chr" is not valid as a type  [valid-type]
(JuliusKunze)speechless/speechless/grapheme_enconding.py:122: note: Perhaps you need "Callable[...]" or a callback protocol?

[RRepo](brettcannon)free-labour
(brettcannon)free-labour/freelabour/conf.py:8: error: No parent module -- cannot perform relative import  [misc]
Found 1 error in 1 file (checked 4 source files)

[RRepo](popcorn9499)chatBot
(popcorn9499)chatBot/modulesOld/youtube.py:13: error: Module 'modules' has no attribute 'variables'  [attr-defined]
(popcorn9499)chatBot/modulesOld/youtube.py:14: error: Module 'modules' has no attribute 'mainBot'  [attr-defined]
(popcorn9499)chatBot/modulesOld/youtube.py:15: error: Module 'modules' has no attribute 'fileIO'  [attr-defined]
(popcorn9499)chatBot/testLog.py:31: error: Incompatible types in assignment (expression has type "Logger", variable has type "Callable[[Any], Any]")  [assignment]
(popcorn9499)chatBot/testLog.py:33: error: "Callable[[Any], Any]" has no attribute "setLevel"  [attr-defined]
(popcorn9499)chatBot/testLog.py:46: error: "Callable[[Any], Any]" has no attribute "addHandler"  [attr-defined]
(popcorn9499)chatBot/testLog.py:58: error: "Callable[[Any], Any]" has no attribute "debug"  [attr-defined]
(popcorn9499)chatBot/modulesOld/twitchCommands.py:1: error: Module 'modules' has no attribute 'variables'  [attr-defined]
(popcorn9499)chatBot/modulesOld/twitchCommands.py:2: error: Module 'modules' has no attribute 'mainBot'  [attr-defined]
(popcorn9499)chatBot/utils/config.py:13: error: Need type annotation for 'discordServerInfo' (hint: "discordServerInfo: Dict[<type>, <type>] = ...")  [var-annotated]
(popcorn9499)chatBot/utils/config.py:14: error: Need type annotation for 'discordRoles' (hint: "discordRoles: Dict[<type>, <type>] = ...")  [var-annotated]

[RRepo](Cloudzero)cloudzero-reactor-aws
(Cloudzero)cloudzero-reactor-aws/docs/conf.py:132: error: Need type annotation for 'latex_elements' (hint: "latex_elements: Dict[<type>, <type>] = ...")  [var-annotated]
(Cloudzero)cloudzero-reactor-aws/reactor/features/accounts/probe_plugins/ec2/network_interface.py:13: error: Module has no attribute "setup_logging"  [attr-defined]
(Cloudzero)cloudzero-reactor-aws/reactor/features/accounts/probe_plugins/ec2/instance.py:13: error: Module has no attribute "setup_logging"  [attr-defined]
(Cloudzero)cloudzero-reactor-aws/reactor/features/accounts/probe_plugins/ec2/vpc.py:13: error: Module has no attribute "setup_logging"  [attr-defined]
(Cloudzero)cloudzero-reactor-aws/reactor/features/accounts/probe_plugins/ec2/default.py:13: error: Module has no attribute "setup_logging"  [attr-defined]
(Cloudzero)cloudzero-reactor-aws/reactor/aws/provider.py:9: error: Module 'lambda_tools' has no attribute 'setup_logging'  [attr-defined]
(Cloudzero)cloudzero-reactor-aws/reactor/aws/provider.py:10: error: Module 'reactor.utils' has no attribute 'boto3_service_name'  [attr-defined]
(Cloudzero)cloudzero-reactor-aws/test/integration/database/models/dynamodb/test_cz_reactor_environments.py:6: error: Module 'reactor.database.models.dynamodb' has no attribute 'DataNotFound'  [attr-defined]
(Cloudzero)cloudzero-reactor-aws/test/integration/database/models/dynamodb/test_cz_reactor_reconciled_resources.py:11: error: Module 'reactor.database.models.dynamodb' has no attribute 'CZReactorReconciledResources'  [attr-defined]

[RRepo](Karaage-Cluster)python-tldap
(Karaage-Cluster)python-tldap/tldap/dict.py:34: error: Need type annotation for '_dict' (hint: "_dict: Dict[<type>, <type>] = ...")  [var-annotated]
(Karaage-Cluster)python-tldap/tldap/dict.py:47: error: Function "builtins.any" is not valid as a type  [valid-type]
(Karaage-Cluster)python-tldap/tldap/dict.py:47: note: Perhaps you need "Callable[...]" or a callback protocol?
(Karaage-Cluster)python-tldap/tldap/dict.py:64: error: Function "builtins.any" is not valid as a type  [valid-type]
(Karaage-Cluster)python-tldap/tldap/dict.py:64: note: Perhaps you need "Callable[...]" or a callback protocol?
(Karaage-Cluster)python-tldap/tldap/dict.py:71: error: Function "builtins.any" is not valid as a type  [valid-type]
(Karaage-Cluster)python-tldap/tldap/dict.py:71: note: Perhaps you need "Callable[...]" or a callback protocol?
(Karaage-Cluster)python-tldap/tldap/dict.py:87: error: Argument 1 to "CaseInsensitiveDict" has incompatible type "Optional[Set[str]]"; expected "Set[str]"  [arg-type]
(Karaage-Cluster)python-tldap/tldap/dict.py:98: error: Function "builtins.any" is not valid as a type  [valid-type]
(Karaage-Cluster)python-tldap/tldap/dict.py:98: note: Perhaps you need "Callable[...]" or a callback protocol?
(Karaage-Cluster)python-tldap/tldap/dict.py:111: error: Function "builtins.any" is not valid as a type  [valid-type]
(Karaage-Cluster)python-tldap/tldap/dict.py:111: note: Perhaps you need "Callable[...]" or a callback protocol?
(Karaage-Cluster)python-tldap/tldap/dict.py:115: error: Argument 2 to "ImmutableDict" has incompatible type "CaseInsensitiveDict"; expected "Optional[Dict[Any, Any]]"  [arg-type]
(Karaage-Cluster)python-tldap/tldap/dict.py:117: error: Function "builtins.any" is not valid as a type  [valid-type]
(Karaage-Cluster)python-tldap/tldap/dict.py:117: note: Perhaps you need "Callable[...]" or a callback protocol?
(Karaage-Cluster)python-tldap/tldap/dict.py:126: error: Function "builtins.any" is not valid as a type  [valid-type]
(Karaage-Cluster)python-tldap/tldap/dict.py:126: note: Perhaps you need "Callable[...]" or a callback protocol?

[RRepo](baffelli)pyperator
(baffelli)pyperator/pyperator/exceptions.py:32: error: Not all arguments converted during string formatting  [str-format]
(baffelli)pyperator/pyperator/tests/test_DAG.py:4: error: Relative import climbs too many namespaces  [misc]
(baffelli)pyperator/pyperator/shell.py:269: error: Not all arguments converted during string formatting  [str-format]
(baffelli)pyperator/pyperator/shell.py:387: error: Not all arguments converted during string formatting  [str-format]
(baffelli)pyperator/pyperator/shell.py:405: error: Not all arguments converted during string formatting  [str-format]
(baffelli)pyperator/pyperator/nodes.py:107: error: Not all arguments converted during string formatting  [str-format]
(baffelli)pyperator/pyperator/components.py:354: error: Name 'Repeat' already defined on line 239  [no-redef]
(baffelli)pyperator/pyperator/DAG.py:219: error: Not all arguments converted during string formatting  [str-format]
(baffelli)pyperator/pyperator/DAG.py:230: error: Not all arguments converted during string formatting  [str-format]
(baffelli)pyperator/pyperator/utils.py:193: error: Not all arguments converted during string formatting  [str-format]
(baffelli)pyperator/pyperator/utils.py:261: error: Not all arguments converted during string formatting  [str-format]
(baffelli)pyperator/pyperator/gui.py:14: error: Name 'gui' is not defined  [name-defined]
Found 12 errors in 8 files (checked 12 source files)

[RRepo](scienceopen)pymap3d
(scienceopen)pymap3d/tests/benchmark_vincenty.py:48: error: Incompatible types in assignment (expression has type "Namespace", variable has type "ArgumentParser")  [assignment]
(scienceopen)pymap3d/tests/benchmark_vincenty.py:50: error: "ArgumentParser" has no attribute "N"  [attr-defined]
(scienceopen)pymap3d/tests/benchmark_vincenty.py:51: error: "ArgumentParser" has no attribute "N"  [attr-defined]
(scienceopen)pymap3d/tests/test_main.py:36: error: Module has no attribute "Ellipsoid"  [attr-defined]
(scienceopen)pymap3d/tests/test_geodetic.py:21: error: Module has no attribute "Ellipsoid"  [attr-defined]
(scienceopen)pymap3d/radec2azel.py:7: error: Module 'pymap3d' has no attribute 'radec2azel'  [attr-defined]
(scienceopen)pymap3d/azel2radec.py:7: error: Module 'pymap3d' has no attribute 'azel2radec'  [attr-defined]
Found 7 errors in 5 files (checked 27 source files)

[RRepo](IniterWorker)epitech-stats-notes
(IniterWorker)epitech-stats-notes/config/config.py:2: error: Module 'jsonpo.jsonpo' has no attribute 'JSONPO'  [attr-defined]
(IniterWorker)epitech-stats-notes/config/config.py:3: error: Module 'jsonpo.jsonpo' has no attribute 'JSONSD'  [attr-defined]
(IniterWorker)epitech-stats-notes/profiling/context.py:10: error: The return type of "__init__" must be None  [misc]
(IniterWorker)epitech-stats-notes/profiling/context.py:10: error: Missing return statement  [return]

[RRepo](h2non)siringa
(h2non)siringa/tests/conftest.py:11: error: No parent module -- cannot perform relative import  [misc]
Found 1 error in 1 file (checked 14 source files)

[RRepo](SergeySatskiy)cdm-flowparser
(SergeySatskiy)cdm-flowparser/tests/func_defs.py:22: error: named arguments must follow bare *  [syntax]
Found 1 error in 1 file (checked 15 source files)

[RRepo](qiime2)qiime2
(qiime2)qiime2/qiime2/core/type/parse.py:11: error: No parent module -- cannot perform relative import  [misc]
Found 1 error in 1 file (checked 56 source files)

[RRepo](repology)repology
(repology)repology/repologyapp/graphprocessor.py:99: error: Module has no attribute "ceil"  [attr-defined]
(repology)repology/repology/subprocess.py:31: error: Module has no attribute "Popen"  [attr-defined]
(repology)repology/repology/subprocess.py:32: error: Module has no attribute "PIPE"  [attr-defined]
(repology)repology/repology/subprocess.py:33: error: Module has no attribute "STDOUT"  [attr-defined]
(repology)repology/repology/subprocess.py:43: error: Module has no attribute "CalledProcessError"  [attr-defined]
(repology)repology/repology/subprocess.py:55: error: Module has no attribute "Popen"  [attr-defined]
(repology)repology/repology/subprocess.py:56: error: Module has no attribute "PIPE"  [attr-defined]
(repology)repology/repology/subprocess.py:57: error: Module has no attribute "STDOUT"  [attr-defined]
(repology)repology/repology/subprocess.py:67: error: Module has no attribute "CalledProcessError"  [attr-defined]

[RRepo](mrachinskiy)commotion

[RRepo](jstasiak)python-zeroconf
Success: no issues found in 1 source file

[RRepo](leofnch)kc
(leofnch)kc/hodl/block/Block.py:10: error: No parent module -- cannot perform relative import  [misc]
Found 1 error in 1 file (checked 36 source files)

[RRepo](ClearcodeHQ)pytest-postgresql
(ClearcodeHQ)pytest-postgresql/src/pytest_postgresql/janitor.py:32: error: Variable "janitor.Version" is not valid as a type  [valid-type]
(ClearcodeHQ)pytest-postgresql/src/pytest_postgresql/janitor.py:54: error: Need type annotation for 'cur'  [var-annotated]
(ClearcodeHQ)pytest-postgresql/src/pytest_postgresql/janitor.py:65: error: Need type annotation for 'cur'  [var-annotated]
(ClearcodeHQ)pytest-postgresql/src/pytest_postgresql/janitor.py:77: error: Function "janitor.DatabaseJanitor.cursor" is not valid as a type  [valid-type]
(ClearcodeHQ)pytest-postgresql/src/pytest_postgresql/janitor.py:77: note: Perhaps you need "Callable[...]" or a callback protocol?
Found 4 errors in 1 file (checked 10 source files)

[RRepo](Stewori)pytypes
(Stewori)pytypes/tests/testhelpers/override_testhelper.py:151: error: Type signature has too few arguments  [syntax]
(Stewori)pytypes/tests/testhelpers/override_testhelper_py3.py:229: error: Type signature has too few arguments  [syntax]
(Stewori)pytypes/tests/testhelpers/modulewide_typecheck_testhelper.py:32: error: Function has duplicate type signatures  [syntax]
(Stewori)pytypes/tests/testhelpers/modulewide_typecheck_testhelper.py:36: error: Function has duplicate type signatures  [syntax]
(Stewori)pytypes/tests/testhelpers/modulewide_typecheck_testhelper.py:49: error: Function has duplicate type signatures  [syntax]
(Stewori)pytypes/tests/testhelpers/modulewide_typecheck_testhelper.py:98: error: Function has duplicate type signatures  [syntax]
(Stewori)pytypes/tests/testhelpers/modulewide_typecheck_testhelper.py:102: error: Function has duplicate type signatures  [syntax]
(Stewori)pytypes/tests/testhelpers/modulewide_typecheck_testhelper.py:131: error: Function has duplicate type signatures  [syntax]
(Stewori)pytypes/tests/testhelpers/modulewide_typecheck_testhelper.py:164: error: Function has duplicate type signatures  [syntax]
(Stewori)pytypes/tests/testhelpers/modulewide_typecheck_testhelper.py:168: error: Function has duplicate type signatures  [syntax]
(Stewori)pytypes/tests/testhelpers/modulewide_typecheck_testhelper.py:173: error: Function has duplicate type signatures  [syntax]
(Stewori)pytypes/tests/testhelpers/modulewide_typecheck_testhelper.py:216: error: Function has duplicate type signatures  [syntax]
(Stewori)pytypes/tests/testhelpers/modulewide_typecheck_testhelper.py:220: error: Function has duplicate type signatures  [syntax]
(Stewori)pytypes/tests/testhelpers/modulewide_typecheck_testhelper.py:230: error: Function has duplicate type signatures  [syntax]
Found 14 errors in 3 files (checked 10 source files)

[RRepo](vinitkumar)instabote
(vinitkumar)instabote/tests/unit/test_version.py:6: error: Name 'unittest' is not defined  [name-defined]
(vinitkumar)instabote/tests/unit/test_example.py:7: error: Name 'unittest' is not defined  [name-defined]
(vinitkumar)instabote/tests/unit/test_example.py:18: error: Name 'pytest' is not defined  [name-defined]
Found 3 errors in 2 files (checked 7 source files)

[RRepo](Kane610)axis
(Kane610)axis/axis/param_cgi.py:29: error: "Brand" has no attribute "update"  [attr-defined]
(Kane610)axis/axis/param_cgi.py:33: error: Value of type "Brand" is not indexable  [index]
(Kane610)axis/axis/param_cgi.py:37: error: Value of type "Brand" is not indexable  [index]
(Kane610)axis/axis/param_cgi.py:41: error: Value of type "Brand" is not indexable  [index]
(Kane610)axis/axis/param_cgi.py:45: error: Value of type "Brand" is not indexable  [index]
(Kane610)axis/axis/param_cgi.py:49: error: Value of type "Brand" is not indexable  [index]
(Kane610)axis/axis/param_cgi.py:53: error: Value of type "Brand" is not indexable  [index]
(Kane610)axis/axis/param_cgi.py:57: error: Value of type "Brand" is not indexable  [index]
(Kane610)axis/axis/param_cgi.py:65: error: "Ports" has no attribute "update"  [attr-defined]
(Kane610)axis/axis/param_cgi.py:66: error: "Ports" has no attribute "update"  [attr-defined]
(Kane610)axis/axis/param_cgi.py:67: error: "Ports" has no attribute "update"  [attr-defined]
(Kane610)axis/axis/param_cgi.py:72: error: Value of type "Ports" is not indexable  [index]
(Kane610)axis/axis/param_cgi.py:77: error: Value of type "Ports" is not indexable  [index]
(Kane610)axis/axis/param_cgi.py:83: error: Value of type "Ports" is not indexable  [index]
(Kane610)axis/axis/param_cgi.py:84: error: "Ports" has no attribute "__iter__" (not iterable)  [attr-defined]
(Kane610)axis/axis/param_cgi.py:94: error: "Properties" has no attribute "update"  [attr-defined]
(Kane610)axis/axis/param_cgi.py:98: error: Value of type "Properties" is not indexable  [index]
(Kane610)axis/axis/param_cgi.py:102: error: Value of type "Properties" is not indexable  [index]
(Kane610)axis/axis/param_cgi.py:106: error: Value of type "Properties" is not indexable  [index]
(Kane610)axis/axis/param_cgi.py:110: error: Value of type "Properties" is not indexable  [index]
(Kane610)axis/axis/param_cgi.py:114: error: Value of type "Properties" is not indexable  [index]
(Kane610)axis/axis/param_cgi.py:118: error: Value of type "Properties" is not indexable  [index]
(Kane610)axis/axis/param_cgi.py:122: error: Unsupported right operand type for in ("Properties")  [operator]
(Kane610)axis/axis/param_cgi.py:123: error: Value of type "Properties" is not indexable  [index]
(Kane610)axis/axis/param_cgi.py:124: error: Incompatible return value type (got "None", expected "str")  [return-value]
(Kane610)axis/axis/param_cgi.py:128: error: Value of type "Properties" is not indexable  [index]
(Kane610)axis/axis/param_cgi.py:132: error: Value of type "Properties" is not indexable  [index]
(Kane610)axis/axis/param_cgi.py:136: error: Value of type "Properties" is not indexable  [index]
(Kane610)axis/axis/param_cgi.py:140: error: Value of type "Properties" is not indexable  [index]
(Kane610)axis/axis/param_cgi.py:154: error: Need type annotation for 'raw_params' (hint: "raw_params: Dict[<type>, <type>] = ...")  [var-annotated]
(Kane610)axis/axis/param_cgi.py:154: error: Argument 1 to "dict" has incompatible type "Generator[List[str], None, None]"; expected "Iterable[Tuple[<nothing>, <nothing>]]"  [arg-type]
(Kane610)axis/tests/test_event_stream.py:161: error: Name 'test_manage_event_port_any_init' already defined on line 117  [no-redef]
(Kane610)axis/axis/pwdgrp_cgi.py:94: error: Need type annotation for 'raw_dict' (hint: "raw_dict: Dict[<type>, <type>] = ...")  [var-annotated]
(Kane610)axis/axis/pwdgrp_cgi.py:94: error: Argument 1 to "dict" has incompatible type "Generator[List[str], None, None]"; expected "Iterable[Tuple[<nothing>, <nothing>]]"  [arg-type]
(Kane610)axis/axis/event_stream.py:39: error: Need type annotation for 'events' (hint: "events: Dict[<type>, <type>] = ...")  [var-annotated]
(Kane610)axis/axis/event_stream.py:116: error: Need type annotation for '_callbacks' (hint: "_callbacks: List[<type>] = ...")  [var-annotated]
(Kane610)axis/axis/event_stream.py:165: error: Incompatible types in assignment (expression has type "str", base class "AxisBinaryEvent" defined the type as "None")  [assignment]
(Kane610)axis/axis/event_stream.py:166: error: Incompatible types in assignment (expression has type "str", base class "AxisBinaryEvent" defined the type as "None")  [assignment]
(Kane610)axis/axis/event_stream.py:167: error: Incompatible types in assignment (expression has type "str", base class "AxisBinaryEvent" defined the type as "None")  [assignment]
(Kane610)axis/axis/event_stream.py:185: error: Incompatible types in assignment (expression has type "str", base class "AxisBinaryEvent" defined the type as "None")  [assignment]
(Kane610)axis/axis/event_stream.py:186: error: Incompatible types in assignment (expression has type "str", base class "AxisBinaryEvent" defined the type as "None")  [assignment]
(Kane610)axis/axis/event_stream.py:187: error: Incompatible types in assignment (expression has type "str", base class "AxisBinaryEvent" defined the type as "None")  [assignment]
(Kane610)axis/axis/event_stream.py:205: error: Incompatible types in assignment (expression has type "str", base class "AxisBinaryEvent" defined the type as "None")  [assignment]
(Kane610)axis/axis/event_stream.py:206: error: Incompatible types in assignment (expression has type "str", base class "AxisBinaryEvent" defined the type as "None")  [assignment]
(Kane610)axis/axis/event_stream.py:207: error: Incompatible types in assignment (expression has type "str", base class "AxisBinaryEvent" defined the type as "None")  [assignment]
(Kane610)axis/axis/event_stream.py:215: error: Incompatible types in assignment (expression has type "str", base class "AxisBinaryEvent" defined the type as "None")  [assignment]
(Kane610)axis/axis/event_stream.py:216: error: Incompatible types in assignment (expression has type "str", base class "AxisBinaryEvent" defined the type as "None")  [assignment]
(Kane610)axis/axis/event_stream.py:217: error: Incompatible types in assignment (expression has type "str", base class "AxisBinaryEvent" defined the type as "None")  [assignment]
(Kane610)axis/axis/event_stream.py:235: error: Incompatible types in assignment (expression has type "str", base class "AxisBinaryEvent" defined the type as "None")  [assignment]
(Kane610)axis/axis/event_stream.py:236: error: Incompatible types in assignment (expression has type "str", base class "AxisBinaryEvent" defined the type as "None")  [assignment]
(Kane610)axis/axis/event_stream.py:237: error: Incompatible types in assignment (expression has type "str", base class "AxisBinaryEvent" defined the type as "None")  [assignment]
(Kane610)axis/axis/event_stream.py:255: error: Incompatible types in assignment (expression has type "str", base class "AxisBinaryEvent" defined the type as "None")  [assignment]
(Kane610)axis/axis/event_stream.py:256: error: Incompatible types in assignment (expression has type "str", base class "AxisBinaryEvent" defined the type as "None")  [assignment]
(Kane610)axis/axis/event_stream.py:257: error: Incompatible types in assignment (expression has type "str", base class "AxisBinaryEvent" defined the type as "None")  [assignment]
(Kane610)axis/axis/event_stream.py:280: error: Incompatible types in assignment (expression has type "str", base class "AxisBinaryEvent" defined the type as "None")  [assignment]
(Kane610)axis/axis/event_stream.py:281: error: Incompatible types in assignment (expression has type "str", base class "AxisBinaryEvent" defined the type as "None")  [assignment]
(Kane610)axis/axis/event_stream.py:282: error: Incompatible types in assignment (expression has type "str", base class "AxisBinaryEvent" defined the type as "None")  [assignment]
(Kane610)axis/axis/event_stream.py:300: error: Incompatible types in assignment (expression has type "str", base class "AxisBinaryEvent" defined the type as "None")  [assignment]
(Kane610)axis/axis/event_stream.py:301: error: Incompatible types in assignment (expression has type "str", base class "AxisBinaryEvent" defined the type as "None")  [assignment]
(Kane610)axis/axis/event_stream.py:302: error: Incompatible types in assignment (expression has type "str", base class "AxisBinaryEvent" defined the type as "None")  [assignment]
(Kane610)axis/axis/event_stream.py:318: error: Incompatible types in assignment (expression has type "str", base class "AxisBinaryEvent" defined the type as "None")  [assignment]
(Kane610)axis/axis/event_stream.py:319: error: Incompatible types in assignment (expression has type "str", base class "AxisBinaryEvent" defined the type as "None")  [assignment]
(Kane610)axis/axis/event_stream.py:320: error: Incompatible types in assignment (expression has type "str", base class "AxisBinaryEvent" defined the type as "None")  [assignment]
(Kane610)axis/axis/port_cgi.py:33: error: "object" has no attribute "ports"  [attr-defined]
(Kane610)axis/axis/port_cgi.py:38: error: "object" has no attribute "update_ports"  [attr-defined]
(Kane610)axis/axis/port_cgi.py:39: error: "object" has no attribute "ports"  [attr-defined]
(Kane610)axis/axis/port_cgi.py:47: error: Need type annotation for 'raw_ports' (hint: "raw_ports: Dict[<type>, <type>] = ...")  [var-annotated]
(Kane610)axis/axis/port_cgi.py:50: error: Item "None" of "Optional[Match[str]]" has no attribute "group"  [union-attr]
(Kane610)axis/axis/api.py:15: error: Need type annotation for '_items' (hint: "_items: Dict[<type>, <type>] = ...")  [var-annotated]
(Kane610)axis/axis/vapix.py:40: error: "None" has no attribute "update_ports"  [attr-defined]
(Kane610)axis/axis/__main__.py:54: error: Module has no attribute "run"  [attr-defined]
Found 71 errors in 8 files (checked 18 source files)

[RRepo](emeric254)PyHawaiiBiosReader
(emeric254)PyHawaiiBiosReader/tools/BytesWriter.py:55: error: No overload variant of "__setitem__" of "bytearray" matches argument types "int", "str"  [call-overload]
(emeric254)PyHawaiiBiosReader/tools/BytesWriter.py:55: note: Possible overload variants:
(emeric254)PyHawaiiBiosReader/tools/BytesWriter.py:55: note:     def __setitem__(self, int, int) -> None
(emeric254)PyHawaiiBiosReader/tools/BytesWriter.py:55: note:     def __setitem__(self, slice, Union[Iterable[int], bytes]) -> None
(emeric254)PyHawaiiBiosReader/tools/BytesWriter.py:58: error: No overload variant of "__setitem__" of "bytearray" matches argument types "int", "str"  [call-overload]
(emeric254)PyHawaiiBiosReader/tools/BytesWriter.py:58: note: Possible overload variants:
(emeric254)PyHawaiiBiosReader/tools/BytesWriter.py:58: note:     def __setitem__(self, int, int) -> None
(emeric254)PyHawaiiBiosReader/tools/BytesWriter.py:58: note:     def __setitem__(self, slice, Union[Iterable[int], bytes]) -> None

[RRepo](egnyte)gitlabform
(egnyte)gitlabform/gitlabform/configuration/test/test_projects_and_groups.py:4: error: Module 'gitlabform.configuration' has no attribute 'ConfigurationProjectsAndGroups'  [attr-defined]
Found 1 error in 1 file (checked 14 source files)

[RRepo](Yelp)nerve-tools
Success: no issues found in 6 source files

[RRepo](azogue)hass_config
(azogue)hass_config/cronip.py:288: error: "print" does not return a value  [func-returns-value]
(azogue)hass_config/custom_components/camera/enerpi.py:8: error: Relative import climbs too many namespaces  [misc]
(azogue)hass_config/custom_components/binary_sensor/psychrometrics.py:9: error: Relative import climbs too many namespaces  [misc]
Found 3 errors in 3 files (checked 11 source files)

[RRepo](lgautier)mashing-pumpkins
(lgautier)mashing-pumpkins/src/sequence.py:6: error: Syntax error in type annotation  [syntax]
(lgautier)mashing-pumpkins/src/sequence.py:6: note: Suggestion: Use Tuple[T1, ..., Tn] instead of (T1, ..., Tn)
Found 1 error in 1 file (checked 5 source files)

[RRepo](jhartz)gradefast
(jhartz)gradefast/gradefast/events.py:68: error: Argument 2 to "isinstance" has incompatible type "None"; expected "Union[type, Tuple[Union[type, Tuple[Any, ...]], ...]]"  [arg-type]
(jhartz)gradefast/gradefast/events.py:136: error: Incompatible types in assignment (expression has type "Type[T]", base class "EventHandler" defined the type as "None")  [assignment]
(jhartz)gradefast/gradefast/events.py:139: error: Argument 1 has incompatible type "Event"; expected "T"  [arg-type]
(jhartz)gradefast/gradefast/__main__.py:33: error: Incompatible types in assignment (expression has type "None", variable has type Module)  [assignment]
Found 4 errors in 2 files (checked 12 source files)

[RRepo](openfisca)openfisca-france
(openfisca)openfisca-france/openfisca_france/reforms/inversion_revenus.py:7: error: No parent module -- cannot perform relative import  [misc]
Found 1 error in 1 file (checked 78 source files)

[RRepo](google)graphicsfuzz
(google)graphicsfuzz/python/src/main/python/drivers/backtrace-summary.py:23: error: The return type of a generator function should be "Generator" or one of its supertypes  [misc]
(google)graphicsfuzz/python/src/main/python/drivers/backtrace-summary.py:42: error: Incompatible types in assignment (expression has type "Namespace", variable has type "List[str]")  [assignment]
(google)graphicsfuzz/python/src/main/python/drivers/backtrace-summary.py:44: error: Need type annotation for 'files_to_check' (hint: "files_to_check: List[<type>] = ...")  [var-annotated]
(google)graphicsfuzz/python/src/main/python/drivers/backtrace-summary.py:46: error: "List[str]" has no attribute "files"  [attr-defined]
(google)graphicsfuzz/python/src/main/python/drivers/inspect_compute_results.py:131: error: Incompatible types in assignment (expression has type "Namespace", variable has type "List[str]")  [assignment]
(google)graphicsfuzz/python/src/main/python/drivers/inspect_compute_results.py:134: error: "List[str]" has no attribute "abs_tol"  [attr-defined]
(google)graphicsfuzz/python/src/main/python/drivers/inspect_compute_results.py:135: error: "List[str]" has no attribute "abs_tol"  [attr-defined]
(google)graphicsfuzz/python/src/main/python/drivers/inspect_compute_results.py:144: error: "List[str]" has no attribute "rel_tol"  [attr-defined]
(google)graphicsfuzz/python/src/main/python/drivers/inspect_compute_results.py:145: error: "List[str]" has no attribute "rel_tol"  [attr-defined]
(google)graphicsfuzz/python/src/main/python/drivers/inspect_compute_results.py:153: error: "List[str]" has no attribute "command"  [attr-defined]
(google)graphicsfuzz/python/src/main/python/drivers/inspect_compute_results.py:154: error: "List[str]" has no attribute "inputs"  [attr-defined]
(google)graphicsfuzz/python/src/main/python/drivers/inspect_compute_results.py:156: error: "List[str]" has no attribute "inputs"  [attr-defined]
(google)graphicsfuzz/python/src/main/python/drivers/inspect_compute_results.py:157: error: "List[str]" has no attribute "inputs"  [attr-defined]
(google)graphicsfuzz/python/src/main/python/drivers/inspect_compute_results.py:158: error: "List[str]" has no attribute "inputs"  [attr-defined]
(google)graphicsfuzz/python/src/main/python/drivers/inspect_compute_results.py:161: error: "List[str]" has no attribute "command"  [attr-defined]
(google)graphicsfuzz/python/src/main/python/drivers/inspect_compute_results.py:162: error: "List[str]" has no attribute "inputs"  [attr-defined]
(google)graphicsfuzz/python/src/main/python/drivers/inspect_compute_results.py:164: error: "List[str]" has no attribute "inputs"  [attr-defined]
(google)graphicsfuzz/python/src/main/python/drivers/inspect_compute_results.py:165: error: "List[str]" has no attribute "inputs"  [attr-defined]
(google)graphicsfuzz/python/src/main/python/drivers/inspect_compute_results.py:166: error: "List[str]" has no attribute "inputs"  [attr-defined]
(google)graphicsfuzz/python/src/main/python/drivers/inspect_compute_results.py:169: error: Unsupported left operand type for + ("None")  [operator]
(google)graphicsfuzz/python/src/main/python/drivers/inspect_compute_results.py:169: note: Left operand is of type "Optional[str]"
(google)graphicsfuzz/python/src/main/python/drivers/inspect_compute_results.py:172: error: "List[str]" has no attribute "command"  [attr-defined]
(google)graphicsfuzz/python/src/main/python/drivers/inspect_compute_results.py:173: error: "List[str]" has no attribute "inputs"  [attr-defined]
(google)graphicsfuzz/python/src/main/python/drivers/inspect_compute_results.py:175: error: "List[str]" has no attribute "inputs"  [attr-defined]
(google)graphicsfuzz/python/src/main/python/drivers/inspect_compute_results.py:176: error: "List[str]" has no attribute "inputs"  [attr-defined]
(google)graphicsfuzz/python/src/main/python/drivers/inspect_compute_results.py:177: error: "List[str]" has no attribute "inputs"  [attr-defined]
(google)graphicsfuzz/python/src/main/python/drivers/inspect_compute_results.py:180: error: Unsupported left operand type for + ("None")  [operator]
(google)graphicsfuzz/python/src/main/python/drivers/inspect_compute_results.py:180: note: Left operand is of type "Optional[str]"
(google)graphicsfuzz/python/src/main/python/drivers/inspect_compute_results.py:183: error: "List[str]" has no attribute "command"  [attr-defined]
(google)graphicsfuzz/python/src/main/python/drivers/gapidfuzz.py:122: error: Item "None" of "Optional[Match[str]]" has no attribute "group"  [union-attr]
(google)graphicsfuzz/python/src/main/python/drivers/gapidfuzz.py:133: error: Item "None" of "Optional[Match[str]]" has no attribute "group"  [union-attr]
(google)graphicsfuzz/python/src/main/python/drivers/gapidfuzz.py:236: error: List comprehension has incompatible type List[str]; expected List[Path]  [misc]
(google)graphicsfuzz/python/src/main/python/drivers/gapidfuzz.py:237: error: Incompatible types in assignment (expression has type "List[Path]", target has type "List[str]")  [assignment]
(google)graphicsfuzz/python/src/main/python/drivers/gapidfuzz.py:287: error: Item "None" of "Optional[Match[str]]" has no attribute "group"  [union-attr]
(google)graphicsfuzz/third_party/thrift-py/src/main/scripts/transport/sslcompat.py:80: error: Incompatible types in assignment (expression has type "Callable[[Any, Any, Any], Any]", variable has type "Callable[[Any, Any], Any]")  [assignment]
(google)graphicsfuzz/python/src/main/python/drivers/report-compute-shader-family-results.py:69: error: Incompatible types in assignment (expression has type "Namespace", variable has type "List[str]")  [assignment]
(google)graphicsfuzz/python/src/main/python/drivers/report-compute-shader-family-results.py:71: error: "List[str]" has no attribute "results_directory"  [attr-defined]
(google)graphicsfuzz/python/src/main/python/drivers/report-compute-shader-family-results.py:97: error: Argument 3 to "fuzzy_match" has incompatible type "List[str]"; expected "Namespace"  [arg-type]
(google)graphicsfuzz/third_party/thrift-py/src/main/scripts/transport/THttpClient.py:155: error: Argument 1 to "__withTimeout" has incompatible type "Callable[[THttpClient], Any]"; expected "THttpClient"  [arg-type]
Found 37 errors in 6 files (checked 14 source files)

[RRepo](leosac)leosac
(leosac)leosac/scripts/remote_control.py:31: error: Missing parentheses in call to 'print'. Did you mean print("Non-handled command: ", cmd)?  [syntax]
Found 1 error in 1 file (checked 34 source files)

[RRepo](databricks-edu)build-tooling
(databricks-edu)build-tooling/setup.py:14: error: Module 'distutils.command.sdist' has no attribute 'sdist'  [attr-defined]
(databricks-edu)build-tooling/setup.py:55: error: Need type annotation for 'user_options' (hint: "user_options: List[<type>] = ...")  [var-annotated]
(databricks-edu)build-tooling/db_edu_util/__init__.py:106: error: Implicit return in function which does not return  [misc]
(databricks-edu)build-tooling/db_edu_util/__init__.py:126: error: Implicit return in function which does not return  [misc]
(databricks-edu)build-tooling/db_edu_util/__init__.py:158: error: Implicit return in function which does not return  [misc]
(databricks-edu)build-tooling/db_edu_util/__init__.py:168: error: Implicit return in function which does not return  [misc]
(databricks-edu)build-tooling/db_edu_util/__init__.py:175: error: Item "None" of "Optional[EnhancedTextWrapper]" has no attribute "fill"  [union-attr]
(databricks-edu)build-tooling/db_edu_util/__init__.py:178: error: Implicit return in function which does not return  [misc]
(databricks-edu)build-tooling/db_edu_util/__init__.py:188: error: Implicit return in function which does not return  [misc]
(databricks-edu)build-tooling/db_edu_util/__init__.py:197: error: Implicit return in function which does not return  [misc]
(databricks-edu)build-tooling/db_edu_util/__init__.py:206: error: Implicit return in function which does not return  [misc]
(databricks-edu)build-tooling/db_edu_util/__init__.py:230: error: Incompatible types in "yield" (actual type "str", expected type "None")  [misc]
(databricks-edu)build-tooling/db_edu_util/tests/databricks/test_workspace_path.py:7: error: The return type of a generator function should be "Generator" or one of its supertypes  [misc]
(databricks-edu)build-tooling/db_edu_util/tests/databricks/test_config.py:40: error: The return type of a generator function should be "Generator" or one of its supertypes  [misc]
(databricks-edu)build-tooling/db_edu_util/tests/databricks/test_config.py:52: error: The return type of a generator function should be "Generator" or one of its supertypes  [misc]
Found 15 errors in 4 files (checked 16 source files)

[RRepo](yunity)foodsaving-backend
(yunity)foodsaving-backend/karrot/users/tests/test_data_migrations.py:8: error: Incompatible types in assignment (expression has type "List[Tuple[str, str]]", base class "TestMigrations" defined the type as "None")  [assignment]
(yunity)foodsaving-backend/karrot/users/tests/test_data_migrations.py:9: error: Incompatible types in assignment (expression has type "List[Tuple[str, str]]", base class "TestMigrations" defined the type as "None")  [assignment]
(yunity)foodsaving-backend/karrot/conversations/models.py:155: error: Definition of "Meta" in base class "BaseModel" is incompatible with definition in base class "UpdatedAtMixin"  [misc]
(yunity)foodsaving-backend/karrot/conversations/models.py:155: error: Definition of "Meta" in base class "NicelyFormattedModel" is incompatible with definition in base class "UpdatedAtMixin"  [misc]
(yunity)foodsaving-backend/karrot/conversations/models.py:222: error: Unsupported dynamic base class "BaseManager.from_queryset"  [misc]
(yunity)foodsaving-backend/karrot/conversations/models.py:237: error: Definition of "Meta" in base class "BaseModel" is incompatible with definition in base class "UpdatedAtMixin"  [misc]
(yunity)foodsaving-backend/karrot/conversations/models.py:237: error: Definition of "Meta" in base class "NicelyFormattedModel" is incompatible with definition in base class "UpdatedAtMixin"  [misc]
(yunity)foodsaving-backend/karrot/groups/models.py:59: error: Definition of "Meta" in base class "BaseModel" is incompatible with definition in base class "LocationModel"  [misc]
(yunity)foodsaving-backend/karrot/groups/models.py:59: error: Definition of "Meta" in base class "NicelyFormattedModel" is incompatible with definition in base class "LocationModel"  [misc]
(yunity)foodsaving-backend/karrot/groups/serializers.py:293: error: Need type annotation for 'fields' (hint: "fields: List[<type>] = ...")  [var-annotated]
(yunity)foodsaving-backend/karrot/groups/serializers.py:304: error: Need type annotation for 'fields' (hint: "fields: List[<type>] = ...")  [var-annotated]
(yunity)foodsaving-backend/karrot/management/commands/setup_sparkpost.py:12: error: Need type annotation for 'errors' (hint: "errors: List[<type>] = ...")  [var-annotated]
(yunity)foodsaving-backend/karrot/users/models.py:34: error: Unsupported dynamic base class "BaseUserManager.from_queryset"  [misc]
(yunity)foodsaving-backend/karrot/users/models.py:74: error: Definition of "Meta" in base class "BaseModel" is incompatible with definition in base class "LocationModel"  [misc]
(yunity)foodsaving-backend/karrot/users/models.py:74: error: Definition of "Meta" in base class "NicelyFormattedModel" is incompatible with definition in base class "LocationModel"  [misc]
(yunity)foodsaving-backend/karrot/issues/models.py:10: error: Module 'karrot.issues' has no attribute 'signals'  [attr-defined]
(yunity)foodsaving-backend/karrot/notifications/models.py:45: error: Unsupported dynamic base class "BaseManager.from_queryset"  [misc]
Found 17 errors in 8 files (checked 96 source files)

[RRepo](ANR-COMPASS)shesha
(ANR-COMPASS)shesha/shesha/util/make_apodizer.py:8: error: No parent module -- cannot perform relative import  [misc]
Found 1 error in 1 file (checked 38 source files)

[RRepo](TadLeonard)tfatool
(TadLeonard)tfatool/tfatool/upload.py:7: error: No parent module -- cannot perform relative import  [misc]
Found 1 error in 1 file (checked 8 source files)

[RRepo](RagtagOpen)bidwire
(RagtagOpen)bidwire/bidwire/tests/test_massgov_scraper.py:4: error: No parent module -- cannot perform relative import  [misc]
Found 1 error in 1 file (checked 42 source files)

[RRepo](RalphLipe)somfyrts
Success: no issues found in 3 source files

[RRepo](twitter)pants
(twitter)pants/testprojects/tests/python/pants/conf_test/my_test.py:3: error: No parent module -- cannot perform relative import  [misc]
Found 1 error in 1 file (checked 1015 source files)

[RRepo](undystopia)libjournal
Success: no issues found in 2 source files

[RRepo](darcamo)pyphysim
(darcamo)pyphysim/pyphysim/channels/singleuser.py:9: error: No parent module -- cannot perform relative import  [misc]
Found 1 error in 1 file (checked 31 source files)

[RRepo](Clinical-Genomics)scout
(Clinical-Genomics)scout/scout/demo/resources/generate_test_data.py:15: error: No parent module -- cannot perform relative import  [misc]
Found 1 error in 1 file (checked 224 source files)

[RRepo](PetrPPetrov)beautiful-capi
(PetrPPetrov)beautiful-capi/source/ExternalNamespaceGenerator.py:30: error: Need type annotation for 'nested_namespaces' (hint: "nested_namespaces: List[<type>] = ...")  [var-annotated]
(PetrPPetrov)beautiful-capi/source/ExternalNamespaceGenerator.py:31: error: Need type annotation for 'classes' (hint: "classes: List[<type>] = ...")  [var-annotated]
(PetrPPetrov)beautiful-capi/source/ExternalNamespaceGenerator.py:32: error: Need type annotation for 'enums' (hint: "enums: List[<type>] = ...")  [var-annotated]
(PetrPPetrov)beautiful-capi/source/ExternalNamespaceGenerator.py:39: error: Bracketed expression "[...]" is not valid as a type  [misc]
(PetrPPetrov)beautiful-capi/source/ExternalNamespaceGenerator.py:39: note: Did you mean "List[...]"?
(PetrPPetrov)beautiful-capi/source/Helpers.py:168: error: Bracketed expression "[...]" is not valid as a type  [misc]
(PetrPPetrov)beautiful-capi/source/Helpers.py:168: note: Did you mean "List[...]"?
(PetrPPetrov)beautiful-capi/source/ExternalClassGenerator.py:30: error: Need type annotation for 'enums' (hint: "enums: List[<type>] = ...")  [var-annotated]
(PetrPPetrov)beautiful-capi/source/ExternalClassGenerator.py:41: error: Bracketed expression "[...]" is not valid as a type  [misc]
(PetrPPetrov)beautiful-capi/source/ExternalClassGenerator.py:41: note: Did you mean "List[...]"?
(PetrPPetrov)beautiful-capi/source/ExtensionSemantic.py:31: error: Need type annotation for 'class_stack' (hint: "class_stack: List[<type>] = ...")  [var-annotated]
(PetrPPetrov)beautiful-capi/source/Templates.py:42: error: Invalid type comment or annotation  [valid-type]
(PetrPPetrov)beautiful-capi/source/FileGenerator.py:34: error: Bracketed expression "[...]" is not valid as a type  [misc]
(PetrPPetrov)beautiful-capi/source/FileGenerator.py:34: note: Did you mean "List[...]"?
(PetrPPetrov)beautiful-capi/source/FileGenerator.py:91: error: Invalid type comment or annotation  [valid-type]
(PetrPPetrov)beautiful-capi/source/FileGenerator.py:169: error: Bracketed expression "[...]" is not valid as a type  [misc]
(PetrPPetrov)beautiful-capi/source/FileGenerator.py:169: note: Did you mean "List[...]"?
(PetrPPetrov)beautiful-capi/source/OverloadSuffixes.py:31: error: Need type annotation for 'namespace_stack' (hint: "namespace_stack: List[<type>] = ...")  [var-annotated]
(PetrPPetrov)beautiful-capi/source/OverloadSuffixes.py:34: error: Invalid type comment or annotation  [valid-type]
(PetrPPetrov)beautiful-capi/source/OverloadSuffixes.py:48: error: Bracketed expression "[...]" is not valid as a type  [misc]
(PetrPPetrov)beautiful-capi/source/OverloadSuffixes.py:48: note: Did you mean "List[...]"?
(PetrPPetrov)beautiful-capi/source/OverloadSuffixes.py:50: error: Need type annotation for 'existing_names' (hint: "existing_names: Dict[<type>, <type>] = ...")  [var-annotated]
(PetrPPetrov)beautiful-capi/source/DoxygenCpp.py:29: error: Bracketed expression "[...]" is not valid as a type  [misc]
(PetrPPetrov)beautiful-capi/source/DoxygenCpp.py:29: note: Did you mean "List[...]"?
(PetrPPetrov)beautiful-capi/source/DoxygenCpp.py:37: error: Bracketed expression "[...]" is not valid as a type  [misc]
(PetrPPetrov)beautiful-capi/source/DoxygenCpp.py:37: note: Did you mean "List[...]"?
(PetrPPetrov)beautiful-capi/source/DoxygenCpp.py:38: error: Need type annotation for 'result_lines' (hint: "result_lines: List[<type>] = ...")  [var-annotated]
(PetrPPetrov)beautiful-capi/source/DoxygenCpp.py:66: error: Bracketed expression "[...]" is not valid as a type  [misc]
(PetrPPetrov)beautiful-capi/source/DoxygenCpp.py:66: note: Did you mean "List[...]"?
(PetrPPetrov)beautiful-capi/source/DoxygenCpp.py:165: error: Need type annotation for 'result' (hint: "result: List[<type>] = ...")  [var-annotated]
(PetrPPetrov)beautiful-capi/source/Xsd2Markdown.py:168: error: Bracketed expression "[...]" is not valid as a type  [misc]
(PetrPPetrov)beautiful-capi/source/Xsd2Markdown.py:168: note: Did you mean "List[...]"?
(PetrPPetrov)beautiful-capi/source/FileCache.py:79: error: Need type annotation for 'file2generator' (hint: "file2generator: Dict[<type>, <type>] = ...")  [var-annotated]
(PetrPPetrov)beautiful-capi/source/FileCache.py:82: error: Bracketed expression "[...]" is not valid as a type  [misc]
(PetrPPetrov)beautiful-capi/source/FileCache.py:82: note: Did you mean "List[...]"?
(PetrPPetrov)beautiful-capi/source/FileCache.py:82: error: Invalid type comment or annotation  [valid-type]
(PetrPPetrov)beautiful-capi/source/FileCache.py:87: error: Bracketed expression "[...]" is not valid as a type  [misc]
(PetrPPetrov)beautiful-capi/source/FileCache.py:87: note: Did you mean "List[...]"?
(PetrPPetrov)beautiful-capi/source/FileCache.py:94: error: Bracketed expression "[...]" is not valid as a type  [misc]
(PetrPPetrov)beautiful-capi/source/FileCache.py:94: note: Did you mean "List[...]"?
(PetrPPetrov)beautiful-capi/source/FileCache.py:94: error: Invalid type comment or annotation  [valid-type]
(PetrPPetrov)beautiful-capi/source/FileCache.py:100: error: Bracketed expression "[...]" is not valid as a type  [misc]
(PetrPPetrov)beautiful-capi/source/FileCache.py:100: note: Did you mean "List[...]"?
(PetrPPetrov)beautiful-capi/source/FileCache.py:100: error: Invalid type comment or annotation  [valid-type]
(PetrPPetrov)beautiful-capi/source/FileCache.py:106: error: Bracketed expression "[...]" is not valid as a type  [misc]
(PetrPPetrov)beautiful-capi/source/FileCache.py:106: note: Did you mean "List[...]"?
(PetrPPetrov)beautiful-capi/source/FileCache.py:106: error: Invalid type comment or annotation  [valid-type]
(PetrPPetrov)beautiful-capi/source/FileCache.py:112: error: Bracketed expression "[...]" is not valid as a type  [misc]
(PetrPPetrov)beautiful-capi/source/FileCache.py:112: note: Did you mean "List[...]"?
(PetrPPetrov)beautiful-capi/source/FileCache.py:112: error: Invalid type comment or annotation  [valid-type]
(PetrPPetrov)beautiful-capi/source/FileCache.py:118: error: Bracketed expression "[...]" is not valid as a type  [misc]
(PetrPPetrov)beautiful-capi/source/FileCache.py:118: note: Did you mean "List[...]"?
(PetrPPetrov)beautiful-capi/source/FileCache.py:118: error: Invalid type comment or annotation  [valid-type]
(PetrPPetrov)beautiful-capi/source/FileCache.py:124: error: Bracketed expression "[...]" is not valid as a type  [misc]
(PetrPPetrov)beautiful-capi/source/FileCache.py:124: note: Did you mean "List[...]"?
(PetrPPetrov)beautiful-capi/source/FileCache.py:124: error: Invalid type comment or annotation  [valid-type]
(PetrPPetrov)beautiful-capi/source/FileCache.py:130: error: Bracketed expression "[...]" is not valid as a type  [misc]
(PetrPPetrov)beautiful-capi/source/FileCache.py:130: note: Did you mean "List[...]"?
(PetrPPetrov)beautiful-capi/source/FileCache.py:130: error: Invalid type comment or annotation  [valid-type]
(PetrPPetrov)beautiful-capi/source/FileCache.py:147: error: Bracketed expression "[...]" is not valid as a type  [misc]
(PetrPPetrov)beautiful-capi/source/FileCache.py:147: note: Did you mean "List[...]"?
(PetrPPetrov)beautiful-capi/source/FileCache.py:151: error: Bracketed expression "[...]" is not valid as a type  [misc]
(PetrPPetrov)beautiful-capi/source/FileCache.py:151: note: Did you mean "List[...]"?
(PetrPPetrov)beautiful-capi/source/FileCache.py:155: error: Bracketed expression "[...]" is not valid as a type  [misc]
(PetrPPetrov)beautiful-capi/source/FileCache.py:155: note: Did you mean "List[...]"?
(PetrPPetrov)beautiful-capi/source/FileCache.py:159: error: Bracketed expression "[...]" is not valid as a type  [misc]
(PetrPPetrov)beautiful-capi/source/FileCache.py:159: note: Did you mean "List[...]"?
(PetrPPetrov)beautiful-capi/source/FileCache.py:163: error: Bracketed expression "[...]" is not valid as a type  [misc]
(PetrPPetrov)beautiful-capi/source/FileCache.py:163: note: Did you mean "List[...]"?
(PetrPPetrov)beautiful-capi/source/FileCache.py:167: error: Bracketed expression "[...]" is not valid as a type  [misc]
(PetrPPetrov)beautiful-capi/source/FileCache.py:167: note: Did you mean "List[...]"?
(PetrPPetrov)beautiful-capi/source/FileCache.py:174: error: Bracketed expression "[...]" is not valid as a type  [misc]
(PetrPPetrov)beautiful-capi/source/FileCache.py:174: note: Did you mean "List[...]"?
(PetrPPetrov)beautiful-capi/source/FileCache.py:177: error: Bracketed expression "[...]" is not valid as a type  [misc]
(PetrPPetrov)beautiful-capi/source/FileCache.py:177: note: Did you mean "List[...]"?
(PetrPPetrov)beautiful-capi/source/FileCache.py:180: error: Bracketed expression "[...]" is not valid as a type  [misc]
(PetrPPetrov)beautiful-capi/source/FileCache.py:180: note: Did you mean "List[...]"?
(PetrPPetrov)beautiful-capi/source/FileCache.py:183: error: Bracketed expression "[...]" is not valid as a type  [misc]
(PetrPPetrov)beautiful-capi/source/FileCache.py:183: note: Did you mean "List[...]"?
(PetrPPetrov)beautiful-capi/source/FileCache.py:186: error: Bracketed expression "[...]" is not valid as a type  [misc]
(PetrPPetrov)beautiful-capi/source/FileCache.py:186: note: Did you mean "List[...]"?
(PetrPPetrov)beautiful-capi/source/FileCache.py:189: error: Bracketed expression "[...]" is not valid as a type  [misc]
(PetrPPetrov)beautiful-capi/source/FileCache.py:189: note: Did you mean "List[...]"?
(PetrPPetrov)beautiful-capi/source/FileCache.py:196: error: Bracketed expression "[...]" is not valid as a type  [misc]
(PetrPPetrov)beautiful-capi/source/FileCache.py:196: note: Did you mean "List[...]"?
(PetrPPetrov)beautiful-capi/source/NamespaceGenerator.py:37: error: Need type annotation for 'enum_generators' (hint: "enum_generators: List[<type>] = ...")  [var-annotated]
(PetrPPetrov)beautiful-capi/source/NamespaceGenerator.py:38: error: Need type annotation for 'nested_namespaces' (hint: "nested_namespaces: List[<type>] = ...")  [var-annotated]
(PetrPPetrov)beautiful-capi/source/NamespaceGenerator.py:39: error: Need type annotation for 'external_namespaces' (hint: "external_namespaces: List[<type>] = ...")  [var-annotated]
(PetrPPetrov)beautiful-capi/source/NamespaceGenerator.py:40: error: Need type annotation for 'templates' (hint: "templates: List[<type>] = ...")  [var-annotated]
(PetrPPetrov)beautiful-capi/source/NamespaceGenerator.py:41: error: Need type annotation for 'classes' (hint: "classes: List[<type>] = ...")  [var-annotated]
(PetrPPetrov)beautiful-capi/source/NamespaceGenerator.py:42: error: Need type annotation for 'functions' (hint: "functions: List[<type>] = ...")  [var-annotated]
(PetrPPetrov)beautiful-capi/source/NamespaceGenerator.py:54: error: Bracketed expression "[...]" is not valid as a type  [misc]
(PetrPPetrov)beautiful-capi/source/NamespaceGenerator.py:54: note: Did you mean "List[...]"?
(PetrPPetrov)beautiful-capi/source/BuiltinTypeGenerator.py:35: error: Syntax error in type annotation  [syntax]
(PetrPPetrov)beautiful-capi/source/BuiltinTypeGenerator.py:35: note: Suggestion: Use Tuple[T1, ..., Tn] instead of (T1, ..., Tn)
(PetrPPetrov)beautiful-capi/source/BuiltinTypeGenerator.py:38: error: Syntax error in type annotation  [syntax]
(PetrPPetrov)beautiful-capi/source/BuiltinTypeGenerator.py:38: note: Suggestion: Use Tuple[T1, ..., Tn] instead of (T1, ..., Tn)
(PetrPPetrov)beautiful-capi/source/BuiltinTypeGenerator.py:50: error: Syntax error in type annotation  [syntax]
(PetrPPetrov)beautiful-capi/source/BuiltinTypeGenerator.py:50: note: Suggestion: Use Tuple[T1, ..., Tn] instead of (T1, ..., Tn)
(PetrPPetrov)beautiful-capi/source/BuiltinTypeGenerator.py:82: error: Syntax error in type annotation  [syntax]
(PetrPPetrov)beautiful-capi/source/BuiltinTypeGenerator.py:82: note: Suggestion: Use Tuple[T1, ..., Tn] instead of (T1, ..., Tn)
(PetrPPetrov)beautiful-capi/source/BuiltinTypeGenerator.py:94: error: Syntax error in type annotation  [syntax]
(PetrPPetrov)beautiful-capi/source/BuiltinTypeGenerator.py:94: note: Suggestion: Use Tuple[T1, ..., Tn] instead of (T1, ..., Tn)
(PetrPPetrov)beautiful-capi/source/BuiltinTypeGenerator.py:105: error: Syntax error in type annotation  [syntax]
(PetrPPetrov)beautiful-capi/source/BuiltinTypeGenerator.py:105: note: Suggestion: Use Tuple[T1, ..., Tn] instead of (T1, ..., Tn)
(PetrPPetrov)beautiful-capi/source/BuiltinTypeGenerator.py:121: error: Syntax error in type annotation  [syntax]
(PetrPPetrov)beautiful-capi/source/BuiltinTypeGenerator.py:121: note: Suggestion: Use Tuple[T1, ..., Tn] instead of (T1, ..., Tn)
(PetrPPetrov)beautiful-capi/source/NatvisGenerator.py:33: error: Bracketed expression "[...]" is not valid as a type  [misc]
(PetrPPetrov)beautiful-capi/source/NatvisGenerator.py:33: note: Did you mean "List[...]"?
(PetrPPetrov)beautiful-capi/source/EnumGenerator.py:42: error: Bracketed expression "[...]" is not valid as a type  [misc]
(PetrPPetrov)beautiful-capi/source/EnumGenerator.py:42: note: Did you mean "List[...]"?
(PetrPPetrov)beautiful-capi/source/EnumGenerator.py:107: error: Need type annotation for 'namespace_stack' (hint: "namespace_stack: List[<type>] = ...")  [var-annotated]
(PetrPPetrov)beautiful-capi/source/Callbacks.py:150: error: Bracketed expression "[...]" is not valid as a type  [misc]
(PetrPPetrov)beautiful-capi/source/Callbacks.py:150: note: Did you mean "List[...]"?
(PetrPPetrov)beautiful-capi/source/Callbacks.py:188: error: Bracketed expression "[...]" is not valid as a type  [misc]
(PetrPPetrov)beautiful-capi/source/Callbacks.py:188: note: Did you mean "List[...]"?
(PetrPPetrov)beautiful-capi/source/LibraryCallbacks.py:209: error: Need type annotation for 'callback_names' (hint: "callback_names: List[<type>] = ...")  [var-annotated]
Found 73 errors in 16 files (checked 28 source files)

[RRepo](hpparvi)PyTransit
(hpparvi)PyTransit/src/lpf/ocltdvlpf.py:25: error: Relative import climbs too many namespaces  [misc]
(hpparvi)PyTransit/src/lpf/ocltdvlpf.py:26: error: Relative import climbs too many namespaces  [misc]
(hpparvi)PyTransit/src/lpf/ocltdvlpf.py:28: error: Relative import climbs too many namespaces  [misc]
(hpparvi)PyTransit/src/lpf/oclttvlpf.py:28: error: Relative import climbs too many namespaces  [misc]
(hpparvi)PyTransit/src/lpf/oclttvlpf.py:29: error: Relative import climbs too many namespaces  [misc]
(hpparvi)PyTransit/src/lpf/oclttvlpf.py:30: error: Relative import climbs too many namespaces  [misc]
(hpparvi)PyTransit/src/lpf/oclttvlpf.py:47: error: Item "None" of "Optional[List[Any]]" has no attribute "__iter__" (not iterable)  [union-attr]
(hpparvi)PyTransit/src/utils/misc.py:97: error: Name 'Inl' is not defined  [name-defined]
(hpparvi)PyTransit/src/utils/astrometry.py:17: error: Relative import climbs too many namespaces  [misc]
(hpparvi)PyTransit/src/models/transitmodel.py:32: error: Relative import climbs too many namespaces  [misc]
(hpparvi)PyTransit/src/lpf/baselines/legendrebaseline.py:19: error: Module 'numba' has no attribute 'njit'  [attr-defined]
(hpparvi)PyTransit/src/lpf/baselines/legendrebaseline.py:19: error: Module 'numba' has no attribute 'prange'  [attr-defined]
(hpparvi)PyTransit/src/lpf/baselines/legendrebaseline.py:21: error: Relative import climbs too many namespaces  [misc]
(hpparvi)PyTransit/src/lpf/tesslpf.py:21: error: Module 'numba' has no attribute 'njit'  [attr-defined]
(hpparvi)PyTransit/src/lpf/tesslpf.py:21: error: Module 'numba' has no attribute 'prange'  [attr-defined]
(hpparvi)PyTransit/src/lpf/tesslpf.py:30: error: Relative import climbs too many namespaces  [misc]
(hpparvi)PyTransit/src/lpf/tesslpf.py:31: error: Relative import climbs too many namespaces  [misc]
(hpparvi)PyTransit/src/lpf/tesslpf.py:32: error: Relative import climbs too many namespaces  [misc]
(hpparvi)PyTransit/src/lpf/tesslpf.py:82: error: Cannot determine type of 'ofluxa'  [has-type]
(hpparvi)PyTransit/src/lpf/cntlpf.py:19: error: Module 'numba' has no attribute 'njit'  [attr-defined]
(hpparvi)PyTransit/src/lpf/cntlpf.py:19: error: Module 'numba' has no attribute 'prange'  [attr-defined]
(hpparvi)PyTransit/src/lpf/cntlpf.py:22: error: Relative import climbs too many namespaces  [misc]
(hpparvi)PyTransit/src/lpf/cntlpf.py:23: error: Relative import climbs too many namespaces  [misc]
(hpparvi)PyTransit/src/lpf/cntlpf.py:24: error: Relative import climbs too many namespaces  [misc]
(hpparvi)PyTransit/src/lpf/cntlpf.py:25: error: Relative import climbs too many namespaces  [misc]
(hpparvi)PyTransit/src/lpf/ttvlpf.py:22: error: Module 'numba' has no attribute 'njit'  [attr-defined]
(hpparvi)PyTransit/src/lpf/ttvlpf.py:22: error: Module 'numba' has no attribute 'prange'  [attr-defined]
(hpparvi)PyTransit/src/lpf/ttvlpf.py:24: error: Relative import climbs too many namespaces  [misc]
(hpparvi)PyTransit/src/lpf/ttvlpf.py:25: error: Relative import climbs too many namespaces  [misc]
(hpparvi)PyTransit/src/lpf/ttvlpf.py:26: error: Relative import climbs too many namespaces  [misc]
(hpparvi)PyTransit/src/lpf/ttvlpf.py:27: error: Relative import climbs too many namespaces  [misc]
(hpparvi)PyTransit/src/lpf/tessoclttvlpf.py:20: error: Module 'numba' has no attribute 'njit'  [attr-defined]
(hpparvi)PyTransit/src/lpf/tessoclttvlpf.py:20: error: Module 'numba' has no attribute 'prange'  [attr-defined]
(hpparvi)PyTransit/src/lpf/tessoclttvlpf.py:25: error: Relative import climbs too many namespaces  [misc]
(hpparvi)PyTransit/src/lpf/tessoclttvlpf.py:52: error: "float" has no attribute "n"  [attr-defined]
(hpparvi)PyTransit/src/lpf/ocllpf.py:19: error: Module 'numba' has no attribute 'njit'  [attr-defined]
(hpparvi)PyTransit/src/lpf/ocllpf.py:19: error: Module 'numba' has no attribute 'float64'  [attr-defined]
(hpparvi)PyTransit/src/lpf/ocllpf.py:22: error: Relative import climbs too many namespaces  [misc]
(hpparvi)PyTransit/src/lpf/ocllpf.py:23: error: Relative import climbs too many namespaces  [misc]
(hpparvi)PyTransit/src/lpf/ocllpf.py:50: error: Cannot determine type of 'tm'  [has-type]
(hpparvi)PyTransit/src/lpf/ocllpf.py:51: error: Cannot determine type of 'tm'  [has-type]
(hpparvi)PyTransit/src/lpf/tdvlpf.py:23: error: Module 'numba' has no attribute 'njit'  [attr-defined]
(hpparvi)PyTransit/src/lpf/tdvlpf.py:23: error: Module 'numba' has no attribute 'prange'  [attr-defined]
(hpparvi)PyTransit/src/lpf/tdvlpf.py:25: error: Relative import climbs too many namespaces  [misc]
(hpparvi)PyTransit/src/lpf/tdvlpf.py:26: error: Relative import climbs too many namespaces  [misc]
(hpparvi)PyTransit/src/lpf/tdvlpf.py:27: error: Relative import climbs too many namespaces  [misc]
(hpparvi)PyTransit/src/lpf/tdvlpf.py:28: error: Relative import climbs too many namespaces  [misc]
(hpparvi)PyTransit/src/utils/physics.py:19: error: Module 'numba' has no attribute 'jit'  [attr-defined]
(hpparvi)PyTransit/src/utils/de.py:24: error: Module 'numba' has no attribute 'njit'  [attr-defined]
(hpparvi)PyTransit/src/models/numba/qpower2_nb.py:51: error: Module 'numba' has no attribute 'njit'  [attr-defined]
(hpparvi)PyTransit/src/models/numba/qpower2_nb.py:51: error: Module 'numba' has no attribute 'prange'  [attr-defined]
(hpparvi)PyTransit/src/models/numba/qpower2_nb.py:53: error: Relative import climbs too many namespaces  [misc]
(hpparvi)PyTransit/src/models/numba/ma_uniform_nb.py:43: error: Module 'numba' has no attribute 'njit'  [attr-defined]
(hpparvi)PyTransit/src/models/numba/ma_uniform_nb.py:43: error: Module 'numba' has no attribute 'prange'  [attr-defined]
(hpparvi)PyTransit/src/models/numba/ma_uniform_nb.py:45: error: Relative import climbs too many namespaces  [misc]
(hpparvi)PyTransit/src/models/numba/ma_chromosphere_nb.py:30: error: Module 'numba' has no attribute 'njit'  [attr-defined]
(hpparvi)PyTransit/src/models/numba/ma_chromosphere_nb.py:30: error: Module 'numba' has no attribute 'prange'  [attr-defined]
(hpparvi)PyTransit/src/models/numba/ma_chromosphere_nb.py:33: error: Relative import climbs too many namespaces  [misc]
(hpparvi)PyTransit/src/models/qpower2_cl.py:120: error: "None" has no attribute "nbytes"  [attr-defined]
(hpparvi)PyTransit/notebooks/contamination/src/mocklc.py:113: error: Name 'TabulatedFilter' is not defined  [name-defined]
(hpparvi)PyTransit/notebooks/contamination/src/mocklc.py:116: error: Name 'TabulatedFilter' is not defined  [name-defined]
(hpparvi)PyTransit/notebooks/contamination/src/mocklc.py:121: error: Name 'sdss_g' is not defined  [name-defined]
(hpparvi)PyTransit/notebooks/contamination/src/mocklc.py:121: error: Name 'sdss_r' is not defined  [name-defined]
(hpparvi)PyTransit/notebooks/contamination/src/mocklc.py:121: error: Name 'sdss_i' is not defined  [name-defined]
(hpparvi)PyTransit/notebooks/contamination/src/mocklc.py:121: error: Name 'sdss_z' is not defined  [name-defined]
(hpparvi)PyTransit/notebooks/core.py:9: error: Module 'numba' has no attribute 'njit'  [attr-defined]
Found 66 errors in 20 files (checked 41 source files)

[RRepo](mdklatt)cookiecutter-python-app
(mdklatt)cookiecutter-python-app/{{cookiecutter.project_slug}}/src/{{cookiecutter.app_name}}/cli.py:7: error: No parent module -- cannot perform relative import  [misc]
Found 1 error in 1 file (checked 11 source files)

[RRepo](samuelbroscheit)elvis
(samuelbroscheit)elvis/elvis/elvis.py:11: error: Name 'get_mentions_info' is not defined  [name-defined]
(samuelbroscheit)elvis/elvis/elvis.py:11: error: Name 'gold_info_path' is not defined  [name-defined]
(samuelbroscheit)elvis/elvis/elvis.py:14: error: Name 'pd' is not defined  [name-defined]
(samuelbroscheit)elvis/elvis/elvis.py:16: error: Need type annotation for 'result' (hint: "result: Dict[<type>, <type>] = ...")  [var-annotated]
(samuelbroscheit)elvis/elvis/elvis.py:28: error: Name 'documents_path' is not defined  [name-defined]
(samuelbroscheit)elvis/elvis/elvis.py:30: error: Name 'documents_path' is not defined  [name-defined]
(samuelbroscheit)elvis/elvis/elvis.py:36: error: Name 'documents_path' is not defined  [name-defined]
(samuelbroscheit)elvis/elvis/elvis.py:40: error: Name 'documents_path' is not defined  [name-defined]
(samuelbroscheit)elvis/elvis/elvis.py:42: error: Name 'documents_path' is not defined  [name-defined]
(samuelbroscheit)elvis/elvis/elvis.py:48: error: Name 'documents_path' is not defined  [name-defined]
(samuelbroscheit)elvis/elvis/elvis.py:53: error: Name 'documents_path' is not defined  [name-defined]
Found 11 errors in 1 file (checked 2 source files)

[RRepo](ros2)rclpy
(ros2)rclpy/rclpy/rclpy/exceptions.py:74: error: Cannot find replacement for named format specifier "error_msg"  [str-format]
(ros2)rclpy/rclpy/rclpy/exceptions.py:74: error: Cannot find replacement for named format specifier "parameters"  [str-format]
(ros2)rclpy/rclpy/rclpy/exceptions.py:74: error: Not all arguments converted during string formatting  [str-format]
(ros2)rclpy/rclpy/rclpy/client.py:79: error: "SrvType" has no attribute "Request"  [attr-defined]
(ros2)rclpy/rclpy/rclpy/client.py:122: error: "SrvType" has no attribute "Request"  [attr-defined]
(ros2)rclpy/rclpy/rclpy/service.py:71: error: "SrvType" has no attribute "Response"  [attr-defined]
(ros2)rclpy/rclpy/test/test_action_graph.py:19: error: Module 'rclpy.action' has no attribute 'ActionClient'  [attr-defined]
(ros2)rclpy/rclpy/test/test_action_graph.py:20: error: Module 'rclpy.action' has no attribute 'ActionServer'  [attr-defined]
(ros2)rclpy/rclpy/test/test_action_graph.py:21: error: Module 'rclpy.action' has no attribute 'get_action_client_names_and_types_by_node'  [attr-defined]
(ros2)rclpy/rclpy/test/test_action_graph.py:22: error: Module 'rclpy.action' has no attribute 'get_action_names_and_types'  [attr-defined]
(ros2)rclpy/rclpy/test/test_action_graph.py:23: error: Module 'rclpy.action' has no attribute 'get_action_server_names_and_types_by_node'  [attr-defined]
(ros2)rclpy/rclpy/test/test_action_client.py:20: error: Module 'rclpy.action' has no attribute 'ActionClient'  [attr-defined]
(ros2)rclpy/rclpy/rclpy/impl/rcutils_logger.py:25: error: Need type annotation for '_internal_callers' (hint: "_internal_callers: List[<type>] = ...")  [var-annotated]
(ros2)rclpy/rclpy/rclpy/impl/rcutils_logger.py:76: error: Need type annotation for 'params' (hint: "params: Dict[<type>, <type>] = ...")  [var-annotated]
(ros2)rclpy/rclpy/rclpy/impl/rcutils_logger.py:178: error: Incompatible types in assignment (expression has type "Type[SkipFirst]", target has type "Type[Throttle]")  [assignment]
(ros2)rclpy/rclpy/rclpy/impl/rcutils_logger.py:179: error: Incompatible types in assignment (expression has type "Type[Once]", target has type "Type[Throttle]")  [assignment]
(ros2)rclpy/rclpy/rclpy/publisher.py:67: error: Argument 2 to "isinstance" has incompatible type "MsgType"; expected "Union[type, Tuple[Union[type, Tuple[Any, ...]], ...]]"  [arg-type]
Found 17 errors in 7 files (checked 65 source files)

[RRepo](REGOVAR)Annso
(REGOVAR)Annso/annso/core/model/filter.py:34: error: Name 'Base' is not defined  [name-defined]
(REGOVAR)Annso/annso/core/model/variant.py:22: error: Name 'Base' is not defined  [name-defined]
(REGOVAR)Annso/annso/core/model/file.py:141: error: Name 'Base' is not defined  [name-defined]
(REGOVAR)Annso/annso/core/model/file.py:149: error: Name 'generic_save' is not defined  [name-defined]
(REGOVAR)Annso/annso/core/model/sample.py:37: error: Name 'Base' is not defined  [name-defined]
(REGOVAR)Annso/annso/core/model/sample.py:47: error: Name 'Base' is not defined  [name-defined]
(REGOVAR)Annso/annso/core/model/sample.py:56: error: Name 'Base' is not defined  [name-defined]
(REGOVAR)Annso/annso/core/model/template.py:23: error: Name 'Base' is not defined  [name-defined]
(REGOVAR)Annso/annso/core/model/analysis.py:38: error: Name 'Base' is not defined  [name-defined]
(REGOVAR)Annso/annso/core/model/analysis.py:48: error: Name 'Base' is not defined  [name-defined]
(REGOVAR)Annso/annso/core/framework/postgresql.py:44: error: Name 'RegovarException' is not defined  [name-defined]
(REGOVAR)Annso/annso/core/framework/postgresql.py:49: error: Need type annotation for '__async_jobs' (hint: "__async_jobs: Dict[<type>, <type>] = ...")  [var-annotated]
(REGOVAR)Annso/annso/core/framework/common.py:25: error: Need type annotation for '_instances' (hint: "_instances: Dict[<type>, <type>] = ...")  [var-annotated]
(REGOVAR)Annso/annso/core/core.py:100: error: Name 'log' is not defined  [name-defined]
(REGOVAR)Annso/annso/core/annso/file_manager.py:205: error: Not all arguments converted during string formatting  [str-format]
(REGOVAR)Annso/annso/core/framework/rest.py:18: error: Module 'aiohttp' has no attribute 'MultiDict'  [attr-defined]
(REGOVAR)Annso/annso/api_rest/tus.py:13: error: Module 'aiohttp' has no attribute 'MultiDict'  [attr-defined]
(REGOVAR)Annso/annso/api_rest/tus.py:87: error: Need type annotation for 'route_maping' (hint: "route_maping: Dict[<type>, <type>] = ...")  [var-annotated]
(REGOVAR)Annso/annso/api_rest/rest_common.py:67: error: Name 'ERROR_ROOT_URL' is not defined  [name-defined]
(REGOVAR)Annso/annso/api_rest/rest_common.py:110: error: No overload variant of "get" of "TypeConversionDict" matches argument types "str", "str", "object"  [call-overload]
(REGOVAR)Annso/annso/api_rest/rest_common.py:110: note: Possible overload variants:
(REGOVAR)Annso/annso/api_rest/rest_common.py:110: note:     def [_D] get(self, key: Any, default: _D, type: None = ...) -> Union[Any, _D]
(REGOVAR)Annso/annso/api_rest/rest_common.py:110: note:     def [_D, _R] get(self, key: Any, default: _D, type: Callable[[Any], _R]) -> Union[_R, _D]
(REGOVAR)Annso/annso/api_rest/rest_common.py:110: note:     <2 more non-matching overloads not shown>
(REGOVAR)Annso/annso/api_rest/rest_common.py:118: error: Unsupported right operand type for in ("object")  [operator]
(REGOVAR)Annso/annso/api_rest/rest_common.py:155: error: Argument "f_default" to "fmk_get_query_multiset_parameter" has incompatible type "List[str]"; expected "str"  [arg-type]
(REGOVAR)Annso/annso/api_rest/rest_common.py:188: error: Name 'REST_RANGE_DEFAULT' is not defined  [name-defined]
(REGOVAR)Annso/annso/api_rest/rest_common.py:191: error: Incompatible types in assignment (expression has type "List[str]", variable has type "str")  [assignment]
(REGOVAR)Annso/annso/api_rest/rest_common.py:192: error: Name 'REST_RANGE_MAX' is not defined  [name-defined]
Found 25 errors in 13 files (checked 20 source files)

[RRepo](MrBenGriffin)Amaze
(MrBenGriffin)Amaze/Maze/util.py:62: error: "Com" has no attribute "opposite"  [attr-defined]
(MrBenGriffin)Amaze/Maze/util.py:66: error: "Com" has no attribute "opposite"  [attr-defined]

[RRepo](EeOneDown)spbu4u
(EeOneDown)spbu4u/tg_bot/handlers/registration/as_student.py:1: error: Module 'tg_bot' has no attribute 'bot'  [attr-defined]
(EeOneDown)spbu4u/tg_bot/handlers/registration/as_student.py:2: error: Module 'tg_bot.keyboards' has no attribute 'divisions_keyboard'  [attr-defined]
(EeOneDown)spbu4u/tg_bot/handlers/registration/as_student.py:2: error: Module 'tg_bot.keyboards' has no attribute 'levels_keyboard'  [attr-defined]
(EeOneDown)spbu4u/tg_bot/handlers/registration/as_student.py:2: error: Module 'tg_bot.keyboards' has no attribute 'programs_keyboard'  [attr-defined]
(EeOneDown)spbu4u/tg_bot/handlers/registration/as_student.py:2: error: Module 'tg_bot.keyboards' has no attribute 'years_keyboard'  [attr-defined]
(EeOneDown)spbu4u/tg_bot/handlers/registration/as_student.py:2: error: Module 'tg_bot.keyboards' has no attribute 'groups_keyboard'  [attr-defined]
(EeOneDown)spbu4u/tg_bot/handlers/registration/confirm_reg.py:3: error: Module 'tg_bot' has no attribute 'bot'  [attr-defined]
(EeOneDown)spbu4u/tg_bot/handlers/registration/confirm_reg.py:4: error: Module 'tg_bot.keyboards' has no attribute 'main_keyboard'  [attr-defined]
(EeOneDown)spbu4u/tg_bot/handlers/info.py:2: error: Module 'tg_bot' has no attribute 'bot'  [attr-defined]
(EeOneDown)spbu4u/tg_bot/handlers/info.py:3: error: Module 'tg_bot.keyboards' has no attribute 'special_thanks_keyboard'  [attr-defined]
(EeOneDown)spbu4u/app/main/routes.py:3: error: Module 'app.main' has no attribute 'bp'  [attr-defined]
(EeOneDown)spbu4u/telebot_login/help_decorators.py:5: error: Module 'requests' has no attribute 'ConnectTimeout'  [attr-defined]
(EeOneDown)spbu4u/telebot_login/help_decorators.py:5: error: Module 'requests' has no attribute 'ReadTimeout'; maybe "Timeout"?  [attr-defined]
(EeOneDown)spbu4u/telebot_login/help_decorators.py:11: error: Module 'tg_bot' has no attribute 'bot'  [attr-defined]
(EeOneDown)spbu4u/telebot_login/help_decorators.py:12: error: Module 'tg_bot.keyboards' has no attribute 'link_button'  [attr-defined]
(EeOneDown)spbu4u/tg_bot/handlers/start.py:14: error: Module 'tg_bot' has no attribute 'bot'  [attr-defined]
(EeOneDown)spbu4u/tg_bot/handlers/start.py:15: error: Module 'tg_bot.keyboards' has no attribute 'select_status_keyboard'  [attr-defined]
(EeOneDown)spbu4u/tg_bot/handlers/start.py:15: error: Module 'tg_bot.keyboards' has no attribute 'main_keyboard'  [attr-defined]
(EeOneDown)spbu4u/tg_bot/handlers/start.py:15: error: Module 'tg_bot.keyboards' has no attribute 'link_button'  [attr-defined]
(EeOneDown)spbu4u/tg_bot/handlers/start.py:160: error: Name 'exit_handler' already defined on line 102  [no-redef]
(EeOneDown)spbu4u/tg_bot/handlers/registration/as_educator.py:6: error: Module 'tg_bot' has no attribute 'bot'  [attr-defined]
(EeOneDown)spbu4u/tg_bot/handlers/registration/as_educator.py:7: error: Module 'tg_bot.keyboards' has no attribute 'found_educators_keyboard'  [attr-defined]

[RRepo](abertal)alpha
(abertal)alpha/webapp/tests/test_functional.py:3: error: No parent module -- cannot perform relative import  [misc]
Found 1 error in 1 file (checked 17 source files)

[RRepo](texta-tk)texta
(texta-tk)texta/searcher/dashboard/formaters/single_search_formater.py:11: error: Signature of "format_result" incompatible with supertype "BaseDashboardFormater"  [override]
(texta-tk)texta/searcher/dashboard/formaters/single_search_formater.py:19: error: Need type annotation for 'final_result'  [var-annotated]
(texta-tk)texta/searcher/dashboard/formaters/single_search_formater.py:71: error: Need type annotation for 'final_result' (hint: "final_result: Dict[<type>, <type>] = ...")  [var-annotated]
(texta-tk)texta/searcher/dashboard/formaters/multi_search_formater.py:19: error: Need type annotation for 'final_result'  [var-annotated]
(texta-tk)texta/searcher/dashboard/formaters/multi_search_formater.py:92: error: Need type annotation for 'final_result' (hint: "final_result: Dict[<type>, <type>] = ...")  [var-annotated]
(texta-tk)texta/dataset_importer/templatetags/apptags.py:10: error: Missing return statement  [return]
(texta-tk)texta/task_manager/document_preprocessor/settings.py:11: error: Module 'task_manager.document_preprocessor.preprocessors' has no attribute 'DatePreprocessor'  [attr-defined]
(texta-tk)texta/task_manager/document_preprocessor/settings.py:12: error: Module 'task_manager.document_preprocessor.preprocessors' has no attribute 'MlpPreprocessor'  [attr-defined]
(texta-tk)texta/task_manager/document_preprocessor/settings.py:13: error: Module 'task_manager.document_preprocessor.preprocessors' has no attribute 'TextTaggerPreprocessor'  [attr-defined]
(texta-tk)texta/task_manager/document_preprocessor/settings.py:14: error: Module 'task_manager.document_preprocessor.preprocessors' has no attribute 'MLPLitePreprocessor'  [attr-defined]
(texta-tk)texta/task_manager/document_preprocessor/settings.py:15: error: Module 'task_manager.document_preprocessor.preprocessors' has no attribute 'DatePreprocessor'  [attr-defined]
(texta-tk)texta/task_manager/document_preprocessor/settings.py:16: error: Module 'task_manager.document_preprocessor.preprocessors' has no attribute 'LexTagger'  [attr-defined]
(texta-tk)texta/task_manager/document_preprocessor/settings.py:17: error: Module 'task_manager.document_preprocessor.preprocessors' has no attribute 'ScoroPreprocessor'  [attr-defined]
(texta-tk)texta/task_manager/document_preprocessor/settings.py:18: error: Module 'task_manager.document_preprocessor.preprocessors' has no attribute 'EntityExtractorPreprocessor'  [attr-defined]
(texta-tk)texta/task_manager/document_preprocessor/settings.py:19: error: Module 'task_manager.document_preprocessor.preprocessors' has no attribute 'PaasteametPreprocessor'  [attr-defined]

[RRepo](xahhy)Django-vod
(xahhy)Django-vod/mysite/celery.py:3: error: Module 'celery' has no attribute 'Celery'  [attr-defined]
(xahhy)Django-vod/epg/tasks.py:3: error: Module 'celery' has no attribute 'shared_task'  [attr-defined]
(xahhy)Django-vod/vodmanagement/admin.py:87: error: "Callable[[VodModelAdmin, Any, Any], Any]" has no attribute "short_description"  [attr-defined]
(xahhy)Django-vod/vodmanagement/admin.py:107: error: "Callable[[VodModelAdmin, Any, Any], Any]" has no attribute "short_description"  [attr-defined]
(xahhy)Django-vod/vodmanagement/admin.py:116: error: "Callable[[VodModelAdmin, Any, Any], Any]" has no attribute "short_description"  [attr-defined]
(xahhy)Django-vod/vodmanagement/admin.py:135: error: "Callable[[VodModelAdmin, Any, Any], Any]" has no attribute "short_description"  [attr-defined]
(xahhy)Django-vod/vodmanagement/admin.py:149: error: "Callable[[VodModelAdmin, Any, Any], Any]" has no attribute "short_description"  [attr-defined]
(xahhy)Django-vod/vodmanagement/admin.py:175: error: "Callable[[VodModelAdmin, Any, Any], Any]" has no attribute "short_description"  [attr-defined]
(xahhy)Django-vod/vodmanagement/admin.py:194: error: "Callable[[VideoCategoryModelAdmin, Any], Any]" has no attribute "short_description"  [attr-defined]
(xahhy)Django-vod/vodmanagement/models.py:191: error: "Callable[[VideoCategory], Any]" has no attribute "short_description"  [attr-defined]
(xahhy)Django-vod/vodmanagement/models.py:330: error: "Callable[[Vod], Any]" has no attribute "short_description"  [attr-defined]
(xahhy)Django-vod/vodmanagement/models.py:347: error: "Callable[[Vod], Any]" has no attribute "short_description"  [attr-defined]
(xahhy)Django-vod/vodmanagement/models.py:358: error: "Callable[[Vod], Any]" has no attribute "short_description"  [attr-defined]
Found 13 errors in 4 files (checked 15 source files)

[RRepo](hadware)katalixia
Success: no issues found in 3 source files

[RRepo](cpcloud)slumba
Success: no issues found in 8 source files

[RRepo](Ryp)Reaper
Success: no issues found in 5 source files

[RRepo](JetBrains)kotlin-web-site
(JetBrains)kotlin-web-site/src/pdf.py:109: error: Item "None" of "Optional[Match[str]]" has no attribute "group"  [union-attr]

[RRepo](emeric254)microservice-squeleton
Success: no issues found in 5 source files

