[RRepo](dcos)dcos
(dcos)dcos/pkgpanda/exceptions.py:13: error: Not all arguments converted during string formatting  [str-format]

[RRepo](o19s)elasticsearch-learning-to-rank
(o19s)elasticsearch-learning-to-rank/demo/utils.py:18: error: Incompatible types in assignment (expression has type "None", variable has type "Tuple[str, str]")  [assignment]
(o19s)elasticsearch-learning-to-rank/demo/utils.py:19: error: Incompatible types in assignment (expression has type "None", variable has type "HTTPBasicAuth")  [assignment]
Found 2 errors in 1 file (checked 9 source files)

[RRepo](dslab-epfl)bugbase
(dslab-epfl)bugbase/tests/lib/decorators.py:16: error: Function "builtins.callable" is not valid as a type  [valid-type]
(dslab-epfl)bugbase/tests/lib/decorators.py:16: note: Perhaps you need "Callable[...]" or a callback protocol?
(dslab-epfl)bugbase/tests/lib/structures.py:21: error: Need type annotation for 'plugins' (hint: "plugins: List[<type>] = ...")  [var-annotated]

[RRepo](eliostvs)tomate-indicator-plugin
Success: no issues found in 3 source files

[RRepo](plugaai)aioinflux
(plugaai)aioinflux/docs/conf.py:24: error: Need type annotation for 'meta' (hint: "meta: Dict[<type>, <type>] = ...")  [var-annotated]
(plugaai)aioinflux/docs/conf.py:125: error: Need type annotation for 'latex_elements' (hint: "latex_elements: Dict[<type>, <type>] = ...")  [var-annotated]
(plugaai)aioinflux/tests/testing_utils.py:12: error: Name 'pd' is not defined  [name-defined]
(plugaai)aioinflux/tests/testing_utils.py:12: error: Name 'no_pandas_warning' is not defined  [name-defined]
(plugaai)aioinflux/tests/testing_utils.py:13: error: Name 'aioredis' is not defined  [name-defined]
(plugaai)aioinflux/tests/testing_utils.py:13: error: Name 'no_redis_warning' is not defined  [name-defined]
(plugaai)aioinflux/aioinflux/serialization/dataframe.py:21: error: Name 'df' already defined on line 18  [no-redef]
(plugaai)aioinflux/aioinflux/serialization/dataframe.py:54: error: Name 'series' already defined on line 48  [no-redef]
(plugaai)aioinflux/aioinflux/serialization/dataframe.py:123: error: No overload variant of "sub" matches argument types "Any", "Any"  [call-overload]
(plugaai)aioinflux/aioinflux/serialization/dataframe.py:123: note: Possible overload variants:
(plugaai)aioinflux/aioinflux/serialization/dataframe.py:123: note:     def [AnyStr in (str, bytes)] sub(pattern: AnyStr, repl: AnyStr, string: AnyStr, count: int = ..., flags: Union[int, RegexFlag] = ...) -> AnyStr
(plugaai)aioinflux/aioinflux/serialization/dataframe.py:123: note:     def [AnyStr in (str, bytes)] sub(pattern: AnyStr, repl: Callable[[Match[AnyStr]], AnyStr], string: AnyStr, count: int = ..., flags: Union[int, RegexFlag] = ...) -> AnyStr
(plugaai)aioinflux/aioinflux/serialization/dataframe.py:123: note:     <2 more similar overloads not shown, out of 4 total overloads>
Found 9 errors in 3 files (checked 15 source files)

[RRepo](centaurialpha)pireal
(centaurialpha)pireal/src/gui/query_container/tab_widget.py:25: error: Module 'src' has no attribute 'translations'  [attr-defined]
(centaurialpha)pireal/src/core/interpreter/rast.py:14: error: Incompatible types in assignment (expression has type "date", variable has type "str")  [assignment]
(centaurialpha)pireal/src/core/interpreter/rast.py:17: error: Incompatible types in assignment (expression has type "date", variable has type "str")  [assignment]
(centaurialpha)pireal/src/gui/dialogs/about_dialog.py:34: error: Module 'src' has no attribute 'translations'  [attr-defined]

[RRepo](jerryjiahaha)spe2fits
(jerryjiahaha)spe2fits/spe2fits.py:260: error: Bracketed expression "[...]" is not valid as a type  [misc]
(jerryjiahaha)spe2fits/spe2fits.py:260: note: Did you mean "List[...]"?
Found 1 error in 1 file (checked 4 source files)

[RRepo](ariebovenberg)snug
(ariebovenberg)snug/examples/ns/types.py:14: error: Too many arguments for "object"  [call-arg]
(ariebovenberg)snug/examples/ns/types.py:34: error: Too many arguments for "object"  [call-arg]
(ariebovenberg)snug/examples/ns/types.py:58: error: Too many arguments for "object"  [call-arg]
(ariebovenberg)snug/examples/ns/types.py:62: error: Too many arguments for "object"  [call-arg]
(ariebovenberg)snug/examples/ns/types.py:78: error: Too many arguments for "object"  [call-arg]
(ariebovenberg)snug/examples/ns/types.py:112: error: Too many arguments for "object"  [call-arg]
(ariebovenberg)snug/setup.py:12: error: Need type annotation for 'metadata' (hint: "metadata: Dict[<type>, <type>] = ...")  [var-annotated]
(ariebovenberg)snug/examples/slack/types.py:60: error: Name 'snug.Query' is not defined  [name-defined]
(ariebovenberg)snug/tests/test_pagination.py:50: error: "object" has no attribute "send"  [attr-defined]
(ariebovenberg)snug/tests/test_pagination.py:51: error: "object" has no attribute "send_async"  [attr-defined]
(ariebovenberg)snug/snug/http.py:34: error: Incompatible types in assignment (expression has type "property", base class "object" defined the type as "Callable[[object], str]")  [assignment]
(ariebovenberg)snug/snug/http.py:86: error: Incompatible types in assignment (expression has type "None", base class "object" defined the type as "Callable[[object], int]")  [assignment]
(ariebovenberg)snug/snug/http.py:144: error: Incompatible types in assignment (expression has type "None", base class "object" defined the type as "Callable[[object], int]")  [assignment]
(ariebovenberg)snug/examples/slack/query.py:29: error: "object" has no attribute "prefix_adder"  [attr-defined]
(ariebovenberg)snug/examples/slack/query.py:58: error: Name 'snug.Request' is not defined  [name-defined]
(ariebovenberg)snug/examples/slack/query.py:59: error: "object" has no attribute "GET"  [attr-defined]
(ariebovenberg)snug/examples/slack/query.py:73: error: Name 'snug.Request' is not defined  [name-defined]
(ariebovenberg)snug/examples/slack/query.py:74: error: "object" has no attribute "POST"  [attr-defined]
(ariebovenberg)snug/examples/slack/channels.py:17: error: Name 'snug.Query' is not defined  [name-defined]
(ariebovenberg)snug/examples/slack/channels.py:39: error: Name 'snug.Query' is not defined  [name-defined]
(ariebovenberg)snug/examples/slack/chat.py:9: error: Name 'snug.Query' is not defined  [name-defined]
(ariebovenberg)snug/tutorial/executing_queries.py:6: error: Name 'snug.Query' is not defined  [name-defined]
(ariebovenberg)snug/tutorial/executing_queries.py:8: error: "object" has no attribute "GET"  [attr-defined]
(ariebovenberg)snug/tutorial/executing_queries.py:13: error: Name 'snug.Query' is not defined  [name-defined]
(ariebovenberg)snug/tutorial/executing_queries.py:15: error: "object" has no attribute "PUT"  [attr-defined]
(ariebovenberg)snug/tutorial/composed4.py:6: error: "object" has no attribute "prefix_adder"  [attr-defined]
(ariebovenberg)snug/tutorial/composed4.py:7: error: "object" has no attribute "header_adder"  [attr-defined]
(ariebovenberg)snug/tutorial/composed4.py:12: error: Too few arguments for namedtuple()  [misc]
(ariebovenberg)snug/tutorial/composed4.py:12: error: Too few arguments for "namedtuple"  [call-arg]
(ariebovenberg)snug/tutorial/composed4.py:12: error: Argument 1 to "namedtuple" has incompatible type "ellipsis"; expected "str"  [arg-type]
(ariebovenberg)snug/tutorial/composed4.py:40: error: "object" has no attribute "GET"  [attr-defined]
(ariebovenberg)snug/tutorial/composed4.py:41: error: Name 'snug.Query' is not defined  [name-defined]
(ariebovenberg)snug/tutorial/composed4.py:47: error: "object" has no attribute "PUT"  [attr-defined]
(ariebovenberg)snug/tutorial/composed4.py:48: error: Name 'snug.Query' is not defined  [name-defined]
(ariebovenberg)snug/tutorial/hello_query.py:4: error: Name 'snug.Query' is not defined  [name-defined]
(ariebovenberg)snug/tutorial/hello_query.py:6: error: "object" has no attribute "GET"  [attr-defined]
(ariebovenberg)snug/tutorial/composed2.py:5: error: "object" has no attribute "prefix_adder"  [attr-defined]
(ariebovenberg)snug/tutorial/composed2.py:6: error: "object" has no attribute "header_adder"  [attr-defined]
(ariebovenberg)snug/tutorial/composed2.py:26: error: "object" has no attribute "GET"  [attr-defined]
(ariebovenberg)snug/tutorial/composed2.py:27: error: Name 'snug.Query' is not defined  [name-defined]
(ariebovenberg)snug/tutorial/composed2.py:33: error: "object" has no attribute "PUT"  [attr-defined]
(ariebovenberg)snug/tutorial/composed2.py:34: error: Name 'snug.Query' is not defined  [name-defined]
(ariebovenberg)snug/tutorial/composed0.py:5: error: "object" has no attribute "prefix_adder"  [attr-defined]
(ariebovenberg)snug/tutorial/composed0.py:6: error: "object" has no attribute "header_adder"  [attr-defined]
(ariebovenberg)snug/tutorial/composed0.py:12: error: "object" has no attribute "GET"  [attr-defined]
(ariebovenberg)snug/tutorial/composed0.py:13: error: Name 'snug.Query' is not defined  [name-defined]
(ariebovenberg)snug/tutorial/composed0.py:18: error: "object" has no attribute "PUT"  [attr-defined]
(ariebovenberg)snug/tutorial/composed0.py:19: error: Name 'snug.Query' is not defined  [name-defined]
(ariebovenberg)snug/tutorial/composed_oop.py:6: error: Too few arguments for namedtuple()  [misc]
(ariebovenberg)snug/tutorial/composed_oop.py:6: error: Too few arguments for "namedtuple"  [call-arg]
(ariebovenberg)snug/tutorial/composed_oop.py:6: error: Argument 1 to "namedtuple" has incompatible type "ellipsis"; expected "str"  [arg-type]
(ariebovenberg)snug/tutorial/composed_oop.py:17: error: Name 'snug.Query' is not defined  [name-defined]
(ariebovenberg)snug/tutorial/composed_oop.py:45: error: "object" has no attribute "GET"  [attr-defined]
(ariebovenberg)snug/tutorial/composed_oop.py:54: error: "object" has no attribute "PUT"  [attr-defined]
(ariebovenberg)snug/tutorial/relations.py:6: error: Name 'snug.Query' is not defined  [name-defined]
(ariebovenberg)snug/tutorial/relations.py:15: error: Name 'snug.Query' is not defined  [name-defined]
(ariebovenberg)snug/tutorial/relations.py:17: error: "object" has no attribute "PUT"  [attr-defined]
(ariebovenberg)snug/tutorial/relations.py:20: error: "object" has no attribute "related"  [attr-defined]
(ariebovenberg)snug/tutorial/relations.py:21: error: Name 'snug.Query' is not defined  [name-defined]
(ariebovenberg)snug/tutorial/relations.py:33: error: Name 'snug.Query' is not defined  [name-defined]
(ariebovenberg)snug/tutorial/relations.py:33: error: Name 'datetime' is not defined  [name-defined]
(ariebovenberg)snug/tutorial/relations.py:35: error: "object" has no attribute "GET"  [attr-defined]
(ariebovenberg)snug/tutorial/composed3.py:5: error: "object" has no attribute "prefix_adder"  [attr-defined]
(ariebovenberg)snug/tutorial/composed3.py:6: error: "object" has no attribute "header_adder"  [attr-defined]
(ariebovenberg)snug/tutorial/composed3.py:33: error: "object" has no attribute "GET"  [attr-defined]
(ariebovenberg)snug/tutorial/composed3.py:34: error: Name 'snug.Query' is not defined  [name-defined]
(ariebovenberg)snug/tutorial/composed3.py:40: error: "object" has no attribute "PUT"  [attr-defined]
(ariebovenberg)snug/tutorial/composed3.py:41: error: Name 'snug.Query' is not defined  [name-defined]
(ariebovenberg)snug/tests/test_clients.py:12: error: Name 'urllib' already defined (by an import)  [no-redef]
(ariebovenberg)snug/tests/test_query.py:13: error: Name 'urllib' already defined (by an import)  [no-redef]
(ariebovenberg)snug/tests/test_query.py:28: error: "object" has no attribute "send"  [attr-defined]
(ariebovenberg)snug/tests/py3_only.py:48: error: "object" has no attribute "send_async"  [attr-defined]
(ariebovenberg)snug/tests/test_http.py:28: error: Incompatible types in assignment (expression has type "property", base class "Collection" defined the type as "Callable[[Collection[Any]], int]")  [assignment]
(ariebovenberg)snug/tests/test_http.py:29: error: Incompatible types in assignment (expression has type "property", base class "Iterable" defined the type as "Callable[[Iterable[Any]], Iterator[Any]]")  [assignment]
(ariebovenberg)snug/tests/test_http.py:30: error: Incompatible types in assignment (expression has type "property", base class "Mapping" defined the type as "Callable[[Mapping[Any, Any], Any], Any]")  [assignment]
(ariebovenberg)snug/tests/test_http.py:31: error: Incompatible types in assignment (expression has type "property", base class "object" defined the type as "Callable[[object], str]")  [assignment]
Found 76 errors in 20 files (checked 29 source files)

[RRepo](ms-iot)python
(ms-iot)python/cpython/Tools/hg/hgtouch.py:18: error: invalid syntax  [syntax]
Found 1 error in 1 file (checked 313 source files)

[RRepo](terrycain)razer-drivers
(terrycain)razer-drivers/pylib/openrazer/client/devices/mice.py:32: error: Incompatible return value type (got "None", expected "int")  [return-value]
(terrycain)razer-drivers/pylib/openrazer/client/devices/keyboard.py:108: error: Need type annotation for 'DEVICE_PID_MAP' (hint: "DEVICE_PID_MAP: Dict[<type>, <type>] = ...")  [var-annotated]
(terrycain)razer-drivers/scripts/daemon/chroma_keyboard/standard_effects.py:8: error: Function "builtins.callable" is not valid as a type  [valid-type]
(terrycain)razer-drivers/scripts/daemon/chroma_keyboard/standard_effects.py:8: note: Perhaps you need "Callable[...]" or a callback protocol?
(terrycain)razer-drivers/scripts/daemon/controller.py:87: error: Need type annotation for 'devices' (hint: "devices: Dict[<type>, <type>] = ...")  [var-annotated]
(terrycain)razer-drivers/daemon/openrazer_daemon/hardware/device_base.py:26: error: Need type annotation for 'METHODS' (hint: "METHODS: List[<type>] = ...")  [var-annotated]

[RRepo](PyCQA)pylint
(PyCQA)pylint/tests/functional/not_async_context_manager_py37.py:11: error: invalid syntax  [syntax]
Found 1 error in 1 file (checked 151 source files)

[RRepo](xenu256)QProb
(xenu256)QProb/aggregator/amazon.py:15: error: No parent module -- cannot perform relative import  [misc]
Found 1 error in 1 file (checked 33 source files)

[RRepo](jpurma)Kataja
(jpurma)Kataja/kataja/syntax/IConstituent.py:35: error: Need type annotation for 'editable' (hint: "editable: Dict[<type>, <type>] = ...")  [var-annotated]
(jpurma)Kataja/kataja/syntax/IConstituent.py:36: error: Need type annotation for 'addable' (hint: "addable: List[<type>] = ...")  [var-annotated]
(jpurma)Kataja/kataja/plugins/FreeDrawing/EditableFeatureNode.py:33: error: Need type annotation for 'editable' (hint: "editable: Dict[<type>, <type>] = ...")  [var-annotated]
(jpurma)Kataja/kataja/settings/EdgeSettings.py:27: error: Name 'kataja' is not defined  [name-defined]
(jpurma)Kataja/kataja/settings/EdgeSettings.py:29: error: Need type annotation for 'flat_dict' (hint: "flat_dict: Dict[<type>, <type>] = ...")  [var-annotated]
(jpurma)Kataja/kataja/settings/NodeSettings.py:27: error: Name 'kataja' is not defined  [name-defined]

[RRepo](GoC-Spending)fuzzy-tribble
Success: no issues found in 31 source files

[RRepo](MattiasFredriksson)Blender-Projection_Ops
(MattiasFredriksson)Blender-Projection_Ops/2.8/projection_ops/__init__.py:114: error: Name 'uv_project' is not defined  [name-defined]
(MattiasFredriksson)Blender-Projection_Ops/2.8/projection_ops/__init__.py:114: error: Name 'project' is not defined  [name-defined]
(MattiasFredriksson)Blender-Projection_Ops/2.8/projection_ops/__init__.py:114: error: Name 'mesh_mirror_script' is not defined  [name-defined]
(MattiasFredriksson)Blender-Projection_Ops/2.8/projection_ops/__init__.py:114: error: Name 'align_to_view' is not defined  [name-defined]
(MattiasFredriksson)Blender-Projection_Ops/2.8/projection_ops/align_to_view.py:50: error: Invalid type comment or annotation  [valid-type]
(MattiasFredriksson)Blender-Projection_Ops/2.8/projection_ops/align_to_view.py:50: note: Suggestion: use EnumProperty[...] instead of EnumProperty(...)
(MattiasFredriksson)Blender-Projection_Ops/2.8/projection_ops/align_to_view.py:54: error: Invalid type comment or annotation  [valid-type]
(MattiasFredriksson)Blender-Projection_Ops/2.8/projection_ops/align_to_view.py:54: note: Suggestion: use EnumProperty[...] instead of EnumProperty(...)
(MattiasFredriksson)Blender-Projection_Ops/2.8/projection_ops/align_to_view.py:58: error: Invalid type comment or annotation  [valid-type]
(MattiasFredriksson)Blender-Projection_Ops/2.8/projection_ops/align_to_view.py:58: note: Suggestion: use BoolProperty[...] instead of BoolProperty(...)
(MattiasFredriksson)Blender-Projection_Ops/2.8/projection_ops/project.py:51: error: Invalid type comment or annotation  [valid-type]
(MattiasFredriksson)Blender-Projection_Ops/2.8/projection_ops/project.py:51: note: Suggestion: use EnumProperty[...] instead of EnumProperty(...)
(MattiasFredriksson)Blender-Projection_Ops/2.8/projection_ops/project.py:55: error: Invalid type comment or annotation  [valid-type]
(MattiasFredriksson)Blender-Projection_Ops/2.8/projection_ops/project.py:55: note: Suggestion: use EnumProperty[...] instead of EnumProperty(...)
(MattiasFredriksson)Blender-Projection_Ops/2.8/projection_ops/project.py:59: error: Invalid type comment or annotation  [valid-type]
(MattiasFredriksson)Blender-Projection_Ops/2.8/projection_ops/project.py:59: note: Suggestion: use FloatProperty[...] instead of FloatProperty(...)
(MattiasFredriksson)Blender-Projection_Ops/2.8/projection_ops/project.py:62: error: Invalid type comment or annotation  [valid-type]
(MattiasFredriksson)Blender-Projection_Ops/2.8/projection_ops/project.py:62: note: Suggestion: use FloatProperty[...] instead of FloatProperty(...)
(MattiasFredriksson)Blender-Projection_Ops/2.8/projection_ops/uv_project.py:38: error: Invalid type comment or annotation  [valid-type]
(MattiasFredriksson)Blender-Projection_Ops/2.8/projection_ops/uv_project.py:38: note: Suggestion: use EnumProperty[...] instead of EnumProperty(...)
(MattiasFredriksson)Blender-Projection_Ops/2.8/projection_ops/uv_project.py:41: error: Invalid type comment or annotation  [valid-type]
(MattiasFredriksson)Blender-Projection_Ops/2.8/projection_ops/uv_project.py:41: note: Suggestion: use BoolProperty[...] instead of BoolProperty(...)
(MattiasFredriksson)Blender-Projection_Ops/2.8/projection_ops/uv_project.py:44: error: Invalid type comment or annotation  [valid-type]
(MattiasFredriksson)Blender-Projection_Ops/2.8/projection_ops/uv_project.py:44: note: Suggestion: use BoolProperty[...] instead of BoolProperty(...)
(MattiasFredriksson)Blender-Projection_Ops/2.8/projection_ops/uv_project.py:47: error: Invalid type comment or annotation  [valid-type]
(MattiasFredriksson)Blender-Projection_Ops/2.8/projection_ops/uv_project.py:47: note: Suggestion: use FloatProperty[...] instead of FloatProperty(...)
(MattiasFredriksson)Blender-Projection_Ops/2.8/projection_ops/uv_project.py:50: error: Invalid type comment or annotation  [valid-type]
(MattiasFredriksson)Blender-Projection_Ops/2.8/projection_ops/uv_project.py:50: note: Suggestion: use FloatProperty[...] instead of FloatProperty(...)
(MattiasFredriksson)Blender-Projection_Ops/2.8/projection_ops/uv_project.py:53: error: Invalid type comment or annotation  [valid-type]
(MattiasFredriksson)Blender-Projection_Ops/2.8/projection_ops/uv_project.py:53: note: Suggestion: use FloatVectorProperty[...] instead of FloatVectorProperty(...)
(MattiasFredriksson)Blender-Projection_Ops/2.8/projection_ops/uv_project.py:56: error: Invalid type comment or annotation  [valid-type]
(MattiasFredriksson)Blender-Projection_Ops/2.8/projection_ops/uv_project.py:56: note: Suggestion: use FloatProperty[...] instead of FloatProperty(...)
(MattiasFredriksson)Blender-Projection_Ops/2.8/projection_ops/uv_project.py:59: error: Invalid type comment or annotation  [valid-type]
(MattiasFredriksson)Blender-Projection_Ops/2.8/projection_ops/uv_project.py:59: note: Suggestion: use FloatVectorProperty[...] instead of FloatVectorProperty(...)
(MattiasFredriksson)Blender-Projection_Ops/2.8/projection_ops/uv_project.py:62: error: Invalid type comment or annotation  [valid-type]
(MattiasFredriksson)Blender-Projection_Ops/2.8/projection_ops/uv_project.py:62: note: Suggestion: use FloatProperty[...] instead of FloatProperty(...)
(MattiasFredriksson)Blender-Projection_Ops/2.8/projection_ops/uv_project.py:65: error: Invalid type comment or annotation  [valid-type]
(MattiasFredriksson)Blender-Projection_Ops/2.8/projection_ops/uv_project.py:65: note: Suggestion: use FloatProperty[...] instead of FloatProperty(...)
(MattiasFredriksson)Blender-Projection_Ops/2.8/projection_ops/uv_project.py:68: error: Invalid type comment or annotation  [valid-type]
(MattiasFredriksson)Blender-Projection_Ops/2.8/projection_ops/uv_project.py:68: note: Suggestion: use BoolProperty[...] instead of BoolProperty(...)
Found 22 errors in 4 files (checked 11 source files)

[RRepo](parrt)AniML
(parrt)AniML/dtreeviz/shadow.py:45: error: Syntax error in type annotation  [syntax]
(parrt)AniML/dtreeviz/shadow.py:45: note: Suggestion: Use Tuple[T1, ..., Tn] instead of (T1, ..., Tn)
(parrt)AniML/dtreeviz/shadow.py:161: error: Need type annotation for 'path' (hint: "path: List[<type>] = ...")  [var-annotated]
(parrt)AniML/dtreeviz/shadow.py:210: error: Need type annotation for 'node_to_samples'  [var-annotated]
(parrt)AniML/dtreeviz/shadow.py:235: error: Syntax error in type annotation  [syntax]
(parrt)AniML/dtreeviz/shadow.py:235: note: Suggestion: Use Tuple[T1, ..., Tn] instead of (T1, ..., Tn)
(parrt)AniML/dtreeviz/shadow.py:241: error: Syntax error in type annotation  [syntax]
(parrt)AniML/dtreeviz/shadow.py:241: note: Suggestion: Use Tuple[T1, ..., Tn] instead of (T1, ..., Tn)
(parrt)AniML/dtreeviz/shadow.py:281: error: Syntax error in type annotation  [syntax]
(parrt)AniML/dtreeviz/shadow.py:281: note: Suggestion: Use Tuple[T1, ..., Tn] instead of (T1, ..., Tn)
(parrt)AniML/dtreeviz/shadow.py:294: error: Syntax error in type annotation  [syntax]
(parrt)AniML/dtreeviz/shadow.py:294: note: Suggestion: Use Tuple[T1, ..., Tn] instead of (T1, ..., Tn)
(parrt)AniML/dtreeviz/shadow.py:305: error: Syntax error in type annotation  [syntax]
(parrt)AniML/dtreeviz/shadow.py:305: note: Suggestion: Use Tuple[T1, ..., Tn] instead of (T1, ..., Tn)
(parrt)AniML/dtreeviz/shadow.py:336: error: Missing positional argument "y_train" in call to "ShadowDecTree"  [call-arg]
(parrt)AniML/testing/testone.py:8: error: Name 'viz_iris' already defined (possibly by an import)  [no-redef]
(parrt)AniML/testing/testone.py:40: error: Name 'viz_boston' already defined (possibly by an import)  [no-redef]
(parrt)AniML/testing/testone.py:59: error: Name 'viz_knowledge' already defined (possibly by an import)  [no-redef]
(parrt)AniML/testing/testone.py:79: error: Name 'viz_diabetes' already defined (possibly by an import)  [no-redef]
(parrt)AniML/testing/testone.py:113: error: Name 'viz_digits' already defined (possibly by an import)  [no-redef]
(parrt)AniML/dtreeviz/utils.py:70: error: Missing return statement  [return]
(parrt)AniML/dtreeviz/utils.py:87: error: Incompatible return value type (got "Tuple[float, float]", expected "Tuple[Number, Number]")  [return-value]
Found 16 errors in 3 files (checked 6 source files)

[RRepo](ceddie)bptc_wallet
(ceddie)bptc_wallet/bptc/utils/toposort.py:1: error: Module 'toposort' has no attribute 'toposort_flatten'  [attr-defined]
(ceddie)bptc_wallet/bptc/utils/toposort.py:1: error: Module 'toposort' has no attribute 'toposort_flatten'  [attr-defined]
(ceddie)bptc_wallet/bptc/data/member.py:68: error: Item "None" of "Optional[Any]" has no attribute "info"  [union-attr]

[RRepo](cernyd)gnunigma
(cernyd)gnunigma/data_handler.py:23: error: Incompatible types in assignment (expression has type "str", variable has type Module)  [assignment]
(cernyd)gnunigma/data_handler.py:37: error: "Base" has no attribute "attributes"  [attr-defined]
(cernyd)gnunigma/data_handler.py:38: error: "Base" has no attribute "after"  [attr-defined]
(cernyd)gnunigma/data_handler.py:38: error: "Base" has no attribute "attributes"  [attr-defined]
(cernyd)gnunigma/data_handler.py:39: error: "Base" has no attribute "resizable"  [attr-defined]
(cernyd)gnunigma/data_handler.py:41: error: "Base" has no attribute "iconbitmap"  [attr-defined]
(cernyd)gnunigma/data_handler.py:42: error: "Base" has no attribute "wm_title"  [attr-defined]
(cernyd)gnunigma/data_handler.py:43: error: "Base" has no attribute "grab_set"  [attr-defined]
Found 8 errors in 1 file (checked 3 source files)

[RRepo](vovanbo)aiohttp_json_api
(vovanbo)aiohttp_json_api/aiohttp_json_api/fields/relationships.py:10: error: Relative import climbs too many namespaces  [misc]
(vovanbo)aiohttp_json_api/aiohttp_json_api/fields/relationships.py:11: error: Relative import climbs too many namespaces  [misc]
(vovanbo)aiohttp_json_api/aiohttp_json_api/fields/relationships.py:12: error: Relative import climbs too many namespaces  [misc]
(vovanbo)aiohttp_json_api/aiohttp_json_api/fields/relationships.py:43: error: Need type annotation for 'document'  [var-annotated]
(vovanbo)aiohttp_json_api/aiohttp_json_api/fields/relationships.py:104: error: "List[Any]" has no attribute "update"  [attr-defined]
(vovanbo)aiohttp_json_api/aiohttp_json_api/fields/relationships.py:105: error: Argument 2 to "setdefault" of "dict" has incompatible type "OrderedDict[<nothing>, <nothing>]"; expected "List[Any]"  [arg-type]
(vovanbo)aiohttp_json_api/aiohttp_json_api/fields/relationships.py:106: error: "List[Any]" has no attribute "update"  [attr-defined]
(vovanbo)aiohttp_json_api/aiohttp_json_api/abc/field.py:9: error: Relative import climbs too many namespaces  [misc]
(vovanbo)aiohttp_json_api/aiohttp_json_api/abc/field.py:23: error: Overloaded method has both abstract and non-abstract variants  [misc]
(vovanbo)aiohttp_json_api/aiohttp_json_api/abc/field.py:28: error: Decorated property not supported  [misc]
(vovanbo)aiohttp_json_api/aiohttp_json_api/abc/field.py:33: error: Overloaded method has both abstract and non-abstract variants  [misc]
(vovanbo)aiohttp_json_api/aiohttp_json_api/abc/field.py:38: error: Decorated property not supported  [misc]
(vovanbo)aiohttp_json_api/aiohttp_json_api/abc/contoller.py:4: error: Relative import climbs too many namespaces  [misc]

[RRepo](Hardtack)Flask-Swag
(Hardtack)Flask-Swag/setup.py:9: error: Need type annotation for 'version' (hint: "version: Dict[<type>, <type>] = ...")  [var-annotated]
(Hardtack)Flask-Swag/flask_swag/utils.py:64: error: Argument 2 to "get" of "Mapping" has incompatible type "None"; expected "Union[Dict[str, str], Dict[Any, Any]]"  [arg-type]
(Hardtack)Flask-Swag/flask_swag/extractor/base.py:15: error: Relative import climbs too many namespaces  [misc]
(Hardtack)Flask-Swag/flask_swag/extractor/base.py:16: error: Relative import climbs too many namespaces  [misc]
(Hardtack)Flask-Swag/flask_swag/extractor/base.py:100: error: Incompatible return value type (got "None", expected "str")  [return-value]
(Hardtack)Flask-Swag/flask_swag/extractor/base.py:107: error: Incompatible return value type (got "None", expected "str")  [return-value]
(Hardtack)Flask-Swag/flask_swag/extractor/base.py:116: error: Item "None" of "Optional[Parameter]" has no attribute "annotation"  [union-attr]
(Hardtack)Flask-Swag/flask_swag/extractor/base.py:218: error: Need type annotation for 'endpoints' (hint: "endpoints: Dict[<type>, <type>] = ...")  [var-annotated]
(Hardtack)Flask-Swag/flask_swag/__init__.py:16: error: Module 'flask_swag.extractor' has no attribute 'Extractor'  [attr-defined]
(Hardtack)Flask-Swag/flask_swag/__init__.py:16: error: Module 'flask_swag.extractor' has no attribute 'MarkExtractor'  [attr-defined]
(Hardtack)Flask-Swag/tests/test_extractor.py:10: error: Module 'flask_swag.extractor' has no attribute 'Extractor'  [attr-defined]
(Hardtack)Flask-Swag/tests/test_mark.py:10: error: Module 'flask_swag.extractor' has no attribute 'MarkExtractor'  [attr-defined]
Found 12 errors in 6 files (checked 14 source files)

[RRepo](JLuebben)Floppy
(JLuebben)Floppy/floppy/templates.py:196: error: Need type annotation for 'ELEMENTS' (hint: "ELEMENTS: List[<type>] = ...")  [var-annotated]
(JLuebben)Floppy/floppy/templates.py:243: error: List item 1 has incompatible type "Type[StdoutElement]"; expected "Type[IOElement]"  [list-item]
(JLuebben)Floppy/floppy/templates.py:247: error: List item 1 has incompatible type "Type[DocElement]"; expected "Type[IOElement]"  [list-item]
(JLuebben)Floppy/floppy/reportWidget.py:12: error: Variable "reportWidget.WebView" is not valid as a type  [valid-type]
(JLuebben)Floppy/floppy/reportWidget.py:12: error: Invalid base class "WebView"  [misc]
(JLuebben)Floppy/floppy/floppySettings.py:4: error: Name 'QDialog' is not defined  [name-defined]
(JLuebben)Floppy/floppy/floppySettings.py:106: error: Name 'QLineEdit' is not defined  [name-defined]
(JLuebben)Floppy/floppy/floppySettings.py:120: error: Name 'QSpinBox' is not defined  [name-defined]
(JLuebben)Floppy/floppy/floppySettings.py:140: error: Name 'QSpinBox' is not defined  [name-defined]
(JLuebben)Floppy/floppy/floppySettings.py:161: error: Name 'QSpinBox' is not defined  [name-defined]
(JLuebben)Floppy/floppy/floppySettings.py:182: error: Name 'QSpinBox' is not defined  [name-defined]
(JLuebben)Floppy/floppy/floppySettings.py:203: error: Name 'QSpinBox' is not defined  [name-defined]
(JLuebben)Floppy/floppy/floppySettings.py:224: error: Name 'QSpinBox' is not defined  [name-defined]
(JLuebben)Floppy/floppy/floppySettings.py:245: error: Name 'QPushButton' is not defined  [name-defined]
(JLuebben)Floppy/floppy/floppySettings.py:264: error: Name 'QSpinBox' is not defined  [name-defined]
(JLuebben)Floppy/floppy/floppySettings.py:280: error: Name 'QLineEdit' is not defined  [name-defined]
(JLuebben)Floppy/floppy/floppySettings.py:295: error: Name 'QComboBox' is not defined  [name-defined]
(JLuebben)Floppy/floppy/nodeLib.py:17: error: Too few arguments for "load_module" of "InspectLoader"  [call-arg]
(JLuebben)Floppy/floppy/nodeLib.py:24: error: Name 'QLineEdit' is not defined  [name-defined]
(JLuebben)Floppy/floppy/nodeLib.py:108: error: Name 'QListView' is not defined  [name-defined]
Found 20 errors in 4 files (checked 13 source files)

[RRepo](cenkalti)kuyruk
(cenkalti)kuyruk/tests/integration/forever.py:21: error: Missing parentheses in call to 'print'. Did you mean print("Done.")?  [syntax]
Found 1 error in 1 file (checked 19 source files)

[RRepo](SunDwarf)OWAPI
(SunDwarf)OWAPI/owapi/util.py:93: error: Incompatible types in assignment (expression has type "str", variable has type "float")  [assignment]
(SunDwarf)OWAPI/owapi/v3/__init__.py:53: error: Need type annotation for 'built_dict' (hint: "built_dict: Dict[<type>, <type>] = ...")  [var-annotated]
(SunDwarf)OWAPI/owapi/v3/__init__.py:68: error: Unsupported target for indexed assignment  [index]
(SunDwarf)OWAPI/owapi/v3/__init__.py:69: error: Unsupported target for indexed assignment  [index]
(SunDwarf)OWAPI/owapi/v3/__init__.py:72: error: Value of type "object" is not indexable  [index]
(SunDwarf)OWAPI/owapi/v3/__init__.py:73: error: Value of type "object" is not indexable  [index]
(SunDwarf)OWAPI/owapi/v3/__init__.py:75: error: Value of type "object" is not indexable  [index]
(SunDwarf)OWAPI/owapi/v3/__init__.py:76: error: Value of type "object" is not indexable  [index]
(SunDwarf)OWAPI/owapi/v3/__init__.py:95: error: Need type annotation for 'built_dict' (hint: "built_dict: Dict[<type>, <type>] = ...")  [var-annotated]
(SunDwarf)OWAPI/owapi/v3/__init__.py:105: error: Need type annotation for 'd'  [var-annotated]
(SunDwarf)OWAPI/owapi/v3/__init__.py:126: error: Need type annotation for 'built_dict' (hint: "built_dict: Dict[<type>, <type>] = ...")  [var-annotated]
(SunDwarf)OWAPI/owapi/v3/__init__.py:136: error: Need type annotation for 'd'  [var-annotated]
(SunDwarf)OWAPI/owapi/v3/__init__.py:163: error: Need type annotation for 'built_dict' (hint: "built_dict: Dict[<type>, <type>] = ...")  [var-annotated]
(SunDwarf)OWAPI/owapi/v3/__init__.py:173: error: Need type annotation for 'd'  [var-annotated]
(SunDwarf)OWAPI/owapi/v3/__init__.py:196: error: Need type annotation for 'built_dict' (hint: "built_dict: Dict[<type>, <type>] = ...")  [var-annotated]
(SunDwarf)OWAPI/owapi/v3/__init__.py:206: error: Need type annotation for 'd'  [var-annotated]
(SunDwarf)OWAPI/owapi/v3/__init__.py:240: error: Need type annotation for 'built_dict' (hint: "built_dict: Dict[<type>, <type>] = ...")  [var-annotated]
(SunDwarf)OWAPI/owapi/v3/__init__.py:265: error: Need type annotation for 'built_dict'  [var-annotated]
(SunDwarf)OWAPI/owapi/app.py:85: error: Argument 1 to "InternalServerError" has incompatible type "Exception"; expected "Optional[str]"  [arg-type]
(SunDwarf)OWAPI/owapi/app.py:138: error: Name 'root' already defined on line 31  [no-redef]
(SunDwarf)OWAPI/owapi/blizz_interface.py:191: error: Argument 1 to "HTTPException" has incompatible type "int"; expected "Optional[str]"  [arg-type]
(SunDwarf)OWAPI/owapi/blizz_interface.py:205: error: Argument 1 to "HTTPException" has incompatible type "int"; expected "Optional[str]"  [arg-type]
Found 22 errors in 4 files (checked 5 source files)

[RRepo](conferency)find-my-reviewers
(conferency)find-my-reviewers/app/api/results.py:13: error: No parent module -- cannot perform relative import  [misc]
Found 1 error in 1 file (checked 24 source files)

[RRepo](tomer8007)kik-bot-api-unofficial
(tomer8007)kik-bot-api-unofficial/kik_unofficial/datatypes/xmpp/roster.py:129: error: Name 'self.GroupSearchEntry' is not defined  [name-defined]
Found 1 error in 1 file (checked 21 source files)

[RRepo](chovanecm)sacredboard
(chovanecm)sacredboard/sacredboard/app/data/filestorage/filestorecursor.py:2: error: Module 'sacredboard.app.data' has no attribute 'Cursor'  [attr-defined]
(chovanecm)sacredboard/sacredboard/app/data/pymongo/rundao.py:9: error: Module 'sacredboard.app.data' has no attribute 'NotFoundError'  [attr-defined]
(chovanecm)sacredboard/sacredboard/app/data/pymongo/rundao.py:10: error: Module 'sacredboard.app.data.pymongo' has no attribute 'GenericDAO'  [attr-defined]
(chovanecm)sacredboard/sacredboard/tests/business/test_runfacade.py:17: error: Module 'sacredboard.app.business' has no attribute 'RunFacade'  [attr-defined]
(chovanecm)sacredboard/sacredboard/tests/business/test_runfacade.py:18: error: Module 'sacredboard.app.data' has no attribute 'DataStorage'  [attr-defined]
(chovanecm)sacredboard/sacredboard/tests/business/test_runfacade.py:18: error: Module 'sacredboard.app.data' has no attribute 'MetricsDAO'  [attr-defined]
(chovanecm)sacredboard/sacredboard/tests/business/test_runfacade.py:18: error: Module 'sacredboard.app.data' has no attribute 'NotFoundError'  [attr-defined]
(chovanecm)sacredboard/sacredboard/tests/business/test_runfacade.py:28: error: Name 'test_removing_a_run' already defined on line 22  [no-redef]

[RRepo](tjcsl)ion
(tjcsl)ion/intranet/apps/notifications/tasks.py:6: error: No parent module -- cannot perform relative import  [misc]
Found 1 error in 1 file (checked 80 source files)

[RRepo](codesardine)Jade-Application-Kit
(codesardine)Jade-Application-Kit/JAK/Utils.py:9: error: Need type annotation for 'register' (hint: "register: Dict[<type>, <type>] = ...")  [var-annotated]
(codesardine)Jade-Application-Kit/JAK/Utils.py:25: error: No overload variant of "__getitem__" of "tuple" matches argument type "str"  [call-overload]
(codesardine)Jade-Application-Kit/JAK/Utils.py:25: note: Possible overload variants:
(codesardine)Jade-Application-Kit/JAK/Utils.py:25: note:     def __getitem__(self, int) -> Any
(codesardine)Jade-Application-Kit/JAK/Utils.py:25: note:     def __getitem__(self, slice) -> Tuple[Any, ...]
(codesardine)Jade-Application-Kit/JAK/Utils.py:27: error: Incompatible types in assignment (expression has type "str", variable has type "Tuple[Any, ...]")  [assignment]
(codesardine)Jade-Application-Kit/JAK/Utils.py:31: error: No overload variant of "__getitem__" of "tuple" matches argument type "str"  [call-overload]
(codesardine)Jade-Application-Kit/JAK/Utils.py:31: note: Possible overload variants:
(codesardine)Jade-Application-Kit/JAK/Utils.py:31: note:     def __getitem__(self, int) -> Any
(codesardine)Jade-Application-Kit/JAK/Utils.py:31: note:     def __getitem__(self, slice) -> Tuple[Any, ...]
(codesardine)Jade-Application-Kit/JAK/Utils.py:33: error: Incompatible types in assignment (expression has type "str", variable has type "Tuple[Any, ...]")  [assignment]
(codesardine)Jade-Application-Kit/JAK/Utils.py:69: error: Invalid type comment or annotation  [valid-type]
(codesardine)Jade-Application-Kit/JAK/Utils.py:144: error: "JavaScript" has no attribute "page"  [attr-defined]
(codesardine)Jade-Application-Kit/JAK/Utils.py:147: error: Missing return statement  [return]
(codesardine)Jade-Application-Kit/JAK/Utils.py:158: error: Incompatible return value type (got "bool", expected "str")  [return-value]
(codesardine)Jade-Application-Kit/JAK/IPC.py:6: error: Name 'JavaScript' already defined (possibly by an import)  [no-redef]
(codesardine)Jade-Application-Kit/JAK/IPC.py:46: error: "object" has no attribute "view"  [attr-defined]
(codesardine)Jade-Application-Kit/JAK/WebEngine.py:27: error: "str" has no attribute "isValid"  [attr-defined]
(codesardine)Jade-Application-Kit/JAK/WebEngine.py:29: error: "str" has no attribute "toString"  [attr-defined]
(codesardine)Jade-Application-Kit/JAK/WebEngine.py:61: error: Name 'JCancelConfirmDialog' already defined (possibly by an import)  [no-redef]
(codesardine)Jade-Application-Kit/JAK/WebEngine.py:89: error: Name '_Communication' already defined (possibly by an import)  [no-redef]
(codesardine)Jade-Application-Kit/JAK/WebEngine.py:155: error: "str" has no attribute "toString"  [attr-defined]
(codesardine)Jade-Application-Kit/JAK/WebEngine.py:157: error: No return value expected  [return-value]
(codesardine)Jade-Application-Kit/JAK/WebEngine.py:315: error: Name 'InfoDialog' already defined (possibly by an import)  [no-redef]
Found 18 errors in 3 files (checked 9 source files)

[RRepo](claudio-walser)gitcd
(claudio-walser)gitcd/gitcd/interface/kivy/mainpanel.py:62: error: Need type annotation for 'branches' (hint: "branches: List[<type>] = ...")  [var-annotated]
(claudio-walser)gitcd/gitcd/interface/kivy/mainpanel.py:63: error: Need type annotation for 'tags' (hint: "tags: List[<type>] = ...")  [var-annotated]
(claudio-walser)gitcd/gitcd/interface/kivy/infopanel.py:45: error: Need type annotation for 'branches' (hint: "branches: List[<type>] = ...")  [var-annotated]
(claudio-walser)gitcd/gitcd/interface/kivy/infopanel.py:46: error: Need type annotation for 'tags' (hint: "tags: List[<type>] = ...")  [var-annotated]
(claudio-walser)gitcd/gitcd/config/__init__.py:12: error: Need type annotation for 'yaml' (hint: "yaml: Dict[<type>, <type>] = ...")  [var-annotated]
(claudio-walser)gitcd/gitcd/config/__init__.py:36: error: Need type annotation for 'config' (hint: "config: Dict[<type>, <type>] = ...")  [var-annotated]
(claudio-walser)gitcd/gitcd/config/__init__.py:67: error: Incompatible types in assignment (expression has type "None", variable has type "str")  [assignment]
(claudio-walser)gitcd/gitcd/config/__init__.py:76: error: Incompatible types in assignment (expression has type "None", variable has type "str")  [assignment]
(claudio-walser)gitcd/gitcd/config/__init__.py:85: error: Incompatible types in assignment (expression has type "None", variable has type "str")  [assignment]
(claudio-walser)gitcd/gitcd/config/__init__.py:103: error: Incompatible types in assignment (expression has type "None", variable has type "str")  [assignment]
(claudio-walser)gitcd/gitcd/config/__init__.py:117: error: Need type annotation for 'config' (hint: "config: Dict[<type>, <type>] = ...")  [var-annotated]
(claudio-walser)gitcd/gitcd/config/__init__.py:142: error: "List[str]" has no attribute "join"  [attr-defined]
(claudio-walser)gitcd/gitcd/config/__init__.py:151: error: "List[str]" has no attribute "join"  [attr-defined]
(claudio-walser)gitcd/gitcd/config/__init__.py:161: error: Need type annotation for 'config' (hint: "config: Dict[<type>, <type>] = ...")  [var-annotated]

[RRepo](mattsb42)pypi-parker
(mattsb42)pypi-parker/docs/conf.py:160: error: Need type annotation for 'latex_elements' (hint: "latex_elements: Dict[<type>, <type>] = ...")  [var-annotated]
Found 1 error in 1 file (checked 11 source files)

[RRepo](wegamekinglc)alpha-mind
(wegamekinglc)alpha-mind/alphamind/data/engines/universe.py:62: note: "Universe" defined here
(wegamekinglc)alpha-mind/alphamind/data/engines/universe.py:184: error: Too many arguments for "Universe"  [call-arg]
(wegamekinglc)alpha-mind/alphamind/data/engines/universe.py:184: error: Unexpected keyword argument "exclude_universe" for "Universe"  [call-arg]
(wegamekinglc)alpha-mind/alphamind/model/svm.py:12: error: Unsupported dynamic base class "create_model_base"  [misc]
(wegamekinglc)alpha-mind/alphamind/execution/naiveexecutor.py:19: error: Cannot determine type of 'current_pos'  [has-type]
(wegamekinglc)alpha-mind/alphamind/execution/naiveexecutor.py:22: error: Cannot determine type of 'current_pos'  [has-type]
(wegamekinglc)alpha-mind/alphamind/analysis/factoranalysis.py:109: error: Item "None" of "Optional[Any]" has no attribute "sum"  [union-attr]
(wegamekinglc)alpha-mind/alphamind/model/treemodel.py:23: error: Unsupported dynamic base class "create_model_base"  [misc]
(wegamekinglc)alpha-mind/alphamind/model/treemodel.py:41: error: Unsupported dynamic base class "create_model_base"  [misc]
(wegamekinglc)alpha-mind/alphamind/model/treemodel.py:59: error: Unsupported dynamic base class "create_model_base"  [misc]
(wegamekinglc)alpha-mind/alphamind/model/treemodel.py:81: error: Unsupported dynamic base class "create_model_base"  [misc]
(wegamekinglc)alpha-mind/alphamind/model/treemodel.py:103: error: Unsupported dynamic base class "create_model_base"  [misc]
(wegamekinglc)alpha-mind/alphamind/model/treemodel.py:166: error: "None" has no attribute "predict"  [attr-defined]
(wegamekinglc)alpha-mind/alphamind/model/linearmodel.py:19: error: Item "None" of "Optional[Any]" has no attribute "flatten"  [union-attr]
(wegamekinglc)alpha-mind/alphamind/model/linearmodel.py:35: error: Unsupported dynamic base class "create_model_base"  [misc]
(wegamekinglc)alpha-mind/alphamind/model/linearmodel.py:63: error: Unsupported dynamic base class "create_model_base"  [misc]
(wegamekinglc)alpha-mind/alphamind/model/linearmodel.py:79: error: Unsupported dynamic base class "create_model_base"  [misc]
(wegamekinglc)alpha-mind/alphamind/model/linearmodel.py:95: error: Unsupported dynamic base class "create_model_base"  [misc]
(wegamekinglc)alpha-mind/alphamind/model/composer.py:152: error: Item "None" of "Optional[DataMeta]" has no attribute "fetch_train_data"  [union-attr]
(wegamekinglc)alpha-mind/alphamind/model/composer.py:165: error: Item "None" of "Optional[DataMeta]" has no attribute "fetch_predict_data"  [union-attr]
(wegamekinglc)alpha-mind/alphamind/model/composer.py:178: error: Need type annotation for 'models' (hint: "models: Dict[<type>, <type>] = ...")  [var-annotated]
(wegamekinglc)alpha-mind/alphamind/model/composer.py:224: error: Incompatible types in assignment (expression has type "List[Any]", variable has type "None")  [assignment]
(wegamekinglc)alpha-mind/alphamind/model/composer.py:227: error: Argument 1 to "bisect_left" has incompatible type "Optional[List[Any]]"; expected "Sequence[Any]"  [arg-type]
(wegamekinglc)alpha-mind/alphamind/model/composer.py:228: error: Value of type "Optional[List[Any]]" is not indexable  [index]
(wegamekinglc)alpha-mind/alphamind/model/composer.py:247: error: Name 'DataMeta' already defined on line 41  [no-redef]
(wegamekinglc)alpha-mind/alphamind/bin/cli.py:24: error: "Callable[[Type[_NT], Any, Any, Any, Any, Any, Any, Any, Any], _NT]" has no attribute "__defaults__"  [attr-defined]
(wegamekinglc)alpha-mind/alphamind/bin/cli.py:29: error: Missing positional arguments "action", "default", "nargs", "choices", "metavar" in call to "Arg"  [call-arg]
(wegamekinglc)alpha-mind/alphamind/bin/cli.py:43: error: "object" has no attribute "__name__"; maybe "__ne__" or "__new__"?  [attr-defined]
(wegamekinglc)alpha-mind/alphamind/portfolio/constraints.py:118: error: Value of type "Union[Iterable[BoundaryType], BoundaryType]" is not indexable  [index]
(wegamekinglc)alpha-mind/alphamind/portfolio/constraints.py:119: error: Value of type "Union[Iterable[float], float]" is not indexable  [index]
(wegamekinglc)alpha-mind/alphamind/portfolio/constraints.py:121: error: Value of type "Union[Iterable[BoundaryType], BoundaryType]" is not indexable  [index]
(wegamekinglc)alpha-mind/alphamind/portfolio/constraints.py:122: error: Value of type "Union[Iterable[float], float]" is not indexable  [index]
(wegamekinglc)alpha-mind/alphamind/portfolio/constraints.py:188: error: Not all arguments converted during string formatting  [str-format]
Found 32 errors in 9 files (checked 69 source files)

[RRepo](itsthejoker)TranscribersOfReddit
(itsthejoker)TranscribersOfReddit/tor/helpers/reddit_ids.py:8: error: Bracketed expression "[...]" is not valid as a type  [misc]
(itsthejoker)TranscribersOfReddit/tor/helpers/reddit_ids.py:8: note: Did you mean "List[...]"?

[RRepo](dronecrew)ulog_tools
(dronecrew)ulog_tools/ulog_tools/_lqrofb.py:121: error: Type signature has too few arguments  [syntax]
(dronecrew)ulog_tools/ulog_tools/_sysid.py:80: error: Function has duplicate type signatures  [syntax]
(dronecrew)ulog_tools/ulog_tools/_sysid.py:168: error: Function has duplicate type signatures  [syntax]
(dronecrew)ulog_tools/ulog_tools/_sysid.py:168: error: Type signature has too few arguments  [syntax]
Found 4 errors in 2 files (checked 6 source files)

[RRepo](introlab)OpenIMU
(introlab)OpenIMU/python/libopenimu/qt/ImportMatchDialog.py:10: error: Need type annotation for 'data_match' (hint: "data_match: Dict[<type>, <type>] = ...")  [var-annotated]
(introlab)OpenIMU/python/libopenimu/qt/ProcessSelectWindow.py:48: error: "None" has no attribute "info"  [attr-defined]
(introlab)OpenIMU/python/libopenimu/algorithms/BaseAlgorithm.py:30: error: Need type annotation for 'factories' (hint: "factories: List[<type>] = ...")  [var-annotated]
(introlab)OpenIMU/python/libopenimu/algorithms/BaseAlgorithm.py:67: error: "BaseAlgorithmFactory" has no attribute "configure"  [attr-defined]
(introlab)OpenIMU/python/libopenimu/qt/BackgroundProcess.py:17: error: Module "string" is not valid as a type  [valid-type]
(introlab)OpenIMU/python/libopenimu/qt/BackgroundProcess.py:37: error: Module "string" is not valid as a type  [valid-type]
(introlab)OpenIMU/python/libopenimu/qt/BackgroundProcess.py:71: error: Module "string" is not valid as a type  [valid-type]
(introlab)OpenIMU/python/libopenimu/qt/BackgroundProcess.py:91: error: Need type annotation for 'work_speed_estimates' (hint: "work_speed_estimates: List[<type>] = ...")  [var-annotated]
(introlab)OpenIMU/python/libopenimu/qt/BackgroundProcess.py:159: error: Name 'QTimerEvent' is not defined  [name-defined]
(introlab)OpenIMU/python/libopenimu/qt/StreamWindow.py:19: error: Need type annotation for 'file_rows' (hint: "file_rows: Dict[<type>, <type>] = ...")  [var-annotated]
(introlab)OpenIMU/python/libopenimu/qt/ImportWindow.py:18: error: Need type annotation for 'participants' (hint: "participants: List[<type>] = ...")  [var-annotated]
(introlab)OpenIMU/python/libopenimu/qt/ImportWindow.py:19: error: Need type annotation for 'groups' (hint: "groups: List[<type>] = ...")  [var-annotated]
(introlab)OpenIMU/python/libopenimu/importers/BaseImporter.py:42: error: Need type annotation for 'recordsets' (hint: "recordsets: List[<type>] = ...")  [var-annotated]
Found 13 errors in 7 files (checked 69 source files)

[RRepo](phauer)comment-sidecar
(phauer)comment-sidecar/import/import_disqus_comments.py:86: error: Need type annotation for 'result' (hint: "result: List[<type>] = ...")  [var-annotated]
(phauer)comment-sidecar/import/import_disqus_comments.py:88: error: Unsupported operand types for + ("str" and "None")  [operator]
(phauer)comment-sidecar/import/import_disqus_comments.py:118: error: Argument "reply_to" to "Comment" has incompatible type "Optional[str]"; expected "str"  [arg-type]
Found 3 errors in 1 file (checked 3 source files)

[RRepo](ClaudiuGeorgiu)PlaystoreDownloader
(ClaudiuGeorgiu)PlaystoreDownloader/test/test_playstore_api.py:9: error: Module 'playstore' has no attribute 'playstore_proto_pb2'  [attr-defined]

[RRepo](BigBrotherTrade)dashboard
(BigBrotherTrade)dashboard/panel/views.py:148: error: Name 'Instrument' is not defined  [name-defined]
(BigBrotherTrade)dashboard/panel/views.py:150: error: Name 'to_df' is not defined  [name-defined]
(BigBrotherTrade)dashboard/panel/views.py:150: error: Name 'MainBar' is not defined  [name-defined]
(BigBrotherTrade)dashboard/panel/views.py:153: error: Name 'pd' is not defined  [name-defined]
(BigBrotherTrade)dashboard/panel/views.py:155: error: Name 'pd' is not defined  [name-defined]
Found 5 errors in 1 file (checked 2 source files)

[RRepo](betterclever)susi_hardware
(betterclever)susi_hardware/main/hotword_engine/snowboy/snowboydecoder.py:11: error: No parent module -- cannot perform relative import  [misc]
Found 1 error in 1 file (checked 18 source files)

[RRepo](scivision)piradar
(scivision)piradar/reference/hf_analyze.py:133: error: Missing parentheses in call to 'print'. Did you mean print("Done processing. Sleeping 60 seconds")?  [syntax]
Found 1 error in 1 file (checked 16 source files)

[RRepo](wtsi-hgi)python-json
(wtsi-hgi)python-json/hgijson/serialization.py:89: error: Free type variable expected in Generic[...]  [misc]
(wtsi-hgi)python-json/hgijson/serialization.py:138: error: Argument 2 to "_serialize_property_value" of "Serializer" has incompatible type "object"; expected "Type[Any]"  [arg-type]
(wtsi-hgi)python-json/hgijson/serialization.py:165: error: Free type variable expected in Generic[...]  [misc]
(wtsi-hgi)python-json/hgijson/serialization.py:210: error: "None" not callable  [misc]
(wtsi-hgi)python-json/hgijson/serialization.py:212: error: Argument 2 to "_deserialize_property_value" of "Deserializer" has incompatible type "object"; expected "Type[Any]"  [arg-type]
(wtsi-hgi)python-json/hgijson/serialization.py:217: error: "None" not callable  [misc]
(wtsi-hgi)python-json/hgijson/serialization.py:230: error: Argument 2 to "_deserialize_property_value" of "Deserializer" has incompatible type "object"; expected "Type[Any]"  [arg-type]
(wtsi-hgi)python-json/hgijson/serializers.py:17: error: Return type "None" of "_create_serializer_of_type" incompatible with return type "Serializer" in supertype "Serializer"  [override]
(wtsi-hgi)python-json/hgijson/serializers.py:38: error: Return type "None" of "_create_deserializer_of_type" incompatible with return type "Deserializer" in supertype "Deserializer"  [override]
(wtsi-hgi)python-json/hgijson/json_converters/_serializers.py:10: error: Need type annotation for '_JSON_ENCODER_ARGS' (hint: "_JSON_ENCODER_ARGS: List[<type>] = ...")  [var-annotated]
(wtsi-hgi)python-json/hgijson/json_converters/_serializers.py:11: error: Need type annotation for '_JSON_ENCODER_KWARGS' (hint: "_JSON_ENCODER_KWARGS: Dict[<type>, <type>] = ...")  [var-annotated]
(wtsi-hgi)python-json/hgijson/json_converters/_serializers.py:24: error: Need type annotation for '_JSON_ENCODER_ARGS' (hint: "_JSON_ENCODER_ARGS: List[<type>] = ...")  [var-annotated]
(wtsi-hgi)python-json/hgijson/json_converters/_serializers.py:25: error: Need type annotation for '_JSON_ENCODER_KWARGS' (hint: "_JSON_ENCODER_KWARGS: Dict[<type>, <type>] = ...")  [var-annotated]

[RRepo](CactusDev)CactusBot
(CactusDev)CactusBot/cactusbot/commands/magic/social.py:3: error: No parent module -- cannot perform relative import  [misc]
Found 1 error in 1 file (checked 39 source files)

[RRepo](mirumee)google-measurement-protocol
(mirumee)google-measurement-protocol/google_measurement_protocol/report.py:14: error: Argument 2 to "_make_request" has incompatible type "Optional[Dict[str, str]]"; expected "Dict[str, str]"  [arg-type]
Found 1 error in 1 file (checked 11 source files)

[RRepo](sat2707)aicups
(sat2707)aicups/localrunner/world/run.py:172: error: Missing parentheses in call to 'print'. Did you mean print(e)?  [syntax]
Found 1 error in 1 file (checked 9 source files)

[RRepo](jmackie4)activityio
(jmackie4)activityio/activityio/_util/reader.py:15: error: Need type annotation for 'MODULE_CACHE' (hint: "MODULE_CACHE: Dict[<type>, <type>] = ...")  [var-annotated]
(jmackie4)activityio/activityio/_types/base.py:15: error: Need type annotation for '_metadata' (hint: "_metadata: List[<type>] = ...")  [var-annotated]
(jmackie4)activityio/activityio/_types/base.py:29: error: Need type annotation for '_metadata' (hint: "_metadata: List[<type>] = ...")  [var-annotated]
(jmackie4)activityio/scripts/make_fit_profile/make_profile.py:27: error: Need type annotation for '__slots__'  [var-annotated]
(jmackie4)activityio/scripts/make_fit_profile/BASE_TYPES.py:47: error: "BaseType" has no attribute "name"  [attr-defined]
Found 5 errors in 4 files (checked 17 source files)

[RRepo](home-assistant)home-assistant
(home-assistant)home-assistant/script/hassfest/__main__.py:6: error: No parent module -- cannot perform relative import  [misc]
Found 1 error in 1 file (checked 366 source files)

[RRepo](ikbenlike)Xenon
(ikbenlike)Xenon/PyXenon/src/vm_utils.py:6: error: Name 'XenonStackItem' is not defined  [name-defined]
(ikbenlike)Xenon/PyXenon/src/vm_utils.py:102: error: Name 'XenonStackItem' is not defined  [name-defined]
(ikbenlike)Xenon/PyXenon/src/parser.py:25: error: Need type annotation for 'tokens' (hint: "tokens: List[<type>] = ...")  [var-annotated]
(ikbenlike)Xenon/PyXenon/src/parser.py:28: error: Bracketed expression "[...]" is not valid as a type  [misc]
(ikbenlike)Xenon/PyXenon/src/parser.py:28: note: Did you mean "List[...]"?
(ikbenlike)Xenon/PyXenon/src/parser.py:91: error: Missing return statement  [return]
Found 5 errors in 2 files (checked 2 source files)

[RRepo](Dejust)flask-base
(Dejust)flask-base/app/config/__init__.py:43: error: Incompatible types in assignment (expression has type "str", base class "CommonConfig" defined the type as "None")  [assignment]
(Dejust)flask-base/app/config/__init__.py:51: error: Incompatible types in assignment (expression has type "str", base class "CommonConfig" defined the type as "None")  [assignment]
(Dejust)flask-base/app/config/__init__.py:59: error: Incompatible types in assignment (expression has type "str", base class "CommonConfig" defined the type as "None")  [assignment]
(Dejust)flask-base/app/config/__init__.py:65: error: Incompatible types in assignment (expression has type "str", base class "CommonConfig" defined the type as "None")  [assignment]
Found 4 errors in 1 file (checked 7 source files)

[RRepo](socialwifi)dila
(socialwifi)dila/dila/data/alembic/versions/4ce05ae50d01_add_on_delete_cascade_to_postgres.py:15: error: Module 'alembic' has no attribute 'op'  [attr-defined]
(socialwifi)dila/dila/data/alembic/versions/e183d3958ae0_split_translated_strings.py:15: error: Module 'alembic' has no attribute 'op'  [attr-defined]
(socialwifi)dila/dila/data/alembic/versions/558950f05825_add_base_string_unique_constraint.py:15: error: Module 'alembic' has no attribute 'op'  [attr-defined]
(socialwifi)dila/dila/data/alembic/versions/58e7f2fc7ff7_set_translations_not_null.py:15: error: Module 'alembic' has no attribute 'op'  [attr-defined]
(socialwifi)dila/dila/data/alembic/versions/71f4f6391672_add_plural_base_string.py:15: error: Module 'alembic' has no attribute 'op'  [attr-defined]
(socialwifi)dila/dila/data/alembic/versions/deb5c1dad94a_add_plural_translations.py:15: error: Module 'alembic' has no attribute 'op'  [attr-defined]
(socialwifi)dila/dila/data/alembic/versions/0ab02337f372_add_translated_strings.py:15: error: Module 'alembic' has no attribute 'op'  [attr-defined]
(socialwifi)dila/dila/data/alembic/versions/7742ac8b1599_add_languages.py:15: error: Module 'alembic' has no attribute 'op'  [attr-defined]
(socialwifi)dila/dila/data/alembic/versions/85e1d78ef077_add_po_metadata.py:15: error: Module 'alembic' has no attribute 'op'  [attr-defined]
(socialwifi)dila/dila/data/alembic/versions/f8927e919732_add_resource_model.py:15: error: Module 'alembic' has no attribute 'op'  [attr-defined]
(socialwifi)dila/dila/data/alembic/versions/04d870437e14_add_resource_name.py:15: error: Module 'alembic' has no attribute 'op'  [attr-defined]
(socialwifi)dila/dila/data/alembic/env.py:2: error: Module 'alembic' has no attribute 'context'  [attr-defined]
(socialwifi)dila/dila/config.py:22: error: Need type annotation for 'LDAP_GLOBAL_OPTIONS' (hint: "LDAP_GLOBAL_OPTIONS: Dict[<type>, <type>] = ...")  [var-annotated]
(socialwifi)dila/tests/test_application.py:103: error: Name 'test_get_resources' already defined on line 71  [no-redef]
(socialwifi)dila/tests/test_application.py:222: error: Name 'test_get_translated_string' already defined on line 126  [no-redef]
Found 15 errors in 14 files (checked 37 source files)

[RRepo](RasaHQ)rasa_core
(RasaHQ)rasa_core/rasa/core/config.py:20: error: Value of type variable "AnyStr" of "abspath" cannot be "Optional[str]"  [type-var]
(RasaHQ)rasa_core/rasa/cli/default_arguments.py:15: error: Argument 4 to "add_argument" of "_ActionsContainer" has incompatible type "**Dict[str, object]"; expected "Union[str, Type[Action]]"  [arg-type]
(RasaHQ)rasa_core/rasa/cli/default_arguments.py:15: error: Argument 4 to "add_argument" of "_ActionsContainer" has incompatible type "**Dict[str, object]"; expected "Union[int, str]"  [arg-type]
(RasaHQ)rasa_core/rasa/cli/default_arguments.py:15: error: Argument 4 to "add_argument" of "_ActionsContainer" has incompatible type "**Dict[str, object]"; expected "Union[Callable[[str], <nothing>], FileType]"  [arg-type]
(RasaHQ)rasa_core/rasa/cli/default_arguments.py:15: error: Argument 4 to "add_argument" of "_ActionsContainer" has incompatible type "**Dict[str, object]"; expected "Iterable[<nothing>]"  [arg-type]
(RasaHQ)rasa_core/rasa/cli/default_arguments.py:15: error: Argument 4 to "add_argument" of "_ActionsContainer" has incompatible type "**Dict[str, object]"; expected "bool"  [arg-type]
(RasaHQ)rasa_core/rasa/cli/default_arguments.py:15: error: Argument 4 to "add_argument" of "_ActionsContainer" has incompatible type "**Dict[str, object]"; expected "Optional[str]"  [arg-type]
(RasaHQ)rasa_core/rasa/cli/default_arguments.py:15: error: Argument 4 to "add_argument" of "_ActionsContainer" has incompatible type "**Dict[str, object]"; expected "Union[str, Tuple[str, ...], None]"  [arg-type]
(RasaHQ)rasa_core/rasa/cli/default_arguments.py:15: error: Argument 4 to "add_argument" of "_ActionsContainer" has incompatible type "**Dict[str, object]"; expected "str"  [arg-type]
(RasaHQ)rasa_core/rasa/cli/default_arguments.py:18: error: Argument 3 to "add_argument" of "_ActionsContainer" has incompatible type "**Dict[str, object]"; expected "Union[str, Type[Action]]"  [arg-type]
(RasaHQ)rasa_core/rasa/cli/default_arguments.py:18: error: Argument 3 to "add_argument" of "_ActionsContainer" has incompatible type "**Dict[str, object]"; expected "Union[Callable[[str], <nothing>], FileType]"  [arg-type]
(RasaHQ)rasa_core/rasa/cli/default_arguments.py:18: error: Argument 3 to "add_argument" of "_ActionsContainer" has incompatible type "**Dict[str, object]"; expected "Iterable[<nothing>]"  [arg-type]
(RasaHQ)rasa_core/rasa/cli/default_arguments.py:18: error: Argument 3 to "add_argument" of "_ActionsContainer" has incompatible type "**Dict[str, object]"; expected "bool"  [arg-type]
(RasaHQ)rasa_core/rasa/cli/default_arguments.py:18: error: Argument 3 to "add_argument" of "_ActionsContainer" has incompatible type "**Dict[str, object]"; expected "Optional[str]"  [arg-type]
(RasaHQ)rasa_core/rasa/cli/default_arguments.py:18: error: Argument 3 to "add_argument" of "_ActionsContainer" has incompatible type "**Dict[str, object]"; expected "Union[str, Tuple[str, ...], None]"  [arg-type]
(RasaHQ)rasa_core/rasa/cli/default_arguments.py:18: error: Argument 3 to "add_argument" of "_ActionsContainer" has incompatible type "**Dict[str, object]"; expected "str"  [arg-type]
(RasaHQ)rasa_core/tests/core/utilities.py:41: error: "str" has no attribute "strpath"  [attr-defined]
(RasaHQ)rasa_core/docs/core/conf.py:90: error: "None" has no attribute "split"  [attr-defined]
(RasaHQ)rasa_core/docs/core/conf.py:253: error: Need type annotation for 'latex_elements' (hint: "latex_elements: Dict[<type>, <type>] = ...")  [var-annotated]
(RasaHQ)rasa_core/rasa/core/channels/slack.py:247: error: Item "None" of "Optional[Any]" has no attribute "get"  [union-attr]
(RasaHQ)rasa_core/rasa/core/channels/facebook.py:29: error: Need type annotation for 'last_message' (hint: "last_message: Dict[<type>, <type>] = ...")  [var-annotated]
(RasaHQ)rasa_core/rasa/core/channels/facebook.py:37: error: Incompatible return value type (got "Optional[Any]", expected "bool")  [return-value]
(RasaHQ)rasa_core/rasa/core/channels/facebook.py:44: error: Incompatible return value type (got "Union[Any, None, bool]", expected "bool")  [return-value]
(RasaHQ)rasa_core/rasa/core/channels/socketio.py:5: error: Module 'socketio' has no attribute 'AsyncServer'  [attr-defined]
(RasaHQ)rasa_core/rasa/core/channels/socketio.py:72: error: "Sequence[str]" has no attribute "append"  [attr-defined]
(RasaHQ)rasa_core/rasa/core/policies/keras_policy.py:21: error: Name 'pickle' already defined (possibly by an import)  [no-redef]
(RasaHQ)rasa_core/rasa/core/policies/keras_policy.py:69: error: Argument 1 to "update" of "dict" has incompatible type "Dict[str, Dict[str, Any]]"; expected "Mapping[str, Optional[float]]"  [arg-type]
(RasaHQ)rasa_core/rasa/core/policies/keras_policy.py:187: error: Incompatible types in assignment (expression has type "Optional[float]", variable has type "int")  [assignment]
(RasaHQ)rasa_core/rasa/core/policies/keras_policy.py:205: error: Item "None" of "Optional[Any]" has no attribute "as_default"  [union-attr]
(RasaHQ)rasa_core/rasa/core/policies/keras_policy.py:211: error: Item "None" of "Optional[Any]" has no attribute "fit"  [union-attr]
(RasaHQ)rasa_core/rasa/core/policies/keras_policy.py:219: error: Missing return statement  [return]
(RasaHQ)rasa_core/rasa/core/policies/keras_policy.py:226: error: Item "None" of "Optional[Any]" has no attribute "as_default"  [union-attr]
(RasaHQ)rasa_core/rasa/core/policies/keras_policy.py:227: error: Item "None" of "Optional[Any]" has no attribute "predict"  [union-attr]
(RasaHQ)rasa_core/rasa/core/policies/keras_policy.py:249: error: Item "None" of "Optional[Any]" has no attribute "as_default"  [union-attr]
(RasaHQ)rasa_core/rasa/core/policies/sklearn_policy.py:37: error: Invalid type comment or annotation  [valid-type]
(RasaHQ)rasa_core/rasa/core/policies/sklearn_policy.py:39: error: Invalid type comment or annotation  [valid-type]
(RasaHQ)rasa_core/rasa/core/policies/sklearn_policy.py:134: error: Too many arguments for "model_architecture"  [call-arg]
(RasaHQ)rasa_core/rasa/core/nlg/template.py:75: error: Argument 1 to "_template_variables" of "TemplatedNaturalLanguageGenerator" has incompatible type "Optional[Dict[str, Any]]"; expected "Dict[str, Any]"  [arg-type]
(RasaHQ)rasa_core/rasa/core/broker.py:67: error: Return type "Optional[PikaProducer]" of "from_endpoint_config" incompatible with return type "EventChannel" in supertype "EventChannel"  [override]
(RasaHQ)rasa_core/rasa/core/broker.py:111: error: Return type "Optional[FileProducer]" of "from_endpoint_config" incompatible with return type "EventChannel" in supertype "EventChannel"  [override]
(RasaHQ)rasa_core/rasa/core/broker.py:167: error: Return type "Optional[KafkaProducer]" of "from_endpoint_config" incompatible with return type "EventChannel" in supertype "EventChannel"  [override]
(RasaHQ)rasa_core/rasa/core/slots.py:84: error: Incompatible types in assignment (expression has type "str", base class "Slot" defined the type as "None")  [assignment]
(RasaHQ)rasa_core/rasa/core/slots.py:133: error: Incompatible types in assignment (expression has type "str", base class "Slot" defined the type as "None")  [assignment]
(RasaHQ)rasa_core/rasa/core/slots.py:150: error: Incompatible types in assignment (expression has type "str", base class "Slot" defined the type as "None")  [assignment]
(RasaHQ)rasa_core/rasa/core/slots.py:157: error: Incompatible types in assignment (expression has type "str", base class "Slot" defined the type as "None")  [assignment]
(RasaHQ)rasa_core/rasa/core/slots.py:171: error: Incompatible types in assignment (expression has type "str", base class "Slot" defined the type as "None")  [assignment]
(RasaHQ)rasa_core/rasa/core/slots.py:181: error: Incompatible types in assignment (expression has type "str", base class "Slot" defined the type as "None")  [assignment]
(RasaHQ)rasa_core/rasa/core/dispatcher.py:47: error: Need type annotation for 'latest_bot_messages' (hint: "latest_bot_messages: List[<type>] = ...")  [var-annotated]
(RasaHQ)rasa_core/rasa/cli/scaffold.py:40: error: Not all arguments converted during string formatting  [str-format]
(RasaHQ)rasa_core/rasa/cli/scaffold.py:63: error: Not all arguments converted during string formatting  [str-format]
(RasaHQ)rasa_core/rasa/run.py:43: error: Incompatible types in assignment (expression has type "Optional[str]", variable has type "str")  [assignment]
(RasaHQ)rasa_core/rasa/model.py:43: error: Incompatible types in assignment (expression has type "Optional[str]", variable has type "str")  [assignment]
(RasaHQ)rasa_core/rasa/model.py:98: error: Argument 1 to "write" of "IO" has incompatible type "Union[str, Dict[str, Any]]"; expected "str"  [arg-type]
(RasaHQ)rasa_core/rasa/model.py:210: error: Argument 1 to "_get_hashes_for_paths" has incompatible type "Optional[str]"; expected "str"  [arg-type]
(RasaHQ)rasa_core/rasa/model.py:211: error: Argument 1 to "_get_hashes_for_paths" has incompatible type "Optional[str]"; expected "str"  [arg-type]
(RasaHQ)rasa_core/rasa/model.py:212: error: Argument 1 to "_get_hashes_for_paths" has incompatible type "Optional[str]"; expected "str"  [arg-type]
(RasaHQ)rasa_core/rasa/model.py:213: error: Dict entry 4 has incompatible type "str": "float"; expected "str": "Union[str, List[str]]"  [dict-item]
(RasaHQ)rasa_core/rasa/core/tracker_store.py:107: error: Item "None" of "Optional[Any]" has no attribute "publish"  [union-attr]
(RasaHQ)rasa_core/rasa/core/tracker_store.py:130: error: Need type annotation for 'store' (hint: "store: Dict[<type>, <type>] = ...")  [var-annotated]
(RasaHQ)rasa_core/rasa/core/tracker_store.py:149: error: Return type "KeysView[str]" of "keys" incompatible with return type "Optional[List[str]]" in supertype "TrackerStore"  [override]
(RasaHQ)rasa_core/rasa/core/tracker_store.py:265: error: Variable "tracker_store.SQLTrackerStore.Base" is not valid as a type  [valid-type]
(RasaHQ)rasa_core/rasa/core/tracker_store.py:265: error: Invalid base class "Base"  [misc]
(RasaHQ)rasa_core/examples/restaurantbot/bot.py:6: error: Module 'policy' has no attribute 'RestaurantPolicy'  [attr-defined]
(RasaHQ)rasa_core/rasa/core/channels/channel.py:41: error: Incompatible types in assignment (expression has type "Optional[str]", variable has type "str")  [assignment]
(RasaHQ)rasa_core/rasa/core/channels/channel.py:75: error: "blueprint" of "InputChannel" does not return a value  [func-returns-value]
(RasaHQ)rasa_core/rasa/core/channels/channel.py:169: error: Argument 2 to "send_custom_message" of "OutputChannel" has incompatible type "Optional[Any]"; expected "Iterable[Dict[str, Any]]"  [arg-type]
(RasaHQ)rasa_core/rasa/core/channels/channel.py:173: error: Argument 2 to "send_quick_replies" of "OutputChannel" has incompatible type "Optional[Any]"; expected "str"  [arg-type]
(RasaHQ)rasa_core/rasa/core/channels/channel.py:174: error: Argument 3 to "send_quick_replies" of "OutputChannel" has incompatible type "Optional[Any]"; expected "List[Dict[str, Any]]"  [arg-type]
(RasaHQ)rasa_core/rasa/core/channels/channel.py:178: error: Argument 2 to "send_text_with_buttons" of "OutputChannel" has incompatible type "Optional[Any]"; expected "str"  [arg-type]
(RasaHQ)rasa_core/rasa/core/channels/channel.py:179: error: Argument 3 to "send_text_with_buttons" of "OutputChannel" has incompatible type "Optional[Any]"; expected "List[Dict[str, Any]]"  [arg-type]
(RasaHQ)rasa_core/rasa/core/channels/channel.py:182: error: Argument 2 to "send_text_message" of "OutputChannel" has incompatible type "Optional[Any]"; expected "str"  [arg-type]
(RasaHQ)rasa_core/rasa/core/channels/channel.py:186: error: Argument 2 to "send_image_url" of "OutputChannel" has incompatible type "Optional[Any]"; expected "str"  [arg-type]
(RasaHQ)rasa_core/rasa/core/channels/channel.py:189: error: Argument 2 to "send_attachment" of "OutputChannel" has incompatible type "Optional[Any]"; expected "str"  [arg-type]
(RasaHQ)rasa_core/rasa/core/channels/channel.py:330: error: "super" with a single argument not supported  [misc]
(RasaHQ)rasa_core/rasa/core/channels/telegram.py:4: error: Module 'telegram' has no attribute 'Bot'  [attr-defined]
(RasaHQ)rasa_core/rasa/core/channels/telegram.py:4: error: Module 'telegram' has no attribute 'InlineKeyboardButton'; maybe "KeyboardButton"?  [attr-defined]
(RasaHQ)rasa_core/rasa/core/channels/telegram.py:4: error: Module 'telegram' has no attribute 'Update'  [attr-defined]
(RasaHQ)rasa_core/rasa/core/channels/telegram.py:4: error: Module 'telegram' has no attribute 'InlineKeyboardMarkup'; maybe "ReplyKeyboardMarkup"?  [attr-defined]
(RasaHQ)rasa_core/rasa/core/channels/telegram.py:4: error: Module 'telegram' has no attribute 'KeyboardButton'; maybe "InlineKeyboardButton"?  [attr-defined]
(RasaHQ)rasa_core/rasa/core/channels/telegram.py:4: error: Module 'telegram' has no attribute 'ReplyKeyboardMarkup'; maybe "InlineKeyboardMarkup"?  [attr-defined]
(RasaHQ)rasa_core/rasa/core/restore.py:101: error: Name 'Agent' is not defined  [name-defined]
(RasaHQ)rasa_core/rasa/core/restore.py:112: error: Need type annotation for 'actions_between_utterances' (hint: "actions_between_utterances: List[<type>] = ...")  [var-annotated]
(RasaHQ)rasa_core/rasa/train.py:131: error: Argument 1 to "join" has incompatible type "Optional[str]"; expected "Union[str, _PathLike[str]]"  [arg-type]
(RasaHQ)rasa_core/rasa/jupyter.py:49: error: Item "None" of "Optional[Any]" has no attribute "handle_text"  [union-attr]
Found 84 errors in 23 files (checked 86 source files)

[RRepo](Phelimb)cbg
(Phelimb)cbg/bigsi/__main__.py:155: error: Invalid type comment or annotation  [valid-type]
(Phelimb)cbg/bigsi/__main__.py:155: note: Suggestion: use hug.types.one_of[...] instead of hug.types.one_of(...)
Found 1 error in 1 file (checked 34 source files)

[RRepo](couchbase)perfrunner
(couchbase)perfrunner/cbagent/collectors/active_tasks.py:1: error: Module 'cbagent.collectors' has no attribute 'Collector'  [attr-defined]
(couchbase)perfrunner/cbagent/collectors/jts_stats.py:4: error: Module 'cbagent.collectors' has no attribute 'Collector'  [attr-defined]
(couchbase)perfrunner/cbagent/collectors/jts_stats.py:8: error: Need type annotation for 'results' (hint: "results: Dict[<type>, <type>] = ...")  [var-annotated]
(couchbase)perfrunner/cbagent/collectors/jts_stats.py:26: error: Need type annotation for 'all_results' (hint: "all_results: Dict[<type>, <type>] = ...")  [var-annotated]
(couchbase)perfrunner/cbagent/collectors/jts_stats.py:38: error: Incompatible types in assignment (expression has type "float", variable has type "int")  [assignment]
(couchbase)perfrunner/cbagent/collectors/jts_stats.py:84: error: Incompatible types in assignment (expression has type "str", base class "JTSCollector" defined the type as "Tuple[str, str]")  [assignment]
(couchbase)perfrunner/cbagent/collectors/jts_stats.py:105: error: Incompatible types in assignment (expression has type "str", base class "JTSCollector" defined the type as "Tuple[str, str]")  [assignment]
(couchbase)perfrunner/cbagent/collectors/jts_stats.py:106: error: Need type annotation for 'results' (hint: "results: Dict[<type>, <type>] = ...")  [var-annotated]
(couchbase)perfrunner/cbagent/collectors/eventing_stats.py:3: error: Module 'cbagent.collectors' has no attribute 'Collector'  [attr-defined]
(couchbase)perfrunner/cbagent/collectors/n1ql_stats.py:1: error: Module 'cbagent.collectors' has no attribute 'Collector'  [attr-defined]
(couchbase)perfrunner/cbagent/collectors/fts_stats.py:1: error: Module 'cbagent.collectors' has no attribute 'Collector'  [attr-defined]
(couchbase)perfrunner/cbagent/collectors/fts_stats.py:104: error: Incompatible types in assignment (expression has type Tuple[str, str, str, str, str], base class "FTSCollector" defined the type as Tuple[str, str, ... <36 more items>])  [assignment]
(couchbase)perfrunner/cbagent/collectors/secondary_latency.py:3: error: Module 'cbagent.collectors' has no attribute 'Collector'  [attr-defined]
(couchbase)perfrunner/cbagent/collectors/ns_server.py:1: error: Module 'cbagent.collectors' has no attribute 'Collector'  [attr-defined]
(couchbase)perfrunner/cbagent/collectors/secondary_stats.py:1: error: Module 'cbagent.collectors' has no attribute 'Collector'  [attr-defined]
(couchbase)perfrunner/cbagent/collectors/secondary_storage_stats.py:1: error: Module 'cbagent.collectors' has no attribute 'Collector'  [attr-defined]
(couchbase)perfrunner/cbagent/collectors/secondary_debugstats.py:3: error: Module 'cbagent.collectors' has no attribute 'Collector'  [attr-defined]
(couchbase)perfrunner/cbagent/collectors/secondary_debugstats.py:67: error: Incompatible types in assignment (expression has type "Tuple[str, str, str]", base class "SecondaryDebugStats" defined the type as "Tuple[str, str, str, str]")  [assignment]
(couchbase)perfrunner/cbagent/collectors/secondary_debugstats.py:91: error: Incompatible types in assignment (expression has type Tuple[str, str, ... <15 more items>], base class "SecondaryDebugStats" defined the type as Tuple[str, str, str, str])  [assignment]
(couchbase)perfrunner/cbagent/collectors/analytics.py:3: error: Module 'cbagent.collectors' has no attribute 'Collector'  [attr-defined]
(couchbase)perfrunner/cbagent/collectors/secondary_storage_stats_mm.py:1: error: Module 'cbagent.collectors' has no attribute 'SecondaryStats'  [attr-defined]
(couchbase)perfrunner/spring/querygen.py:32: error: Need type annotation for 'view_sequence' (hint: "view_sequence: List[<type>] = ...")  [var-annotated]
(couchbase)perfrunner/spring/querygen.py:38: error: Incompatible types in assignment (expression has type "Iterator[Any]", variable has type "List[Any]")  [assignment]
(couchbase)perfrunner/spring/querygen.py:88: error: No overload variant of "next" matches argument type "List[Any]"  [call-overload]
(couchbase)perfrunner/spring/querygen.py:88: note: Possible overload variant:
(couchbase)perfrunner/spring/querygen.py:88: note:     def [_T] next(Iterator[_T]) -> _T
(couchbase)perfrunner/spring/querygen.py:88: note:     <1 more non-matching overload not shown>
(couchbase)perfrunner/spring/querygen.py:233: error: List comprehension has incompatible type List[Tuple[Any, Any, Optional[Any], Optional[Any]]]; expected List[Dict[Any, Any]]  [misc]
(couchbase)perfrunner/logger.py:57: error: "Logger" has no attribute "interrupt"  [attr-defined]
(couchbase)perfrunner/perfrunner/workloads/bigfun/query_gen.py:151: error: Incompatible return value type (got "object", expected "List[str]")  [return-value]
(couchbase)perfrunner/cbagent/collectors/libstats/pcstat.py:20: error: Bracketed expression "[...]" is not valid as a type  [misc]
(couchbase)perfrunner/cbagent/collectors/libstats/pcstat.py:20: note: Did you mean "List[...]"?
(couchbase)perfrunner/cbagent/collectors/libstats/iostat.py:18: error: Bracketed expression "[...]" is not valid as a type  [misc]
(couchbase)perfrunner/cbagent/collectors/libstats/iostat.py:18: note: Did you mean "List[...]"?
(couchbase)perfrunner/spring/settings.py:61: error: "Logger" has no attribute "interrupt"  [attr-defined]

[RRepo](seanegoodwin)PandaViewer
(seanegoodwin)PandaViewer/PandaViewer/migrate_repo/versions/004_migration.py:6: error: Name 'MetaData' is not defined  [name-defined]
(seanegoodwin)PandaViewer/PandaViewer/migrate_repo/versions/004_migration.py:7: error: Name 'MetaData' is not defined  [name-defined]
(seanegoodwin)PandaViewer/PandaViewer/migrate_repo/versions/004_migration.py:8: error: Name 'Table' is not defined  [name-defined]
(seanegoodwin)PandaViewer/PandaViewer/migrate_repo/versions/004_migration.py:9: error: Name 'Column' is not defined  [name-defined]
(seanegoodwin)PandaViewer/PandaViewer/migrate_repo/versions/004_migration.py:9: error: Name 'INTEGER' is not defined  [name-defined]
(seanegoodwin)PandaViewer/PandaViewer/migrate_repo/versions/004_migration.py:10: error: Name 'Column' is not defined  [name-defined]
(seanegoodwin)PandaViewer/PandaViewer/migrate_repo/versions/004_migration.py:10: error: Name 'BOOLEAN' is not defined  [name-defined]
(seanegoodwin)PandaViewer/PandaViewer/migrate_repo/versions/004_migration.py:11: error: Name 'Column' is not defined  [name-defined]
(seanegoodwin)PandaViewer/PandaViewer/migrate_repo/versions/004_migration.py:11: error: Name 'TEXT' is not defined  [name-defined]
(seanegoodwin)PandaViewer/PandaViewer/migrate_repo/versions/004_migration.py:12: error: Name 'Column' is not defined  [name-defined]
(seanegoodwin)PandaViewer/PandaViewer/migrate_repo/versions/004_migration.py:12: error: Name 'INTEGER' is not defined  [name-defined]
(seanegoodwin)PandaViewer/PandaViewer/migrate_repo/versions/004_migration.py:13: error: Name 'Column' is not defined  [name-defined]
(seanegoodwin)PandaViewer/PandaViewer/migrate_repo/versions/004_migration.py:13: error: Name 'TEXT' is not defined  [name-defined]
(seanegoodwin)PandaViewer/PandaViewer/migrate_repo/versions/004_migration.py:14: error: Name 'Column' is not defined  [name-defined]
(seanegoodwin)PandaViewer/PandaViewer/migrate_repo/versions/004_migration.py:14: error: Name 'TEXT' is not defined  [name-defined]
(seanegoodwin)PandaViewer/PandaViewer/migrate_repo/versions/004_migration.py:15: error: Name 'Column' is not defined  [name-defined]
(seanegoodwin)PandaViewer/PandaViewer/migrate_repo/versions/004_migration.py:15: error: Name 'TEXT' is not defined  [name-defined]
(seanegoodwin)PandaViewer/PandaViewer/migrate_repo/versions/004_migration.py:16: error: Name 'Column' is not defined  [name-defined]
(seanegoodwin)PandaViewer/PandaViewer/migrate_repo/versions/004_migration.py:16: error: Name 'INTEGER' is not defined  [name-defined]
(seanegoodwin)PandaViewer/PandaViewer/migrate_repo/versions/004_migration.py:17: error: Name 'Column' is not defined  [name-defined]
(seanegoodwin)PandaViewer/PandaViewer/migrate_repo/versions/004_migration.py:17: error: Name 'INTEGER' is not defined  [name-defined]
(seanegoodwin)PandaViewer/PandaViewer/migrate_repo/versions/004_migration.py:18: error: Name 'Column' is not defined  [name-defined]
(seanegoodwin)PandaViewer/PandaViewer/migrate_repo/versions/004_migration.py:18: error: Name 'INTEGER' is not defined  [name-defined]
(seanegoodwin)PandaViewer/PandaViewer/migrate_repo/versions/004_migration.py:19: error: Name 'Column' is not defined  [name-defined]
(seanegoodwin)PandaViewer/PandaViewer/migrate_repo/versions/004_migration.py:19: error: Name 'BOOLEAN' is not defined  [name-defined]
(seanegoodwin)PandaViewer/PandaViewer/migrate_repo/versions/004_migration.py:22: error: Name 'Table' is not defined  [name-defined]
(seanegoodwin)PandaViewer/PandaViewer/migrate_repo/versions/004_migration.py:23: error: Name 'Column' is not defined  [name-defined]
(seanegoodwin)PandaViewer/PandaViewer/migrate_repo/versions/004_migration.py:23: error: Name 'Integer' is not defined  [name-defined]
(seanegoodwin)PandaViewer/PandaViewer/migrate_repo/versions/004_migration.py:24: error: Name 'Column' is not defined  [name-defined]
(seanegoodwin)PandaViewer/PandaViewer/migrate_repo/versions/004_migration.py:24: error: Name 'Boolean' is not defined  [name-defined]
(seanegoodwin)PandaViewer/PandaViewer/migrate_repo/versions/004_migration.py:25: error: Name 'Column' is not defined  [name-defined]
(seanegoodwin)PandaViewer/PandaViewer/migrate_repo/versions/004_migration.py:25: error: Name 'Boolean' is not defined  [name-defined]
(seanegoodwin)PandaViewer/PandaViewer/migrate_repo/versions/004_migration.py:25: error: Name 'ColumnDefault' is not defined  [name-defined]
(seanegoodwin)PandaViewer/PandaViewer/migrate_repo/versions/004_migration.py:26: error: Name 'Column' is not defined  [name-defined]
(seanegoodwin)PandaViewer/PandaViewer/migrate_repo/versions/004_migration.py:26: error: Name 'Text' is not defined  [name-defined]
(seanegoodwin)PandaViewer/PandaViewer/migrate_repo/versions/004_migration.py:27: error: Name 'Column' is not defined  [name-defined]
(seanegoodwin)PandaViewer/PandaViewer/migrate_repo/versions/004_migration.py:27: error: Name 'Integer' is not defined  [name-defined]
(seanegoodwin)PandaViewer/PandaViewer/migrate_repo/versions/004_migration.py:28: error: Name 'Column' is not defined  [name-defined]
(seanegoodwin)PandaViewer/PandaViewer/migrate_repo/versions/004_migration.py:28: error: Name 'Text' is not defined  [name-defined]
(seanegoodwin)PandaViewer/PandaViewer/migrate_repo/versions/004_migration.py:29: error: Name 'Column' is not defined  [name-defined]
(seanegoodwin)PandaViewer/PandaViewer/migrate_repo/versions/004_migration.py:29: error: Name 'Text' is not defined  [name-defined]
(seanegoodwin)PandaViewer/PandaViewer/migrate_repo/versions/004_migration.py:30: error: Name 'Column' is not defined  [name-defined]
(seanegoodwin)PandaViewer/PandaViewer/migrate_repo/versions/004_migration.py:30: error: Name 'Text' is not defined  [name-defined]
(seanegoodwin)PandaViewer/PandaViewer/migrate_repo/versions/004_migration.py:31: error: Name 'Column' is not defined  [name-defined]
(seanegoodwin)PandaViewer/PandaViewer/migrate_repo/versions/004_migration.py:31: error: Name 'Integer' is not defined  [name-defined]
(seanegoodwin)PandaViewer/PandaViewer/migrate_repo/versions/004_migration.py:32: error: Name 'Column' is not defined  [name-defined]
(seanegoodwin)PandaViewer/PandaViewer/migrate_repo/versions/004_migration.py:32: error: Name 'Integer' is not defined  [name-defined]
(seanegoodwin)PandaViewer/PandaViewer/migrate_repo/versions/004_migration.py:32: error: Name 'ColumnDefault' is not defined  [name-defined]
(seanegoodwin)PandaViewer/PandaViewer/migrate_repo/versions/004_migration.py:33: error: Name 'Column' is not defined  [name-defined]
(seanegoodwin)PandaViewer/PandaViewer/migrate_repo/versions/004_migration.py:33: error: Name 'Integer' is not defined  [name-defined]
(seanegoodwin)PandaViewer/PandaViewer/migrate_repo/versions/003_migration.py:6: error: Name 'MetaData' is not defined  [name-defined]
(seanegoodwin)PandaViewer/PandaViewer/migrate_repo/versions/003_migration.py:7: error: Name 'MetaData' is not defined  [name-defined]
(seanegoodwin)PandaViewer/PandaViewer/migrate_repo/versions/003_migration.py:8: error: Name 'Table' is not defined  [name-defined]
(seanegoodwin)PandaViewer/PandaViewer/migrate_repo/versions/003_migration.py:9: error: Name 'Column' is not defined  [name-defined]
(seanegoodwin)PandaViewer/PandaViewer/migrate_repo/versions/003_migration.py:9: error: Name 'Integer' is not defined  [name-defined]
(seanegoodwin)PandaViewer/PandaViewer/migrate_repo/versions/003_migration.py:10: error: Name 'Column' is not defined  [name-defined]
(seanegoodwin)PandaViewer/PandaViewer/migrate_repo/versions/003_migration.py:10: error: Name 'Boolean' is not defined  [name-defined]
(seanegoodwin)PandaViewer/PandaViewer/migrate_repo/versions/003_migration.py:11: error: Name 'Column' is not defined  [name-defined]
(seanegoodwin)PandaViewer/PandaViewer/migrate_repo/versions/003_migration.py:11: error: Name 'Boolean' is not defined  [name-defined]
(seanegoodwin)PandaViewer/PandaViewer/migrate_repo/versions/003_migration.py:11: error: Name 'ColumnDefault' is not defined  [name-defined]
(seanegoodwin)PandaViewer/PandaViewer/migrate_repo/versions/003_migration.py:12: error: Name 'Column' is not defined  [name-defined]
(seanegoodwin)PandaViewer/PandaViewer/migrate_repo/versions/003_migration.py:12: error: Name 'Text' is not defined  [name-defined]
(seanegoodwin)PandaViewer/PandaViewer/migrate_repo/versions/003_migration.py:13: error: Name 'Column' is not defined  [name-defined]
(seanegoodwin)PandaViewer/PandaViewer/migrate_repo/versions/003_migration.py:13: error: Name 'Integer' is not defined  [name-defined]
(seanegoodwin)PandaViewer/PandaViewer/migrate_repo/versions/003_migration.py:14: error: Name 'Column' is not defined  [name-defined]
(seanegoodwin)PandaViewer/PandaViewer/migrate_repo/versions/003_migration.py:14: error: Name 'Text' is not defined  [name-defined]
(seanegoodwin)PandaViewer/PandaViewer/migrate_repo/versions/003_migration.py:15: error: Name 'Column' is not defined  [name-defined]
(seanegoodwin)PandaViewer/PandaViewer/migrate_repo/versions/003_migration.py:15: error: Name 'Text' is not defined  [name-defined]
(seanegoodwin)PandaViewer/PandaViewer/migrate_repo/versions/003_migration.py:16: error: Name 'Column' is not defined  [name-defined]
(seanegoodwin)PandaViewer/PandaViewer/migrate_repo/versions/003_migration.py:16: error: Name 'Text' is not defined  [name-defined]
(seanegoodwin)PandaViewer/PandaViewer/migrate_repo/versions/003_migration.py:17: error: Name 'Column' is not defined  [name-defined]
(seanegoodwin)PandaViewer/PandaViewer/migrate_repo/versions/003_migration.py:17: error: Name 'Integer' is not defined  [name-defined]
(seanegoodwin)PandaViewer/PandaViewer/migrate_repo/versions/003_migration.py:18: error: Name 'Column' is not defined  [name-defined]
(seanegoodwin)PandaViewer/PandaViewer/migrate_repo/versions/003_migration.py:18: error: Name 'Integer' is not defined  [name-defined]
(seanegoodwin)PandaViewer/PandaViewer/migrate_repo/versions/003_migration.py:18: error: Name 'ColumnDefault' is not defined  [name-defined]
(seanegoodwin)PandaViewer/PandaViewer/migrate_repo/versions/003_migration.py:19: error: Name 'Column' is not defined  [name-defined]
(seanegoodwin)PandaViewer/PandaViewer/migrate_repo/versions/003_migration.py:19: error: Name 'Integer' is not defined  [name-defined]
(seanegoodwin)PandaViewer/PandaViewer/migrate_repo/versions/005_migration.py:6: error: Name 'MetaData' is not defined  [name-defined]
(seanegoodwin)PandaViewer/PandaViewer/migrate_repo/versions/005_migration.py:7: error: Name 'MetaData' is not defined  [name-defined]
(seanegoodwin)PandaViewer/PandaViewer/migrate_repo/versions/005_migration.py:8: error: Name 'Table' is not defined  [name-defined]
(seanegoodwin)PandaViewer/PandaViewer/migrate_repo/versions/005_migration.py:9: error: Name 'Column' is not defined  [name-defined]
(seanegoodwin)PandaViewer/PandaViewer/migrate_repo/versions/005_migration.py:9: error: Name 'Integer' is not defined  [name-defined]
(seanegoodwin)PandaViewer/PandaViewer/migrate_repo/versions/005_migration.py:10: error: Name 'Column' is not defined  [name-defined]
(seanegoodwin)PandaViewer/PandaViewer/migrate_repo/versions/005_migration.py:10: error: Name 'Boolean' is not defined  [name-defined]
(seanegoodwin)PandaViewer/PandaViewer/migrate_repo/versions/005_migration.py:11: error: Name 'Column' is not defined  [name-defined]
(seanegoodwin)PandaViewer/PandaViewer/migrate_repo/versions/005_migration.py:11: error: Name 'Boolean' is not defined  [name-defined]
(seanegoodwin)PandaViewer/PandaViewer/migrate_repo/versions/005_migration.py:11: error: Name 'ColumnDefault' is not defined  [name-defined]
(seanegoodwin)PandaViewer/PandaViewer/migrate_repo/versions/005_migration.py:12: error: Name 'Column' is not defined  [name-defined]
(seanegoodwin)PandaViewer/PandaViewer/migrate_repo/versions/005_migration.py:12: error: Name 'Text' is not defined  [name-defined]
(seanegoodwin)PandaViewer/PandaViewer/migrate_repo/versions/005_migration.py:13: error: Name 'Column' is not defined  [name-defined]
(seanegoodwin)PandaViewer/PandaViewer/migrate_repo/versions/005_migration.py:13: error: Name 'Integer' is not defined  [name-defined]
(seanegoodwin)PandaViewer/PandaViewer/migrate_repo/versions/005_migration.py:14: error: Name 'Column' is not defined  [name-defined]
(seanegoodwin)PandaViewer/PandaViewer/migrate_repo/versions/005_migration.py:14: error: Name 'Text' is not defined  [name-defined]
(seanegoodwin)PandaViewer/PandaViewer/migrate_repo/versions/005_migration.py:14: error: Name 'ColumnDefault' is not defined  [name-defined]
(seanegoodwin)PandaViewer/PandaViewer/migrate_repo/versions/005_migration.py:15: error: Name 'Column' is not defined  [name-defined]
(seanegoodwin)PandaViewer/PandaViewer/migrate_repo/versions/005_migration.py:15: error: Name 'Text' is not defined  [name-defined]
(seanegoodwin)PandaViewer/PandaViewer/migrate_repo/versions/005_migration.py:16: error: Name 'Column' is not defined  [name-defined]
(seanegoodwin)PandaViewer/PandaViewer/migrate_repo/versions/005_migration.py:16: error: Name 'Text' is not defined  [name-defined]
(seanegoodwin)PandaViewer/PandaViewer/migrate_repo/versions/005_migration.py:17: error: Name 'Column' is not defined  [name-defined]
(seanegoodwin)PandaViewer/PandaViewer/migrate_repo/versions/005_migration.py:17: error: Name 'Text' is not defined  [name-defined]
(seanegoodwin)PandaViewer/PandaViewer/migrate_repo/versions/005_migration.py:18: error: Name 'Column' is not defined  [name-defined]
(seanegoodwin)PandaViewer/PandaViewer/migrate_repo/versions/005_migration.py:18: error: Name 'Integer' is not defined  [name-defined]
(seanegoodwin)PandaViewer/PandaViewer/migrate_repo/versions/005_migration.py:19: error: Name 'Column' is not defined  [name-defined]
(seanegoodwin)PandaViewer/PandaViewer/migrate_repo/versions/005_migration.py:19: error: Name 'Integer' is not defined  [name-defined]
(seanegoodwin)PandaViewer/PandaViewer/migrate_repo/versions/005_migration.py:19: error: Name 'ColumnDefault' is not defined  [name-defined]
(seanegoodwin)PandaViewer/PandaViewer/migrate_repo/versions/005_migration.py:20: error: Name 'Column' is not defined  [name-defined]
(seanegoodwin)PandaViewer/PandaViewer/migrate_repo/versions/005_migration.py:20: error: Name 'Integer' is not defined  [name-defined]
(seanegoodwin)PandaViewer/PandaViewer/migrate_repo/versions/002_migration.py:6: error: Name 'MetaData' is not defined  [name-defined]
(seanegoodwin)PandaViewer/PandaViewer/migrate_repo/versions/002_migration.py:7: error: Name 'MetaData' is not defined  [name-defined]
(seanegoodwin)PandaViewer/PandaViewer/migrate_repo/versions/002_migration.py:8: error: Name 'Table' is not defined  [name-defined]
(seanegoodwin)PandaViewer/PandaViewer/migrate_repo/versions/002_migration.py:9: error: Name 'Column' is not defined  [name-defined]
(seanegoodwin)PandaViewer/PandaViewer/migrate_repo/versions/002_migration.py:9: error: Name 'Integer' is not defined  [name-defined]
(seanegoodwin)PandaViewer/PandaViewer/migrate_repo/versions/002_migration.py:10: error: Name 'Column' is not defined  [name-defined]
(seanegoodwin)PandaViewer/PandaViewer/migrate_repo/versions/002_migration.py:10: error: Name 'Boolean' is not defined  [name-defined]
(seanegoodwin)PandaViewer/PandaViewer/migrate_repo/versions/002_migration.py:10: error: Name 'ColumnDefault' is not defined  [name-defined]
(seanegoodwin)PandaViewer/PandaViewer/migrate_repo/versions/002_migration.py:11: error: Name 'Column' is not defined  [name-defined]
(seanegoodwin)PandaViewer/PandaViewer/migrate_repo/versions/002_migration.py:11: error: Name 'Text' is not defined  [name-defined]
(seanegoodwin)PandaViewer/PandaViewer/migrate_repo/versions/002_migration.py:12: error: Name 'Column' is not defined  [name-defined]
(seanegoodwin)PandaViewer/PandaViewer/migrate_repo/versions/002_migration.py:12: error: Name 'Integer' is not defined  [name-defined]
(seanegoodwin)PandaViewer/PandaViewer/migrate_repo/versions/002_migration.py:13: error: Name 'Column' is not defined  [name-defined]
(seanegoodwin)PandaViewer/PandaViewer/migrate_repo/versions/002_migration.py:13: error: Name 'Text' is not defined  [name-defined]
(seanegoodwin)PandaViewer/PandaViewer/migrate_repo/versions/002_migration.py:14: error: Name 'Column' is not defined  [name-defined]
(seanegoodwin)PandaViewer/PandaViewer/migrate_repo/versions/002_migration.py:14: error: Name 'Text' is not defined  [name-defined]
(seanegoodwin)PandaViewer/PandaViewer/migrate_repo/versions/002_migration.py:15: error: Name 'Column' is not defined  [name-defined]
(seanegoodwin)PandaViewer/PandaViewer/migrate_repo/versions/002_migration.py:15: error: Name 'Text' is not defined  [name-defined]
(seanegoodwin)PandaViewer/PandaViewer/migrate_repo/versions/002_migration.py:16: error: Name 'Column' is not defined  [name-defined]
(seanegoodwin)PandaViewer/PandaViewer/migrate_repo/versions/002_migration.py:16: error: Name 'Integer' is not defined  [name-defined]
(seanegoodwin)PandaViewer/PandaViewer/migrate_repo/versions/002_migration.py:17: error: Name 'Column' is not defined  [name-defined]
(seanegoodwin)PandaViewer/PandaViewer/migrate_repo/versions/002_migration.py:17: error: Name 'Integer' is not defined  [name-defined]
(seanegoodwin)PandaViewer/PandaViewer/migrate_repo/versions/002_migration.py:17: error: Name 'ColumnDefault' is not defined  [name-defined]
(seanegoodwin)PandaViewer/PandaViewer/logger.py:9: error: "Logger" has no attribute "name"  [attr-defined]
(seanegoodwin)PandaViewer/PandaViewer/utils.py:42: error: Incompatible types in assignment (expression has type "Iterator[str]", variable has type "List[str]")  [assignment]
(seanegoodwin)PandaViewer/PandaViewer/utils.py:109: error: Syntax error in type annotation  [syntax]
(seanegoodwin)PandaViewer/PandaViewer/utils.py:109: note: Suggestion: Use Tuple[T1, ..., Tn] instead of (T1, ..., Tn)
(seanegoodwin)PandaViewer/PandaViewer/utils.py:130: error: Module has no attribute "windll"  [attr-defined]
(seanegoodwin)PandaViewer/PandaViewer/utils.py:134: error: Syntax error in type annotation  [syntax]
(seanegoodwin)PandaViewer/PandaViewer/utils.py:134: note: Suggestion: Use Tuple[T1, ..., Tn] instead of (T1, ..., Tn)
(seanegoodwin)PandaViewer/PandaViewer/ex_database.py:28: error: Variable "PandaViewer.ex_database.base" is not valid as a type  [valid-type]
(seanegoodwin)PandaViewer/PandaViewer/ex_database.py:28: error: Invalid base class "base"  [misc]
(seanegoodwin)PandaViewer/PandaViewer/ex_database.py:47: error: Variable "PandaViewer.ex_database.base" is not valid as a type  [valid-type]
(seanegoodwin)PandaViewer/PandaViewer/ex_database.py:47: error: Invalid base class "base"  [misc]
(seanegoodwin)PandaViewer/PandaViewer/user_database.py:29: error: Variable "PandaViewer.user_database.base" is not valid as a type  [valid-type]
(seanegoodwin)PandaViewer/PandaViewer/user_database.py:29: error: Invalid base class "base"  [misc]
(seanegoodwin)PandaViewer/PandaViewer/user_database.py:36: error: Variable "PandaViewer.user_database.base" is not valid as a type  [valid-type]
(seanegoodwin)PandaViewer/PandaViewer/user_database.py:36: error: Invalid base class "base"  [misc]
(seanegoodwin)PandaViewer/PandaViewer/user_database.py:53: error: Variable "PandaViewer.user_database.base" is not valid as a type  [valid-type]
(seanegoodwin)PandaViewer/PandaViewer/user_database.py:53: error: Invalid base class "base"  [misc]
(seanegoodwin)PandaViewer/PandaViewer/__init__.py:22: error: "Logger" has no attribute "name"  [attr-defined]
(seanegoodwin)PandaViewer/PandaViewer/__init__.py:31: error: Module has no attribute "windll"  [attr-defined]
(seanegoodwin)PandaViewer/PandaViewer/__init__.py:35: error: Module 'PandaViewer' has no attribute 'program'  [attr-defined]
(seanegoodwin)PandaViewer/PandaViewer/__init__.py:35: error: Module 'PandaViewer' has no attribute 'threads'  [attr-defined]
(seanegoodwin)PandaViewer/PandaViewer/metadata.py:35: error: Item "None" of "Optional[Any]" has no attribute "name"  [union-attr]
(seanegoodwin)PandaViewer/PandaViewer/metadata.py:53: error: Item "None" of "Optional[Metadata]" has no attribute "save"  [union-attr]
(seanegoodwin)PandaViewer/PandaViewer/metadata.py:98: error: No overload variant of "pop" of "MutableMapping" matches argument type "None"  [call-overload]
(seanegoodwin)PandaViewer/PandaViewer/metadata.py:98: note: Possible overload variants:
(seanegoodwin)PandaViewer/PandaViewer/metadata.py:98: note:     def pop(self, k: str) -> Metadata
(seanegoodwin)PandaViewer/PandaViewer/metadata.py:98: note:     def [_T] pop(self, k: str, default: Union[Metadata, _T] = ...) -> Union[Metadata, _T]
(seanegoodwin)PandaViewer/PandaViewer/metadata.py:103: error: Item "None" of "Optional[Dict[Any, Any]]" has no attribute "__iter__" (not iterable)  [union-attr]
(seanegoodwin)PandaViewer/PandaViewer/metadata.py:118: error: "None" not callable  [misc]
(seanegoodwin)PandaViewer/PandaViewer/metadata.py:156: error: Unsupported target for indexed assignment  [index]
(seanegoodwin)PandaViewer/PandaViewer/metadata.py:199: error: "None" not callable  [misc]
(seanegoodwin)PandaViewer/PandaViewer/metadata.py:226: error: Item "None" of "Optional[Dict[Any, Any]]" has no attribute "get"  [union-attr]
(seanegoodwin)PandaViewer/PandaViewer/metadata.py:230: error: Unsupported target for indexed assignment  [index]
(seanegoodwin)PandaViewer/PandaViewer/metadata.py:234: error: Item "None" of "Optional[Dict[Any, Any]]" has no attribute "get"  [union-attr]
(seanegoodwin)PandaViewer/PandaViewer/metadata.py:238: error: Unsupported target for indexed assignment  [index]
(seanegoodwin)PandaViewer/PandaViewer/metadata.py:242: error: Item "None" of "Optional[Dict[Any, Any]]" has no attribute "get"  [union-attr]
(seanegoodwin)PandaViewer/PandaViewer/metadata.py:246: error: Unsupported target for indexed assignment  [index]
(seanegoodwin)PandaViewer/PandaViewer/metadata.py:250: error: Item "None" of "Optional[Dict[Any, Any]]" has no attribute "get"  [union-attr]
(seanegoodwin)PandaViewer/PandaViewer/metadata.py:250: error: Incompatible return value type (got "Optional[Any]", expected "str")  [return-value]
(seanegoodwin)PandaViewer/PandaViewer/metadata.py:254: error: Unsupported target for indexed assignment  [index]
(seanegoodwin)PandaViewer/PandaViewer/metadata.py:276: error: Item "None" of "Optional[Dict[Any, Any]]" has no attribute "get"  [union-attr]
(seanegoodwin)PandaViewer/PandaViewer/metadata.py:280: error: Unsupported target for indexed assignment  [index]
(seanegoodwin)PandaViewer/PandaViewer/metadata.py:292: error: Incompatible types in assignment (expression has type "str", base class "Metadata" defined the type as "None")  [assignment]
(seanegoodwin)PandaViewer/PandaViewer/metadata.py:305: error: Incompatible types in assignment (expression has type "str", base class "Metadata" defined the type as "None")  [assignment]
(seanegoodwin)PandaViewer/PandaViewer/metadata.py:306: error: Incompatible types in assignment (expression has type "str", base class "WebMetadata" defined the type as "None")  [assignment]
(seanegoodwin)PandaViewer/PandaViewer/metadata.py:307: error: Incompatible types in assignment (expression has type "str", base class "WebMetadata" defined the type as "None")  [assignment]
(seanegoodwin)PandaViewer/PandaViewer/metadata.py:308: error: Incompatible types in assignment (expression has type "str", base class "WebMetadata" defined the type as "None")  [assignment]
(seanegoodwin)PandaViewer/PandaViewer/metadata.py:317: error: Item "None" of "Optional[Dict[Any, Any]]" has no attribute "get"  [union-attr]
(seanegoodwin)PandaViewer/PandaViewer/metadata.py:317: error: Incompatible return value type (got "Optional[Any]", expected "int")  [return-value]
(seanegoodwin)PandaViewer/PandaViewer/metadata.py:321: error: Unsupported target for indexed assignment  [index]
(seanegoodwin)PandaViewer/PandaViewer/metadata.py:325: error: Item "None" of "Optional[Dict[Any, Any]]" has no attribute "get"  [union-attr]
(seanegoodwin)PandaViewer/PandaViewer/metadata.py:325: error: Incompatible return value type (got "Optional[Any]", expected "str")  [return-value]
(seanegoodwin)PandaViewer/PandaViewer/metadata.py:329: error: Unsupported target for indexed assignment  [index]
(seanegoodwin)PandaViewer/PandaViewer/metadata.py:342: error: Incompatible types in assignment (expression has type "None", variable has type "int")  [assignment]
(seanegoodwin)PandaViewer/PandaViewer/metadata.py:342: error: Incompatible types in assignment (expression has type "None", variable has type "str")  [assignment]
(seanegoodwin)PandaViewer/PandaViewer/metadata.py:346: error: Incompatible types in assignment (expression has type "str", base class "Metadata" defined the type as "None")  [assignment]
(seanegoodwin)PandaViewer/PandaViewer/metadata.py:347: error: Incompatible types in assignment (expression has type "str", base class "WebMetadata" defined the type as "None")  [assignment]
(seanegoodwin)PandaViewer/PandaViewer/metadata.py:348: error: Incompatible types in assignment (expression has type "str", base class "WebMetadata" defined the type as "None")  [assignment]
(seanegoodwin)PandaViewer/PandaViewer/metadata.py:349: error: Incompatible types in assignment (expression has type "str", base class "WebMetadata" defined the type as "None")  [assignment]
(seanegoodwin)PandaViewer/PandaViewer/metadata.py:369: error: Unsupported target for indexed assignment  [index]
(seanegoodwin)PandaViewer/PandaViewer/config.py:210: error: Cannot assign to a type  [misc]
(seanegoodwin)PandaViewer/PandaViewer/config.py:210: error: Incompatible types in assignment (expression has type "Config", variable has type "Type[Config]")  [assignment]
(seanegoodwin)PandaViewer/PandaViewer/search.py:17: error: Incompatible types in assignment (expression has type "Search", variable has type "Type[Search]")  [assignment]
(seanegoodwin)PandaViewer/PandaViewer/search.py:18: error: "Type[Search]" has no attribute "name"  [attr-defined]
(seanegoodwin)PandaViewer/PandaViewer/search.py:21: error: "Callable[[PandaViewer.logger.Logger], logging.Logger]" has no attribute "info"  [attr-defined]
(seanegoodwin)PandaViewer/PandaViewer/search.py:25: error: "Callable[[PandaViewer.logger.Logger], logging.Logger]" has no attribute "info"  [attr-defined]
(seanegoodwin)PandaViewer/PandaViewer/search.py:41: error: "Callable[[PandaViewer.logger.Logger], logging.Logger]" has no attribute "info"  [attr-defined]
(seanegoodwin)PandaViewer/PandaViewer/search.py:45: error: "Callable[[PandaViewer.logger.Logger], logging.Logger]" has no attribute "info"  [attr-defined]
(seanegoodwin)PandaViewer/PandaViewer/search.py:48: error: "Callable[[PandaViewer.logger.Logger], logging.Logger]" has no attribute "info"  [attr-defined]
(seanegoodwin)PandaViewer/PandaViewer/search.py:84: error: Missing return statement  [return]
(seanegoodwin)PandaViewer/PandaViewer/search.py:85: error: Incompatible types in assignment (expression has type "Search", variable has type "Type[Search]")  [assignment]
(seanegoodwin)PandaViewer/PandaViewer/search.py:88: error: "Callable[[PandaViewer.logger.Logger], logging.Logger]" has no attribute "info"  [attr-defined]
(seanegoodwin)PandaViewer/PandaViewer/search.py:95: error: Missing return statement  [return]
(seanegoodwin)PandaViewer/PandaViewer/search.py:96: error: Incompatible types in assignment (expression has type "Search", variable has type "Type[Search]")  [assignment]
(seanegoodwin)PandaViewer/PandaViewer/search.py:97: error: "Type[Search]" has no attribute "name"  [attr-defined]
(seanegoodwin)PandaViewer/PandaViewer/search.py:100: error: "Callable[[PandaViewer.logger.Logger], logging.Logger]" has no attribute "info"  [attr-defined]
(seanegoodwin)PandaViewer/PandaViewer/views.py:2: error: Module 'PandaViewer' has no attribute 'flask_app'  [attr-defined]
Found 202 errors in 13 files (checked 17 source files)

[RRepo](SymbiFlow)symbiflow-arch-defs
(SymbiFlow)symbiflow-arch-defs/ice40/utils/fasm_icebox/tests/test_fasm_icebox_utils.py:6: error: No parent module -- cannot perform relative import  [misc]
Found 1 error in 1 file (checked 94 source files)

[RRepo](khardix)mccurse
(khardix)mccurse/mccurse/proxy.py:12: error: No parent module -- cannot perform relative import  [misc]
Found 1 error in 1 file (checked 15 source files)

[RRepo](alexmick)emoji-data-python
(alexmick)emoji-data-python/emoji_data_python/emoji_char.py:45: error: Incompatible types in assignment (expression has type "Optional[Any]", variable has type "str")  [assignment]
(alexmick)emoji-data-python/emoji_data_python/emoji_char.py:53: error: Incompatible types in assignment (expression has type "Optional[Any]", variable has type "int")  [assignment]
(alexmick)emoji-data-python/emoji_data_python/emoji_char.py:54: error: Incompatible types in assignment (expression has type "Optional[Any]", variable has type "int")  [assignment]
(alexmick)emoji-data-python/emoji_data_python/emoji_char.py:57: error: Incompatible types in assignment (expression has type "Optional[Any]", variable has type "List[str]")  [assignment]
(alexmick)emoji-data-python/emoji_data_python/emoji_char.py:59: error: Incompatible types in assignment (expression has type "Optional[Any]", variable has type "List[str]")  [assignment]
(alexmick)emoji-data-python/emoji_data_python/emoji_char.py:62: error: Incompatible types in assignment (expression has type "Optional[Any]", variable has type "int")  [assignment]
(alexmick)emoji-data-python/emoji_data_python/emoji_char.py:63: error: Incompatible types in assignment (expression has type "Optional[Any]", variable has type "str")  [assignment]
(alexmick)emoji-data-python/emoji_data_python/emoji_char.py:65: error: Incompatible types in assignment (expression has type "Optional[Any]", variable has type "bool")  [assignment]
(alexmick)emoji-data-python/emoji_data_python/emoji_char.py:66: error: Incompatible types in assignment (expression has type "Optional[Any]", variable has type "bool")  [assignment]
(alexmick)emoji-data-python/emoji_data_python/emoji_char.py:67: error: Incompatible types in assignment (expression has type "Optional[Any]", variable has type "bool")  [assignment]
(alexmick)emoji-data-python/emoji_data_python/emoji_char.py:68: error: Incompatible types in assignment (expression has type "Optional[Any]", variable has type "bool")  [assignment]
(alexmick)emoji-data-python/emoji_data_python/emoji_char.py:69: error: Incompatible types in assignment (expression has type "Optional[Any]", variable has type "bool")  [assignment]
(alexmick)emoji-data-python/emoji_data_python/emoji_char.py:70: error: Incompatible types in assignment (expression has type "Optional[Any]", variable has type "bool")  [assignment]
Found 13 errors in 1 file (checked 8 source files)

[RRepo](guyingbo)shadowproxy
(guyingbo)shadowproxy/shadowproxy/utils.py:6: error: No parent module -- cannot perform relative import  [misc]
Found 1 error in 1 file (checked 8 source files)

[RRepo](artificilabs)trelliolibs
(artificilabs)trelliolibs/trelliolibs/pigeon/channels.py:54: error: Incompatible types in assignment (expression has type "Dict[str, Any]", base class "BaseChannel" defined the type as "None")  [assignment]
(artificilabs)trelliolibs/trelliolibs/pigeon/channels.py:54: error: Name 'DefaultEmailTemplate' is not defined  [name-defined]
(artificilabs)trelliolibs/trelliolibs/utils/helpers.py:11: error: Name 'json' already defined (by an import)  [no-redef]
(artificilabs)trelliolibs/trelliolibs/utils/helpers.py:18: error: Incompatible default for argument "records" (default has type "Tuple[]", argument has type "List[Any]")  [assignment]
(artificilabs)trelliolibs/trelliolibs/contrib/rbac/middlewares.py:6: error: Name 'json' already defined (by an import)  [no-redef]
Found 5 errors in 3 files (checked 13 source files)

[RRepo](infopz)VotiFermiBot
Success: no issues found in 1 source file

[RRepo](pydcs)dcs
(pydcs)dcs/dcs/goals.py:2: error: No parent module -- cannot perform relative import  [misc]
Found 1 error in 1 file (checked 26 source files)

[RRepo](0h-n0)forex_py
(0h-n0)forex_py/frxpy/simulator/simple_simulator.py:78: error: Missing return statement  [return]
(0h-n0)forex_py/frxpy/simulator/simple_simulator.py:82: error: Incompatible return value type (got "str", expected "bool")  [return-value]
(0h-n0)forex_py/frxpy/data/csvfile.py:48: error: "CSVFile" has no attribute "datetime"  [attr-defined]
Found 3 errors in 2 files (checked 5 source files)

[RRepo](marczellm)tkpf
(marczellm)tkpf/example/ExampleModel.py:10: error: Decorated property not supported  [misc]
(marczellm)tkpf/tkpf/AutoProperty.py:12: error: Name 'self.dtype' is not defined  [name-defined]
(marczellm)tkpf/tkpf/Window.py:5: error: Need type annotation for '_windows' (hint: "_windows: List[<type>] = ...")  [var-annotated]
(marczellm)tkpf/tkpf/Directive.py:26: error: Need type annotation for 'directives' (hint: "directives: Dict[<type>, <type>] = ...")  [var-annotated]
(marczellm)tkpf/tkpf/Component.py:49: error: "Widget" has no attribute "children"  [attr-defined]
Found 5 errors in 5 files (checked 15 source files)

[RRepo](kubeflow)kfserving
(kubeflow)kfserving/python/kfserving/kfserving/api/kf_serving_client.py:17: error: Relative import climbs too many namespaces  [misc]
(kubeflow)kfserving/python/kfserving/kfserving/api/kf_serving_client.py:18: error: Relative import climbs too many namespaces  [misc]
(kubeflow)kfserving/vendor/github.com/tensorflow/tensorflow/tensorflow/lite/python/create_custom_op.py:40: error: Module 'google.protobuf' has no attribute 'text_format'  [attr-defined]
(kubeflow)kfserving/vendor/github.com/tensorflow/tensorflow/tensorflow/python/training/checkpointable/tracking.py:30: error: Need type annotation for '_RESOURCE_TRACKER_STACK' (hint: "_RESOURCE_TRACKER_STACK: List[<type>] = ...")  [var-annotated]
(kubeflow)kfserving/vendor/github.com/tensorflow/tensorflow/tensorflow/python/framework/sparse_tensor.py:37: error: Variable "sparse_tensor._TensorLike" is not valid as a type  [valid-type]
(kubeflow)kfserving/vendor/github.com/tensorflow/tensorflow/tensorflow/python/framework/sparse_tensor.py:37: error: Invalid base class "_TensorLike"  [misc]
(kubeflow)kfserving/vendor/github.com/tensorflow/tensorflow/tensorflow/python/tools/api/generator/doc_srcs.py:34: error: "Callable[[Type[_NT], Any, Any], _NT]" has no attribute "__defaults__"  [attr-defined]
(kubeflow)kfserving/vendor/github.com/tensorflow/tensorflow/tensorflow/python/tools/api/generator/doc_srcs.py:37: error: Missing positional argument "docstring" in call to "DocSource"  [call-arg]
(kubeflow)kfserving/vendor/github.com/tensorflow/tensorflow/tensorflow/python/tools/api/generator/doc_srcs.py:38: error: Missing positional argument "docstring" in call to "DocSource"  [call-arg]
(kubeflow)kfserving/vendor/github.com/tensorflow/tensorflow/tensorflow/python/tools/api/generator/doc_srcs.py:39: error: Missing positional argument "docstring" in call to "DocSource"  [call-arg]
(kubeflow)kfserving/vendor/github.com/tensorflow/tensorflow/tensorflow/python/tools/api/generator/doc_srcs.py:40: error: Missing positional argument "docstring" in call to "DocSource"  [call-arg]
(kubeflow)kfserving/vendor/github.com/tensorflow/tensorflow/tensorflow/python/tools/api/generator/doc_srcs.py:41: error: Missing positional argument "docstring" in call to "DocSource"  [call-arg]
(kubeflow)kfserving/vendor/github.com/tensorflow/tensorflow/tensorflow/python/tools/api/generator/doc_srcs.py:43: error: Missing positional argument "docstring" in call to "DocSource"  [call-arg]
(kubeflow)kfserving/vendor/github.com/tensorflow/tensorflow/tensorflow/python/tools/api/generator/doc_srcs.py:44: error: Missing positional argument "docstring" in call to "DocSource"  [call-arg]
(kubeflow)kfserving/vendor/github.com/tensorflow/tensorflow/tensorflow/python/tools/api/generator/doc_srcs.py:45: error: Missing positional argument "docstring" in call to "DocSource"  [call-arg]
(kubeflow)kfserving/vendor/github.com/tensorflow/tensorflow/tensorflow/python/tools/api/generator/doc_srcs.py:46: error: Missing positional argument "docstring" in call to "DocSource"  [call-arg]
(kubeflow)kfserving/vendor/github.com/tensorflow/tensorflow/tensorflow/python/tools/api/generator/doc_srcs.py:47: error: Missing positional argument "docstring" in call to "DocSource"  [call-arg]
(kubeflow)kfserving/vendor/github.com/tensorflow/tensorflow/tensorflow/python/tools/api/generator/doc_srcs.py:48: error: Missing positional argument "docstring" in call to "DocSource"  [call-arg]
(kubeflow)kfserving/vendor/github.com/tensorflow/tensorflow/tensorflow/python/tools/api/generator/doc_srcs.py:49: error: Missing positional argument "docstring" in call to "DocSource"  [call-arg]
(kubeflow)kfserving/vendor/github.com/tensorflow/tensorflow/tensorflow/python/tools/api/generator/doc_srcs.py:50: error: Missing positional argument "docstring" in call to "DocSource"  [call-arg]
(kubeflow)kfserving/vendor/github.com/tensorflow/tensorflow/tensorflow/python/tools/api/generator/doc_srcs.py:51: error: Missing positional argument "docstring" in call to "DocSource"  [call-arg]
(kubeflow)kfserving/vendor/github.com/tensorflow/tensorflow/tensorflow/python/tools/api/generator/doc_srcs.py:52: error: Missing positional argument "docstring" in call to "DocSource"  [call-arg]
(kubeflow)kfserving/vendor/github.com/tensorflow/tensorflow/tensorflow/python/tools/api/generator/doc_srcs.py:53: error: Missing positional argument "docstring" in call to "DocSource"  [call-arg]
(kubeflow)kfserving/vendor/github.com/tensorflow/tensorflow/tensorflow/python/tools/api/generator/doc_srcs.py:54: error: Missing positional argument "docstring" in call to "DocSource"  [call-arg]
(kubeflow)kfserving/vendor/github.com/tensorflow/tensorflow/tensorflow/python/tools/api/generator/doc_srcs.py:55: error: Missing positional argument "docstring" in call to "DocSource"  [call-arg]
(kubeflow)kfserving/vendor/github.com/tensorflow/tensorflow/tensorflow/python/tools/api/generator/doc_srcs.py:56: error: Missing positional argument "docstring" in call to "DocSource"  [call-arg]
(kubeflow)kfserving/vendor/github.com/tensorflow/tensorflow/tensorflow/python/tools/api/generator/doc_srcs.py:57: error: Missing positional argument "docstring" in call to "DocSource"  [call-arg]
(kubeflow)kfserving/vendor/github.com/tensorflow/tensorflow/tensorflow/python/tools/api/generator/doc_srcs.py:58: error: Missing positional argument "docstring" in call to "DocSource"  [call-arg]
(kubeflow)kfserving/vendor/github.com/tensorflow/tensorflow/tensorflow/python/tools/api/generator/doc_srcs.py:60: error: Missing positional argument "docstring" in call to "DocSource"  [call-arg]
(kubeflow)kfserving/vendor/github.com/tensorflow/tensorflow/tensorflow/python/tools/api/generator/doc_srcs.py:61: error: Missing positional argument "docstring" in call to "DocSource"  [call-arg]
(kubeflow)kfserving/vendor/github.com/tensorflow/tensorflow/tensorflow/python/tools/api/generator/doc_srcs.py:62: error: Missing positional argument "docstring" in call to "DocSource"  [call-arg]
(kubeflow)kfserving/vendor/github.com/tensorflow/tensorflow/tensorflow/python/tools/api/generator/doc_srcs.py:63: error: Missing positional argument "docstring" in call to "DocSource"  [call-arg]
(kubeflow)kfserving/vendor/github.com/tensorflow/tensorflow/tensorflow/python/tools/api/generator/doc_srcs.py:64: error: Missing positional argument "docstring" in call to "DocSource"  [call-arg]
(kubeflow)kfserving/vendor/github.com/tensorflow/tensorflow/tensorflow/python/tools/api/generator/doc_srcs.py:65: error: Missing positional argument "docstring" in call to "DocSource"  [call-arg]
(kubeflow)kfserving/vendor/github.com/tensorflow/tensorflow/tensorflow/python/tools/api/generator/doc_srcs.py:66: error: Missing positional argument "docstring" in call to "DocSource"  [call-arg]
(kubeflow)kfserving/vendor/github.com/tensorflow/tensorflow/tensorflow/python/tools/api/generator/doc_srcs.py:70: error: Missing positional argument "docstring" in call to "DocSource"  [call-arg]
(kubeflow)kfserving/vendor/github.com/tensorflow/tensorflow/tensorflow/python/tools/api/generator/doc_srcs.py:72: error: Missing positional argument "docstring" in call to "DocSource"  [call-arg]
(kubeflow)kfserving/vendor/github.com/tensorflow/tensorflow/tensorflow/python/tools/api/generator/doc_srcs.py:74: error: Missing positional argument "docstring" in call to "DocSource"  [call-arg]
(kubeflow)kfserving/vendor/github.com/tensorflow/tensorflow/tensorflow/python/tools/optimize_for_inference.py:62: error: Module 'google.protobuf' has no attribute 'text_format'  [attr-defined]
(kubeflow)kfserving/vendor/github.com/tensorflow/tensorflow/tensorflow/python/distribute/cluster_resolver/gce_cluster_resolver.py:173: error: Name 'task_type' already defined on line 165  [no-redef]
(kubeflow)kfserving/vendor/github.com/tensorflow/tensorflow/tensorflow/python/distribute/cluster_resolver/gce_cluster_resolver.py:173: error: "Callable[[GceClusterResolver], Any]" has no attribute "setter"  [attr-defined]
(kubeflow)kfserving/vendor/github.com/tensorflow/tensorflow/tensorflow/python/distribute/cluster_resolver/gce_cluster_resolver.py:179: error: Name 'task_index' already defined on line 169  [no-redef]
(kubeflow)kfserving/vendor/github.com/tensorflow/tensorflow/tensorflow/python/distribute/cluster_resolver/gce_cluster_resolver.py:179: error: "Callable[[GceClusterResolver], Any]" has no attribute "setter"  [attr-defined]
(kubeflow)kfserving/vendor/github.com/tensorflow/tensorflow/tensorflow/python/ops/linalg/linear_operator_adjoint.py:27: error: Need type annotation for '__all__' (hint: "__all__: List[<type>] = ...")  [var-annotated]
(kubeflow)kfserving/vendor/github.com/tensorflow/tensorflow/tensorflow/python/ops/linalg/linear_operator_algebra.py:28: error: Need type annotation for '_CHOLESKY_DECOMPS' (hint: "_CHOLESKY_DECOMPS: Dict[<type>, <type>] = ...")  [var-annotated]
(kubeflow)kfserving/vendor/github.com/tensorflow/tensorflow/tensorflow/python/ops/linalg/linear_operator_algebra.py:29: error: Need type annotation for '_MATMUL' (hint: "_MATMUL: Dict[<type>, <type>] = ...")  [var-annotated]
(kubeflow)kfserving/vendor/github.com/tensorflow/tensorflow/tensorflow/python/keras/utils/tf_utils.py:164: error: Need type annotation for '_user_convertible_tensor_types' (hint: "_user_convertible_tensor_types: Set[<type>] = ...")  [var-annotated]
(kubeflow)kfserving/vendor/github.com/tensorflow/tensorflow/tensorflow/python/kernel_tests/norm_op_test.py:108: error: Unsupported left operand type for + ("object")  [operator]
(kubeflow)kfserving/vendor/github.com/tensorflow/tensorflow/tensorflow/python/kernel_tests/matrix_exponential_op_test.py:249: error: Argument 1 to "len" has incompatible type "object"; expected "Sized"  [arg-type]
(kubeflow)kfserving/vendor/github.com/tensorflow/tensorflow/tensorflow/python/kernel_tests/matrix_exponential_op_test.py:256: error: Argument 1 to "len" has incompatible type "object"; expected "Sized"  [arg-type]
(kubeflow)kfserving/vendor/github.com/tensorflow/tensorflow/tensorflow/python/kernel_tests/matrix_exponential_op_test.py:261: error: Argument 1 to "len" has incompatible type "object"; expected "Sized"  [arg-type]
(kubeflow)kfserving/vendor/github.com/tensorflow/tensorflow/tensorflow/python/kernel_tests/linalg_grad_test.py:155: error: Unsupported left operand type for + ("object")  [operator]
(kubeflow)kfserving/vendor/github.com/tensorflow/tensorflow/tensorflow/python/kernel_tests/linalg_grad_test.py:180: error: Unsupported left operand type for + ("object")  [operator]
(kubeflow)kfserving/vendor/github.com/tensorflow/tensorflow/tensorflow/python/kernel_tests/linalg_grad_test.py:204: error: Unsupported left operand type for + ("object")  [operator]
(kubeflow)kfserving/vendor/github.com/tensorflow/tensorflow/tensorflow/python/kernel_tests/qr_op_test.py:211: error: Unsupported left operand type for + ("object")  [operator]
(kubeflow)kfserving/vendor/github.com/tensorflow/tensorflow/tensorflow/python/kernel_tests/qr_op_test.py:230: error: Unsupported left operand type for + ("object")  [operator]
(kubeflow)kfserving/vendor/github.com/tensorflow/tensorflow/tensorflow/python/kernel_tests/svd_op_test.py:271: error: Unsupported left operand type for + ("object")  [operator]
(kubeflow)kfserving/vendor/github.com/tensorflow/tensorflow/tensorflow/python/kernel_tests/svd_op_test.py:290: error: Unsupported left operand type for + ("object")  [operator]
(kubeflow)kfserving/vendor/github.com/tensorflow/tensorflow/tensorflow/python/platform/app.py:84: error: Incompatible types in assignment (expression has type "None", base class "_HelpFlag" defined the type as "str")  [assignment]
(kubeflow)kfserving/vendor/github.com/tensorflow/tensorflow/tensorflow/contrib/gan/python/namedtuples.py:81: error: List or tuple literal expected as the second argument to namedtuple()  [misc]
(kubeflow)kfserving/vendor/github.com/tensorflow/tensorflow/tensorflow/contrib/gan/python/namedtuples.py:103: error: List or tuple literal expected as the second argument to namedtuple()  [misc]
(kubeflow)kfserving/vendor/github.com/tensorflow/tensorflow/tensorflow/contrib/distribute/python/mirrored_strategy.py:109: error: Variable "mirrored_strategy.CoreMirroredExtended" is not valid as a type  [valid-type]
(kubeflow)kfserving/vendor/github.com/tensorflow/tensorflow/tensorflow/contrib/distribute/python/mirrored_strategy.py:109: error: Invalid base class "CoreMirroredExtended"  [misc]
(kubeflow)kfserving/vendor/github.com/tensorflow/tensorflow/tensorflow/contrib/eager/python/examples/rnn_ptb/rnn_ptb.py:78: error: Name 'layers.Layer' is not defined  [name-defined]
(kubeflow)kfserving/vendor/github.com/tensorflow/tensorflow/tensorflow/contrib/proto/python/kernel_tests/decode_proto_op_test_base.py:27: error: Module 'google.protobuf' has no attribute 'text_format'  [attr-defined]
(kubeflow)kfserving/vendor/github.com/tensorflow/tensorflow/tensorflow/contrib/proto/python/kernel_tests/encode_proto_op_test_base.py:32: error: Module 'google.protobuf' has no attribute 'text_format'  [attr-defined]
(kubeflow)kfserving/vendor/github.com/tensorflow/tensorflow/tensorflow/tools/api/tests/api_compatibility_test.py:39: error: Module 'google.protobuf' has no attribute 'text_format'  [attr-defined]
(kubeflow)kfserving/vendor/github.com/tensorflow/tensorflow/tensorflow/python/client/virtual_gpu_test.py:25: error: Module 'google.protobuf' has no attribute 'text_format'  [attr-defined]
(kubeflow)kfserving/vendor/github.com/tensorflow/tensorflow/tensorflow/python/distribute/cluster_resolver/tfconfig_cluster_resolver.py:90: error: Name 'task_type' already defined on line 74  [no-redef]
(kubeflow)kfserving/vendor/github.com/tensorflow/tensorflow/tensorflow/python/distribute/cluster_resolver/tfconfig_cluster_resolver.py:90: error: "Callable[[TFConfigClusterResolver], Any]" has no attribute "setter"  [attr-defined]
(kubeflow)kfserving/vendor/github.com/tensorflow/tensorflow/tensorflow/python/distribute/cluster_resolver/tfconfig_cluster_resolver.py:94: error: Name 'task_index' already defined on line 82  [no-redef]
(kubeflow)kfserving/vendor/github.com/tensorflow/tensorflow/tensorflow/python/distribute/cluster_resolver/tfconfig_cluster_resolver.py:94: error: "Callable[[TFConfigClusterResolver], Any]" has no attribute "setter"  [attr-defined]
(kubeflow)kfserving/vendor/github.com/tensorflow/tensorflow/tensorflow/python/keras/engine/training_dataset_test.py:35: error: Name 'logging' already defined (by an import)  [no-redef]
(kubeflow)kfserving/vendor/github.com/tensorflow/tensorflow/tensorflow/contrib/distribute/python/multi_worker_test_base.py:46: error: Need type annotation for 'ASSIGNED_PORTS' (hint: "ASSIGNED_PORTS: Set[<type>] = ...")  [var-annotated]
(kubeflow)kfserving/python/kfserving/kfserving/protocols/seldon_http.py:57: error: Missing return statement  [return]
(kubeflow)kfserving/python/kfserving/kfserving/storage.py:106: error: Item "None" of "Optional[Match[Any]]" has no attribute "group"  [union-attr]
(kubeflow)kfserving/python/kfserving/kfserving/storage.py:107: error: Item "None" of "Optional[Match[Any]]" has no attribute "group"  [union-attr]
(kubeflow)kfserving/vendor/github.com/tensorflow/tensorflow/tensorflow/python/platform/googletest.py:94: error: Name 'main' already defined (possibly by an import)  [no-redef]
(kubeflow)kfserving/docs/samples/pytorch/cifar10.py:37: error: Module has no attribute "utils"  [attr-defined]
(kubeflow)kfserving/docs/samples/pytorch/cifar10.py:42: error: Module has no attribute "utils"  [attr-defined]
(kubeflow)kfserving/vendor/github.com/tensorflow/tensorflow/tensorflow/python/util/tf_inspect.py:34: error: Cannot assign multiple types to name "FullArgSpec" without an explicit "Type[...]" annotation  [misc]
(kubeflow)kfserving/vendor/github.com/tensorflow/tensorflow/tensorflow/python/util/tf_inspect.py:34: error: Name 'FullArgSpec' already defined on line 32  [no-redef]
(kubeflow)kfserving/python/kfserving/kfserving/models/v1_time.py:33: error: Need type annotation for 'swagger_types' (hint: "swagger_types: Dict[<type>, <type>] = ...")  [var-annotated]
(kubeflow)kfserving/python/kfserving/kfserving/models/v1_time.py:36: error: Need type annotation for 'attribute_map' (hint: "attribute_map: Dict[<type>, <type>] = ...")  [var-annotated]
Found 84 errors in 32 files (checked 587 source files)

[RRepo](pdt256)kata
(pdt256)kata/python/src/PrimeFactors/test_PrimeFactors.py:3: error: No parent module -- cannot perform relative import  [misc]
Found 1 error in 1 file (checked 2 source files)

[RRepo](eaudeweb)lcc-toolkit
(eaudeweb)lcc-toolkit/lcc/admin.py:54: error: "Callable[[LegislationAdmin, Any, Any], Any]" has no attribute "short_description"  [attr-defined]
(eaudeweb)lcc-toolkit/lcc/admin.py:56: error: "Callable[[LegislationAdmin, Any], Any]" has no attribute "short_description"  [attr-defined]
(eaudeweb)lcc-toolkit/lcc/admin.py:57: error: "Callable[[LegislationAdmin, Any], Any]" has no attribute "short_description"  [attr-defined]
(eaudeweb)lcc-toolkit/lcc/admin.py:67: error: "Callable[[BaseUserAdmin, Any], Any]" has no attribute "short_description"  [attr-defined]
(eaudeweb)lcc-toolkit/lcc/forms.py:174: error: Need type annotation for 'fields' (hint: "fields: List[<type>] = ...")  [var-annotated]
Found 5 errors in 2 files (checked 32 source files)

[RRepo](cylc)cylc
(cylc)cylc/cylc/flow/c3mro.py:155: error: Need type annotation for 'parents' (hint: "parents: Dict[<type>, <type>] = ...")  [var-annotated]

[RRepo](tek)amino
(tek)amino/templates/state.py:123: error: invalid syntax  [syntax]
Found 1 error in 1 file (checked 103 source files)

[RRepo](tkukushkin)asynqp-consumer
(tkukushkin)asynqp-consumer/src/asynqp_consumer/records.py:11: error: Need type annotation for '__slots__' (hint: "__slots__: List[<type>] = ...")  [var-annotated]
(tkukushkin)asynqp-consumer/src/asynqp_consumer/records.py:88: error: Incompatible types in assignment (expression has type "int", target has type "Optional[str]")  [assignment]
(tkukushkin)asynqp-consumer/src/asynqp_consumer/records.py:93: error: Argument 1 to "ConnectionParams" has incompatible type "**Dict[str, Optional[str]]"; expected "str"  [arg-type]
(tkukushkin)asynqp-consumer/src/asynqp_consumer/records.py:93: error: Argument 1 to "ConnectionParams" has incompatible type "**Dict[str, Optional[str]]"; expected "int"  [arg-type]
(tkukushkin)asynqp-consumer/src/asynqp_consumer/consumer.py:73: error: Name 'Iterator' is not defined  [name-defined]
(tkukushkin)asynqp-consumer/src/asynqp_consumer/consumer.py:73: note: Did you forget to import it from "typing"? (Suggestion: "from typing import Iterator")
(tkukushkin)asynqp-consumer/src/asynqp_consumer/consumer.py:80: error: Incompatible types in assignment (expression has type "None", variable has type "Future[Any]")  [assignment]
(tkukushkin)asynqp-consumer/src/asynqp_consumer/consumer.py:89: error: Argument "loop" to "_connect" of "Consumer" has incompatible type "Optional[BaseEventLoop]"; expected "BaseEventLoop"  [arg-type]
(tkukushkin)asynqp-consumer/src/asynqp_consumer/consumer.py:93: error: Argument "loop" to "_process_queue" of "Consumer" has incompatible type "Optional[BaseEventLoop]"; expected "BaseEventLoop"  [arg-type]
(tkukushkin)asynqp-consumer/src/asynqp_consumer/consumer.py:94: error: Argument "loop" to "_check_bulk" of "Consumer" has incompatible type "Optional[BaseEventLoop]"; expected "BaseEventLoop"  [arg-type]
(tkukushkin)asynqp-consumer/src/asynqp_consumer/consumer.py:112: error: Incompatible types in assignment (expression has type "None", variable has type "Future[Any]")  [assignment]
(tkukushkin)asynqp-consumer/src/asynqp_consumer/consumer.py:159: error: Need type annotation for 'messages_queue'  [var-annotated]
(tkukushkin)asynqp-consumer/src/asynqp_consumer/connect.py:13: error: Incompatible types in assignment (expression has type "AbstractEventLoop", variable has type "Optional[BaseEventLoop]")  [assignment]
Found 12 errors in 3 files (checked 12 source files)

[RRepo](agraubert)agutil
(agraubert)agutil/agutil/io/src/mplexsocket.py:4: error: No parent module -- cannot perform relative import  [misc]
Found 1 error in 1 file (checked 38 source files)

[RRepo](mikeckennedy)write-pythonic-code-demos
(mikeckennedy)write-pythonic-code-demos/code/ch_05_functions/_05_variable_length_arguments.py:12: error: Name 'biggest' already defined on line 1  [no-redef]
(mikeckennedy)write-pythonic-code-demos/code/ch_05_functions/_05_variable_length_arguments.py:20: error: Too many arguments for "biggest"  [call-arg]
(mikeckennedy)write-pythonic-code-demos/code/ch_05_functions/_03_no_overloading.py:6: error: Name 'simple' already defined on line 3  [no-redef]
(mikeckennedy)write-pythonic-code-demos/code/ch_05_functions/_03_no_overloading.py:10: error: Too many arguments for "simple"  [call-arg]
(mikeckennedy)write-pythonic-code-demos/code/ch_02_foundations/_01_truthiness.py:14: error: Need type annotation for 'seq' (hint: "seq: List[<type>] = ...")  [var-annotated]
(mikeckennedy)write-pythonic-code-demos/code/ch_01_pep8/_01_pep8.py:157: error: Name 'sys' is not defined  [name-defined]
(mikeckennedy)write-pythonic-code-demos/code/ch_01_pep8/_01_pep8.py:158: error: Name 'os' is not defined  [name-defined]
(mikeckennedy)write-pythonic-code-demos/code/ch_01_pep8/_01_pep8.py:159: error: Name 'multiprocessing' is not defined  [name-defined]
(mikeckennedy)write-pythonic-code-demos/code/ch_01_pep8/_01_pep8.py:160: error: Name 'path' is not defined  [name-defined]
(mikeckennedy)write-pythonic-code-demos/code/ch_01_pep8/_01_pep8.py:161: error: Name 'chmod' is not defined  [name-defined]
(mikeckennedy)write-pythonic-code-demos/code/ch_01_pep8/_01_pep8.py:163: error: Name 'mean' is not defined  [name-defined]
Found 11 errors in 4 files (checked 30 source files)

[RRepo](OpenNFT)OpenNFT
(OpenNFT)OpenNFT/opennft/_logging.py:6: error: Module 'opennft' has no attribute 'config'  [attr-defined]
(OpenNFT)OpenNFT/opennft/utils.py:22: error: Module 'opennft' has no attribute 'config'  [attr-defined]
(OpenNFT)OpenNFT/setup.py:10: error: Module 'distutils.core' has no attribute 'DistutilsOptionError'  [attr-defined]
(OpenNFT)OpenNFT/opennft/mlproc.py:29: error: Module 'opennft' has no attribute 'config'  [attr-defined]
(OpenNFT)OpenNFT/opennft/mlproc.py:137: error: Function "multiprocessing.Event" is not valid as a type  [valid-type]
(OpenNFT)OpenNFT/opennft/mlproc.py:137: note: Perhaps you need "Callable[...]" or a callback protocol?
(OpenNFT)OpenNFT/opennft/mlproc.py:147: error: mp.Event? has no attribute "clear"  [attr-defined]
(OpenNFT)OpenNFT/opennft/mlproc.py:166: error: mp.Event? has no attribute "set"  [attr-defined]

[RRepo](agdsn)sipa
(agdsn)sipa/sipa/__init__.py: error: Duplicate module named 'sipa' (also at '/home/bew/archive/typed_project/(agdsn)sipa/sipa.py')  [misc]
(agdsn)sipa/sipa/__init__.py: error: Are you missing an __init__.py?  [misc]
Found 2 errors in 1 file (checked 61 source files)

[RRepo](attwad)python-osc
(attwad)python-osc/pythonosc/osc_bundle_builder.py:26: error: Need type annotation for '_contents' (hint: "_contents: List[<type>] = ...")  [var-annotated]
(attwad)python-osc/pythonosc/osc_message_builder.py:40: error: Need type annotation for '_args' (hint: "_args: List[<type>] = ...")  [var-annotated]
(attwad)python-osc/pythonosc/osc_message_builder.py:45: error: Incompatible return value type (got "Optional[str]", expected "str")  [return-value]
(attwad)python-osc/pythonosc/osc_message_builder.py:114: error: Incompatible types in assignment (expression has type "List[str]", variable has type "str")  [assignment]
(attwad)python-osc/pythonosc/parsing/osc_types.py:165: error: Incompatible return value type (got "Tuple[Tuple[datetime, int], int]", expected "Tuple[datetime, int]")  [return-value]
(attwad)python-osc/pythonosc/parsing/osc_types.py:377: error: Unsupported operand types for & ("object" and "int")  [operator]
(attwad)python-osc/pythonosc/parsing/osc_types.py:402: error: Incompatible return value type (got "Tuple[Tuple[Any, ...], int]", expected "Tuple[Tuple[int, int, int, int], int]")  [return-value]
(attwad)python-osc/pythonosc/osc_message.py:22: error: Need type annotation for '_parameters' (hint: "_parameters: List[<type>] = ...")  [var-annotated]
(attwad)python-osc/pythonosc/osc_message.py:37: error: Need type annotation for 'params' (hint: "params: List[<type>] = ...")  [var-annotated]
(attwad)python-osc/pythonosc/osc_message.py:62: error: Need type annotation for 'array' (hint: "array: List[<type>] = ...")  [var-annotated]
(attwad)python-osc/pythonosc/udp_client.py:27: error: Unexpected keyword argument "type" for "getaddrinfo"  [call-arg]
(attwad)python-osc/pythonosc/udp_client.py:36: error: Argument 1 to "setblocking" of "socket" has incompatible type "int"; expected "bool"  [arg-type]
(attwad)python-osc/pythonosc/udp_client.py:67: error: Incompatible types in assignment (expression has type "Union[Tuple[Any, ...], List[Any]]", variable has type "List[Union[float, bytes, str]]")  [assignment]
(attwad)python-osc/pythonosc/osc_bundle.py:64: error: On Python 3 '%s' % b'abc' produces "b'abc'"; use %r if this is a desired behavior  [str-bytes-safe]
(attwad)python-osc/pythonosc/dispatcher.py:67: error: Need type annotation for '_map'  [var-annotated]
(attwad)python-osc/pythonosc/dispatcher.py:194: error: "None" has no attribute "invoke"  [attr-defined]
(attwad)python-osc/pythonosc/dispatcher.py:207: error: Incompatible types in assignment (expression has type "Handler", variable has type "None")  [assignment]
(attwad)python-osc/pythonosc/osc_packet.py:20: error: Unexpected arguments to namedtuple()  [misc]
(attwad)python-osc/pythonosc/osc_packet.py:31: error: Too many arguments for "TimedMessage"  [call-arg]
(attwad)python-osc/pythonosc/osc_packet.py:33: error: Too many arguments for "TimedMessage"  [call-arg]
(attwad)python-osc/pythonosc/osc_packet.py:64: error: "TimedMessage" has no attribute "time"  [attr-defined]
(attwad)python-osc/pythonosc/osc_packet.py:66: error: Too many arguments for "TimedMessage"  [call-arg]
(attwad)python-osc/examples/reaktor_lazerbass.py:91: error: Need type annotation for 'bq'  [var-annotated]
(attwad)python-osc/examples/async_server.py:33: error: Module has no attribute "run"  [attr-defined]
(attwad)python-osc/pythonosc/osc_server.py:29: error: "BaseServer" has no attribute "dispatcher"  [attr-defined]
(attwad)python-osc/pythonosc/osc_server.py:57: error: Argument 1 of "verify_request" is incompatible with supertype "BaseServer"; supertype defines the argument type as "bytes"  [override]
(attwad)python-osc/pythonosc/osc_server.py:127: error: Argument 1 of "datagram_received" is incompatible with supertype "DatagramProtocol"; supertype defines the argument type as "Union[bytes, str]"  [override]
(attwad)python-osc/pythonosc/osc_server.py:138: error: Function "types.coroutine" is not valid as a type  [valid-type]
(attwad)python-osc/pythonosc/osc_server.py:138: note: Perhaps you need "Callable[...]" or a callback protocol?
Found 28 errors in 11 files (checked 24 source files)

[RRepo](etataurov)asyncio-apns
(etataurov)asyncio-apns/asyncio_apns/apns_connection.py:93: error: Argument 4 to "_prepare_request" of "APNsConnection" has incompatible type "Optional[str]"; expected "str"  [arg-type]
(etataurov)asyncio-apns/asyncio_apns/apns_connection.py:95: error: "None" has no attribute "send_request"  [attr-defined]
(etataurov)asyncio-apns/asyncio_apns/h2_client.py:226: error: Argument 1 to "connect" of "H2ClientProtocol" has incompatible type "Optional[str]"; expected "str"  [arg-type]
Found 3 errors in 2 files (checked 10 source files)

[RRepo](ReagentX)HLTV-Scraper
(ReagentX)HLTV-Scraper/hltv_scraper/get_match_ids.py:20: error: Incompatible types in assignment (expression has type "int", variable has type "str")  [assignment]
(ReagentX)HLTV-Scraper/hltv_scraper/get_match_ids.py:28: error: Unsupported operand types for + ("str" and "int")  [operator]
Found 2 errors in 1 file (checked 4 source files)

[RRepo](samuelcolvin)arq
(samuelcolvin)arq/tests/test_jobs.py:39: error: Name 'worker' already defined on line 32  [no-redef]
(samuelcolvin)arq/tests/test_main.py:23: error: Name 'worker' already defined on line 18  [no-redef]
(samuelcolvin)arq/tests/test_main.py:51: error: Name 'worker' already defined on line 46  [no-redef]
(samuelcolvin)arq/tests/test_main.py:97: error: Need type annotation for 'counter'  [var-annotated]
(samuelcolvin)arq/tests/test_main.py:110: error: Name 'worker' already defined on line 93  [no-redef]
(samuelcolvin)arq/arq/jobs.py:96: error: Incompatible types in assignment (expression has type "JobDef", variable has type "Optional[JobResult]")  [assignment]
(samuelcolvin)arq/arq/jobs.py:101: error: Missing return statement  [return]
(samuelcolvin)arq/arq/jobs.py:150: error: Missing return statement  [return]
(samuelcolvin)arq/arq/connections.py:31: error: Incompatible types in assignment (expression has type "None", variable has type "str")  [assignment]
(samuelcolvin)arq/arq/connections.py:106: error: Return value expected  [return-value]
(samuelcolvin)arq/arq/connections.py:126: error: Return value expected  [return-value]
Found 11 errors in 4 files (checked 19 source files)

[RRepo](c3cashdesk)c6sh
(c3cashdesk)c6sh/src/tests/troubleshooter/test_troubleshooter_views_constraints.py:3: error: Relative import climbs too many namespaces  [misc]
(c3cashdesk)c6sh/src/tests/troubleshooter/test_troubleshooter_views_preorder.py:3: error: Relative import climbs too many namespaces  [misc]
(c3cashdesk)c6sh/src/postix/core/admin.py:18: error: Need type annotation for 'exclude' (hint: "exclude: List[<type>] = ...")  [var-annotated]
(c3cashdesk)c6sh/src/postix/core/admin.py:74: error: Need type annotation for 'filter_horizontal' (hint: "filter_horizontal: List[<type>] = ...")  [var-annotated]
(c3cashdesk)c6sh/src/tests/troubleshooter/test_troubleshooter_views_desk.py:5: error: Relative import climbs too many namespaces  [misc]
(c3cashdesk)c6sh/src/postix/core/models/cashdesk.py:13: error: Relative import climbs too many namespaces  [misc]
(c3cashdesk)c6sh/src/postix/core/models/cashdesk.py:14: error: Relative import climbs too many namespaces  [misc]
(c3cashdesk)c6sh/src/postix/core/models/cashdesk.py:207: error: Need type annotation for 'transaction_dict'  [var-annotated]
(c3cashdesk)c6sh/src/postix/core/models/cashdesk.py:208: error: Need type annotation for 'movement_dict'  [var-annotated]
(c3cashdesk)c6sh/src/postix/core/models/cashdesk.py:209: error: Need type annotation for 'post_movement_dict'  [var-annotated]
(c3cashdesk)c6sh/src/postix/core/models/cashdesk.py:281: error: Incompatible return value type (got "Union[Any, int]", expected "Decimal")  [return-value]
Found 11 errors in 5 files (checked 15 source files)

[RRepo](ytanay)thinglang
(ytanay)thinglang/thinglang/lexer/lexical_analyzer.py:16: error: The return type of a generator function should be "Generator" or one of its supertypes  [misc]
(ytanay)thinglang/thinglang/lexer/lexical_analyzer.py:26: error: The return type of a generator function should be "Generator" or one of its supertypes  [misc]
(ytanay)thinglang/thinglang/phases/indexer.py:38: error: Incompatible types in assignment (expression has type "IndexerContext", variable has type "None")  [assignment]
(ytanay)thinglang/thinglang/phases/indexer.py:43: error: "None" has no attribute "append"  [attr-defined]
(ytanay)thinglang/thinglang/phases/indexer.py:47: error: "None" has no attribute "append"  [attr-defined]
(ytanay)thinglang/thinglang/phases/indexer.py:53: error: "None" has no attribute "append"  [attr-defined]
(ytanay)thinglang/thinglang/parser/blocks/try_block.py:45: error: Need type annotation for 'entries' (hint: "entries: List[<type>] = ...")  [var-annotated]
(ytanay)thinglang/thinglang/parser/definitions/member_definition.py:30: error: Syntax error in type annotation  [syntax]
(ytanay)thinglang/thinglang/parser/definitions/member_definition.py:30: note: Suggestion: Use Tuple[T1, ..., Tn] instead of (T1, ..., Tn)
(ytanay)thinglang/thinglang/parser/definitions/member_definition.py:30: error: Variable "member_definition.MemberDefinition.MEMBER_NAME_TYPES" is not valid as a type  [valid-type]
(ytanay)thinglang/thinglang/parser/definitions/thing_definition.py:69: error: Name 'TypeVector' is not defined  [name-defined]
(ytanay)thinglang/thinglang/parser/definitions/method_definition.py:119: error: Variable "method_definition.MethodDefinition.METHOD_NAME_TYPES" is not valid as a type  [valid-type]
(ytanay)thinglang/thinglang/parser/values/named_access.py:114: error: Name 'BracketVector' is not defined  [name-defined]
(ytanay)thinglang/thinglang/parser/values/method_call.py:159: error: Name 'ParenthesesVector' is not defined  [name-defined]
(ytanay)thinglang/thinglang/parser/values/method_call.py:164: error: Name 'ParenthesesVector' is not defined  [name-defined]
(ytanay)thinglang/thinglang/parser/values/indexed_access.py:46: error: Name 'BracketVector' is not defined  [name-defined]
(ytanay)thinglang/thinglang/parser/statements/assignment_operation.py:92: error: Variable "assignment_operation.AssignmentOperation.ASSIGNMENT_TARGET" is not valid as a type  [valid-type]
(ytanay)thinglang/thinglang/parser/statements/assignment_operation.py:97: error: Variable "assignment_operation.AssignmentOperation.ASSIGNMENT_TARGET" is not valid as a type  [valid-type]
(ytanay)thinglang/thinglang/parser/vector.py:218: error: "object" has no attribute "__iter__"; maybe "__str__" or "__dir__"? (not iterable)  [attr-defined]
(ytanay)thinglang/thinglang/parser/vector.py:221: error: Argument 1 to "len" has incompatible type "object"; expected "Sized"  [arg-type]
(ytanay)thinglang/thinglang/symbols/symbol_mapper.py:52: error: Incompatible default for argument "method_locals" (default has type "Tuple[]", argument has type "Dict[Any, Any]")  [assignment]
(ytanay)thinglang/thinglang/symbols/symbol_mapper.py:52: error: Incompatible default for argument "current_generics" (default has type "Tuple[]", argument has type "List[Any]")  [assignment]
(ytanay)thinglang/thinglang/utils/collection_utils.py:34: error: Incompatible types in "yield" (actual type "Sequence[Any]", expected type "List[Any]")  [misc]
(ytanay)thinglang/thinglang/utils/collection_utils.py:37: error: The return type of a generator function should be "Generator" or one of its supertypes  [misc]
(ytanay)thinglang/thinglang/lexer/values/identifier.py:108: error: Name 'ParameterVector' is not defined  [name-defined]
(ytanay)thinglang/thinglang/compiler/opcodes.py:182: error: Incompatible types in assignment (expression has type "Tuple[object]", base class "Opcode" defined the type as "Tuple[]")  [assignment]
(ytanay)thinglang/thinglang/compiler/opcodes.py:189: error: Incompatible types in assignment (expression has type "Tuple[object, object]", base class "Opcode" defined the type as "Tuple[]")  [assignment]
(ytanay)thinglang/thinglang/compiler/opcodes.py:196: error: Incompatible types in assignment (expression has type "Tuple[object]", base class "Opcode" defined the type as "Tuple[]")  [assignment]
(ytanay)thinglang/thinglang/compiler/opcodes.py:216: error: Incompatible types in assignment (expression has type "Tuple[object]", base class "Opcode" defined the type as "Tuple[]")  [assignment]
(ytanay)thinglang/thinglang/compiler/opcodes.py:223: error: Incompatible types in assignment (expression has type "Tuple[object, object]", base class "Opcode" defined the type as "Tuple[]")  [assignment]
(ytanay)thinglang/thinglang/compiler/opcodes.py:230: error: Incompatible types in assignment (expression has type "Tuple[object]", base class "Opcode" defined the type as "Tuple[]")  [assignment]
(ytanay)thinglang/thinglang/compiler/opcodes.py:235: error: Incompatible types in assignment (expression has type "Tuple[object]", base class "Opcode" defined the type as "Tuple[]")  [assignment]
(ytanay)thinglang/thinglang/compiler/opcodes.py:244: error: Incompatible types in assignment (expression has type "Tuple[object, object]", base class "Opcode" defined the type as "Tuple[]")  [assignment]
(ytanay)thinglang/thinglang/compiler/opcodes.py:246: error: Signature of "update_offset" incompatible with supertype "Opcode"  [override]
(ytanay)thinglang/thinglang/compiler/opcodes.py:255: error: Incompatible types in assignment (expression has type "Tuple[object, object]", base class "Opcode" defined the type as "Tuple[]")  [assignment]
(ytanay)thinglang/thinglang/compiler/opcodes.py:264: error: Incompatible types in assignment (expression has type "Tuple[object]", base class "Opcode" defined the type as "Tuple[]")  [assignment]
(ytanay)thinglang/thinglang/compiler/opcodes.py:273: error: Incompatible types in assignment (expression has type "Tuple[object, object]", base class "Opcode" defined the type as "Tuple[]")  [assignment]
(ytanay)thinglang/thinglang/compiler/opcodes.py:289: error: Incompatible types in assignment (expression has type "Tuple[object, object]", base class "Opcode" defined the type as "Tuple[]")  [assignment]
(ytanay)thinglang/thinglang/compiler/opcodes.py:296: error: Incompatible types in assignment (expression has type "Tuple[object]", base class "Opcode" defined the type as "Tuple[]")  [assignment]
(ytanay)thinglang/thinglang/compiler/opcodes.py:314: error: Incompatible types in assignment (expression has type "Tuple[object]", base class "Opcode" defined the type as "Tuple[]")  [assignment]
(ytanay)thinglang/thinglang/compiler/opcodes.py:321: error: Incompatible types in assignment (expression has type "Tuple[object, object]", base class "Opcode" defined the type as "Tuple[]")  [assignment]
(ytanay)thinglang/thinglang/compiler/opcodes.py:328: error: Incompatible types in assignment (expression has type "Tuple[object]", base class "Opcode" defined the type as "Tuple[]")  [assignment]
(ytanay)thinglang/thinglang/compiler/opcodes.py:345: error: Incompatible types in assignment (expression has type "Tuple[object]", base class "Opcode" defined the type as "Tuple[]")  [assignment]
(ytanay)thinglang/thinglang/compiler/opcodes.py:354: error: Incompatible types in assignment (expression has type "Tuple[object, object]", base class "Opcode" defined the type as "Tuple[]")  [assignment]
(ytanay)thinglang/thinglang/compiler/opcodes.py:361: error: Incompatible types in assignment (expression has type "Tuple[object, object]", base class "Opcode" defined the type as "Tuple[]")  [assignment]
(ytanay)thinglang/thinglang/compiler/context.py:34: error: Need type annotation for 'classes' (hint: "classes: List[<type>] = ...")  [var-annotated]
(ytanay)thinglang/thinglang/compiler/context.py:56: error: Need type annotation for 'data_items' (hint: "data_items: List[<type>] = ...")  [var-annotated]
(ytanay)thinglang/thinglang/compiler/context.py:96: error: Item "int" of "Union[Any, int]" has no attribute "thing_index"  [union-attr]
(ytanay)thinglang/thinglang/compiler/context.py:96: error: Item "int" of "Union[Any, int]" has no attribute "element_index"  [union-attr]
(ytanay)thinglang/thinglang/compiler/context.py:105: error: Item "None" of "Optional[Any]" has no attribute "raw_contents"  [union-attr]
Found 49 errors in 16 files (checked 103 source files)

[RRepo](fastats)fastats
(fastats)fastats/fastats/linear_algebra/pca.py:4: error: Module 'fastats.scaling' has no attribute 'demean'  [attr-defined]
(fastats)fastats/fastats/maths/correlation/pearson.py:4: error: Module 'fastats.scaling' has no attribute 'standard'  [attr-defined]
(fastats)fastats/tests/core/ast_transforms/test_basic_sanity_deep_hierarchy.py:2: error: Module 'fastats' has no attribute 'fs'  [attr-defined]
(fastats)fastats/tests/core/test_windowed_stateful_pass.py:5: error: Module 'fastats' has no attribute 'windowed_stateful_pass'  [attr-defined]
(fastats)fastats/tests/core/test_single_pass.py:7: error: Module 'fastats' has no attribute 'single_pass'  [attr-defined]
(fastats)fastats/tests/core/test_windowed_pass.py:5: error: Module 'fastats' has no attribute 'windowed_pass'  [attr-defined]
(fastats)fastats/tests/core/test_windowed_pass.py:5: error: Module 'fastats' has no attribute 'windowed_pass_2d'  [attr-defined]
(fastats)fastats/tests/core/test_windowed_pass.py:6: error: Module 'fastats.linear_algebra' has no attribute 'r_squared'  [attr-defined]
(fastats)fastats/tests/utilities/test_arrays.py:4: error: Module 'fastats.utilities' has no attribute 'is_square'  [attr-defined]
(fastats)fastats/tests/maths/test_logistic.py:5: error: Module 'fastats' has no attribute 'single_pass'  [attr-defined]
(fastats)fastats/tests/maths/test_activations.py:6: error: Module 'fastats' has no attribute 'single_pass'  [attr-defined]
(fastats)fastats/tests/maths/test_activations.py:7: error: Module 'fastats.maths' has no attribute 'relu'  [attr-defined]
(fastats)fastats/tests/maths/test_activations.py:7: error: Module 'fastats.maths' has no attribute 'softplus'  [attr-defined]
(fastats)fastats/tests/test_name_error_minimal.py:12: error: Module 'fastats' has no attribute 'single_pass'  [attr-defined]
(fastats)fastats/tests/test_name_error_nested.py:12: error: Module 'fastats' has no attribute 'single_pass'  [attr-defined]
(fastats)fastats/tests/test_name_error_addition.py:18: error: Module 'fastats' has no attribute 'fs'  [attr-defined]
(fastats)fastats/tests/test_name_error_multi.py:4: error: Module 'fastats' has no attribute 'single_pass'  [attr-defined]

[RRepo](getnikola)nikola
(getnikola)nikola/nikola/state.py:35: error: No parent module -- cannot perform relative import  [misc]
Found 1 error in 1 file (checked 83 source files)

[RRepo](prkumar)uplink
(prkumar)uplink/uplink/types.py:6: error: "Type[TypingConverter]" has no attribute "List"  [attr-defined]
(prkumar)uplink/uplink/types.py:18: error: "Type[TypingConverter]" has no attribute "Dict"  [attr-defined]
(prkumar)uplink/uplink/_extras.py:7: error: Need type annotation for '_INSTALLERS'  [var-annotated]
(prkumar)uplink/uplink/_extras.py:8: error: Need type annotation for '_ENTRY_POINTS'  [var-annotated]
(prkumar)uplink/uplink/converters/typing_.py:132: error: "Type[TypingConverter]" has no attribute "List"  [attr-defined]
(prkumar)uplink/uplink/converters/typing_.py:132: error: "Type[TypingConverter]" has no attribute "Dict"  [attr-defined]
(prkumar)uplink/uplink/converters/__init__.py:93: error: Need type annotation for '_converter_factory_registry' (hint: "_converter_factory_registry: Dict[<type>, <type>] = ...")  [var-annotated]
(prkumar)uplink/uplink/utils.py:12: error: All conditional function variants must have identical signatures  [misc]
(prkumar)uplink/uplink/utils.py:27: error: All conditional function variants must have identical signatures  [misc]
(prkumar)uplink/uplink/utils.py:64: error: Name '_urlparse' already defined (by an import)  [no-redef]
(prkumar)uplink/uplink/clients/io/interfaces.py:5: error: Module 'uplink' has no attribute 'compat'  [attr-defined]
(prkumar)uplink/uplink/session.py:2: error: Module 'uplink' has no attribute 'arguments'  [attr-defined]
(prkumar)uplink/uplink/hooks.py:6: error: Module 'uplink' has no attribute 'compat'  [attr-defined]
(prkumar)uplink/uplink/exceptions.py:13: error: Incompatible types in assignment (expression has type "str", base class "Error" defined the type as "None")  [assignment]
(prkumar)uplink/tests/integration/test_extend.py:15: error: "object" has no attribute "response_handler"  [attr-defined]
(prkumar)uplink/tests/integration/test_extend.py:22: error: "object" has no attribute "timeout"  [attr-defined]
(prkumar)uplink/tests/integration/test_extend.py:23: error: Name 'uplink.Consumer' is not defined  [name-defined]
(prkumar)uplink/tests/integration/test_extend.py:25: error: "object" has no attribute "json"  [attr-defined]
(prkumar)uplink/tests/integration/test_extend.py:26: error: "object" has no attribute "post"  [attr-defined]
(prkumar)uplink/tests/integration/test_extend.py:26: error: "object" has no attribute "Body"  [attr-defined]
(prkumar)uplink/tests/integration/test_extend.py:31: error: "object" has no attribute "args"  [attr-defined]
(prkumar)uplink/tests/integration/test_extend.py:31: error: "object" has no attribute "Body"  [attr-defined]
(prkumar)uplink/tests/integration/test_extend.py:37: error: "object" has no attribute "Body"  [attr-defined]
(prkumar)uplink/tests/integration/test_returns.py:17: error: "object" has no attribute "loads"  [attr-defined]
(prkumar)uplink/tests/integration/test_returns.py:22: error: "object" has no attribute "loads"  [attr-defined]
(prkumar)uplink/tests/integration/test_returns.py:27: error: "object" has no attribute "dumps"  [attr-defined]
(prkumar)uplink/tests/integration/test_returns.py:35: error: Name 'uplink.Consumer' is not defined  [name-defined]
(prkumar)uplink/tests/integration/test_returns.py:36: error: "object" not callable  [operator]
(prkumar)uplink/tests/integration/test_returns.py:37: error: "object" has no attribute "get"  [attr-defined]
(prkumar)uplink/tests/integration/test_returns.py:42: error: "object" has no attribute "get"  [attr-defined]
(prkumar)uplink/tests/integration/test_returns.py:47: error: "object" has no attribute "types"  [attr-defined]
(prkumar)uplink/tests/integration/test_returns.py:48: error: "object" has no attribute "get"  [attr-defined]
(prkumar)uplink/tests/integration/test_returns.py:52: error: "object" has no attribute "json"  [attr-defined]
(prkumar)uplink/tests/integration/test_returns.py:53: error: "object" has no attribute "post"  [attr-defined]
(prkumar)uplink/tests/integration/test_returns.py:53: error: "object" has no attribute "Body"  [attr-defined]
(prkumar)uplink/tests/integration/test_handlers.py:8: error: "object" has no attribute "response_handler"  [attr-defined]
(prkumar)uplink/tests/integration/test_handlers.py:14: error: "object" has no attribute "response_handler"  [attr-defined]
(prkumar)uplink/tests/integration/test_handlers.py:25: error: "object" has no attribute "error_handler"  [attr-defined]
(prkumar)uplink/tests/integration/test_handlers.py:31: error: "object" has no attribute "error_handler"  [attr-defined]
(prkumar)uplink/tests/integration/test_handlers.py:36: error: Name 'uplink.Consumer' is not defined  [name-defined]
(prkumar)uplink/tests/integration/test_handlers.py:38: error: "object" has no attribute "get"  [attr-defined]
(prkumar)uplink/tests/integration/test_handlers.py:43: error: "object" has no attribute "get"  [attr-defined]
(prkumar)uplink/tests/integration/test_handlers.py:49: error: "object" has no attribute "get"  [attr-defined]
(prkumar)uplink/tests/integration/test_handlers.py:54: error: "object" has no attribute "get"  [attr-defined]
(prkumar)uplink/tests/integration/test_handlers.py:59: error: "object" has no attribute "get"  [attr-defined]
(prkumar)uplink/tests/integration/test_basic.py:11: error: "object" has no attribute "timeout"  [attr-defined]
(prkumar)uplink/tests/integration/test_basic.py:12: error: "object" has no attribute "headers"  [attr-defined]
(prkumar)uplink/tests/integration/test_basic.py:13: error: Name 'uplink.Consumer' is not defined  [name-defined]
(prkumar)uplink/tests/integration/test_basic.py:14: error: "object" has no attribute "timeout"  [attr-defined]
(prkumar)uplink/tests/integration/test_basic.py:15: error: "object" has no attribute "get"  [attr-defined]
(prkumar)uplink/tests/integration/test_basic.py:20: error: "object" has no attribute "get"  [attr-defined]
(prkumar)uplink/examples/marshmallow/schemas.py:5: error: Unexpected arguments to namedtuple()  [misc]
(prkumar)uplink/examples/marshmallow/schemas.py:9: error: Unexpected arguments to namedtuple()  [misc]

[RRepo](raiden-network)raiden
(raiden-network)raiden/raiden/transfer/utils.py: error: Duplicate module named 'utils' (also at '/home/bew/archive/typed_project/(raiden-network)raiden/raiden/utils/__init__.py')  [misc]
Found 1 error in 1 file (checked 167 source files)

[RRepo](containerum)chkit
Success: no issues found in 8 source files

[RRepo](joliveros)bitmex-websocket
(joliveros)bitmex-websocket/tests/test_websocket.py:3: error: Module 'bitmex_websocket' has no attribute 'BitMEXWebsocket'  [attr-defined]
(joliveros)bitmex-websocket/bitmex_websocket/_instrument.py:22: error: Invalid type comment or annotation  [valid-type]

[RRepo](StarbotDiscord)Starbot
(StarbotDiscord)Starbot/plugins/calc.py:99: error: Name 'cmp' is not defined  [name-defined]

[RRepo](igemsoftware2016)USTC-Software-2016
(igemsoftware2016)USTC-Software-2016/plugins/dbupload/dbprofile.py:12: error: Variable "plugins.dbupload.dbprofile.TableBase" is not valid as a type  [valid-type]
(igemsoftware2016)USTC-Software-2016/plugins/dbupload/dbprofile.py:12: error: Invalid base class "TableBase"  [misc]
(igemsoftware2016)USTC-Software-2016/plugins/dbupload/dbprofile.py:22: error: Variable "plugins.dbupload.dbprofile.TableBase" is not valid as a type  [valid-type]
(igemsoftware2016)USTC-Software-2016/plugins/dbupload/dbprofile.py:22: error: Invalid base class "TableBase"  [misc]
(igemsoftware2016)USTC-Software-2016/plugins/dbupload/dbprofile.py:104: error: Variable "plugins.dbupload.dbprofile.TableBase" is not valid as a type  [valid-type]
(igemsoftware2016)USTC-Software-2016/plugins/dbupload/dbprofile.py:104: error: Invalid base class "TableBase"  [misc]

[RRepo](Ajapaik)ajapaik-web
(Ajapaik)ajapaik-web/ajapaik/ajapaik/management/commands/rotate_photo.py:3: error: Module 'ajapaik' has no attribute 'settings'  [attr-defined]
(Ajapaik)ajapaik-web/ajapaik/ajapaik/management/commands/flip_flipped_photos.py:5: error: Module 'ajapaik' has no attribute 'settings'  [attr-defined]
(Ajapaik)ajapaik-web/ajapaik/ajapaik/management/commands/invert_photo.py:3: error: Module 'ajapaik' has no attribute 'settings'  [attr-defined]
(Ajapaik)ajapaik-web/ajapaik/ajapaik/templatetags/ajapaik_templatetags.py:6: error: Module 'ajapaik' has no attribute 'settings'  [attr-defined]
(Ajapaik)ajapaik-web/ajapaik/ajapaik/templatetags/ajapaik_templatetags.py:53: error: "Callable[[Any], Any]" has no attribute "is_safe"  [attr-defined]
(Ajapaik)ajapaik-web/ajapaik/ajapaik/celery.py:5: error: Module 'celery' has no attribute 'Celery'  [attr-defined]
(Ajapaik)ajapaik-web/ajapaik/ajapaik/admin.py:11: error: Module 'ajapaik' has no attribute 'settings'  [attr-defined]
(Ajapaik)ajapaik-web/ajapaik/ajapaik_face_recognition/management/commands/add_subjectphotos.py:2: error: Module 'ajapaik' has no attribute 'settings'  [attr-defined]
(Ajapaik)ajapaik-web/ajapaik/ajapaik/serializers.py:9: error: Module 'ajapaik.utils' has no attribute 'calculate_thumbnail_size'  [attr-defined]
(Ajapaik)ajapaik-web/ajapaik/ajapaik/serializers.py:242: error: Incompatible types in assignment (expression has type Tuple[str, str, ... <12 more items>], base class "Meta" defined the type as Tuple[str, str, ... <11 more items>])  [assignment]
(Ajapaik)ajapaik-web/ajapaik/ajapaik/tasks.py:5: error: Module has no attribute "task"  [attr-defined]
(Ajapaik)ajapaik-web/ajapaik/ajapaik_face_recognition/views.py:13: error: Module 'ajapaik' has no attribute 'settings'  [attr-defined]
(Ajapaik)ajapaik-web/ajapaik/ajapaik/tests.py:22: error: Need type annotation for 'created_rephotos' (hint: "created_rephotos: List[<type>] = ...")  [var-annotated]
(Ajapaik)ajapaik-web/ajapaik/ajapaik_face_recognition/management/commands/run_face_encoding_on_unencoded_rectangles.py:4: error: Name 'pickle' already defined (possibly by an import)  [no-redef]
(Ajapaik)ajapaik-web/ajapaik/ajapaik/management/commands/finna_import.py:4: error: Module 'urllib' has no attribute 'urlencode'  [attr-defined]
(Ajapaik)ajapaik-web/ajapaik/ajapaik/management/commands/update_metadata_from_muis.py:6: error: Module 'ajapaik' has no attribute 'settings'  [attr-defined]
Found 16 errors in 14 files (checked 89 source files)

[RRepo](jr-minnaar)bitrader
(jr-minnaar)bitrader/bitrader/arbitrage_tools.py:361: error: Argument 5 to "arbitrage" has incompatible type "**Dict[str, str]"; expected "bool"  [arg-type]
(jr-minnaar)bitrader/bitrader/api_tools.py:50: error: Need type annotation for 'endpoint_options' (hint: "endpoint_options: Dict[<type>, <type>] = ...")  [var-annotated]
Found 2 errors in 2 files (checked 4 source files)

[RRepo](sameersingh)uci-statnlp
Success: no issues found in 13 source files

[RRepo](CAB-LAB)cablab-core
(CAB-LAB)cablab-core/esdl/cube_access.py:144: error: Need type annotation for 'data_arrays' (hint: "data_arrays: Dict[<type>, <type>] = ...")  [var-annotated]
(CAB-LAB)cablab-core/esdl/cate/esdc.py:32: error: Module has no attribute "Cube"  [attr-defined]
(CAB-LAB)cablab-core/esdl/cate/esdc.py:40: error: Name 'esdl.Cube' is not defined  [name-defined]
(CAB-LAB)cablab-core/esdl/cate/esdc.py:63: error: Incompatible types in assignment (expression has type "List[Dict[str, Any]]", target has type "str")  [assignment]
(CAB-LAB)cablab-core/esdl/cube_store.py:36: error: Module has no attribute "request"  [attr-defined]
(CAB-LAB)cablab-core/esdl/cube_store.py:44: error: Need type annotation for '_dataset_cache' (hint: "_dataset_cache: Dict[<type>, <type>] = ...")  [var-annotated]
(CAB-LAB)cablab-core/esdl/cube_config.py:188: error: Need type annotation for 'config' (hint: "config: Dict[<type>, <type>] = ...")  [var-annotated]

[RRepo](lopter)lightsd
(lopter)lightsd/apps/monolight/monolight/monolight.py:26: error: No parent module -- cannot perform relative import  [misc]
Found 1 error in 1 file (checked 16 source files)

[RRepo](wylee)runcommands
(wylee)runcommands/runcommands/run.py:8: error: No parent module -- cannot perform relative import  [misc]
Found 1 error in 1 file (checked 18 source files)

[RRepo](nfqsolutions)pylm
(nfqsolutions)pylm/pylm/clients.py:229: error: On Python 3 '{}'.format(b'abc') produces "b'abc'"; use !r if this is a desired behavior  [str-bytes-safe]
(nfqsolutions)pylm/pylm/parts/servers.py:245: error: "BaseMaster" has no attribute "pipelined"  [attr-defined]
(nfqsolutions)pylm/pylm/parts/servers.py:247: error: "BaseMaster" has no attribute "name"  [attr-defined]
(nfqsolutions)pylm/pylm/persistence/etcd.py:141: error: Not all arguments converted during string formatting  [str-format]
Found 4 errors in 3 files (checked 22 source files)

[RRepo](psy0rz)meowton
(psy0rz)meowton/micropython/lib/hx711.py:36: error: Incompatible types in assignment (expression has type "int", variable has type "Tuple[Any, ...]")  [assignment]
(psy0rz)meowton/micropython/lib/hx711.py:72: error: Missing return statement  [return]
(psy0rz)meowton/micropython/lib/ulogging.py:71: error: Need type annotation for '_loggers' (hint: "_loggers: Dict[<type>, <type>] = ...")  [var-annotated]
(psy0rz)meowton/micropython/lib/pkg_resources.py:3: error: Need type annotation for 'c' (hint: "c: Dict[<type>, <type>] = ...")  [var-annotated]
(psy0rz)meowton/micropython/timer.py:10: error: Module has no attribute "ticks_add"  [attr-defined]
(psy0rz)meowton/micropython/timer.py:12: error: Module has no attribute "ticks_diff"  [attr-defined]
(psy0rz)meowton/micropython/lib/uasyncio/__init__.py:18: error: Name 'EventLoop' is not defined  [name-defined]
(psy0rz)meowton/micropython/lib/esp8266_i2c_lcd.py:6: error: Module 'time' has no attribute 'sleep_ms'; maybe "sleep"?  [attr-defined]
(psy0rz)meowton/micropython/meowton.py:35: error: Incompatible types in assignment (expression has type "Db", variable has type Module)  [assignment]
Found 9 errors in 7 files (checked 22 source files)

[RRepo](i2y)mochi
(i2y)mochi/mochi/utils/pycloader.py:6: error: Module 'mochi.core' has no attribute 'init'  [attr-defined]
(i2y)mochi/mochi/utils/pycloader.py:6: error: Module 'mochi.core' has no attribute 'pyc_compile_monkeypatch'  [attr-defined]
(i2y)mochi/mochi/core/constants.py:4: error: Module 'mochi.parser' has no attribute 'Symbol'  [attr-defined]

[RRepo](pilotak)HomeAssistant-CustomComponents
(pilotak)HomeAssistant-CustomComponents/arpspoof/arpspoof.py:253: error: Method must have at least one argument  [misc]
(pilotak)HomeAssistant-CustomComponents/arpspoof/arpspoof.py:257: error: Method must have at least one argument  [misc]
Found 2 errors in 1 file (checked 4 source files)

[RRepo](Joklost).vimrc
Success: no issues found in 1 source file

[RRepo](mikeckennedy)consuming_services_python_demos
(mikeckennedy)consuming_services_python_demos/services/consuming_services_apis/consuming_services_apis/data/memory_db.py:8: error: Need type annotation for 'data_lookup' (hint: "data_lookup: Dict[<type>, <type>] = ...")  [var-annotated]
(mikeckennedy)consuming_services_python_demos/services/consuming_services_apis/consuming_services_apis/data/memory_db.py:9: error: Need type annotation for 'base_data' (hint: "base_data: List[<type>] = ...")  [var-annotated]

[RRepo](dpgaspar)Flask-AppBuilder
(dpgaspar)Flask-AppBuilder/flask_appbuilder/console.py:16: error: No parent module -- cannot perform relative import  [misc]
Found 1 error in 1 file (checked 37 source files)

[RRepo](DLR-SC)prov2bigchaindb
(DLR-SC)prov2bigchaindb/prov2bigchaindb/core/clients.py:108: error: Invalid type comment or annotation  [valid-type]
(DLR-SC)prov2bigchaindb/prov2bigchaindb/core/clients.py:124: error: Argument 1 of "get_document" is incompatible with supertype "BaseClient"; supertype defines the argument type as "object"  [override]
(DLR-SC)prov2bigchaindb/prov2bigchaindb/core/clients.py:159: error: Need type annotation for 'accounts' (hint: "accounts: List[<type>] = ...")  [var-annotated]
(DLR-SC)prov2bigchaindb/prov2bigchaindb/core/clients.py:176: error: Need type annotation for 'relations'  [var-annotated]
(DLR-SC)prov2bigchaindb/prov2bigchaindb/core/clients.py:188: error: Invalid type comment or annotation  [valid-type]
(DLR-SC)prov2bigchaindb/prov2bigchaindb/core/clients.py:224: error: Argument 1 of "get_document" is incompatible with supertype "BaseClient"; supertype defines the argument type as "object"  [override]
(DLR-SC)prov2bigchaindb/prov2bigchaindb/core/clients.py:267: error: Need type annotation for 'accounts' (hint: "accounts: List[<type>] = ...")  [var-annotated]
(DLR-SC)prov2bigchaindb/prov2bigchaindb/core/clients.py:322: error: Invalid type comment or annotation  [valid-type]
(DLR-SC)prov2bigchaindb/prov2bigchaindb/core/clients.py:336: error: Need type annotation for 'id_mapping' (hint: "id_mapping: Dict[<type>, <type>] = ...")  [var-annotated]
(DLR-SC)prov2bigchaindb/prov2bigchaindb/core/clients.py:351: error: Argument 1 of "get_document" is incompatible with supertype "BaseClient"; supertype defines the argument type as "object"  [override]
(DLR-SC)prov2bigchaindb/prov2bigchaindb/core/utils.py:18: error: Invalid type comment or annotation  [valid-type]
Found 11 errors in 2 files (checked 10 source files)

[RRepo](faneshion)MatchZoo
(faneshion)MatchZoo/matchzoo/losses/rank_hinge_loss.py:51: error: Unsupported operand types for + ("float" and "List[Any]")  [operator]
(faneshion)MatchZoo/matchzoo/metrics/mean_average_precision.py:43: error: Incompatible types in assignment (expression has type "float", variable has type "int")  [assignment]
(faneshion)MatchZoo/matchzoo/layers/dynamic_pooling_layer.py:43: error: Value of type "int" is not indexable  [index]
(faneshion)MatchZoo/matchzoo/layers/dynamic_pooling_layer.py:44: error: Value of type "int" is not indexable  [index]
(faneshion)MatchZoo/matchzoo/layers/matching_layer.py:60: error: Value of type "None" is not indexable  [index]
(faneshion)MatchZoo/matchzoo/layers/matching_layer.py:62: error: Value of type "None" is not indexable  [index]
(faneshion)MatchZoo/matchzoo/layers/matching_layer.py:98: error: Value of type "None" is not indexable  [index]
(faneshion)MatchZoo/matchzoo/layers/matching_layer.py:99: error: Value of type "None" is not indexable  [index]
(faneshion)MatchZoo/matchzoo/data_pack/pack.py:73: error: Need type annotation for 'lookup' (hint: "lookup: Dict[<type>, <type>] = ...")  [var-annotated]
(faneshion)MatchZoo/matchzoo/data_generator/callbacks/dynamic_pooling.py:60: error: Incompatible types in assignment (expression has type "float", variable has type "int")  [assignment]
(faneshion)MatchZoo/matchzoo/data_generator/callbacks/dynamic_pooling.py:65: error: Incompatible types in assignment (expression has type "float", variable has type "int")  [assignment]
(faneshion)MatchZoo/matchzoo/engine/hyper_spaces.py:154: error: Incompatible default for argument "q" (default has type "int", argument has type "Number")  [assignment]
(faneshion)MatchZoo/matchzoo/engine/callbacks.py:70: error: Unsupported target for indexed assignment  [index]
(faneshion)MatchZoo/matchzoo/engine/param.py:126: error: Incompatible types in assignment (expression has type "Optional[Callable[[Any], bool]]", variable has type "Callable[[Any], bool]")  [assignment]
(faneshion)MatchZoo/matchzoo/engine/param.py:173: error: Incompatible return value type (got "Optional[Any]", expected "Callable[[Any], bool]")  [return-value]
(faneshion)MatchZoo/matchzoo/engine/param.py:185: error: Incompatible return value type (got "Optional[str]", expected "str")  [return-value]
(faneshion)MatchZoo/matchzoo/data_generator/data_generator.py:131: error: Value of type "None" is not indexable  [index]
(faneshion)MatchZoo/matchzoo/data_generator/data_generator.py:140: error: Argument 1 to "len" has incompatible type "None"; expected "Sized"  [arg-type]
(faneshion)MatchZoo/matchzoo/data_generator/data_generator.py:279: error: Need type annotation for 'pairs' (hint: "pairs: List[<type>] = ...")  [var-annotated]
(faneshion)MatchZoo/matchzoo/auto/tuner/callbacks/save_model.py:31: error: Item "str" of "Union[str, Path, Any]" has no attribute "joinpath"  [union-attr]
(faneshion)MatchZoo/matchzoo/preprocessors/units/frequency_filter.py:78: error: Need type annotation for 'stats'  [var-annotated]
(faneshion)MatchZoo/matchzoo/preprocessors/units/frequency_filter.py:85: error: Need type annotation for 'stats'  [var-annotated]
(faneshion)MatchZoo/matchzoo/preprocessors/units/frequency_filter.py:94: error: "Dict[Any, Any]" has no attribute "most_common"  [attr-defined]
(faneshion)MatchZoo/matchzoo/preprocessors/build_unit_from_data_pack.py:28: error: Need type annotation for 'corpus' (hint: "corpus: List[<type>] = ...")  [var-annotated]
(faneshion)MatchZoo/matchzoo/preprocessors/build_vocab_unit.py:25: error: Incompatible return value type (got "StatefulUnit", expected "Vocabulary")  [return-value]
(faneshion)MatchZoo/matchzoo/preprocessors/cdssm_preprocessor.py:102: error: Argument 1 to "append" of "list" has incompatible type "WordHashing"; expected "NgramLetter"  [arg-type]
(faneshion)MatchZoo/matchzoo/preprocessors/cdssm_preprocessor.py:103: error: Argument 1 to "chain_transform" has incompatible type "List[NgramLetter]"; expected "List[Unit]"  [arg-type]
(faneshion)MatchZoo/matchzoo/preprocessors/cdssm_preprocessor.py:103: note: "List" is invariant -- see http://mypy.readthedocs.io/en/latest/common_issues.html#variance
(faneshion)MatchZoo/matchzoo/preprocessors/cdssm_preprocessor.py:103: note: Consider using "Sequence" instead, which is covariant
Found 27 errors in 15 files (checked 94 source files)

