[RRepo](trustyou)meetups
(trustyou)meetups/python-c/time_quicksort.py:76: error: invalid syntax  [syntax]
Found 1 error in 1 file (checked 11 source files)

[RRepo](samkit-jain)Handwriting-Recognition
(samkit-jain)Handwriting-Recognition/Python/dataset.py:101: error: Argument 1 to "int" has incompatible type "Optional[str]"; expected "Union[str, bytes, SupportsInt, _SupportsIndex]"  [arg-type]
Found 1 error in 1 file (checked 3 source files)

[RRepo](autozimu)LanguageClient-neovim
(autozimu)LanguageClient-neovim/rplugin/python3/denite/lsp/protocol.py:48: error: "Type[SymbolKind]" has no attribute "_pprint_map"  [attr-defined]
(autozimu)LanguageClient-neovim/rplugin/python3/denite/lsp/protocol.py:55: error: "Type[SymbolKind]" has no attribute "_pprint_map"  [attr-defined]

[RRepo](thenetcircle)dino
(thenetcircle)dino/dino/auth/__init__.py:22: error: Syntax error in type annotation  [syntax]
(thenetcircle)dino/dino/auth/__init__.py:22: note: Suggestion: Use Tuple[T1, ..., Tn] instead of (T1, ..., Tn)
(thenetcircle)dino/dino/hooks/set_acl.py:26: error: Need type annotation for 'acl_dict' (hint: "acl_dict: Dict[<type>, <type>] = ...")  [var-annotated]
(thenetcircle)dino/dino/auth/simple.py:32: error: Syntax error in type annotation  [syntax]
(thenetcircle)dino/dino/auth/simple.py:32: note: Suggestion: Use Tuple[T1, ..., Tn] instead of (T1, ..., Tn)
(thenetcircle)dino/dino/auth/simple.py:46: error: Syntax error in type annotation  [syntax]
(thenetcircle)dino/dino/auth/simple.py:46: note: Suggestion: Use Tuple[T1, ..., Tn] instead of (T1, ..., Tn)
(thenetcircle)dino/dino/validation/base.py:24: error: Syntax error in type annotation  [syntax]
(thenetcircle)dino/dino/validation/base.py:24: note: Suggestion: Use Tuple[T1, ..., Tn] instead of (T1, ..., Tn)
(thenetcircle)dino/dino/validation/base.py:35: error: Syntax error in type annotation  [syntax]
(thenetcircle)dino/dino/validation/base.py:35: note: Suggestion: Use Tuple[T1, ..., Tn] instead of (T1, ..., Tn)
(thenetcircle)dino/dino/validation/base.py:50: error: Syntax error in type annotation  [syntax]
(thenetcircle)dino/dino/validation/base.py:50: note: Suggestion: Use Tuple[T1, ..., Tn] instead of (T1, ..., Tn)
(thenetcircle)dino/dino/storage/cassandra.py:60: error: "None" has no attribute "msg_insert"  [attr-defined]
(thenetcircle)dino/dino/storage/cassandra.py:75: error: "None" has no attribute "get_acks_for"  [attr-defined]
(thenetcircle)dino/dino/storage/cassandra.py:81: error: "None" has no attribute "get_acks_for"  [attr-defined]
(thenetcircle)dino/dino/storage/cassandra.py:96: error: Unsupported operand types for <= ("int" and "None")  [operator]
(thenetcircle)dino/dino/storage/cassandra.py:96: note: Left operand is of type "Optional[int]"
(thenetcircle)dino/dino/storage/cassandra.py:101: error: "None" has no attribute "update_acks_with_status"  [attr-defined]
(thenetcircle)dino/dino/storage/cassandra.py:103: error: "None" has no attribute "add_acks_with_status"  [attr-defined]
(thenetcircle)dino/dino/storage/cassandra.py:119: error: "None" has no attribute "msgs_select_all_in"  [attr-defined]
(thenetcircle)dino/dino/storage/cassandra.py:126: error: "None" has no attribute "msgs_select_non_deleted_for_user_and_time"  [attr-defined]
(thenetcircle)dino/dino/storage/cassandra.py:133: error: "None" has no attribute "msgs_select_non_deleted_for_user"  [attr-defined]
(thenetcircle)dino/dino/storage/cassandra.py:140: error: "None" has no attribute "msgs_select_all_for_user"  [attr-defined]
(thenetcircle)dino/dino/storage/cassandra.py:147: error: "None" has no attribute "msgs_select_non_deleted_for_user_and_room"  [attr-defined]
(thenetcircle)dino/dino/storage/cassandra.py:154: error: "None" has no attribute "msg_delete"  [attr-defined]
(thenetcircle)dino/dino/storage/cassandra.py:158: error: "None" has no attribute "msgs_select"  [attr-defined]
(thenetcircle)dino/dino/storage/cassandra.py:164: error: "None" has no attribute "msg_delete"  [attr-defined]
(thenetcircle)dino/dino/storage/cassandra.py:168: error: "None" has no attribute "msg_undelete"  [attr-defined]
(thenetcircle)dino/dino/storage/cassandra.py:172: error: "None" has no attribute "get_acks_for_status"  [attr-defined]
(thenetcircle)dino/dino/storage/cassandra.py:177: error: "None" has no attribute "msgs_select_all_in"  [attr-defined]
(thenetcircle)dino/dino/storage/cassandra.py:188: error: "None" has no attribute "msgs_select_since_time"  [attr-defined]
(thenetcircle)dino/dino/storage/cassandra.py:203: error: "None" has no attribute "msgs_select_from_user_to_target_time_slice"  [attr-defined]
(thenetcircle)dino/dino/storage/cassandra.py:205: error: "None" has no attribute "msgs_select_time_slice"  [attr-defined]
(thenetcircle)dino/dino/storage/cassandra.py:209: error: "None" has no attribute "msgs_select_from_user"  [attr-defined]
(thenetcircle)dino/dino/storage/cassandra.py:227: error: "None" has no attribute "msgs_select_from_user_to_target_time_slice"  [attr-defined]
(thenetcircle)dino/dino/storage/cassandra.py:229: error: "None" has no attribute "msgs_select_time_slice"  [attr-defined]
(thenetcircle)dino/dino/storage/cassandra.py:233: error: "None" has no attribute "msgs_select_from_user"  [attr-defined]
(thenetcircle)dino/dino/storage/cassandra.py:249: error: "None" has no attribute "msgs_select_latest_non_deleted"  [attr-defined]
(thenetcircle)dino/dino/storage/cassandra.py:259: error: Missing return statement  [return]
(thenetcircle)dino/dino/storage/cassandra.py:260: error: "None" has no attribute "msg_select"  [attr-defined]
(thenetcircle)dino/dino/endpoint/kafka.py:35: error: Module 'kafka' has no attribute 'KafkaProducer'  [attr-defined]
(thenetcircle)dino/dino/endpoint/sockets.py:205: error: Syntax error in type annotation  [syntax]
(thenetcircle)dino/dino/endpoint/sockets.py:205: note: Suggestion: Use Tuple[T1, ..., Tn] instead of (T1, ..., Tn)
(thenetcircle)dino/dino/endpoint/sockets.py:212: error: Syntax error in type annotation  [syntax]
(thenetcircle)dino/dino/endpoint/sockets.py:212: note: Suggestion: Use Tuple[T1, ..., Tn] instead of (T1, ..., Tn)
(thenetcircle)dino/dino/endpoint/sockets.py:228: error: Syntax error in type annotation  [syntax]
(thenetcircle)dino/dino/endpoint/sockets.py:228: note: Suggestion: Use Tuple[T1, ..., Tn] instead of (T1, ..., Tn)
(thenetcircle)dino/dino/endpoint/sockets.py:235: error: Syntax error in type annotation  [syntax]
(thenetcircle)dino/dino/endpoint/sockets.py:235: note: Suggestion: Use Tuple[T1, ..., Tn] instead of (T1, ..., Tn)
(thenetcircle)dino/dino/endpoint/sockets.py:242: error: Syntax error in type annotation  [syntax]
(thenetcircle)dino/dino/endpoint/sockets.py:242: note: Suggestion: Use Tuple[T1, ..., Tn] instead of (T1, ..., Tn)
(thenetcircle)dino/dino/endpoint/sockets.py:249: error: Syntax error in type annotation  [syntax]
(thenetcircle)dino/dino/endpoint/sockets.py:249: note: Suggestion: Use Tuple[T1, ..., Tn] instead of (T1, ..., Tn)
(thenetcircle)dino/dino/endpoint/sockets.py:256: error: Syntax error in type annotation  [syntax]
(thenetcircle)dino/dino/endpoint/sockets.py:256: note: Suggestion: Use Tuple[T1, ..., Tn] instead of (T1, ..., Tn)
(thenetcircle)dino/dino/endpoint/sockets.py:263: error: Syntax error in type annotation  [syntax]
(thenetcircle)dino/dino/endpoint/sockets.py:263: note: Suggestion: Use Tuple[T1, ..., Tn] instead of (T1, ..., Tn)
(thenetcircle)dino/dino/endpoint/sockets.py:270: error: Syntax error in type annotation  [syntax]
(thenetcircle)dino/dino/endpoint/sockets.py:270: note: Suggestion: Use Tuple[T1, ..., Tn] instead of (T1, ..., Tn)
(thenetcircle)dino/dino/endpoint/sockets.py:277: error: Syntax error in type annotation  [syntax]
(thenetcircle)dino/dino/endpoint/sockets.py:277: note: Suggestion: Use Tuple[T1, ..., Tn] instead of (T1, ..., Tn)
(thenetcircle)dino/dino/endpoint/sockets.py:284: error: Syntax error in type annotation  [syntax]
(thenetcircle)dino/dino/endpoint/sockets.py:284: note: Suggestion: Use Tuple[T1, ..., Tn] instead of (T1, ..., Tn)
(thenetcircle)dino/dino/endpoint/sockets.py:291: error: Syntax error in type annotation  [syntax]
(thenetcircle)dino/dino/endpoint/sockets.py:291: note: Suggestion: Use Tuple[T1, ..., Tn] instead of (T1, ..., Tn)
(thenetcircle)dino/dino/endpoint/sockets.py:298: error: Syntax error in type annotation  [syntax]
(thenetcircle)dino/dino/endpoint/sockets.py:298: note: Suggestion: Use Tuple[T1, ..., Tn] instead of (T1, ..., Tn)
(thenetcircle)dino/dino/endpoint/sockets.py:305: error: Syntax error in type annotation  [syntax]
(thenetcircle)dino/dino/endpoint/sockets.py:305: note: Suggestion: Use Tuple[T1, ..., Tn] instead of (T1, ..., Tn)
(thenetcircle)dino/dino/endpoint/sockets.py:312: error: Syntax error in type annotation  [syntax]
(thenetcircle)dino/dino/endpoint/sockets.py:312: note: Suggestion: Use Tuple[T1, ..., Tn] instead of (T1, ..., Tn)
(thenetcircle)dino/dino/endpoint/sockets.py:319: error: Syntax error in type annotation  [syntax]
(thenetcircle)dino/dino/endpoint/sockets.py:319: note: Suggestion: Use Tuple[T1, ..., Tn] instead of (T1, ..., Tn)
(thenetcircle)dino/dino/endpoint/sockets.py:326: error: Syntax error in type annotation  [syntax]
(thenetcircle)dino/dino/endpoint/sockets.py:326: note: Suggestion: Use Tuple[T1, ..., Tn] instead of (T1, ..., Tn)
(thenetcircle)dino/dino/endpoint/sockets.py:333: error: Syntax error in type annotation  [syntax]
(thenetcircle)dino/dino/endpoint/sockets.py:333: note: Suggestion: Use Tuple[T1, ..., Tn] instead of (T1, ..., Tn)
(thenetcircle)dino/dino/endpoint/sockets.py:340: error: Syntax error in type annotation  [syntax]
(thenetcircle)dino/dino/endpoint/sockets.py:340: note: Suggestion: Use Tuple[T1, ..., Tn] instead of (T1, ..., Tn)
(thenetcircle)dino/dino/endpoint/sockets.py:347: error: Syntax error in type annotation  [syntax]
(thenetcircle)dino/dino/endpoint/sockets.py:347: note: Suggestion: Use Tuple[T1, ..., Tn] instead of (T1, ..., Tn)
(thenetcircle)dino/dino/endpoint/sockets.py:354: error: Syntax error in type annotation  [syntax]
(thenetcircle)dino/dino/endpoint/sockets.py:354: note: Suggestion: Use Tuple[T1, ..., Tn] instead of (T1, ..., Tn)
(thenetcircle)dino/dino/endpoint/sockets.py:361: error: Syntax error in type annotation  [syntax]
(thenetcircle)dino/dino/endpoint/sockets.py:361: note: Suggestion: Use Tuple[T1, ..., Tn] instead of (T1, ..., Tn)
(thenetcircle)dino/dino/endpoint/sockets.py:368: error: Syntax error in type annotation  [syntax]
(thenetcircle)dino/dino/endpoint/sockets.py:368: note: Suggestion: Use Tuple[T1, ..., Tn] instead of (T1, ..., Tn)
(thenetcircle)dino/dino/endpoint/sockets.py:375: error: Syntax error in type annotation  [syntax]
(thenetcircle)dino/dino/endpoint/sockets.py:375: note: Suggestion: Use Tuple[T1, ..., Tn] instead of (T1, ..., Tn)
(thenetcircle)dino/dino/endpoint/sockets.py:382: error: Syntax error in type annotation  [syntax]
(thenetcircle)dino/dino/endpoint/sockets.py:382: note: Suggestion: Use Tuple[T1, ..., Tn] instead of (T1, ..., Tn)
(thenetcircle)dino/dino/endpoint/sockets.py:389: error: Syntax error in type annotation  [syntax]
(thenetcircle)dino/dino/endpoint/sockets.py:389: note: Suggestion: Use Tuple[T1, ..., Tn] instead of (T1, ..., Tn)
(thenetcircle)dino/dino/hooks/message.py:68: error: Return value expected  [return-value]
(thenetcircle)dino/dino/hooks/message.py:72: error: Return value expected  [return-value]
(thenetcircle)dino/dino/hooks/message.py:77: error: Return value expected  [return-value]
(thenetcircle)dino/dino/hooks/kick.py:53: error: Unsupported target for indexed assignment  [index]
(thenetcircle)dino/dino/hooks/kick.py:57: error: Unsupported target for indexed assignment  [index]
(thenetcircle)dino/dino/hooks/kick.py:58: error: Unsupported target for indexed assignment  [index]
(thenetcircle)dino/dino/validation/events/join/not_full.py:68: error: Syntax error in type annotation  [syntax]
(thenetcircle)dino/dino/validation/events/join/not_full.py:68: note: Suggestion: Use Tuple[T1, ..., Tn] instead of (T1, ..., Tn)
(thenetcircle)dino/dino/validation/events/message/no_empty.py:42: error: Syntax error in type annotation  [syntax]
(thenetcircle)dino/dino/validation/events/message/no_empty.py:42: note: Suggestion: Use Tuple[T1, ..., Tn] instead of (T1, ..., Tn)
(thenetcircle)dino/dino/validation/events/message/limit_msg_length.py:63: error: Syntax error in type annotation  [syntax]
(thenetcircle)dino/dino/validation/events/message/limit_msg_length.py:63: note: Suggestion: Use Tuple[T1, ..., Tn] instead of (T1, ..., Tn)
(thenetcircle)dino/dino/validation/events/create/limit_length.py:72: error: Syntax error in type annotation  [syntax]
(thenetcircle)dino/dino/validation/events/create/limit_length.py:72: note: Suggestion: Use Tuple[T1, ..., Tn] instead of (T1, ..., Tn)
(thenetcircle)dino/dino/validation/events/create/limit_amount.py:39: error: Syntax error in type annotation  [syntax]
(thenetcircle)dino/dino/validation/events/create/limit_amount.py:39: note: Suggestion: Use Tuple[T1, ..., Tn] instead of (T1, ..., Tn)
(thenetcircle)dino/dino/validation/events/login/single_session.py:56: error: Syntax error in type annotation  [syntax]
(thenetcircle)dino/dino/validation/events/login/single_session.py:56: note: Suggestion: Use Tuple[T1, ..., Tn] instead of (T1, ..., Tn)
(thenetcircle)dino/dino/db/manager/spam.py:76: error: Syntax error in type annotation  [syntax]
(thenetcircle)dino/dino/db/manager/spam.py:76: note: Suggestion: Use Tuple[T1, ..., Tn] instead of (T1, ..., Tn)
(thenetcircle)dino/dino/db/manager/users.py:87: error: Unsupported target for indexed assignment  [index]
(thenetcircle)dino/dino/db/manager/users.py:91: error: Unsupported target for indexed assignment  [index]
(thenetcircle)dino/dino/db/manager/users.py:140: error: Unsupported target for indexed assignment  [index]
(thenetcircle)dino/dino/db/manager/users.py:142: error: Unsupported target for indexed assignment  [index]
(thenetcircle)dino/dino/db/manager/users.py:144: error: Unsupported target for indexed assignment  [index]
(thenetcircle)dino/dino/db/manager/users.py:145: error: Unsupported target for indexed assignment  [index]
(thenetcircle)dino/dino/db/manager/users.py:172: error: Unsupported target for indexed assignment  [index]
(thenetcircle)dino/dino/db/manager/users.py:173: error: Unsupported target for indexed assignment  [index]
(thenetcircle)dino/dino/db/manager/users.py:177: error: Unsupported target for indexed assignment  [index]
(thenetcircle)dino/dino/db/manager/users.py:178: error: Unsupported target for indexed assignment  [index]
(thenetcircle)dino/dino/db/manager/rooms.py:52: error: Incompatible types in assignment (expression has type "int", variable has type "str")  [assignment]
(thenetcircle)dino/dino/db/manager/rooms.py:126: error: Incompatible return value type (got "None", expected "str")  [return-value]
(thenetcircle)dino/dino/db/manager/rooms.py:141: error: Incompatible return value type (got "str", expected "List[Any]")  [return-value]
(thenetcircle)dino/dino/db/manager/rooms.py:156: error: Incompatible return value type (got "str", expected "List[Any]")  [return-value]
(thenetcircle)dino/dino/db/manager/channels.py:45: error: Incompatible types in assignment (expression has type "int", variable has type "str")  [assignment]
(thenetcircle)dino/dino/db/manager/channels.py:83: error: Missing return statement  [return]
(thenetcircle)dino/test/storage/fake_cassandra.py:104: error: Missing return statement  [return]
(thenetcircle)dino/dino/auth/redis.py:25: error: Module has no attribute "ConnectionPool"; maybe "Connection"?  [attr-defined]
(thenetcircle)dino/dino/auth/redis.py:70: error: Argument 1 to "format_exc" has incompatible type "Exception"; expected "Optional[int]"  [arg-type]
(thenetcircle)dino/dino/auth/redis.py:72: error: Syntax error in type annotation  [syntax]
(thenetcircle)dino/dino/auth/redis.py:72: note: Suggestion: Use Tuple[T1, ..., Tn] instead of (T1, ..., Tn)
(thenetcircle)dino/test/utils/test_decorators.py:69: error: Item "None" of "Optional[Any]" has no attribute "id"  [union-attr]
(thenetcircle)dino/test/utils/test_decorators.py:70: error: Item "None" of "Optional[Any]" has no attribute "published"  [union-attr]
(thenetcircle)dino/test/restful/test_banned.py:27: error: Need type annotation for '_banned' (hint: "_banned: Dict[<type>, <type>] = ...")  [var-annotated]
(thenetcircle)dino/test/restful/test_banned.py:45: error: Need type annotation for '_json' (hint: "_json: Dict[<type>, <type>] = ...")  [var-annotated]
(thenetcircle)dino/test/restful/test_rooms_for_users.py:26: error: Need type annotation for '_rooms_for_user' (hint: "_rooms_for_user: Dict[<type>, <type>] = ...")  [var-annotated]
(thenetcircle)dino/test/validation/test_request_kick.py:33: error: Need type annotation for '_channel_exists' (hint: "_channel_exists: Dict[<type>, <type>] = ...")  [var-annotated]
(thenetcircle)dino/test/validation/test_request_kick.py:34: error: Need type annotation for '_room_exists' (hint: "_room_exists: Dict[<type>, <type>] = ...")  [var-annotated]
(thenetcircle)dino/test/validation/test_request_kick.py:35: error: Need type annotation for '_room_contains' (hint: "_room_contains: Dict[<type>, <type>] = ...")  [var-annotated]
(thenetcircle)dino/test/validation/test_request_kick.py:36: error: Need type annotation for '_channel_for_room' (hint: "_channel_for_room: Dict[<type>, <type>] = ...")  [var-annotated]
(thenetcircle)dino/test/validation/test_request_kick.py:37: error: Need type annotation for '_moderators' (hint: "_moderators: Dict[<type>, <type>] = ...")  [var-annotated]
(thenetcircle)dino/test/validation/test_request_kick.py:38: error: Need type annotation for '_owners' (hint: "_owners: Dict[<type>, <type>] = ...")  [var-annotated]
(thenetcircle)dino/test/validation/test_request_kick.py:39: error: Need type annotation for '_admins' (hint: "_admins: Dict[<type>, <type>] = ...")  [var-annotated]
(thenetcircle)dino/test/validation/test_request_kick.py:40: error: Need type annotation for '_super_users' (hint: "_super_users: Set[<type>] = ...")  [var-annotated]
(thenetcircle)dino/test/validation/test_request_kick.py:41: error: Need type annotation for '_channel_owners' (hint: "_channel_owners: Dict[<type>, <type>] = ...")  [var-annotated]
(thenetcircle)dino/test/validation/test_request_kick.py:42: error: Need type annotation for '_room_names' (hint: "_room_names: Dict[<type>, <type>] = ...")  [var-annotated]
(thenetcircle)dino/test/validation/test_request_kick.py:43: error: Need type annotation for '_global_moderators' (hint: "_global_moderators: Dict[<type>, <type>] = ...")  [var-annotated]
(thenetcircle)dino/test/validation/test_request_on_message.py:37: error: Need type annotation for '_channel_exists' (hint: "_channel_exists: Dict[<type>, <type>] = ...")  [var-annotated]
(thenetcircle)dino/test/validation/test_request_on_message.py:38: error: Need type annotation for '_room_exists' (hint: "_room_exists: Dict[<type>, <type>] = ...")  [var-annotated]
(thenetcircle)dino/test/validation/test_request_on_message.py:39: error: Need type annotation for '_room_contains' (hint: "_room_contains: Dict[<type>, <type>] = ...")  [var-annotated]
(thenetcircle)dino/test/validation/test_request_on_message.py:40: error: Need type annotation for '_channel_for_room' (hint: "_channel_for_room: Dict[<type>, <type>] = ...")  [var-annotated]
(thenetcircle)dino/test/validation/test_request_on_message.py:41: error: Need type annotation for '_channel_names' (hint: "_channel_names: Dict[<type>, <type>] = ...")  [var-annotated]
(thenetcircle)dino/test/validation/test_request_delete.py:34: error: Need type annotation for '_channel_exists' (hint: "_channel_exists: Dict[<type>, <type>] = ...")  [var-annotated]
(thenetcircle)dino/test/validation/test_request_delete.py:35: error: Need type annotation for '_room_exists' (hint: "_room_exists: Dict[<type>, <type>] = ...")  [var-annotated]
(thenetcircle)dino/test/validation/test_request_delete.py:36: error: Need type annotation for '_room_contains' (hint: "_room_contains: Dict[<type>, <type>] = ...")  [var-annotated]
(thenetcircle)dino/test/validation/test_request_delete.py:37: error: Need type annotation for '_channel_for_room' (hint: "_channel_for_room: Dict[<type>, <type>] = ...")  [var-annotated]
(thenetcircle)dino/test/validation/test_request_delete.py:38: error: Need type annotation for '_moderators' (hint: "_moderators: Dict[<type>, <type>] = ...")  [var-annotated]
(thenetcircle)dino/test/validation/test_request_delete.py:39: error: Need type annotation for '_global_moderators' (hint: "_global_moderators: Dict[<type>, <type>] = ...")  [var-annotated]
(thenetcircle)dino/test/validation/test_request_invite.py:28: error: Need type annotation for '_user_names' (hint: "_user_names: Dict[<type>, <type>] = ...")  [var-annotated]
(thenetcircle)dino/test/validation/test_request_invite.py:29: error: Need type annotation for '_channel_for_rooms' (hint: "_channel_for_rooms: Dict[<type>, <type>] = ...")  [var-annotated]
(thenetcircle)dino/test/validation/test_request_invite.py:30: error: Need type annotation for '_channel_names' (hint: "_channel_names: Dict[<type>, <type>] = ...")  [var-annotated]
(thenetcircle)dino/test/validation/test_request_invite.py:31: error: Need type annotation for '_room_names' (hint: "_room_names: Dict[<type>, <type>] = ...")  [var-annotated]
(thenetcircle)dino/test/validation/test_request_ban.py:35: error: Need type annotation for '_channel_exists' (hint: "_channel_exists: Dict[<type>, <type>] = ...")  [var-annotated]
(thenetcircle)dino/test/validation/test_request_ban.py:36: error: Need type annotation for '_room_exists' (hint: "_room_exists: Dict[<type>, <type>] = ...")  [var-annotated]
(thenetcircle)dino/test/validation/test_request_ban.py:37: error: Need type annotation for '_room_contains' (hint: "_room_contains: Dict[<type>, <type>] = ...")  [var-annotated]
(thenetcircle)dino/test/validation/test_request_ban.py:38: error: Need type annotation for '_channel_for_room' (hint: "_channel_for_room: Dict[<type>, <type>] = ...")  [var-annotated]
(thenetcircle)dino/test/validation/test_request_ban.py:39: error: Need type annotation for '_moderators' (hint: "_moderators: Dict[<type>, <type>] = ...")  [var-annotated]
(thenetcircle)dino/test/validation/test_request_ban.py:40: error: Need type annotation for '_owners' (hint: "_owners: Dict[<type>, <type>] = ...")  [var-annotated]
(thenetcircle)dino/test/validation/test_request_ban.py:41: error: Need type annotation for '_admins' (hint: "_admins: Dict[<type>, <type>] = ...")  [var-annotated]
(thenetcircle)dino/test/validation/test_request_ban.py:42: error: Need type annotation for '_super_users' (hint: "_super_users: Set[<type>] = ...")  [var-annotated]
(thenetcircle)dino/test/validation/test_request_ban.py:43: error: Need type annotation for '_room_name' (hint: "_room_name: Dict[<type>, <type>] = ...")  [var-annotated]
(thenetcircle)dino/test/validation/test_request_ban.py:44: error: Need type annotation for '_user_names' (hint: "_user_names: Dict[<type>, <type>] = ...")  [var-annotated]
(thenetcircle)dino/test/validation/test_request_ban.py:45: error: Need type annotation for '_global_moderators' (hint: "_global_moderators: Dict[<type>, <type>] = ...")  [var-annotated]
(thenetcircle)dino/test/db/test_channel_manager.py:27: error: Need type annotation for '_channel_names' (hint: "_channel_names: Dict[<type>, <type>] = ...")  [var-annotated]
(thenetcircle)dino/bin/clear_redis_cache.py:37: error: Incompatible types in assignment (expression has type "str", variable has type "Template")  [assignment]
(thenetcircle)dino/bin/clear_redis_cache.py:44: error: Argument 1 to "Template" has incompatible type "Template"; expected "str"  [arg-type]
(thenetcircle)dino/bin/clear_redis_cache.py:45: error: Incompatible types in assignment (expression has type "str", variable has type "Template")  [assignment]
(thenetcircle)dino/bin/clear_redis_cache.py:47: error: Argument 1 to "literal_eval" has incompatible type "Template"; expected "Union[str, AST]"  [arg-type]
(thenetcircle)dino/bin/clear_redis_cache.py:58: error: Module has no attribute "Redis"  [attr-defined]
(thenetcircle)dino/bin/clear_redis_cache.py:64: error: Module has no attribute "Redis"  [attr-defined]
(thenetcircle)dino/bin/clear_db_online_table.py:38: error: Incompatible types in assignment (expression has type "str", variable has type "Template")  [assignment]
(thenetcircle)dino/bin/clear_db_online_table.py:45: error: Argument 1 to "Template" has incompatible type "Template"; expected "str"  [arg-type]
(thenetcircle)dino/bin/clear_db_online_table.py:46: error: Incompatible types in assignment (expression has type "str", variable has type "Template")  [assignment]
(thenetcircle)dino/bin/clear_db_online_table.py:48: error: Argument 1 to "literal_eval" has incompatible type "Template"; expected "Union[str, AST]"  [arg-type]
(thenetcircle)dino/bin/clear_db_online_table.py:59: error: Module has no attribute "Redis"  [attr-defined]
(thenetcircle)dino/bin/statsd-online-count.py:7: error: Module 'redis' has no attribute 'Redis'  [attr-defined]
(thenetcircle)dino/bin/clear_db_acls_bans_table.py:24: error: Incompatible types in assignment (expression has type "str", variable has type "Template")  [assignment]
(thenetcircle)dino/bin/clear_db_acls_bans_table.py:31: error: Argument 1 to "Template" has incompatible type "Template"; expected "str"  [arg-type]
(thenetcircle)dino/bin/clear_db_acls_bans_table.py:32: error: Incompatible types in assignment (expression has type "str", variable has type "Template")  [assignment]
(thenetcircle)dino/bin/clear_db_acls_bans_table.py:34: error: Argument 1 to "literal_eval" has incompatible type "Template"; expected "Union[str, AST]"  [arg-type]
(thenetcircle)dino/bin/clear_db_acls_bans_table.py:45: error: Module has no attribute "Redis"  [attr-defined]
(thenetcircle)dino/bin/clear_db_sessions_table.py:38: error: Incompatible types in assignment (expression has type "str", variable has type "Template")  [assignment]
(thenetcircle)dino/bin/clear_db_sessions_table.py:45: error: Argument 1 to "Template" has incompatible type "Template"; expected "str"  [arg-type]
(thenetcircle)dino/bin/clear_db_sessions_table.py:46: error: Incompatible types in assignment (expression has type "str", variable has type "Template")  [assignment]
(thenetcircle)dino/bin/clear_db_sessions_table.py:48: error: Argument 1 to "literal_eval" has incompatible type "Template"; expected "Union[str, AST]"  [arg-type]
(thenetcircle)dino/bin/clear_db_sessions_table.py:59: error: Module has no attribute "Redis"  [attr-defined]
(thenetcircle)dino/bin/kafka_to_rabbitmq.py:8: error: Module 'kafka' has no attribute 'KafkaConsumer'  [attr-defined]
(thenetcircle)dino/bin/kafka_to_rabbitmq.py:262: error: Incompatible types in assignment (expression has type "str", variable has type "Template")  [assignment]
(thenetcircle)dino/bin/kafka_to_rabbitmq.py:269: error: Argument 1 to "Template" has incompatible type "Template"; expected "str"  [arg-type]
(thenetcircle)dino/bin/kafka_to_rabbitmq.py:270: error: Incompatible types in assignment (expression has type "str", variable has type "Template")  [assignment]
(thenetcircle)dino/bin/kafka_to_rabbitmq.py:272: error: Argument 1 to "literal_eval" has incompatible type "Template"; expected "Union[str, AST]"  [arg-type]
(thenetcircle)dino/dino/db/manager/storage.py:45: error: "str" has no attribute "strftime"  [attr-defined]
(thenetcircle)dino/dino/db/manager/storage.py:46: error: "str" has no attribute "strftime"  [attr-defined]
(thenetcircle)dino/dino/db/manager/storage.py:61: error: Syntax error in type annotation  [syntax]
(thenetcircle)dino/dino/db/manager/storage.py:61: note: Suggestion: Use Tuple[T1, ..., Tn] instead of (T1, ..., Tn)
(thenetcircle)dino/dino/db/manager/storage.py:78: error: Argument 1 to "is_blank" has incompatible type "Optional[str]"; expected "str"  [arg-type]
(thenetcircle)dino/dino/db/manager/storage.py:80: error: Incompatible types in assignment (expression has type "datetime", variable has type "Optional[str]")  [assignment]
(thenetcircle)dino/dino/db/manager/storage.py:80: error: Argument 1 to "parse" has incompatible type "Optional[str]"; expected "Union[bytes, str, IO[str], IO[Any]]"  [arg-type]
(thenetcircle)dino/dino/db/manager/storage.py:87: error: Argument 1 to "is_blank" has incompatible type "Optional[str]"; expected "str"  [arg-type]
(thenetcircle)dino/dino/db/manager/storage.py:89: error: Incompatible types in assignment (expression has type "datetime", variable has type "Optional[str]")  [assignment]
(thenetcircle)dino/dino/db/manager/storage.py:89: error: Argument 1 to "parse" has incompatible type "Optional[str]"; expected "Union[bytes, str, IO[str], IO[Any]]"  [arg-type]
(thenetcircle)dino/dino/db/manager/storage.py:102: error: Unsupported operand types for - ("str" and "timedelta")  [operator]
(thenetcircle)dino/dino/db/manager/storage.py:102: error: Incompatible types in assignment (expression has type "timedelta", variable has type "Optional[str]")  [assignment]
(thenetcircle)dino/dino/db/manager/storage.py:104: error: Unsupported operand types for + ("str" and "timedelta")  [operator]
(thenetcircle)dino/dino/db/manager/storage.py:107: error: Incompatible types in assignment (expression has type "datetime", variable has type "Optional[str]")  [assignment]
(thenetcircle)dino/dino/db/manager/storage.py:108: error: Unsupported operand types for - ("str" and "timedelta")  [operator]
(thenetcircle)dino/dino/db/manager/storage.py:108: error: Unsupported operand types for - ("None" and "timedelta")  [operator]
(thenetcircle)dino/dino/db/manager/storage.py:108: error: Incompatible types in assignment (expression has type "timedelta", variable has type "Optional[str]")  [assignment]
(thenetcircle)dino/dino/db/manager/storage.py:108: note: Left operand is of type "Optional[str]"
(thenetcircle)dino/dino/rest/resources/acl.py:26: error: Incompatible types in assignment (expression has type "Dict[Any, Any]", target has type "str")  [assignment]
(thenetcircle)dino/dino/admin/auth/oauth.py:90: error: Incompatible return value type (got "Response", expected "bool")  [return-value]
Found 182 errors in 39 files (checked 141 source files)

[RRepo](googleapis)synthtool
(googleapis)synthtool/synthtool/languages/ruby.py:60: error: Module has no attribute "replace"  [attr-defined]
Found 1 error in 1 file (checked 27 source files)

[RRepo](BookOwl)nustack
(BookOwl)nustack/nustack/stdlib/Hash.py:8: error: Invalid type comment or annotation  [valid-type]
(BookOwl)nustack/nustack/stdlib/Hash.py:13: error: Invalid type comment or annotation  [valid-type]
(BookOwl)nustack/nustack/stdlib/Hash.py:19: error: Invalid type comment or annotation  [valid-type]
(BookOwl)nustack/nustack/stdlib/Hash.py:25: error: Invalid type comment or annotation  [valid-type]
(BookOwl)nustack/nustack/stdlib/Hash.py:32: error: Invalid type comment or annotation  [valid-type]
(BookOwl)nustack/nustack/stdlib/Hash.py:39: error: Invalid type comment or annotation  [valid-type]
(BookOwl)nustack/nustack/stdlib/IO.py:9: error: Invalid type comment or annotation  [valid-type]
(BookOwl)nustack/nustack/stdlib/IO.py:19: error: Invalid type comment or annotation  [valid-type]
(BookOwl)nustack/nustack/stdlib/IO.py:26: error: Invalid type comment or annotation  [valid-type]
(BookOwl)nustack/nustack/stdlib/IO.py:33: error: Invalid type comment or annotation  [valid-type]
(BookOwl)nustack/nustack/stdlib/IO.py:39: error: Invalid type comment or annotation  [valid-type]
(BookOwl)nustack/nustack/stdlib/Seq.py:8: error: Invalid type comment or annotation  [valid-type]
(BookOwl)nustack/nustack/stdlib/Seq.py:18: error: Invalid type comment or annotation  [valid-type]
(BookOwl)nustack/nustack/stdlib/Seq.py:26: error: Name 'first' already defined on line 17  [no-redef]
(BookOwl)nustack/nustack/stdlib/Seq.py:27: error: Invalid type comment or annotation  [valid-type]
(BookOwl)nustack/nustack/stdlib/Seq.py:36: error: Invalid type comment or annotation  [valid-type]
(BookOwl)nustack/nustack/stdlib/Seq.py:43: error: Invalid type comment or annotation  [valid-type]
(BookOwl)nustack/nustack/stdlib/Seq.py:54: error: Invalid type comment or annotation  [valid-type]
(BookOwl)nustack/nustack/stdlib/Seq.py:61: error: Invalid type comment or annotation  [valid-type]
(BookOwl)nustack/nustack/stdlib/Seq.py:67: error: Invalid type comment or annotation  [valid-type]
(BookOwl)nustack/nustack/stdlib/Seq.py:74: error: Invalid type comment or annotation  [valid-type]
(BookOwl)nustack/nustack/stdlib/Seq.py:81: error: Invalid type comment or annotation  [valid-type]
(BookOwl)nustack/nustack/stdlib/Seq.py:87: error: Invalid type comment or annotation  [valid-type]
(BookOwl)nustack/nustack/stdlib/Seq.py:93: error: Invalid type comment or annotation  [valid-type]
(BookOwl)nustack/nustack/stdlib/Seq.py:100: error: Invalid type comment or annotation  [valid-type]
(BookOwl)nustack/nustack/stdlib/Seq.py:107: error: Invalid type comment or annotation  [valid-type]
(BookOwl)nustack/nustack/stdlib/Seq.py:112: error: Invalid type comment or annotation  [valid-type]
(BookOwl)nustack/nustack/stdlib/Seq.py:117: error: Invalid type comment or annotation  [valid-type]
(BookOwl)nustack/nustack/stdlib/Seq.py:123: error: Invalid type comment or annotation  [valid-type]
(BookOwl)nustack/nustack/stdlib/String.py:22: error: Invalid type comment or annotation  [valid-type]
(BookOwl)nustack/nustack/stdlib/String.py:29: error: Invalid type comment or annotation  [valid-type]
(BookOwl)nustack/nustack/stdlib/String.py:36: error: Invalid type comment or annotation  [valid-type]
(BookOwl)nustack/nustack/stdlib/String.py:43: error: Invalid type comment or annotation  [valid-type]
(BookOwl)nustack/nustack/stdlib/String.py:50: error: Invalid type comment or annotation  [valid-type]
(BookOwl)nustack/nustack/stdlib/String.py:55: error: Name 'to_bytes' already defined on line 49  [no-redef]
(BookOwl)nustack/nustack/stdlib/String.py:56: error: Invalid type comment or annotation  [valid-type]
(BookOwl)nustack/nustack/stdlib/Path.py:13: error: Invalid type comment or annotation  [valid-type]
(BookOwl)nustack/nustack/stdlib/Path.py:18: error: Invalid type comment or annotation  [valid-type]
(BookOwl)nustack/nustack/stdlib/Path.py:23: error: Invalid type comment or annotation  [valid-type]
(BookOwl)nustack/nustack/stdlib/Path.py:30: error: Invalid type comment or annotation  [valid-type]
(BookOwl)nustack/nustack/stdlib/Path.py:35: error: Invalid type comment or annotation  [valid-type]
(BookOwl)nustack/nustack/stdlib/Path.py:37: error: Module has no attribute "mkdirs"; maybe "mkdir" or "makedirs"?  [attr-defined]
(BookOwl)nustack/nustack/stdlib/Path.py:40: error: Invalid type comment or annotation  [valid-type]
(BookOwl)nustack/nustack/stdlib/Path.py:45: error: Invalid type comment or annotation  [valid-type]
(BookOwl)nustack/nustack/stdlib/Path.py:50: error: Invalid type comment or annotation  [valid-type]
(BookOwl)nustack/nustack/stdlib/Path.py:56: error: Invalid type comment or annotation  [valid-type]
(BookOwl)nustack/nustack/stdlib/Path.py:61: error: Invalid type comment or annotation  [valid-type]
(BookOwl)nustack/nustack/stdlib/Path.py:66: error: Invalid type comment or annotation  [valid-type]
(BookOwl)nustack/nustack/stdlib/Path.py:71: error: Invalid type comment or annotation  [valid-type]
(BookOwl)nustack/nustack/stdlib/Path.py:76: error: Invalid type comment or annotation  [valid-type]
(BookOwl)nustack/nustack/stdlib/Path.py:81: error: Invalid type comment or annotation  [valid-type]
(BookOwl)nustack/nustack/stdlib/Path.py:86: error: Invalid type comment or annotation  [valid-type]
(BookOwl)nustack/nustack/stdlib/Path.py:91: error: Invalid type comment or annotation  [valid-type]
(BookOwl)nustack/nustack/stdlib/Path.py:96: error: Invalid type comment or annotation  [valid-type]
(BookOwl)nustack/nustack/stdlib/Shell.py:17: error: Invalid type comment or annotation  [valid-type]
(BookOwl)nustack/nustack/stdlib/Shell.py:22: error: Invalid type comment or annotation  [valid-type]
(BookOwl)nustack/nustack/stdlib/Shell.py:41: error: Invalid type comment or annotation  [valid-type]
(BookOwl)nustack/nustack/stdlib/Time.py:9: error: Invalid type comment or annotation  [valid-type]
(BookOwl)nustack/nustack/stdlib/Time.py:14: error: Invalid type comment or annotation  [valid-type]
(BookOwl)nustack/nustack/stdlib/Time.py:20: error: Invalid type comment or annotation  [valid-type]
(BookOwl)nustack/nustack/stdlib/Time.py:26: error: Invalid type comment or annotation  [valid-type]
(BookOwl)nustack/nustack/stdlib/Math.py:10: error: Invalid type comment or annotation  [valid-type]
(BookOwl)nustack/nustack/stdlib/Math.py:16: error: Invalid type comment or annotation  [valid-type]
(BookOwl)nustack/nustack/stdlib/Math.py:22: error: Invalid type comment or annotation  [valid-type]
(BookOwl)nustack/nustack/stdlib/Math.py:28: error: Invalid type comment or annotation  [valid-type]
(BookOwl)nustack/nustack/stdlib/Math.py:34: error: Invalid type comment or annotation  [valid-type]
(BookOwl)nustack/nustack/stdlib/Math.py:41: error: Invalid type comment or annotation  [valid-type]
(BookOwl)nustack/nustack/stdlib/Math.py:47: error: Invalid type comment or annotation  [valid-type]
(BookOwl)nustack/nustack/stdlib/Math.py:53: error: Invalid type comment or annotation  [valid-type]
(BookOwl)nustack/nustack/stdlib/Math.py:59: error: Invalid type comment or annotation  [valid-type]
(BookOwl)nustack/nustack/stdlib/Math.py:65: error: Invalid type comment or annotation  [valid-type]
(BookOwl)nustack/nustack/stdlib/Math.py:71: error: Invalid type comment or annotation  [valid-type]
(BookOwl)nustack/nustack/stdlib/Math.py:76: error: Name 'cos' already defined on line 64  [no-redef]
(BookOwl)nustack/nustack/stdlib/Math.py:77: error: Invalid type comment or annotation  [valid-type]
(BookOwl)nustack/nustack/stdlib/Math.py:82: error: Name 'cos' already defined on line 76  [no-redef]
(BookOwl)nustack/nustack/stdlib/Math.py:83: error: Invalid type comment or annotation  [valid-type]
(BookOwl)nustack/nustack/stdlib/Math.py:88: error: Name 'sin' already defined on line 70  [no-redef]
(BookOwl)nustack/nustack/stdlib/Math.py:89: error: Invalid type comment or annotation  [valid-type]
(BookOwl)nustack/nustack/stdlib/Math.py:94: error: Name 'cos' already defined on line 64  [no-redef]
(BookOwl)nustack/nustack/stdlib/Math.py:95: error: Invalid type comment or annotation  [valid-type]
(BookOwl)nustack/nustack/stdlib/Math.py:101: error: Invalid type comment or annotation  [valid-type]
(BookOwl)nustack/nustack/stdlib/Math.py:107: error: Invalid type comment or annotation  [valid-type]
(BookOwl)nustack/nustack/stdlib/Math.py:113: error: Invalid type comment or annotation  [valid-type]
(BookOwl)nustack/nustack/stdlib/Math.py:119: error: Invalid type comment or annotation  [valid-type]
(BookOwl)nustack/nustack/stdlib/Math.py:125: error: Invalid type comment or annotation  [valid-type]
(BookOwl)nustack/nustack/stdlib/Turtle.py:11: error: "Callable[[], Any]" has no attribute "started"  [attr-defined]
(BookOwl)nustack/nustack/stdlib/Turtle.py:14: error: Invalid type comment or annotation  [valid-type]
(BookOwl)nustack/nustack/stdlib/Turtle.py:21: error: Invalid type comment or annotation  [valid-type]
(BookOwl)nustack/nustack/stdlib/Turtle.py:29: error: Invalid type comment or annotation  [valid-type]
(BookOwl)nustack/nustack/stdlib/Turtle.py:39: error: Invalid type comment or annotation  [valid-type]
(BookOwl)nustack/nustack/stdlib/Turtle.py:46: error: Invalid type comment or annotation  [valid-type]
(BookOwl)nustack/nustack/stdlib/Turtle.py:53: error: Invalid type comment or annotation  [valid-type]
(BookOwl)nustack/nustack/stdlib/Turtle.py:60: error: Invalid type comment or annotation  [valid-type]
(BookOwl)nustack/nustack/stdlib/Turtle.py:67: error: Invalid type comment or annotation  [valid-type]
(BookOwl)nustack/nustack/stdlib/Turtle.py:74: error: Invalid type comment or annotation  [valid-type]
(BookOwl)nustack/nustack/stdlib/Turtle.py:81: error: Invalid type comment or annotation  [valid-type]
(BookOwl)nustack/nustack/stdlib/Turtle.py:91: error: Invalid type comment or annotation  [valid-type]
(BookOwl)nustack/nustack/stdlib/Turtle.py:98: error: Invalid type comment or annotation  [valid-type]
(BookOwl)nustack/nustack/stdlib/Turtle.py:105: error: Invalid type comment or annotation  [valid-type]
(BookOwl)nustack/nustack/stdlib/Turtle.py:112: error: Invalid type comment or annotation  [valid-type]
(BookOwl)nustack/nustack/stdlib/Turtle.py:119: error: Invalid type comment or annotation  [valid-type]
(BookOwl)nustack/nustack/stdlib/Turtle.py:126: error: Invalid type comment or annotation  [valid-type]
(BookOwl)nustack/nustack/stdlib/Turtle.py:133: error: Invalid type comment or annotation  [valid-type]
(BookOwl)nustack/nustack/stdlib/Turtle.py:140: error: Invalid type comment or annotation  [valid-type]
(BookOwl)nustack/nustack/stdlib/Turtle.py:147: error: Invalid type comment or annotation  [valid-type]
(BookOwl)nustack/nustack/stdlib/Turtle.py:154: error: Invalid type comment or annotation  [valid-type]
(BookOwl)nustack/nustack/stdlib/Turtle.py:161: error: Invalid type comment or annotation  [valid-type]
(BookOwl)nustack/nustack/stdlib/Turtle.py:168: error: Invalid type comment or annotation  [valid-type]
(BookOwl)nustack/nustack/stdlib/Turtle.py:175: error: Invalid type comment or annotation  [valid-type]
(BookOwl)nustack/nustack/stdlib/Turtle.py:184: error: Invalid type comment or annotation  [valid-type]
(BookOwl)nustack/nustack/stdlib/Turtle.py:193: error: Invalid type comment or annotation  [valid-type]
(BookOwl)nustack/nustack/stdlib/Turtle.py:200: error: Invalid type comment or annotation  [valid-type]
(BookOwl)nustack/nustack/stdlib/Turtle.py:207: error: Invalid type comment or annotation  [valid-type]
(BookOwl)nustack/nustack/stdlib/Turtle.py:212: error: Invalid type comment or annotation  [valid-type]
(BookOwl)nustack/nustack/stdlib/Turtle.py:214: error: Module has no attribute "bye"  [attr-defined]
(BookOwl)nustack/nustack/stdlib/Requests.py:25: error: Invalid type comment or annotation  [valid-type]
(BookOwl)nustack/nustack/stdlib/Requests.py:31: error: Name 'get' already defined on line 24  [no-redef]
(BookOwl)nustack/nustack/stdlib/Requests.py:32: error: Invalid type comment or annotation  [valid-type]
(BookOwl)nustack/nustack/stdlib/Requests.py:38: error: Name 'get' already defined on line 24  [no-redef]
(BookOwl)nustack/nustack/stdlib/Requests.py:39: error: Invalid type comment or annotation  [valid-type]
(BookOwl)nustack/nustack/stdlib/Requests.py:45: error: Name 'get' already defined on line 24  [no-redef]
(BookOwl)nustack/nustack/stdlib/Requests.py:46: error: Invalid type comment or annotation  [valid-type]
(BookOwl)nustack/nustack/stdlib/Requests.py:52: error: Name 'get' already defined on line 24  [no-redef]
(BookOwl)nustack/nustack/stdlib/Requests.py:53: error: Invalid type comment or annotation  [valid-type]
(BookOwl)nustack/nustack/stdlib/Requests.py:59: error: Name 'get' already defined on line 24  [no-redef]
(BookOwl)nustack/nustack/stdlib/Requests.py:60: error: Invalid type comment or annotation  [valid-type]
(BookOwl)nustack/nustack/stdlib/Requests.py:68: error: Name 'get' already defined on line 24  [no-redef]
(BookOwl)nustack/nustack/stdlib/Requests.py:69: error: Invalid type comment or annotation  [valid-type]
(BookOwl)nustack/nustack/stdlib/Requests.py:78: error: Invalid type comment or annotation  [valid-type]
Found 129 errors in 10 files (checked 23 source files)

[RRepo](googlefonts)fontbakery
(googlefonts)fontbakery/docs/source/conf.py:113: error: Need type annotation for 'latex_elements' (hint: "latex_elements: Dict[<type>, <type>] = ...")  [var-annotated]
(googlefonts)fontbakery/Lib/fontbakery/reporters/html.py:85: error: Too many arguments for "summary_table"  [call-arg]
(googlefonts)fontbakery/Lib/fontbakery/commands/check_googlefonts.py:13: error: Need type annotation for 'GOOGLEFONTS_SPECIFICS' (hint: "GOOGLEFONTS_SPECIFICS: Dict[<type>, <type>] = ...")  [var-annotated]
(googlefonts)fontbakery/Lib/fontbakery/commands/check_adobefonts.py:13: error: Need type annotation for 'ADOBE_FONTS_SPECIFICS' (hint: "ADOBE_FONTS_SPECIFICS: Dict[<type>, <type>] = ...")  [var-annotated]
(googlefonts)fontbakery/Lib/fontbakery/commands/check_ufo_sources.py:13: error: Need type annotation for 'GOOGLEFONTS_SPECIFICS' (hint: "GOOGLEFONTS_SPECIFICS: Dict[<type>, <type>] = ...")  [var-annotated]
(googlefonts)fontbakery/Lib/fontbakery/callable.py:50: error: Decorated property not supported  [misc]
(googlefonts)fontbakery/Lib/fontbakery/callable.py:55: error: Decorated property not supported  [misc]
(googlefonts)fontbakery/Lib/fontbakery/callable.py:64: error: Decorated property not supported  [misc]
Found 8 errors in 6 files (checked 59 source files)

[RRepo](easonnie)flint
(easonnie)flint/torch_util.py:185: error: Too many arguments for "Variable"  [call-arg]
(easonnie)flint/torch_util.py:191: error: Argument 2 to "__call__" of "RNN" has incompatible type "Tuple[Variable, Variable]"; expected "Optional[Tensor]"  [arg-type]
(easonnie)flint/data_util/vocab.py:242: error: Too many arguments for "Tensor"  [call-arg]
(easonnie)flint/data_util/vocab.py:249: error: Too many arguments for "Tensor"  [call-arg]
Found 4 errors in 2 files (checked 2 source files)

[RRepo](MikimotoH)DLink_Harvester
(MikimotoH)DLink_Harvester/harvest_utils.py:25: error: Bracketed expression "[...]" is not valid as a type  [misc]
(MikimotoH)DLink_Harvester/harvest_utils.py:25: note: Did you mean "List[...]"?
(MikimotoH)DLink_Harvester/harvest_utils.py:45: error: Bracketed expression "[...]" is not valid as a type  [misc]
(MikimotoH)DLink_Harvester/harvest_utils.py:45: note: Did you mean "List[...]"?
(MikimotoH)DLink_Harvester/harvest_utils.py:76: error: Bracketed expression "[...]" is not valid as a type  [misc]
(MikimotoH)DLink_Harvester/harvest_utils.py:76: note: Did you mean "List[...]"?
(MikimotoH)DLink_Harvester/harvest_utils.py:79: error: "Waiter" has no attribute "elems"; maybe "Elems"?  [attr-defined]
(MikimotoH)DLink_Harvester/harvest_utils.py:176: error: Bracketed expression "[...]" is not valid as a type  [misc]
(MikimotoH)DLink_Harvester/harvest_utils.py:176: note: Did you mean "List[...]"?
(MikimotoH)DLink_Harvester/harvest_utils.py:179: error: "None" has no attribute "find_elements_by_css_selector"  [attr-defined]
(MikimotoH)DLink_Harvester/harvest_utils.py:187: error: "None" has no attribute "execute_script"  [attr-defined]
(MikimotoH)DLink_Harvester/harvest_utils.py:192: error: Incompatible types in assignment (expression has type "float", variable has type "int")  [assignment]
(MikimotoH)DLink_Harvester/harvest_utils.py:193: error: Incompatible return value type (got "None", expected "str")  [return-value]
(MikimotoH)DLink_Harvester/harvest_utils.py:197: error: "None" has no attribute "execute_script"  [attr-defined]
(MikimotoH)DLink_Harvester/harvest_utils.py:221: error: Incompatible types in assignment (expression has type "float", variable has type "int")  [assignment]
(MikimotoH)DLink_Harvester/harvest_utils.py:225: error: Incompatible return value type (got "None", expected "str")  [return-value]
(MikimotoH)DLink_Harvester/harvest_utils.py:226: error: Incompatible return value type (got "None", expected "str")  [return-value]
(MikimotoH)DLink_Harvester/harvest_utils.py:248: error: "None" has no attribute "save_screenshot"  [attr-defined]
(MikimotoH)DLink_Harvester/harvest_utils.py:250: error: "None" has no attribute "page_source"  [attr-defined]
(MikimotoH)DLink_Harvester/au_dlink_crawler2.py:34: error: Item "None" of "Optional[Match[Any]]" has no attribute "group"  [union-attr]
(MikimotoH)DLink_Harvester/au_dlink_crawler2.py:39: error: Item "None" of "Optional[Match[Any]]" has no attribute "group"  [union-attr]
(MikimotoH)DLink_Harvester/web_utils.py:47: error: Syntax error in type annotation  [syntax]
(MikimotoH)DLink_Harvester/web_utils.py:47: note: Suggestion: Use Tuple[T1, ..., Tn] instead of (T1, ..., Tn)
(MikimotoH)DLink_Harvester/web_utils.py:109: error: Incompatible types in assignment (expression has type "Callable[[MyHTTPRedirectHandler, Any, Any, Any, Any, Any], Any]", base class "HTTPRedirectHandler" defined the type as "Callable[[HTTPRedirectHandler, Request, IO[str], int, int, Mapping[str, str]], Optional[Any]]")  [assignment]
(MikimotoH)DLink_Harvester/tenda_cn_crawler.py:17: error: Need type annotation for 'visited' (hint: "visited: Dict[<type>, <type>] = ...")  [var-annotated]
(MikimotoH)DLink_Harvester/netgear_crawler2.py:37: error: Argument 2 for "super" not an instance of argument 1  [misc]
(MikimotoH)DLink_Harvester/netgear_crawler2.py:64: error: Name 'timeElapsed' is not defined  [name-defined]
(MikimotoH)DLink_Harvester/netgear_crawler2.py:64: error: Name 'beginTime' is not defined  [name-defined]
(MikimotoH)DLink_Harvester/netgear_crawler2.py:68: error: Incompatible return value type (got "None", expected "str")  [return-value]
(MikimotoH)DLink_Harvester/netgear_crawler2.py:69: error: Incompatible return value type (got "None", expected "str")  [return-value]
(MikimotoH)DLink_Harvester/netgear_crawler2.py:82: error: Incompatible return value type (got "None", expected "str")  [return-value]
(MikimotoH)DLink_Harvester/netgear_crawler2.py:106: error: Bracketed expression "[...]" is not valid as a type  [misc]
(MikimotoH)DLink_Harvester/netgear_crawler2.py:106: note: Did you mean "List[...]"?
(MikimotoH)DLink_Harvester/netgear_crawler2.py:114: error: Name 'begin' is not defined  [name-defined]
(MikimotoH)DLink_Harvester/netgear_cn_crawler.py:16: error: Need type annotation for 'visited' (hint: "visited: Dict[<type>, <type>] = ...")  [var-annotated]
(MikimotoH)DLink_Harvester/netgear_cn_crawler.py:127: error: Syntax error in type annotation  [syntax]
(MikimotoH)DLink_Harvester/netgear_cn_crawler.py:127: note: Suggestion: Use Tuple[T1, ..., Tn] instead of (T1, ..., Tn)
(MikimotoH)DLink_Harvester/netgear_cn_crawler.py:132: error: Incompatible types in assignment (expression has type "None", variable has type "int")  [assignment]
(MikimotoH)DLink_Harvester/linksys_0.py:17: error: Need type annotation for 'visited' (hint: "visited: Dict[<type>, <type>] = ...")  [var-annotated]
(MikimotoH)DLink_Harvester/synology_en_us_crawler.py:17: error: Need type annotation for 'visited' (hint: "visited: Dict[<type>, <type>] = ...")  [var-annotated]
(MikimotoH)DLink_Harvester/tenda_us_crawler.py:15: error: Need type annotation for 'visited' (hint: "visited: Dict[<type>, <type>] = ...")  [var-annotated]
(MikimotoH)DLink_Harvester/tenda_us_crawler.py:52: error: Item "None" of "Optional[Any]" has no attribute "find_elements_by_css_selector"  [union-attr]
(MikimotoH)DLink_Harvester/tenda_us_crawler.py:54: error: Incompatible return value type (got "None", expected "str")  [return-value]
(MikimotoH)DLink_Harvester/iptime_kr_crawler.py:22: error: Need type annotation for 'visited' (hint: "visited: Dict[<type>, <type>] = ...")  [var-annotated]
(MikimotoH)DLink_Harvester/netgear_form_submit_crawler.py:14: error: Need type annotation for 'visited' (hint: "visited: Dict[<type>, <type>] = ...")  [var-annotated]
(MikimotoH)DLink_Harvester/foscam_us_crawler.py:17: error: Need type annotation for 'visited' (hint: "visited: Dict[<type>, <type>] = ...")  [var-annotated]
(MikimotoH)DLink_Harvester/zyxel_us_crawler.py:16: error: Need type annotation for 'visited' (hint: "visited: Dict[<type>, <type>] = ...")  [var-annotated]
(MikimotoH)DLink_Harvester/zyxel_us_crawler.py:135: error: Syntax error in type annotation  [syntax]
(MikimotoH)DLink_Harvester/zyxel_us_crawler.py:135: note: Suggestion: Use Tuple[T1, ..., Tn] instead of (T1, ..., Tn)
(MikimotoH)DLink_Harvester/dlink_ftp.dlink.eu_filelist2.py:94: error: No overload variant of "__setitem__" of "list" matches argument types "int", "Tuple[Any, Any, Any, Any, Any, Any, Any]"  [call-overload]
(MikimotoH)DLink_Harvester/dlink_ftp.dlink.eu_filelist2.py:94: note: Possible overload variants:
(MikimotoH)DLink_Harvester/dlink_ftp.dlink.eu_filelist2.py:94: note:     def __setitem__(self, int, List[Any]) -> None
(MikimotoH)DLink_Harvester/dlink_ftp.dlink.eu_filelist2.py:94: note:     def __setitem__(self, slice, Iterable[List[Any]]) -> None
(MikimotoH)DLink_Harvester/dlink_ftp.dlink.eu_filelist2.py:100: error: Module has no attribute "error"  [attr-defined]
Found 43 errors in 14 files (checked 34 source files)

[RRepo](hadware)voxpopuli
(hadware)voxpopuli/voxpopuli/phonemes.py:36: error: List comprehension has incompatible type List[Tuple[float, int]]; expected List[Tuple[int, int]]  [misc]
(hadware)voxpopuli/voxpopuli/phonemes.py:56: error: Need type annotation for '_all' (hint: "_all: Set[<type>] = ...")  [var-annotated]
Found 2 errors in 1 file (checked 4 source files)

[RRepo](biosustain)venom
(biosustain)venom/venom/rpc/comms/__init__.py:8: error: Name 'venom' is not defined  [name-defined]
(biosustain)venom/venom/rpc/comms/__init__.py:23: error: Name 'asyncio' is not defined  [name-defined]
(biosustain)venom/venom/rpc/comms/__init__.py:45: error: Name 'venom' is not defined  [name-defined]
(biosustain)venom/venom/rpc/comms/__init__.py:46: error: Name 'asyncio' is not defined  [name-defined]
(biosustain)venom/venom/protocol/protocol.py:11: error: Incompatible types in assignment (expression has type "None", variable has type "str")  [assignment]
(biosustain)venom/venom/protocol/protocol.py:12: error: Incompatible types in assignment (expression has type "None", variable has type "str")  [assignment]
(biosustain)venom/venom/rpc/service.py:34: error: Name 'venom' is not defined  [name-defined]
(biosustain)venom/venom/rpc/service.py:84: error: Name 'venom' is not defined  [name-defined]
(biosustain)venom/venom/rpc/service.py:85: error: Incompatible types in assignment (expression has type "None", variable has type "ServiceManager")  [assignment]
(biosustain)venom/venom/rpc/service.py:86: error: Incompatible types in assignment (expression has type "None", variable has type "Dict[str, Any]")  [assignment]
(biosustain)venom/venom/rpc/service.py:87: error: Incompatible types in assignment (expression has type "None", variable has type "Dict[str, Any]")  [assignment]
(biosustain)venom/venom/rpc/service.py:88: error: Incompatible types in assignment (expression has type "None", variable has type "Type[Service]")  [assignment]
(biosustain)venom/venom/rpc/service.py:92: error: Name 'venom' is not defined  [name-defined]
(biosustain)venom/venom/rpc/resolver.py:5: error: String argument 1 '_T' to TypeVar(...) does not match variable name 'T'  [misc]
(biosustain)venom/venom/rpc/resolver.py:5: error: "object" not callable  [operator]
(biosustain)venom/venom/rpc/resolver.py:8: error: Free type variable expected in Generic[...]  [misc]
(biosustain)venom/venom/rpc/resolver.py:9: error: Variable "rpc.resolver.T" is not valid as a type  [valid-type]
(biosustain)venom/venom/rpc/resolver.py:9: error: Incompatible types in assignment (expression has type "None", variable has type "Type[T?]")  [assignment]
(biosustain)venom/venom/rpc/resolver.py:12: error: Name 'venom' is not defined  [name-defined]
(biosustain)venom/venom/rpc/resolver.py:13: error: Name 'venom' is not defined  [name-defined]
(biosustain)venom/venom/rpc/resolver.py:13: error: Variable "rpc.resolver.T" is not valid as a type  [valid-type]
(biosustain)venom/venom/rpc/resolver.py:18: error: Name 'venom' is not defined  [name-defined]
(biosustain)venom/venom/rpc/resolver.py:19: error: Name 'venom' is not defined  [name-defined]
(biosustain)venom/venom/rpc/resolver.py:19: error: Variable "rpc.resolver.T" is not valid as a type  [valid-type]
(biosustain)venom/venom/util.py:7: error: Incompatible types in assignment (expression has type "Callable[[Dict[_KT, _VT], _KT, _VT], None]", base class "object" defined the type as "Callable[[object, str, Any], None]")  [assignment]
(biosustain)venom/venom/converter.py:8: error: String argument 1 '_T' to TypeVar(...) does not match variable name 'T'  [misc]
(biosustain)venom/venom/converter.py:8: error: "object" not callable  [operator]
(biosustain)venom/venom/converter.py:13: error: Free type variable expected in Generic[...]  [misc]
(biosustain)venom/venom/converter.py:14: error: Variable "converter.T" is not valid as a type  [valid-type]
(biosustain)venom/venom/converter.py:18: error: Variable "converter.T" is not valid as a type  [valid-type]
(biosustain)venom/venom/converter.py:22: error: Variable "converter.T" is not valid as a type  [valid-type]
(biosustain)venom/venom/converter.py:29: error: String argument 1 'M' to TypeVar(...) does not match variable name '_M'  [misc]
(biosustain)venom/venom/converter.py:29: error: "object" not callable  [operator]
(biosustain)venom/venom/converter.py:30: error: String argument 1 'P' to TypeVar(...) does not match variable name '_P'  [misc]
(biosustain)venom/venom/converter.py:30: error: "object" not callable  [operator]
(biosustain)venom/venom/converter.py:33: error: "Converter" expects 1 type argument, but 2 given  [type-arg]
(biosustain)venom/venom/converter.py:33: error: Variable "converter._M" is not valid as a type  [valid-type]
(biosustain)venom/venom/converter.py:33: error: Variable "converter._P" is not valid as a type  [valid-type]
(biosustain)venom/venom/converter.py:34: error: Unsupported type Type[_M?]  [misc]
(biosustain)venom/venom/converter.py:34: error: Variable "converter._M" is not valid as a type  [valid-type]
(biosustain)venom/venom/converter.py:34: error: Variable "converter._P" is not valid as a type  [valid-type]
(biosustain)venom/venom/converter.py:39: error: Variable "converter._M" is not valid as a type  [valid-type]
(biosustain)venom/venom/converter.py:39: error: Variable "converter._P" is not valid as a type  [valid-type]
(biosustain)venom/venom/converter.py:41: error: "None" not callable  [misc]
(biosustain)venom/venom/converter.py:51: error: Variable "converter._P" is not valid as a type  [valid-type]
(biosustain)venom/venom/converter.py:51: error: Variable "converter._M" is not valid as a type  [valid-type]
(biosustain)venom/venom/message.py:59: error: Incompatible types in assignment (expression has type "None", variable has type "Dict[str, Any]")  [assignment]
(biosustain)venom/venom/message.py:60: error: Incompatible types in assignment (expression has type "None", variable has type "Dict[str, Any]")  [assignment]
(biosustain)venom/venom/message.py:124: error: Too many arguments for "ItemsView"  [call-arg]
(biosustain)venom/venom/message.py:135: error: String argument 1 'M' to TypeVar(...) does not match variable name '_M'  [misc]
(biosustain)venom/venom/message.py:135: error: "object" not callable  [operator]
(biosustain)venom/venom/message.py:138: error: Variable "message._M" is not valid as a type  [valid-type]
(biosustain)venom/venom/message.py:141: error: Unsupported target for indexed assignment  [index]
(biosustain)venom/venom/message.py:149: error: Unsupported type Type[_M?]  [misc]
(biosustain)venom/venom/message.py:149: error: Variable "message._M" is not valid as a type  [valid-type]
(biosustain)venom/venom/message.py:152: error: "Type[_M?]" has no attribute "__fields__"  [attr-defined]
(biosustain)venom/venom/message.py:192: error: Variable "message._M" is not valid as a type  [valid-type]
(biosustain)venom/venom/message.py:193: error: Variable "message._M" is not valid as a type  [valid-type]
(biosustain)venom/venom/fields.py:11: error: Name 'venom' is not defined  [name-defined]
(biosustain)venom/venom/fields.py:16: error: Incompatible types in assignment (expression has type "None", variable has type "str")  [assignment]
(biosustain)venom/venom/fields.py:17: error: Incompatible types in assignment (expression has type "None", variable has type "str")  [assignment]
(biosustain)venom/venom/fields.py:19: error: Name 'venom' is not defined  [name-defined]
(biosustain)venom/venom/fields.py:23: error: Incompatible types in assignment (expression has type "None", variable has type "type")  [assignment]
(biosustain)venom/venom/fields.py:30: error: Name 'venom' is not defined  [name-defined]
(biosustain)venom/venom/fields.py:33: error: Incompatible types in assignment (expression has type "Optional[str]", variable has type "str")  [assignment]
(biosustain)venom/venom/fields.py:34: error: Incompatible types in assignment (expression has type "Optional[str]", variable has type "str")  [assignment]
(biosustain)venom/venom/fields.py:36: error: Incompatible types in assignment (expression has type "None", variable has type "type")  [assignment]
(biosustain)venom/venom/fields.py:44: error: Name 'venom' is not defined  [name-defined]
(biosustain)venom/venom/fields.py:47: error: Name 'venom' is not defined  [name-defined]
(biosustain)venom/venom/fields.py:67: error: Function "fields.FieldDescriptor.type" is not valid as a type  [valid-type]
(biosustain)venom/venom/fields.py:67: note: Perhaps you need "Callable[...]" or a callback protocol?
(biosustain)venom/venom/fields.py:70: error: Name 'self.key_type' is not defined  [name-defined]
(biosustain)venom/venom/fields.py:70: error: Name 'self.type' is not defined  [name-defined]
(biosustain)venom/venom/fields.py:71: error: Name 'self.type' is not defined  [name-defined]
(biosustain)venom/venom/fields.py:123: error: Name 'venom' is not defined  [name-defined]
(biosustain)venom/venom/fields.py:152: error: String argument 1 'PT' to TypeVar(...) does not match variable name '_PT'  [misc]
(biosustain)venom/venom/fields.py:152: error: "object" not callable  [operator]
(biosustain)venom/venom/fields.py:155: error: Free type variable expected in Generic[...]  [misc]
(biosustain)venom/venom/fields.py:157: error: Name 'venom' is not defined  [name-defined]
(biosustain)venom/venom/fields.py:162: error: Name 'venom' is not defined  [name-defined]
(biosustain)venom/venom/fields.py:162: error: Variable "fields._PT" is not valid as a type  [valid-type]
(biosustain)venom/venom/fields.py:166: error: Variable "fields._PT" is not valid as a type  [valid-type]
(biosustain)venom/venom/fields.py:166: error: "ConverterField" expects 1 type argument, but 2 given  [type-arg]
(biosustain)venom/venom/fields.py:170: error: Name 'venom' is not defined  [name-defined]
(biosustain)venom/venom/fields.py:170: error: Variable "fields._PT" is not valid as a type  [valid-type]
(biosustain)venom/venom/fields.py:221: error: Name 'venom' is not defined  [name-defined]
(biosustain)venom/venom/fields.py:268: error: Name 'venom' is not defined  [name-defined]
(biosustain)venom/venom/fields.py:278: error: Name 'venom' is not defined  [name-defined]
(biosustain)venom/venom/fields.py:314: error: Incompatible default for argument "key_type" (default has type "Type[str]", argument has type "Type[int]")  [assignment]
(biosustain)venom/venom/fields.py:318: error: Name 'venom' is not defined  [name-defined]
(biosustain)venom/venom/fields.py:324: error: "MapField" expects 2 type arguments, but 1 given  [type-arg]
(biosustain)venom/venom/fields.py:328: error: Name 'venom' is not defined  [name-defined]
(biosustain)venom/venom/fields.py:339: error: Too few arguments for "Field"  [call-arg]
(biosustain)venom/venom/fields.py:353: error: Incompatible default for argument "key_type" (default has type "Type[str]", argument has type "Type[int]")  [assignment]
(biosustain)venom/venom/fields.py:355: error: Too few arguments for "Field"  [call-arg]
(biosustain)venom/venom/fields.py:371: error: Name 'venom' is not defined  [name-defined]
(biosustain)venom/venom/fields.py:375: error: Name 'venom' is not defined  [name-defined]
(biosustain)venom/venom/rpc/reflect/openapi.py:162: error: Need type annotation for 'paths'  [var-annotated]
(biosustain)venom/venom/validation/__init__.py:22: error: Need type annotation for '__msg_validators'  [var-annotated]
(biosustain)venom/venom/validation/__init__.py:95: error: Incompatible types in assignment (expression has type "Tuple[partial[Any]]", variable has type "Tuple[]")  [assignment]
(biosustain)venom/venom/validation/__init__.py:97: error: Incompatible types in assignment (expression has type "Tuple[partial[Any]]", variable has type "Tuple[]")  [assignment]
(biosustain)venom/venom/validation/__init__.py:99: error: Incompatible types in assignment (expression has type "Tuple[partial[Any]]", variable has type "Tuple[]")  [assignment]
(biosustain)venom/venom/validation/__init__.py:102: error: Incompatible types in assignment (expression has type "Tuple[partial[Any]]", variable has type "Tuple[]")  [assignment]
(biosustain)venom/venom/validation/__init__.py:104: error: Incompatible types in assignment (expression has type "Tuple[partial[Any]]", variable has type "Tuple[]")  [assignment]
(biosustain)venom/venom/validation/__init__.py:116: error: Incompatible types in assignment (expression has type "Tuple[partial[Any]]", variable has type "Tuple[]")  [assignment]
(biosustain)venom/venom/validation/__init__.py:118: error: Incompatible types in assignment (expression has type "Tuple[partial[Any]]", variable has type "Tuple[]")  [assignment]
(biosustain)venom/tests/rpc/test_method.py:89: error: Argument 1 to "SkipTest" has incompatible type "Callable[[MethodTestCase], Any]"; expected "str"  [arg-type]
(biosustain)venom/tests/rpc/test_stub.py:67: error: Argument 1 to "SkipTest" has incompatible type "Callable[[StubTestCase], Any]"; expected "str"  [arg-type]
(biosustain)venom/tests/rpc/test_inspection.py:76: error: All conditional function variants must have identical signatures  [misc]
(biosustain)venom/tests/rpc/test_inspection.py:81: error: Argument 1 to "SkipTest" has incompatible type "Callable[[InspectionTestCase], Any]"; expected "str"  [arg-type]
(biosustain)venom/tests/rpc/test_inspection.py:86: error: Incompatible return value type (got "int", expected "MyInt")  [return-value]
(biosustain)venom/tests/rpc/test_inspection.py:93: error: Argument 1 to "SkipTest" has incompatible type "Callable[[InspectionTestCase], Any]"; expected "str"  [arg-type]
(biosustain)venom/tests/rpc/test_inspection.py:98: error: Argument 1 to "SkipTest" has incompatible type "Callable[[InspectionTestCase], Any]"; expected "str"  [arg-type]
(biosustain)venom/tests/rpc/test_inspection.py:154: error: All conditional function variants must have identical signatures  [misc]
(biosustain)venom/tests/rpc/test_inspection.py:224: error: Argument 1 to "SkipTest" has incompatible type "Callable[[InspectionTestCase], Any]"; expected "str"  [arg-type]
(biosustain)venom/tests/test_message.py:63: error: Argument 1 to "SkipTest" has incompatible type "Callable[[MessageTestCase], Any]"; expected "str"  [arg-type]
(biosustain)venom/venom/common/converters.py:11: error: String argument 1 '_T' to TypeVar(...) does not match variable name 'T'  [misc]
(biosustain)venom/venom/common/converters.py:11: error: "object" not callable  [operator]
(biosustain)venom/venom/common/converters.py:15: error: Variable "converters.T" is not valid as a type  [valid-type]
(biosustain)venom/venom/common/converters.py:16: error: "V" has no attribute "value"  [attr-defined]
(biosustain)venom/venom/common/converters.py:18: error: Variable "converters.T" is not valid as a type  [valid-type]
(biosustain)venom/venom/common/converters.py:22: error: "_ValueConverter" expects 1 type argument, but 2 given  [type-arg]
(biosustain)venom/venom/common/converters.py:27: error: "_ValueConverter" expects 1 type argument, but 2 given  [type-arg]
(biosustain)venom/venom/common/converters.py:32: error: "_ValueConverter" expects 1 type argument, but 2 given  [type-arg]
(biosustain)venom/venom/common/converters.py:37: error: "_ValueConverter" expects 1 type argument, but 2 given  [type-arg]
(biosustain)venom/venom/common/converters.py:42: error: "_ValueConverter" expects 1 type argument, but 2 given  [type-arg]
(biosustain)venom/venom/common/converters.py:50: error: "_ValueConverter" expects 1 type argument, but 2 given  [type-arg]
(biosustain)venom/venom/common/converters.py:55: error: "_ValueConverter" expects 1 type argument, but 2 given  [type-arg]
(biosustain)venom/venom/common/messages.py:112: error: Argument 1 to "join" of "str" has incompatible type "Tuple[Tuple[str], ...]"; expected "Iterable[str]"  [arg-type]
(biosustain)venom/venom/protocol/transcode.py:19: error: Cannot resolve name "_Value" (possible cyclic definition)  [misc]
(biosustain)venom/venom/protocol/transcode.py:23: error: Name 'venom' is not defined  [name-defined]
(biosustain)venom/venom/protocol/transcode.py:26: error: Name 'venom' is not defined  [name-defined]
(biosustain)venom/venom/protocol/transcode.py:33: error: Name 'venom' is not defined  [name-defined]
(biosustain)venom/venom/protocol/transcode.py:34: error: Invalid index type "Tuple[Type[Any], Type[Any]]" for "Dict[Type[Any], Type[MessageTranscoder]]"; expected type "Type[Any]"  [index]
(biosustain)venom/venom/protocol/transcode.py:37: error: Name 'venom' is not defined  [name-defined]
(biosustain)venom/venom/protocol/transcode.py:39: error: Invalid index type "Tuple[Type[Any], Type[Any]]" for "Dict[Type[Any], Type[MessageTranscoder]]"; expected type "Type[Any]"  [index]
(biosustain)venom/venom/protocol/transcode.py:44: error: Name 'venom' is not defined  [name-defined]
(biosustain)venom/venom/protocol/transcode.py:82: error: Name 'venom' is not defined  [name-defined]
(biosustain)venom/venom/protocol/transcode.py:197: error: Argument 1 to "b64decode" has incompatible type "Union[Union[str, int, float, bool, bytes], Dict[str, Any], List[Any]]"; expected "Union[bytes, str]"  [arg-type]
(biosustain)venom/venom/protocol/__init__.py:12: error: String argument 1 'M' to TypeVar(...) does not match variable name '_M'  [misc]
(biosustain)venom/venom/protocol/__init__.py:12: error: "object" not callable  [operator]
(biosustain)venom/venom/protocol/__init__.py:17: error: Name 'json' already defined (by an import)  [no-redef]
(biosustain)venom/venom/rpc/comms/grpc.py:19: error: Name 'venom' is not defined  [name-defined]
(biosustain)venom/venom/rpc/comms/grpc.py:68: error: Name 'venom' is not defined  [name-defined]
(biosustain)venom/venom/rpc/comms/grpc.py:93: error: Name 'venom' is not defined  [name-defined]
(biosustain)venom/venom/rpc/comms/grpc.py:94: error: Name 'venom' is not defined  [name-defined]
(biosustain)venom/venom/rpc/comms/grpc.py:96: error: Name 'venom' is not defined  [name-defined]
(biosustain)venom/venom/rpc/__init__.py:27: error: Name 'venom' is not defined  [name-defined]
(biosustain)venom/venom/rpc/__init__.py:32: error: Need type annotation for '_services' (hint: "_services: Dict[<type>, <type>] = ...")  [var-annotated]
(biosustain)venom/venom/rpc/__init__.py:33: error: Need type annotation for '_public_services' (hint: "_public_services: Dict[<type>, <type>] = ...")  [var-annotated]
(biosustain)venom/venom/rpc/__init__.py:34: error: Need type annotation for '_clients' (hint: "_clients: Dict[<type>, <type>] = ...")  [var-annotated]
(biosustain)venom/venom/rpc/__init__.py:41: error: Name 'venom' is not defined  [name-defined]
(biosustain)venom/venom/rpc/__init__.py:63: error: Unsupported target for indexed assignment  [index]
(biosustain)venom/venom/rpc/__init__.py:108: error: Name 'venom' is not defined  [name-defined]
(biosustain)venom/venom/rpc/__init__.py:116: error: Name 'venom' is not defined  [name-defined]
(biosustain)venom/venom/rpc/__init__.py:129: error: Argument 1 to "iter" has incompatible type "ValuesView[Union[Service, Any]]"; expected "Iterable[Type[Service]]"  [arg-type]
(biosustain)venom/venom/rpc/inspection.py:127: error: Argument 1 to "issubclass" has incompatible type "object"; expected "type"  [arg-type]
(biosustain)venom/venom/rpc/inspection.py:130: error: Incompatible types in assignment (expression has type "object", variable has type "Optional[Type[Any]]")  [assignment]
(biosustain)venom/venom/rpc/inspection.py:153: error: "object" has no attribute "__supertype__"  [attr-defined]
(biosustain)venom/venom/rpc/inspection.py:193: error: Argument 1 to "tuple" has incompatible type "Set[Tuple[str, None]]"; expected "Iterable[str]"  [arg-type]
(biosustain)venom/venom/rpc/inspection.py:205: error: "object" has no attribute "__supertype__"  [attr-defined]
(biosustain)venom/venom/rpc/inspection.py:236: error: Argument 1 to "issubclass" has incompatible type "object"; expected "type"  [arg-type]
(biosustain)venom/venom/rpc/inspection.py:237: error: Incompatible types in assignment (expression has type "object", variable has type "Optional[Type[Any]]")  [assignment]
(biosustain)venom/venom/rpc/inspection.py:264: error: Need type annotation for 'wrap_kwargs'  [var-annotated]
(biosustain)venom/venom/rpc/inspection.py:269: error: Incompatible types in assignment (expression has type "Callable[[Any], Tuple[]]", variable has type "Callable[[Any], Tuple[Any]]")  [assignment]
(biosustain)venom/venom/rpc/inspection.py:269: error: Incompatible return value type (got "Tuple[]", expected "Tuple[Any]")  [return-value]
(biosustain)venom/venom/rpc/inspection.py:273: error: Item "None" of "Union[Any, Type[Any], None]" has no attribute "resolve"  [union-attr]
(biosustain)venom/venom/rpc/inspection.py:275: error: Incompatible types in assignment (expression has type "Callable[[Any], Tuple[]]", variable has type "Callable[[Any], Tuple[Any]]")  [assignment]
(biosustain)venom/venom/rpc/inspection.py:275: error: Incompatible return value type (got "Tuple[]", expected "Tuple[Any]")  [return-value]
(biosustain)venom/venom/rpc/inspection.py:277: error: Incompatible types in assignment (expression has type "Callable[[Any], Tuple[]]", variable has type "Callable[[Any], Tuple[Any]]")  [assignment]
(biosustain)venom/venom/rpc/inspection.py:277: error: Incompatible return value type (got "Tuple[]", expected "Tuple[Any]")  [return-value]
(biosustain)venom/venom/rpc/inspection.py:278: error: Item "bool" of "Union[bool, Tuple[str, ...]]" has no attribute "__iter__" (not iterable)  [union-attr]
(biosustain)venom/venom/rpc/inspection.py:283: error: Item "None" of "Union[Any, Type[Any], None]" has no attribute "format"  [union-attr]
(biosustain)venom/venom/rpc/inspection.py:306: error: Argument 1 to "MessageFunction" has incompatible type "Union[Type[Any], Any, None]"; expected "Type[Any]"  [arg-type]
(biosustain)venom/venom/rpc/inspection.py:306: error: Argument 2 to "MessageFunction" has incompatible type "Union[Type[Any], Any, None]"; expected "Type[Any]"  [arg-type]
(biosustain)venom/venom/rpc/context.py:11: error: Incompatible types in assignment (expression has type "None", variable has type "Task[Any]")  [assignment]
(biosustain)venom/venom/rpc/context.py:44: error: Name 'venom' is not defined  [name-defined]
(biosustain)venom/venom/rpc/context.py:45: error: Name 'venom' is not defined  [name-defined]
(biosustain)venom/venom/rpc/comms/aiohttp.py:27: error: Name 'venom' is not defined  [name-defined]
(biosustain)venom/venom/rpc/comms/aiohttp.py:69: error: Name 'venom' is not defined  [name-defined]
(biosustain)venom/venom/rpc/comms/aiohttp.py:85: error: Name 'venom' is not defined  [name-defined]
(biosustain)venom/venom/rpc/comms/aiohttp.py:101: error: Name 'venom' is not defined  [name-defined]
(biosustain)venom/venom/rpc/comms/aiohttp.py:103: error: Name 'venom' is not defined  [name-defined]
Found 182 errors in 23 files (checked 40 source files)

[RRepo](aguinane)nem-reader
(aguinane)nem-reader/tests/test_file_outputs.py:9: error: Module 'nemreader' has no attribute 'output_as_csv'  [attr-defined]
(aguinane)nem-reader/nemreader/nem_reader.py:42: error: Incompatible types in assignment (expression has type "TextIO", variable has type "List[str]")  [assignment]
(aguinane)nem-reader/nemreader/nem_reader.py:56: error: Need type annotation for 'readings' (hint: "readings: Dict[<type>, <type>] = ...")  [var-annotated]
(aguinane)nem-reader/nemreader/nem_reader.py:57: error: Need type annotation for 'trans' (hint: "trans: Dict[<type>, <type>] = ...")  [var-annotated]
(aguinane)nem-reader/nemreader/nem_reader.py:96: error: Item "None" of "Optional[Any]" has no attribute "interval_length"  [union-attr]
(aguinane)nem-reader/nemreader/nem_reader.py:101: error: Item "None" of "Optional[Any]" has no attribute "interval_length"  [union-attr]
(aguinane)nem-reader/nemreader/nem_reader.py:101: error: Item "None" of "Optional[Any]" has no attribute "uom"  [union-attr]
(aguinane)nem-reader/nemreader/nem_reader.py:101: error: Item "None" of "Optional[Any]" has no attribute "meter_serial_number"  [union-attr]
(aguinane)nem-reader/nemreader/nem_reader.py:105: error: Item "None" of "Optional[Any]" has no attribute "nmi"  [union-attr]
(aguinane)nem-reader/nemreader/nem_reader.py:105: error: Item "None" of "Optional[Any]" has no attribute "nmi_suffix"  [union-attr]
(aguinane)nem-reader/nemreader/nem_reader.py:111: error: Item "None" of "Optional[Any]" has no attribute "nmi"  [union-attr]
(aguinane)nem-reader/nemreader/nem_reader.py:111: error: Item "None" of "Optional[Any]" has no attribute "nmi_suffix"  [union-attr]
(aguinane)nem-reader/nemreader/nem_reader.py:112: error: Item "None" of "Optional[Any]" has no attribute "nmi"  [union-attr]
(aguinane)nem-reader/nemreader/nem_reader.py:112: error: Item "None" of "Optional[Any]" has no attribute "nmi_suffix"  [union-attr]
(aguinane)nem-reader/nemreader/nem_reader.py:117: error: Item "None" of "Optional[Any]" has no attribute "nmi"  [union-attr]
(aguinane)nem-reader/nemreader/nem_reader.py:117: error: Item "None" of "Optional[Any]" has no attribute "nmi_suffix"  [union-attr]
(aguinane)nem-reader/nemreader/nem_reader.py:121: error: Item "None" of "Optional[Any]" has no attribute "nmi"  [union-attr]
(aguinane)nem-reader/nemreader/nem_reader.py:121: error: Item "None" of "Optional[Any]" has no attribute "nmi_suffix"  [union-attr]
Found 18 errors in 2 files (checked 9 source files)

[RRepo](jaantollander)CrowdDynamics
(jaantollander)CrowdDynamics/crowddynamics/io.py:10: error: Module 'io' has no attribute 'StringIO'  [attr-defined]
(jaantollander)CrowdDynamics/crowddynamics/io.py:10: error: Module 'io' has no attribute 'StringIO'  [attr-defined]
(jaantollander)CrowdDynamics/crowddynamics/core/steering/quickest_path.py:144: error: Variable "crowddynamics.core.steering.quickest_path.DistanceMap" is not valid as a type  [valid-type]

[RRepo](s0hvaperuna)Not-a-bot
(s0hvaperuna)Not-a-bot/cogs/logging.py:17: error: Module has no attribute "getLogger"; maybe "Logger"?  [attr-defined]
(s0hvaperuna)Not-a-bot/cogs/logging.py:18: error: Module has no attribute "getLogger"; maybe "Logger"?  [attr-defined]
(s0hvaperuna)Not-a-bot/bot/server.py:8: error: Module has no attribute "getLogger"; maybe "Logger"?  [attr-defined]
(s0hvaperuna)Not-a-bot/bot/exceptions.py:30: error: Module has no attribute "getLogger"; maybe "Logger"?  [attr-defined]
(s0hvaperuna)Not-a-bot/utils/wolfram.py:30: error: Module has no attribute "getLogger"; maybe "Logger"?  [attr-defined]
(s0hvaperuna)Not-a-bot/bot/globals.py:33: error: Module has no attribute "getLogger"; maybe "Logger"?  [attr-defined]

[RRepo](conversationai)conversationai-models
(conversationai)conversationai-models/data_preparation/preprocessing/preprocessing.py:69: error: invalid syntax  [syntax]
Found 1 error in 1 file (checked 45 source files)

[RRepo](nschloe)quadpy
(nschloe)quadpy/quadpy/nball/_stroud_1967_7.py:4: error: No parent module -- cannot perform relative import  [misc]
Found 1 error in 1 file (checked 144 source files)

[RRepo](coldfix)pystif
(coldfix)pystif/pystif/core/geom.py:143: error: Name 'search_ensure_vertex' already defined on line 99  [no-redef]
(coldfix)pystif/pystif/equiv.py:33: error: Name 'SymmetryGroup' is not defined  [name-defined]
(coldfix)pystif/tools/plot_benchmark_mean.py:35: error: List comprehension has incompatible type List[Tuple[Any, ...]]; expected List[List[Any]]  [misc]
(coldfix)pystif/tools/plot_benchmark_mean.py:41: error: No overload variant of "__getitem__" of "list" matches argument type "Tuple[slice, int]"  [call-overload]
(coldfix)pystif/tools/plot_benchmark_mean.py:41: note: Possible overload variants:
(coldfix)pystif/tools/plot_benchmark_mean.py:41: note:     def __getitem__(self, int) -> List[Any]
(coldfix)pystif/tools/plot_benchmark_mean.py:41: note:     def __getitem__(self, slice) -> List[List[Any]]
(coldfix)pystif/tools/plot_benchmark_mean.py:42: error: No overload variant of "__getitem__" of "list" matches argument type "Tuple[slice, int]"  [call-overload]
(coldfix)pystif/tools/plot_benchmark_mean.py:42: note: Possible overload variants:
(coldfix)pystif/tools/plot_benchmark_mean.py:42: note:     def __getitem__(self, int) -> List[Any]
(coldfix)pystif/tools/plot_benchmark_mean.py:42: note:     def __getitem__(self, slice) -> List[List[Any]]
(coldfix)pystif/test/test_it.py:31: error: Name 'test_elemental_inequalities_2' already defined on line 23  [no-redef]
Found 6 errors in 4 files (checked 34 source files)

[RRepo](and800)aioreloader
(and800)aioreloader/aioreloader/_contents.py:19: error: Cannot assign multiple types to name "hook_type" without an explicit "Type[...]" annotation  [misc]
(and800)aioreloader/aioreloader/_contents.py:53: error: Need type annotation for 'modify_times' (hint: "modify_times: Dict[<type>, <type>] = ...")  [var-annotated]
Found 2 errors in 1 file (checked 1 source file)

[RRepo](GregorCH)ipet
(GregorCH)ipet/ipetgui/IPETParserWindow.py:26: error: No parent module -- cannot perform relative import  [misc]
Found 1 error in 1 file (checked 46 source files)

[RRepo](pyGrowler)Growler
(pyGrowler)Growler/growler/ext/__init__.py:18: error: Need type annotation for '__mods__' (hint: "__mods__: Dict[<type>, <type>] = ...")  [var-annotated]
(pyGrowler)Growler/growler/ext/__init__.py:40: error: Incompatible types in assignment (expression has type "GrowlerExtensionImporter", target has type Module)  [assignment]
(pyGrowler)Growler/growler/http/responder.py:274: error: Name 'headers' already defined on line 45  [no-redef]
(pyGrowler)Growler/growler/middleware/renderer.py:30: error: Need type annotation for 'render_engine_map' (hint: "render_engine_map: Dict[<type>, <type>] = ...")  [var-annotated]
(pyGrowler)Growler/tests/test_middleware_chain.py:111: error: Name 'test_chain_calls_iterate_subchain' already defined on line 98  [no-redef]
(pyGrowler)Growler/tests/middleware/test_renderer.py:59: error: Name 'test_string_renderer_fixture' already defined on line 54  [no-redef]
(pyGrowler)Growler/examples/string_templates/__main__.py:57: error: No overload variant of "create_server" of "AbstractEventLoop" matches argument types "Callable[[], Any]", "Dict[str, object]"  [call-overload]
(pyGrowler)Growler/examples/string_templates/__main__.py:57: note: Possible overload variants:
(pyGrowler)Growler/examples/string_templates/__main__.py:57: note:     def create_server(self, protocol_factory: Callable[[], BaseProtocol], host: Union[str, Sequence[str], None] = ..., port: int = ..., *, family: int = ..., flags: int = ..., sock: None = ..., backlog: int = ..., ssl: Union[bool, None, SSLContext] = ..., reuse_address: Optional[bool] = ..., reuse_port: Optional[bool] = ...) -> Coroutine[Any, Any, AbstractServer]
(pyGrowler)Growler/examples/string_templates/__main__.py:57: note:     def create_server(self, protocol_factory: Callable[[], BaseProtocol], host: None = ..., port: None = ..., *, family: int = ..., flags: int = ..., sock: socket, backlog: int = ..., ssl: Union[bool, None, SSLContext] = ..., reuse_address: Optional[bool] = ..., reuse_port: Optional[bool] = ...) -> Coroutine[Any, Any, AbstractServer]
(pyGrowler)Growler/examples/uvloop.py:5: error: Module has no attribute "EventLoopPolicy"  [attr-defined]
(pyGrowler)Growler/growler/http/errors.py:27: error: Need type annotation for 'code_to_error' (hint: "code_to_error: Dict[<type>, <type>] = ...")  [var-annotated]
(pyGrowler)Growler/tests/test_http_parser.py:275: error: Name 'test_find_newline' is not defined  [name-defined]
(pyGrowler)Growler/tests/test_http_responder.py:49: error: Name 'responder' already defined (possibly by an import)  [no-redef]
Found 11 errors in 10 files (checked 50 source files)

[RRepo](Jamjomjara)snu-artoon
(Jamjomjara)snu-artoon/AnnotationToXMLConverter/FDDBAnnotationReader.py:18: error: No overload variant of "__setitem__" of "list" matches argument types "int", "float"  [call-overload]
(Jamjomjara)snu-artoon/AnnotationToXMLConverter/FDDBAnnotationReader.py:18: note: Possible overload variants:
(Jamjomjara)snu-artoon/AnnotationToXMLConverter/FDDBAnnotationReader.py:18: note:     def __setitem__(self, int, str) -> None
(Jamjomjara)snu-artoon/AnnotationToXMLConverter/FDDBAnnotationReader.py:18: note:     def __setitem__(self, slice, Iterable[str]) -> None
(Jamjomjara)snu-artoon/AnnotationToXMLConverter/FDDBAnnotationReader.py:19: error: Unsupported operand types for - ("str" and "float")  [operator]
(Jamjomjara)snu-artoon/AnnotationToXMLConverter/FDDBAnnotationReader.py:19: error: Unsupported operand types for / ("str" and "int")  [operator]
(Jamjomjara)snu-artoon/AnnotationToXMLConverter/FDDBAnnotationReader.py:20: error: Unsupported operand types for - ("str" and "float")  [operator]
(Jamjomjara)snu-artoon/AnnotationToXMLConverter/FDDBAnnotationReader.py:20: error: Unsupported operand types for / ("str" and "int")  [operator]
(Jamjomjara)snu-artoon/AnnotationToXMLConverter/FDDBAnnotationReader.py:21: error: Unsupported operand types for / ("str" and "int")  [operator]
(Jamjomjara)snu-artoon/AnnotationToXMLConverter/FDDBAnnotationReader.py:21: error: Unsupported operand types for + ("str" and "float")  [operator]
(Jamjomjara)snu-artoon/AnnotationToXMLConverter/FDDBAnnotationReader.py:22: error: Unsupported operand types for / ("str" and "int")  [operator]
(Jamjomjara)snu-artoon/AnnotationToXMLConverter/FDDBAnnotationReader.py:22: error: Unsupported operand types for + ("str" and "float")  [operator]
(Jamjomjara)snu-artoon/AnnotationToXMLConverter/BananaAnnotationReader.py:8: error: Argument 1 to "int" has incompatible type "Optional[str]"; expected "Union[str, bytes, SupportsInt, _SupportsIndex]"  [arg-type]
(Jamjomjara)snu-artoon/AnnotationToXMLConverter/BananaAnnotationReader.py:9: error: Argument 1 to "int" has incompatible type "Optional[str]"; expected "Union[str, bytes, SupportsInt, _SupportsIndex]"  [arg-type]
(Jamjomjara)snu-artoon/AnnotationToXMLConverter/BananaAnnotationReader.py:19: error: Argument 1 to "int" has incompatible type "Optional[str]"; expected "Union[str, bytes, SupportsInt, _SupportsIndex]"  [arg-type]
(Jamjomjara)snu-artoon/AnnotationToXMLConverter/BananaAnnotationReader.py:20: error: Argument 1 to "int" has incompatible type "Optional[str]"; expected "Union[str, bytes, SupportsInt, _SupportsIndex]"  [arg-type]
(Jamjomjara)snu-artoon/AnnotationToXMLConverter/BananaAnnotationReader.py:21: error: Argument 1 to "int" has incompatible type "Optional[str]"; expected "Union[str, bytes, SupportsInt, _SupportsIndex]"  [arg-type]
(Jamjomjara)snu-artoon/AnnotationToXMLConverter/BananaAnnotationReader.py:22: error: Argument 1 to "int" has incompatible type "Optional[str]"; expected "Union[str, bytes, SupportsInt, _SupportsIndex]"  [arg-type]
Found 15 errors in 2 files (checked 5 source files)

[RRepo](KrusnikViers)Zordon
(KrusnikViers)Zordon/app/handlers/impl/broadcasts.py:12: error: Name '_' is not defined  [name-defined]
(KrusnikViers)Zordon/app/handlers/impl/broadcasts.py:16: error: Name '_' is not defined  [name-defined]
(KrusnikViers)Zordon/app/handlers/impl/broadcasts.py:18: error: Name '_' is not defined  [name-defined]
(KrusnikViers)Zordon/app/handlers/impl/broadcasts.py:33: error: Syntax error in type annotation  [syntax]
(KrusnikViers)Zordon/app/handlers/impl/broadcasts.py:33: note: Suggestion: Use Tuple[T1, ..., Tn] instead of (T1, ..., Tn)
(KrusnikViers)Zordon/app/handlers/impl/broadcasts.py:50: error: Name '_' is not defined  [name-defined]
(KrusnikViers)Zordon/app/handlers/impl/broadcasts.py:52: error: Name '_' is not defined  [name-defined]
(KrusnikViers)Zordon/app/handlers/impl/broadcasts.py:55: error: Name '_' is not defined  [name-defined]
(KrusnikViers)Zordon/app/handlers/impl/broadcasts.py:63: error: Name '_' is not defined  [name-defined]
(KrusnikViers)Zordon/app/handlers/impl/broadcasts.py:67: error: Name '_' is not defined  [name-defined]
(KrusnikViers)Zordon/app/handlers/impl/broadcasts.py:69: error: Name '_' is not defined  [name-defined]
(KrusnikViers)Zordon/app/handlers/impl/broadcasts.py:85: error: Name '_' is not defined  [name-defined]
(KrusnikViers)Zordon/app/handlers/impl/basic.py:9: error: Name '_' is not defined  [name-defined]
(KrusnikViers)Zordon/app/handlers/impl/basic.py:14: error: Name '_' is not defined  [name-defined]
(KrusnikViers)Zordon/app/handlers/impl/basic.py:20: error: Name '_' is not defined  [name-defined]
(KrusnikViers)Zordon/app/handlers/impl/basic.py:25: error: Name '_' is not defined  [name-defined]
(KrusnikViers)Zordon/app/handlers/impl/basic.py:30: error: Name '_' is not defined  [name-defined]
(KrusnikViers)Zordon/app/handlers/impl/routing.py:10: error: Name '_' is not defined  [name-defined]
(KrusnikViers)Zordon/app/handlers/impl/routing.py:18: error: Name '_' is not defined  [name-defined]
(KrusnikViers)Zordon/app/handlers/context.py:52: error: Syntax error in type annotation  [syntax]
(KrusnikViers)Zordon/app/handlers/context.py:52: note: Suggestion: Use Tuple[T1, ..., Tn] instead of (T1, ..., Tn)
(KrusnikViers)Zordon/tests/handlers/impl/test_broadcast.py:18: error: Name 'Group' is not defined  [name-defined]
(KrusnikViers)Zordon/tests/handlers/impl/test_broadcast.py:19: error: Name 'User' is not defined  [name-defined]
(KrusnikViers)Zordon/app/handlers/util/reports.py:31: error: "None" has no attribute "bot"  [attr-defined]
(KrusnikViers)Zordon/app/handlers/util/reports.py:37: error: "None" has no attribute "bot"  [attr-defined]
(KrusnikViers)Zordon/app/i18n/updater.py:44: error: Need type annotation for 'strings_dict' (hint: "strings_dict: Dict[<type>, <type>] = ...")  [var-annotated]
Found 24 errors in 7 files (checked 32 source files)

[RRepo](nanoporetech)bwapy
(nanoporetech)bwapy/bwapy/libbwa.py:258: error: Need type annotation for 'alignments'  [var-annotated]
Found 1 error in 1 file (checked 1 source file)

[RRepo](nicfit)nicfit.py
(nicfit)nicfit.py/nicfit/__main__.py:11: error: No parent module -- cannot perform relative import  [misc]
Found 1 error in 1 file (checked 37 source files)

[RRepo](pablotcarreira)django-arangodb
(pablotcarreira)django-arangodb/arangodb_driver/compiler.py:19: error: Syntax error in type annotation  [syntax]
(pablotcarreira)django-arangodb/arangodb_driver/compiler.py:19: note: Suggestion: Use Tuple[T1, ..., Tn] instead of (T1, ..., Tn)
(pablotcarreira)django-arangodb/arangodb_driver/base.py:34: error: Missing return statement  [return]
(pablotcarreira)django-arangodb/arangodb_driver/base.py:54: error: Need type annotation for 'data_types_suffix' (hint: "data_types_suffix: Dict[<type>, <type>] = ...")  [var-annotated]
(pablotcarreira)django-arangodb/arangodb_driver/base.py:56: error: Need type annotation for 'data_type_check_constraints' (hint: "data_type_check_constraints: Dict[<type>, <type>] = ...")  [var-annotated]
Found 4 errors in 2 files (checked 14 source files)

[RRepo](PeerAssets)pypeerassets
(PeerAssets)pypeerassets/pypeerassets/voting.py:20: error: Name 'unhexlify' is not defined  [name-defined]
(PeerAssets)pypeerassets/pypeerassets/voting.py:89: error: Name 'unhexlify' is not defined  [name-defined]
(PeerAssets)pypeerassets/pypeerassets/voting.py:130: error: Name 'unhexlify' is not defined  [name-defined]
(PeerAssets)pypeerassets/pypeerassets/voting.py:131: error: Name 'unhexlify' is not defined  [name-defined]
(PeerAssets)pypeerassets/pypeerassets/voting.py:170: error: Name 'unhexlify' is not defined  [name-defined]
(PeerAssets)pypeerassets/pypeerassets/voting.py:171: error: Name 'unhexlify' is not defined  [name-defined]
(PeerAssets)pypeerassets/pypeerassets/transactions.py:152: error: Cannot determine type of 'ins'  [has-type]
(PeerAssets)pypeerassets/pypeerassets/transactions.py:160: error: Cannot determine type of 'outs'  [has-type]
(PeerAssets)pypeerassets/pypeerassets/__main__.py:180: error: Incompatible types in assignment (expression has type "Generator[Any, None, None]", variable has type "List[Any]")  [assignment]
(PeerAssets)pypeerassets/pypeerassets/__main__.py:194: error: Argument 2 to "map" of "Executor" has incompatible type "Optional[Iterator[Any]]"; expected "Iterable[Any]"  [arg-type]
(PeerAssets)pypeerassets/pypeerassets/provider/explorer.py:164: error: Incompatible return value type (got "None", expected "List[Any]")  [return-value]
Found 11 errors in 4 files (checked 22 source files)

[RRepo](googleapis)sample-tester
(googleapis)sample-tester/sampletester/convention/__init__.py:40: error: Module has no attribute "test_environments"  [attr-defined]
(googleapis)sample-tester/sampletester/convention/tag.py:194: error: Need type annotation for 'all_manifests' (hint: "all_manifests: List[<type>] = ...")  [var-annotated]
(googleapis)sample-tester/sampletester/convention/tag.py:195: error: Need type annotation for 'all_env_names' (hint: "all_env_names: List[<type>] = ...")  [var-annotated]
(googleapis)sample-tester/sampletester/convention/tag.py:196: error: Need type annotation for 'all_environments' (hint: "all_environments: List[<type>] = ...")  [var-annotated]
(googleapis)sample-tester/sampletester/convention/tag.py:203: error: Not all arguments converted during string formatting  [str-format]
(googleapis)sample-tester/sampletester/cli.py:125: error: Incompatible types in assignment (expression has type "str", variable has type "int")  [assignment]
(googleapis)sample-tester/sampletester/convention/cloud/__init__.py:20: error: Not all arguments converted during string formatting  [str-format]
(googleapis)sample-tester/tests/convention/tag_test.py:73: error: Name 'test_invocation_with_placeholder' already defined on line 58  [no-redef]
(googleapis)sample-tester/sampletester/testplan.py:153: error: "Visitor" has no attribute "visit_test_case"; maybe "visit_testcase"?  [attr-defined]
(googleapis)sample-tester/sampletester/testplan.py:181: error: Signature of "visit_environment" incompatible with supertype "Visitor"  [override]
(googleapis)sample-tester/sampletester/testplan.py:190: error: Signature of "visit_suite" incompatible with supertype "Visitor"  [override]
(googleapis)sample-tester/sampletester/testplan.py:195: error: Signature of "visit_testcase" incompatible with supertype "Visitor"  [override]
(googleapis)sample-tester/sampletester/testplan.py:201: error: Signature of "visit_suite_end" incompatible with supertype "Visitor"  [override]
(googleapis)sample-tester/sampletester/testplan.py:206: error: Signature of "visit_environment_end" incompatible with supertype "Visitor"  [override]
(googleapis)sample-tester/gen_manifest/gen_manifest.py:222: error: Syntax error in type annotation  [syntax]
(googleapis)sample-tester/gen_manifest/gen_manifest.py:222: note: Suggestion: Use Tuple[T1, ..., Tn] instead of (T1, ..., Tn)
(googleapis)sample-tester/tests/gen_manifest/gen_manifest_test.py:21: error: Module 'gen_manifest' has no attribute 'gen_manifest'  [attr-defined]
Found 16 errors in 8 files (checked 14 source files)

[RRepo](jacebrowning)doorstop
(jacebrowning)doorstop/doorstop/server/main.py:24: error: Invalid "type: ignore" comment  [syntax]
Found 1 error in 1 file (checked 28 source files)

[RRepo](corradio)electricitymap
(corradio)electricitymap/parsers/JP.py:8: error: No parent module -- cannot perform relative import  [misc]
Found 1 error in 1 file (checked 43 source files)

[RRepo](chiaki64)Windless
(chiaki64)Windless/core/components/rss.py:106: error: Need type annotation for 'item_attr' (hint: "item_attr: Dict[<type>, <type>] = ...")  [var-annotated]

[RRepo](5j9)yadkard
(5j9)yadkard/lib/commons.py:215: error: Invalid type comment or annotation  [valid-type]
(5j9)yadkard/test/__init__.py:20: error: 'staticmethod' used with a non-method  [misc]
(5j9)yadkard/test/__init__.py:73: error: Cannot assign to a method  [assignment]
(5j9)yadkard/test/__init__.py:73: error: Incompatible types in assignment (expression has type "Callable[[Any, Any, Any, KwArg(Any)], Any]", variable has type "Callable[[Session, str, Union[str, bytes, str], Union[None, bytes, MutableMapping[str, str]], Union[None, str, bytes, MutableMapping[str, Any], MutableMapping[str, Any], Iterable[Tuple[str, Optional[str]]], IO[Any]], Optional[MutableMapping[str, str]], Union[None, RequestsCookieJar, MutableMapping[str, str]], Optional[MutableMapping[str, IO[Any]]], Union[None, Tuple[str, str], AuthBase, Callable[[Request], Request]], Union[None, float, Tuple[float, float]], Optional[bool], Optional[MutableMapping[str, str]], Optional[MutableMapping[str, Union[Iterable[Callable[[Response], Any]], Callable[[Response], Any]]]], Optional[bool], Union[None, bool, str], Union[str, Tuple[str, str], None], Optional[Any]], Response]")  [assignment]

[RRepo](PyAndy)Py3NES
(PyAndy)Py3NES/cpu.py:30: error: misplaced type annotation  [syntax]
Found 1 error in 1 file (checked 15 source files)

[RRepo](igorcoding)asynctnt
(igorcoding)asynctnt/docs/conf.py:76: error: Need type annotation for 'latex_elements' (hint: "latex_elements: Dict[<type>, <type>] = ...")  [var-annotated]
(igorcoding)asynctnt/asynctnt/_testbase.py:15: error: Module 'asynctnt' has no attribute 'TarantoolTuple'  [attr-defined]
(igorcoding)asynctnt/asynctnt/_testbase.py:36: error: Unsupported dynamic base class "type"  [misc]
(igorcoding)asynctnt/asynctnt/_testbase.py:190: error: Name 'asynctnt.Connection' is not defined  [name-defined]
(igorcoding)asynctnt/temp/demo/demo.py:55: error: Module has no attribute "run"  [attr-defined]
(igorcoding)asynctnt/temp/with_crash.py:33: error: Module has no attribute "run"  [attr-defined]

[RRepo](dashwav)nano-chan
(dashwav)nano-chan/cogs/rng.py:34: error: unexpected EOF while parsing  [syntax]
Found 1 error in 1 file (checked 15 source files)

[RRepo](SQbQxeKd3JHD8)simple_ConTeXt
(SQbQxeKd3JHD8)simple_ConTeXt/scripts/log.py:3: error: No parent module -- cannot perform relative import  [misc]
(SQbQxeKd3JHD8)simple_ConTeXt/scripts/log.py:4: error: No parent module -- cannot perform relative import  [misc]
Found 2 errors in 1 file (checked 24 source files)

[RRepo](modm-io)modm-devices
(modm-io)modm-devices/tools/device/modm_devices/parser.py:10: error: No parent module -- cannot perform relative import  [misc]
Found 1 error in 1 file (checked 21 source files)

[RRepo](team-phoenix)Phoenix
(team-phoenix)Phoenix/frontend/python/updaters/updateExtension.py:13: error: Incompatible types in assignment (expression has type "Tuple[Tuple[str, str], Tuple[str, str]]", variable has type "Optional[List[Any]]")  [assignment]
(team-phoenix)Phoenix/frontend/python/updaters/updateSystemToCore.py:9: error: Incompatible types in assignment (expression has type "Tuple[Tuple[str, str], Tuple[str, str]]", variable has type "Optional[List[Any]]")  [assignment]
(team-phoenix)Phoenix/frontend/python/updaters/updateSystemToCore.py:69: error: Name 'columns' is not defined  [name-defined]
(team-phoenix)Phoenix/frontend/python/updaters/updateSystem.py:11: error: Incompatible types in assignment (expression has type "Tuple[Tuple[str, str], Tuple[str, str], Tuple[str, str], Tuple[str, str], Tuple[str, str], Tuple[str, str], Tuple[str, str]]", variable has type "Optional[List[Any]]")  [assignment]
(team-phoenix)Phoenix/frontend/python/updaters/updateFirmware.py:10: error: Incompatible types in assignment (expression has type "Tuple[Tuple[str, str], Tuple[str, str], Tuple[str, str], Tuple[str, str], Tuple[str, str], Tuple[str, str]]", variable has type "Optional[List[Any]]")  [assignment]
(team-phoenix)Phoenix/frontend/python/updaters/updateOpenVGDBToSystem.py:12: error: Incompatible types in assignment (expression has type "Tuple[Tuple[str, str], Tuple[str, str]]", variable has type "Optional[List[Any]]")  [assignment]
(team-phoenix)Phoenix/frontend/python/updaters/updateOpenVGDBToSystem.py:34: error: Name 'columns' is not defined  [name-defined]
(team-phoenix)Phoenix/frontend/python/updaters/updateCore.py:15: error: Incompatible types in assignment (expression has type "Tuple[Tuple[str, str], Tuple[str, str], Tuple[str, str], Tuple[str, str], Tuple[str, str]]", variable has type "Optional[List[Any]]")  [assignment]
(team-phoenix)Phoenix/frontend/python/updaters/updateCore.py:57: error: Name 'columns' is not defined  [name-defined]
(team-phoenix)Phoenix/frontend/python/updaters/updateRomHeaderOffset.py:11: error: Incompatible types in assignment (expression has type "Tuple[Tuple[str, str], Tuple[str, str], Tuple[str, str], Tuple[str, str]]", variable has type "Optional[List[Any]]")  [assignment]
(team-phoenix)Phoenix/frontend/python/updaters/sqldatabase.py:30: error: "None" has no attribute "execute"  [attr-defined]
(team-phoenix)Phoenix/frontend/python/updaters/sqldatabase.py:39: error: Incompatible types in assignment (expression has type "Connection", variable has type "None")  [assignment]
(team-phoenix)Phoenix/frontend/python/updaters/sqldatabase.py:40: error: "None" has no attribute "cursor"  [attr-defined]
(team-phoenix)Phoenix/frontend/python/updaters/sqldatabase.py:67: error: Item "None" of "Optional[List[Any]]" has no attribute "__iter__" (not iterable)  [union-attr]
(team-phoenix)Phoenix/frontend/python/updaters/sqldatabase.py:71: error: "None" has no attribute "execute"  [attr-defined]
(team-phoenix)Phoenix/frontend/python/updaters/sqldatabase.py:93: error: "None" has no attribute "execute"  [attr-defined]
(team-phoenix)Phoenix/frontend/python/updaters/sqldatabase.py:101: error: "None" has no attribute "execute"  [attr-defined]
(team-phoenix)Phoenix/frontend/python/updaters/retrieve_core_info.py:30: error: Need type annotation for 'output'  [var-annotated]
(team-phoenix)Phoenix/frontend/python/updaters/retrieve_core_info.py:61: error: No overload variant of "__setitem__" of "list" matches argument types "int", "bool"  [call-overload]
(team-phoenix)Phoenix/frontend/python/updaters/retrieve_core_info.py:61: note: Possible overload variants:
(team-phoenix)Phoenix/frontend/python/updaters/retrieve_core_info.py:61: note:     def __setitem__(self, int, str) -> None
(team-phoenix)Phoenix/frontend/python/updaters/retrieve_core_info.py:61: note:     def __setitem__(self, slice, Iterable[str]) -> None
(team-phoenix)Phoenix/frontend/python/updaters/retrieve_core_info.py:63: error: No overload variant of "__setitem__" of "list" matches argument types "int", "bool"  [call-overload]
(team-phoenix)Phoenix/frontend/python/updaters/retrieve_core_info.py:63: note: Possible overload variants:
(team-phoenix)Phoenix/frontend/python/updaters/retrieve_core_info.py:63: note:     def __setitem__(self, int, str) -> None
(team-phoenix)Phoenix/frontend/python/updaters/retrieve_core_info.py:63: note:     def __setitem__(self, slice, Iterable[str]) -> None
Found 20 errors in 9 files (checked 9 source files)

[RRepo](Parsl)parsl
(Parsl)parsl/parsl/executors/serialize/canning.py:15: error: No parent module -- cannot perform relative import  [misc]
(Parsl)parsl/parsl/executors/serialize/canning.py:66: error: No parent module -- cannot perform relative import  [misc]
(Parsl)parsl/parsl/executors/serialize/canning.py:80: error: No parent module -- cannot perform relative import  [misc]
(Parsl)parsl/parsl/executors/serialize/canning.py:92: error: No parent module -- cannot perform relative import  [misc]
(Parsl)parsl/parsl/executors/serialize/canning.py:260: error: No parent module -- cannot perform relative import  [misc]
(Parsl)parsl/parsl/executors/serialize/canning.py:271: error: No parent module -- cannot perform relative import  [misc]
Found 6 errors in 1 file (checked 172 source files)

[RRepo](GelaniNijraj)PyMaterial
(GelaniNijraj)PyMaterial/demo/reveal_test_demo.py:9: error: Name 'QWidget' is not defined  [name-defined]
(GelaniNijraj)PyMaterial/demo/reveal_test_demo.py:31: error: Name 'QApplication' is not defined  [name-defined]
(GelaniNijraj)PyMaterial/demo/radio_button_demo.py:9: error: Name 'QWidget' is not defined  [name-defined]
(GelaniNijraj)PyMaterial/demo/radio_button_demo.py:32: error: Name 'QApplication' is not defined  [name-defined]
(GelaniNijraj)PyMaterial/demo/ripple_test_demo.py:11: error: Name 'QWidget' is not defined  [name-defined]
(GelaniNijraj)PyMaterial/demo/ripple_test_demo.py:36: error: Name 'QApplication' is not defined  [name-defined]
(GelaniNijraj)PyMaterial/demo/checkbox_demo.py:9: error: Name 'QWidget' is not defined  [name-defined]
(GelaniNijraj)PyMaterial/demo/checkbox_demo.py:26: error: Name 'QApplication' is not defined  [name-defined]
(GelaniNijraj)PyMaterial/demo/animation_thread_demo.py:8: error: Name 'MAnimationThread' is not defined  [name-defined]
(GelaniNijraj)PyMaterial/demo/animation_thread_demo.py:9: error: Name 'MValueAnimator' is not defined  [name-defined]
(GelaniNijraj)PyMaterial/demo/animation_thread_demo.py:33: error: Name 'QApplication' is not defined  [name-defined]
(GelaniNijraj)PyMaterial/demo/test.py:9: error: Name 'QWidget' is not defined  [name-defined]
(GelaniNijraj)PyMaterial/demo/test.py:31: error: Name 'QApplication' is not defined  [name-defined]
(GelaniNijraj)PyMaterial/demo/fluent_animations_demo.py:33: error: Name 'QWidget' is not defined  [name-defined]
(GelaniNijraj)PyMaterial/demo/fluent_animations_demo.py:103: error: Name 'QApplication' is not defined  [name-defined]
(GelaniNijraj)PyMaterial/MAnimations/MAnimator.py:11: error: Name 'MAnimationThread' is not defined  [name-defined]
Found 16 errors in 8 files (checked 20 source files)

[RRepo](zyga)textland
(zyga)textland/textland/display.py:24: error: No parent module -- cannot perform relative import  [misc]
Found 1 error in 1 file (checked 10 source files)

[RRepo](autokey-py3)autokey
(autokey-py3)autokey/lib/autokey/gtkui/notifier.py:28: error: No parent module -- cannot perform relative import  [misc]
(autokey-py3)autokey/lib/autokey/gtkui/notifier.py:29: error: No parent module -- cannot perform relative import  [misc]
(autokey-py3)autokey/lib/autokey/gtkui/notifier.py:30: error: No parent module -- cannot perform relative import  [misc]
Found 3 errors in 1 file (checked 3 source files)

[RRepo](dylanbstorey)angreal
(dylanbstorey)angreal/setup.py:19: error: Not all arguments converted during string formatting  [str-format]
(dylanbstorey)angreal/tests/unit/integrations/test_git.py:21: error: Name 'test_git_1' already defined on line 11  [no-redef]
(dylanbstorey)angreal/angreal/cli/list_cmd.py:68: error: Module has no attribute "command"  [attr-defined]
(dylanbstorey)angreal/angreal/cli/list_cmd.py:69: error: Module has no attribute "argument"  [attr-defined]
(dylanbstorey)angreal/tests/unit/test_utils.py:6: error: Module 'angreal' has no attribute 'warn'  [attr-defined]
(dylanbstorey)angreal/tests/unit/test_utils.py:6: error: Module 'angreal' has no attribute 'win'  [attr-defined]
(dylanbstorey)angreal/tests/unit/test_utils.py:6: error: Module 'angreal' has no attribute 'error'  [attr-defined]

[RRepo](biplap-sarkar)pylimit
Success: no issues found in 3 source files

[RRepo](zsims)dic
(zsims)dic/dic/container.py:5: error: No parent module -- cannot perform relative import  [misc]
(zsims)dic/dic/container.py:6: error: No parent module -- cannot perform relative import  [misc]
Found 2 errors in 1 file (checked 7 source files)

[RRepo](lyft)incubator-airflow
(lyft)incubator-airflow/airflow/api/common/experimental/get_dag_run_state.py:21: error: Module 'airflow.models' has no attribute 'DagBag'  [attr-defined]
(lyft)incubator-airflow/airflow/api/common/experimental/get_task_instance.py:22: error: Module 'airflow.models' has no attribute 'DagBag'  [attr-defined]
(lyft)incubator-airflow/airflow/api/common/experimental/get_task.py:21: error: Module 'airflow.models' has no attribute 'DagBag'  [attr-defined]

[RRepo](mikesmth)pi-dashboard
(mikesmth)pi-dashboard/lib/plugins/netatmo.py:109: error: The return type of "__init__" must be None  [misc]
(mikesmth)pi-dashboard/lib/plugins/netatmo.py:109: error: Missing return statement  [return]
(mikesmth)pi-dashboard/lib/plugin.py:21: error: Need type annotation for 'LAYOUTS' (hint: "LAYOUTS: List[<type>] = ...")  [var-annotated]
(mikesmth)pi-dashboard/lib/pi_mixins.py:40: error: Need type annotation for 'ATTRIBUTES' (hint: "ATTRIBUTES: List[<type>] = ...")  [var-annotated]
(mikesmth)pi-dashboard/lib/utils.py:24: error: Module 'urllib' has no attribute 'urlencode'  [attr-defined]
(mikesmth)pi-dashboard/lib/utils.py:29: error: Incompatible types in assignment (expression has type "Callable[[Dict[_KT, _VT], _KT, _VT], None]", base class "object" defined the type as "Callable[[object, str, Any], None]")  [assignment]
Found 6 errors in 4 files (checked 25 source files)

[RRepo](berkmancenter)mediacloud
(berkmancenter)mediacloud/mediacloud/mediawords/annotator/nyt_labels.py:113: error: Item "List[Any]" of "Union[Dict[Any, Any], List[Any]]" has no attribute "get"  [union-attr]
(berkmancenter)mediacloud/mediacloud/mediawords/annotator/cliff.py:118: error: Item "List[Any]" of "Union[Dict[Any, Any], List[Any]]" has no attribute "get"  [union-attr]
(berkmancenter)mediacloud/mediacloud/mediawords/tm/snapshot/graph_layout.py:116: error: Need type annotation for 'ids' (hint: "ids: List[<type>] = ...")  [var-annotated]
(berkmancenter)mediacloud/mediacloud/mediawords/key_value_store/cached_amazon_s3.py:168: error: Argument "content" to "__try_storing_object_in_cache" of "CachedAmazonS3Store" has incompatible type "Union[str, bytes]"; expected "bytes"  [arg-type]
(berkmancenter)mediacloud/mediacloud/mediawords/key_value_store/amazon_s3.py:132: error: "None" has no attribute "buckets"  [attr-defined]
(berkmancenter)mediacloud/mediacloud/mediawords/key_value_store/amazon_s3.py:149: error: "None" has no attribute "Object"  [attr-defined]
(berkmancenter)mediacloud/mediacloud/mediawords/languages/factory.py:60: error: Need type annotation for '__language_instances' (hint: "__language_instances: Dict[<type>, <type>] = ...")  [var-annotated]
(berkmancenter)mediacloud/mediacloud/mediawords/util/web/user_agent/throttled.py:87: error: Unsupported operand types for < ("int" and "None")  [operator]
(berkmancenter)mediacloud/mediacloud/mediawords/util/web/user_agent/throttled.py:87: note: Left operand is of type "Optional[int]"
(berkmancenter)mediacloud/mediacloud/mediawords/util/web/user_agent/throttled.py:88: error: Unsupported operand types for / ("None" and "int")  [operator]
(berkmancenter)mediacloud/mediacloud/mediawords/util/web/user_agent/throttled.py:88: note: Left operand is of type "Optional[int]"
(berkmancenter)mediacloud/mediacloud/mediawords/util/word2vec/sentence_iterators.py:52: error: Need type annotation for '__sentences_deque'  [var-annotated]
(berkmancenter)mediacloud/mediacloud/mediawords/util/pages.py:33: error: Unsupported operand types for < ("int" and "None")  [operator]
(berkmancenter)mediacloud/mediacloud/mediawords/util/pages.py:33: note: Left operand is of type "Optional[int]"
(berkmancenter)mediacloud/mediacloud/mediawords/util/pages.py:34: error: Unsupported operand types for - ("None" and "int")  [operator]
(berkmancenter)mediacloud/mediacloud/mediawords/util/pages.py:34: note: Left operand is of type "Optional[int]"
(berkmancenter)mediacloud/mediacloud/mediawords/util/pages.py:44: error: Unsupported operand types for > ("int" and "None")  [operator]
(berkmancenter)mediacloud/mediacloud/mediawords/util/pages.py:44: note: Left operand is of type "Optional[int]"
(berkmancenter)mediacloud/mediacloud/mediawords/util/pages.py:45: error: Unsupported operand types for + ("None" and "int")  [operator]
(berkmancenter)mediacloud/mediacloud/mediawords/util/pages.py:45: note: Left operand is of type "Optional[int]"
(berkmancenter)mediacloud/mediacloud/mediawords/util/pages.py:57: error: Unsupported operand types for * ("int" and "None")  [operator]
(berkmancenter)mediacloud/mediacloud/mediawords/util/pages.py:57: note: Right operand is of type "Optional[int]"
(berkmancenter)mediacloud/mediacloud/mediawords/util/pages.py:57: error: Unsupported operand types for - ("None" and "int")  [operator]
(berkmancenter)mediacloud/mediacloud/mediawords/util/pages.py:57: note: Left operand is of type "Optional[int]"
(berkmancenter)mediacloud/mediacloud/mediawords/util/pages.py:65: error: Incompatible return value type (got "Optional[int]", expected "int")  [return-value]
(berkmancenter)mediacloud/mediacloud/mediawords/util/pages.py:67: error: Unsupported operand types for * ("int" and "None")  [operator]
(berkmancenter)mediacloud/mediacloud/mediawords/util/pages.py:67: error: Unsupported operand types for * ("None" and "int")  [operator]
(berkmancenter)mediacloud/mediacloud/mediawords/util/pages.py:67: error: Unsupported left operand type for * ("None")  [operator]
(berkmancenter)mediacloud/mediacloud/mediawords/util/pages.py:67: note: Both left and right operands are unions
(berkmancenter)mediacloud/mediacloud/mediawords/util/pages.py:74: error: Unsupported operand types for / ("int" and "None")  [operator]
(berkmancenter)mediacloud/mediacloud/mediawords/util/pages.py:74: error: Unsupported operand types for / ("None" and "int")  [operator]
(berkmancenter)mediacloud/mediacloud/mediawords/util/pages.py:74: error: Unsupported left operand type for / ("None")  [operator]
(berkmancenter)mediacloud/mediacloud/mediawords/util/pages.py:74: note: Both left and right operands are unions
(berkmancenter)mediacloud/mediacloud/mediawords/util/pages.py:83: error: Incompatible return value type (got "Union[float, Any]", expected "int")  [return-value]
(berkmancenter)mediacloud/mediacloud/mediawords/key_value_store/__init__.py:85: error: Incompatible return value type (got "Union[bytes, str]", expected "bytes")  [return-value]
(berkmancenter)mediacloud/mediacloud/mediawords/tm/fetch_twitter_urls.py:27: error: Missing return statement  [return]
(berkmancenter)mediacloud/mediacloud/mediawords/tm/fetch_twitter_urls.py:34: error: Missing return statement  [return]
(berkmancenter)mediacloud/mediacloud/mediawords/tm/fetch_twitter_urls.py:112: error: Need type annotation for 'url_lookup' (hint: "url_lookup: Dict[<type>, <type>] = ...")  [var-annotated]
(berkmancenter)mediacloud/mediacloud/mediawords/tm/fetch_twitter_urls.py:180: error: Need type annotation for 'status_lookup' (hint: "status_lookup: Dict[<type>, <type>] = ...")  [var-annotated]
(berkmancenter)mediacloud/mediacloud/mediawords/tm/fetch_twitter_urls.py:247: error: Incompatible return value type (got "Tuple[List[Any], List[Any]]", expected "List[Any]")  [return-value]
(berkmancenter)mediacloud/mediacloud/mediawords/key_value_store/test_amazon_s3_credentials.py:35: error: Unsupported left operand type for + ("None")  [operator]
(berkmancenter)mediacloud/mediacloud/mediawords/key_value_store/test_amazon_s3_credentials.py:35: note: Left operand is of type "Optional[str]"
(berkmancenter)mediacloud/mediacloud/mediawords/db/copy/copy_to.py:64: error: Item "None" of "Optional[IO[str]]" has no attribute "readline"  [union-attr]
(berkmancenter)mediacloud/mediacloud/mediawords/db/copy/copy_to.py:72: error: Item "None" of "Optional[IO[str]]" has no attribute "close"  [union-attr]
(berkmancenter)mediacloud/mediacloud/mediawords/db/copy/copy_from.py:60: error: Item "None" of "Optional[IO[str]]" has no attribute "write"  [union-attr]
(berkmancenter)mediacloud/mediacloud/mediawords/db/copy/copy_from.py:67: error: Item "None" of "Optional[IO[str]]" has no attribute "seek"  [union-attr]
(berkmancenter)mediacloud/mediacloud/mediawords/db/copy/copy_from.py:68: error: Item "None" of "Optional[Any]" has no attribute "copy_expert"  [union-attr]
(berkmancenter)mediacloud/mediacloud/mediawords/db/copy/copy_from.py:69: error: Item "None" of "Optional[IO[str]]" has no attribute "close"  [union-attr]
(berkmancenter)mediacloud/mediacloud/mediawords/crawler/provider.py:53: error: "Callable[[Any], None]" has no attribute "last_check"  [attr-defined]
(berkmancenter)mediacloud/mediacloud/mediawords/crawler/provider.py:56: error: "Callable[[Any], None]" has no attribute "last_check"  [attr-defined]
(berkmancenter)mediacloud/mediacloud/mediawords/crawler/provider.py:72: error: "Callable[[Any], None]" has no attribute "last_check"  [attr-defined]
(berkmancenter)mediacloud/mediacloud/mediawords/crawler/provider.py:75: error: "Callable[[Any], None]" has no attribute "last_check"  [attr-defined]
(berkmancenter)mediacloud/mediacloud/mediawords/crawler/provider.py:187: error: "provide_download_ids" does not return a value  [func-returns-value]
(berkmancenter)mediacloud/mediacloud/mediawords/crawler/provider.py:202: error: Incompatible types in assignment (expression has type "float", variable has type "int")  [assignment]
(berkmancenter)mediacloud/mediacloud/mediawords/dbi/auth/password.py:52: error: Incompatible types in assignment (expression has type "bytes", variable has type "str")  [assignment]
(berkmancenter)mediacloud/mediacloud/mediawords/dbi/auth/password.py:61: error: Unsupported operand types for + ("str" and "bytes")  [operator]
(berkmancenter)mediacloud/mediacloud/mediawords/dbi/auth/password.py:63: error: Argument 1 to "update" of "_Hash" has incompatible type "str"; expected "Union[bytes, bytearray, memoryview]"  [arg-type]
(berkmancenter)mediacloud/mediacloud/mediawords/dbi/auth/password.py:91: error: Incompatible types in assignment (expression has type "bytes", variable has type "str")  [assignment]
(berkmancenter)mediacloud/mediacloud/mediawords/dbi/auth/password.py:96: error: Unsupported operand types for + ("str" and "bytes")  [operator]
(berkmancenter)mediacloud/mediacloud/mediawords/dbi/auth/password.py:99: error: Argument 1 to "update" of "_Hash" has incompatible type "str"; expected "Union[bytes, bytearray, memoryview]"  [arg-type]
(berkmancenter)mediacloud/tools/sitemap/stories_fetched_pages_stats.py:397: error: Need type annotation for 'result' (hint: "result: Set[<type>] = ...")  [var-annotated]
(berkmancenter)mediacloud/mediacloud/mediawords/tm/test_fetch_twitter_urls.py:35: error: Incompatible types in assignment (expression has type "int", variable has type "str")  [assignment]
(berkmancenter)mediacloud/mediacloud/mediawords/tm/test_fetch_twitter_urls.py:201: error: "join" of "Thread" does not return a value  [func-returns-value]
(berkmancenter)mediacloud/mediacloud/mediawords/tm/test_fetch_twitter_urls.py:251: error: Value of type "object" is not indexable  [index]
(berkmancenter)mediacloud/mediacloud/mediawords/tm/test_fetch_twitter_urls.py:253: error: Value of type "object" is not indexable  [index]
(berkmancenter)mediacloud/mediacloud/mediawords/tm/test_fetch_twitter_urls.py:267: error: Value of type "object" is not indexable  [index]
(berkmancenter)mediacloud/mediacloud/mediawords/tm/test_fetch_twitter_urls.py:268: error: Value of type "object" is not indexable  [index]
(berkmancenter)mediacloud/mediacloud/mediawords/tm/test_fetch_twitter_urls.py:269: error: Value of type "object" is not indexable  [index]
(berkmancenter)mediacloud/mediacloud/mediawords/tm/test_fetch_twitter_urls.py:308: error: "join" of "Thread" does not return a value  [func-returns-value]
(berkmancenter)mediacloud/mediacloud/mediawords/test/data.py:119: error: Need type annotation for 'data_dict' (hint: "data_dict: Dict[<type>, <type>] = ...")  [var-annotated]
(berkmancenter)mediacloud/mediacloud/mediawords/test/data.py:178: error: Module has no attribute "tz"  [attr-defined]
(berkmancenter)mediacloud/mediacloud/mediawords/test/data.py:180: error: Module has no attribute "tz"  [attr-defined]
(berkmancenter)mediacloud/mediacloud/mediawords/solr/run/zookeeper.py:214: error: Argument 2 to "signal" has incompatible type "Callable[[Optional[int], Optional[int]], None]"; expected "Union[Callable[[Signals, FrameType], None], int, Handlers, None]"  [arg-type]
(berkmancenter)mediacloud/mediacloud/mediawords/util/perl.py:31: error: Incompatible types in assignment (expression has type "List[<nothing>]", variable has type "Dict[Any, Any]")  [assignment]
(berkmancenter)mediacloud/mediacloud/mediawords/util/perl.py:34: error: "Dict[Any, Any]" has no attribute "append"  [attr-defined]
(berkmancenter)mediacloud/mediacloud/mediawords/util/perl.py:36: error: Incompatible types in assignment (expression has type "List[<nothing>]", variable has type "Dict[Any, Any]")  [assignment]
(berkmancenter)mediacloud/mediacloud/mediawords/util/perl.py:39: error: "Dict[Any, Any]" has no attribute "append"  [attr-defined]
(berkmancenter)mediacloud/mediacloud/mediawords/util/perl.py:40: error: Incompatible types in assignment (expression has type "Tuple[Any, ...]", variable has type "Dict[Any, Any]")  [assignment]
(berkmancenter)mediacloud/mediacloud/mediawords/util/perl.py:43: error: Incompatible types in assignment (expression has type "str", variable has type "Dict[Any, Any]")  [assignment]
(berkmancenter)mediacloud/mediacloud/mediawords/util/perl.py:45: error: Incompatible types in assignment (expression has type "Optional[str]", variable has type "Dict[Any, Any]")  [assignment]
(berkmancenter)mediacloud/mediacloud/mediawords/util/perl.py:87: error: Incompatible types in assignment (expression has type "Tuple[Any, ...]", variable has type "List[Any]")  [assignment]
(berkmancenter)mediacloud/mediacloud/mediawords/util/perl.py:88: error: Incompatible types in assignment (expression has type "Tuple[List[Any]]", variable has type "List[Any]")  [assignment]
(berkmancenter)mediacloud/mediacloud/mediawords/util/perl.py:113: error: Incompatible types in assignment (expression has type "Tuple[Any, ...]", variable has type "List[Any]")  [assignment]
(berkmancenter)mediacloud/mediacloud/mediawords/util/perl.py:142: error: Incompatible types in assignment (expression has type "Dict[str, Any]", variable has type "List[Any]")  [assignment]
(berkmancenter)mediacloud/mediacloud/mediawords/util/perl.py:163: error: Incompatible types in assignment (expression has type "Union[Dict[Any, Any], List[Any], Tuple[Any, ...], str, None]", variable has type "Union[List[Any], Tuple[Any, ...]]")  [assignment]
(berkmancenter)mediacloud/mediacloud/mediawords/util/perl.py:174: error: Incompatible types in assignment (expression has type "Union[Dict[Any, Any], List[Any], Tuple[Any, ...], str, None]", variable has type "List[Union[List[Any], Tuple[Any, ...]]]")  [assignment]
(berkmancenter)mediacloud/mediacloud/mediawords/util/perl.py:180: error: Incompatible types in assignment (expression has type "None", variable has type "List[Union[List[Any], Tuple[Any, ...]]]")  [assignment]
(berkmancenter)mediacloud/mediacloud/mediawords/util/perl.py:189: error: No overload variant of "split" matches argument types "str", "Union[List[Any], Tuple[Any, ...]]"  [call-overload]
(berkmancenter)mediacloud/mediacloud/mediawords/util/perl.py:189: note: Possible overload variants:
(berkmancenter)mediacloud/mediacloud/mediawords/util/perl.py:189: note:     def [AnyStr in (str, bytes)] split(pattern: AnyStr, string: AnyStr, maxsplit: int = ..., flags: Union[int, RegexFlag] = ...) -> List[AnyStr]
(berkmancenter)mediacloud/mediacloud/mediawords/util/perl.py:189: note:     def [AnyStr in (str, bytes)] split(pattern: Pattern[AnyStr], string: AnyStr, maxsplit: int = ..., flags: Union[int, RegexFlag] = ...) -> List[AnyStr]
(berkmancenter)mediacloud/mediacloud/mediawords/util/perl.py:256: error: Incompatible types in assignment (expression has type "str", variable has type "Union[List[Any], Tuple[Any, ...]]")  [assignment]
(berkmancenter)mediacloud/mediacloud/mediawords/util/log.py:57: error: Item "None" of "Optional[Logger]" has no attribute "error"  [union-attr]
(berkmancenter)mediacloud/mediacloud/mediawords/util/log.py:61: error: Item "None" of "Optional[Logger]" has no attribute "warning"  [union-attr]
(berkmancenter)mediacloud/mediacloud/mediawords/util/log.py:65: error: Item "None" of "Optional[Logger]" has no attribute "info"  [union-attr]
(berkmancenter)mediacloud/mediacloud/mediawords/util/log.py:69: error: Item "None" of "Optional[Logger]" has no attribute "debug"  [union-attr]
(berkmancenter)mediacloud/mediacloud/mediawords/util/colors.py:54: error: Argument "hue" to "shift_hue" has incompatible type "float"; expected "int"  [arg-type]
(berkmancenter)mediacloud/mediacloud/mediawords/util/twitter.py:138: error: Need type annotation for 'urls' (hint: "urls: List[<type>] = ...")  [var-annotated]
(berkmancenter)mediacloud/mediacloud/mediawords/util/extract_text.py:17: error: Need type annotation for '__module_version_cache' (hint: "__module_version_cache: Dict[<type>, <type>] = ...")  [var-annotated]
(berkmancenter)mediacloud/mediacloud/mediawords/db/result/result.py:112: error: Trying to read deleted variable 'ex'  [misc]
(berkmancenter)mediacloud/mediacloud/mediawords/db/result/result.py:142: error: Item "None" of "Optional[Any]" has no attribute "description"  [union-attr]
(berkmancenter)mediacloud/mediacloud/mediawords/db/result/result.py:148: error: Item "None" of "Optional[Any]" has no attribute "rowcount"  [union-attr]
(berkmancenter)mediacloud/mediacloud/mediawords/db/result/result.py:153: error: Item "None" of "Optional[Any]" has no attribute "fetchone"  [union-attr]
(berkmancenter)mediacloud/mediacloud/mediawords/db/result/result.py:159: error: Incompatible types in assignment (expression has type "None", variable has type "List[Any]")  [assignment]
(berkmancenter)mediacloud/mediacloud/mediawords/db/result/result.py:165: error: Item "None" of "Optional[Any]" has no attribute "fetchone"  [union-attr]
(berkmancenter)mediacloud/mediacloud/mediawords/db/result/result.py:171: error: Incompatible types in assignment (expression has type "None", variable has type "Dict[Any, Any]")  [assignment]
(berkmancenter)mediacloud/mediacloud/mediawords/db/result/result.py:177: error: Item "None" of "Optional[Any]" has no attribute "fetchall"  [union-attr]
(berkmancenter)mediacloud/mediacloud/mediawords/db/result/result.py:187: error: Item "None" of "Optional[Any]" has no attribute "fetchall"  [union-attr]
(berkmancenter)mediacloud/mediacloud/mediawords/dbi/stories/stories.py:64: error: Incompatible return value type (got "None", expected "bool")  [return-value]
(berkmancenter)mediacloud/mediacloud/mediawords/dbi/stories/stories.py:108: error: "insert_story_urls" does not return a value  [func-returns-value]
(berkmancenter)mediacloud/mediacloud/mediawords/dbi/stories/stories.py:112: error: Incompatible return value type (got "None", expected "bool")  [return-value]
(berkmancenter)mediacloud/mediacloud/mediawords/dbi/stories/stories.py:137: error: Incompatible return value type (got "bool", expected "Optional[Dict[Any, Any]]")  [return-value]
(berkmancenter)mediacloud/mediacloud/mediawords/dbi/stories/stories.py:163: error: "insert_story_urls" does not return a value  [func-returns-value]
(berkmancenter)mediacloud/mediacloud/mediawords/dbi/stories/stories.py:219: error: Incompatible types in assignment (expression has type "Optional[Dict[Any, Any]]", variable has type "Dict[Any, Any]")  [assignment]
(berkmancenter)mediacloud/mediacloud/mediawords/dbi/auth/user.py:52: error: Argument 1 to "int" has incompatible type "Optional[bool]"; expected "Union[str, bytes, SupportsInt, _SupportsIndex]"  [arg-type]
(berkmancenter)mediacloud/mediacloud/mediawords/dbi/auth/user.py:60: error: Incompatible return value type (got "Optional[str]", expected "str")  [return-value]
(berkmancenter)mediacloud/mediacloud/mediawords/dbi/auth/user.py:63: error: Incompatible return value type (got "Optional[str]", expected "str")  [return-value]
(berkmancenter)mediacloud/mediacloud/mediawords/dbi/auth/user.py:120: error: Incompatible return value type (got "Optional[str]", expected "str")  [return-value]
(berkmancenter)mediacloud/mediacloud/mediawords/dbi/auth/user.py:123: error: Incompatible return value type (got "Optional[str]", expected "str")  [return-value]
(berkmancenter)mediacloud/mediacloud/mediawords/dbi/auth/user.py:126: error: Incompatible return value type (got "Optional[List[int]]", expected "List[int]")  [return-value]
(berkmancenter)mediacloud/mediacloud/mediawords/dbi/auth/user.py:229: error: Incompatible return value type (got "Optional[str]", expected "str")  [return-value]
(berkmancenter)mediacloud/mediacloud/mediawords/story_vectors.py:83: error: Need type annotation for 'unique_sentence_lookup' (hint: "unique_sentence_lookup: Set[<type>] = ...")  [var-annotated]
(berkmancenter)mediacloud/mediacloud/mediawords/test/test_database.py:135: error: Argument "database_name" to "__kill_connections_to_database" of "TestDatabaseWithSchemaTestCase" has incompatible type "Optional[Any]"; expected "str"  [arg-type]
(berkmancenter)mediacloud/mediacloud/mediawords/util/test_twitter.py:161: error: Dict entry 0 has incompatible type "str": "Dict[str, List[Dict[str, str]]]"; expected "str": "List[Dict[str, str]]"  [dict-item]
(berkmancenter)mediacloud/mediacloud/mediawords/util/sql.py:30: error: Argument 1 to "parse" has incompatible type "Union[str, datetime]"; expected "Union[bytes, str, IO[str], IO[Any]]"  [arg-type]
(berkmancenter)mediacloud/mediacloud/mediawords/util/sql.py:41: error: Incompatible return value type (got "Union[str, datetime]", expected "str")  [return-value]
(berkmancenter)mediacloud/tools/sitemap/normalize_urls.py:19: error: Need type annotation for 'media_id_files' (hint: "media_id_files: Dict[<type>, <type>] = ...")  [var-annotated]
(berkmancenter)mediacloud/mediacloud/mediawords/util/config.py:15: error: Incompatible import of "Loader" (imported name has type "Type[Loader]", local name has type "Type[CLoader]")  [misc]
(berkmancenter)mediacloud/mediacloud/mediawords/util/config.py:38: error: Incompatible return value type (got "None", expected "Dict[Any, Any]")  [return-value]
(berkmancenter)mediacloud/mediacloud/mediawords/util/mail_message/templates.py:88: error: "Template" has no attribute "blocks"  [attr-defined]
(berkmancenter)mediacloud/mediacloud/mediawords/util/mail_message/templates.py:91: error: "Template" has no attribute "blocks"  [attr-defined]
(berkmancenter)mediacloud/mediacloud/mediawords/util/mail_message/templates.py:131: error: Dict entry 2 has incompatible type "str": "bool"; expected "str": "str"  [dict-item]
(berkmancenter)mediacloud/mediacloud/mediawords/test/test_hash_server.py:154: error: Missing return statement  [return]
(berkmancenter)mediacloud/mediacloud/mediawords/test/test_hash_server.py:206: error: Missing return statement  [return]
(berkmancenter)mediacloud/mediacloud/mediawords/util/web/user_agent/request/request.py:32: error: Need type annotation for '__headers' (hint: "__headers: Dict[<type>, <type>] = ...")  [var-annotated]
(berkmancenter)mediacloud/mediacloud/mediawords/util/web/user_agent/request/request.py:44: error: Argument "method" to "Request" has incompatible type "Optional[str]"; expected "str"  [arg-type]
(berkmancenter)mediacloud/mediacloud/mediawords/util/web/user_agent/request/request.py:59: error: Incompatible return value type (got "None", expected "str")  [return-value]
(berkmancenter)mediacloud/mediacloud/mediawords/util/web/user_agent/request/request.py:68: error: Incompatible types in assignment (expression has type "str", variable has type "None")  [assignment]
(berkmancenter)mediacloud/mediacloud/mediawords/util/web/user_agent/request/request.py:72: error: Incompatible return value type (got "None", expected "str")  [return-value]
(berkmancenter)mediacloud/mediacloud/mediawords/util/web/user_agent/request/request.py:88: error: Incompatible types in assignment (expression has type "str", variable has type "None")  [assignment]
(berkmancenter)mediacloud/mediacloud/mediawords/util/web/user_agent/request/request.py:130: error: Module has no attribute "parser"  [attr-defined]
(berkmancenter)mediacloud/mediacloud/mediawords/util/web/user_agent/request/request.py:162: error: Incompatible types in assignment (expression has type "bytes", variable has type "None")  [assignment]
(berkmancenter)mediacloud/mediacloud/mediawords/util/web/user_agent/request/request.py:178: error: Incompatible types in assignment (expression has type "str", variable has type "None")  [assignment]
(berkmancenter)mediacloud/mediacloud/mediawords/util/web/user_agent/request/request.py:191: error: Incompatible types in assignment (expression has type "str", variable has type "None")  [assignment]
(berkmancenter)mediacloud/mediacloud/mediawords/util/web/user_agent/response/response.py:46: error: Argument "max_size" to "__read_response_data" of "Response" has incompatible type "Optional[int]"; expected "int"  [arg-type]
(berkmancenter)mediacloud/mediacloud/mediawords/util/web/user_agent/response/response.py:161: error: Incompatible types in assignment (expression has type "None", variable has type "str")  [assignment]
(berkmancenter)mediacloud/mediacloud/mediawords/util/web/user_agent/response/response.py:171: error: Incompatible types in assignment (expression has type "None", variable has type "str")  [assignment]
(berkmancenter)mediacloud/mediacloud/mediawords/util/web/user_agent/response/response.py:223: error: Module has no attribute "parser"  [attr-defined]
(berkmancenter)mediacloud/mediacloud/mediawords/util/web/user_agent/response/response.py:249: error: Incompatible types in assignment (expression has type "Optional[Response]", variable has type "None")  [assignment]
(berkmancenter)mediacloud/mediacloud/mediawords/util/web/user_agent/response/response.py:265: error: Incompatible types in assignment (expression has type "Optional[Response]", variable has type "Response")  [assignment]
(berkmancenter)mediacloud/mediacloud/mediawords/util/mail.py:38: error: Need type annotation for 'to' (hint: "to: List[<type>] = ...")  [var-annotated]
(berkmancenter)mediacloud/mediacloud/mediawords/util/mail.py:39: error: Need type annotation for 'cc' (hint: "cc: List[<type>] = ...")  [var-annotated]
(berkmancenter)mediacloud/mediacloud/mediawords/util/mail.py:40: error: Need type annotation for 'bcc' (hint: "bcc: List[<type>] = ...")  [var-annotated]
Found 139 errors in 39 files (checked 180 source files)

[RRepo](TankerApp)tsrc
(TankerApp)tsrc/tsrc/cli/main.py:69: error: Module has no attribute "Error"  [attr-defined]
(TankerApp)tsrc/tsrc/cli/__init__.py:25: error: Module has no attribute "Error"  [attr-defined]
(TankerApp)tsrc/tsrc/cli/__init__.py:28: error: Name 'tsrc.Workspace' is not defined  [name-defined]
(TankerApp)tsrc/tsrc/cli/__init__.py:33: error: Module has no attribute "Workspace"  [attr-defined]
(TankerApp)tsrc/tsrc/github.py:14: error: Name 'tsrc.Error' is not defined  [name-defined]
(TankerApp)tsrc/tsrc/github.py:26: error: Module has no attribute "parse_tsrc_config"  [attr-defined]
(TankerApp)tsrc/tsrc/github.py:58: error: Module has no attribute "get_tsrc_config_path"  [attr-defined]
(TankerApp)tsrc/tsrc/github.py:60: error: Module has no attribute "parse_tsrc_config"  [attr-defined]
(TankerApp)tsrc/tsrc/github.py:62: error: Module has no attribute "Config"  [attr-defined]
(TankerApp)tsrc/tsrc/github.py:69: error: Module has no attribute "dump_tsrc_config"  [attr-defined]
(TankerApp)tsrc/tsrc/manifest.py:18: error: Name 'tsrc.Error' is not defined  [name-defined]
(TankerApp)tsrc/tsrc/manifest.py:25: error: Name 'tsrc.Repo' is not defined  [name-defined]
(TankerApp)tsrc/tsrc/manifest.py:28: error: Name 'tsrc.GroupList' is not defined  [name-defined]
(TankerApp)tsrc/tsrc/manifest.py:47: error: Module has no attribute "Remote"  [attr-defined]
(TankerApp)tsrc/tsrc/manifest.py:51: error: Module has no attribute "Repo"  [attr-defined]
(TankerApp)tsrc/tsrc/manifest.py:56: error: Name 'tsrc.Remote' is not defined  [name-defined]
(TankerApp)tsrc/tsrc/manifest.py:58: error: Name 'tsrc.Remote' is not defined  [name-defined]
(TankerApp)tsrc/tsrc/manifest.py:61: error: Module has no attribute "Remote"  [attr-defined]
(TankerApp)tsrc/tsrc/manifest.py:77: error: Module has no attribute "GroupList"  [attr-defined]
(TankerApp)tsrc/tsrc/manifest.py:84: error: Name 'tsrc.Repo' is not defined  [name-defined]
(TankerApp)tsrc/tsrc/manifest.py:100: error: Name 'tsrc.Repo' is not defined  [name-defined]
(TankerApp)tsrc/tsrc/manifest.py:108: error: Name 'tsrc.Repo' is not defined  [name-defined]
(TankerApp)tsrc/tsrc/manifest.py:144: error: Module has no attribute "parse_config"  [attr-defined]
(TankerApp)tsrc/tsrc/git.py:14: error: Name 'tsrc.Error' is not defined  [name-defined]
(TankerApp)tsrc/tsrc/executor.py:15: error: Name 'tsrc.Error' is not defined  [name-defined]
(TankerApp)tsrc/tsrc/executor.py:44: error: Name 'tsrc.Error' is not defined  [name-defined]
(TankerApp)tsrc/tsrc/executor.py:76: error: Module has no attribute "Error"  [attr-defined]
(TankerApp)tsrc/tsrc/test/test_groups.py:7: error: Module has no attribute "GroupList"  [attr-defined]
(TankerApp)tsrc/tsrc/test/test_groups.py:15: error: Module has no attribute "GroupList"  [attr-defined]
(TankerApp)tsrc/tsrc/test/test_groups.py:20: error: Module has no attribute "GroupList"  [attr-defined]
(TankerApp)tsrc/tsrc/test/test_groups.py:21: error: Module has no attribute "UnknownGroupElement"  [attr-defined]
(TankerApp)tsrc/tsrc/test/test_groups.py:28: error: Module has no attribute "GroupList"  [attr-defined]
(TankerApp)tsrc/tsrc/test/test_groups.py:31: error: Module has no attribute "GroupNotFound"  [attr-defined]
(TankerApp)tsrc/tsrc/test/test_groups.py:38: error: Module has no attribute "GroupList"  [attr-defined]
(TankerApp)tsrc/tsrc/test/test_groups.py:48: error: Module has no attribute "GroupList"  [attr-defined]
(TankerApp)tsrc/tsrc/test/test_groups.py:56: error: Module has no attribute "GroupList"  [attr-defined]
(TankerApp)tsrc/tsrc/test/test_groups.py:65: error: Module has no attribute "GroupList"  [attr-defined]
(TankerApp)tsrc/tsrc/test/test_groups.py:67: error: Module has no attribute "GroupNotFound"  [attr-defined]
(TankerApp)tsrc/tsrc/test/test_executor.py:7: error: Name 'tsrc.Error' is not defined  [name-defined]
(TankerApp)tsrc/tsrc/test/test_executor.py:12: error: Name 'tsrc.Task' is not defined  [name-defined]
(TankerApp)tsrc/tsrc/test/test_executor.py:32: error: Module has no attribute "run_sequence"  [attr-defined]
(TankerApp)tsrc/tsrc/test/test_executor.py:37: error: Module has no attribute "run_sequence"  [attr-defined]
(TankerApp)tsrc/tsrc/test/test_executor.py:42: error: Module has no attribute "ExecutorFailed"  [attr-defined]
(TankerApp)tsrc/tsrc/test/test_executor.py:43: error: Module has no attribute "run_sequence"  [attr-defined]
(TankerApp)tsrc/tsrc/test/conftest.py:27: error: Name 'tsrc.Workspace' is not defined  [name-defined]
(TankerApp)tsrc/tsrc/test/conftest.py:28: error: Module has no attribute "Workspace"  [attr-defined]

[RRepo](PennyDreadfulMTG)Penny-Dreadful-Tools
(PennyDreadfulMTG)Penny-Dreadful-Tools/shared/redis.py:6: error: No parent module -- cannot perform relative import  [misc]
Found 1 error in 1 file (checked 169 source files)

[RRepo](rhinstaller)anaconda
(rhinstaller)anaconda/tests/gui/test_reclaim.py:18: error: No parent module -- cannot perform relative import  [misc]
Found 1 error in 1 file (checked 276 source files)

[RRepo](chengsoonong)acton
(chengsoonong)acton/acton/proto/io.py:14: error: Name 'Protobuf' is not defined  [name-defined]
(chengsoonong)acton/acton/proto/io.py:72: error: Name 'Protobuf' is not defined  [name-defined]
(chengsoonong)acton/acton/proto/io.py:133: error: Invalid type comment or annotation  [valid-type]
(chengsoonong)acton/acton/proto/io.py:171: error: Invalid type comment or annotation  [valid-type]
(chengsoonong)acton/acton/labellers.py:133: error: Argument 1 of "query" is incompatible with supertype "Labeller"; supertype defines the argument type as "int"  [override]
(chengsoonong)acton/docs/conf.py:220: error: Need type annotation for 'latex_elements' (hint: "latex_elements: Dict[<type>, <type>] = ...")  [var-annotated]
(chengsoonong)acton/tests/test_proto_io.py:40: error: The return type of a generator function should be "Generator" or one of its supertypes  [misc]
(chengsoonong)acton/acton/cli.py:53: error: On Python 3 '{}'.format(b'abc') produces "b'abc'"; use !r if this is a desired behavior  [str-bytes-safe]
(chengsoonong)acton/acton/cli.py:54: error: Argument 1 to "read_bytes_from_buffer" has incompatible type "bytes"; expected "int"  [arg-type]
(chengsoonong)acton/acton/cli.py:66: error: On Python 3 '{}'.format(b'abc') produces "b'abc'"; use !r if this is a desired behavior  [str-bytes-safe]
(chengsoonong)acton/acton/cli.py:301: error: Need type annotation for 'labelled_ids' (hint: "labelled_ids: List[<type>] = ...")  [var-annotated]
(chengsoonong)acton/acton/plot.py:24: error: Argument 1 to "len" has incompatible type "Iterable[Any]"; expected "Sized"  [arg-type]
(chengsoonong)acton/acton/plot.py:44: error: "Iterator[Any]" has no attribute "shape"  [attr-defined]
(chengsoonong)acton/acton/plot.py:45: error: Value of type "Iterator[Any]" is not indexable  [index]
(chengsoonong)acton/acton/plot.py:47: error: "Iterator[Any]" has no attribute "argmax"  [attr-defined]
Found 15 errors in 6 files (checked 14 source files)

[RRepo](rachekalmir)pyJolt
(rachekalmir)pyJolt/pyjolt/transforms/shiftr.py:55: error: Item "None" of "Optional[Match[Any]]" has no attribute "groups"  [union-attr]
(rachekalmir)pyJolt/pyjolt/transforms/shiftr.py:72: error: Argument 2 to "get_operator_value" has incompatible type "None"; expected "TreeManager"  [arg-type]
(rachekalmir)pyJolt/pyjolt/transforms/shiftr.py:146: error: Need type annotation for 'process_queue'  [var-annotated]
(rachekalmir)pyJolt/pyjolt/transforms/shiftr.py:156: error: Name 'spec' already defined on line 143  [no-redef]
(rachekalmir)pyJolt/pyjolt/transforms/shiftr.py:156: error: Name 'data' already defined on line 143  [no-redef]
(rachekalmir)pyJolt/pyjolt/transforms/shiftr.py:159: error: "Dict[Any, Any]" has no attribute "value"; maybe "values"?  [attr-defined]
(rachekalmir)pyJolt/pyjolt/transforms/shiftr.py:175: error: "Dict[Any, Any]" has no attribute "path"  [attr-defined]
(rachekalmir)pyJolt/pyjolt/transforms/shiftr.py:175: error: Argument 1 to "process_sub_amp" has incompatible type "Dict[Any, Any]"; expected "TreeManager"  [arg-type]
(rachekalmir)pyJolt/pyjolt/transforms/shiftr.py:177: error: Argument 1 to "process_sub_amp" has incompatible type "Dict[Any, Any]"; expected "TreeManager"  [arg-type]
(rachekalmir)pyJolt/pyjolt/transforms/shiftr.py:179: error: "Dict[Any, Any]" has no attribute "value"; maybe "values"?  [attr-defined]
(rachekalmir)pyJolt/pyjolt/transforms/shiftr.py:180: error: Argument 1 to "process_rhs" has incompatible type "Dict[Any, Any]"; expected "TreeManager"  [arg-type]
(rachekalmir)pyJolt/pyjolt/transforms/shiftr.py:185: error: "Dict[Any, Any]" has no attribute "path"  [attr-defined]
(rachekalmir)pyJolt/pyjolt/transforms/shiftr.py:189: error: Argument 1 to "process_sub_amp" has incompatible type "Dict[Any, Any]"; expected "TreeManager"  [arg-type]
(rachekalmir)pyJolt/pyjolt/transforms/shiftr.py:189: error: Argument 2 to "process_sub_amp" has incompatible type "Dict[Any, Any]"; expected "TreeManager"  [arg-type]
(rachekalmir)pyJolt/pyjolt/transforms/shiftr.py:197: error: "Dict[Any, Any]" has no attribute "value"; maybe "values"?  [attr-defined]
(rachekalmir)pyJolt/pyjolt/transforms/shiftr.py:198: error: Argument 1 to "process_rhs" has incompatible type "Dict[Any, Any]"; expected "TreeManager"  [arg-type]
(rachekalmir)pyJolt/pyjolt/transforms/shiftr.py:200: error: "Dict[Any, Any]" has no attribute "value"; maybe "values"?  [attr-defined]
(rachekalmir)pyJolt/pyjolt/transforms/shiftr.py:201: error: Argument 1 to "process_rhs" has incompatible type "Dict[Any, Any]"; expected "TreeManager"  [arg-type]
(rachekalmir)pyJolt/pyjolt/transforms/shiftr.py:201: error: "Dict[Any, Any]" has no attribute "value"; maybe "values"?  [attr-defined]

[RRepo](blockauth)smart-contract
Success: no issues found in 1 source file

[RRepo](spectra-cluster)spectra-cluster-py
(spectra-cluster)spectra-cluster-py/spectra_cluster/clustering_parser.py:8: error: No parent module -- cannot perform relative import  [misc]
Found 1 error in 1 file (checked 32 source files)

[RRepo](Aluriak)PowerGrASP
(Aluriak)PowerGrASP/powergrasp/__main__.py:5: error: No parent module -- cannot perform relative import  [misc]
Found 1 error in 1 file (checked 16 source files)

[RRepo](alexbielen)chainsmoke
(alexbielen)chainsmoke/chainsmoke/decide.py:39: error: Name 'Decision' already defined on line 28  [no-redef]
(alexbielen)chainsmoke/chainsmoke/decide.py:73: error: Item "Decision" of "Union[Decision, Action]" has no attribute "next"  [union-attr]
(alexbielen)chainsmoke/chainsmoke/decide.py:73: error: Item "Action" of "Union[Decision, Action]" has no attribute "next"  [union-attr]
(alexbielen)chainsmoke/chainsmoke/decide.py:76: error: Name 'Action' already defined on line 32  [no-redef]

[RRepo](JZQT)aioqiniu
(JZQT)aioqiniu/tests/services/test_storage.py:9: error: Relative import climbs too many namespaces  [misc]
Found 1 error in 1 file (checked 8 source files)

[RRepo](petervaro)cutils
(petervaro)cutils/internal/singly_linked_list.py:34: error: Module 'types' has no attribute 'C_TYPES'  [attr-defined]
(petervaro)cutils/internal/dynamic_array.py:34: error: Module 'types' has no attribute 'C_TYPES'  [attr-defined]
(petervaro)cutils/pycutils/cutils/cenv.py:143: error: Incompatible types in assignment (expression has type "Tuple[]", variable has type "List[str]")  [assignment]
(petervaro)cutils/pycutils/cutils/cenv.py:156: error: Argument 1 to "join" of "str" has incompatible type "StackSummary"; expected "Iterable[str]"  [arg-type]
(petervaro)cutils/pycutils/cutils/cenv.py:156: note: Following member(s) of "StackSummary" have conflicts:
(petervaro)cutils/pycutils/cutils/cenv.py:156: note:     Expected:
(petervaro)cutils/pycutils/cutils/cenv.py:156: note:         def __iter__(self) -> Iterator[str]
(petervaro)cutils/pycutils/cutils/cenv.py:156: note:     Got:
(petervaro)cutils/pycutils/cutils/cenv.py:156: note:         def __iter__(self) -> Iterator[FrameSummary]
(petervaro)cutils/internal/static_hash_map.py:35: error: Module 'types' has no attribute 'C_TYPES'  [attr-defined]
(petervaro)cutils/pycutils/cutils/cver.py:86: error: Name 'fodler' is not defined  [name-defined]
(petervaro)cutils/internal/convert.py:42: error: "object" has no attribute "items"  [attr-defined]
(petervaro)cutils/internal/convert.py:43: error: Unsupported target for indexed assignment  [index]
(petervaro)cutils/internal/convert.py:45: error: Unsupported target for indexed assignment  [index]
(petervaro)cutils/internal/convert.py:45: error: "object" has no attribute "pop"  [attr-defined]
(petervaro)cutils/internal/convert.py:63: error: Too many arguments for "dict_to_plist"  [call-arg]
Found 11 errors in 6 files (checked 14 source files)

[RRepo](mayfield)shellish
(mayfield)shellish/shellish/session.py:15: error: No parent module -- cannot perform relative import  [misc]
Found 1 error in 1 file (checked 31 source files)

[RRepo](philiplessner)USPTOAPI
Success: no issues found in 5 source files

[RRepo](status-im)status-network-token
Success: no issues found in 1 source file

[RRepo](Ulauncher)Ulauncher
(Ulauncher)Ulauncher/ulauncher/utils/mypy_extensions.py:14: error: Module 'mypy_extensions' has no attribute 'TypedDict'; maybe "_TypedDict"?  [attr-defined]
(Ulauncher)Ulauncher/ulauncher/utils/mypy_extensions.py:14: error: Module 'mypy_extensions' has no attribute 'TypedDict'; maybe "_TypedDict"?  [attr-defined]
Found 2 errors in 1 file (checked 146 source files)

[RRepo](mitmedialab)MediaCloud-Web-Tools
(mitmedialab)MediaCloud-Web-Tools/server/views/sources/words.py:4: error: Module 'server.views' has no attribute 'WORD_COUNT_SAMPLE_SIZE'  [attr-defined]
(mitmedialab)MediaCloud-Web-Tools/server/views/sources/words.py:4: error: Module 'server.views' has no attribute 'WORD_COUNT_UI_NUM_WORDS'  [attr-defined]
(mitmedialab)MediaCloud-Web-Tools/server/views/sources/words.py:4: error: Module 'server.views' has no attribute 'WORD_COUNT_DOWNLOAD_NUM_WORDS'  [attr-defined]
(mitmedialab)MediaCloud-Web-Tools/server/views/sources/suggestions.py:55: error: Not all arguments converted during string formatting  [str-format]
(mitmedialab)MediaCloud-Web-Tools/server/views/explorer/apicache.py:10: error: Module 'server.views' has no attribute 'TAG_SAMPLE_SIZE'  [attr-defined]
(mitmedialab)MediaCloud-Web-Tools/server/views/explorer/apicache.py:10: error: Module 'server.views' has no attribute 'TAG_COUNT_SAMPLE_SIZE'  [attr-defined]
(mitmedialab)MediaCloud-Web-Tools/server/util/pushshift.py:62: error: No overload variant of "int" matches argument type "datetime"  [call-overload]
(mitmedialab)MediaCloud-Web-Tools/server/util/pushshift.py:62: note: Possible overload variant:
(mitmedialab)MediaCloud-Web-Tools/server/util/pushshift.py:62: note:     def int(self, x: Union[str, bytes, SupportsInt, _SupportsIndex] = ...) -> int
(mitmedialab)MediaCloud-Web-Tools/server/util/pushshift.py:62: note:     <1 more non-matching overload not shown>
(mitmedialab)MediaCloud-Web-Tools/server/views/sources/apicache.py:9: error: Module 'server.views.sources' has no attribute 'FEATURED_COLLECTION_LIST'  [attr-defined]
(mitmedialab)MediaCloud-Web-Tools/server/views/explorer/tags.py:9: error: Module 'server.views' has no attribute 'TAG_COUNT_DOWNLOAD_LENGTH'  [attr-defined]
(mitmedialab)MediaCloud-Web-Tools/server/views/explorer/words.py:7: error: Module 'server.views' has no attribute 'WORD_COUNT_SAMPLE_SIZE'  [attr-defined]
(mitmedialab)MediaCloud-Web-Tools/server/views/explorer/words.py:7: error: Module 'server.views' has no attribute 'WORD_COUNT_DOWNLOAD_NUM_WORDS'  [attr-defined]
(mitmedialab)MediaCloud-Web-Tools/server/views/explorer/words.py:7: error: Module 'server.views' has no attribute 'WORD_COUNT_UI_NUM_WORDS'  [attr-defined]
(mitmedialab)MediaCloud-Web-Tools/server/views/topics/foci/mediatype.py:6: error: Module 'server.views' has no attribute 'TAG_COUNT_SAMPLE_SIZE'  [attr-defined]
(mitmedialab)MediaCloud-Web-Tools/server/views/topics/foci/mediatype.py:10: error: Module 'server.views.topics.foci' has no attribute 'FOCAL_TECHNIQUE_BOOLEAN_QUERY'  [attr-defined]
(mitmedialab)MediaCloud-Web-Tools/server/views/topics/foci/nyttheme.py:6: error: Module 'server.views' has no attribute 'TAG_COUNT_SAMPLE_SIZE'  [attr-defined]
(mitmedialab)MediaCloud-Web-Tools/server/views/topics/foci/nyttheme.py:11: error: Module 'server.views.topics.foci' has no attribute 'FOCAL_TECHNIQUE_BOOLEAN_QUERY'  [attr-defined]
(mitmedialab)MediaCloud-Web-Tools/server/views/topics/foci/topcountries.py:10: error: Module 'server.views.topics.foci' has no attribute 'FOCAL_TECHNIQUE_BOOLEAN_QUERY'  [attr-defined]
(mitmedialab)MediaCloud-Web-Tools/server/views/topics/foci/retweetpartisanship.py:11: error: Module 'server.views.topics.foci' has no attribute 'FOCAL_TECHNIQUE_BOOLEAN_QUERY'  [attr-defined]
(mitmedialab)MediaCloud-Web-Tools/server/views/media_picker.py:12: error: Module 'server.views.sources' has no attribute 'FEATURED_COLLECTION_LIST'  [attr-defined]
(mitmedialab)MediaCloud-Web-Tools/server/views/topics/story.py:10: error: Module 'server.views' has no attribute 'WORD_COUNT_DOWNLOAD_NUM_WORDS'  [attr-defined]
(mitmedialab)MediaCloud-Web-Tools/server/views/topics/story.py:10: error: Module 'server.views' has no attribute 'WORD_COUNT_DOWNLOAD_SAMPLE_SIZE'  [attr-defined]
(mitmedialab)MediaCloud-Web-Tools/server/views/topics/words.py:6: error: Module 'server.views' has no attribute 'WORD_COUNT_DOWNLOAD_NUM_WORDS'  [attr-defined]
(mitmedialab)MediaCloud-Web-Tools/server/views/topics/words.py:6: error: Module 'server.views' has no attribute 'WORD_COUNT_SAMPLE_SIZE'  [attr-defined]
(mitmedialab)MediaCloud-Web-Tools/server/views/topics/words.py:6: error: Module 'server.views' has no attribute 'WORD_COUNT_DOWNLOAD_SAMPLE_SIZE'  [attr-defined]
(mitmedialab)MediaCloud-Web-Tools/server/views/topics/words.py:6: error: Module 'server.views' has no attribute 'WORD_COUNT_UI_NUM_WORDS'  [attr-defined]
(mitmedialab)MediaCloud-Web-Tools/server/views/topics/media.py:8: error: Module 'server.views' has no attribute 'WORD_COUNT_DOWNLOAD_NUM_WORDS'  [attr-defined]
(mitmedialab)MediaCloud-Web-Tools/server/views/topics/media.py:8: error: Module 'server.views' has no attribute 'WORD_COUNT_DOWNLOAD_SAMPLE_SIZE'  [attr-defined]

[RRepo](Svolcano)python_exercise
(Svolcano)python_exercise/WinLsLoad/SvrConfig.py:22: error: invalid syntax  [syntax]
Found 1 error in 1 file (checked 211 source files)

[RRepo](actionless)oomox
Success: no issues found in 19 source files

[RRepo](morganbengtsson)microreader
(morganbengtsson)microreader/favicon.py:5: error: Module 'urllib.request' has no attribute 'urlparse'  [attr-defined]
(morganbengtsson)microreader/favicon.py:8: error: Name 'Request' already defined (possibly by an import)  [no-redef]
(morganbengtsson)microreader/favicon.py:8: error: Name 'urlopen' already defined (possibly by an import)  [no-redef]
(morganbengtsson)microreader/favicon.py:9: error: Module 'urllib' has no attribute 'urlretrieve'  [attr-defined]
(morganbengtsson)microreader/favicon.py:9: error: Name 'urlretrieve' already defined (possibly by an import)  [no-redef]
(morganbengtsson)microreader/models.py:12: error: Name 'SqliteDatabase' is not defined  [name-defined]
(morganbengtsson)microreader/models.py:33: error: Name 'Model' is not defined  [name-defined]
(morganbengtsson)microreader/models.py:38: error: Name 'TextField' is not defined  [name-defined]
(morganbengtsson)microreader/models.py:39: error: Name 'DateTimeField' is not defined  [name-defined]
(morganbengtsson)microreader/models.py:40: error: Name 'DateTimeField' is not defined  [name-defined]
(morganbengtsson)microreader/models.py:41: error: Name 'TextField' is not defined  [name-defined]
(morganbengtsson)microreader/models.py:42: error: Name 'TextField' is not defined  [name-defined]
(morganbengtsson)microreader/models.py:43: error: Name 'IntegerField' is not defined  [name-defined]
(morganbengtsson)microreader/models.py:44: error: Name 'IntegerField' is not defined  [name-defined]
(morganbengtsson)microreader/models.py:131: error: Name 'TextField' is not defined  [name-defined]
(morganbengtsson)microreader/models.py:132: error: Name 'TextField' is not defined  [name-defined]
(morganbengtsson)microreader/models.py:133: error: Name 'TextField' is not defined  [name-defined]
(morganbengtsson)microreader/models.py:134: error: Name 'TextField' is not defined  [name-defined]
(morganbengtsson)microreader/models.py:135: error: Name 'TextField' is not defined  [name-defined]
(morganbengtsson)microreader/models.py:136: error: Name 'BooleanField' is not defined  [name-defined]
(morganbengtsson)microreader/models.py:137: error: Name 'BooleanField' is not defined  [name-defined]
(morganbengtsson)microreader/models.py:138: error: Name 'BooleanField' is not defined  [name-defined]
(morganbengtsson)microreader/models.py:139: error: Name 'ForeignKeyField' is not defined  [name-defined]
(morganbengtsson)microreader/models.py:140: error: Name 'DateTimeField' is not defined  [name-defined]
(morganbengtsson)microreader/models.py:141: error: Name 'DateTimeField' is not defined  [name-defined]
(morganbengtsson)microreader/microreader.py:7: error: Name 'urlunsplit' already defined (possibly by an import)  [no-redef]
(morganbengtsson)microreader/microreader.py:8: error: Module 'urllib' has no attribute 'urlencode'  [attr-defined]
(morganbengtsson)microreader/microreader.py:8: error: Name 'urlencode' already defined (possibly by an import)  [no-redef]
(morganbengtsson)microreader/microreader.py:53: error: Name 'favicon' already defined (by an import)  [no-redef]
(morganbengtsson)microreader/microreader.py:61: error: Name 'DateField' is not defined  [name-defined]
(morganbengtsson)microreader/microreader.py:137: error: Incompatible types in assignment (expression has type "str", target has type "List[Any]")  [assignment]
(morganbengtsson)microreader/microreader.py:139: error: Incompatible types in assignment (expression has type "Optional[str]", target has type "List[Any]")  [assignment]
(morganbengtsson)microreader/microreader.py:142: error: Incompatible return value type (got "Dict[str, List[Any]]", expected "str")  [return-value]
(morganbengtsson)microreader/microreader.py:154: error: Incompatible return value type (got "Dict[str, Any]", expected "str")  [return-value]
(morganbengtsson)microreader/microreader.py:176: error: Incompatible return value type (got "Dict[str, Any]", expected "str")  [return-value]
(morganbengtsson)microreader/microreader.py:185: error: Incompatible return value type (got "Dict[str, Any]", expected "str")  [return-value]
(morganbengtsson)microreader/microreader.py:255: error: Name 'update_channels' already defined on line 243  [no-redef]
Found 37 errors in 3 files (checked 3 source files)

[RRepo](RIP95)kurisu-bot
(RIP95)kurisu-bot/addons/checks/checks.py:2: error: Module 'addons.checks' has no attribute 'errors'  [attr-defined]

[RRepo](angstromctf)djangoctf
(angstromctf)djangoctf/api/serializers.py:8: error: No parent module -- cannot perform relative import  [misc]
Found 1 error in 1 file (checked 11 source files)

[RRepo](Pittsburgh-NEH-Institute)Institute-Materials-2017
(Pittsburgh-NEH-Institute)Institute-Materials-2017/schedule/week_2/collation_with_markup/xml_and_python.py:70: error: Name 'collate' is not defined  [name-defined]
(Pittsburgh-NEH-Institute)Institute-Materials-2017/schedule/week_2/collation_with_markup/xml_and_python.py:71: error: Name 'collate' is not defined  [name-defined]
(Pittsburgh-NEH-Institute)Institute-Materials-2017/schedule/week_2/collation_with_markup/xml_and_python.py:74: error: Name 'collate' is not defined  [name-defined]
(Pittsburgh-NEH-Institute)Institute-Materials-2017/schedule/week_2/collation_with_markup/xml_and_python.py:75: error: Name 'collate' is not defined  [name-defined]
(Pittsburgh-NEH-Institute)Institute-Materials-2017/schedule/week_2/collation_with_markup/xml_and_python.py:76: error: Name 'collate' is not defined  [name-defined]
Found 5 errors in 1 file (checked 12 source files)

[RRepo](Nic30)hwtLib
(Nic30)hwtLib/hwtLib/amba/axis_comp/frameForge.py:82: error: Need type annotation for '_tmpRegsForSelect' (hint: "_tmpRegsForSelect: Dict[<type>, <type>] = ...")  [var-annotated]
(Nic30)hwtLib/hwtLib/amba/axis_comp/frameForge.py:200: error: Argument 1 to "len" has incompatible type "Optional[List[Any]]"; expected "Sized"  [arg-type]
(Nic30)hwtLib/hwtLib/amba/axis_comp/frameParser_utils.py:20: error: Argument 1 to "getAckOfOthers" has incompatible type "InNodeInfo"; expected "OutNodeInfo"  [arg-type]
(Nic30)hwtLib/hwtLib/amba/axis_comp/frameParser_utils.py:135: error: Need type annotation for 'words' (hint: "words: List[<type>] = ...")  [var-annotated]
(Nic30)hwtLib/hwtLib/abstract/busInterconnect.py:53: error: Unsupported operand types for % ("AUTO_ADDR" and "int")  [operator]
(Nic30)hwtLib/hwtLib/abstract/busInterconnect.py:53: note: Left operand is of type "Union[int, AUTO_ADDR]"
(Nic30)hwtLib/hwtLib/abstract/busInterconnect.py:57: error: Unsupported operand types for + ("AUTO_ADDR" and "int")  [operator]
(Nic30)hwtLib/hwtLib/abstract/busInterconnect.py:57: note: Left operand is of type "Union[int, AUTO_ADDR]"
(Nic30)hwtLib/hwtLib/abstract/busInterconnect.py:65: error: Unsupported operand types for >= ("int" and "AUTO_ADDR")  [operator]
(Nic30)hwtLib/hwtLib/abstract/busInterconnect.py:65: note: Right operand is of type "Union[int, AUTO_ADDR]"
(Nic30)hwtLib/hwtLib/abstract/busInterconnect.py:67: error: Incompatible types in string interpolation (expression has type "AUTO_ADDR", placeholder has type "int")  [str-format]
(Nic30)hwtLib/hwtLib/abstract/busInterconnect.py:68: error: Unsupported operand types for + ("AUTO_ADDR" and "int")  [operator]
(Nic30)hwtLib/hwtLib/abstract/busInterconnect.py:68: note: Left operand is of type "Union[int, AUTO_ADDR]"
(Nic30)hwtLib/hwtLib/logic/crcComb.py:116: error: Incompatible return value type (got "Tuple[List[Any], int]", expected "List[int]")  [return-value]
(Nic30)hwtLib/hwtLib/logic/crcComb.py:161: error: Incompatible return value type (got "deque[List[List[int]]]", expected "List[Tuple[List[bool], List[bool]]]")  [return-value]
(Nic30)hwtLib/hwtLib/amba/axiLite_comp/endpoint_arr_test.py:195: error: Module has no attribute "makeSuite"  [attr-defined]
(Nic30)hwtLib/hwtLib/amba/axiLite_comp/endpoint_arr_test.py:196: error: Module has no attribute "makeSuite"  [attr-defined]
(Nic30)hwtLib/hwtLib/amba/axiLite_comp/endpoint_arr_test.py:197: error: Module has no attribute "makeSuite"  [attr-defined]
(Nic30)hwtLib/hwtLib/amba/axiLite_comp/endpoint_arr_test.py:198: error: Module has no attribute "makeSuite"  [attr-defined]
(Nic30)hwtLib/hwtLib/amba/axiLite_comp/endpoint_arr_test.py:199: error: Module has no attribute "makeSuite"  [attr-defined]
(Nic30)hwtLib/hwtLib/amba/axiLite_comp/endpoint_fromInterfaces_test.py:347: error: Module has no attribute "makeSuite"  [attr-defined]
(Nic30)hwtLib/hwtLib/amba/axiLite_comp/endpoint_fromInterfaces_test.py:348: error: Module has no attribute "makeSuite"  [attr-defined]
(Nic30)hwtLib/hwtLib/amba/axiLite_comp/endpoint_struct_test.py:199: error: Module has no attribute "makeSuite"  [attr-defined]
(Nic30)hwtLib/hwtLib/amba/axiLite_comp/endpoint_struct_test.py:200: error: Module has no attribute "makeSuite"  [attr-defined]
(Nic30)hwtLib/hwtLib/amba/interconnect/wStrictOrderComplex_test.py:115: error: Module has no attribute "makeSuite"  [attr-defined]
(Nic30)hwtLib/hwtLib/amba/interconnect/wStrictOrder_test.py:230: error: Module has no attribute "makeSuite"  [attr-defined]
(Nic30)hwtLib/hwtLib/amba/interconnect/wStrictOrder_test.py:231: error: Module has no attribute "makeSuite"  [attr-defined]
(Nic30)hwtLib/hwtLib/amba/interconnect/rStrictOrder_test.py:148: error: Module has no attribute "makeSuite"  [attr-defined]
(Nic30)hwtLib/hwtLib/amba/axis_comp/frameGen_test.py:68: error: Module has no attribute "makeSuite"  [attr-defined]
(Nic30)hwtLib/hwtLib/amba/axis_comp/en_test.py:85: error: Module has no attribute "makeSuite"  [attr-defined]
(Nic30)hwtLib/hwtLib/amba/axis_comp/frameParser_test.py:284: error: Module has no attribute "makeSuite"  [attr-defined]
(Nic30)hwtLib/hwtLib/amba/axis_comp/localLinkConv_test.py:65: error: Module has no attribute "makeSuite"  [attr-defined]
(Nic30)hwtLib/hwtLib/amba/axis_comp/measuringFifo_test.py:268: error: Module has no attribute "makeSuite"  [attr-defined]
(Nic30)hwtLib/hwtLib/amba/axis_comp/storedBurst_test.py:40: error: Module has no attribute "makeSuite"  [attr-defined]
(Nic30)hwtLib/hwtLib/amba/axi_comp/axi4_wDatapump_test.py:309: error: Module has no attribute "makeSuite"  [attr-defined]
(Nic30)hwtLib/hwtLib/amba/axi_comp/axi4_wDatapump_test.py:310: error: Module has no attribute "makeSuite"  [attr-defined]
(Nic30)hwtLib/hwtLib/amba/axi_comp/axi4_wDatapump_test.py:311: error: Module has no attribute "makeSuite"  [attr-defined]
(Nic30)hwtLib/hwtLib/amba/axi_comp/tester_test.py:175: error: Module has no attribute "makeSuite"  [attr-defined]
(Nic30)hwtLib/hwtLib/amba/axi_comp/axi4_rDatapump_test.py:381: error: Module has no attribute "makeSuite"  [attr-defined]
(Nic30)hwtLib/hwtLib/amba/axi_comp/axi4_rDatapump_test.py:382: error: Module has no attribute "makeSuite"  [attr-defined]
(Nic30)hwtLib/hwtLib/amba/axi_comp/axi4_streamToMem_test.py:61: error: Module has no attribute "makeSuite"  [attr-defined]
(Nic30)hwtLib/hwtLib/amba/axi_test.py:32: error: Module has no attribute "makeSuite"  [attr-defined]
(Nic30)hwtLib/hwtLib/amba/axi_ag_test.py:160: error: Module has no attribute "makeSuite"  [attr-defined]
(Nic30)hwtLib/hwtLib/tests/types/signedArithmetic_test.py:306: error: Module has no attribute "makeSuite"  [attr-defined]
(Nic30)hwtLib/hwtLib/tests/types/operators_test.py:297: error: Module has no attribute "makeSuite"  [attr-defined]
(Nic30)hwtLib/hwtLib/tests/types/hstructVal_test.py:34: error: Module has no attribute "makeSuite"  [attr-defined]
(Nic30)hwtLib/hwtLib/tests/types/value_test.py:109: error: Module has no attribute "makeSuite"  [attr-defined]
(Nic30)hwtLib/hwtLib/tests/types/union_test.py:186: error: Module has no attribute "makeSuite"  [attr-defined]
(Nic30)hwtLib/hwtLib/tests/types/bitsSlicing_test.py:218: error: Module has no attribute "makeSuite"  [attr-defined]
(Nic30)hwtLib/hwtLib/tests/synthesizer/interfaceLevel/interfaceSynthesizerTC.py:307: error: Module has no attribute "makeSuite"  [attr-defined]
(Nic30)hwtLib/hwtLib/tests/synthesizer/interfaceLevel/subunitsSynthesisTC.py:289: error: Module has no attribute "makeSuite"  [attr-defined]
(Nic30)hwtLib/hwtLib/tests/resourceAnalyzer_test.py:79: error: Module has no attribute "makeSuite"  [attr-defined]
(Nic30)hwtLib/hwtLib/tests/serializerModes_test.py:208: error: Module has no attribute "makeSuite"  [attr-defined]
(Nic30)hwtLib/hwtLib/tests/simulatorUtlls_test.py:173: error: Module has no attribute "makeSuite"  [attr-defined]
(Nic30)hwtLib/hwtLib/tests/vhdlSerializer_test.py:101: error: Module has no attribute "makeSuite"  [attr-defined]
(Nic30)hwtLib/hwtLib/tests/rdSynced_agent_test.py:39: error: Module has no attribute "makeSuite"  [attr-defined]
(Nic30)hwtLib/hwtLib/tests/unionIntf_test.py:95: error: Module has no attribute "makeSuite"  [attr-defined]
(Nic30)hwtLib/hwtLib/tests/dumpTestBench_test.py:202: error: Module has no attribute "makeSuite"  [attr-defined]
(Nic30)hwtLib/hwtLib/tests/statements.py:56: error: Module has no attribute "makeSuite"  [attr-defined]
(Nic30)hwtLib/hwtLib/tests/statementTrees.py:358: error: Module has no attribute "makeSuite"  [attr-defined]
(Nic30)hwtLib/hwtLib/tests/fileUtils_test.py:58: error: Module has no attribute "makeSuite"  [attr-defined]
(Nic30)hwtLib/hwtLib/tests/ipCorePackager_test.py:104: error: Module has no attribute "makeSuite"  [attr-defined]
(Nic30)hwtLib/hwtLib/tests/simEvents_test.py:72: error: Module has no attribute "makeSuite"  [attr-defined]
(Nic30)hwtLib/hwtLib/tests/transTmpl_test.py:55: error: Module has no attribute "makeSuite"  [attr-defined]
(Nic30)hwtLib/hwtLib/tests/statementTreesInternal.py:39: error: Module has no attribute "makeSuite"  [attr-defined]
(Nic30)hwtLib/hwtLib/tests/serializer_tmpVar_test.py:50: error: Module has no attribute "makeSuite"  [attr-defined]
(Nic30)hwtLib/hwtLib/ipif/axiLite2ipif_test.py:165: error: Module has no attribute "makeSuite"  [attr-defined]
(Nic30)hwtLib/hwtLib/ipif/interconnectMatrix_test.py:78: error: Module has no attribute "makeSuite"  [attr-defined]
(Nic30)hwtLib/hwtLib/mem/atomic/flipReg_test.py:35: error: Module has no attribute "makeSuite"  [attr-defined]
(Nic30)hwtLib/hwtLib/mem/atomic/flipRam_test.py:58: error: Module has no attribute "makeSuite"  [attr-defined]
(Nic30)hwtLib/hwtLib/mem/atomic/flipCntr_test.py:41: error: Module has no attribute "makeSuite"  [attr-defined]
(Nic30)hwtLib/hwtLib/mem/cuckooHashTable_test.py:144: error: Module has no attribute "makeSuite"  [attr-defined]
(Nic30)hwtLib/hwtLib/mem/cam_test.py:34: error: Module has no attribute "makeSuite"  [attr-defined]
(Nic30)hwtLib/hwtLib/mem/bramEndpoint_test.py:181: error: Module has no attribute "makeSuite"  [attr-defined]
(Nic30)hwtLib/hwtLib/mem/bramEndpoint_test.py:182: error: Module has no attribute "makeSuite"  [attr-defined]
(Nic30)hwtLib/hwtLib/mem/bramEndpoint_test.py:183: error: Module has no attribute "makeSuite"  [attr-defined]
(Nic30)hwtLib/hwtLib/mem/bramEndpoint_test.py:184: error: Module has no attribute "makeSuite"  [attr-defined]
(Nic30)hwtLib/hwtLib/mem/lutRam_test.py:57: error: Module has no attribute "makeSuite"  [attr-defined]
(Nic30)hwtLib/hwtLib/mem/hashTableCore_test.py:76: error: Module has no attribute "makeSuite"  [attr-defined]
(Nic30)hwtLib/hwtLib/img/charToBitmap_test.py:70: error: Module has no attribute "makeSuite"  [attr-defined]
(Nic30)hwtLib/hwtLib/clocking/clkDivider.py:85: error: Module has no attribute "makeSuite"  [attr-defined]
(Nic30)hwtLib/hwtLib/clocking/clkSynchronizer_test.py:85: error: Module has no attribute "makeSuite"  [attr-defined]
(Nic30)hwtLib/hwtLib/handshaked/joinPrioritized_test.py:58: error: Module has no attribute "makeSuite"  [attr-defined]
(Nic30)hwtLib/hwtLib/handshaked/joinPrioritized_test.py:59: error: Module has no attribute "makeSuite"  [attr-defined]
(Nic30)hwtLib/hwtLib/handshaked/fifo_test.py:50: error: Module has no attribute "makeSuite"  [attr-defined]
(Nic30)hwtLib/hwtLib/handshaked/joinFair_test.py:123: error: Module has no attribute "makeSuite"  [attr-defined]
(Nic30)hwtLib/hwtLib/handshaked/joinFair_test.py:124: error: Module has no attribute "makeSuite"  [attr-defined]
(Nic30)hwtLib/hwtLib/handshaked/resizer_test.py:80: error: Module has no attribute "makeSuite"  [attr-defined]
(Nic30)hwtLib/hwtLib/handshaked/splitCopy_test.py:47: error: Module has no attribute "makeSuite"  [attr-defined]
(Nic30)hwtLib/hwtLib/handshaked/fifoAsync_test.py:38: error: Module has no attribute "makeSuite"  [attr-defined]
(Nic30)hwtLib/hwtLib/handshaked/ramAsHs_test.py:59: error: Module has no attribute "makeSuite"  [attr-defined]
(Nic30)hwtLib/hwtLib/examples/hdlObjLists/listOfInterfaces4.py:254: error: Module has no attribute "makeSuite"  [attr-defined]
(Nic30)hwtLib/hwtLib/examples/hdlObjLists/listOfInterfaces3.py:142: error: Module has no attribute "makeSuite"  [attr-defined]
(Nic30)hwtLib/hwtLib/examples/hdlObjLists/listOfInterfaces2.py:102: error: Module has no attribute "makeSuite"  [attr-defined]
(Nic30)hwtLib/hwtLib/examples/hdlObjLists/listOfInterfaces0.py:152: error: Module has no attribute "makeSuite"  [attr-defined]
(Nic30)hwtLib/hwtLib/examples/mem/reg_test.py:346: error: Module has no attribute "makeSuite"  [attr-defined]
(Nic30)hwtLib/hwtLib/examples/mem/rom_test.py:67: error: Module has no attribute "makeSuite"  [attr-defined]
(Nic30)hwtLib/hwtLib/examples/mem/ram_test.py:81: error: Module has no attribute "makeSuite"  [attr-defined]
(Nic30)hwtLib/hwtLib/examples/builders/hsBuilderSplit_test.py:63: error: Module has no attribute "makeSuite"  [attr-defined]
(Nic30)hwtLib/hwtLib/examples/builders/pingResponder_test.py:175: error: Module has no attribute "makeSuite"  [attr-defined]
(Nic30)hwtLib/hwtLib/examples/builders/ethAddrUpdater_test.py:68: error: Module has no attribute "makeSuite"  [attr-defined]
(Nic30)hwtLib/hwtLib/examples/errors/errorsTestCase.py:57: error: Module has no attribute "makeSuite"  [attr-defined]
(Nic30)hwtLib/hwtLib/examples/operators/concat_test.py:44: error: Module has no attribute "makeSuite"  [attr-defined]
(Nic30)hwtLib/hwtLib/examples/operators/indexing_test.py:96: error: Module has no attribute "makeSuite"  [attr-defined]
(Nic30)hwtLib/hwtLib/examples/hierarchy/unitWrapper_test.py:70: error: Module has no attribute "makeSuite"  [attr-defined]
(Nic30)hwtLib/hwtLib/examples/hierarchy/hierarchySerialization_test.py:53: error: Module has no attribute "makeSuite"  [attr-defined]
(Nic30)hwtLib/hwtLib/examples/hierarchy/simpleSubunit2.py:60: error: Module has no attribute "makeSuite"  [attr-defined]
(Nic30)hwtLib/hwtLib/examples/hierarchy/simpleSubunit_test.py:62: error: Module has no attribute "makeSuite"  [attr-defined]
(Nic30)hwtLib/hwtLib/examples/axi/simpleAxiRegs_test.py:65: error: Module has no attribute "makeSuite"  [attr-defined]
(Nic30)hwtLib/hwtLib/examples/rtlLvl/rtlLvl_test.py:61: error: Module has no attribute "makeSuite"  [attr-defined]
(Nic30)hwtLib/hwtLib/examples/statements/ifStm_test.py:162: error: Module has no attribute "makeSuite"  [attr-defined]
(Nic30)hwtLib/hwtLib/examples/statements/constDriver_test.py:28: error: Module has no attribute "makeSuite"  [attr-defined]
(Nic30)hwtLib/hwtLib/examples/statements/switchStm_test.py:175: error: Module has no attribute "makeSuite"  [attr-defined]
(Nic30)hwtLib/hwtLib/examples/statements/fsm_test.py:288: error: Module has no attribute "makeSuite"  [attr-defined]
(Nic30)hwtLib/hwtLib/examples/statements/fsm_test.py:289: error: Module has no attribute "makeSuite"  [attr-defined]
(Nic30)hwtLib/hwtLib/examples/statements/fsm_test.py:290: error: Module has no attribute "makeSuite"  [attr-defined]
(Nic30)hwtLib/hwtLib/examples/statements/vldMaskConflictsResolving_test.py:30: error: Module has no attribute "makeSuite"  [attr-defined]
(Nic30)hwtLib/hwtLib/examples/statements/forLoopCntrl_test.py:34: error: Module has no attribute "makeSuite"  [attr-defined]
(Nic30)hwtLib/hwtLib/examples/arithmetic/twoCntrs_test.py:82: error: Module has no attribute "makeSuite"  [attr-defined]
(Nic30)hwtLib/hwtLib/examples/arithmetic/selfRefCntr_test.py:28: error: Module has no attribute "makeSuite"  [attr-defined]
(Nic30)hwtLib/hwtLib/examples/arithmetic/cntr_test.py:69: error: Module has no attribute "makeSuite"  [attr-defined]
(Nic30)hwtLib/hwtLib/examples/emptyUnitWithSpi.py:47: error: Module has no attribute "makeSuite"  [attr-defined]
(Nic30)hwtLib/hwtLib/examples/simpleAxiStream_test.py:50: error: Module has no attribute "makeSuite"  [attr-defined]
(Nic30)hwtLib/hwtLib/examples/simple2withNonDirectIntConnection.py:61: error: Module has no attribute "makeSuite"  [attr-defined]
(Nic30)hwtLib/hwtLib/examples/parametrization_test.py:24: error: Module has no attribute "makeSuite"  [attr-defined]
(Nic30)hwtLib/hwtLib/examples/hdlComments_test.py:34: error: Module has no attribute "makeSuite"  [attr-defined]
(Nic30)hwtLib/hwtLib/examples/timers.py:150: error: Module has no attribute "makeSuite"  [attr-defined]
(Nic30)hwtLib/hwtLib/examples/showcase0_test.py:45: error: Module has no attribute "makeSuite"  [attr-defined]
(Nic30)hwtLib/hwtLib/examples/simple_test.py:54: error: Module has no attribute "makeSuite"  [attr-defined]
(Nic30)hwtLib/hwtLib/examples/simpleWithParam.py:65: error: Module has no attribute "makeSuite"  [attr-defined]
(Nic30)hwtLib/hwtLib/examples/simpleWithNonDirectIntConncetion.py:43: error: Module has no attribute "makeSuite"  [attr-defined]
(Nic30)hwtLib/hwtLib/peripheral/spi/master_test.py:53: error: Module has no attribute "makeSuite"  [attr-defined]
(Nic30)hwtLib/hwtLib/peripheral/uart/rx_test.py:78: error: Module has no attribute "makeSuite"  [attr-defined]
(Nic30)hwtLib/hwtLib/peripheral/uart/rx_test.py:79: error: Module has no attribute "makeSuite"  [attr-defined]
(Nic30)hwtLib/hwtLib/peripheral/uart/tx_rx_test.py:70: error: Module has no attribute "makeSuite"  [attr-defined]
(Nic30)hwtLib/hwtLib/peripheral/uart/tx_test.py:63: error: Module has no attribute "makeSuite"  [attr-defined]
(Nic30)hwtLib/hwtLib/peripheral/i2c/masterBitCntrl_test.py:59: error: Module has no attribute "makeSuite"  [attr-defined]
(Nic30)hwtLib/hwtLib/peripheral/segment7_test.py:85: error: Module has no attribute "makeSuite"  [attr-defined]
(Nic30)hwtLib/hwtLib/avalon/stAgent_test.py:78: error: Module has no attribute "makeSuite"  [attr-defined]
(Nic30)hwtLib/hwtLib/avalon/mmAgent_test.py:46: error: Module has no attribute "makeSuite"  [attr-defined]
(Nic30)hwtLib/hwtLib/avalon/endpoint_test.py:222: error: Module has no attribute "makeSuite"  [attr-defined]
(Nic30)hwtLib/hwtLib/avalon/endpoint_test.py:223: error: Module has no attribute "makeSuite"  [attr-defined]
(Nic30)hwtLib/hwtLib/avalon/endpoint_test.py:224: error: Module has no attribute "makeSuite"  [attr-defined]
(Nic30)hwtLib/hwtLib/avalon/endpoint_test.py:225: error: Module has no attribute "makeSuite"  [attr-defined]
(Nic30)hwtLib/hwtLib/logic/bitonicSorter.py:135: error: Module has no attribute "makeSuite"  [attr-defined]
(Nic30)hwtLib/hwtLib/logic/crcComb_test.py:236: error: Module has no attribute "makeSuite"  [attr-defined]
(Nic30)hwtLib/hwtLib/logic/crcUtils_test.py:23: error: Module has no attribute "makeSuite"  [attr-defined]
(Nic30)hwtLib/hwtLib/logic/oneHotToBin_test.py:54: error: Module has no attribute "makeSuite"  [attr-defined]
(Nic30)hwtLib/hwtLib/logic/cntrGray.py:72: error: Module has no attribute "makeSuite"  [attr-defined]
(Nic30)hwtLib/hwtLib/logic/binToOneHot.py:63: error: Module has no attribute "makeSuite"  [attr-defined]
(Nic30)hwtLib/hwtLib/logic/crc_test.py:230: error: Module has no attribute "makeSuite"  [attr-defined]
(Nic30)hwtLib/hwtLib/structManipulators/arrayBuff_writer_test.py:248: error: Module has no attribute "makeSuite"  [attr-defined]
(Nic30)hwtLib/hwtLib/structManipulators/arrayItemGetter_test.py:106: error: Module has no attribute "makeSuite"  [attr-defined]
(Nic30)hwtLib/hwtLib/structManipulators/arrayItemGetter_test.py:107: error: Module has no attribute "makeSuite"  [attr-defined]
(Nic30)hwtLib/hwtLib/structManipulators/structReader_test.py:106: error: Module has no attribute "makeSuite"  [attr-defined]
(Nic30)hwtLib/hwtLib/structManipulators/structWriter_test.py:162: error: Module has no attribute "makeSuite"  [attr-defined]
(Nic30)hwtLib/hwtLib/structManipulators/cLinkedListReader_test.py:311: error: Module has no attribute "makeSuite"  [attr-defined]
(Nic30)hwtLib/hwtLib/structManipulators/cLinkedListWriter_test.py:191: error: Module has no attribute "makeSuite"  [attr-defined]
(Nic30)hwtLib/hwtLib/structManipulators/mmu2pageLvl_test.py:100: error: Module has no attribute "makeSuite"  [attr-defined]
(Nic30)hwtLib/docs/_ext/aafig.py:28: error: Name 'sha' already defined (possibly by an import)  [no-redef]
(Nic30)hwtLib/docs/conf.py:134: error: Need type annotation for 'latex_elements' (hint: "latex_elements: Dict[<type>, <type>] = ...")  [var-annotated]
Found 157 errors in 128 files (checked 270 source files)

[RRepo](nkantar)Parsenvy
Success: no issues found in 2 source files

[RRepo](olist)correios
(olist)correios/correios/serializers.py:18: error: No parent module -- cannot perform relative import  [misc]
Found 1 error in 1 file (checked 21 source files)

[RRepo](rr-)drill
(rr-)drill/drillsrs/db.py:191: error: Missing return statement  [return]
(rr-)drill/drillsrs/cmd/stats.py:162: error: Argument 1 to "HistoryItem" has incompatible type "date"; expected "datetime"  [arg-type]
(rr-)drill/drillsrs/cmd/stats.py:184: error: "Template" has no attribute "globals"  [attr-defined]
(rr-)drill/drillsrs/cmd/stats.py:185: error: "Template" has no attribute "globals"  [attr-defined]
(rr-)drill/drillsrs/cmd/stats.py:186: error: "Template" has no attribute "globals"  [attr-defined]
Found 5 errors in 2 files (checked 23 source files)

[RRepo](RRZE-HPC)kerncraft
(RRZE-HPC)kerncraft/kerncraft/likwid_bench_auto.py:112: error: Incompatible types in assignment (expression has type "List[str]", target has type "str")  [assignment]
(RRZE-HPC)kerncraft/kerncraft/likwid_bench_auto.py:117: error: Incompatible types in assignment (expression has type "Dict[str, str]", target has type "str")  [assignment]
(RRZE-HPC)kerncraft/kerncraft/likwid_bench_auto.py:128: error: Incompatible types in assignment (expression has type "int", target has type "str")  [assignment]
(RRZE-HPC)kerncraft/kerncraft/likwid_bench_auto.py:132: error: Incompatible types in assignment (expression has type "int", target has type "str")  [assignment]
(RRZE-HPC)kerncraft/kerncraft/likwid_bench_auto.py:133: error: Incompatible types in assignment (expression has type "Dict[str, str]", target has type "str")  [assignment]
(RRZE-HPC)kerncraft/kerncraft/roofline-plot.py:43: error: Need type annotation for 'yticks_labels' (hint: "yticks_labels: List[<type>] = ...")  [var-annotated]
(RRZE-HPC)kerncraft/kerncraft/roofline-plot.py:44: error: Need type annotation for 'yticks' (hint: "yticks: List[<type>] = ...")  [var-annotated]
(RRZE-HPC)kerncraft/kerncraft/roofline-plot.py:45: error: Need type annotation for 'xticks_labels' (hint: "xticks_labels: List[<type>] = ...")  [var-annotated]
(RRZE-HPC)kerncraft/kerncraft/roofline-plot.py:53: error: Value of type "object" is not indexable  [index]
(RRZE-HPC)kerncraft/kerncraft/roofline-plot.py:59: error: Value of type "object" is not indexable  [index]
(RRZE-HPC)kerncraft/kerncraft/roofline-plot.py:60: error: Value of type "object" is not indexable  [index]
Found 11 errors in 2 files (checked 24 source files)

[RRepo](edio)randrctl
(edio)randrctl/randrctl/exception.py:49: error: Incompatible types in assignment (expression has type "List[Any]", variable has type "Tuple[Any, ...]")  [assignment]
(edio)randrctl/randrctl/model.py:102: error: Argument "outputs" to "Profile" has incompatible type "Optional[Dict[Any, Any]]"; expected "Dict[Any, Any]"  [arg-type]
(edio)randrctl/randrctl/model.py:105: error: Argument "priority" to "Profile" has incompatible type "Optional[Any]"; expected "int"  [arg-type]
(edio)randrctl/randrctl/model.py:175: error: Item "None" of "Optional[Display]" has no attribute "mode"  [union-attr]
(edio)randrctl/randrctl/model.py:175: error: Argument 1 to "Output" has incompatible type "Union[str, None, Any]"; expected "str"  [arg-type]
(edio)randrctl/randrctl/model.py:176: error: Item "None" of "Optional[Viewport]" has no attribute "pos"  [union-attr]
(edio)randrctl/randrctl/model.py:177: error: Item "None" of "Optional[Viewport]" has no attribute "rotate"  [union-attr]
(edio)randrctl/randrctl/model.py:178: error: Item "None" of "Optional[Viewport]" has no attribute "panning"  [union-attr]
(edio)randrctl/randrctl/model.py:179: error: Item "None" of "Optional[Viewport]" has no attribute "scale"  [union-attr]
(edio)randrctl/randrctl/model.py:180: error: Item "None" of "Optional[Display]" has no attribute "rate"  [union-attr]
(edio)randrctl/randrctl/xrandr.py:252: error: Item "None" of "Optional[Match[str]]" has no attribute "groups"  [union-attr]
(edio)randrctl/randrctl/xrandr.py:298: error: Item "None" of "Optional[Match[str]]" has no attribute "group"  [union-attr]
(edio)randrctl/randrctl/xrandr.py:299: error: Item "None" of "Optional[Match[str]]" has no attribute "group"  [union-attr]
(edio)randrctl/randrctl/context.py:72: error: No overload variant of "get" of "Mapping" matches argument types "str", "Dict[<nothing>, <nothing>]"  [call-overload]
(edio)randrctl/randrctl/context.py:72: note: Possible overload variant:
(edio)randrctl/randrctl/context.py:72: note:     def [_T] get(self, k: <nothing>, default: _T) -> _T
(edio)randrctl/randrctl/context.py:72: note:     <1 more non-matching overload not shown>
(edio)randrctl/randrctl/context.py:73: error: No overload variant of "get" of "Mapping" matches argument types "str", "Dict[<nothing>, <nothing>]"  [call-overload]
(edio)randrctl/randrctl/context.py:73: note: Possible overload variant:
(edio)randrctl/randrctl/context.py:73: note:     def [_T] get(self, k: <nothing>, default: _T) -> _T
(edio)randrctl/randrctl/context.py:73: note:     <1 more non-matching overload not shown>
(edio)randrctl/randrctl/context.py:74: error: No overload variant of "get" of "Mapping" matches argument types "str", "Dict[<nothing>, <nothing>]"  [call-overload]
(edio)randrctl/randrctl/context.py:74: note: Possible overload variant:
(edio)randrctl/randrctl/context.py:74: note:     def [_T] get(self, k: <nothing>, default: _T) -> _T
(edio)randrctl/randrctl/context.py:74: note:     <1 more non-matching overload not shown>
Found 16 errors in 4 files (checked 11 source files)

[RRepo](viraja1)grammar-check
(viraja1)grammar-check/grammar_check/main.py:8: error: No parent module -- cannot perform relative import  [misc]
(viraja1)grammar-check/grammar_check/main.py:9: error: No parent module -- cannot perform relative import  [misc]
(viraja1)grammar-check/grammar_check/main.py:10: error: No parent module -- cannot perform relative import  [misc]
(viraja1)grammar-check/grammar_check/main.py:11: error: No parent module -- cannot perform relative import  [misc]
(viraja1)grammar-check/grammar_check/main.py:12: error: No parent module -- cannot perform relative import  [misc]
Found 5 errors in 1 file (checked 7 source files)

[RRepo](azavea)raster-foundry
(azavea)raster-foundry/app-tasks/rf/src/rf/commands/ingest_scene.py:6: error: Relative import climbs too many namespaces  [misc]
(azavea)raster-foundry/app-tasks/rf/src/rf/commands/ingest_scene.py:7: error: Relative import climbs too many namespaces  [misc]
(azavea)raster-foundry/app-tasks/rf/src/rf/commands/ingest_scene.py:8: error: Relative import climbs too many namespaces  [misc]
Found 3 errors in 1 file (checked 11 source files)

[RRepo](USTB-LETTers)judger
Success: no issues found in 6 source files

[RRepo](bittremieux)ANN-SoLo
(bittremieux)ANN-SoLo/src/ann_solo/writer.py:13: error: No parent module -- cannot perform relative import  [misc]
Found 1 error in 1 file (checked 7 source files)

[RRepo](UCL-INGI)INGInious
(UCL-INGI)INGInious/inginious/common/message_meta.py:30: error: Need type annotation for '_registered_messages' (hint: "_registered_messages: Dict[<type>, <type>] = ...")  [var-annotated]

[RRepo](douglasmiranda)django-fine-uploader
(douglasmiranda)django-fine-uploader/django_fine_uploader/fineuploader.py:9: error: No parent module -- cannot perform relative import  [misc]
(douglasmiranda)django-fine-uploader/django_fine_uploader/fineuploader.py:10: error: No parent module -- cannot perform relative import  [misc]
Found 2 errors in 1 file (checked 10 source files)

