[RRepo](PetterKraabol)Twitch-Chat-Downloader
(PetterKraabol)Twitch-Chat-Downloader/tcd/singleton.py:5:5: error: Need type annotation for '_instances' (hint: "_instances: Dict[<type>, <type>] = ...")  [var-annotated]
(PetterKraabol)Twitch-Chat-Downloader/tcd/arguments.py:43:35: error: Incompatible types in assignment (expression has type "Union[str, bool, int]", variable has type "str")  [assignment]
(PetterKraabol)Twitch-Chat-Downloader/tcd/arguments.py:44:30: error: Incompatible types in assignment (expression has type "Union[str, bool, int]", variable has type "str")  [assignment]
(PetterKraabol)Twitch-Chat-Downloader/tcd/arguments.py:45:27: error: Incompatible types in assignment (expression has type "Union[str, bool, int]", variable has type "bool")  [assignment]
(PetterKraabol)Twitch-Chat-Downloader/tcd/arguments.py:46:30: error: Incompatible types in assignment (expression has type "Union[str, bool, int]", variable has type "bool")  [assignment]
(PetterKraabol)Twitch-Chat-Downloader/tcd/arguments.py:47:28: error: Incompatible types in assignment (expression has type "Union[str, bool, int]", variable has type "bool")  [assignment]
(PetterKraabol)Twitch-Chat-Downloader/tcd/arguments.py:48:28: error: Incompatible types in assignment (expression has type "Union[str, bool, int]", variable has type "bool")  [assignment]
(PetterKraabol)Twitch-Chat-Downloader/tcd/arguments.py:49:30: error: Incompatible types in assignment (expression has type "Union[str, bool, int]", variable has type "bool")  [assignment]
(PetterKraabol)Twitch-Chat-Downloader/tcd/arguments.py:50:36: error: Incompatible types in assignment (expression has type "Union[str, bool, int]", variable has type "bool")  [assignment]
(PetterKraabol)Twitch-Chat-Downloader/tcd/arguments.py:51:36: error: Incompatible types in assignment (expression has type "Union[str, bool, int]", variable has type "bool")  [assignment]
(PetterKraabol)Twitch-Chat-Downloader/tcd/arguments.py:52:28: error: Incompatible types in assignment (expression has type "Union[str, bool, int]", variable has type "str")  [assignment]
(PetterKraabol)Twitch-Chat-Downloader/tcd/arguments.py:53:26: error: Incompatible types in assignment (expression has type "Union[str, bool, int]", variable has type "bool")  [assignment]
(PetterKraabol)Twitch-Chat-Downloader/tcd/arguments.py:56:41: error: Incompatible types in assignment (expression has type "Union[str, bool, int]", variable has type "Optional[str]")  [assignment]
(PetterKraabol)Twitch-Chat-Downloader/tcd/arguments.py:57:37: error: Incompatible types in assignment (expression has type "Union[str, bool, int]", variable has type "Optional[int]")  [assignment]
(PetterKraabol)Twitch-Chat-Downloader/tcd/arguments.py:58:40: error: Incompatible types in assignment (expression has type "Union[str, bool, int]", variable has type "Optional[str]")  [assignment]
(PetterKraabol)Twitch-Chat-Downloader/tcd/arguments.py:59:40: error: Incompatible types in assignment (expression has type "Union[str, bool, int]", variable has type "Optional[str]")  [assignment]
(PetterKraabol)Twitch-Chat-Downloader/tcd/arguments.py:69:61: error: Item "bool" of "Union[str, bool, int]" has no attribute "lower"  [union-attr]
(PetterKraabol)Twitch-Chat-Downloader/tcd/arguments.py:69:61: error: Item "int" of "Union[str, bool, int]" has no attribute "lower"  [union-attr]
(PetterKraabol)Twitch-Chat-Downloader/tcd/arguments.py:73:13: error: Attribute 'formats' already defined on line 63  [no-redef]
(PetterKraabol)Twitch-Chat-Downloader/tcd/arguments.py:73:49: error: Item "bool" of "Union[str, bool, int]" has no attribute "lower"  [union-attr]
(PetterKraabol)Twitch-Chat-Downloader/tcd/arguments.py:73:49: error: Item "int" of "Union[str, bool, int]" has no attribute "lower"  [union-attr]
(PetterKraabol)Twitch-Chat-Downloader/tcd/arguments.py:77:29: error: Item "bool" of "Union[str, bool, int]" has no attribute "lower"  [union-attr]
(PetterKraabol)Twitch-Chat-Downloader/tcd/arguments.py:77:29: error: Item "int" of "Union[str, bool, int]" has no attribute "lower"  [union-attr]
(PetterKraabol)Twitch-Chat-Downloader/tcd/arguments.py:81:26: error: Item "bool" of "Union[str, bool, int]" has no attribute "lower"  [union-attr]
(PetterKraabol)Twitch-Chat-Downloader/tcd/arguments.py:81:26: error: Item "int" of "Union[str, bool, int]" has no attribute "lower"  [union-attr]
(PetterKraabol)Twitch-Chat-Downloader/tcd/settings.py:24:48: error: Argument 1 to "Path" has incompatible type "Optional[str]"; expected "Union[str, _PathLike[str]]"  [arg-type]
(PetterKraabol)Twitch-Chat-Downloader/tcd/settings.py:53:28: error: Argument 1 to "write" of "Settings" has incompatible type "Path"; expected "str"  [arg-type]
(PetterKraabol)Twitch-Chat-Downloader/tcd/settings.py:81:24: error: Argument 1 to "write" of "Settings" has incompatible type "Path"; expected "str"  [arg-type]
(PetterKraabol)Twitch-Chat-Downloader/tcd/settings.py:84:37: error: Argument 1 to "load" of "Settings" has incompatible type "Path"; expected "str"  [arg-type]
(PetterKraabol)Twitch-Chat-Downloader/tcd/settings.py:95:24: error: Argument 1 to "write" of "Settings" has incompatible type "Path"; expected "str"  [arg-type]
(PetterKraabol)Twitch-Chat-Downloader/tcd/settings.py:97:38: error: Argument 1 to "load" of "Settings" has incompatible type "Path"; expected "str"  [arg-type]
(PetterKraabol)Twitch-Chat-Downloader/tcd/settings.py:114:24: error: Argument 1 to "write" of "Settings" has incompatible type "Path"; expected "str"  [arg-type]
(PetterKraabol)Twitch-Chat-Downloader/tcd/downloader.py:77:17: error: Item "None" of "Optional[Match[str]]" has no attribute "groupdict"  [union-attr]
(PetterKraabol)Twitch-Chat-Downloader/tcd/downloader.py:150:49: error: Item "None" of "Optional[str]" has no attribute "lower"  [union-attr]
(PetterKraabol)Twitch-Chat-Downloader/tcd/__init__.py:11:1: error: Name '__name__' already defined (possibly by an import)  [no-redef]
(PetterKraabol)Twitch-Chat-Downloader/tcd/__init__.py:13:1: error: Type of __all__ must be "Sequence[str]", not "List[Callable[..., Any]]"  [misc]
Found 36 errors in 5 files (checked 13 source files)

[RRepo](lkorigin)laniakea-spark
(lkorigin)laniakea-spark/spark/runners/image_build.py:65:19: error: Not all arguments converted during string formatting  [str-format]
(lkorigin)laniakea-spark/spark/runners/image_build.py:138:19: error: Not all arguments converted during string formatting  [str-format]
Found 2 errors in 1 file (checked 16 source files)

[RRepo](miracle2k)k8s-snapshots
(miracle2k)k8s-snapshots/k8s_snapshots/errors.py:26:19: error: Incompatible types in assignment (expression has type "Optional[BaseException]", variable has type "StructuredError")  [assignment]
(miracle2k)k8s-snapshots/k8s_snapshots/rule.py:52:21: error: Incompatible default for argument "name" (default has type "bool", argument has type "str")  [assignment]
(miracle2k)k8s-snapshots/k8s_snapshots/logconf.py:68:21: error: Incompatible types in assignment (expression has type "Optional[Any]", variable has type "Dict[str, Any]")  [assignment]
(miracle2k)k8s-snapshots/k8s_snapshots/logconf.py:75:13: error: Return value expected  [return-value]
(miracle2k)k8s-snapshots/k8s_snapshots/kube.py:25:16: error: Type variable "kube.Resource" is unbound  [valid-type]
(miracle2k)k8s-snapshots/k8s_snapshots/kube.py:25:16: note: (Hint: Use "Generic[Resource]" or "Protocol[Resource]" base class to bind "Resource" inside a class)
(miracle2k)k8s-snapshots/k8s_snapshots/kube.py:25:16: note: (Hint: Use "Resource" in function signature to bind "Resource" inside a function)
(miracle2k)k8s-snapshots/k8s_snapshots/kube.py:59:26: error: "Type[Resource]" has no attribute "objects"  [attr-defined]
(miracle2k)k8s-snapshots/k8s_snapshots/kube.py:59:48: error: "None" not callable  [misc]
(miracle2k)k8s-snapshots/k8s_snapshots/kube.py:72:16: error: "Type[Resource]" has no attribute "objects"  [attr-defined]
(miracle2k)k8s-snapshots/k8s_snapshots/kube.py:72:38: error: "None" not callable  [misc]
(miracle2k)k8s-snapshots/k8s_snapshots/kube.py:124:17: error: Need type annotation for 'async_gen'  [var-annotated]
(miracle2k)k8s-snapshots/k8s_snapshots/snapshot.py:36:35: error: Argument 2 to "load_snapshots" has incompatible type "List[Any]"; expected "Set[Any]"  [arg-type]
(miracle2k)k8s-snapshots/k8s_snapshots/snapshot.py:224:22: error: Incompatible types in "await" (actual type "Union[Dict[Any, Any], Awaitable[Dict[Any, Any]]]", expected type "Awaitable[Any]")  [misc]
Found 12 errors in 5 files (checked 21 source files)

[RRepo](stadtgestalten)stadtgestalten
(stadtgestalten)stadtgestalten/features/stadt/views.py: error: Duplicate module named 'views' (also at '/home/bew/archive/typed_project/(stadtgestalten)stadtgestalten/core/views/__init__.py')  [misc]
Found 1 error in 1 file (checked 54 source files)

[RRepo](bokeh)bokeh
(bokeh)bokeh/bokeh/tests/test___init__.py: error: Duplicate module named 'test___init__' (also at '/home/bew/archive/typed_project/(bokeh)bokeh/bokeh/io/tests/test___init__.py')  [misc]
(bokeh)bokeh/bokeh/tests/test___init__.py: error: Are you missing an __init__.py?  [misc]
Found 2 errors in 1 file (checked 438 source files)

[RRepo](ekeih)OmNomNom
(ekeih)OmNomNom/backend/backend.py:21:37: error: Argument "port" to "Redis" has incompatible type "Union[str, int]"; expected "int"  [arg-type]
(ekeih)OmNomNom/backend/backend.py:21:52: error: Argument "db" to "Redis" has incompatible type "Union[str, int]"; expected "int"  [arg-type]

[RRepo](cprogrammer1994)ModernGL
(cprogrammer1994)ModernGL/examples/next/data.py: error: Duplicate module named 'data' (also at '/home/bew/archive/typed_project/(cprogrammer1994)ModernGL/examples/data/__init__.py')  [misc]
Found 1 error in 1 file (checked 151 source files)

[RRepo](getzze)gconnect
Success: no issues found in 5 source files

[RRepo](makerdao)maker.py
(makerdao)maker.py/tests/test_proxy.py:98:9: error: Name 'past_build' already defined on line 87  [no-redef]
(makerdao)maker.py/pymaker/proxy.py:129:55: error: Syntax error in type annotation  [syntax]
(makerdao)maker.py/pymaker/proxy.py:129:55: note: Suggestion: Use Tuple[T1, ..., Tn] instead of (T1, ..., Tn)
(makerdao)maker.py/pymaker/keys.py:43:29: error: Argument 2 to "register_key_file" has incompatible type "Optional[str]"; expected "str"  [arg-type]
(makerdao)maker.py/pymaker/token.py:35:5: error: Need type annotation for 'registry' (hint: "registry: Dict[<type>, <type>] = ...")  [var-annotated]
Found 4 errors in 4 files (checked 33 source files)

[RRepo](asphalt-framework)asphalt-wamp
Success: no issues found in 16 source files

[RRepo](pybel)pybel-tools
(pybel)pybel-tools/src/pybel_tools/selection/group_nodes.py:55:9: error: Incompatible redefinition (redefinition with type "Callable[[List[float]], float]", original type "Optional[Callable[[Iterable[X]], X]]")  [misc]
(pybel)pybel-tools/src/pybel_tools/selection/group_nodes.py:62:19: error: "None" not callable  [misc]
(pybel)pybel-tools/src/pybel_tools/selection/search.py:10:1: error: Relative import climbs too many namespaces  [misc]
(pybel)pybel-tools/src/pybel_tools/summary/error_summary.py:16:1: error: Relative import climbs too many namespaces  [misc]
(pybel)pybel-tools/src/pybel_tools/summary/node_properties.py:124:10: error: Need type annotation for 'dc'  [var-annotated]
(pybel)pybel-tools/src/pybel_tools/summary/node_properties.py:131:10: error: Need type annotation for 'dc'  [var-annotated]
(pybel)pybel-tools/src/pybel_tools/filters/node_filters.py:16:1: error: Relative import climbs too many namespaces  [misc]
(pybel)pybel-tools/src/pybel_tools/mutation/random.py:34:16: error: Module has no attribute "sample"  [attr-defined]
(pybel)pybel-tools/src/pybel_tools/mutation/random.py:56:23: error: Module has no attribute "sample"  [attr-defined]
(pybel)pybel-tools/src/pybel_tools/mutation/random.py:81:16: error: Module has no attribute "sample"  [attr-defined]
(pybel)pybel-tools/src/pybel_tools/mutation/random.py:97:22: error: Incompatible types in assignment (expression has type "float", variable has type "Optional[str]")  [assignment]
(pybel)pybel-tools/src/pybel_tools/mutation/random.py:98:12: error: Unsupported operand types for < ("int" and "str")  [operator]
(pybel)pybel-tools/src/pybel_tools/mutation/random.py:98:12: error: Unsupported operand types for < ("int" and "None")  [operator]
(pybel)pybel-tools/src/pybel_tools/mutation/random.py:98:12: note: Right operand is of type "Optional[str]"
(pybel)pybel-tools/src/pybel_tools/mutation/random.py:98:12: error: Unsupported operand types for >= ("int" and "None")  [operator]
(pybel)pybel-tools/src/pybel_tools/mutation/random.py:98:30: error: Unsupported operand types for <= ("str" and "int")  [operator]
(pybel)pybel-tools/src/pybel_tools/mutation/random.py:98:30: note: Left operand is of type "Optional[str]"
(pybel)pybel-tools/src/pybel_tools/mutation/random.py:108:38: error: Module has no attribute "sample"  [attr-defined]
(pybel)pybel-tools/src/pybel_tools/mutation/deletion.py:10:1: error: Relative import climbs too many namespaces  [misc]
(pybel)pybel-tools/src/pybel_tools/mutation/deletion.py:24:5: error: Need more than 1 value to unpack (2 expected)  [misc]
(pybel)pybel-tools/src/pybel_tools/mutation/deletion.py:25:19: error: Cannot determine type of 'u'  [has-type]
(pybel)pybel-tools/src/pybel_tools/mutation/deletion.py:25:22: error: Cannot determine type of 'v'  [has-type]
(pybel)pybel-tools/src/pybel_tools/mutation/deletion.py:33:13: error: Incompatible types in "yield" (actual type "Tuple[Any, Any]", expected type "Tuple[Any]")  [misc]
(pybel)pybel-tools/src/pybel_tools/analysis/rcr.py:66:5: error: Need type annotation for 'correct'  [var-annotated]
(pybel)pybel-tools/src/pybel_tools/analysis/rcr.py:68:5: error: Need type annotation for 'contra'  [var-annotated]
(pybel)pybel-tools/src/pybel_tools/analysis/rcr.py:70:5: error: Need type annotation for 'ambiguous'  [var-annotated]
(pybel)pybel-tools/src/pybel_tools/analysis/rcr.py:72:5: error: Need type annotation for 'missing'  [var-annotated]
(pybel)pybel-tools/src/pybel_tools/analysis/mechanisms.py:9:1: error: Relative import climbs too many namespaces  [misc]
(pybel)pybel-tools/src/pybel_tools/analysis/mechanisms.py:10:1: error: Relative import climbs too many namespaces  [misc]
(pybel)pybel-tools/src/pybel_tools/selection/paths.py:19:1: error: Relative import climbs too many namespaces  [misc]
(pybel)pybel-tools/src/pybel_tools/summary/edge_summary.py:141:9: error: Return value expected  [return-value]
(pybel)pybel-tools/src/pybel_tools/summary/composite_summary.py:5:1: error: Module '__future__' has no attribute 'annotations'  [attr-defined]
(pybel)pybel-tools/src/pybel_tools/summary/composite_summary.py:31:1: error: Relative import climbs too many namespaces  [misc]
(pybel)pybel-tools/src/pybel_tools/summary/subgraph_summary.py:13:1: error: Relative import climbs too many namespaces  [misc]
(pybel)pybel-tools/src/pybel_tools/summary/subgraph_summary.py:14:1: error: Relative import climbs too many namespaces  [misc]
(pybel)pybel-tools/src/pybel_tools/summary/subgraph_summary.py:15:1: error: Relative import climbs too many namespaces  [misc]
(pybel)pybel-tools/src/pybel_tools/dict_manager.py:23:9: error: Need type annotation for 'networks' (hint: "networks: Dict[<type>, <type>] = ...")  [var-annotated]
(pybel)pybel-tools/src/pybel_tools/dict_manager.py:24:9: error: Need type annotation for 'disease_to_id' (hint: "disease_to_id: Dict[<type>, <type>] = ...")  [var-annotated]
(pybel)pybel-tools/src/pybel_tools/dict_manager.py:25:9: error: Need type annotation for 'hash_to_node' (hint: "hash_to_node: Dict[<type>, <type>] = ...")  [var-annotated]
(pybel)pybel-tools/src/pybel_tools/summary/stability.py:19:1: error: Relative import climbs too many namespaces  [misc]
(pybel)pybel-tools/src/pybel_tools/summary/stability.py:20:1: error: Relative import climbs too many namespaces  [misc]
(pybel)pybel-tools/src/pybel_tools/summary/stability.py:54:13: error: Incompatible types in "yield" (actual type "Tuple[Any, Any, Tuple[Any, ...]]", expected type "Tuple[Any, Any, Tuple[str]]")  [misc]
(pybel)pybel-tools/src/pybel_tools/summary/provenance.py:21:1: error: Relative import climbs too many namespaces  [misc]
(pybel)pybel-tools/src/pybel_tools/summary/provenance.py:22:1: error: Relative import climbs too many namespaces  [misc]
(pybel)pybel-tools/src/pybel_tools/summary/provenance.py:49:15: error: Need type annotation for 'results'  [var-annotated]
(pybel)pybel-tools/src/pybel_tools/summary/provenance.py:120:17: error: Need type annotation for 'citations'  [var-annotated]
(pybel)pybel-tools/src/pybel_tools/integration/overlay.py:17:1: error: Relative import climbs too many namespaces  [misc]
(pybel)pybel-tools/src/pybel_tools/integration/overlay.py:18:1: error: Relative import climbs too many namespaces  [misc]
(pybel)pybel-tools/src/pybel_tools/assembler/reified_graph/assembler.py:90:13: error: Incompatible return value type (got "Tuple[Any, ellipsis, bool, bool, Any]", expected "Optional[Tuple[Any, str, bool, bool, Any]]")  [return-value]
(pybel)pybel-tools/src/pybel_tools/assembler/reified_graph/assembler.py:108:22: error: Unsupported right operand type for in ("ellipsis")  [operator]
(pybel)pybel-tools/src/pybel_tools/assembler/reified_graph/assembler.py:120:23: error: Incompatible types in assignment (expression has type "str", base class "ReifiedConverter" defined the type as "ellipsis")  [assignment]
(pybel)pybel-tools/src/pybel_tools/assembler/reified_graph/assembler.py:130:16: error: Incompatible types in assignment (expression has type "List[str]", base class "PTMConverter" defined the type as "ellipsis")  [assignment]
(pybel)pybel-tools/src/pybel_tools/assembler/reified_graph/assembler.py:131:23: error: Incompatible types in assignment (expression has type "str", base class "ReifiedConverter" defined the type as "ellipsis")  [assignment]
(pybel)pybel-tools/src/pybel_tools/assembler/reified_graph/assembler.py:137:16: error: Incompatible types in assignment (expression has type "List[str]", base class "PTMConverter" defined the type as "ellipsis")  [assignment]
(pybel)pybel-tools/src/pybel_tools/assembler/reified_graph/assembler.py:141:23: error: Incompatible types in assignment (expression has type "str", base class "ReifiedConverter" defined the type as "ellipsis")  [assignment]
(pybel)pybel-tools/src/pybel_tools/assembler/reified_graph/assembler.py:147:23: error: Incompatible types in assignment (expression has type "str", base class "ReifiedConverter" defined the type as "ellipsis")  [assignment]
(pybel)pybel-tools/src/pybel_tools/assembler/reified_graph/assembler.py:162:23: error: Incompatible types in assignment (expression has type "str", base class "ReifiedConverter" defined the type as "ellipsis")  [assignment]
(pybel)pybel-tools/src/pybel_tools/assembler/reified_graph/assembler.py:176:23: error: Incompatible types in assignment (expression has type "str", base class "ReifiedConverter" defined the type as "ellipsis")  [assignment]
(pybel)pybel-tools/src/pybel_tools/assembler/reified_graph/assembler.py:191:16: error: Incompatible types in assignment (expression has type "List[str]", base class "PTMConverter" defined the type as "ellipsis")  [assignment]
(pybel)pybel-tools/src/pybel_tools/assembler/reified_graph/assembler.py:192:23: error: Incompatible types in assignment (expression has type "str", base class "ReifiedConverter" defined the type as "ellipsis")  [assignment]
(pybel)pybel-tools/src/pybel_tools/assembler/reified_graph/assembler.py:198:16: error: Incompatible types in assignment (expression has type "List[str]", base class "PTMConverter" defined the type as "ellipsis")  [assignment]
(pybel)pybel-tools/src/pybel_tools/assembler/reified_graph/assembler.py:199:23: error: Incompatible types in assignment (expression has type "str", base class "ReifiedConverter" defined the type as "ellipsis")  [assignment]
(pybel)pybel-tools/src/pybel_tools/assembler/reified_graph/assembler.py:226:23: error: Incompatible types in assignment (expression has type "str", base class "ReifiedConverter" defined the type as "ellipsis")  [assignment]
(pybel)pybel-tools/src/pybel_tools/assembler/reified_graph/assembler.py:241:16: error: Incompatible types in assignment (expression has type "List[str]", base class "PTMConverter" defined the type as "ellipsis")  [assignment]
(pybel)pybel-tools/src/pybel_tools/assembler/reified_graph/assembler.py:245:23: error: Incompatible types in assignment (expression has type "str", base class "ReifiedConverter" defined the type as "ellipsis")  [assignment]
(pybel)pybel-tools/src/pybel_tools/assembler/reified_graph/assembler.py:251:16: error: Incompatible types in assignment (expression has type "List[str]", base class "PTMConverter" defined the type as "ellipsis")  [assignment]
(pybel)pybel-tools/src/pybel_tools/assembler/reified_graph/assembler.py:252:23: error: Incompatible types in assignment (expression has type "str", base class "ReifiedConverter" defined the type as "ellipsis")  [assignment]
(pybel)pybel-tools/src/pybel_tools/assembler/reified_graph/assembler.py:258:16: error: Incompatible types in assignment (expression has type "List[str]", base class "PTMConverter" defined the type as "ellipsis")  [assignment]
(pybel)pybel-tools/src/pybel_tools/assembler/reified_graph/assembler.py:259:23: error: Incompatible types in assignment (expression has type "str", base class "ReifiedConverter" defined the type as "ellipsis")  [assignment]
(pybel)pybel-tools/src/pybel_tools/assembler/reified_graph/assembler.py:265:16: error: Incompatible types in assignment (expression has type "List[str]", base class "PTMConverter" defined the type as "ellipsis")  [assignment]
(pybel)pybel-tools/src/pybel_tools/assembler/reified_graph/assembler.py:270:23: error: Incompatible types in assignment (expression has type "str", base class "ReifiedConverter" defined the type as "ellipsis")  [assignment]
(pybel)pybel-tools/src/pybel_tools/assembler/reified_graph/assembler.py:276:16: error: Incompatible types in assignment (expression has type "List[str]", base class "PTMConverter" defined the type as "ellipsis")  [assignment]
(pybel)pybel-tools/src/pybel_tools/assembler/reified_graph/assembler.py:277:23: error: Incompatible types in assignment (expression has type "str", base class "ReifiedConverter" defined the type as "ellipsis")  [assignment]
(pybel)pybel-tools/src/pybel_tools/assembler/reified_graph/assembler.py:283:16: error: Incompatible types in assignment (expression has type "List[str]", base class "PTMConverter" defined the type as "ellipsis")  [assignment]
(pybel)pybel-tools/src/pybel_tools/assembler/reified_graph/assembler.py:284:23: error: Incompatible types in assignment (expression has type "str", base class "ReifiedConverter" defined the type as "ellipsis")  [assignment]
(pybel)pybel-tools/src/pybel_tools/assembler/reified_graph/assembler.py:290:16: error: Incompatible types in assignment (expression has type "List[str]", base class "PTMConverter" defined the type as "ellipsis")  [assignment]
(pybel)pybel-tools/src/pybel_tools/assembler/reified_graph/assembler.py:291:23: error: Incompatible types in assignment (expression has type "str", base class "ReifiedConverter" defined the type as "ellipsis")  [assignment]
(pybel)pybel-tools/src/pybel_tools/assembler/reified_graph/assembler.py:297:16: error: Incompatible types in assignment (expression has type "List[str]", base class "PTMConverter" defined the type as "ellipsis")  [assignment]
(pybel)pybel-tools/src/pybel_tools/assembler/reified_graph/assembler.py:298:23: error: Incompatible types in assignment (expression has type "str", base class "ReifiedConverter" defined the type as "ellipsis")  [assignment]
(pybel)pybel-tools/src/pybel_tools/assembler/reified_graph/assembler.py:304:16: error: Incompatible types in assignment (expression has type "List[str]", base class "PTMConverter" defined the type as "ellipsis")  [assignment]
(pybel)pybel-tools/src/pybel_tools/assembler/reified_graph/assembler.py:305:23: error: Incompatible types in assignment (expression has type "str", base class "ReifiedConverter" defined the type as "ellipsis")  [assignment]
(pybel)pybel-tools/src/pybel_tools/assembler/reified_graph/assembler.py:311:23: error: Incompatible types in assignment (expression has type "str", base class "ReifiedConverter" defined the type as "ellipsis")  [assignment]
(pybel)pybel-tools/src/pybel_tools/assembler/reified_graph/assembler.py:325:16: error: Incompatible types in assignment (expression has type "List[str]", base class "PTMConverter" defined the type as "ellipsis")  [assignment]
(pybel)pybel-tools/src/pybel_tools/assembler/reified_graph/assembler.py:329:23: error: Incompatible types in assignment (expression has type "str", base class "ReifiedConverter" defined the type as "ellipsis")  [assignment]
(pybel)pybel-tools/src/pybel_tools/assembler/reified_graph/assembler.py:335:16: error: Incompatible types in assignment (expression has type "List[str]", base class "PTMConverter" defined the type as "ellipsis")  [assignment]
(pybel)pybel-tools/src/pybel_tools/assembler/reified_graph/assembler.py:336:23: error: Incompatible types in assignment (expression has type "str", base class "ReifiedConverter" defined the type as "ellipsis")  [assignment]
(pybel)pybel-tools/src/pybel_tools/assembler/reified_graph/assembler.py:342:23: error: Incompatible types in assignment (expression has type "str", base class "ReifiedConverter" defined the type as "ellipsis")  [assignment]
(pybel)pybel-tools/src/pybel_tools/assembler/reified_graph/assembler.py:357:23: error: Incompatible types in assignment (expression has type "str", base class "ReifiedConverter" defined the type as "ellipsis")  [assignment]
(pybel)pybel-tools/src/pybel_tools/assembler/reified_graph/assembler.py:372:16: error: Incompatible types in assignment (expression has type "List[str]", base class "PTMConverter" defined the type as "ellipsis")  [assignment]
(pybel)pybel-tools/src/pybel_tools/assembler/reified_graph/assembler.py:377:23: error: Incompatible types in assignment (expression has type "str", base class "ReifiedConverter" defined the type as "ellipsis")  [assignment]
(pybel)pybel-tools/src/pybel_tools/assembler/reified_graph/assembler.py:380:1: error: Missing return statement  [return]
(pybel)pybel-tools/src/pybel_tools/assembler/reified_graph/assembler.py:425:25: error: Argument 1 to "map" has incompatible type "Callable[[Any, Any, str, Any], Optional[Tuple[Any, str, bool, bool, Any]]]"; expected "Callable[[Any], Optional[Tuple[Any, str, bool, bool, Any]]]"  [arg-type]
(pybel)pybel-tools/src/pybel_tools/assembler/reified_graph/assembler.py:428:5: error: 'None' object is not iterable  [misc]
(pybel)pybel-tools/src/pybel_tools/mutation/collapse.py:20:1: error: Relative import climbs too many namespaces  [misc]
(pybel)pybel-tools/src/pybel_tools/mutation/collapse.py:21:1: error: Relative import climbs too many namespaces  [misc]
(pybel)pybel-tools/src/pybel_tools/mutation/expansion.py:160:14: error: Need type annotation for 'result'  [var-annotated]
(pybel)pybel-tools/src/pybel_tools/analysis/neurommsig/algorithm.py:24:1: error: Relative import climbs too many namespaces  [misc]
(pybel)pybel-tools/src/pybel_tools/analysis/neurommsig/algorithm.py:82:9: error: Return value expected  [return-value]
(pybel)pybel-tools/src/pybel_tools/analysis/concordance.py:5:1: error: Module '__future__' has no attribute 'annotations'  [attr-defined]
(pybel)pybel-tools/src/pybel_tools/analysis/concordance.py:21:1: error: Relative import climbs too many namespaces  [misc]
(pybel)pybel-tools/src/pybel_tools/analysis/concordance.py:207:40: error: 'concordance.ConcordanceResult' object is not iterable  [misc]
(pybel)pybel-tools/src/pybel_tools/analysis/concordance.py:210:16: error: Cannot determine type of 'correct'  [has-type]
(pybel)pybel-tools/src/pybel_tools/analysis/concordance.py:210:37: error: Cannot determine type of 'incorrect'  [has-type]
(pybel)pybel-tools/src/pybel_tools/analysis/concordance.py:210:50: error: Cannot determine type of 'ambiguous'  [has-type]
(pybel)pybel-tools/src/pybel_tools/analysis/concordance.py:253:5: error: Name 'graph' already defined on line 224  [no-redef]
(pybel)pybel-tools/src/pybel_tools/analysis/causalr.py:23:1: error: Relative import climbs too many namespaces  [misc]
(pybel)pybel-tools/src/pybel_tools/analysis/causalr.py:24:1: error: Relative import climbs too many namespaces  [misc]
(pybel)pybel-tools/src/pybel_tools/definition_utils.py:57:5: error: Need type annotation for 'result' (hint: "result: Dict[<type>, <type>] = ...")  [var-annotated]
(pybel)pybel-tools/src/pybel_tools/definition_utils.py:59:23: error: Argument 1 to "update" of "dict" has incompatible type "str"; expected "Iterable[Tuple[Any, Any]]"  [arg-type]
(pybel)pybel-tools/src/pybel_tools/definition_utils.py:59:23: note: Following member(s) of "str" have conflicts:
(pybel)pybel-tools/src/pybel_tools/definition_utils.py:59:23: note:     Expected:
(pybel)pybel-tools/src/pybel_tools/definition_utils.py:59:23: note:         def __iter__(self) -> Iterator[Tuple[Any, Any]]
(pybel)pybel-tools/src/pybel_tools/definition_utils.py:59:23: note:     Got:
(pybel)pybel-tools/src/pybel_tools/definition_utils.py:59:23: note:         def __iter__(self) -> Iterator[str]
(pybel)pybel-tools/src/pybel_tools/definition_utils.py:59:32: error: Invalid index type "str" for "str"; expected type "Union[int, slice]"  [index]
(pybel)pybel-tools/src/pybel_tools/utils.py:169:34: error: Argument 1 to "len" has incompatible type "X"; expected "Sized"  [arg-type]
(pybel)pybel-tools/src/pybel_tools/utils.py:216:26: error: Incompatible types in assignment (expression has type "List[<nothing>]", variable has type "Tuple[Any, ...]")  [assignment]
(pybel)pybel-tools/src/pybel_tools/utils.py:234:9: error: Incompatible types in assignment (expression has type "List[str]", variable has type "Tuple[Any, ...]")  [assignment]
(pybel)pybel-tools/src/pybel_tools/utils.py:276:48: error: Argument "key" to "min" has incompatible type "Optional[Callable[[List[Any]], bool]]"; expected "Callable[[List[Any]], Any]"  [arg-type]
(pybel)pybel-tools/src/pybel_tools/utils.py:276:48: error: Argument "key" to "min" has incompatible type "Optional[Callable[[Tuple[Any, ...]], bool]]"; expected "Callable[[Tuple[Any, ...]], Any]"  [arg-type]
(pybel)pybel-tools/src/pybel_tools/analysis/spia.py:128:13: error: Incompatible types in assignment (expression has type "List[str]", variable has type "Set[str]")  [assignment]
(pybel)pybel-tools/src/pybel_tools/document_utils.py:63:34: error: Item "None" of "Optional[Element]" has no attribute "text"  [union-attr]
(pybel)pybel-tools/src/pybel_tools/document_utils.py:64:28: error: Item "None" of "Optional[Element]" has no attribute "text"  [union-attr]
(pybel)pybel-tools/src/pybel_tools/document_utils.py:81:31: error: Item "None" of "Optional[Element]" has no attribute "text"  [union-attr]
(pybel)pybel-tools/src/pybel_tools/document_utils.py:83:44: error: Item "None" of "Optional[Element]" has no attribute "text"  [union-attr]
(pybel)pybel-tools/src/pybel_tools/document_utils.py:83:44: error: Item "None" of "Union[str, None, Any]" has no attribute "strip"  [union-attr]
Found 119 errors in 27 files (checked 63 source files)

[RRepo](briancappello)flask-react-spa
(briancappello)flask-react-spa/backend/api/utils.py: error: Duplicate module named 'utils' (also at '/home/bew/archive/typed_project/(briancappello)flask-react-spa/backend/utils/__init__.py')  [misc]
Found 1 error in 1 file (checked 88 source files)

[RRepo](pypa)warehouse
(pypa)warehouse/tests/unit/legacy/api/test_pypi.py:20:1: error: Relative import climbs too many namespaces  [misc]
(pypa)warehouse/tests/unit/legacy/api/test_simple.py:19:1: error: Relative import climbs too many namespaces  [misc]
(pypa)warehouse/tests/unit/legacy/api/test_simple.py:20:1: error: Relative import climbs too many namespaces  [misc]
(pypa)warehouse/tests/unit/admin/views/test_journals.py:20:1: error: Relative import climbs too many namespaces  [misc]
(pypa)warehouse/tests/unit/admin/views/test_journals.py:21:1: error: Relative import climbs too many namespaces  [misc]
(pypa)warehouse/tests/unit/admin/views/test_squats.py:16:1: error: Relative import climbs too many namespaces  [misc]
(pypa)warehouse/tests/unit/admin/views/test_classifiers.py:20:1: error: Relative import climbs too many namespaces  [misc]
(pypa)warehouse/tests/unit/admin/test_flags.py:13:1: error: Relative import climbs too many namespaces  [misc]
(pypa)warehouse/tests/unit/utils/test_project.py:34:1: error: Relative import climbs too many namespaces  [misc]
(pypa)warehouse/tests/unit/utils/test_project.py:35:1: error: Relative import climbs too many namespaces  [misc]
(pypa)warehouse/tests/unit/packaging/test_views.py:21:1: error: Relative import climbs too many namespaces  [misc]
(pypa)warehouse/tests/unit/packaging/test_views.py:22:1: error: Relative import climbs too many namespaces  [misc]
(pypa)warehouse/tests/unit/packaging/test_views.py:23:1: error: Relative import climbs too many namespaces  [misc]
(pypa)warehouse/tests/unit/packaging/test_tasks.py:23:1: error: Relative import climbs too many namespaces  [misc]
(pypa)warehouse/tests/unit/packaging/test_models.py:23:1: error: Relative import climbs too many namespaces  [misc]
(pypa)warehouse/warehouse/csrf.py:43:1: error: "Callable[[Any, Any], Any]" has no attribute "options"  [attr-defined]
(pypa)warehouse/tests/unit/macaroons/test_caveats.py:22:1: error: Relative import climbs too many namespaces  [misc]
(pypa)warehouse/tests/unit/utils/db/test_windowed_query.py:20:1: error: Relative import climbs too many namespaces  [misc]
(pypa)warehouse/warehouse/accounts/models.py:109:6: error: Name 'email' already defined on line 104  [no-redef]
(pypa)warehouse/tests/unit/admin/views/test_users.py:26:1: error: Relative import climbs too many namespaces  [misc]
(pypa)warehouse/tests/unit/admin/views/test_users.py:27:1: error: Relative import climbs too many namespaces  [misc]
(pypa)warehouse/tests/unit/admin/views/test_emails.py:22:1: error: Relative import climbs too many namespaces  [misc]
(pypa)warehouse/warehouse/logging.py:24:26: error: Name 'logging.Formatter' is not defined  [name-defined]
(pypa)warehouse/warehouse/db.py:36:10: error: Module has no attribute "getLogger"  [attr-defined]
(pypa)warehouse/warehouse/db.py:100:1: error: Cannot assign to a type  [misc]
(pypa)warehouse/tests/unit/admin/views/test_blacklist.py:24:1: error: Relative import climbs too many namespaces  [misc]
(pypa)warehouse/tests/unit/admin/views/test_blacklist.py:25:1: error: Relative import climbs too many namespaces  [misc]
(pypa)warehouse/warehouse/sessions.py:335:1: error: "Callable[[Any, Any], Any]" has no attribute "options"  [attr-defined]
(pypa)warehouse/warehouse/cli/__init__.py:46:41: error: Name '__path__' is not defined  [name-defined]
(pypa)warehouse/warehouse/rate_limiting/__init__.py:29:10: error: Module has no attribute "getLogger"  [attr-defined]
(pypa)warehouse/dev/notdatadog.py:41:15: error: Module has no attribute "parseargs"  [attr-defined]
(pypa)warehouse/dev/smtp.py:27:15: error: Module has no attribute "parseargs"  [attr-defined]
Found 32 errors in 24 files (checked 240 source files)

[RRepo](jpn--)larch
(jpn--)larch/larch/data_services/examples.py: error: Duplicate module named 'examples' (also at '/home/bew/archive/typed_project/(jpn--)larch/larch/examples/__init__.py')  [misc]
Found 1 error in 1 file (checked 61 source files)

[RRepo](cbozi)edge-server-placement
(cbozi)edge-server-placement/src/utils.py:61: error: Bracketed expression "[...]" is not valid as a type  [misc]
(cbozi)edge-server-placement/src/utils.py:61: note: Did you mean "List[...]"?
(cbozi)edge-server-placement/src/utils.py:99:28: error: Incompatible types in assignment (expression has type "None", variable has type "BaseStation")  [assignment]
(cbozi)edge-server-placement/src/utils.py:119:36: error: Incompatible types in assignment (expression has type "None", variable has type "BaseStation")  [assignment]
(cbozi)edge-server-placement/src/utils.py:166:9: error: Need type annotation for 'distances' (hint: "distances: List[<type>] = ...")  [var-annotated]
(cbozi)edge-server-placement/src/run_and_print.py:42:27: error: Incompatible types in assignment (expression has type "KMeansServerPlacer", target has type "MIPServerPlacer")  [assignment]
(cbozi)edge-server-placement/src/run_and_print.py:43:25: error: Incompatible types in assignment (expression has type "TopKServerPlacer", target has type "MIPServerPlacer")  [assignment]
(cbozi)edge-server-placement/src/run_and_print.py:44:26: error: Incompatible types in assignment (expression has type "RandomServerPlacer", target has type "MIPServerPlacer")  [assignment]
(cbozi)edge-server-placement/src/run_and_print.py:61:43: error: Argument 1 to "run_with_parameters" has incompatible type "Dict[str, MIPServerPlacer]"; expected "Dict[str, ServerPlacer]"  [arg-type]
(cbozi)edge-server-placement/src/run_and_print.py:61:43: note: "Dict" is invariant -- see http://mypy.readthedocs.io/en/latest/common_issues.html#variance
(cbozi)edge-server-placement/src/run_and_print.py:61:43: note: Consider using "Mapping" instead, which is covariant in the value type
Found 8 errors in 2 files (checked 5 source files)

[RRepo](d10genes)pollen
(d10genes)pollen/util/junk.py:6:7: error: Name 'ends_with' is not defined  [name-defined]
(d10genes)pollen/util/junk.py:6:24: error: Name 'xdf' is not defined  [name-defined]
(d10genes)pollen/util/junk.py:7:7: error: Name 'ends_with' is not defined  [name-defined]
(d10genes)pollen/util/junk.py:7:24: error: Name 'xdf' is not defined  [name-defined]
(d10genes)pollen/util/junk.py:9:11: error: Name 'xdf' is not defined  [name-defined]
(d10genes)pollen/util/junk.py:15:10: error: Name 'impute' is not defined  [name-defined]
(d10genes)pollen/util/junk.py:17:21: error: Name 'np' is not defined  [name-defined]
(d10genes)pollen/util/junk.py:26:21: error: Name 'select_features' is not defined  [name-defined]
(d10genes)pollen/util/junk.py:29:19: error: Name 'load_robot_execution_failures' is not defined  [name-defined]
(d10genes)pollen/util/junk.py:36:47: error: Name 'np' is not defined  [name-defined]
(d10genes)pollen/util/junk.py:53:1: error: Name 'get_batch' already defined on line 36  [no-redef]
(d10genes)pollen/util/junk.py:117:1: error: "Callable[[Any, Any, Any, Any, Any, Any], Any]" has no attribute "mnorm"  [attr-defined]
(d10genes)pollen/util/junk.py:157:1: error: "Callable[[Any, Any, Any, Any, Any, Any, Any], Any]" has no attribute "mnorm"  [attr-defined]
(d10genes)pollen/util/junk.py:186:5: error: Name 'ddf' is not defined  [name-defined]
(d10genes)pollen/util/junk.py:186:16: error: Name 'null_col' is not defined  [name-defined]
(d10genes)pollen/util/junk.py:187:31: error: Name 'null_col' is not defined  [name-defined]
(d10genes)pollen/util/junk.py:189:6: error: Name 'RandomForestRegressor' is not defined  [name-defined]
(d10genes)pollen/util/junk.py:198:16: error: Name 'pred' is not defined  [name-defined]
(d10genes)pollen/util/utils.py:107:5: error: "Callable[[Any, Any, Any], Any]" has no attribute "diff"  [attr-defined]
(d10genes)pollen/util/utils.py:233: error: Bracketed expression "[...]" is not valid as a type  [misc]
(d10genes)pollen/util/utils.py:233: note: Did you mean "List[...]"?
(d10genes)pollen/util/utils.py:244: error: Bracketed expression "[...]" is not valid as a type  [misc]
(d10genes)pollen/util/utils.py:244: note: Did you mean "List[...]"?
(d10genes)pollen/util/pollen_utils.py:23:30: error: Syntax error in type annotation  [syntax]
(d10genes)pollen/util/pollen_utils.py:23:30: note: Suggestion: Use Tuple[T1, ..., Tn] instead of (T1, ..., Tn)
(d10genes)pollen/util/pollen_utils.py:23:30: error: Name 'date' is not defined  [name-defined]
(d10genes)pollen/util/pollen_utils.py:23:38: error: Name 'pollen_ct' is not defined  [name-defined]
(d10genes)pollen/util/pollen_utils.py:33:37: error: Syntax error in type annotation  [syntax]
(d10genes)pollen/util/pollen_utils.py:33:37: note: Suggestion: Use Tuple[T1, ..., Tn] instead of (T1, ..., Tn)
(d10genes)pollen/util/pollen_utils.py:33:37: error: Name 'date' is not defined  [name-defined]
(d10genes)pollen/util/pollen_utils.py:33:45: error: Name 'pollen_ct' is not defined  [name-defined]

[RRepo](Ameriks)velo.lv
(Ameriks)velo.lv/velo/taskapp/celery.py:2:1: error: Module 'celery' has no attribute 'Celery'  [attr-defined]
(Ameriks)velo.lv/velo/registration/tables.py:93:19: error: Incompatible types in assignment (expression has type "Tuple[str, str, str, str, str]", base class "Meta" defined the type as "Tuple[str, str, str, str]")  [assignment]
(Ameriks)velo.lv/velo/registration/tables.py:94:21: error: Incompatible types in assignment (expression has type "Tuple[str, str, str, str, str, str, str]", base class "Meta" defined the type as "Tuple[str, str, str, str, str, str]")  [assignment]
(Ameriks)velo.lv/velo/registration/tables.py:102:19: error: Incompatible types in assignment (expression has type "Tuple[str, str, str, str, str, str]", base class "Meta" defined the type as "Tuple[str, str, str, str]")  [assignment]
(Ameriks)velo.lv/velo/registration/tables.py:103:21: error: Incompatible types in assignment (expression has type "Tuple[str, str, str, str, str, str, str, str]", base class "Meta" defined the type as "Tuple[str, str, str, str, str, str]")  [assignment]
(Ameriks)velo.lv/velo/registration/tables.py:112:9: error: Incompatible types in assignment (expression has type "Tuple[str, str, str, str, str, str, str, str]", base class "Meta" defined the type as "Tuple[str, str, str, str, str, str]")  [assignment]
(Ameriks)velo.lv/velo/registration/tables.py:113:21: error: Incompatible types in assignment (expression has type "Tuple[str, str]", base class "Meta" defined the type as "str")  [assignment]
(Ameriks)velo.lv/velo/registration/tables.py:121:9: error: Incompatible types in assignment (expression has type "Tuple[str, str, str, str, str, str, str, str]", base class "Meta" defined the type as "Tuple[str, str, str, str, str, str]")  [assignment]
(Ameriks)velo.lv/velo/registration/tables.py:122:21: error: Incompatible types in assignment (expression has type "Tuple[str, str]", base class "Meta" defined the type as "str")  [assignment]
(Ameriks)velo.lv/velo/registration/tables.py:135:9: error: Incompatible types in assignment (expression has type "Tuple[str, str, str, str, str, str, str, str]", base class "Meta" defined the type as "Tuple[str, str, str, str, str, str]")  [assignment]
(Ameriks)velo.lv/velo/registration/tables.py:136:21: error: Incompatible types in assignment (expression has type "Tuple[str, str, str]", base class "Meta" defined the type as "str")  [assignment]

[RRepo](difu)tnsmaster
(difu)tnsmaster/tnsnames/tnsnamesparserewithexception.py:8:31: error: Name 'TokenStream' is not defined  [name-defined]

[RRepo](QudevETH)PycQED_py3
(QudevETH)PycQED_py3/pycqed/measurement/distortions/module_scope.py:53:22: error: invalid syntax  [syntax]
Found 1 error in 1 file (checked 172 source files)

[RRepo](DwangoMediaVillage)pqkmeans
(DwangoMediaVillage)pqkmeans/pqkmeans/clustering/bkmeans.py:13:46: error: Name 'Any' is not defined  [name-defined]
(DwangoMediaVillage)pqkmeans/pqkmeans/clustering/bkmeans.py:13:46: note: Did you forget to import it from "typing"? (Suggestion: "from typing import Any")
(DwangoMediaVillage)pqkmeans/pqkmeans/clustering/bkmeans.py:23:18: error: Name 'Any' is not defined  [name-defined]
(DwangoMediaVillage)pqkmeans/pqkmeans/clustering/bkmeans.py:23:18: note: Did you forget to import it from "typing"? (Suggestion: "from typing import Any")
(DwangoMediaVillage)pqkmeans/pqkmeans/clustering/cpp_implemented_clustering_sample.py:13:46: error: Name 'Any' is not defined  [name-defined]
(DwangoMediaVillage)pqkmeans/pqkmeans/clustering/cpp_implemented_clustering_sample.py:13:46: note: Did you forget to import it from "typing"? (Suggestion: "from typing import Any")
(DwangoMediaVillage)pqkmeans/pqkmeans/clustering/cpp_implemented_clustering_sample.py:18:46: error: Name 'Any' is not defined  [name-defined]
(DwangoMediaVillage)pqkmeans/pqkmeans/clustering/cpp_implemented_clustering_sample.py:18:46: note: Did you forget to import it from "typing"? (Suggestion: "from typing import Any")
(DwangoMediaVillage)pqkmeans/pqkmeans/clustering/cpp_implemented_clustering_sample.py:28:18: error: Name 'Any' is not defined  [name-defined]
(DwangoMediaVillage)pqkmeans/pqkmeans/clustering/cpp_implemented_clustering_sample.py:28:18: note: Did you forget to import it from "typing"? (Suggestion: "from typing import Any")
(DwangoMediaVillage)pqkmeans/pqkmeans/clustering/pqkmeans.py:27:18: error: Name 'Any' is not defined  [name-defined]
(DwangoMediaVillage)pqkmeans/pqkmeans/clustering/pqkmeans.py:27:18: note: Did you forget to import it from "typing"? (Suggestion: "from typing import Any")
(DwangoMediaVillage)pqkmeans/pqkmeans/clustering/pure_python_clustering_sample.py:22:40: error: "Iterable[float]" has no attribute "shape"  [attr-defined]
(DwangoMediaVillage)pqkmeans/pqkmeans/clustering/pure_python_clustering_sample.py:22:51: error: "Iterable[float]" has no attribute "dtype"  [attr-defined]
(DwangoMediaVillage)pqkmeans/pqkmeans/clustering/pure_python_clustering_sample.py:31:46: error: Name 'Any' is not defined  [name-defined]
(DwangoMediaVillage)pqkmeans/pqkmeans/clustering/pure_python_clustering_sample.py:31:46: note: Did you forget to import it from "typing"? (Suggestion: "from typing import Any")
(DwangoMediaVillage)pqkmeans/pqkmeans/clustering/pure_python_clustering_sample.py:44:18: error: Name 'Any' is not defined  [name-defined]
(DwangoMediaVillage)pqkmeans/pqkmeans/clustering/pure_python_clustering_sample.py:44:18: note: Did you forget to import it from "typing"? (Suggestion: "from typing import Any")
(DwangoMediaVillage)pqkmeans/pqkmeans/encoder/encoder_sample.py:14:46: error: Name 'Any' is not defined  [name-defined]
(DwangoMediaVillage)pqkmeans/pqkmeans/encoder/encoder_sample.py:14:46: note: Did you forget to import it from "typing"? (Suggestion: "from typing import Any")
(DwangoMediaVillage)pqkmeans/pqkmeans/encoder/encoder_sample.py:19:44: error: Name 'Any' is not defined  [name-defined]
(DwangoMediaVillage)pqkmeans/pqkmeans/encoder/encoder_sample.py:19:44: note: Did you forget to import it from "typing"? (Suggestion: "from typing import Any")
(DwangoMediaVillage)pqkmeans/pqkmeans/encoder/encoder_base.py:11:46: error: Name 'Any' is not defined  [name-defined]
(DwangoMediaVillage)pqkmeans/pqkmeans/encoder/encoder_base.py:11:46: note: Did you forget to import it from "typing"? (Suggestion: "from typing import Any")
(DwangoMediaVillage)pqkmeans/pqkmeans/encoder/encoder_base.py:15:5: error: Name 'Any' is not defined  [name-defined]
(DwangoMediaVillage)pqkmeans/pqkmeans/encoder/encoder_base.py:15:5: note: Did you forget to import it from "typing"? (Suggestion: "from typing import Any")
(DwangoMediaVillage)pqkmeans/pqkmeans/encoder/encoder_base.py:24:18: error: Name 'Any' is not defined  [name-defined]
(DwangoMediaVillage)pqkmeans/pqkmeans/encoder/encoder_base.py:24:18: note: Did you forget to import it from "typing"? (Suggestion: "from typing import Any")
(DwangoMediaVillage)pqkmeans/pqkmeans/encoder/encoder_base.py:29:18: error: Name 'Any' is not defined  [name-defined]
(DwangoMediaVillage)pqkmeans/pqkmeans/encoder/encoder_base.py:29:18: note: Did you forget to import it from "typing"? (Suggestion: "from typing import Any")
(DwangoMediaVillage)pqkmeans/pqkmeans/encoder/encoder_base.py:34:5: error: Name 'Any' is not defined  [name-defined]
(DwangoMediaVillage)pqkmeans/pqkmeans/encoder/encoder_base.py:34:5: note: Did you forget to import it from "typing"? (Suggestion: "from typing import Any")
(DwangoMediaVillage)pqkmeans/pqkmeans/encoder/pq_encoder.py:14: error: Name 'PQEncoder.TrainedPQEncoder' is not defined  [name-defined]
(DwangoMediaVillage)pqkmeans/pqkmeans/encoder/pq_encoder.py:22:19: error: Incompatible types in assignment (expression has type "int", variable has type "None")  [assignment]
(DwangoMediaVillage)pqkmeans/pqkmeans/encoder/pq_encoder.py:27:42: error: Unsupported operand types for * ("int" and "None")  [operator]
(DwangoMediaVillage)pqkmeans/pqkmeans/encoder/pq_encoder.py:31:46: error: Name 'Any' is not defined  [name-defined]
(DwangoMediaVillage)pqkmeans/pqkmeans/encoder/pq_encoder.py:31:46: note: Did you forget to import it from "typing"? (Suggestion: "from typing import Any")
(DwangoMediaVillage)pqkmeans/pqkmeans/encoder/pq_encoder.py:36:44: error: Name 'Any' is not defined  [name-defined]
(DwangoMediaVillage)pqkmeans/pqkmeans/encoder/pq_encoder.py:36:44: note: Did you forget to import it from "typing"? (Suggestion: "from typing import Any")
(DwangoMediaVillage)pqkmeans/pqkmeans/encoder/itq_encoder.py:27:32: error: Incompatible types in assignment (expression has type "None", variable has type "TrainedITQEncoder")  [assignment]
(DwangoMediaVillage)pqkmeans/pqkmeans/encoder/itq_encoder.py:71:46: error: Name 'Any' is not defined  [name-defined]
(DwangoMediaVillage)pqkmeans/pqkmeans/encoder/itq_encoder.py:71:46: note: Did you forget to import it from "typing"? (Suggestion: "from typing import Any")
(DwangoMediaVillage)pqkmeans/pqkmeans/encoder/itq_encoder.py:76:44: error: Name 'Any' is not defined  [name-defined]
(DwangoMediaVillage)pqkmeans/pqkmeans/encoder/itq_encoder.py:76:44: note: Did you forget to import it from "typing"? (Suggestion: "from typing import Any")
(DwangoMediaVillage)pqkmeans/pqkmeans/encoder/itq_encoder.py:78:9: error: Exception must be derived from BaseException  [misc]
(DwangoMediaVillage)pqkmeans/test/clustering/test_bkmeans.py:8:15: error: Name 'Any' is not defined  [name-defined]
(DwangoMediaVillage)pqkmeans/test/clustering/test_bkmeans.py:8:15: note: Did you forget to import it from "typing"? (Suggestion: "from typing import Any")
Found 27 errors in 9 files (checked 17 source files)

[RRepo](rwengine)openrw
Success: no issues found in 4 source files

[RRepo](Brutus5000)BiReUS
(Brutus5000)BiReUS/bireus/shared/diff_item.py:71:13: error: "Sequence[str]" has no attribute "append"  [attr-defined]

[RRepo](leios)algorithm-archive
Success: no issues found in 16 source files

[RRepo](datawire)telepresence
(datawire)telepresence/telepresence/runner/launch.py:115:9: error: Item "None" of "Optional[IO[Any]]" has no attribute "write"  [union-attr]
(datawire)telepresence/telepresence/runner/launch.py:116:9: error: Item "None" of "Optional[IO[Any]]" has no attribute "close"  [union-attr]
(datawire)telepresence/k8s-proxy/resolver.py:110:15: error: On Python 3 '{}'.format(b'abc') produces "b'abc'"; use !r if this is a desired behavior  [str-bytes-safe]
Found 3 errors in 2 files (checked 44 source files)

[RRepo](zeffii)TubeTool

[RRepo](HumanCompatibleAI)imitation
(HumanCompatibleAI)imitation/src/imitation/util/buffer.py:117:20: error: Unsupported operand types for > ("List[Any]" and "int")  [operator]
(HumanCompatibleAI)imitation/src/imitation/util/buffer.py:124:27: error: Unsupported operand types for + ("int" and "List[Any]")  [operator]
(HumanCompatibleAI)imitation/src/imitation/util/buffer.py:152:25: error: Unsupported operand types for <= ("List[Any]" and "int")  [operator]
(HumanCompatibleAI)imitation/src/imitation/util/buffer.py:153:26: error: Unsupported operand types for + ("int" and "List[Any]")  [operator]
(HumanCompatibleAI)imitation/src/imitation/util/buffer.py:157:39: error: Unsupported operand types for + ("int" and "List[Any]")  [operator]
(HumanCompatibleAI)imitation/src/imitation/util/buffer.py:235:51: error: Argument "sample_shapes" to "Buffer" has incompatible type "Dict[str, Optional[Tuple[int, ...]]]"; expected "Dict[str, Tuple[int, ...]]"  [arg-type]
(HumanCompatibleAI)imitation/src/imitation/scripts/data_collect.py:83:41: error: Argument 1 to "join" has incompatible type "Optional[str]"; expected "Union[str, _PathLike[str]]"  [arg-type]
(HumanCompatibleAI)imitation/src/imitation/scripts/data_collect.py:86:28: error: Argument 1 to "join" has incompatible type "Optional[str]"; expected "Union[str, _PathLike[str]]"  [arg-type]
(HumanCompatibleAI)imitation/src/imitation/scripts/data_collect.py:87:27: error: Argument 1 to "join" has incompatible type "Optional[str]"; expected "Union[str, _PathLike[str]]"  [arg-type]
(HumanCompatibleAI)imitation/src/imitation/util/serialize.py:66:5: error: "T" has no attribute "load_parameters"  [attr-defined]
(HumanCompatibleAI)imitation/tests/test_envs.py:14:1: error: Need type annotation for 'DETERMINISTIC_ENVS' (hint: "DETERMINISTIC_ENVS: List[<type>] = ...")  [var-annotated]
(HumanCompatibleAI)imitation/src/imitation/util/util.py:132:3: error: Name 'layer' already defined on line 126  [no-redef]
(HumanCompatibleAI)imitation/src/imitation/scripts/train.py:117:17: error: Need type annotation for 'gen_data'  [var-annotated]
(HumanCompatibleAI)imitation/src/imitation/scripts/train.py:118:18: error: Need type annotation for 'disc_data'  [var-annotated]
(HumanCompatibleAI)imitation/src/imitation/scripts/train.py:189:27: error: Incompatible types in assignment (expression has type "None", variable has type "float")  [assignment]
(HumanCompatibleAI)imitation/src/imitation/trainer.py:263:17: error: Argument 1 to "len" has incompatible type "Optional[Any]"; expected "Sized"  [arg-type]
(HumanCompatibleAI)imitation/src/imitation/trainer.py:267:25: error: Argument 1 to "len" has incompatible type "Optional[Any]"; expected "Sized"  [arg-type]
(HumanCompatibleAI)imitation/src/imitation/trainer.py:268:25: error: Argument 1 to "len" has incompatible type "Optional[Any]"; expected "Sized"  [arg-type]
Found 18 errors in 7 files (checked 39 source files)

[RRepo](schrockn)graphscale
(schrockn)graphscale/graphscale/grapple/enum.py:26:20: error: Incompatible return value type (got "None", expected "Enum")  [return-value]
(schrockn)graphscale/graphscale/grapple/graphql_printer.py:139:25: error: Item "None" of "Optional[Any]" has no attribute "name"  [union-attr]
(schrockn)graphscale/graphscale/grapple/graphql_printer.py:141:13: error: Item "None" of "Optional[Any]" has no attribute "type_ref"  [union-attr]
(schrockn)graphscale/graphscale/grapple/graphql_printer.py:144:20: error: Item "None" of "Optional[Any]" has no attribute "type_ref"  [union-attr]
(schrockn)graphscale/graphscale/kvetch/memshard.py:139:54: error: Argument 1 to "__get_after_index" of "KvetchMemShard" has incompatible type "Optional[List[Dict[Any, Any]]]"; expected "List[Dict[Any, Any]]"  [arg-type]
(schrockn)graphscale/graphscale/kvetch/memshard.py:140:21: error: Value of type "Optional[List[Dict[Any, Any]]]" is not indexable  [index]
(schrockn)graphscale/graphscale/kvetch/memshard.py:142:21: error: Value of type "Optional[List[Dict[Any, Any]]]" is not indexable  [index]
(schrockn)graphscale/graphscale/kvetch/memshard.py:150:26: error: Item "None" of "Optional[List[Dict[Any, Any]]]" has no attribute "__iter__" (not iterable)  [union-attr]
(schrockn)graphscale/graphscale/pent.py:116:20: error: Incompatible return value type (got "None", expected "TPent")  [return-value]
(schrockn)graphscale/graphscale/pent.py:154:20: error: Incompatible return value type (got "None", expected "TPent")  [return-value]
(schrockn)graphscale/graphscale/pent.py:176:20: error: Incompatible return value type (got "None", expected "Pent")  [return-value]
(schrockn)graphscale/graphscale/pent.py:226:37: error: Incompatible types in assignment (expression has type "None", target has type "Pent")  [assignment]
(schrockn)graphscale/tests/test_redis.py:21:24: error: Argument 1 to "set" of "Redis" has incompatible type "UUID"; expected "Union[str, bytes]"  [arg-type]
(schrockn)graphscale/tests/test_redis.py:22:35: error: Argument 1 to "get" of "Redis" has incompatible type "UUID"; expected "Union[str, bytes]"  [arg-type]
(schrockn)graphscale/graphscale/kvetch/dbshard.py:20: error: Variable "pymysql.Connection" is not valid as a type  [valid-type]
(schrockn)graphscale/graphscale/kvetch/dbshard.py:20: note: See https://mypy.readthedocs.io/en/latest/common_issues.html#variables-vs-type-aliases
(schrockn)graphscale/graphscale/kvetch/dbshard.py:114:80: error: Argument 4 to "_kv_shard_get_edges" has incompatible type "Optional[UUID]"; expected "UUID"  [arg-type]
(schrockn)graphscale/graphscale/kvetch/dbshard.py:114:87: error: Argument 5 to "_kv_shard_get_edges" has incompatible type "Optional[int]"; expected "int"  [arg-type]
(schrockn)graphscale/graphscale/kvetch/dbshard.py:137: error: Variable "pymysql.Connection" is not valid as a type  [valid-type]
(schrockn)graphscale/graphscale/kvetch/dbshard.py:137: note: See https://mypy.readthedocs.io/en/latest/common_issues.html#variables-vs-type-aliases
(schrockn)graphscale/graphscale/kvetch/dbshard.py:153:10: error: pymysql.Connection? has no attribute "cursor"  [attr-defined]
(schrockn)graphscale/graphscale/kvetch/dbshard.py:162: error: Variable "pymysql.Connection" is not valid as a type  [valid-type]
(schrockn)graphscale/graphscale/kvetch/dbshard.py:162: note: See https://mypy.readthedocs.io/en/latest/common_issues.html#variables-vs-type-aliases
(schrockn)graphscale/graphscale/kvetch/dbshard.py:167: error: Variable "pymysql.Connection" is not valid as a type  [valid-type]
(schrockn)graphscale/graphscale/kvetch/dbshard.py:167: note: See https://mypy.readthedocs.io/en/latest/common_issues.html#variables-vs-type-aliases
(schrockn)graphscale/graphscale/kvetch/dbshard.py:172:10: error: pymysql.Connection? has no attribute "cursor"  [attr-defined]
(schrockn)graphscale/graphscale/kvetch/dbshard.py:184: error: Variable "pymysql.Connection" is not valid as a type  [valid-type]
(schrockn)graphscale/graphscale/kvetch/dbshard.py:184: note: See https://mypy.readthedocs.io/en/latest/common_issues.html#variables-vs-type-aliases
(schrockn)graphscale/graphscale/kvetch/dbshard.py:186:10: error: pymysql.Connection? has no attribute "cursor"  [attr-defined]
(schrockn)graphscale/graphscale/kvetch/dbshard.py:198: error: Variable "pymysql.Connection" is not valid as a type  [valid-type]
(schrockn)graphscale/graphscale/kvetch/dbshard.py:198: note: See https://mypy.readthedocs.io/en/latest/common_issues.html#variables-vs-type-aliases
(schrockn)graphscale/graphscale/kvetch/dbshard.py:210:10: error: pymysql.Connection? has no attribute "cursor"  [attr-defined]
(schrockn)graphscale/graphscale/kvetch/dbshard.py:216: error: Variable "pymysql.Connection" is not valid as a type  [valid-type]
(schrockn)graphscale/graphscale/kvetch/dbshard.py:216: note: See https://mypy.readthedocs.io/en/latest/common_issues.html#variables-vs-type-aliases
(schrockn)graphscale/graphscale/kvetch/dbshard.py:219:10: error: pymysql.Connection? has no attribute "cursor"  [attr-defined]
(schrockn)graphscale/graphscale/kvetch/dbshard.py:223: error: Variable "pymysql.Connection" is not valid as a type  [valid-type]
(schrockn)graphscale/graphscale/kvetch/dbshard.py:223: note: See https://mypy.readthedocs.io/en/latest/common_issues.html#variables-vs-type-aliases
(schrockn)graphscale/graphscale/kvetch/dbshard.py:225:10: error: pymysql.Connection? has no attribute "cursor"  [attr-defined]
(schrockn)graphscale/graphscale/kvetch/dbshard.py:239: error: Variable "pymysql.Connection" is not valid as a type  [valid-type]
(schrockn)graphscale/graphscale/kvetch/dbshard.py:239: note: See https://mypy.readthedocs.io/en/latest/common_issues.html#variables-vs-type-aliases
(schrockn)graphscale/graphscale/kvetch/dbshard.py:248:10: error: pymysql.Connection? has no attribute "cursor"  [attr-defined]
(schrockn)graphscale/graphscale/kvetch/dbshard.py:253: error: Variable "pymysql.Connection" is not valid as a type  [valid-type]
(schrockn)graphscale/graphscale/kvetch/dbshard.py:253: note: See https://mypy.readthedocs.io/en/latest/common_issues.html#variables-vs-type-aliases
(schrockn)graphscale/graphscale/kvetch/dbshard.py:266:10: error: pymysql.Connection? has no attribute "cursor"  [attr-defined]
(schrockn)graphscale/graphscale/kvetch/dbshard.py:271: error: Variable "pymysql.Connection" is not valid as a type  [valid-type]
(schrockn)graphscale/graphscale/kvetch/dbshard.py:271: note: See https://mypy.readthedocs.io/en/latest/common_issues.html#variables-vs-type-aliases
(schrockn)graphscale/graphscale/kvetch/dbshard.py:277:10: error: pymysql.Connection? has no attribute "cursor"  [attr-defined]
(schrockn)graphscale/graphscale/kvetch/dbshard.py:282: error: Variable "pymysql.Connection" is not valid as a type  [valid-type]
(schrockn)graphscale/graphscale/kvetch/dbshard.py:282: note: See https://mypy.readthedocs.io/en/latest/common_issues.html#variables-vs-type-aliases
(schrockn)graphscale/graphscale/kvetch/dbshard.py:297:10: error: pymysql.Connection? has no attribute "cursor"  [attr-defined]
(schrockn)graphscale/graphscale/kvetch/dbshard.py:313: error: Variable "pymysql.Connection" is not valid as a type  [valid-type]
(schrockn)graphscale/graphscale/kvetch/dbshard.py:313: note: See https://mypy.readthedocs.io/en/latest/common_issues.html#variables-vs-type-aliases
(schrockn)graphscale/graphscale/kvetch/dbshard.py:319:10: error: pymysql.Connection? has no attribute "cursor"  [attr-defined]
(schrockn)graphscale/graphscale/sql.py:16: error: Variable "pymysql.Connection" is not valid as a type  [valid-type]
(schrockn)graphscale/graphscale/sql.py:16: note: See https://mypy.readthedocs.io/en/latest/common_issues.html#variables-vs-type-aliases
(schrockn)graphscale/graphscale/sql.py:29: error: Variable "pymysql.Connection" is not valid as a type  [valid-type]
(schrockn)graphscale/graphscale/sql.py:29: note: See https://mypy.readthedocs.io/en/latest/common_issues.html#variables-vs-type-aliases
(schrockn)graphscale/graphscale/sql.py:32:5: error: pymysql.Connection? has no attribute "close"  [attr-defined]
Found 43 errors in 7 files (checked 31 source files)

[RRepo](irmen)synthesizer
(irmen)synthesizer/synthplayer/playback.py:17:1: error: No parent module -- cannot perform relative import  [misc]
Found 1 error in 1 file (checked 13 source files)

[RRepo](borevitzlab)spc-eyepi
(borevitzlab)spc-eyepi/ansible/plugins/callback_plugins/human_log.py:21:1: error: Name 'reload' is not defined  [name-defined]
(borevitzlab)spc-eyepi/ansible/plugins/callback_plugins/human_log.py:22:1: error: Module has no attribute "setdefaultencoding"; maybe "getdefaultencoding"?  [attr-defined]
(borevitzlab)spc-eyepi/ansible/plugins/callback_plugins/human_log.py:27:5: error: Name 'json' already defined (by an import)  [no-redef]
(borevitzlab)spc-eyepi/libs/CryptUtil.py:11:1: error: Module 'cryptography' has no attribute 'utils'  [attr-defined]
(borevitzlab)spc-eyepi/libs/CryptUtil.py:37:17: error: Incompatible types in assignment (expression has type "str", variable has type "bytes")  [assignment]
(borevitzlab)spc-eyepi/libs/CryptUtil.py:38:17: error: Incompatible types in assignment (expression has type "str", variable has type "bytes")  [assignment]
(borevitzlab)spc-eyepi/libs/CryptUtil.py:38:31: error: Argument 1 to "fill" has incompatible type "bytes"; expected "str"  [arg-type]
(borevitzlab)spc-eyepi/libs/CryptUtil.py:39:12: error: On Python 3 '{}'.format(b'abc') produces "b'abc'"; use !r if this is a desired behavior  [str-bytes-safe]
(borevitzlab)spc-eyepi/libs/Updater.py:17:1: error: Module 'dateutil' has no attribute 'zoneinfo'  [attr-defined]
(borevitzlab)spc-eyepi/libs/Updater.py:98:16: error: "bytes" has no attribute "is_published"  [attr-defined]
Found 10 errors in 3 files (checked 7 source files)

[RRepo](smashwilson)slack-emojinator
(smashwilson)slack-emojinator/upload.py:16:5: error: Cannot determine type of 'raw_input'  [has-type]
Found 1 error in 1 file (checked 2 source files)

[RRepo](peer23peer)pymech
(peer23peer)pymech/pymech/fmt/Geometry.py:7:5: error: Need type annotation for 'points' (hint: "points: List[<type>] = ...")  [var-annotated]
(peer23peer)pymech/pymech/materials/Fluid.py:9:26: error: Name 'ureg' is not defined  [name-defined]
(peer23peer)pymech/pymech/materials/Fluid.py:10:26: error: Name 'ureg' is not defined  [name-defined]
(peer23peer)pymech/pymech/materials/Fluid.py:11:26: error: Name 'ureg' is not defined  [name-defined]
(peer23peer)pymech/pymech/materials/Fluid.py:12:27: error: Name 'ureg' is not defined  [name-defined]
(peer23peer)pymech/pymech/materials/Fluid.py:13:27: error: Name 'ureg' is not defined  [name-defined]
(peer23peer)pymech/pymech/materials/Fluid.py:14:27: error: Name 'ureg' is not defined  [name-defined]
(peer23peer)pymech/pymech/materials/Fluid.py:15:25: error: Name 'ureg' is not defined  [name-defined]
(peer23peer)pymech/pymech/materials/Fluid.py:16:27: error: Name 'ureg' is not defined  [name-defined]
(peer23peer)pymech/pymech/materials/Fluid.py:17:27: error: Name 'ureg' is not defined  [name-defined]
(peer23peer)pymech/pymech/materials/Fluid.py:18:27: error: Name 'ureg' is not defined  [name-defined]
(peer23peer)pymech/pymech/materials/Fluid.py:19:27: error: Name 'ureg' is not defined  [name-defined]
(peer23peer)pymech/pymech/materials/Fluid.py:20:27: error: Name 'ureg' is not defined  [name-defined]
(peer23peer)pymech/pymech/materials/Fluid.py:21:26: error: Name 'ureg' is not defined  [name-defined]
(peer23peer)pymech/pymech/materials/Fluid.py:22:27: error: Name 'ureg' is not defined  [name-defined]
(peer23peer)pymech/pymech/materials/Fluid.py:23:27: error: Name 'ureg' is not defined  [name-defined]
(peer23peer)pymech/pymech/materials/Fluid.py:24:27: error: Name 'ureg' is not defined  [name-defined]
(peer23peer)pymech/pymech/materials/Fluid.py:25:26: error: Name 'ureg' is not defined  [name-defined]
(peer23peer)pymech/pymech/materials/Fluid.py:26:26: error: Name 'ureg' is not defined  [name-defined]
(peer23peer)pymech/pymech/materials/Fluid.py:27:27: error: Name 'ureg' is not defined  [name-defined]
(peer23peer)pymech/pymech/materials/Fluid.py:28:27: error: Name 'ureg' is not defined  [name-defined]
(peer23peer)pymech/pymech/materials/Fluid.py:29:28: error: Name 'ureg' is not defined  [name-defined]
(peer23peer)pymech/pymech/materials/Fluid.py:31:76: error: Name 'ureg' is not defined  [name-defined]
(peer23peer)pymech/pymech/materials/Fluid.py:36:34: error: Name 'ureg' is not defined  [name-defined]
(peer23peer)pymech/pymech/materials/Fluid.py:37:34: error: Name 'ureg' is not defined  [name-defined]
(peer23peer)pymech/pymech/materials/Fluid.py:38:35: error: Name 'ureg' is not defined  [name-defined]
(peer23peer)pymech/pymech/materials/Fluid.py:39:35: error: Name 'ureg' is not defined  [name-defined]
(peer23peer)pymech/pymech/materials/Fluid.py:40:34: error: Name 'ureg' is not defined  [name-defined]
(peer23peer)pymech/pymech/materials/Fluid.py:41:34: error: Name 'ureg' is not defined  [name-defined]
(peer23peer)pymech/pymech/materials/Fluid.py:42:34: error: Name 'ureg' is not defined  [name-defined]
(peer23peer)pymech/pymech/materials/Fluid.py:43:34: error: Name 'ureg' is not defined  [name-defined]
(peer23peer)pymech/pymech/materials/Fluid.py:44:34: error: Name 'ureg' is not defined  [name-defined]
(peer23peer)pymech/pymech/materials/Fluid.py:45:34: error: Name 'ureg' is not defined  [name-defined]
(peer23peer)pymech/pymech/materials/Fluid.py:46:34: error: Name 'ureg' is not defined  [name-defined]
(peer23peer)pymech/pymech/materials/Fluid.py:47:34: error: Name 'ureg' is not defined  [name-defined]
(peer23peer)pymech/pymech/materials/Fluid.py:48:34: error: Name 'ureg' is not defined  [name-defined]
(peer23peer)pymech/pymech/materials/Fluid.py:49:34: error: Name 'ureg' is not defined  [name-defined]
(peer23peer)pymech/pymech/materials/Fluid.py:50:34: error: Name 'ureg' is not defined  [name-defined]
(peer23peer)pymech/pymech/materials/Fluid.py:51:34: error: Name 'ureg' is not defined  [name-defined]
(peer23peer)pymech/pymech/materials/Fluid.py:52:34: error: Name 'ureg' is not defined  [name-defined]
(peer23peer)pymech/pymech/materials/Fluid.py:53:34: error: Name 'ureg' is not defined  [name-defined]
(peer23peer)pymech/pymech/materials/Fluid.py:54:34: error: Name 'ureg' is not defined  [name-defined]
(peer23peer)pymech/pymech/materials/Fluid.py:55:34: error: Name 'ureg' is not defined  [name-defined]
(peer23peer)pymech/pymech/materials/Fluid.py:56:35: error: Name 'ureg' is not defined  [name-defined]
(peer23peer)pymech/pymech/materials/Fluid.py:122:19: error: Name 'ureg' is not defined  [name-defined]
(peer23peer)pymech/pymech/materials/Fluid.py:123:19: error: Name 'ureg' is not defined  [name-defined]
(peer23peer)pymech/pymech/materials/Plastic.py:6:24: error: Name 'ureg' is not defined  [name-defined]
(peer23peer)pymech/pymech/materials/Plastic.py:8:81: error: Name 'ureg' is not defined  [name-defined]
(peer23peer)pymech/pymech/materials/Steel.py:6:18: error: Name 'ureg' is not defined  [name-defined]
(peer23peer)pymech/pymech/materials/Steel.py:7:17: error: Name 'ureg' is not defined  [name-defined]
(peer23peer)pymech/pymech/materials/Steel.py:9:19: error: Name 'ureg' is not defined  [name-defined]
(peer23peer)pymech/pymech/materials/Steel.py:10:19: error: Name 'ureg' is not defined  [name-defined]
(peer23peer)pymech/pymech/materials/Steel.py:11:25: error: Name 'ureg' is not defined  [name-defined]
(peer23peer)pymech/pymech/materials/Steel.py:12:24: error: Name 'ureg' is not defined  [name-defined]
(peer23peer)pymech/pymech/materials/Steel.py:13:22: error: Name 'ureg' is not defined  [name-defined]
(peer23peer)pymech/pymech/materials/Steel.py:15:24: error: Name 'ureg' is not defined  [name-defined]
(peer23peer)pymech/pymech/materials/Steel.py:17:76: error: Name 'ureg' is not defined  [name-defined]
(peer23peer)pymech/pymech/materials/Steel.py:20:27: error: Name 'ureg' is not defined  [name-defined]
(peer23peer)pymech/pymech/materials/Steel.py:21:26: error: Name 'ureg' is not defined  [name-defined]
(peer23peer)pymech/pymech/materials/Steel.py:23:28: error: Name 'ureg' is not defined  [name-defined]
(peer23peer)pymech/pymech/materials/Steel.py:24:28: error: Name 'ureg' is not defined  [name-defined]
(peer23peer)pymech/pymech/materials/Steel.py:25:34: error: Name 'ureg' is not defined  [name-defined]
(peer23peer)pymech/pymech/materials/Steel.py:26:33: error: Name 'ureg' is not defined  [name-defined]
(peer23peer)pymech/pymech/materials/Steel.py:27:31: error: Name 'ureg' is not defined  [name-defined]
(peer23peer)pymech/pymech/materials/Steel.py:29:33: error: Name 'ureg' is not defined  [name-defined]
(peer23peer)pymech/pymech/fluid/Component.py:9:15: error: Name 'ureg' is not defined  [name-defined]
(peer23peer)pymech/pymech/fluid/Component.py:10:15: error: Name 'ureg' is not defined  [name-defined]
(peer23peer)pymech/pymech/fluid/Component.py:11:15: error: Name 'ureg' is not defined  [name-defined]
(peer23peer)pymech/pymech/fluid/Component.py:12:16: error: Name 'ureg' is not defined  [name-defined]
(peer23peer)pymech/pymech/fluid/Pipe.py:13:14: error: Name 'ureg' is not defined  [name-defined]
(peer23peer)pymech/pymech/fluid/Pipe.py:14:19: error: Name 'ureg' is not defined  [name-defined]
(peer23peer)pymech/pymech/fluid/Pipe.py:15:16: error: Name 'ureg' is not defined  [name-defined]
(peer23peer)pymech/pymech/fluid/System.py:14:5: error: Need type annotation for '_components' (hint: "_components: List[<type>] = ...")  [var-annotated]
(peer23peer)pymech/pymech/fluid/System.py:16:5: error: Need type annotation for '_points' (hint: "_points: List[<type>] = ...")  [var-annotated]
(peer23peer)pymech/pymech/materials/Material.py:18:19: error: Name 'ureg' is not defined  [name-defined]
(peer23peer)pymech/pymech/materials/Material.py:19:26: error: Name 'ureg' is not defined  [name-defined]
(peer23peer)pymech/pymech/materials/Material.py:22:82: error: Name 'ureg' is not defined  [name-defined]
Found 77 errors in 8 files (checked 25 source files)

[RRepo](daxtens)smart-sparse-diff
(daxtens)smart-sparse-diff/smart-sparse-diff.py:108:19: error: Incompatible types in assignment (expression has type "None", variable has type "List[Any]")  [assignment]
(daxtens)smart-sparse-diff/smart-sparse-diff.py:111:19: error: Incompatible types in assignment (expression has type "None", variable has type "List[Any]")  [assignment]
(daxtens)smart-sparse-diff/smart-sparse-diff.py:218:52: error: Argument 1 to "remove_exact_matching_lines" has incompatible type "Optional[List[List[str]]]"; expected "List[List[str]]"  [arg-type]
(daxtens)smart-sparse-diff/smart-sparse-diff.py:218:58: error: Argument 2 to "remove_exact_matching_lines" has incompatible type "Optional[List[List[str]]]"; expected "List[List[str]]"  [arg-type]
Found 4 errors in 1 file (checked 1 source file)

[RRepo](glotaran)glotaran
(glotaran)glotaran/glotaran/analysis/matrix_calculation.py:5:1: error: Module 'glotaran.parameter' has no attribute 'ParameterGroup'  [attr-defined]
(glotaran)glotaran/glotaran/model/model_property.py:5:1: error: Module 'glotaran.parameter' has no attribute 'Parameter'  [attr-defined]
(glotaran)glotaran/glotaran/model/model_property.py:68:14: error: List comprehension has incompatible type List[str]; expected List[Tuple[Any, Any]]  [misc]
(glotaran)glotaran/glotaran/model/model_property.py:85:16: error: Incompatible return value type (got "List[Tuple[Any, Any]]", expected "List[str]")  [return-value]
(glotaran)glotaran/glotaran/io/reader.py:4:1: error: Need type annotation for 'known_reading_formats' (hint: "known_reading_formats: Dict[<type>, <type>] = ...")  [var-annotated]
(glotaran)glotaran/glotaran/analysis/simulation.py:7:1: error: Module 'glotaran.parameter' has no attribute 'ParameterGroup'  [attr-defined]
(glotaran)glotaran/glotaran/analysis/simulation.py:10: error: Name 'glotaran' is not defined  [name-defined]
(glotaran)glotaran/glotaran/analysis/simulation.py:47:24: error: Value of type "Optional[Dict[str, Any]]" is not indexable  [index]
(glotaran)glotaran/glotaran/analysis/simulation.py:48:24: error: Value of type "Optional[Dict[str, Any]]" is not indexable  [index]
(glotaran)glotaran/glotaran/analysis/simulation.py:76:16: error: Unsupported right operand type for in ("Optional[Dict[str, Any]]")  [operator]
(glotaran)glotaran/glotaran/analysis/simulation.py:79:59: error: Value of type "Optional[Dict[str, Any]]" is not indexable  [index]
(glotaran)glotaran/glotaran/model/model_attribute.py:7:1: error: Module 'glotaran.parameter' has no attribute 'Parameter'  [attr-defined]
(glotaran)glotaran/glotaran/model/model_attribute.py:7:1: error: Module 'glotaran.parameter' has no attribute 'ParameterGroup'  [attr-defined]
(glotaran)glotaran/glotaran/model/model_attribute.py:106:51: error: Function "builtins.any" is not valid as a type  [valid-type]
(glotaran)glotaran/glotaran/model/model_attribute.py:106:51: note: Perhaps you need "Callable[...]" or a callback protocol?
(glotaran)glotaran/glotaran/model/model_attribute.py:234: error: Name 'glotaran.model.BaseModel' is not defined  [name-defined]
(glotaran)glotaran/glotaran/model/model_attribute.py:268:5: error: Missing return statement  [return]

[RRepo](arraylabs)pymyq
(arraylabs)pymyq/pymyq/device.py:170:36: error: Incompatible types in assignment (expression has type "datetime", variable has type "None")  [assignment]
(arraylabs)pymyq/pymyq/device.py:188:36: error: Incompatible types in assignment (expression has type "datetime", variable has type "None")  [assignment]
(arraylabs)pymyq/pymyq/api.py:68:9: error: Need type annotation for '_devices' (hint: "_devices: List[<type>] = ...")  [var-annotated]
(arraylabs)pymyq/pymyq/api.py:148:28: error: Item "None" of "Optional[ClientSession]" has no attribute "request"  [union-attr]
(arraylabs)pymyq/pymyq/api.py:176:16: error: No overload variant of "__sub__" of "datetime" matches argument type "None"  [operator]
(arraylabs)pymyq/pymyq/api.py:176:16: note: Possible overload variants:
(arraylabs)pymyq/pymyq/api.py:176:16: note:     def __sub__(self, datetime) -> timedelta
(arraylabs)pymyq/pymyq/api.py:176:16: note:     def __sub__(self, timedelta) -> datetime
(arraylabs)pymyq/pymyq/api.py:219:29: error: Incompatible types in assignment (expression has type "datetime", variable has type "None")  [assignment]
(arraylabs)pymyq/pymyq/api.py:223:29: error: Incompatible types in assignment (expression has type "Dict[str, str]", variable has type "None")  [assignment]
(arraylabs)pymyq/pymyq/api.py:265:9: error: Need type annotation for 'device_list' (hint: "device_list: List[<type>] = ...")  [var-annotated]

[RRepo](nerosketch)djing
(nerosketch)djing/djing/lib/messaging/sms/wap.py:5:1: error: Module 'djing.lib.messaging' has no attribute 'MMSDecoder'  [attr-defined]
(nerosketch)djing/djing/lib/__init__.py:73:5: error: Need type annotation for '_instances' (hint: "_instances: Dict[<type>, <type>] = ...")  [var-annotated]
(nerosketch)djing/devapp/base_intr.py:73:16: error: Incompatible return value type (got "Callable[[DevBase], bool]", expected "bool")  [return-value]
(nerosketch)djing/devapp/base_intr.py:146:16: error: "None" has no attribute "set"  [attr-defined]
(nerosketch)djing/devapp/base_intr.py:150:18: error: "None" has no attribute "walk"  [attr-defined]
(nerosketch)djing/devapp/base_intr.py:155:18: error: "None" has no attribute "walk"  [attr-defined]
(nerosketch)djing/djing/lib/messaging/sms/submit.py:7:1: error: Module 'djing.lib.messaging.sms' has no attribute 'consts'  [attr-defined]
(nerosketch)djing/messenger/tasks.py:10:1: error: Missing return statement  [return]
(nerosketch)djing/messenger/tasks.py:29: error: Incompatible types in string interpolation (expression has type "None", placeholder has type "Union[int, float, SupportsInt]")  [str-format]
(nerosketch)djing/gw_app/models.py:8:1: error: Module 'gw_app.nas_managers' has no attribute 'NAS_TYPES'  [attr-defined]
(nerosketch)djing/gw_app/models.py:8:1: error: Module 'gw_app.nas_managers' has no attribute 'NasNetworkError'  [attr-defined]
(nerosketch)djing/tariff_app/custom_tariffs.py:30:27: error: Incompatible types in assignment (expression has type "timedelta", variable has type "datetime")  [assignment]
(nerosketch)djing/tariff_app/custom_tariffs.py:33:41: error: "datetime" has no attribute "total_seconds"  [attr-defined]

[RRepo](sernst)cauldron
(sernst)cauldron/cauldron/cli/server/run.py: error: Duplicate module named 'run' (also at '/home/bew/archive/typed_project/(sernst)cauldron/cauldron/cli/commands/run/__init__.py')  [misc]
(sernst)cauldron/cauldron/cli/server/run.py: error: Are you missing an __init__.py?  [misc]
Found 2 errors in 1 file (checked 196 source files)

[RRepo](evernym)plenum
(evernym)plenum/plenum/test/view_change/test_view_not_changed.py:26:38: error: misplaced type annotation  [syntax]
Found 1 error in 1 file (checked 883 source files)

[RRepo](Maluuba)qgen-workshop
(Maluuba)qgen-workshop/qgen/embedding.py:8:1: error: Need type annotation for '_idx_to_word' (hint: "_idx_to_word: List[<type>] = ...")  [var-annotated]
(Maluuba)qgen-workshop/qgen/embedding_vis.py:46:10: error: Incompatible types in assignment (expression has type "IO[Any]", variable has type "TextIO")  [assignment]
Found 2 errors in 2 files (checked 5 source files)

[RRepo](krother)maze_run
(krother)maze_run/02_exceptions/load_tiles_buggy.py:8:13: error: invalid syntax  [syntax]
Found 1 error in 1 file (checked 39 source files)

[RRepo](santhoshtr)mlmorph
(santhoshtr)mlmorph/python/mlmorph/mlmorph.py:172:16: error: Incompatible return value type (got "List[Tuple[Any, int]]", expected "Tuple[Any, ...]")  [return-value]
Found 1 error in 1 file (checked 4 source files)

[RRepo](ESultanik)lenticrypt
(ESultanik)lenticrypt/lenticrypt/iowrapper.py:54:5: error: Signature of "__getitem__" incompatible with supertype "Sequence"  [override]
(ESultanik)lenticrypt/lenticrypt/iowrapper.py:56:20: error: Incompatible return value type (got "Union[bytes, int, Sequence[Any], Any]", expected "Union[int, bytes]")  [return-value]
(ESultanik)lenticrypt/lenticrypt/iowrapper.py:81:36: error: Incompatible return value type (got "None", expected "Union[int, bytes]")  [return-value]
(ESultanik)lenticrypt/lenticrypt/__main__.py:39:26: error: Incompatible types in assignment (expression has type "BinaryIO", variable has type "TextIO")  [assignment]
(ESultanik)lenticrypt/lenticrypt/__main__.py:115:23: error: Incompatible types in assignment (expression has type "None", variable has type "Tuple[bytearray, ...]")  [assignment]
(ESultanik)lenticrypt/tests/test_main.py:22:12: error: Incompatible return value type (got "Tuple[Tuple[int, ...], ...]", expected "Tuple[Tuple[int, ...]]")  [return-value]
(ESultanik)lenticrypt/tests/test_main.py:40:46: error: Argument 1 to "make_plaintexts" has incompatible type "Tuple[IO[bytes], ...]"; expected "Sequence[BinaryIO]"  [arg-type]
(ESultanik)lenticrypt/tests/test_main.py:44:15: error: Argument 1 to "make_keys" has incompatible type "Tuple[IO[bytes], ...]"; expected "Sequence[BinaryIO]"  [arg-type]
Found 8 errors in 3 files (checked 8 source files)

[RRepo](chfoo)wpull
(chfoo)wpull/wpull/collections.py:3:1: error: Module 'collections' has no attribute 'OrderedDict'; maybe "OrderedDefaultDict"?  [attr-defined]
(chfoo)wpull/wpull/collections.py:240:18: error: Name 'collections.Mapping' is not defined  [name-defined]
(chfoo)wpull/wpull/collections.py:240:39: error: Name 'collections.Hashable' is not defined  [name-defined]
(chfoo)wpull/wpull/application/factory.py:6:15: error: Name 'collections.Mapping' is not defined  [name-defined]

[RRepo](fasiha)ebisu
(fasiha)ebisu/ebisu/ebisu.py:38:1: error: Need type annotation for '_BETALNCACHE' (hint: "_BETALNCACHE: Dict[<type>, <type>] = ...")  [var-annotated]

[RRepo](masschallenge)impact-api
(masschallenge)impact-api/web/impact/impact/tests/test_startup_detail_view.py:21:18: error: Need type annotation for 'EMPTY_RESPONSE'  [var-annotated]
(masschallenge)impact-api/web/impact/impact/tests/test_startup_list_view.py:20:18: error: Need type annotation for 'EMPTY_RESPONSE'  [var-annotated]
(masschallenge)impact-api/web/impact/impact/v1/helpers/criterion_helper.py:36:5: error: Need type annotation for 'CLASS_TO_FIELD' (hint: "CLASS_TO_FIELD: Dict[<type>, <type>] = ...")  [var-annotated]
(masschallenge)impact-api/web/impact/impact/v1/helpers/criterion_helper.py:40:5: error: Need type annotation for 'specific_helpers' (hint: "specific_helpers: Dict[<type>, <type>] = ...")  [var-annotated]
(masschallenge)impact-api/web/impact/impact/graphql/query.py:11:1: error: Module 'graphql' has no attribute 'GraphQLError'  [attr-defined]
(masschallenge)impact-api/web/impact/impact/v1/helpers/model_helper.py:170:5: error: Need type annotation for 'VALIDATORS' (hint: "VALIDATORS: Dict[<type>, <type>] = ...")  [var-annotated]
Found 6 errors in 5 files (checked 161 source files)

[RRepo](codemirror)google-modes
(codemirror)google-modes/test/py/grammar.py:3:16: error: invalid syntax  [syntax]
Found 1 error in 1 file (checked 2 source files)

[RRepo](gnachman)iTerm2
(gnachman)iTerm2/api/library/python/iterm2/docs/examples/launch_and_run.py:1:2: error: invalid syntax  [syntax]
Found 1 error in 1 file (checked 36 source files)

[RRepo](theelous3)asks
(theelous3)asks/asks/http_utils.py:21: error: Bracketed expression "[...]" is not valid as a type  [misc]
(theelous3)asks/asks/http_utils.py:21: note: Did you mean "List[...]"?
Found 1 error in 1 file (checked 13 source files)

[RRepo](longnow)panlex_python_API
Success: no issues found in 2 source files

[RRepo](Shark-ML)Shark
(Shark-ML)Shark/doc/tools/replaceHeaders.py:54:49: error: Missing parentheses in call to 'print'. Did you mean print("\nShark header replacement tool v0.1\n\n")?  [syntax]
Found 1 error in 1 file (checked 2 source files)

[RRepo](ctherien)pysptools
(ctherien)pysptools/pysptools/skl/base.py:99:6: error: Name 'PlotInputValidation2' is not defined  [name-defined]
(ctherien)pysptools/pysptools/skl/base.py:103:6: error: Name 'DisplayInputValidation2' is not defined  [name-defined]
Found 2 errors in 1 file (checked 50 source files)

[RRepo](cloudera)ibis
(cloudera)ibis/ibis/util.py:97: error: Cannot use a covariant type variable as a parameter  [misc]
(cloudera)ibis/dev/merge-pr.py:64:20: error: Need type annotation for 'author_count'  [var-annotated]
(cloudera)ibis/ibis/bigquery/api.py:15:5: error: Module 'ibis.bigquery.udf' has no attribute 'udf'  [attr-defined]
(cloudera)ibis/ibis/clickhouse/api.py:14:28: error: Incompatible types in assignment (expression has type "bool", variable has type "str")  [assignment]
(cloudera)ibis/ibis/pandas/client.py:336:1: error: "Type[Schema]" has no attribute "to_pandas"  [attr-defined]
(cloudera)ibis/ibis/pandas/client.py:337:1: error: "Type[Schema]" has no attribute "apply_to"  [attr-defined]
(cloudera)ibis/ibis/clickhouse/tests/test_select.py:212:10: error: Module has no attribute "now"  [attr-defined]
(cloudera)ibis/ibis/clickhouse/tests/test_select.py:213:10: error: Module has no attribute "literal"  [attr-defined]
(cloudera)ibis/ibis/expr/tests/test_rules.py:12:9: error: Module has no attribute "table"  [attr-defined]
(cloudera)ibis/ibis/expr/tests/test_rules.py:66:35: error: Module has no attribute "literal"  [attr-defined]
(cloudera)ibis/ibis/expr/tests/test_rules.py:67:36: error: Module has no attribute "literal"  [attr-defined]
(cloudera)ibis/ibis/expr/tests/test_rules.py:68:36: error: Module has no attribute "literal"  [attr-defined]
(cloudera)ibis/ibis/expr/tests/test_rules.py:69:36: error: Module has no attribute "literal"  [attr-defined]
(cloudera)ibis/ibis/expr/tests/test_rules.py:70:36: error: Module has no attribute "literal"  [attr-defined]
(cloudera)ibis/ibis/expr/tests/test_rules.py:71:37: error: Module has no attribute "literal"  [attr-defined]
(cloudera)ibis/ibis/expr/tests/test_rules.py:72:37: error: Module has no attribute "literal"  [attr-defined]
(cloudera)ibis/ibis/expr/tests/test_rules.py:73:37: error: Module has no attribute "literal"  [attr-defined]
(cloudera)ibis/ibis/expr/tests/test_rules.py:74:38: error: Module has no attribute "literal"  [attr-defined]
(cloudera)ibis/ibis/expr/tests/test_rules.py:75:40: error: Module has no attribute "literal"  [attr-defined]
(cloudera)ibis/ibis/expr/tests/test_rules.py:76:39: error: Module has no attribute "literal"  [attr-defined]
(cloudera)ibis/ibis/expr/tests/test_rules.py:77:40: error: Module has no attribute "literal"  [attr-defined]
(cloudera)ibis/ibis/expr/tests/test_rules.py:78:54: error: Module has no attribute "literal"  [attr-defined]
(cloudera)ibis/ibis/expr/tests/test_rules.py:82:13: error: Module has no attribute "literal"  [attr-defined]
(cloudera)ibis/ibis/expr/tests/test_rules.py:184:41: error: Module has no attribute "sequence"  [attr-defined]
(cloudera)ibis/ibis/expr/tests/test_rules.py:185:44: error: Module has no attribute "sequence"  [attr-defined]
(cloudera)ibis/ibis/expr/tests/test_rules.py:186:47: error: Module has no attribute "sequence"  [attr-defined]
(cloudera)ibis/ibis/expr/tests/test_rules.py:186:65: error: Module has no attribute "NA"  [attr-defined]
(cloudera)ibis/ibis/expr/tests/test_rules.py:187:43: error: Module has no attribute "sequence"  [attr-defined]
(cloudera)ibis/ibis/expr/tests/test_rules.py:188:47: error: Module has no attribute "sequence"  [attr-defined]
(cloudera)ibis/ibis/expr/tests/test_rules.py:192:13: error: Module has no attribute "sequence"  [attr-defined]
(cloudera)ibis/ibis/expr/tests/test_rules.py:200:13: error: Module has no attribute "sequence"  [attr-defined]
(cloudera)ibis/ibis/expr/tests/test_rules.py:226:22: error: Module has no attribute "interval"  [attr-defined]
(cloudera)ibis/ibis/expr/tests/test_rules.py:227:17: error: Module has no attribute "interval"  [attr-defined]
(cloudera)ibis/ibis/expr/tests/test_rules.py:238:17: error: Module has no attribute "interval"  [attr-defined]
(cloudera)ibis/ibis/expr/tests/test_rules.py:239:27: error: Module has no attribute "interval"  [attr-defined]
(cloudera)ibis/ibis/expr/tests/test_rules.py:240:27: error: Module has no attribute "interval"  [attr-defined]
(cloudera)ibis/ibis/expr/tests/test_rules.py:253:35: error: Module has no attribute "literal"  [attr-defined]
(cloudera)ibis/ibis/expr/tests/test_rules.py:254:42: error: Module has no attribute "literal"  [attr-defined]
(cloudera)ibis/ibis/expr/tests/test_rules.py:266:31: error: Module has no attribute "literal"  [attr-defined]
(cloudera)ibis/ibis/expr/tests/test_rules.py:267:35: error: Module has no attribute "literal"  [attr-defined]
(cloudera)ibis/ibis/expr/tests/test_rules.py:278:9: error: Module has no attribute "table"  [attr-defined]
(cloudera)ibis/ibis/expr/tests/test_rules.py:279:9: error: Module has no attribute "table"  [attr-defined]
(cloudera)ibis/ibis/expr/tests/test_rules.py:290:15: error: Module has no attribute "table"  [attr-defined]
(cloudera)ibis/ibis/expr/tests/test_timestamp.py:57:10: error: Module has no attribute "timestamp"  [attr-defined]
(cloudera)ibis/ibis/expr/tests/test_timestamp.py:58:10: error: Module has no attribute "literal"  [attr-defined]
(cloudera)ibis/ibis/expr/visualize.py:127:9: error: Module has no attribute "table"  [attr-defined]
(cloudera)ibis/ibis/expr/visualize.py:130:12: error: Module has no attribute "table"  [attr-defined]
(cloudera)ibis/ibis/expr/visualize.py:131:13: error: Module has no attribute "table"  [attr-defined]
(cloudera)ibis/ibis/mapd/tests/test_operations.py:16:28: error: Module has no attribute "literal"  [attr-defined]
(cloudera)ibis/ibis/mapd/tests/test_operations.py:21:28: error: Module has no attribute "literal"  [attr-defined]

[RRepo](Fahreeve)aiovk
(Fahreeve)aiovk/aiovk/longpoll.py:11:46: error: Invalid type comment or annotation  [valid-type]
(Fahreeve)aiovk/aiovk/longpoll.py:68:59: error: Unsupported left operand type for + ("None")  [operator]
(Fahreeve)aiovk/aiovk/longpoll.py:83:17: error: Unsupported left operand type for + ("None")  [operator]
(Fahreeve)aiovk/aiovk/sessions.py:122:71: error: Invalid type comment or annotation  [valid-type]
(Fahreeve)aiovk/aiovk/sessions.py:191:55: error: Syntax error in type annotation  [syntax]
(Fahreeve)aiovk/aiovk/sessions.py:191:55: note: Suggestion: Use Tuple[T1, ..., Tn] instead of (T1, ..., Tn)
(Fahreeve)aiovk/aiovk/sessions.py:222:56: error: Syntax error in type annotation  [syntax]
(Fahreeve)aiovk/aiovk/sessions.py:222:56: note: Suggestion: Use Tuple[T1, ..., Tn] instead of (T1, ..., Tn)
(Fahreeve)aiovk/aiovk/sessions.py:246:57: error: Syntax error in type annotation  [syntax]
(Fahreeve)aiovk/aiovk/sessions.py:246:57: note: Suggestion: Use Tuple[T1, ..., Tn] instead of (T1, ..., Tn)
(Fahreeve)aiovk/tests/test_longpoll.py:16:5: error: Need type annotation for 'message' (hint: "message: Dict[<type>, <type>] = ...")  [var-annotated]
(Fahreeve)aiovk/tests/test_drivers.py:22:5: error: Need type annotation for 'driver_kwargs' (hint: "driver_kwargs: Dict[<type>, <type>] = ...")  [var-annotated]
Found 9 errors in 4 files (checked 14 source files)

[RRepo](agdsn)pycroft
(agdsn)pycroft/tests/factories/property.py:34:15: error: Need type annotation for 'granted'  [var-annotated]
(agdsn)pycroft/tests/factories/property.py:35:14: error: Need type annotation for 'denied'  [var-annotated]
(agdsn)pycroft/pycroft/helpers/i18n.py:244:11: error: "Type[date]" has no attribute "fromisoformat"  [attr-defined]
(agdsn)pycroft/pycroft/helpers/i18n.py:245:15: error: "Type[datetime]" has no attribute "fromisoformat"  [attr-defined]
(agdsn)pycroft/pycroft/helpers/i18n.py:246:11: error: "Type[time]" has no attribute "fromisoformat"  [attr-defined]
(agdsn)pycroft/pycroft/model/alembic/env.py:22:19: error: "Type[ModelBase]" has no attribute "metadata"  [attr-defined]
(agdsn)pycroft/pycroft/model/host.py:96:34: error: "Type[ModelBase]" has no attribute "metadata"  [attr-defined]
(agdsn)pycroft/pycroft/model/host.py:133:41: error: "Type[Interface]" has no attribute "__table__"  [attr-defined]
(agdsn)pycroft/web/form/fields/core.py:12:1: error: Relative import climbs too many namespaces  [misc]
(agdsn)pycroft/pycroft/model/traffic.py:48:1: error: "Type[TrafficVolume]" has no attribute "__table__"  [attr-defined]
(agdsn)pycroft/pycroft/model/traffic.py:48:45: error: "Type[IP]" has no attribute "__table__"  [attr-defined]
(agdsn)pycroft/pycroft/model/traffic.py:66:14: error: "Type[TrafficVolume]" has no attribute "__table__"  [attr-defined]
(agdsn)pycroft/pycroft/model/traffic.py:113:18: error: "Type[TrafficVolume]" has no attribute "__table__"  [attr-defined]
(agdsn)pycroft/pycroft/model/traffic.py:114:17: error: "Type[TrafficVolume]" has no attribute "__table__"  [attr-defined]
(agdsn)pycroft/pycroft/model/traffic.py:132:14: error: "Type[TrafficVolume]" has no attribute "__table__"  [attr-defined]
(agdsn)pycroft/pycroft/model/traffic.py:161:18: error: "Type[TrafficVolume]" has no attribute "__table__"  [attr-defined]
(agdsn)pycroft/pycroft/model/traffic.py:162:17: error: "Type[TrafficVolume]" has no attribute "__table__"  [attr-defined]
(agdsn)pycroft/pycroft/model/traffic.py:212:5: error: "Type[TrafficVolume]" has no attribute "__table__"  [attr-defined]
(agdsn)pycroft/pycroft/model/task.py:50:6: error: Name 'parameters' already defined on line 44  [no-redef]
(agdsn)pycroft/pycroft/lib/task.py:38:5: error: Need type annotation for 'errors' (hint: "errors: List[<type>] = ...")  [var-annotated]
(agdsn)pycroft/pycroft/helpers/git_helpers.py:2:1: error: Module 'logging' has no attribute 'getLogger'  [attr-defined]

[RRepo](raviqqe)tensorflow-extenteten
(raviqqe)tensorflow-extenteten/extenteten/collections.py:3:1: error: No parent module -- cannot perform relative import  [misc]
Found 1 error in 1 file (checked 33 source files)

[RRepo](rusthon)Rusthon
(rusthon)Rusthon/regtests/run-benchmarks.py:100:12: error: Missing parentheses in call to 'print'. Did you mean print(name)?  [syntax]
Found 1 error in 1 file (checked 25 source files)

[RRepo](baldurk)renderdoc
(baldurk)renderdoc/docs/python_api/examples/renderdoc/remote_capture.py:18:4: error: Name 'protocol_to_use' is not defined  [name-defined]
(baldurk)renderdoc/docs/python_api/examples/renderdoc/remote_capture.py:20:8: error: Name 'protocol_to_use' is not defined  [name-defined]
(baldurk)renderdoc/docs/python_api/examples/renderdoc/remote_capture.py:21:28: error: Name 'protocol_to_use' is not defined  [name-defined]
(baldurk)renderdoc/docs/python_api/examples/renderdoc/remote_capture.py:23:47: error: Name 'protocol_to_use' is not defined  [name-defined]
(baldurk)renderdoc/docs/python_api/examples/renderdoc/remote_capture.py:28:28: error: Name 'protocol_to_use' is not defined  [name-defined]
(baldurk)renderdoc/docs/python_api/examples/renderdoc/remote_capture.py:56:11: error: Name 'hostname' is not defined  [name-defined]
(baldurk)renderdoc/docs/python_api/examples/renderdoc/remote_capture.py:59:49: error: Cannot determine type of 'URL'  [has-type]
(baldurk)renderdoc/docs/python_api/examples/renderdoc/remote_capture.py:61:50: error: Cannot determine type of 'protocol'  [has-type]
(baldurk)renderdoc/docs/python_api/examples/renderdoc/remote_capture.py:66:14: error: Cannot determine type of 'protocol'  [has-type]
(baldurk)renderdoc/docs/python_api/examples/renderdoc/remote_capture.py:66:41: error: Cannot determine type of 'URL'  [has-type]
(baldurk)renderdoc/docs/python_api/examples/renderdoc/remote_capture.py:72:53: error: Cannot determine type of 'URL'  [has-type]
(baldurk)renderdoc/docs/python_api/examples/renderdoc/remote_capture.py:96:35: error: Name 'select_executable' is not defined  [name-defined]
(baldurk)renderdoc/docs/python_api/examples/renderdoc/remote_capture.py:119:33: error: Cannot determine type of 'URL'  [has-type]
(baldurk)renderdoc/docs/python_api/examples/renderdoc/remote_capture.py:130:1: error: Name 'capture_condition' is not defined  [name-defined]
(baldurk)renderdoc/docs/python_api/examples/renderdoc/remote_capture.py:187:1: error: Name 'sampleCode' is not defined  [name-defined]
(baldurk)renderdoc/docs/python_api/examples/renderdoc/decode_mesh.py:14:16: error: Name 'rd.MeshFormat' is not defined  [name-defined]
(baldurk)renderdoc/docs/python_api/examples/renderdoc/decode_mesh.py:276:2: error: Name 'pyrenderdoc' is not defined  [name-defined]
(baldurk)renderdoc/util/test/tests/Vulkan/VK_Indirect.py:17:48: error: Cannot determine type of 'overlay_idx'  [has-type]
(baldurk)renderdoc/util/test/tests/Vulkan/VK_Indirect.py:18:42: error: Cannot determine type of 'overlay_idx'  [has-type]
(baldurk)renderdoc/util/test/tests/Vulkan/VK_Indirect.py:28:28: error: Cannot determine type of 'overlay_idx'  [has-type]
(baldurk)renderdoc/util/test/rdtest/analyse.py:9: error: Name 'rd.CaptureFile' is not defined  [name-defined]
(baldurk)renderdoc/util/test/rdtest/analyse.py:54: error: Name 'rd.ReplayController' is not defined  [name-defined]
(baldurk)renderdoc/util/test/rdtest/analyse.py:54: error: Name 'rd.MeshFormat' is not defined  [name-defined]
(baldurk)renderdoc/util/test/rdtest/analyse.py:83:11: error: Name 'rd.MeshFormat' is not defined  [name-defined]
(baldurk)renderdoc/util/test/rdtest/analyse.py:87: error: Name 'rd.ReplayController' is not defined  [name-defined]
(baldurk)renderdoc/util/test/rdtest/analyse.py:87: error: Name 'rd.MeshFormat' is not defined  [name-defined]
(baldurk)renderdoc/util/test/rdtest/analyse.py:88:11: error: Name 'rd.PipeState' is not defined  [name-defined]
(baldurk)renderdoc/util/test/rdtest/analyse.py:89: error: Name 'rd.VertexInputAttribute' is not defined  [name-defined]
(baldurk)renderdoc/util/test/rdtest/analyse.py:92: error: Name 'rd.BoundVBuffer' is not defined  [name-defined]
(baldurk)renderdoc/util/test/rdtest/analyse.py:115: error: Name 'rd.ReplayController' is not defined  [name-defined]
(baldurk)renderdoc/util/test/rdtest/analyse.py:115: error: Name 'rd.MeshFormat' is not defined  [name-defined]
(baldurk)renderdoc/util/test/rdtest/analyse.py:115: error: Name 'rd.MeshDataStage' is not defined  [name-defined]
(baldurk)renderdoc/util/test/rdtest/analyse.py:116:11: error: Name 'rd.PipeState' is not defined  [name-defined]
(baldurk)renderdoc/util/test/rdtest/analyse.py:178: error: Name 'rd.ResourceFormat' is not defined  [name-defined]
(baldurk)renderdoc/util/test/rdtest/analyse.py:224: error: Name 'rd.ReplayController' is not defined  [name-defined]
(baldurk)renderdoc/renderdoc/driver/vulkan/gen_dispatch_table.py:62:62: error: Item "None" of "Optional[str]" has no attribute "split"  [union-attr]
(baldurk)renderdoc/renderdoc/driver/vulkan/gen_dispatch_table.py:109:12: error: Item "None" of "Optional[Element]" has no attribute "text"  [union-attr]
(baldurk)renderdoc/renderdoc/driver/vulkan/gen_dispatch_table.py:109:12: error: Incompatible types in assignment (expression has type "Union[str, None, Any]", variable has type "str")  [assignment]
(baldurk)renderdoc/renderdoc/driver/vulkan/gen_dispatch_table.py:113:24: error: Item "None" of "Optional[Element]" has no attribute "text"  [union-attr]
Found 39 errors in 5 files (checked 42 source files)

[RRepo](box)ClusterRunner
(box)ClusterRunner/app/master/subjob.py:90:29: error: Name 'Atom' is not defined  [name-defined]
(box)ClusterRunner/app/master/subjob.py:96:68: error: Name 'Atom' is not defined  [name-defined]
(box)ClusterRunner/app/common/metrics.py:59: error: Name 'app' is not defined  [name-defined]
(box)ClusterRunner/app/common/metrics.py:84: error: Name 'app' is not defined  [name-defined]
(box)ClusterRunner/app/common/console_output.py:32:24: error: Argument 1 to "ConsoleOutput" has incompatible type "IO[bytes]"; expected "BinaryIO"  [arg-type]
(box)ClusterRunner/app/common/console_output.py:98:32: error: Need type annotation for 'console_output_lines'  [var-annotated]
(box)ClusterRunner/app/master/build_store.py:13:5: error: Need type annotation for '_all_builds_by_id'  [var-annotated]
(box)ClusterRunner/app/web_framework/route_node.py:20:9: error: Need type annotation for 'children' (hint: "children: List[<type>] = ...")  [var-annotated]
(box)ClusterRunner/app/web_framework/route_node.py:61:27: error: Incompatible types in assignment (expression has type "RouteNode", variable has type "None")  [assignment]
(box)ClusterRunner/app/web_framework/api_version_handler.py:28:35: error: Item "None" of "Optional[Match[str]]" has no attribute "group"  [union-attr]
(box)ClusterRunner/test/framework/base_unit_test_case.py:126:14: error: Cannot use isinstance() with Any type  [misc]
(box)ClusterRunner/app/web_framework/cluster_base_handler.py:75:22: error: Incompatible types in assignment (expression has type "int", variable has type "Optional[str]")  [assignment]
(box)ClusterRunner/app/web_framework/cluster_base_handler.py:75:26: error: Argument 1 to "int" has incompatible type "Optional[str]"; expected "Union[str, bytes, SupportsInt, _SupportsIndex]"  [arg-type]
(box)ClusterRunner/app/web_framework/cluster_base_handler.py:76:21: error: Incompatible types in assignment (expression has type "int", variable has type "Optional[str]")  [assignment]
(box)ClusterRunner/app/web_framework/cluster_base_handler.py:76:25: error: Argument 1 to "int" has incompatible type "Optional[str]"; expected "Union[str, bytes, SupportsInt, _SupportsIndex]"  [arg-type]
(box)ClusterRunner/app/web_framework/cluster_base_handler.py:79:49: error: Argument 1 to "_validate_pagination_params" of "ClusterBaseHandler" has incompatible type "Optional[str]"; expected "int"  [arg-type]
(box)ClusterRunner/app/web_framework/cluster_base_handler.py:79:57: error: Argument 2 to "_validate_pagination_params" of "ClusterBaseHandler" has incompatible type "Optional[str]"; expected "int"  [arg-type]
Found 17 errors in 8 files (checked 141 source files)

[RRepo](lyst)lightfm
(lyst)lightfm/tests/test_cross_validation.py:4:1: error: Module 'lightfm.datasets' has no attribute 'fetch_movielens'  [attr-defined]
(lyst)lightfm/tests/test_datasets.py:7:1: error: Module 'lightfm.datasets' has no attribute 'fetch_movielens'  [attr-defined]
(lyst)lightfm/tests/test_datasets.py:7:1: error: Module 'lightfm.datasets' has no attribute 'fetch_stackexchange'  [attr-defined]
(lyst)lightfm/setup.py:11:1: error: Module has no attribute "__LIGHTFM_SETUP__"  [attr-defined]
(lyst)lightfm/setup.py:12:1: error: Module 'lightfm' has no attribute '__version__'  [attr-defined]
(lyst)lightfm/setup.py:43:5: error: Need type annotation for 'user_options' (hint: "user_options: List[<type>] = ...")  [var-annotated]
Found 6 errors in 3 files (checked 14 source files)

[RRepo](reupen)aiogithub

[RRepo](Cog-Creators)Red-DiscordBot
(Cog-Creators)Red-DiscordBot/redbot/cogs/mod/mod.py:23:26: error: Unsupported dynamic base class "type"  [misc]
(Cog-Creators)Red-DiscordBot/redbot/cogs/mod/mod.py:62:29: error: Need type annotation for 'default_user_settings'  [var-annotated]
(Cog-Creators)Red-DiscordBot/redbot/core/drivers/red_json.py:16:1: error: Need type annotation for '_shared_datastore' (hint: "_shared_datastore: Dict[<type>, <type>] = ...")  [var-annotated]
(Cog-Creators)Red-DiscordBot/redbot/core/drivers/red_json.py:17:1: error: Need type annotation for '_driver_counts' (hint: "_driver_counts: Dict[<type>, <type>] = ...")  [var-annotated]
(Cog-Creators)Red-DiscordBot/redbot/core/drivers/red_json.py:18:1: error: Need type annotation for '_finalizers' (hint: "_finalizers: List[<type>] = ...")  [var-annotated]
(Cog-Creators)Red-DiscordBot/redbot/core/drivers/red_json.py:178:16: error: Module has no attribute "get_running_loop"; maybe "_get_running_loop" or "_set_running_loop"?  [attr-defined]
Found 6 errors in 2 files (checked 2 source files)

[RRepo](Ge0)chattymarkov
(Ge0)chattymarkov/setup.py:6:1: error: Need type annotation for 'KEYWORDS' (hint: "KEYWORDS: List[<type>] = ...")  [var-annotated]
Found 1 error in 1 file (checked 7 source files)

[RRepo](pengutronix)aiohttp-json-rpc
(pengutronix)aiohttp-json-rpc/aiohttp_json_rpc/exceptions.py:82:18: error: Incompatible types in assignment (expression has type "int", base class "RpcError" defined the type as "None")  [assignment]
(pengutronix)aiohttp-json-rpc/aiohttp_json_rpc/exceptions.py:87:18: error: Incompatible types in assignment (expression has type "int", base class "RpcError" defined the type as "None")  [assignment]
(pengutronix)aiohttp-json-rpc/aiohttp_json_rpc/exceptions.py:92:18: error: Incompatible types in assignment (expression has type "int", base class "RpcError" defined the type as "None")  [assignment]
(pengutronix)aiohttp-json-rpc/aiohttp_json_rpc/exceptions.py:97:18: error: Incompatible types in assignment (expression has type "int", base class "RpcError" defined the type as "None")  [assignment]
(pengutronix)aiohttp-json-rpc/aiohttp_json_rpc/exceptions.py:102:18: error: Incompatible types in assignment (expression has type "int", base class "RpcError" defined the type as "None")  [assignment]
(pengutronix)aiohttp-json-rpc/aiohttp_json_rpc/django/apps.py:2:1: error: Module 'django.apps' has no attribute 'AppConfig'  [attr-defined]
(pengutronix)aiohttp-json-rpc/aiohttp_json_rpc/pytest.py:12:9: error: Argument 1 to "import_module" has incompatible type "Optional[str]"; expected "str"  [arg-type]
(pengutronix)aiohttp-json-rpc/aiohttp_json_rpc/pytest.py:14:31: error: Module has no attribute "application"  [attr-defined]
(pengutronix)aiohttp-json-rpc/aiohttp_json_rpc/pytest.py:15:18: error: Module has no attribute "WSGI_APPLICATION"  [attr-defined]
(pengutronix)aiohttp-json-rpc/aiohttp_json_rpc/pytest.py:91:2: error: Module has no attribute "yield_fixture"  [attr-defined]
(pengutronix)aiohttp-json-rpc/aiohttp_json_rpc/pytest.py:101:2: error: Module has no attribute "yield_fixture"  [attr-defined]
(pengutronix)aiohttp-json-rpc/aiohttp_json_rpc/pytest.py:122:2: error: Module has no attribute "fixture"  [attr-defined]
(pengutronix)aiohttp-json-rpc/tests/test_method_args.py:4:2: error: Module has no attribute "mark"  [attr-defined]
(pengutronix)aiohttp-json-rpc/tests/test_method_args.py:93:2: error: Module has no attribute "mark"  [attr-defined]
(pengutronix)aiohttp-json-rpc/tests/test_method_args.py:129:2: error: Module has no attribute "mark"  [attr-defined]
(pengutronix)aiohttp-json-rpc/tests/test_method_args.py:149:2: error: Module has no attribute "mark"  [attr-defined]
(pengutronix)aiohttp-json-rpc/tests/test_method_args.py:169:2: error: Module has no attribute "mark"  [attr-defined]
(pengutronix)aiohttp-json-rpc/tests/test_publish_subscribe.py:4:2: error: Module has no attribute "mark"  [attr-defined]
(pengutronix)aiohttp-json-rpc/tests/test_publish_subscribe.py:15:2: error: Module has no attribute "mark"  [attr-defined]
(pengutronix)aiohttp-json-rpc/tests/test_publish_subscribe.py:29:2: error: Module has no attribute "mark"  [attr-defined]
(pengutronix)aiohttp-json-rpc/tests/test_publish_subscribe.py:44:2: error: Module has no attribute "mark"  [attr-defined]
(pengutronix)aiohttp-json-rpc/tests/test_publish_subscribe.py:71:2: error: Module has no attribute "mark"  [attr-defined]
(pengutronix)aiohttp-json-rpc/tests/test_publish_subscribe.py:99:2: error: Module has no attribute "mark"  [attr-defined]
(pengutronix)aiohttp-json-rpc/tests/test_method_api.py:4:2: error: Module has no attribute "mark"  [attr-defined]
(pengutronix)aiohttp-json-rpc/tests/test_method_api.py:29:2: error: Module has no attribute "mark"  [attr-defined]
(pengutronix)aiohttp-json-rpc/tests/test_method_api.py:54:2: error: Module has no attribute "mark"  [attr-defined]
(pengutronix)aiohttp-json-rpc/tests/test_method_api.py:79:2: error: Module has no attribute "mark"  [attr-defined]
(pengutronix)aiohttp-json-rpc/tests/test_django_auth_backend.py:3:14: error: Module has no attribute "mark"  [attr-defined]
(pengutronix)aiohttp-json-rpc/tests/test_django_auth_backend.py:6:2: error: Module has no attribute "fixture"  [attr-defined]
(pengutronix)aiohttp-json-rpc/tests/test_django_auth_backend.py:14:2: error: Module has no attribute "mark"  [attr-defined]
(pengutronix)aiohttp-json-rpc/tests/test_django_auth_backend.py:47:2: error: Module has no attribute "mark"  [attr-defined]
(pengutronix)aiohttp-json-rpc/tests/test_django_auth_backend.py:61:2: error: Module has no attribute "mark"  [attr-defined]
(pengutronix)aiohttp-json-rpc/tests/test_django_auth_backend.py:80:2: error: Module has no attribute "mark"  [attr-defined]
(pengutronix)aiohttp-json-rpc/tests/test_django_auth_backend.py:101:2: error: Module has no attribute "mark"  [attr-defined]
(pengutronix)aiohttp-json-rpc/tests/test_django_auth_backend.py:124:2: error: Module has no attribute "mark"  [attr-defined]
(pengutronix)aiohttp-json-rpc/tests/test_forms.py:5:2: error: Module has no attribute "mark"  [attr-defined]
(pengutronix)aiohttp-json-rpc/tests/test_decorators.py:4:2: error: Module has no attribute "mark"  [attr-defined]
(pengutronix)aiohttp-json-rpc/tests/test_methods.py:4:2: error: Module has no attribute "mark"  [attr-defined]
(pengutronix)aiohttp-json-rpc/tests/test_methods.py:13:2: error: Module has no attribute "mark"  [attr-defined]
(pengutronix)aiohttp-json-rpc/tests/test_methods.py:41:2: error: Module has no attribute "mark"  [attr-defined]
(pengutronix)aiohttp-json-rpc/tests/test_methods.py:71:2: error: Module has no attribute "mark"  [attr-defined]
(pengutronix)aiohttp-json-rpc/tests/test_methods.py:85:2: error: Module has no attribute "mark"  [attr-defined]
(pengutronix)aiohttp-json-rpc/tests/test_django_transactions.py:12:14: error: Module has no attribute "mark"  [attr-defined]
(pengutronix)aiohttp-json-rpc/tests/test_django_transactions.py:114:2: error: Module has no attribute "mark"  [attr-defined]
(pengutronix)aiohttp-json-rpc/tests/test_django_transactions.py:115:2: error: Module has no attribute "mark"  [attr-defined]
(pengutronix)aiohttp-json-rpc/tests/test_client.py:7:14: error: Module has no attribute "mark"  [attr-defined]
(pengutronix)aiohttp-json-rpc/tests/test_errors.py:4:2: error: Module has no attribute "mark"  [attr-defined]
(pengutronix)aiohttp-json-rpc/tests/test_errors.py:14:2: error: Module has no attribute "mark"  [attr-defined]
(pengutronix)aiohttp-json-rpc/tests/test_errors.py:29:2: error: Module has no attribute "mark"  [attr-defined]
(pengutronix)aiohttp-json-rpc/tests/test_errors.py:44:2: error: Module has no attribute "mark"  [attr-defined]
(pengutronix)aiohttp-json-rpc/tests/test_errors.py:74:2: error: Module has no attribute "mark"  [attr-defined]
Found 51 errors in 13 files (checked 26 source files)

[RRepo](NLHEALTHCARE)PYELT
(NLHEALTHCARE)PYELT/pyelt/mappings/base.py:32:76: error: misplaced type annotation  [syntax]
Found 1 error in 1 file (checked 69 source files)

[RRepo](google)merge_pyi
(google)merge_pyi/testdata/packed_tuple.py:3:9: error: invalid syntax  [syntax]
Found 1 error in 1 file (checked 50 source files)

[RRepo](robocomp)learnbot
(robocomp)learnbot/learnbot_dsl/components/apriltag/src/apriltagI.py:47:17: error: Name 'Apriltag' is not defined  [name-defined]
(robocomp)learnbot/learnbot_dsl/components/emotionrecognition2/src/emotionrecognitionI.py:56:27: error: Name 'EmotionRecognition' is not defined  [name-defined]
(robocomp)learnbot/learnbot_dsl/learnbotCode/Block.py:84:5: error: Need type annotation for 'translate' (hint: "translate: Dict[<type>, <type>] = ...")  [var-annotated]
(robocomp)learnbot/learnbot_dsl/learnbotCode/Block.py:85:5: error: Need type annotation for 'values' (hint: "values: List[<type>] = ...")  [var-annotated]
(robocomp)learnbot/learnbot_dsl/learnbotCode/Block.py:86:5: error: Need type annotation for 'translateValues' (hint: "translateValues: Dict[<type>, <type>] = ...")  [var-annotated]
(robocomp)learnbot/learnbot_dsl/learnbotCode/dialogAddNumberOrString.py:6:1: error: Module 'learnbot_dsl.blocksConfig' has no attribute 'pathBlocks'  [attr-defined]
(robocomp)learnbot/learnbot_dsl/learnbotCode/dialogAddNumberOrString.py:34:28: error: Name 'QtWidgets' is not defined  [name-defined]

[RRepo](Woile)commitizen
(Woile)commitizen/commitizen/bump.py:58:56: error: Value of type "Optional[Tuple[str, int]]" is not indexable  [index]
(Woile)commitizen/commitizen/bump.py:59:32: error: Incompatible types in assignment (expression has type "object", variable has type "int")  [assignment]
(Woile)commitizen/commitizen/bump.py:59:37: error: Argument 1 to "list" has incompatible type "Optional[Tuple[str, int]]"; expected "Iterable[object]"  [arg-type]
(Woile)commitizen/commitizen/bump.py:168:22: error: Value of type "Optional[Tuple[str, int]]" is not indexable  [index]
Found 4 errors in 1 file (checked 28 source files)

[RRepo](nfnty)dockerfiles
Success: no issues found in 7 source files

[RRepo](Drummersbrother)rocket-snake
(Drummersbrother)rocket-snake/tests/experiments.py:48:19: error: "object" has no attribute "format"  [attr-defined]
Found 1 error in 1 file (checked 1 source file)

[RRepo](Nic30)HWToolkit
(Nic30)HWToolkit/hwt/synthesizer/interfaceLevel/propDeclrCollector.py:1:1: error: Module 'types' has no attribute 'MethodType'  [attr-defined]
(Nic30)HWToolkit/hwt/synthesizer/interfaceLevel/propDeclrCollector.py:136:13: error: Need type annotation for '_params' (hint: "_params: List[<type>] = ...")  [var-annotated]
(Nic30)HWToolkit/hwt/synthesizer/interfaceLevel/propDeclrCollector.py:187:20: error: Cannot determine type of '_associatedClk'  [has-type]
(Nic30)HWToolkit/hwt/synthesizer/interfaceLevel/propDeclrCollector.py:191:20: error: Cannot determine type of '_associatedRst'  [has-type]
(Nic30)HWToolkit/hwt/synthesizer/rtlLevel/rtlSignal.py:120:5: error: Missing return statement  [return]
(Nic30)HWToolkit/hwt/synthesizer/rtlLevel/rtlSignal.py:121:45: error: Name 'Operator' is not defined  [name-defined]
(Nic30)HWToolkit/hwt/synthesizer/rtlLevel/rtlSignal.py:125:13: error: Return value expected  [return-value]
(Nic30)HWToolkit/hwt/synthesizer/rtlLevel/rtlSignal.py:129:13: error: Return value expected  [return-value]
(Nic30)HWToolkit/hwt/synthesizer/rtlLevel/rtlSignal.py:138:13: error: Return value expected  [return-value]
(Nic30)HWToolkit/hwt/synthesizer/param.py:94:52: error: Function "param.Param.set" is not valid as a type  [valid-type]
(Nic30)HWToolkit/hwt/synthesizer/param.py:94:52: note: Perhaps you need "Callable[...]" or a callback protocol?
(Nic30)HWToolkit/hwt/synthesizer/param.py:96:9: error: set? has no attribute "add"  [attr-defined]
(Nic30)HWToolkit/hwt/synthesizer/param.py:100:42: error: Function "param.Param.set" is not valid as a type  [valid-type]
(Nic30)HWToolkit/hwt/synthesizer/param.py:100:42: note: Perhaps you need "Callable[...]" or a callback protocol?
(Nic30)HWToolkit/hwt/synthesizer/param.py:101:9: error: set? has no attribute "add"  [attr-defined]
(Nic30)HWToolkit/hwt/serializer/generic/indent.py:2:1: error: Need type annotation for '_indentCache' (hint: "_indentCache: Dict[<type>, <type>] = ...")  [var-annotated]
(Nic30)HWToolkit/hwt/serializer/vhdl/ops.py:101:13: error: "Type[VhdlSerializer_ops]" has no attribute "asHdl"  [attr-defined]
(Nic30)HWToolkit/hwt/serializer/vhdl/ops.py:130:17: error: "Type[VhdlSerializer_ops]" has no attribute "FunctionContainer"  [attr-defined]
(Nic30)HWToolkit/hwt/serializer/vhdl/ops.py:142:32: error: "Type[VhdlSerializer_ops]" has no attribute "asHdl"  [attr-defined]
(Nic30)HWToolkit/hwt/serializer/vhdl/ops.py:146:30: error: "Type[VhdlSerializer_ops]" has no attribute "condAsHdl"  [attr-defined]
(Nic30)HWToolkit/hwt/serializer/vhdl/ops.py:151:18: error: "Type[VhdlSerializer_ops]" has no attribute "asHdl"  [attr-defined]
(Nic30)HWToolkit/hwt/serializer/vhdl/ops.py:158:22: error: "Type[VhdlSerializer_ops]" has no attribute "asHdl"  [attr-defined]
(Nic30)HWToolkit/hwt/simulator/types/simBits.py:8:1: error: Need type annotation for '__simBitsTCache' (hint: "__simBitsTCache: Dict[<type>, <type>] = ...")  [var-annotated]
(Nic30)HWToolkit/hwt/hdl/types/structValBase.py:10:5: error: Need type annotation for '__slots__' (hint: "__slots__: List[<type>] = ...")  [var-annotated]
(Nic30)HWToolkit/hwt/hdl/process.py:25:52: error: Name 'HdlStatement' is not defined  [name-defined]
(Nic30)HWToolkit/hwt/hdl/process.py:26:39: error: Name 'RtlSignal' is not defined  [name-defined]
(Nic30)HWToolkit/hwt/hdl/transTmpl.py:115:9: error: Need type annotation for 'children' (hint: "children: List[<type>] = ...")  [var-annotated]
(Nic30)HWToolkit/hwt/hdl/transTmpl.py:126:25: error: Incompatible types in assignment (expression has type "TransTmpl", variable has type "List[Any]")  [assignment]
(Nic30)HWToolkit/hwt/hdl/transTmpl.py:128:41: error: "List[Any]" has no attribute "bitAddrEnd"  [attr-defined]
(Nic30)HWToolkit/hwt/hdl/transTmpl.py:225:52: error: Incompatible default for argument "otherObjItCtx" (default has type "_DummyIteratorCtx", argument has type "ObjIteratorCtx")  [assignment]
(Nic30)HWToolkit/hwt/hdl/transTmpl.py:266:36: error: "List[Any]" has no attribute "walkFlatten"  [attr-defined]
(Nic30)HWToolkit/hwt/hdl/transTmpl.py:272:40: error: Argument 4 to "OneOfTransaction" has incompatible type "List[Any]"; expected "Tuple[TransTmpl]"  [arg-type]
(Nic30)HWToolkit/hwt/hdl/transTmpl.py:275:17: error: Incompatible types in "yield" (actual type "StreamTransaction", expected type "Union[Tuple[Tuple[int, int], TransTmpl], OneOfTransaction]")  [misc]
(Nic30)HWToolkit/hwt/hdl/transTmpl.py:297:18: error: Unexpected keyword argument "offset" for "__repr__" of "object"  [call-arg]
/usr/local/lib/python3.6/dist-packages/mypy/typeshed/stdlib/2and3/builtins.pyi:58:5: note: "__repr__" of "object" defined here
(Nic30)HWToolkit/hwt/hdl/transTmpl.py:297:18: error: Unexpected keyword argument "offset" for "__repr__" of "object"  [call-arg]
/usr/local/lib/python3.6/dist-packages/mypy/typeshed/stdlib/2and3/builtins.pyi:58:5: note: "__repr__" of "object" defined here
(Nic30)HWToolkit/hwt/hdl/transTmpl.py:347:13: error: Incompatible types in "yield" (actual type "Generator[Union[Tuple[Tuple[int, int], TransTmpl], OneOfTransaction], None, None]", expected type "Union[Tuple[Tuple[int, int], TransTmpl], OneOfTransaction]")  [misc]
(Nic30)HWToolkit/hwt/hdl/frameTmplUtils.py:91:18: error: "TransPartGroup" has no attribute "startOfPart"  [attr-defined]
(Nic30)HWToolkit/hwt/hdl/frameTmplUtils.py:91:37: error: "TransPartGroup" has no attribute "parent"  [attr-defined]
(Nic30)HWToolkit/hwt/hdl/frameTmplUtils.py:222:45: error: Name 'TransTmpl' is not defined  [name-defined]
(Nic30)HWToolkit/hwt/hdl/statementUtils.py:51:5: error: No return value expected  [return-value]
(Nic30)HWToolkit/hwt/hdl/assignment.py:81:16: error: Cannot determine type of '_enclosed_for'  [has-type]
(Nic30)HWToolkit/hwt/hdl/assignment.py:83:9: error: <nothing> has no attribute "update"  [attr-defined]
(Nic30)HWToolkit/hwt/hdl/assignment.py:87:16: error: Cannot determine type of '_sensitivity'  [has-type]
(Nic30)HWToolkit/hwt/hdl/assignment.py:90:9: error: Need type annotation for 'casualSensitivity' (hint: "casualSensitivity: Set[<type>] = ...")  [var-annotated]
(Nic30)HWToolkit/hwt/hdl/assignment.py:95:9: error: "None" has no attribute "extend"  [attr-defined]
(Nic30)HWToolkit/hwt/hdl/operator.py:78:5: error: Missing return statement  [return]
(Nic30)HWToolkit/hwt/hdl/transPart.py:20:32: error: Name 'FrameTmpl' is not defined  [name-defined]
(Nic30)HWToolkit/hwt/interfaces/agents/handshaked.py:219:9: error: Need type annotation for 'callbacks' (hint: "callbacks: Dict[<type>, <type>] = ...")  [var-annotated]
(Nic30)HWToolkit/hwt/code_utils.py:53:24: error: Incompatible types in assignment (expression has type "Iterator[Any]", variable has type "Tuple[Any, ...]")  [assignment]
(Nic30)HWToolkit/hwt/synthesizer/rtlLevel/netlist.py:82:9: error: Need type annotation for 'seen' (hint: "seen: Set[<type>] = ...")  [var-annotated]
(Nic30)HWToolkit/hwt/synthesizer/vectorUtils.py:132:21: error: "None" has no attribute "_dtype"  [attr-defined]
(Nic30)HWToolkit/hwt/synthesizer/vectorUtils.py:148:24: error: Value of type "Optional[Any]" is not indexable  [index]
(Nic30)HWToolkit/hwt/synthesizer/vectorUtils.py:150:24: error: Value of type "Optional[Any]" is not indexable  [index]
(Nic30)HWToolkit/hwt/serializer/resourceAnalyzer/analyzer.py:55:5: error: Need type annotation for '_keywords_dict' (hint: "_keywords_dict: Dict[<type>, <type>] = ...")  [var-annotated]
(Nic30)HWToolkit/hwt/serializer/ip_packager.py:145:5: error: Missing return statement  [return]
(Nic30)HWToolkit/hwt/serializer/ip_packager.py:152:20: error: Incompatible return value type (got "List[Any]", expected "Union[bool, None, Tuple[int, int]]")  [return-value]
(Nic30)HWToolkit/hwt/hdl/types/boolVal.py:1:1: error: Module 'operator' has no attribute 'eq'  [attr-defined]
(Nic30)HWToolkit/hwt/hdl/types/boolVal.py:1:1: error: Module 'operator' has no attribute 'ne'  [attr-defined]
(Nic30)HWToolkit/hwt/hdl/types/integerVal.py:7:1: error: Module 'operator' has no attribute 'pow'  [attr-defined]
(Nic30)HWToolkit/hwt/hdl/types/integerVal.py:7:1: error: Module 'operator' has no attribute 'eq'  [attr-defined]
(Nic30)HWToolkit/hwt/hdl/ifContainter.py:5:1: error: Module 'operator' has no attribute 'and_'  [attr-defined]
(Nic30)HWToolkit/hwt/hdl/ifContainter.py:81:9: error: Need type annotation for 'child_keep_mask' (hint: "child_keep_mask: List[<type>] = ...")  [var-annotated]
(Nic30)HWToolkit/hwt/hdl/ifContainter.py:83:9: error: Need type annotation for 'newIfTrue' (hint: "newIfTrue: List[<type>] = ...")  [var-annotated]
(Nic30)HWToolkit/hwt/hdl/ifContainter.py:92:13: error: Need type annotation for 'newCase' (hint: "newCase: List[<type>] = ...")  [var-annotated]
(Nic30)HWToolkit/hwt/hdl/ifContainter.py:107:13: error: Need type annotation for 'newIfFalse' (hint: "newIfFalse: List[<type>] = ...")  [var-annotated]
(Nic30)HWToolkit/hwt/hdl/ifContainter.py:303:16: error: Incompatible return value type (got "Tuple[Any, bool]", expected "Tuple[bool, List[Any]]")  [return-value]
(Nic30)HWToolkit/hwt/hdl/switchContainer.py:2:1: error: Module 'operator' has no attribute 'and_'  [attr-defined]
(Nic30)HWToolkit/hwt/hdl/switchContainer.py:42:9: error: Need type annotation for '_case_value_index' (hint: "_case_value_index: Dict[<type>, <type>] = ...")  [var-annotated]
(Nic30)HWToolkit/hwt/hdl/switchContainer.py:62:16: error: Cannot determine type of '_enclosed_for'  [has-type]
(Nic30)HWToolkit/hwt/hdl/switchContainer.py:63:21: error: Need type annotation for '_enclosed_for' (hint: "_enclosed_for: Set[<type>] = ...")  [var-annotated]
(Nic30)HWToolkit/hwt/hdl/switchContainer.py:64:53: error: Incompatible types in assignment (expression has type "List[<nothing>]", variable has type "None")  [assignment]
(Nic30)HWToolkit/hwt/hdl/switchContainer.py:86:50: error: Unsupported right operand type for in ("None")  [operator]
(Nic30)HWToolkit/hwt/hdl/switchContainer.py:94:16: error: Cannot determine type of '_sensitivity'  [has-type]
(Nic30)HWToolkit/hwt/hdl/switchContainer.py:97:9: error: Need type annotation for 'casual_sensitivity' (hint: "casual_sensitivity: Set[<type>] = ...")  [var-annotated]
(Nic30)HWToolkit/hwt/hdl/switchContainer.py:119:29: error: No overload variant of "zip" matches argument types "List[Tuple[Any, List[Any]]]", "None"  [call-overload]
(Nic30)HWToolkit/hwt/hdl/switchContainer.py:119:29: note: Possible overload variant:
(Nic30)HWToolkit/hwt/hdl/switchContainer.py:119:29: note:     def [_T1, _T2] zip(__iter1, Iterable[_T1], Iterable[_T2]) -> Iterator[Tuple[_T1, _T2]]
(Nic30)HWToolkit/hwt/hdl/switchContainer.py:119:29: note:     <5 more non-matching overloads not shown>
(Nic30)HWToolkit/hwt/hdl/switchContainer.py:129:13: error: "None" has no attribute "update"  [attr-defined]
(Nic30)HWToolkit/hwt/hdl/switchContainer.py:163:44: error: Name 'IfContainer' is not defined  [name-defined]
(Nic30)HWToolkit/hwt/hdl/operatorDefs.py:1:1: error: Module 'operator' has no attribute 'floordiv'  [attr-defined]
(Nic30)HWToolkit/hwt/hdl/operatorDefs.py:1:1: error: Module 'operator' has no attribute 'add'  [attr-defined]
(Nic30)HWToolkit/hwt/hdl/operatorDefs.py:1:1: error: Module 'operator' has no attribute 'sub'  [attr-defined]
(Nic30)HWToolkit/hwt/hdl/operatorDefs.py:1:1: error: Module 'operator' has no attribute 'inv'  [attr-defined]
(Nic30)HWToolkit/hwt/hdl/operatorDefs.py:1:1: error: Module 'operator' has no attribute 'mod'  [attr-defined]
(Nic30)HWToolkit/hwt/hdl/operatorDefs.py:1:1: error: Module 'operator' has no attribute 'mul'  [attr-defined]
(Nic30)HWToolkit/hwt/hdl/operatorDefs.py:1:1: error: Module 'operator' has no attribute 'ne'  [attr-defined]
(Nic30)HWToolkit/hwt/hdl/operatorDefs.py:1:1: error: Module 'operator' has no attribute 'and_'  [attr-defined]
(Nic30)HWToolkit/hwt/hdl/operatorDefs.py:1:1: error: Module 'operator' has no attribute 'or_'  [attr-defined]
(Nic30)HWToolkit/hwt/hdl/operatorDefs.py:1:1: error: Module 'operator' has no attribute 'xor'  [attr-defined]
(Nic30)HWToolkit/hwt/hdl/operatorDefs.py:1:1: error: Module 'operator' has no attribute 'gt'  [attr-defined]
(Nic30)HWToolkit/hwt/hdl/operatorDefs.py:1:1: error: Module 'operator' has no attribute 'ge'  [attr-defined]
(Nic30)HWToolkit/hwt/hdl/operatorDefs.py:1:1: error: Module 'operator' has no attribute 'lt'  [attr-defined]
(Nic30)HWToolkit/hwt/hdl/operatorDefs.py:1:1: error: Module 'operator' has no attribute 'le'  [attr-defined]
(Nic30)HWToolkit/hwt/hdl/operatorDefs.py:1:1: error: Module 'operator' has no attribute 'getitem'  [attr-defined]
(Nic30)HWToolkit/hwt/hdl/operatorDefs.py:1:1: error: Module 'operator' has no attribute 'neg'  [attr-defined]
(Nic30)HWToolkit/hwt/pyUtils/arrayQuery.py:4:1: error: Module 'types' has no attribute 'GeneratorType'  [attr-defined]
(Nic30)HWToolkit/hwt/code.py:2:1: error: Module 'operator' has no attribute 'and_'  [attr-defined]
(Nic30)HWToolkit/hwt/code.py:2:1: error: Module 'operator' has no attribute 'or_'  [attr-defined]
(Nic30)HWToolkit/hwt/code.py:2:1: error: Module 'operator' has no attribute 'xor'  [attr-defined]
(Nic30)HWToolkit/hwt/code.py:2:1: error: Module 'operator' has no attribute 'add'  [attr-defined]
(Nic30)HWToolkit/hwt/simulator/vcdHdlSimConfig.py:73:21: error: Item "None" of "Optional[Any]" has no attribute "addVar"  [union-attr]
(Nic30)HWToolkit/hwt/simulator/shortcuts.py:5:1: error: Module 'types' has no attribute 'ModuleType'  [attr-defined]
(Nic30)HWToolkit/docs/conf.py:112:1: error: Need type annotation for 'latex_elements' (hint: "latex_elements: Dict[<type>, <type>] = ...")  [var-annotated]
Found 99 errors in 30 files (checked 120 source files)

[RRepo](coala)coala
(coala)coala/coalib/results/TextPosition.py:14:31: error: Syntax error in type annotation  [syntax]
(coala)coala/coalib/results/TextPosition.py:14:31: note: Suggestion: Use Tuple[T1, ..., Tn] instead of (T1, ..., Tn)

[RRepo](mlouielu)twstock
(mlouielu)twstock/twstock/realtime.py:30:5: error: Unsupported target for indexed assignment  [index]
(mlouielu)twstock/twstock/realtime.py:31:5: error: Unsupported target for indexed assignment  [index]
(mlouielu)twstock/twstock/realtime.py:32:5: error: Unsupported target for indexed assignment  [index]
(mlouielu)twstock/twstock/realtime.py:33:5: error: Unsupported target for indexed assignment  [index]
(mlouielu)twstock/twstock/realtime.py:34:5: error: Unsupported target for indexed assignment  [index]
(mlouielu)twstock/twstock/realtime.py:44:5: error: Unsupported target for indexed assignment  [index]
(mlouielu)twstock/twstock/realtime.py:45:5: error: Unsupported target for indexed assignment  [index]
(mlouielu)twstock/twstock/realtime.py:46:5: error: Unsupported target for indexed assignment  [index]
(mlouielu)twstock/twstock/realtime.py:47:5: error: Unsupported target for indexed assignment  [index]
(mlouielu)twstock/twstock/realtime.py:48:5: error: Unsupported target for indexed assignment  [index]
(mlouielu)twstock/twstock/realtime.py:49:5: error: Unsupported target for indexed assignment  [index]
(mlouielu)twstock/twstock/realtime.py:50:5: error: Unsupported target for indexed assignment  [index]
(mlouielu)twstock/twstock/realtime.py:51:5: error: Unsupported target for indexed assignment  [index]
(mlouielu)twstock/twstock/realtime.py:52:5: error: Unsupported target for indexed assignment  [index]
(mlouielu)twstock/twstock/realtime.py:53:5: error: Unsupported target for indexed assignment  [index]
Found 15 errors in 1 file (checked 17 source files)

[RRepo](ktsstudio)aiokts
(ktsstudio)aiokts/aiokts/manage.py:19:5: error: Need type annotation for '_modules' (hint: "_modules: Dict[<type>, <type>] = ...")  [var-annotated]
(ktsstudio)aiokts/aiokts/manage.py:118:10: error: Name 'Manage' is not defined  [name-defined]
(ktsstudio)aiokts/aiokts/store/base_accessors/base_mysql.py:135:6: error: Name 'mysql_connected_check' is not defined  [name-defined]
(ktsstudio)aiokts/aiokts/store/base_accessors/base_mysql.py:140:6: error: Name 'supply_mysql_conn' is not defined  [name-defined]
(ktsstudio)aiokts/aiokts/store/base_accessors/base_mysql.py:141:6: error: Name 'mysql_connected_check' is not defined  [name-defined]
(ktsstudio)aiokts/aiokts/store/base_accessors/base_mysql.py:183:6: error: Name 'mysql_connected_check' is not defined  [name-defined]
(ktsstudio)aiokts/aiokts/store/base_accessors/base_mysql.py:208:6: error: Name 'mysql_connected_check' is not defined  [name-defined]
(ktsstudio)aiokts/aiokts/store/base_accessors/base_mysql.py:234:6: error: Name 'mysql_connected_check' is not defined  [name-defined]
(ktsstudio)aiokts/aiokts/store/base_accessors/base_mysql.py:260:6: error: Name 'supply_persist_conn_trx' is not defined  [name-defined]
(ktsstudio)aiokts/aiokts/store/base_accessors/base_mysql.py:261:6: error: Name 'mysql_connected_check' is not defined  [name-defined]
(ktsstudio)aiokts/aiokts/store/base_accessors/base_mysql.py:268:6: error: Name 'supply_mysql_conn' is not defined  [name-defined]
(ktsstudio)aiokts/aiokts/store/base_accessors/base_mysql.py:269:6: error: Name 'mysql_connected_check' is not defined  [name-defined]
(ktsstudio)aiokts/aiokts/store/base_accessors/base_mysql.py:274:6: error: Name 'supply_mysql_conn' is not defined  [name-defined]
(ktsstudio)aiokts/aiokts/store/base_accessors/base_mysql.py:275:6: error: Name 'mysql_connected_check' is not defined  [name-defined]
(ktsstudio)aiokts/aiokts/store/base_accessors/base_mysql.py:286:6: error: Name 'supply_mysql_conn' is not defined  [name-defined]
(ktsstudio)aiokts/aiokts/store/base_accessors/base_mysql.py:287:6: error: Name 'mysql_connected_check' is not defined  [name-defined]
(ktsstudio)aiokts/aiokts/daemon.py:73:5: error: Need type annotation for 'STORE_NEED' (hint: "STORE_NEED: List[<type>] = ...")  [var-annotated]
(ktsstudio)aiokts/aiokts/web/application.py:12:5: error: Need type annotation for 'ROUTES' (hint: "ROUTES: List[<type>] = ...")  [var-annotated]
(ktsstudio)aiokts/aiokts/web/handler.py:3:1: error: Module 'aiohttp.helpers' has no attribute 'AccessLogger'  [attr-defined]
Found 19 errors in 5 files (checked 26 source files)

[RRepo](caterinaurban)Lyra
(caterinaurban)Lyra/src/lyra/core/types.py:18:5: error: Argument 1 of "__eq__" is incompatible with supertype "object"; supertype defines the argument type as "object"  [override]
(caterinaurban)Lyra/src/lyra/core/types.py:18:5: note: It is recommended for "__eq__" to work with arbitrary objects, for example:
(caterinaurban)Lyra/src/lyra/core/types.py:18:5: note:     def __eq__(self, other: object) -> bool:
(caterinaurban)Lyra/src/lyra/core/types.py:18:5: note:         if not isinstance(other, LyraType):
(caterinaurban)Lyra/src/lyra/core/types.py:18:5: note:             return NotImplemented
(caterinaurban)Lyra/src/lyra/core/types.py:18:5: note:         return <logic to compare two LyraType instances>
(caterinaurban)Lyra/src/lyra/core/types.py:21:5: error: Argument 1 of "__ne__" is incompatible with supertype "object"; supertype defines the argument type as "object"  [override]
(caterinaurban)Lyra/src/lyra/core/statements.py:35:5: error: Argument 1 of "__eq__" is incompatible with supertype "object"; supertype defines the argument type as "object"  [override]
(caterinaurban)Lyra/src/lyra/core/statements.py:35:5: note: It is recommended for "__eq__" to work with arbitrary objects, for example:
(caterinaurban)Lyra/src/lyra/core/statements.py:35:5: note:     def __eq__(self, other: object) -> bool:
(caterinaurban)Lyra/src/lyra/core/statements.py:35:5: note:         if not isinstance(other, ProgramPoint):
(caterinaurban)Lyra/src/lyra/core/statements.py:35:5: note:             return NotImplemented
(caterinaurban)Lyra/src/lyra/core/statements.py:35:5: note:         return <logic to compare two ProgramPoint instances>
(caterinaurban)Lyra/src/lyra/core/statements.py:41:5: error: Argument 1 of "__ne__" is incompatible with supertype "object"; supertype defines the argument type as "object"  [override]
(caterinaurban)Lyra/src/lyra/abstract_domains/assumption/alphabet_domain.py:63:20: error: Need type annotation for 'lattices'  [var-annotated]
(caterinaurban)Lyra/src/lyra/abstract_domains/assumption/alphabet_domain.py:73:9: error: Name 'variables' already defined on line 69  [no-redef]
(caterinaurban)Lyra/src/lyra/abstract_domains/assumption/quantity_domain.py:72:20: error: Need type annotation for 'lattices'  [var-annotated]
(caterinaurban)Lyra/src/lyra/abstract_domains/assumption/quantity_domain.py:83:9: error: Name 'variables' already defined on line 79  [no-redef]
(caterinaurban)Lyra/src/lyra/abstract_domains/assumption/wordset_domain.py:61:20: error: Need type annotation for 'lattices'  [var-annotated]
(caterinaurban)Lyra/src/lyra/abstract_domains/assumption/wordset_domain.py:71:9: error: Name 'variables' already defined on line 67  [no-redef]
(caterinaurban)Lyra/src/lyra/abstract_domains/numerical/sign_domain.py:45:36: error: Name 'Literal' is not defined  [name-defined]
(caterinaurban)Lyra/src/lyra/abstract_domains/numerical/sign_domain.py:46:36: error: Name 'BooleanLyraType' is not defined  [name-defined]
(caterinaurban)Lyra/src/lyra/abstract_domains/numerical/sign_domain.py:51:38: error: Name 'IntegerLyraType' is not defined  [name-defined]
(caterinaurban)Lyra/src/lyra/abstract_domains/numerical/sign_domain.py:55:21: error: Incompatible types in assignment (expression has type "float", variable has type "int")  [assignment]
(caterinaurban)Lyra/src/lyra/abstract_domains/numerical/sign_domain.py:287:35: error: Name 'Set' is not defined  [name-defined]
(caterinaurban)Lyra/src/lyra/abstract_domains/numerical/sign_domain.py:287:35: note: Did you forget to import it from "typing"? (Suggestion: "from typing import Set")
(caterinaurban)Lyra/src/lyra/abstract_domains/numerical/sign_domain.py:287:39: error: Name 'VariableIdentifier' is not defined  [name-defined]
(caterinaurban)Lyra/src/lyra/abstract_domains/numerical/sign_domain.py:292:20: error: Need type annotation for 'lattices'  [var-annotated]
(caterinaurban)Lyra/src/lyra/abstract_domains/numerical/sign_domain.py:296:34: error: Name 'Expression' is not defined  [name-defined]
(caterinaurban)Lyra/src/lyra/abstract_domains/numerical/sign_domain.py:297:18: error: Name 'NegationFreeNormalExpression' is not defined  [name-defined]
(caterinaurban)Lyra/src/lyra/abstract_domains/numerical/sign_domain.py:298:31: error: Name 'VariableIdentifier' is not defined  [name-defined]
(caterinaurban)Lyra/src/lyra/abstract_domains/numerical/sign_domain.py:298:78: error: Name 'BooleanLyraType' is not defined  [name-defined]
(caterinaurban)Lyra/src/lyra/abstract_domains/numerical/sign_domain.py:302:33: error: Name 'UnaryBooleanOperation' is not defined  [name-defined]
(caterinaurban)Lyra/src/lyra/abstract_domains/numerical/sign_domain.py:303:35: error: Name 'UnaryBooleanOperation' is not defined  [name-defined]
(caterinaurban)Lyra/src/lyra/abstract_domains/numerical/sign_domain.py:304:50: error: Name 'VariableIdentifier' is not defined  [name-defined]
(caterinaurban)Lyra/src/lyra/abstract_domains/numerical/sign_domain.py:306:40: error: Name 'BooleanLyraType' is not defined  [name-defined]
(caterinaurban)Lyra/src/lyra/abstract_domains/numerical/sign_domain.py:310:33: error: Name 'BinaryBooleanOperation' is not defined  [name-defined]
(caterinaurban)Lyra/src/lyra/abstract_domains/numerical/sign_domain.py:312:33: error: Name 'BinaryComparisonOperation' is not defined  [name-defined]
(caterinaurban)Lyra/src/lyra/abstract_domains/numerical/sign_domain.py:325:39: error: Name 'Literal' is not defined  [name-defined]
(caterinaurban)Lyra/src/lyra/core/cfg.py:35:5: error: Argument 1 of "__eq__" is incompatible with supertype "object"; supertype defines the argument type as "object"  [override]
(caterinaurban)Lyra/src/lyra/core/cfg.py:35:5: note: It is recommended for "__eq__" to work with arbitrary objects, for example:
(caterinaurban)Lyra/src/lyra/core/cfg.py:35:5: note:     def __eq__(self, other: object) -> bool:
(caterinaurban)Lyra/src/lyra/core/cfg.py:35:5: note:         if not isinstance(other, Node):
(caterinaurban)Lyra/src/lyra/core/cfg.py:35:5: note:             return NotImplemented
(caterinaurban)Lyra/src/lyra/core/cfg.py:35:5: note:         return <logic to compare two Node instances>
(caterinaurban)Lyra/src/lyra/core/cfg.py:41:5: error: Argument 1 of "__ne__" is incompatible with supertype "object"; supertype defines the argument type as "object"  [override]
(caterinaurban)Lyra/src/lyra/core/cfg.py:120:5: error: Argument 1 of "__eq__" is incompatible with supertype "object"; supertype defines the argument type as "object"  [override]
(caterinaurban)Lyra/src/lyra/core/cfg.py:120:5: note: It is recommended for "__eq__" to work with arbitrary objects, for example:
(caterinaurban)Lyra/src/lyra/core/cfg.py:120:5: note:     def __eq__(self, other: object) -> bool:
(caterinaurban)Lyra/src/lyra/core/cfg.py:120:5: note:         if not isinstance(other, Edge):
(caterinaurban)Lyra/src/lyra/core/cfg.py:120:5: note:             return NotImplemented
(caterinaurban)Lyra/src/lyra/core/cfg.py:120:5: note:         return <logic to compare two Edge instances>
(caterinaurban)Lyra/src/lyra/core/cfg.py:126:5: error: Argument 1 of "__ne__" is incompatible with supertype "object"; supertype defines the argument type as "object"  [override]
(caterinaurban)Lyra/src/lyra/core/cfg.py:148:26: error: Argument 1 to "__init__" of "Edge" has incompatible type "Optional[Node]"; expected "Node"  [arg-type]
(caterinaurban)Lyra/src/lyra/core/cfg.py:148:34: error: Argument 2 to "__init__" of "Edge" has incompatible type "Optional[Node]"; expected "Node"  [arg-type]
(caterinaurban)Lyra/src/lyra/core/cfg.py:164:26: error: Argument 1 to "__init__" of "Edge" has incompatible type "Optional[Node]"; expected "Node"  [arg-type]
(caterinaurban)Lyra/src/lyra/core/cfg.py:164:34: error: Argument 2 to "__init__" of "Edge" has incompatible type "Optional[Node]"; expected "Node"  [arg-type]
(caterinaurban)Lyra/src/lyra/engine/result.py:15:9: error: Need type annotation for '_result' (hint: "_result: Dict[<type>, <type>] = ...")  [var-annotated]
(caterinaurban)Lyra/src/lyra/abstract_domains/usage/usage_domain.py:90:20: error: Need type annotation for 'lattices'  [var-annotated]
(caterinaurban)Lyra/src/lyra/abstract_domains/assumption/range_domain.py:48:17: error: Incompatible types in assignment (expression has type "float", variable has type "str")  [assignment]
(caterinaurban)Lyra/src/lyra/abstract_domains/assumption/range_domain.py:49:17: error: Incompatible types in assignment (expression has type "float", variable has type "str")  [assignment]
(caterinaurban)Lyra/src/lyra/abstract_domains/assumption/range_domain.py:73:20: error: Need type annotation for 'lattices'  [var-annotated]
(caterinaurban)Lyra/src/lyra/abstract_domains/assumption/range_domain.py:87:9: error: Name 'variables' already defined on line 83  [no-redef]
(caterinaurban)Lyra/src/lyra/abstract_domains/string/stringset_domain.py:118:20: error: Need type annotation for 'lattices'  [var-annotated]
(caterinaurban)Lyra/src/lyra/abstract_domains/string/character_domain.py:41:35: error: Name 'Set' is not defined  [name-defined]
(caterinaurban)Lyra/src/lyra/abstract_domains/string/character_domain.py:41:35: note: Did you forget to import it from "typing"? (Suggestion: "from typing import Set")
(caterinaurban)Lyra/src/lyra/abstract_domains/string/character_domain.py:50:36: error: Name 'Literal' is not defined  [name-defined]
(caterinaurban)Lyra/src/lyra/abstract_domains/string/character_domain.py:76:25: error: Name 'Set' is not defined  [name-defined]
(caterinaurban)Lyra/src/lyra/abstract_domains/string/character_domain.py:76:25: note: Did you forget to import it from "typing"? (Suggestion: "from typing import Set")
(caterinaurban)Lyra/src/lyra/abstract_domains/string/character_domain.py:146:35: error: Name 'Set' is not defined  [name-defined]
(caterinaurban)Lyra/src/lyra/abstract_domains/string/character_domain.py:146:35: note: Did you forget to import it from "typing"? (Suggestion: "from typing import Set")
(caterinaurban)Lyra/src/lyra/abstract_domains/string/character_domain.py:146:39: error: Name 'VariableIdentifier' is not defined  [name-defined]
(caterinaurban)Lyra/src/lyra/abstract_domains/string/character_domain.py:147:20: error: Need type annotation for 'lattices'  [var-annotated]
(caterinaurban)Lyra/src/lyra/abstract_domains/string/character_domain.py:151:34: error: Name 'Expression' is not defined  [name-defined]
(caterinaurban)Lyra/src/lyra/abstract_domains/string/character_domain.py:152:34: error: Name 'UnaryBooleanOperation' is not defined  [name-defined]
(caterinaurban)Lyra/src/lyra/abstract_domains/string/character_domain.py:153:38: error: Name 'UnaryBooleanOperation' is not defined  [name-defined]
(caterinaurban)Lyra/src/lyra/abstract_domains/string/character_domain.py:155:43: error: Name 'BinaryComparisonOperation' is not defined  [name-defined]
(caterinaurban)Lyra/src/lyra/abstract_domains/string/character_domain.py:160:38: error: Name 'BinaryComparisonOperation' is not defined  [name-defined]
(caterinaurban)Lyra/src/lyra/abstract_domains/string/character_domain.py:162:45: error: Name 'UnaryBooleanOperation' is not defined  [name-defined]
(caterinaurban)Lyra/src/lyra/abstract_domains/string/character_domain.py:163:47: error: Name 'UnaryBooleanOperation' is not defined  [name-defined]
(caterinaurban)Lyra/src/lyra/abstract_domains/string/character_domain.py:165:45: error: Name 'BinaryBooleanOperation' is not defined  [name-defined]
(caterinaurban)Lyra/src/lyra/abstract_domains/string/character_domain.py:167:26: error: Name 'UnaryBooleanOperation' is not defined  [name-defined]
(caterinaurban)Lyra/src/lyra/abstract_domains/string/character_domain.py:168:28: error: Name 'UnaryBooleanOperation' is not defined  [name-defined]
(caterinaurban)Lyra/src/lyra/abstract_domains/string/character_domain.py:171:26: error: Name 'UnaryBooleanOperation' is not defined  [name-defined]
(caterinaurban)Lyra/src/lyra/abstract_domains/string/character_domain.py:172:29: error: Name 'UnaryBooleanOperation' is not defined  [name-defined]
(caterinaurban)Lyra/src/lyra/abstract_domains/string/character_domain.py:174:38: error: Name 'BinaryBooleanOperation' is not defined  [name-defined]
(caterinaurban)Lyra/src/lyra/abstract_domains/string/character_domain.py:176:36: error: Name 'BinaryBooleanOperation' is not defined  [name-defined]
(caterinaurban)Lyra/src/lyra/abstract_domains/string/character_domain.py:177:38: error: Name 'BinaryBooleanOperation' is not defined  [name-defined]
(caterinaurban)Lyra/src/lyra/abstract_domains/string/character_domain.py:180:38: error: Name 'BinaryBooleanOperation' is not defined  [name-defined]
(caterinaurban)Lyra/src/lyra/abstract_domains/string/character_domain.py:183:36: error: Name 'BinaryComparisonOperation' is not defined  [name-defined]
(caterinaurban)Lyra/src/lyra/abstract_domains/string/character_domain.py:184:38: error: Name 'BinaryComparisonOperation' is not defined  [name-defined]
(caterinaurban)Lyra/src/lyra/abstract_domains/liveness/liveness_domain.py:120:20: error: Need type annotation for 'lattices'  [var-annotated]
(caterinaurban)Lyra/src/lyra/abstract_domains/state.py:32:9: error: Need type annotation for '_result' (hint: "_result: Set[<type>] = ...")  [var-annotated]
(caterinaurban)Lyra/src/lyra/abstract_domains/state.py:276:13: error: Name 'arguments' already defined on line 273  [no-redef]
(caterinaurban)Lyra/src/lyra/visualization/graph_renderer.py:11:31: error: Name 'ABCMeta' is not defined  [name-defined]
(caterinaurban)Lyra/src/lyra/visualization/graph_renderer.py:67:6: error: Name 'abstractmethod' is not defined  [name-defined]
Found 72 errors in 15 files (checked 55 source files)

[RRepo](WEEE-Open)weeelab-telegram-bot
(WEEE-Open)weeelab-telegram-bot/Weeelablib.py:11:9: error: Need type annotation for 'log' (hint: "log: List[<type>] = ...")  [var-annotated]
(WEEE-Open)weeelab-telegram-bot/Weeelablib.py:23:9: error: Need type annotation for 'old_log' (hint: "old_log: List[<type>] = ...")  [var-annotated]
(WEEE-Open)weeelab-telegram-bot/Weeelablib.py:185:21: error: "None" has no attribute "__iter__" (not iterable)  [attr-defined]
(WEEE-Open)weeelab-telegram-bot/Weeelablib.py:197:21: error: "None" has no attribute "__iter__" (not iterable)  [attr-defined]
(WEEE-Open)weeelab-telegram-bot/Weeelablib.py:278:24: error: Item "None" of "Optional[Match[str]]" has no attribute "group"  [union-attr]
(WEEE-Open)weeelab-telegram-bot/Weeelablib.py:279:25: error: Item "None" of "Optional[Match[str]]" has no attribute "group"  [union-attr]
(WEEE-Open)weeelab-telegram-bot/Weeelablib.py:280:25: error: Item "None" of "Optional[Match[str]]" has no attribute "group"  [union-attr]
(WEEE-Open)weeelab-telegram-bot/Weeelablib.py:281:25: error: Item "None" of "Optional[Match[str]]" has no attribute "group"  [union-attr]
(WEEE-Open)weeelab-telegram-bot/Weeelablib.py:282:21: error: Item "None" of "Optional[Match[str]]" has no attribute "group"  [union-attr]
(WEEE-Open)weeelab-telegram-bot/ToLab.py:26:31: error: Incompatible types in assignment (expression has type "int", target has type "str")  [assignment]
Found 10 errors in 2 files (checked 3 source files)

[RRepo](vakabus)pybakalib
Success: no issues found in 7 source files

[RRepo](jwkvam)bowtie
(jwkvam)bowtie/doc/conf.py:228:1: error: Need type annotation for 'latex_elements' (hint: "latex_elements: Dict[<type>, <type>] = ...")  [var-annotated]
Found 1 error in 1 file (checked 28 source files)

[RRepo](twisteroidambassador)pluggabletransportadapter
(twisteroidambassador)pluggabletransportadapter/ptadapter/str_utils.py:95:17: error: Generator has incompatible item type "List[str]"; expected "Tuple[str, str]"  [misc]
(twisteroidambassador)pluggabletransportadapter/ptadapter/str_utils.py:109:12: error: Incompatible return value type (got "Tuple[Optional[str], int]", expected "Tuple[str, int]")  [return-value]
(twisteroidambassador)pluggabletransportadapter/ptadapter/str_utils.py:122:12: error: Item "str" of "Union[str, IPv4Address, IPv6Address]" has no attribute "version"  [union-attr]
(twisteroidambassador)pluggabletransportadapter/ptadapter/str_utils.py:123:20: error: Item "str" of "Union[str, IPv4Address, IPv6Address]" has no attribute "compressed"  [union-attr]
(twisteroidambassador)pluggabletransportadapter/ptadapter/str_utils.py:125:20: error: Item "str" of "Union[str, IPv4Address, IPv6Address]" has no attribute "compressed"  [union-attr]
Found 5 errors in 1 file (checked 1 source file)

[RRepo](tonnie17)flowlight
(tonnie17)flowlight/flowlight/core/connection.py:106:6: error: Argument 1 to "ensure_connect" has incompatible type "Callable[[Connection, Command], Any]"; expected "Connection"  [arg-type]
(tonnie17)flowlight/flowlight/core/connection.py:110:6: error: Argument 1 to "ensure_connect" has incompatible type "Callable[[Connection, Command], Coroutine[Any, Any, Any]]"; expected "Connection"  [arg-type]
(tonnie17)flowlight/flowlight/core/connection.py:156:13: error: Item "IO[bytes]" of "Optional[IO[bytes]]" has no attribute "setblocking"  [union-attr]
(tonnie17)flowlight/flowlight/core/connection.py:156:13: error: Item "None" of "Optional[IO[bytes]]" has no attribute "setblocking"  [union-attr]
(tonnie17)flowlight/flowlight/core/connection.py:157:13: error: Item "IO[bytes]" of "Optional[IO[bytes]]" has no attribute "exec_command"  [union-attr]
(tonnie17)flowlight/flowlight/core/connection.py:157:13: error: Item "None" of "Optional[IO[bytes]]" has no attribute "exec_command"  [union-attr]
(tonnie17)flowlight/flowlight/core/connection.py:176:6: error: Argument 1 to "ensure_connect" has incompatible type "Callable[[Connection], Any]"; expected "Connection"  [arg-type]

[RRepo](jbarlow83)OCRmyPDF
(jbarlow83)OCRmyPDF/src/ocrmypdf/pdfinfo/layout.py:34:1: error: Relative import climbs too many namespaces  [misc]
(jbarlow83)OCRmyPDF/docs/conf.py:272:1: error: Need type annotation for 'latex_elements' (hint: "latex_elements: Dict[<type>, <type>] = ...")  [var-annotated]
(jbarlow83)OCRmyPDF/src/ocrmypdf/pdfinfo/ghosttext.py:22:1: error: Relative import climbs too many namespaces  [misc]
Found 3 errors in 3 files (checked 43 source files)

[RRepo](quodlibet)quodlibet
(quodlibet)quodlibet/radio_crawler/util.py:224:23: error: Missing parentheses in call to 'print'. Did you mean print("Load cache", end=" ")?  [syntax]
Found 1 error in 1 file (checked 459 source files)

[RRepo](jesopo)bitbot
(jesopo)bitbot/modules/channel_op.py:133:6: error: Name 'op' already defined on line 121  [no-redef]
(jesopo)bitbot/modules/location.py:11:16: error: "None" not callable  [misc]
(jesopo)bitbot/src/EventManager.py:40:9: error: Need type annotation for '_kwargs' (hint: "_kwargs: Dict[<type>, <type>] = ...")  [var-annotated]
(jesopo)bitbot/src/EventManager.py:41:9: error: Need type annotation for '_multi_kwargs' (hint: "_multi_kwargs: Dict[<type>, <type>] = ...")  [var-annotated]
(jesopo)bitbot/src/EventManager.py:97:69: error: Argument 5 to "_hook" of "EventRoot" has incompatible type "List[Tuple[str, Any]]"; expected "Dict[Any, Any]"  [arg-type]
(jesopo)bitbot/src/EventManager.py:149:65: error: Argument 5 to "EventHook" has incompatible type "Dict[Any, Any]"; expected "List[Tuple[str, Any]]"  [arg-type]
(jesopo)bitbot/src/IRCBuffer.py:66:46: error: Item "None" of "Optional[Match[str]]" has no attribute "group"  [union-attr]
(jesopo)bitbot/src/IRCLine.py:118:16: error: Incompatible return value type (got "List[str]", expected "Tuple[str, str]")  [return-value]
(jesopo)bitbot/src/IRCLine.py:148: error: Name 'EventManager' is not defined  [name-defined]
(jesopo)bitbot/src/ModuleManager.py:184:23: error: Module has no attribute "util"  [attr-defined]
(jesopo)bitbot/src/ModuleManager.py:186:18: error: Module has no attribute "util"  [attr-defined]
(jesopo)bitbot/modules/tfl.py:25:5: error: Need type annotation for 'result_map' (hint: "result_map: Dict[<type>, <type>] = ...")  [var-annotated]
(jesopo)bitbot/src/utils/__init__.py:244:5: error: Argument 1 of "__contains__" is incompatible with supertype "Mapping"; supertype defines the argument type as "object"  [override]
(jesopo)bitbot/src/utils/__init__.py:244:5: error: Argument 1 of "__contains__" is incompatible with supertype "Container"; supertype defines the argument type as "object"  [override]
Found 14 errors in 8 files (checked 146 source files)

[RRepo](475Cumulus)TBone
(475Cumulus)TBone/tbone/resources/sanic.py:4:1: error: Module 'sanic' has no attribute 'response'  [attr-defined]
(475Cumulus)TBone/tbone/resources/sanic.py:4:1: error: Module 'sanic' has no attribute 'response'  [attr-defined]
(475Cumulus)TBone/setup.py:13:1: error: Module 'tbone' has no attribute '__version__'  [attr-defined]
(475Cumulus)TBone/examples/snippets/sanic_resource_hookup.py:1:1: error: Module 'sanic' has no attribute 'Sanic'  [attr-defined]
(475Cumulus)TBone/examples/snippets/sanic_resource_hookup.py:2:1: error: Module 'tbone.resources' has no attribute 'Resource'  [attr-defined]
(475Cumulus)TBone/tbone/data/fields/network.py:15:6: error: Name 'validator' is not defined  [name-defined]
(475Cumulus)TBone/tbone/data/fields/network.py:27:6: error: Name 'validator' is not defined  [name-defined]
(475Cumulus)TBone/tbone/data/fields/base.py:304:6: error: Name 'validator' is not defined  [name-defined]
(475Cumulus)TBone/tbone/data/fields/simple.py:27:6: error: Name 'validator' is not defined  [name-defined]

[RRepo](jrg365)gpytorch
(jrg365)gpytorch/gpytorch/models/exact_gp.py:8:1: error: No parent module -- cannot perform relative import  [misc]
Found 1 error in 1 file (checked 174 source files)

[RRepo](sirex)gramtool
(sirex)gramtool/gramtool/hunspell.py:22:20: error: Incompatible types in assignment (expression has type "bytes", variable has type "str")  [assignment]
(sirex)gramtool/gramtool/hunspell.py:31:20: error: Incompatible types in assignment (expression has type "bytes", variable has type "str")  [assignment]
Found 2 errors in 1 file (checked 12 source files)

[RRepo](catmaid)CATMAID
(catmaid)CATMAID/scripts/remote/upload_swc.py:61:26: error: invalid syntax  [syntax]
Found 1 error in 1 file (checked 132 source files)

[RRepo](MartinHjelmare)home-assistant
(MartinHjelmare)home-assistant/tests/components/mobile_app/__init__.py: error: Duplicate module named 'mobile_app' (also at '/home/bew/archive/typed_project/(MartinHjelmare)home-assistant/homeassistant/components/mobile_app/__init__.py')  [misc]
Found 1 error in 1 file (checked 247 source files)

[RRepo](hsolbrig)SNOMEDToOWL
(hsolbrig)SNOMEDToOWL/SNOMEDCTToOWL/RF2Files/Relationship.py:34:33: error: Name 'StatedRelationshipFilePrefix' is not defined  [name-defined]
(hsolbrig)SNOMEDToOWL/SNOMEDCTToOWL/RF2Files/Relationship.py:35:27: error: Name 'RelationshipFilePrefix' is not defined  [name-defined]
(hsolbrig)SNOMEDToOWL/SNOMEDCTToOWL/RF2Files/Relationship.py:54:74: error: Name 'Defining_relationship_sctid' is not defined  [name-defined]
(hsolbrig)SNOMEDToOWL/SNOMEDCTToOWL/RF2Files/Relationship.py:55:47: error: Name 'Some_sctid' is not defined  [name-defined]
(hsolbrig)SNOMEDToOWL/SNOMEDCTToOWL/RF2Files/Relationship.py:56:38: error: Name 'Is_a_sctid' is not defined  [name-defined]
(hsolbrig)SNOMEDToOWL/SNOMEDCTToOWL/RF2Files/Relationship.py:63:32: error: Name 'SCTID' is not defined  [name-defined]
(hsolbrig)SNOMEDToOWL/SNOMEDCTToOWL/RF2Files/Relationship.py:71:31: error: Name 'SCTID' is not defined  [name-defined]
(hsolbrig)SNOMEDToOWL/SNOMEDCTToOWL/RF2Files/Language.py:38:14: error: Name 'LanguageFilePrefix' is not defined  [name-defined]
(hsolbrig)SNOMEDToOWL/SNOMEDCTToOWL/RF2Files/Language.py:56:33: error: Name 'SCTID' is not defined  [name-defined]
(hsolbrig)SNOMEDToOWL/SNOMEDCTToOWL/RF2Files/Language.py:62:43: error: Name 'Preferred_sctid' is not defined  [name-defined]
(hsolbrig)SNOMEDToOWL/SNOMEDCTToOWL/RF2Files/Language.py:64:34: error: Name 'SCTID' is not defined  [name-defined]
(hsolbrig)SNOMEDToOWL/SNOMEDCTToOWL/RF2Files/Language.py:70:43: error: Name 'Acceptable_sctid' is not defined  [name-defined]
(hsolbrig)SNOMEDToOWL/SNOMEDCTToOWL/RF2Files/Language.py:72:38: error: Name 'SCTID' is not defined  [name-defined]
(hsolbrig)SNOMEDToOWL/SNOMEDCTToOWL/RF2Files/Concept.py:35:39: error: Name 'Primitive_sctid' is not defined  [name-defined]
(hsolbrig)SNOMEDToOWL/SNOMEDCTToOWL/RF2Files/Concept.py:39:14: error: Name 'ConceptFilePrefix' is not defined  [name-defined]
(hsolbrig)SNOMEDToOWL/SNOMEDCTToOWL/RF2Files/Concept.py:60:60: error: Name 'Linkage_concept_sctid' is not defined  [name-defined]
(hsolbrig)SNOMEDToOWL/SNOMEDCTToOWL/RF2Files/Concept.py:62:53: error: Name 'Concept_model_attribute_sctid' is not defined  [name-defined]
(hsolbrig)SNOMEDToOWL/SNOMEDCTToOWL/RF2Files/RF2File.py:18:16: error: Incompatible return value type (got "None", expected "bool")  [return-value]
(hsolbrig)SNOMEDToOWL/SNOMEDCTToOWL/RF2Files/Description.py:43:26: error: Name 'DescriptionFilePrefix' is not defined  [name-defined]
(hsolbrig)SNOMEDToOWL/SNOMEDCTToOWL/RF2Files/Description.py:44:29: error: Name 'TextDefinitionFilePrefix' is not defined  [name-defined]
(hsolbrig)SNOMEDToOWL/SNOMEDCTToOWL/RF2Files/Description.py:50:9: error: Need type annotation for '_members' (hint: "_members: Dict[<type>, <type>] = ...")  [var-annotated]
(hsolbrig)SNOMEDToOWL/SNOMEDCTToOWL/RF2Files/Description.py:74:64: error: Name 'Concept_model_attribute_sctid' is not defined  [name-defined]
(hsolbrig)SNOMEDToOWL/SNOMEDCTToOWL/RF2Files/Description.py:75:39: error: Name 'Fully_specified_name_sctid' is not defined  [name-defined]
(hsolbrig)SNOMEDToOWL/SNOMEDCTToOWL/RF2Files/Description.py:77:67: error: Name 'AlwaysEmitOWLFor' is not defined  [name-defined]
(hsolbrig)SNOMEDToOWL/SNOMEDCTToOWL/RF2Files/Description.py:80:30: error: Name 'SCTID' is not defined  [name-defined]
(hsolbrig)SNOMEDToOWL/SNOMEDCTToOWL/RF2Files/Description.py:87:77: error: Name 'Fully_specified_name_sctid' is not defined  [name-defined]
(hsolbrig)SNOMEDToOWL/SNOMEDCTToOWL/RF2Files/Description.py:110:35: error: Name 'SCTID' is not defined  [name-defined]
(hsolbrig)SNOMEDToOWL/SNOMEDCTToOWL/RF2Files/Description.py:116:77: error: Name 'Synonym_sctid' is not defined  [name-defined]
(hsolbrig)SNOMEDToOWL/SNOMEDCTToOWL/RF2Files/Description.py:118:38: error: Name 'SCTID' is not defined  [name-defined]
(hsolbrig)SNOMEDToOWL/SNOMEDCTToOWL/RF2Files/Description.py:124:77: error: Name 'Definition_sctid' is not defined  [name-defined]
(hsolbrig)SNOMEDToOWL/SNOMEDCTToOWL/RF2Filter.py:10:15: error: Name 'Is_a_sctid' is not defined  [name-defined]
(hsolbrig)SNOMEDToOWL/SNOMEDCTToOWL/RF2Filter.py:10:27: error: Name 'Concept_model_attribute_sctid' is not defined  [name-defined]
(hsolbrig)SNOMEDToOWL/SNOMEDCTToOWL/RF2Filter.py:10:58: error: Name 'Linkage_concept_sctid' is not defined  [name-defined]
(hsolbrig)SNOMEDToOWL/SNOMEDCTToOWL/RF2Filter.py:10:81: error: Name 'Defined_sctid' is not defined  [name-defined]
(hsolbrig)SNOMEDToOWL/SNOMEDCTToOWL/RF2Filter.py:11:15: error: Name 'Primitive_sctid' is not defined  [name-defined]
(hsolbrig)SNOMEDToOWL/SNOMEDCTToOWL/RF2Filter.py:11:32: error: Name 'Fully_specified_name_sctid' is not defined  [name-defined]
(hsolbrig)SNOMEDToOWL/SNOMEDCTToOWL/RF2Filter.py:11:60: error: Name 'Definition_sctid' is not defined  [name-defined]
(hsolbrig)SNOMEDToOWL/SNOMEDCTToOWL/RF2Filter.py:11:78: error: Name 'Synonym_sctid' is not defined  [name-defined]
(hsolbrig)SNOMEDToOWL/SNOMEDCTToOWL/RF2Filter.py:11:93: error: Name 'Module_sctid' is not defined  [name-defined]
(hsolbrig)SNOMEDToOWL/SNOMEDCTToOWL/RF2Filter.py:12:15: error: Name 'Preferred_sctid' is not defined  [name-defined]
(hsolbrig)SNOMEDToOWL/SNOMEDCTToOWL/RF2Filter.py:12:32: error: Name 'Acceptable_sctid' is not defined  [name-defined]
(hsolbrig)SNOMEDToOWL/SNOMEDCTToOWL/RF2Filter.py:12:50: error: Name 'Role_group_sctid' is not defined  [name-defined]
(hsolbrig)SNOMEDToOWL/SNOMEDCTToOWL/RF2Filter.py:12:68: error: Name 'Defining_relationship_sctid' is not defined  [name-defined]
(hsolbrig)SNOMEDToOWL/SNOMEDCTToOWL/RF2Filter.py:12:97: error: Name 'Some_sctid' is not defined  [name-defined]
(hsolbrig)SNOMEDToOWL/SNOMEDCTToOWL/RF2Filter.py:13:15: error: Name 'Inferred_relationship_sctid' is not defined  [name-defined]
(hsolbrig)SNOMEDToOWL/SNOMEDCTToOWL/RF2Filter.py:13:44: error: Name 'Stated_relationship_sctid' is not defined  [name-defined]
(hsolbrig)SNOMEDToOWL/SNOMEDCTToOWL/RF2Filter.py:13:71: error: Name 'IHTSDO_maintained_module_sctid' is not defined  [name-defined]
(hsolbrig)SNOMEDToOWL/SNOMEDCTToOWL/RF2Filter.py:14:15: error: Name 'Namespace_concept_sctid' is not defined  [name-defined]
(hsolbrig)SNOMEDToOWL/SNOMEDCTToOWL/RF2Filter.py:14:40: error: Name 'Core_metadata_concept_sctid' is not defined  [name-defined]
(hsolbrig)SNOMEDToOWL/SNOMEDCTToOWL/RF2Filter.py:14:69: error: Name 'SNOMED_CT_Model_Component_sctid' is not defined  [name-defined]
(hsolbrig)SNOMEDToOWL/SNOMEDCTToOWL/RF2Filter.py:25:9: error: Need type annotation for '_matched_concepts' (hint: "_matched_concepts: Set[<type>] = ...")  [var-annotated]
(hsolbrig)SNOMEDToOWL/SNOMEDCTToOWL/RF2Filter.py:26:9: error: Need type annotation for '_visited_concepts' (hint: "_visited_concepts: Set[<type>] = ...")  [var-annotated]
(hsolbrig)SNOMEDToOWL/SNOMEDCTToOWL/RF2Filter.py:27:9: error: Need type annotation for '_visited_descriptions' (hint: "_visited_descriptions: Set[<type>] = ...")  [var-annotated]
(hsolbrig)SNOMEDToOWL/SNOMEDCTToOWL/RF2Filter.py:34:59: error: Name 'Concept_model_attribute_sctid' is not defined  [name-defined]
(hsolbrig)SNOMEDToOWL/SNOMEDCTToOWL/RF2Filter.py:53:56: error: Name 'RelationshipFilePrefix' is not defined  [name-defined]
(hsolbrig)SNOMEDToOWL/SNOMEDCTToOWL/RF2Filter.py:62:62: error: Name 'Is_a_sctid' is not defined  [name-defined]
(hsolbrig)SNOMEDToOWL/SNOMEDCTToOWL/RF2Filter.py:82:60: error: Name 'RelationshipFilePrefix' is not defined  [name-defined]
(hsolbrig)SNOMEDToOWL/SNOMEDCTToOWL/RF2Filter.py:83:60: error: Name 'StatedRelationshipFilePrefix' is not defined  [name-defined]
(hsolbrig)SNOMEDToOWL/SNOMEDCTToOWL/RF2Filter.py:100:64: error: Name 'Is_a_sctid' is not defined  [name-defined]
(hsolbrig)SNOMEDToOWL/SNOMEDCTToOWL/RF2Filter.py:103:13: error: "add" of "set" does not return a value  [func-returns-value]
(hsolbrig)SNOMEDToOWL/SNOMEDCTToOWL/RF2Filter.py:109:56: error: Name 'ConceptFilePrefix' is not defined  [name-defined]
(hsolbrig)SNOMEDToOWL/SNOMEDCTToOWL/RF2Filter.py:120:56: error: Name 'DescriptionFilePrefix' is not defined  [name-defined]
(hsolbrig)SNOMEDToOWL/SNOMEDCTToOWL/RF2Filter.py:126:80: error: Name 'Fully_specified_name_sctid' is not defined  [name-defined]
(hsolbrig)SNOMEDToOWL/SNOMEDCTToOWL/RF2Filter.py:132:56: error: Name 'TextDefinitionFilePrefix' is not defined  [name-defined]
(hsolbrig)SNOMEDToOWL/SNOMEDCTToOWL/RF2Filter.py:143:56: error: Name 'LanguageFilePrefix' is not defined  [name-defined]
(hsolbrig)SNOMEDToOWL/SNOMEDCTToOWL/CompareRDF.py:36:16: error: Incompatible return value type (got "float", expected "str")  [return-value]
(hsolbrig)SNOMEDToOWL/SNOMEDCTToOWL/CompareRDF.py:40:19: error: Incompatible types in string interpolation (expression has type "str", placeholder has type "Union[int, float]")  [str-format]
Found 67 errors in 7 files (checked 14 source files)

[RRepo](OddBloke)jenkins-job-linter
(OddBloke)jenkins-job-linter/tests/test_linters.py:35:47: error: Argument 1 to "list" has incompatible type "Iterator[Tuple[str, ...]]"; expected "Iterable[str]"  [arg-type]
Found 1 error in 1 file (checked 11 source files)

[RRepo](browncoat-ninjas)nimoy
(browncoat-ninjas)nimoy/nimoy/ast_tools/ast_metadata.py:6:9: error: Need type annotation for 'features' (hint: "features: List[<type>] = ...")  [var-annotated]
(browncoat-ninjas)nimoy/nimoy/ast_tools/ast_metadata.py:7:9: error: Need type annotation for 'feature_blocks' (hint: "feature_blocks: Dict[<type>, <type>] = ...")  [var-annotated]
(browncoat-ninjas)nimoy/nimoy/ast_tools/ast_metadata.py:8:9: error: Need type annotation for 'feature_variables' (hint: "feature_variables: Dict[<type>, <type>] = ...")  [var-annotated]
(browncoat-ninjas)nimoy/nimoy/ast_tools/ast_metadata.py:9:9: error: Need type annotation for 'where_functions' (hint: "where_functions: Dict[<type>, <type>] = ...")  [var-annotated]
(browncoat-ninjas)nimoy/nimoy/runner/spec_finder.py:9:9: error: Need type annotation for 'spec_locations' (hint: "spec_locations: List[<type>] = ...")  [var-annotated]
Found 5 errors in 2 files (checked 38 source files)

[RRepo](ikvk)imap_tools
(ikvk)imap_tools/imap_tools/imap_utf7.py:26:5: error: Need type annotation for 'res' (hint: "res: List[<type>] = ...")  [var-annotated]
(ikvk)imap_tools/imap_tools/imap_utf7.py:27:5: error: Need type annotation for '_in' (hint: "_in: List[<type>] = ...")  [var-annotated]
(ikvk)imap_tools/tests/test_2_message.py:19:56: error: The type alias is invalid in runtime context  [misc]
(ikvk)imap_tools/tests/test_2_message.py:22:65: error: The type alias is invalid in runtime context  [misc]
(ikvk)imap_tools/tests/utils.py:9:1: error: Missing return statement  [return]
(ikvk)imap_tools/imap_tools/mailbox.py:9:1: error: Module has no attribute "_MAXLINE"  [attr-defined]
(ikvk)imap_tools/imap_tools/mailbox.py:97:70: error: Function "builtins.iter" is not valid as a type  [valid-type]
(ikvk)imap_tools/imap_tools/mailbox.py:97:70: note: Perhaps you need "Callable[...]" or a callback protocol?
(ikvk)imap_tools/imap_tools/mailbox.py:124:28: error: Invalid type comment or annotation  [valid-type]
(ikvk)imap_tools/imap_tools/mailbox.py:155:58: error: Invalid type comment or annotation  [valid-type]
(ikvk)imap_tools/imap_tools/mailbox.py:170:40: error: Invalid type comment or annotation  [valid-type]
(ikvk)imap_tools/imap_tools/message.py:32:26: error: Item "None" of "Optional[Match[str]]" has no attribute "group"  [union-attr]
(ikvk)imap_tools/imap_tools/message.py:33:27: error: Item "None" of "Optional[Match[str]]" has no attribute "group"  [union-attr]
(ikvk)imap_tools/imap_tools/message.py:52:49: error: Syntax error in type annotation  [syntax]
(ikvk)imap_tools/imap_tools/message.py:52:49: note: Suggestion: Use Tuple[T1, ..., Tn] instead of (T1, ..., Tn)
(ikvk)imap_tools/imap_tools/message.py:71:48: error: Syntax error in type annotation  [syntax]
(ikvk)imap_tools/imap_tools/message.py:71:48: note: Suggestion: Is there a spurious trailing comma?
(ikvk)imap_tools/imap_tools/message.py:81:6: error: Decorated property not supported  [misc]
(ikvk)imap_tools/imap_tools/message.py:83:22: error: Invalid type comment or annotation  [valid-type]
(ikvk)imap_tools/imap_tools/message.py:96:6: error: Decorated property not supported  [misc]
(ikvk)imap_tools/imap_tools/message.py:98:25: error: Syntax error in type annotation  [syntax]
(ikvk)imap_tools/imap_tools/message.py:98:25: note: Suggestion: Is there a spurious trailing comma?
(ikvk)imap_tools/imap_tools/message.py:103:9: error: Need type annotation for 'result' (hint: "result: List[<type>] = ...")  [var-annotated]
(ikvk)imap_tools/imap_tools/message.py:108:6: error: Decorated property not supported  [misc]
(ikvk)imap_tools/imap_tools/message.py:117:6: error: Decorated property not supported  [misc]
(ikvk)imap_tools/imap_tools/message.py:119:30: error: Invalid type comment or annotation  [valid-type]
(ikvk)imap_tools/imap_tools/message.py:124:6: error: Decorated property not supported  [misc]
(ikvk)imap_tools/imap_tools/message.py:128:16: error: Value of type "_lru_cache_wrapper[Any]" is not indexable  [index]
(ikvk)imap_tools/imap_tools/message.py:130:6: error: Decorated property not supported  [misc]
(ikvk)imap_tools/imap_tools/message.py:132:29: error: Syntax error in type annotation  [syntax]
(ikvk)imap_tools/imap_tools/message.py:132:29: note: Suggestion: Is there a spurious trailing comma?
(ikvk)imap_tools/imap_tools/message.py:136:6: error: Decorated property not supported  [misc]
(ikvk)imap_tools/imap_tools/message.py:138:22: error: Syntax error in type annotation  [syntax]
(ikvk)imap_tools/imap_tools/message.py:138:22: note: Suggestion: Is there a spurious trailing comma?
(ikvk)imap_tools/imap_tools/message.py:140:42: error: "_lru_cache_wrapper[Any]" has no attribute "__iter__" (not iterable)  [attr-defined]
(ikvk)imap_tools/imap_tools/message.py:142:6: error: Decorated property not supported  [misc]
(ikvk)imap_tools/imap_tools/message.py:144:29: error: Syntax error in type annotation  [syntax]
(ikvk)imap_tools/imap_tools/message.py:144:29: note: Suggestion: Is there a spurious trailing comma?
(ikvk)imap_tools/imap_tools/message.py:148:6: error: Decorated property not supported  [misc]
(ikvk)imap_tools/imap_tools/message.py:150:22: error: Syntax error in type annotation  [syntax]
(ikvk)imap_tools/imap_tools/message.py:150:22: note: Suggestion: Is there a spurious trailing comma?
(ikvk)imap_tools/imap_tools/message.py:152:42: error: "_lru_cache_wrapper[Any]" has no attribute "__iter__" (not iterable)  [attr-defined]
(ikvk)imap_tools/imap_tools/message.py:154:6: error: Decorated property not supported  [misc]
(ikvk)imap_tools/imap_tools/message.py:156:30: error: Syntax error in type annotation  [syntax]
(ikvk)imap_tools/imap_tools/message.py:156:30: note: Suggestion: Is there a spurious trailing comma?
(ikvk)imap_tools/imap_tools/message.py:160:6: error: Decorated property not supported  [misc]
(ikvk)imap_tools/imap_tools/message.py:162:23: error: Syntax error in type annotation  [syntax]
(ikvk)imap_tools/imap_tools/message.py:162:23: note: Suggestion: Is there a spurious trailing comma?
(ikvk)imap_tools/imap_tools/message.py:164:42: error: "_lru_cache_wrapper[Any]" has no attribute "__iter__" (not iterable)  [attr-defined]
(ikvk)imap_tools/imap_tools/message.py:166:6: error: Decorated property not supported  [misc]
(ikvk)imap_tools/imap_tools/message.py:172:6: error: Decorated property not supported  [misc]
(ikvk)imap_tools/imap_tools/message.py:184:6: error: Decorated property not supported  [misc]
(ikvk)imap_tools/imap_tools/message.py:196:6: error: Decorated property not supported  [misc]
(ikvk)imap_tools/imap_tools/message.py:198: error: Bracketed expression "[...]" is not valid as a type  [misc]
(ikvk)imap_tools/imap_tools/message.py:198: note: Did you mean "List[...]"?
Found 44 errors in 5 files (checked 9 source files)

[RRepo](mesgarpour)T-CARER
(mesgarpour)T-CARER/Stats/TransformThread.py:27:1: error: String argument 1 'DataFrame' to TypeVar(...) does not match variable name 'PandasDataFrame'  [misc]
(mesgarpour)T-CARER/Stats/TransformThread.py:27:19: error: "object" not callable  [operator]
(mesgarpour)T-CARER/Stats/TransformThread.py:50:33: error: Variable "TransformThread.PandasDataFrame" is not valid as a type  [valid-type]
(mesgarpour)T-CARER/Stats/TransformThread.py:50:33: note: See https://mypy.readthedocs.io/en/latest/common_issues.html#variables-vs-type-aliases
(mesgarpour)T-CARER/Stats/TransformThread.py:60:9: error: Unsupported target for indexed assignment  [index]
(mesgarpour)T-CARER/Stats/TransformThread.py:60:40: error: Value of type PandasDataFrame? is not indexable  [index]
(mesgarpour)T-CARER/Stats/TransformThread.py:63:40: error: Variable "TransformThread.PandasDataFrame" is not valid as a type  [valid-type]
(mesgarpour)T-CARER/Stats/TransformThread.py:63:40: note: See https://mypy.readthedocs.io/en/latest/common_issues.html#variables-vs-type-aliases
(mesgarpour)T-CARER/Stats/TransformThread.py:73:9: error: Unsupported target for indexed assignment  [index]
(mesgarpour)T-CARER/Stats/TransformThread.py:73:47: error: Value of type PandasDataFrame? is not indexable  [index]
(mesgarpour)T-CARER/Stats/TransformThread.py:76:42: error: Variable "TransformThread.PandasDataFrame" is not valid as a type  [valid-type]
(mesgarpour)T-CARER/Stats/TransformThread.py:76:42: note: See https://mypy.readthedocs.io/en/latest/common_issues.html#variables-vs-type-aliases
(mesgarpour)T-CARER/Stats/TransformThread.py:91:35: error: Value of type PandasDataFrame? is not indexable  [index]
(mesgarpour)T-CARER/Stats/TransformThread.py:93:9: error: Unsupported target for indexed assignment  [index]
(mesgarpour)T-CARER/Stats/TransformThread.py:96:38: error: Variable "TransformThread.PandasDataFrame" is not valid as a type  [valid-type]
(mesgarpour)T-CARER/Stats/TransformThread.py:96:38: note: See https://mypy.readthedocs.io/en/latest/common_issues.html#variables-vs-type-aliases
(mesgarpour)T-CARER/Stats/TransformThread.py:111:35: error: Value of type PandasDataFrame? is not indexable  [index]
(mesgarpour)T-CARER/Stats/TransformThread.py:112:9: error: Unsupported target for indexed assignment  [index]
(mesgarpour)T-CARER/Stats/TransformThread.py:115:43: error: Variable "TransformThread.PandasDataFrame" is not valid as a type  [valid-type]
(mesgarpour)T-CARER/Stats/TransformThread.py:115:43: note: See https://mypy.readthedocs.io/en/latest/common_issues.html#variables-vs-type-aliases
(mesgarpour)T-CARER/Stats/TransformThread.py:130:35: error: Value of type PandasDataFrame? is not indexable  [index]
(mesgarpour)T-CARER/Stats/TransformThread.py:131:9: error: Unsupported target for indexed assignment  [index]
(mesgarpour)T-CARER/Stats/TransformThread.py:134:39: error: Variable "TransformThread.PandasDataFrame" is not valid as a type  [valid-type]
(mesgarpour)T-CARER/Stats/TransformThread.py:134:39: note: See https://mypy.readthedocs.io/en/latest/common_issues.html#variables-vs-type-aliases
(mesgarpour)T-CARER/Stats/TransformThread.py:145:9: error: Unsupported target for indexed assignment  [index]
(mesgarpour)T-CARER/Stats/TransformThread.py:145:36: error: Value of type PandasDataFrame? is not indexable  [index]
(mesgarpour)T-CARER/Stats/TransformThread.py:148:35: error: Variable "TransformThread.PandasDataFrame" is not valid as a type  [valid-type]
(mesgarpour)T-CARER/Stats/TransformThread.py:148:35: note: See https://mypy.readthedocs.io/en/latest/common_issues.html#variables-vs-type-aliases
(mesgarpour)T-CARER/Stats/TransformThread.py:160:37: error: Value of type PandasDataFrame? is not indexable  [index]
(mesgarpour)T-CARER/Stats/TransformThread.py:163:35: error: Value of type PandasDataFrame? is not indexable  [index]
(mesgarpour)T-CARER/Stats/TransformThread.py:164:9: error: Unsupported target for indexed assignment  [index]
(mesgarpour)T-CARER/Stats/_KNeighborsClassifier.py:25:1: error: String argument 1 'DataFrame' to TypeVar(...) does not match variable name 'PandasDataFrame'  [misc]
(mesgarpour)T-CARER/Stats/_KNeighborsClassifier.py:25:19: error: "object" not callable  [operator]
(mesgarpour)T-CARER/Stats/_KNeighborsClassifier.py:26:1: error: String argument 1 'KNeighborsClassifier' to TypeVar(...) does not match variable name 'SklearnKNeighborsClassifier'  [misc]
(mesgarpour)T-CARER/Stats/_KNeighborsClassifier.py:26:31: error: "object" not callable  [operator]
(mesgarpour)T-CARER/Stats/_KNeighborsClassifier.py:47:34: error: Variable "_KNeighborsClassifier.PandasDataFrame" is not valid as a type  [valid-type]
(mesgarpour)T-CARER/Stats/_KNeighborsClassifier.py:47:34: note: See https://mypy.readthedocs.io/en/latest/common_issues.html#variables-vs-type-aliases
(mesgarpour)T-CARER/Stats/_KNeighborsClassifier.py:50:33: error: Variable "_KNeighborsClassifier.SklearnKNeighborsClassifier" is not valid as a type  [valid-type]
(mesgarpour)T-CARER/Stats/_KNeighborsClassifier.py:50:33: note: See https://mypy.readthedocs.io/en/latest/common_issues.html#variables-vs-type-aliases
(mesgarpour)T-CARER/Stats/_KNeighborsClassifier.py:61:25: error: PandasDataFrame? has no attribute "values"  [attr-defined]
(mesgarpour)T-CARER/Stats/_KNeighborsClassifier.py:65:38: error: Variable "_KNeighborsClassifier.SklearnKNeighborsClassifier" is not valid as a type  [valid-type]
(mesgarpour)T-CARER/Stats/_KNeighborsClassifier.py:65:38: note: See https://mypy.readthedocs.io/en/latest/common_issues.html#variables-vs-type-aliases
(mesgarpour)T-CARER/Stats/_KNeighborsClassifier.py:71:9: error: Need type annotation for 'summaries' (hint: "summaries: Dict[<type>, <type>] = ...")  [var-annotated]
(mesgarpour)T-CARER/Stats/_KNeighborsClassifier.py:76:27: error: Variable "_KNeighborsClassifier.SklearnKNeighborsClassifier" is not valid as a type  [valid-type]
(mesgarpour)T-CARER/Stats/_KNeighborsClassifier.py:76:27: note: See https://mypy.readthedocs.io/en/latest/common_issues.html#variables-vs-type-aliases
(mesgarpour)T-CARER/Stats/_NaiveBayes.py:25:1: error: String argument 1 'DataFrame' to TypeVar(...) does not match variable name 'PandasDataFrame'  [misc]
(mesgarpour)T-CARER/Stats/_NaiveBayes.py:25:19: error: "object" not callable  [operator]
(mesgarpour)T-CARER/Stats/_NaiveBayes.py:26:1: error: String argument 1 'MultinomialNB' to TypeVar(...) does not match variable name 'SklearnMultinomialNB'  [misc]
(mesgarpour)T-CARER/Stats/_NaiveBayes.py:26:24: error: "object" not callable  [operator]
(mesgarpour)T-CARER/Stats/_NaiveBayes.py:46:34: error: Variable "_NaiveBayes.PandasDataFrame" is not valid as a type  [valid-type]
(mesgarpour)T-CARER/Stats/_NaiveBayes.py:46:34: note: See https://mypy.readthedocs.io/en/latest/common_issues.html#variables-vs-type-aliases
(mesgarpour)T-CARER/Stats/_NaiveBayes.py:49:33: error: Variable "_NaiveBayes.SklearnMultinomialNB" is not valid as a type  [valid-type]
(mesgarpour)T-CARER/Stats/_NaiveBayes.py:49:33: note: See https://mypy.readthedocs.io/en/latest/common_issues.html#variables-vs-type-aliases
(mesgarpour)T-CARER/Stats/_NaiveBayes.py:59:25: error: PandasDataFrame? has no attribute "values"  [attr-defined]
(mesgarpour)T-CARER/Stats/_NaiveBayes.py:63:38: error: Variable "_NaiveBayes.SklearnMultinomialNB" is not valid as a type  [valid-type]
(mesgarpour)T-CARER/Stats/_NaiveBayes.py:63:38: note: See https://mypy.readthedocs.io/en/latest/common_issues.html#variables-vs-type-aliases
(mesgarpour)T-CARER/Stats/_NaiveBayes.py:70:41: error: SklearnMultinomialNB? has no attribute "class_log_prior_"  [attr-defined]
(mesgarpour)T-CARER/Stats/_NaiveBayes.py:71:35: error: SklearnMultinomialNB? has no attribute "intercept_"  [attr-defined]
(mesgarpour)T-CARER/Stats/_NaiveBayes.py:72:42: error: SklearnMultinomialNB? has no attribute "feature_log_prob_"  [attr-defined]
(mesgarpour)T-CARER/Stats/_NaiveBayes.py:73:30: error: SklearnMultinomialNB? has no attribute "coef_"  [attr-defined]
(mesgarpour)T-CARER/Stats/_NaiveBayes.py:74:37: error: SklearnMultinomialNB? has no attribute "class_count_"  [attr-defined]
(mesgarpour)T-CARER/Stats/_NaiveBayes.py:75:39: error: SklearnMultinomialNB? has no attribute "feature_count_"  [attr-defined]
(mesgarpour)T-CARER/Stats/_NaiveBayes.py:79:27: error: Variable "_NaiveBayes.SklearnMultinomialNB" is not valid as a type  [valid-type]
(mesgarpour)T-CARER/Stats/_NaiveBayes.py:79:27: note: See https://mypy.readthedocs.io/en/latest/common_issues.html#variables-vs-type-aliases
(mesgarpour)T-CARER/Stats/FactoringThread.py:25:1: error: String argument 1 'DataFrame' to TypeVar(...) does not match variable name 'PandasDataFrame'  [misc]
(mesgarpour)T-CARER/Stats/FactoringThread.py:25:19: error: "object" not callable  [operator]
(mesgarpour)T-CARER/Stats/FactoringThread.py:39:22: error: Variable "FactoringThread.PandasDataFrame" is not valid as a type  [valid-type]
(mesgarpour)T-CARER/Stats/FactoringThread.py:39:22: note: See https://mypy.readthedocs.io/en/latest/common_issues.html#variables-vs-type-aliases
(mesgarpour)T-CARER/Stats/FactoringThread.py:52:50: error: Variable "FactoringThread.PandasDataFrame" is not valid as a type  [valid-type]
(mesgarpour)T-CARER/Stats/FactoringThread.py:52:50: note: See https://mypy.readthedocs.io/en/latest/common_issues.html#variables-vs-type-aliases
(mesgarpour)T-CARER/Stats/FactoringThread.py:62:30: error: PandasDataFrame? has no attribute "add"  [attr-defined]
(mesgarpour)T-CARER/Stats/FactoringThread.py:66:35: error: Variable "FactoringThread.PandasDataFrame" is not valid as a type  [valid-type]
(mesgarpour)T-CARER/Stats/FactoringThread.py:66:35: note: See https://mypy.readthedocs.io/en/latest/common_issues.html#variables-vs-type-aliases
(mesgarpour)T-CARER/Stats/FactoringThread.py:71:51: error: Value of type PandasDataFrame? is not indexable  [index]
(mesgarpour)T-CARER/Stats/FactoringThread.py:77:43: error: Variable "FactoringThread.PandasDataFrame" is not valid as a type  [valid-type]
(mesgarpour)T-CARER/Stats/FactoringThread.py:77:43: note: See https://mypy.readthedocs.io/en/latest/common_issues.html#variables-vs-type-aliases
(mesgarpour)T-CARER/Stats/FactoringThread.py:83:51: error: Value of type PandasDataFrame? is not indexable  [index]
(mesgarpour)T-CARER/Stats/_LogisticRegression.py:25:1: error: String argument 1 'DataFrame' to TypeVar(...) does not match variable name 'PandasDataFrame'  [misc]
(mesgarpour)T-CARER/Stats/_LogisticRegression.py:25:19: error: "object" not callable  [operator]
(mesgarpour)T-CARER/Stats/_LogisticRegression.py:26:1: error: String argument 1 'LogisticRegression' to TypeVar(...) does not match variable name 'SklearnLogisticRegression'  [misc]
(mesgarpour)T-CARER/Stats/_LogisticRegression.py:26:29: error: "object" not callable  [operator]
(mesgarpour)T-CARER/Stats/_LogisticRegression.py:47:34: error: Variable "_LogisticRegression.PandasDataFrame" is not valid as a type  [valid-type]
(mesgarpour)T-CARER/Stats/_LogisticRegression.py:47:34: note: See https://mypy.readthedocs.io/en/latest/common_issues.html#variables-vs-type-aliases
(mesgarpour)T-CARER/Stats/_LogisticRegression.py:50:33: error: Variable "_LogisticRegression.SklearnLogisticRegression" is not valid as a type  [valid-type]
(mesgarpour)T-CARER/Stats/_LogisticRegression.py:50:33: note: See https://mypy.readthedocs.io/en/latest/common_issues.html#variables-vs-type-aliases
(mesgarpour)T-CARER/Stats/_LogisticRegression.py:62:25: error: PandasDataFrame? has no attribute "values"  [attr-defined]
(mesgarpour)T-CARER/Stats/_LogisticRegression.py:66:38: error: Variable "_LogisticRegression.SklearnLogisticRegression" is not valid as a type  [valid-type]
(mesgarpour)T-CARER/Stats/_LogisticRegression.py:66:38: note: See https://mypy.readthedocs.io/en/latest/common_issues.html#variables-vs-type-aliases
(mesgarpour)T-CARER/Stats/_LogisticRegression.py:74:30: error: SklearnLogisticRegression? has no attribute "coef_"  [attr-defined]
(mesgarpour)T-CARER/Stats/_LogisticRegression.py:76:35: error: SklearnLogisticRegression? has no attribute "intercept_"  [attr-defined]
(mesgarpour)T-CARER/Stats/_LogisticRegression.py:78:32: error: SklearnLogisticRegression? has no attribute "n_iter_"  [attr-defined]
(mesgarpour)T-CARER/Stats/_LogisticRegression.py:82:27: error: Variable "_LogisticRegression.SklearnLogisticRegression" is not valid as a type  [valid-type]
(mesgarpour)T-CARER/Stats/_LogisticRegression.py:82:27: note: See https://mypy.readthedocs.io/en/latest/common_issues.html#variables-vs-type-aliases
(mesgarpour)T-CARER/Stats/_MixedLinearModel.py:26:1: error: String argument 1 'DataFrame' to TypeVar(...) does not match variable name 'PandasDataFrame'  [misc]
(mesgarpour)T-CARER/Stats/_MixedLinearModel.py:26:19: error: "object" not callable  [operator]
(mesgarpour)T-CARER/Stats/_MixedLinearModel.py:27:1: error: String argument 1 'MixedLM' to TypeVar(...) does not match variable name 'StatsmodelsMixedLM'  [misc]
(mesgarpour)T-CARER/Stats/_MixedLinearModel.py:27:22: error: "object" not callable  [operator]
(mesgarpour)T-CARER/Stats/_MixedLinearModel.py:48:34: error: Variable "_MixedLinearModel.PandasDataFrame" is not valid as a type  [valid-type]
(mesgarpour)T-CARER/Stats/_MixedLinearModel.py:48:34: note: See https://mypy.readthedocs.io/en/latest/common_issues.html#variables-vs-type-aliases
(mesgarpour)T-CARER/Stats/_MixedLinearModel.py:51:33: error: Variable "_MixedLinearModel.StatsmodelsMixedLM" is not valid as a type  [valid-type]
(mesgarpour)T-CARER/Stats/_MixedLinearModel.py:51:33: note: See https://mypy.readthedocs.io/en/latest/common_issues.html#variables-vs-type-aliases
(mesgarpour)T-CARER/Stats/_MixedLinearModel.py:64:18: error: Value of type PandasDataFrame? is not indexable  [index]
(mesgarpour)T-CARER/Stats/_MixedLinearModel.py:65:16: error: PandasDataFrame? has no attribute "drop"  [attr-defined]
(mesgarpour)T-CARER/Stats/_MixedLinearModel.py:77:38: error: Variable "_MixedLinearModel.StatsmodelsMixedLM" is not valid as a type  [valid-type]
(mesgarpour)T-CARER/Stats/_MixedLinearModel.py:77:38: note: See https://mypy.readthedocs.io/en/latest/common_issues.html#variables-vs-type-aliases
(mesgarpour)T-CARER/Stats/_MixedLinearModel.py:83:9: error: Need type annotation for 'summaries' (hint: "summaries: Dict[<type>, <type>] = ...")  [var-annotated]
(mesgarpour)T-CARER/Stats/_MixedLinearModel.py:88:27: error: Variable "_MixedLinearModel.StatsmodelsMixedLM" is not valid as a type  [valid-type]
(mesgarpour)T-CARER/Stats/_MixedLinearModel.py:88:27: note: See https://mypy.readthedocs.io/en/latest/common_issues.html#variables-vs-type-aliases
(mesgarpour)T-CARER/Stats/_NeuralNetwork.py:25:1: error: String argument 1 'DataFrame' to TypeVar(...) does not match variable name 'PandasDataFrame'  [misc]
(mesgarpour)T-CARER/Stats/_NeuralNetwork.py:25:19: error: "object" not callable  [operator]
(mesgarpour)T-CARER/Stats/_NeuralNetwork.py:26:1: error: String argument 1 'MLPClassifier' to TypeVar(...) does not match variable name 'SklearnMLPClassifier'  [misc]
(mesgarpour)T-CARER/Stats/_NeuralNetwork.py:26:24: error: "object" not callable  [operator]
(mesgarpour)T-CARER/Stats/_NeuralNetwork.py:47:34: error: Variable "_NeuralNetwork.PandasDataFrame" is not valid as a type  [valid-type]
(mesgarpour)T-CARER/Stats/_NeuralNetwork.py:47:34: note: See https://mypy.readthedocs.io/en/latest/common_issues.html#variables-vs-type-aliases
(mesgarpour)T-CARER/Stats/_NeuralNetwork.py:50:33: error: Variable "_NeuralNetwork.SklearnMLPClassifier" is not valid as a type  [valid-type]
(mesgarpour)T-CARER/Stats/_NeuralNetwork.py:50:33: note: See https://mypy.readthedocs.io/en/latest/common_issues.html#variables-vs-type-aliases
(mesgarpour)T-CARER/Stats/_NeuralNetwork.py:60:25: error: PandasDataFrame? has no attribute "values"  [attr-defined]
(mesgarpour)T-CARER/Stats/_NeuralNetwork.py:64:38: error: Variable "_NeuralNetwork.SklearnMLPClassifier" is not valid as a type  [valid-type]
(mesgarpour)T-CARER/Stats/_NeuralNetwork.py:64:38: note: See https://mypy.readthedocs.io/en/latest/common_issues.html#variables-vs-type-aliases
(mesgarpour)T-CARER/Stats/_NeuralNetwork.py:71:33: error: SklearnMLPClassifier? has no attribute "classes_"  [attr-defined]
(mesgarpour)T-CARER/Stats/_NeuralNetwork.py:72:30: error: SklearnMLPClassifier? has no attribute "loss_"  [attr-defined]
(mesgarpour)T-CARER/Stats/_NeuralNetwork.py:73:31: error: SklearnMLPClassifier? has no attribute "coefs_"  [attr-defined]
(mesgarpour)T-CARER/Stats/_NeuralNetwork.py:74:36: error: SklearnMLPClassifier? has no attribute "intercepts_"  [attr-defined]
(mesgarpour)T-CARER/Stats/_NeuralNetwork.py:75:32: error: SklearnMLPClassifier? has no attribute "n_iter_"  [attr-defined]
(mesgarpour)T-CARER/Stats/_NeuralNetwork.py:76:34: error: SklearnMLPClassifier? has no attribute "n_layers_"  [attr-defined]
(mesgarpour)T-CARER/Stats/_NeuralNetwork.py:77:35: error: SklearnMLPClassifier? has no attribute "n_outputs_"  [attr-defined]
(mesgarpour)T-CARER/Stats/_NeuralNetwork.py:78:40: error: SklearnMLPClassifier? has no attribute "out_activation_"  [attr-defined]
(mesgarpour)T-CARER/Stats/_NeuralNetwork.py:82:27: error: Variable "_NeuralNetwork.SklearnMLPClassifier" is not valid as a type  [valid-type]
(mesgarpour)T-CARER/Stats/_NeuralNetwork.py:82:27: note: See https://mypy.readthedocs.io/en/latest/common_issues.html#variables-vs-type-aliases
(mesgarpour)T-CARER/Stats/_DecisionTreeClassifier.py:26:1: error: String argument 1 'DataFrame' to TypeVar(...) does not match variable name 'PandasDataFrame'  [misc]
(mesgarpour)T-CARER/Stats/_DecisionTreeClassifier.py:26:19: error: "object" not callable  [operator]
(mesgarpour)T-CARER/Stats/_DecisionTreeClassifier.py:27:1: error: String argument 1 'DecisionTreeClassifier' to TypeVar(...) does not match variable name 'SklearnDecisionTreeClassifier'  [misc]
(mesgarpour)T-CARER/Stats/_DecisionTreeClassifier.py:27:33: error: "object" not callable  [operator]
(mesgarpour)T-CARER/Stats/_DecisionTreeClassifier.py:28:1: error: String argument 1 'pydotplus.graphviz.Dot' to TypeVar(...) does not match variable name 'GraphvizDot'  [misc]
(mesgarpour)T-CARER/Stats/_DecisionTreeClassifier.py:28:15: error: "object" not callable  [operator]
(mesgarpour)T-CARER/Stats/_DecisionTreeClassifier.py:49:34: error: Variable "_DecisionTreeClassifier.PandasDataFrame" is not valid as a type  [valid-type]
(mesgarpour)T-CARER/Stats/_DecisionTreeClassifier.py:49:34: note: See https://mypy.readthedocs.io/en/latest/common_issues.html#variables-vs-type-aliases
(mesgarpour)T-CARER/Stats/_DecisionTreeClassifier.py:52:33: error: Variable "_DecisionTreeClassifier.SklearnDecisionTreeClassifier" is not valid as a type  [valid-type]
(mesgarpour)T-CARER/Stats/_DecisionTreeClassifier.py:52:33: note: See https://mypy.readthedocs.io/en/latest/common_issues.html#variables-vs-type-aliases
(mesgarpour)T-CARER/Stats/_DecisionTreeClassifier.py:64:25: error: PandasDataFrame? has no attribute "values"  [attr-defined]
(mesgarpour)T-CARER/Stats/_DecisionTreeClassifier.py:68:38: error: Variable "_DecisionTreeClassifier.SklearnDecisionTreeClassifier" is not valid as a type  [valid-type]
(mesgarpour)T-CARER/Stats/_DecisionTreeClassifier.py:68:38: note: See https://mypy.readthedocs.io/en/latest/common_issues.html#variables-vs-type-aliases
(mesgarpour)T-CARER/Stats/_DecisionTreeClassifier.py:75:33: error: SklearnDecisionTreeClassifier? has no attribute "classes_"  [attr-defined]
(mesgarpour)T-CARER/Stats/_DecisionTreeClassifier.py:76:45: error: SklearnDecisionTreeClassifier? has no attribute "feature_importances_"  [attr-defined]
(mesgarpour)T-CARER/Stats/_DecisionTreeClassifier.py:77:38: error: SklearnDecisionTreeClassifier? has no attribute "max_features_"  [attr-defined]
(mesgarpour)T-CARER/Stats/_DecisionTreeClassifier.py:78:35: error: SklearnDecisionTreeClassifier? has no attribute "n_classes_"  [attr-defined]
(mesgarpour)T-CARER/Stats/_DecisionTreeClassifier.py:79:36: error: SklearnDecisionTreeClassifier? has no attribute "n_features_"  [attr-defined]
(mesgarpour)T-CARER/Stats/_DecisionTreeClassifier.py:80:35: error: SklearnDecisionTreeClassifier? has no attribute "n_outputs_"  [attr-defined]
(mesgarpour)T-CARER/Stats/_DecisionTreeClassifier.py:81:39: error: SklearnDecisionTreeClassifier? has no attribute "tree_"  [attr-defined]
(mesgarpour)T-CARER/Stats/_DecisionTreeClassifier.py:85:27: error: Variable "_DecisionTreeClassifier.SklearnDecisionTreeClassifier" is not valid as a type  [valid-type]
(mesgarpour)T-CARER/Stats/_DecisionTreeClassifier.py:85:27: note: See https://mypy.readthedocs.io/en/latest/common_issues.html#variables-vs-type-aliases
(mesgarpour)T-CARER/Stats/_DecisionTreeClassifier.py:87:54: error: Variable "_DecisionTreeClassifier.GraphvizDot" is not valid as a type  [valid-type]
(mesgarpour)T-CARER/Stats/_DecisionTreeClassifier.py:87:54: note: See https://mypy.readthedocs.io/en/latest/common_issues.html#variables-vs-type-aliases
(mesgarpour)T-CARER/Stats/_RandomForestClassifier.py:27:1: error: String argument 1 'DataFrame' to TypeVar(...) does not match variable name 'PandasDataFrame'  [misc]
(mesgarpour)T-CARER/Stats/_RandomForestClassifier.py:27:19: error: "object" not callable  [operator]
(mesgarpour)T-CARER/Stats/_RandomForestClassifier.py:28:1: error: String argument 1 'RandomForestClassifier' to TypeVar(...) does not match variable name 'SklearnRandomForestClassifier'  [misc]
(mesgarpour)T-CARER/Stats/_RandomForestClassifier.py:28:33: error: "object" not callable  [operator]
(mesgarpour)T-CARER/Stats/_RandomForestClassifier.py:48:34: error: Variable "_RandomForestClassifier.PandasDataFrame" is not valid as a type  [valid-type]
(mesgarpour)T-CARER/Stats/_RandomForestClassifier.py:48:34: note: See https://mypy.readthedocs.io/en/latest/common_issues.html#variables-vs-type-aliases
(mesgarpour)T-CARER/Stats/_RandomForestClassifier.py:51:33: error: Variable "_RandomForestClassifier.SklearnRandomForestClassifier" is not valid as a type  [valid-type]
(mesgarpour)T-CARER/Stats/_RandomForestClassifier.py:51:33: note: See https://mypy.readthedocs.io/en/latest/common_issues.html#variables-vs-type-aliases
(mesgarpour)T-CARER/Stats/_RandomForestClassifier.py:64:25: error: PandasDataFrame? has no attribute "values"  [attr-defined]
(mesgarpour)T-CARER/Stats/_RandomForestClassifier.py:68:38: error: Variable "_RandomForestClassifier.SklearnRandomForestClassifier" is not valid as a type  [valid-type]
(mesgarpour)T-CARER/Stats/_RandomForestClassifier.py:68:38: note: See https://mypy.readthedocs.io/en/latest/common_issues.html#variables-vs-type-aliases
(mesgarpour)T-CARER/Stats/_RandomForestClassifier.py:75:36: error: SklearnRandomForestClassifier? has no attribute "estimators_"  [attr-defined]
(mesgarpour)T-CARER/Stats/_RandomForestClassifier.py:76:33: error: SklearnRandomForestClassifier? has no attribute "classes_"  [attr-defined]
(mesgarpour)T-CARER/Stats/_RandomForestClassifier.py:77:35: error: SklearnRandomForestClassifier? has no attribute "n_classes_"  [attr-defined]
(mesgarpour)T-CARER/Stats/_RandomForestClassifier.py:78:36: error: SklearnRandomForestClassifier? has no attribute "n_features_"  [attr-defined]
(mesgarpour)T-CARER/Stats/_RandomForestClassifier.py:79:35: error: SklearnRandomForestClassifier? has no attribute "n_outputs_"  [attr-defined]
(mesgarpour)T-CARER/Stats/_RandomForestClassifier.py:80:45: error: SklearnRandomForestClassifier? has no attribute "feature_importances_"  [attr-defined]
(mesgarpour)T-CARER/Stats/_RandomForestClassifier.py:84:27: error: Variable "_RandomForestClassifier.SklearnRandomForestClassifier" is not valid as a type  [valid-type]
(mesgarpour)T-CARER/Stats/_RandomForestClassifier.py:84:27: note: See https://mypy.readthedocs.io/en/latest/common_issues.html#variables-vs-type-aliases
(mesgarpour)T-CARER/Stats/_RandomForestClassifier.py:94:32: error: SklearnRandomForestClassifier? has no attribute "__iter__" (not iterable)  [attr-defined]
(mesgarpour)T-CARER/Stats/_LogisticRegressionCV.py:25:1: error: String argument 1 'DataFrame' to TypeVar(...) does not match variable name 'PandasDataFrame'  [misc]
(mesgarpour)T-CARER/Stats/_LogisticRegressionCV.py:25:19: error: "object" not callable  [operator]
(mesgarpour)T-CARER/Stats/_LogisticRegressionCV.py:26:1: error: String argument 1 'LogisticRegressionCV' to TypeVar(...) does not match variable name 'SklearnLogisticRegressionCV'  [misc]
(mesgarpour)T-CARER/Stats/_LogisticRegressionCV.py:26:31: error: "object" not callable  [operator]
(mesgarpour)T-CARER/Stats/_LogisticRegressionCV.py:47:34: error: Variable "_LogisticRegressionCV.PandasDataFrame" is not valid as a type  [valid-type]
(mesgarpour)T-CARER/Stats/_LogisticRegressionCV.py:47:34: note: See https://mypy.readthedocs.io/en/latest/common_issues.html#variables-vs-type-aliases
(mesgarpour)T-CARER/Stats/_LogisticRegressionCV.py:50:33: error: Variable "_LogisticRegressionCV.SklearnLogisticRegressionCV" is not valid as a type  [valid-type]
(mesgarpour)T-CARER/Stats/_LogisticRegressionCV.py:50:33: note: See https://mypy.readthedocs.io/en/latest/common_issues.html#variables-vs-type-aliases
(mesgarpour)T-CARER/Stats/_LogisticRegressionCV.py:66:38: error: Variable "_LogisticRegressionCV.SklearnLogisticRegressionCV" is not valid as a type  [valid-type]
(mesgarpour)T-CARER/Stats/_LogisticRegressionCV.py:66:38: note: See https://mypy.readthedocs.io/en/latest/common_issues.html#variables-vs-type-aliases
(mesgarpour)T-CARER/Stats/_LogisticRegressionCV.py:74:30: error: SklearnLogisticRegressionCV? has no attribute "coef_"  [attr-defined]
(mesgarpour)T-CARER/Stats/_LogisticRegressionCV.py:76:35: error: SklearnLogisticRegressionCV? has no attribute "intercept_"  [attr-defined]
(mesgarpour)T-CARER/Stats/_LogisticRegressionCV.py:78:32: error: SklearnLogisticRegressionCV? has no attribute "n_iter_"  [attr-defined]
(mesgarpour)T-CARER/Stats/_LogisticRegressionCV.py:82:27: error: Variable "_LogisticRegressionCV.SklearnLogisticRegressionCV" is not valid as a type  [valid-type]
(mesgarpour)T-CARER/Stats/_LogisticRegressionCV.py:82:27: note: See https://mypy.readthedocs.io/en/latest/common_issues.html#variables-vs-type-aliases
(mesgarpour)T-CARER/Stats/_GradientBoostingClassifier.py:25:1: error: String argument 1 'DataFrame' to TypeVar(...) does not match variable name 'PandasDataFrame'  [misc]
(mesgarpour)T-CARER/Stats/_GradientBoostingClassifier.py:25:19: error: "object" not callable  [operator]
(mesgarpour)T-CARER/Stats/_GradientBoostingClassifier.py:26:1: error: String argument 1 'GradientBoostingClassifier' to TypeVar(...) does not match variable name 'SklearnGradientBoostingClassifier'  [misc]
(mesgarpour)T-CARER/Stats/_GradientBoostingClassifier.py:26:37: error: "object" not callable  [operator]
(mesgarpour)T-CARER/Stats/_GradientBoostingClassifier.py:47:34: error: Variable "_GradientBoostingClassifier.PandasDataFrame" is not valid as a type  [valid-type]
(mesgarpour)T-CARER/Stats/_GradientBoostingClassifier.py:47:34: note: See https://mypy.readthedocs.io/en/latest/common_issues.html#variables-vs-type-aliases
(mesgarpour)T-CARER/Stats/_GradientBoostingClassifier.py:50:33: error: Variable "_GradientBoostingClassifier.SklearnGradientBoostingClassifier" is not valid as a type  [valid-type]
(mesgarpour)T-CARER/Stats/_GradientBoostingClassifier.py:50:33: note: See https://mypy.readthedocs.io/en/latest/common_issues.html#variables-vs-type-aliases
(mesgarpour)T-CARER/Stats/_GradientBoostingClassifier.py:62:25: error: PandasDataFrame? has no attribute "values"  [attr-defined]
(mesgarpour)T-CARER/Stats/_GradientBoostingClassifier.py:66:38: error: Variable "_GradientBoostingClassifier.SklearnGradientBoostingClassifier" is not valid as a type  [valid-type]
(mesgarpour)T-CARER/Stats/_GradientBoostingClassifier.py:66:38: note: See https://mypy.readthedocs.io/en/latest/common_issues.html#variables-vs-type-aliases
(mesgarpour)T-CARER/Stats/_GradientBoostingClassifier.py:73:45: error: SklearnGradientBoostingClassifier? has no attribute "feature_importances_"  [attr-defined]
(mesgarpour)T-CARER/Stats/_GradientBoostingClassifier.py:74:37: error: SklearnGradientBoostingClassifier? has no attribute "train_score_"  [attr-defined]
(mesgarpour)T-CARER/Stats/_GradientBoostingClassifier.py:75:30: error: SklearnGradientBoostingClassifier? has no attribute "loss_"  [attr-defined]
(mesgarpour)T-CARER/Stats/_GradientBoostingClassifier.py:76:29: error: SklearnGradientBoostingClassifier? has no attribute "init"  [attr-defined]
(mesgarpour)T-CARER/Stats/_GradientBoostingClassifier.py:77:36: error: SklearnGradientBoostingClassifier? has no attribute "estimators_"  [attr-defined]
(mesgarpour)T-CARER/Stats/_GradientBoostingClassifier.py:81:27: error: Variable "_GradientBoostingClassifier.SklearnGradientBoostingClassifier" is not valid as a type  [valid-type]
(mesgarpour)T-CARER/Stats/_GradientBoostingClassifier.py:81:27: note: See https://mypy.readthedocs.io/en/latest/common_issues.html#variables-vs-type-aliases
(mesgarpour)T-CARER/ReadersWriters/_CsvFile.py:29:1: error: String argument 1 'DataFrame' to TypeVar(...) does not match variable name 'PandasDataFrame'  [misc]
(mesgarpour)T-CARER/ReadersWriters/_CsvFile.py:29:19: error: "object" not callable  [operator]
(mesgarpour)T-CARER/ReadersWriters/_CsvFile.py:81:5: error: Missing return statement  [return]
(mesgarpour)T-CARER/ReadersWriters/_CsvFile.py:109:48: error: Variable "_CsvFile.PandasDataFrame" is not valid as a type  [valid-type]
(mesgarpour)T-CARER/ReadersWriters/_CsvFile.py:109:48: note: See https://mypy.readthedocs.io/en/latest/common_issues.html#variables-vs-type-aliases
(mesgarpour)T-CARER/ReadersWriters/_CsvFile.py:125:44: error: Variable "_CsvFile.PandasDataFrame" is not valid as a type  [valid-type]
(mesgarpour)T-CARER/ReadersWriters/_CsvFile.py:125:44: note: See https://mypy.readthedocs.io/en/latest/common_issues.html#variables-vs-type-aliases
(mesgarpour)T-CARER/ReadersWriters/_CsvFile.py:163:44: error: Variable "_CsvFile.PandasDataFrame" is not valid as a type  [valid-type]
(mesgarpour)T-CARER/ReadersWriters/_CsvFile.py:163:44: note: See https://mypy.readthedocs.io/en/latest/common_issues.html#variables-vs-type-aliases
(mesgarpour)T-CARER/ReadersWriters/_CsvFile.py:182:34: error: Variable "_CsvFile.PandasDataFrame" is not valid as a type  [valid-type]
(mesgarpour)T-CARER/ReadersWriters/_CsvFile.py:182:34: note: See https://mypy.readthedocs.io/en/latest/common_issues.html#variables-vs-type-aliases
(mesgarpour)T-CARER/ReadersWriters/_CsvFile.py:196:51: error: PandasDataFrame? has no attribute "shape"  [attr-defined]
(mesgarpour)T-CARER/ReadersWriters/_CsvFile.py:197:54: error: PandasDataFrame? has no attribute "shape"  [attr-defined]
(mesgarpour)T-CARER/ReadersWriters/_CsvFile.py:198:17: error: PandasDataFrame? has no attribute "to_csv"  [attr-defined]
(mesgarpour)T-CARER/ReadersWriters/_TextFile.py:32:1: error: String argument 1 'DataFrame' to TypeVar(...) does not match variable name 'PandasDataFrame'  [misc]
(mesgarpour)T-CARER/ReadersWriters/_TextFile.py:32:19: error: "object" not callable  [operator]
(mesgarpour)T-CARER/ReadersWriters/_TextFile.py:33:1: error: String argument 1 'OrderedDict' to TypeVar(...) does not match variable name 'CollectionsOrderedDict'  [misc]
(mesgarpour)T-CARER/ReadersWriters/_TextFile.py:33:26: error: "object" not callable  [operator]
(mesgarpour)T-CARER/ReadersWriters/_TextFile.py:65:23: error: Incompatible types in assignment (expression has type "str", variable has type "None")  [assignment]
(mesgarpour)T-CARER/ReadersWriters/_TextFile.py:85:31: error: Argument 1 to "isfile" has incompatible type "None"; expected "Union[bytes, str, _PathLike[Any]]"  [arg-type]
(mesgarpour)T-CARER/ReadersWriters/_TextFile.py:107:23: error: Argument 1 to "open" has incompatible type "None"; expected "Union[str, bytes, int, _PathLike[Any]]"  [arg-type]
(mesgarpour)T-CARER/ReadersWriters/_TextFile.py:113:77: error: Unsupported operand types for + ("str" and "None")  [operator]
(mesgarpour)T-CARER/ReadersWriters/_TextFile.py:116:82: error: Unsupported operand types for + ("str" and "None")  [operator]
(mesgarpour)T-CARER/ReadersWriters/_TextFile.py:121:44: error: Variable "_TextFile.PandasDataFrame" is not valid as a type  [valid-type]
(mesgarpour)T-CARER/ReadersWriters/_TextFile.py:121:44: note: See https://mypy.readthedocs.io/en/latest/common_issues.html#variables-vs-type-aliases
(mesgarpour)T-CARER/ReadersWriters/_TextFile.py:151:34: error: Variable "_TextFile.PandasDataFrame" is not valid as a type  [valid-type]
(mesgarpour)T-CARER/ReadersWriters/_TextFile.py:151:34: note: See https://mypy.readthedocs.io/en/latest/common_issues.html#variables-vs-type-aliases
(mesgarpour)T-CARER/ReadersWriters/_TextFile.py:157:23: error: Argument 1 to "open" has incompatible type "None"; expected "Union[str, bytes, int, _PathLike[Any]]"  [arg-type]
(mesgarpour)T-CARER/ReadersWriters/_TextFile.py:159:17: error: PandasDataFrame? has no attribute "to_string"  [attr-defined]
(mesgarpour)T-CARER/ReadersWriters/_TextFile.py:159:43: error: PandasDataFrame? has no attribute "columns"  [attr-defined]
(mesgarpour)T-CARER/ReadersWriters/_TextFile.py:161:77: error: Unsupported operand types for + ("str" and "None")  [operator]
(mesgarpour)T-CARER/ReadersWriters/_TextFile.py:164:88: error: Unsupported operand types for + ("str" and "None")  [operator]
(mesgarpour)T-CARER/ReadersWriters/_TextFile.py:174:23: error: Argument 1 to "open" has incompatible type "None"; expected "Union[str, bytes, int, _PathLike[Any]]"  [arg-type]
(mesgarpour)T-CARER/ReadersWriters/_TextFile.py:177:77: error: Unsupported operand types for + ("str" and "None")  [operator]
(mesgarpour)T-CARER/ReadersWriters/_TextFile.py:180:89: error: Unsupported operand types for + ("str" and "None")  [operator]
(mesgarpour)T-CARER/ReadersWriters/_TextFile.py:184:52: error: Variable "_TextFile.CollectionsOrderedDict" is not valid as a type  [valid-type]
(mesgarpour)T-CARER/ReadersWriters/_TextFile.py:184:52: note: See https://mypy.readthedocs.io/en/latest/common_issues.html#variables-vs-type-aliases
(mesgarpour)T-CARER/ReadersWriters/_TextFile.py:191:33: error: "Callable[[Dict[Any, Any], CollectionsOrderedDict?], None]" has no attribute "items"  [attr-defined]
(mesgarpour)T-CARER/ReadersWriters/_TextFile.py:193:47: error: Argument 1 to "__append_pretty_dict" of "TextFile" has incompatible type "Dict[Any, Any]"; expected "Callable[[Dict[Any, Any], CollectionsOrderedDict?], None]"  [arg-type]
(mesgarpour)T-CARER/ReadersWriters/_TextFile.py:197:31: error: Argument 1 to "open" has incompatible type "None"; expected "Union[str, bytes, int, _PathLike[Any]]"  [arg-type]
(mesgarpour)T-CARER/ReadersWriters/_TextFile.py:201:77: error: Unsupported operand types for + ("str" and "None")  [operator]
(mesgarpour)T-CARER/ReadersWriters/_TextFile.py:204:89: error: Unsupported operand types for + ("str" and "None")  [operator]
(mesgarpour)T-CARER/ReadersWriters/_TextFile.py:214:23: error: Argument 1 to "open" has incompatible type "None"; expected "Union[str, bytes, int, _PathLike[Any]]"  [arg-type]
(mesgarpour)T-CARER/ReadersWriters/_TextFile.py:218:77: error: Unsupported operand types for + ("str" and "None")  [operator]
(mesgarpour)T-CARER/ReadersWriters/_TextFile.py:221:82: error: Unsupported operand types for + ("str" and "None")  [operator]
(mesgarpour)T-CARER/ReadersWriters/PyConfigParser.py:84:16: error: "None" has no attribute "sections"  [attr-defined]
(mesgarpour)T-CARER/ReadersWriters/PyConfigParser.py:93:16: error: "None" has no attribute "items"  [attr-defined]
(mesgarpour)T-CARER/ReadersWriters/PyConfigParser.py:105:21: error: "None" has no attribute "get"  [attr-defined]
(mesgarpour)T-CARER/ReadersWriters/PyConfigParser.py:129:9: error: Need type annotation for 'values' (hint: "values: List[<type>] = ...")  [var-annotated]
(mesgarpour)T-CARER/ReadersWriters/PyConfigParser.py:132:26: error: Incompatible types in assignment (expression has type "Dict[Any, Any]", variable has type "List[Any]")  [assignment]
(mesgarpour)T-CARER/ReadersWriters/PyConfigParser.py:135:35: error: "None" has no attribute "get"  [attr-defined]
(mesgarpour)T-CARER/ReadersWriters/PyConfigParser.py:143:16: error: Incompatible return value type (got "List[Any]", expected "Dict[Any, Any]")  [return-value]
(mesgarpour)T-CARER/ReadersWriters/PyConfigParser.py:164:30: error: Incompatible types in assignment (expression has type "List[str]", target has type "Dict[Any, Any]")  [assignment]
(mesgarpour)T-CARER/ReadersWriters/PyConfigParser.py:170:32: error: Incompatible default for argument "append" (default has type "bool", argument has type "str")  [assignment]
(mesgarpour)T-CARER/ReadersWriters/PyConfigParser.py:179:9: error: Cannot assign to a method  [assignment]
(mesgarpour)T-CARER/ReadersWriters/PyConfigParser.py:179:30: error: Incompatible types in assignment (expression has type "Type[str]", variable has type "Callable[[str], str]")  [assignment]
(mesgarpour)T-CARER/ReadersWriters/_PickleSerialised.py:29:1: error: String argument 1 'stat_result' to TypeVar(...) does not match variable name 'OsStatResult'  [misc]
(mesgarpour)T-CARER/ReadersWriters/_PickleSerialised.py:29:16: error: "object" not callable  [operator]
(mesgarpour)T-CARER/ReadersWriters/_PickleSerialised.py:147:23: error: Variable "_PickleSerialised.OsStatResult" is not valid as a type  [valid-type]
(mesgarpour)T-CARER/ReadersWriters/_PickleSerialised.py:147:23: note: See https://mypy.readthedocs.io/en/latest/common_issues.html#variables-vs-type-aliases
(mesgarpour)T-CARER/ReadersWriters/_MysqlCommand.py:30:1: error: String argument 1 'DataFrame' to TypeVar(...) does not match variable name 'PandasDataFrame'  [misc]
(mesgarpour)T-CARER/ReadersWriters/_MysqlCommand.py:30:19: error: "object" not callable  [operator]
(mesgarpour)T-CARER/ReadersWriters/_MysqlCommand.py:31:1: error: String argument 1 'Engine' to TypeVar(...) does not match variable name 'SqlalchemyEngine'  [misc]
(mesgarpour)T-CARER/ReadersWriters/_MysqlCommand.py:31:20: error: "object" not callable  [operator]
(mesgarpour)T-CARER/ReadersWriters/_MysqlCommand.py:32:1: error: String argument 1 'sessionmaker' to TypeVar(...) does not match variable name 'SqlAlchemySessionMaker'  [misc]
(mesgarpour)T-CARER/ReadersWriters/_MysqlCommand.py:32:26: error: "object" not callable  [operator]
(mesgarpour)T-CARER/ReadersWriters/_MysqlCommand.py:46:30: error: Variable "_MysqlCommand.SqlalchemyEngine" is not valid as a type  [valid-type]
(mesgarpour)T-CARER/ReadersWriters/_MysqlCommand.py:46:30: note: See https://mypy.readthedocs.io/en/latest/common_issues.html#variables-vs-type-aliases
(mesgarpour)T-CARER/ReadersWriters/_MysqlCommand.py:62:56: error: Variable "_MysqlCommand.PandasDataFrame" is not valid as a type  [valid-type]
(mesgarpour)T-CARER/ReadersWriters/_MysqlCommand.py:62:56: note: See https://mypy.readthedocs.io/en/latest/common_issues.html#variables-vs-type-aliases
(mesgarpour)T-CARER/ReadersWriters/_MysqlCommand.py:82:45: error: Variable "_MysqlCommand.PandasDataFrame" is not valid as a type  [valid-type]
(mesgarpour)T-CARER/ReadersWriters/_MysqlCommand.py:82:45: note: See https://mypy.readthedocs.io/en/latest/common_issues.html#variables-vs-type-aliases
(mesgarpour)T-CARER/ReadersWriters/_MysqlCommand.py:99:24: error: SqlalchemyEngine? has no attribute "connect"  [attr-defined]
(mesgarpour)T-CARER/ReadersWriters/_MysqlCommand.py:129:18: error: Item "None" of "Optional[Any]" has no attribute "where"  [union-attr]
(mesgarpour)T-CARER/ReadersWriters/_MysqlCommand.py:145:24: error: SqlalchemyEngine? has no attribute "connect"  [attr-defined]
(mesgarpour)T-CARER/ReadersWriters/_MysqlCommand.py:181:24: error: SqlalchemyEngine? has no attribute "raw_connection"  [attr-defined]
(mesgarpour)T-CARER/ReadersWriters/_MysqlCommand.py:202:17: error: Item "None" of "Optional[Any]" has no attribute "close"  [union-attr]
(mesgarpour)T-CARER/ReadersWriters/_MysqlCommand.py:218:24: error: SqlalchemyEngine? has no attribute "raw_connection"  [attr-defined]
(mesgarpour)T-CARER/ReadersWriters/_MysqlCommand.py:239:42: error: Variable "_MysqlCommand.PandasDataFrame" is not valid as a type  [valid-type]
(mesgarpour)T-CARER/ReadersWriters/_MysqlCommand.py:239:42: note: See https://mypy.readthedocs.io/en/latest/common_issues.html#variables-vs-type-aliases
(mesgarpour)T-CARER/ReadersWriters/_MysqlCommand.py:260:31: error: Variable "_MysqlCommand.PandasDataFrame" is not valid as a type  [valid-type]
(mesgarpour)T-CARER/ReadersWriters/_MysqlCommand.py:260:31: note: See https://mypy.readthedocs.io/en/latest/common_issues.html#variables-vs-type-aliases
(mesgarpour)T-CARER/ReadersWriters/_MysqlCommand.py:277:24: error: SqlalchemyEngine? has no attribute "connect"  [attr-defined]
(mesgarpour)T-CARER/ReadersWriters/_MysqlCommand.py:283:17: error: PandasDataFrame? has no attribute "to_sql"  [attr-defined]
(mesgarpour)T-CARER/ReadersWriters/_MysqlCommand.py:314:24: error: SqlalchemyEngine? has no attribute "connect"  [attr-defined]
(mesgarpour)T-CARER/ReadersWriters/_MysqlCommand.py:334:37: error: Variable "_MysqlCommand.SqlAlchemySessionMaker" is not valid as a type  [valid-type]
(mesgarpour)T-CARER/ReadersWriters/_MysqlCommand.py:334:37: note: See https://mypy.readthedocs.io/en/latest/common_issues.html#variables-vs-type-aliases
(mesgarpour)T-CARER/ReadersWriters/_MysqlCommand.py:340:13: error: SqlAlchemySessionMaker? has no attribute "execute"  [attr-defined]
(mesgarpour)T-CARER/ReadersWriters/_MysqlConnection.py:33:1: error: String argument 1 'Engine' to TypeVar(...) does not match variable name 'SqlalchemyEngine'  [misc]
(mesgarpour)T-CARER/ReadersWriters/_MysqlConnection.py:33:20: error: "object" not callable  [operator]
(mesgarpour)T-CARER/ReadersWriters/_MysqlConnection.py:75:23: error: Variable "_MysqlConnection.SqlalchemyEngine" is not valid as a type  [valid-type]
(mesgarpour)T-CARER/ReadersWriters/_MysqlConnection.py:75:23: note: See https://mypy.readthedocs.io/en/latest/common_issues.html#variables-vs-type-aliases
(mesgarpour)T-CARER/ReadersWriters/_MysqlConnection.py:81:33: error: Name 'create_engine' is not defined  [name-defined]
(mesgarpour)T-CARER/Stats/YeoJohnson.py:35:1: error: String argument 1 'ndarray' to TypeVar(...) does not match variable name 'NumpyNDArray'  [misc]
(mesgarpour)T-CARER/Stats/YeoJohnson.py:35:16: error: "object" not callable  [operator]
(mesgarpour)T-CARER/Stats/YeoJohnson.py:36:1: error: String argument 1 'Series' to TypeVar(...) does not match variable name 'PandasSeries'  [misc]
(mesgarpour)T-CARER/Stats/YeoJohnson.py:36:16: error: "object" not callable  [operator]
(mesgarpour)T-CARER/Stats/YeoJohnson.py:41:32: error: Variable "YeoJohnson.NumpyNDArray" is not valid as a type  [valid-type]
(mesgarpour)T-CARER/Stats/YeoJohnson.py:41:32: note: See https://mypy.readthedocs.io/en/latest/common_issues.html#variables-vs-type-aliases
(mesgarpour)T-CARER/Stats/YeoJohnson.py:41:46: error: Variable "YeoJohnson.PandasSeries" is not valid as a type  [valid-type]
(mesgarpour)T-CARER/Stats/YeoJohnson.py:43:54: error: Incompatible default for argument "derivative" (default has type "int", argument has type "Callable[[int, float], None]")  [assignment]
(mesgarpour)T-CARER/Stats/YeoJohnson.py:71:35: error: Unsupported operand types for <= ("int" and "Callable[[List[Any], NumpyNDArray?, PandasSeries?], None]")  [operator]
(mesgarpour)T-CARER/Stats/YeoJohnson.py:72:17: error: Unsupported target for indexed assignment  [index]
(mesgarpour)T-CARER/Stats/YeoJohnson.py:72:53: error: Value of type "Callable[[List[Any], NumpyNDArray?, PandasSeries?], None]" is not indexable  [index]
(mesgarpour)T-CARER/Stats/YeoJohnson.py:74:35: error: Unsupported operand types for <= ("int" and "Callable[[List[Any], NumpyNDArray?, PandasSeries?], None]")  [operator]
(mesgarpour)T-CARER/Stats/YeoJohnson.py:75:17: error: Unsupported target for indexed assignment  [index]
(mesgarpour)T-CARER/Stats/YeoJohnson.py:75:41: error: Value of type "Callable[[List[Any], NumpyNDArray?, PandasSeries?], None]" is not indexable  [index]
(mesgarpour)T-CARER/Stats/YeoJohnson.py:77:35: error: Unsupported operand types for > ("int" and "Callable[[List[Any], NumpyNDArray?, PandasSeries?], None]")  [operator]
(mesgarpour)T-CARER/Stats/YeoJohnson.py:78:17: error: Unsupported target for indexed assignment  [index]
(mesgarpour)T-CARER/Stats/YeoJohnson.py:78:77: error: Value of type "Callable[[List[Any], NumpyNDArray?, PandasSeries?], None]" is not indexable  [index]
(mesgarpour)T-CARER/Stats/YeoJohnson.py:80:35: error: Unsupported operand types for > ("int" and "Callable[[List[Any], NumpyNDArray?, PandasSeries?], None]")  [operator]
(mesgarpour)T-CARER/Stats/YeoJohnson.py:81:17: error: Unsupported target for indexed assignment  [index]
(mesgarpour)T-CARER/Stats/YeoJohnson.py:81:43: error: Value of type "Callable[[List[Any], NumpyNDArray?, PandasSeries?], None]" is not indexable  [index]
(mesgarpour)T-CARER/Stats/YeoJohnson.py:86:39: error: Unsupported operand types for <= ("int" and "Callable[[List[Any], NumpyNDArray?, PandasSeries?], None]")  [operator]
(mesgarpour)T-CARER/Stats/YeoJohnson.py:87:21: error: Unsupported target for indexed assignment  [index]
(mesgarpour)T-CARER/Stats/YeoJohnson.py:87:55: error: Value of type "Callable[[List[Any], NumpyNDArray?, PandasSeries?], None]" is not indexable  [index]
(mesgarpour)T-CARER/Stats/YeoJohnson.py:89:39: error: Unsupported operand types for <= ("int" and "Callable[[List[Any], NumpyNDArray?, PandasSeries?], None]")  [operator]
(mesgarpour)T-CARER/Stats/YeoJohnson.py:90:21: error: Unsupported target for indexed assignment  [index]
(mesgarpour)T-CARER/Stats/YeoJohnson.py:90:45: error: Value of type "Callable[[List[Any], NumpyNDArray?, PandasSeries?], None]" is not indexable  [index]
(mesgarpour)T-CARER/Stats/YeoJohnson.py:92:39: error: Unsupported operand types for > ("int" and "Callable[[List[Any], NumpyNDArray?, PandasSeries?], None]")  [operator]
(mesgarpour)T-CARER/Stats/YeoJohnson.py:93:21: error: Unsupported target for indexed assignment  [index]
(mesgarpour)T-CARER/Stats/YeoJohnson.py:93:58: error: Value of type "Callable[[List[Any], NumpyNDArray?, PandasSeries?], None]" is not indexable  [index]
(mesgarpour)T-CARER/Stats/YeoJohnson.py:95:39: error: Unsupported operand types for > ("int" and "Callable[[List[Any], NumpyNDArray?, PandasSeries?], None]")  [operator]
(mesgarpour)T-CARER/Stats/YeoJohnson.py:96:21: error: Unsupported target for indexed assignment  [index]
(mesgarpour)T-CARER/Stats/YeoJohnson.py:96:47: error: Value of type "Callable[[List[Any], NumpyNDArray?, PandasSeries?], None]" is not indexable  [index]
(mesgarpour)T-CARER/Stats/YeoJohnson.py:100:55: error: Unsupported operand types for - ("Callable[[int, float], None]" and "int")  [operator]
(mesgarpour)T-CARER/Stats/YeoJohnson.py:100:55: error: Argument "derivative" to "fit" of "YeoJohnson" has incompatible type "int"; expected "Callable[[int, float], None]"  [arg-type]
(mesgarpour)T-CARER/Stats/YeoJohnson.py:102:39: error: Unsupported operand types for <= ("int" and "Callable[[List[Any], NumpyNDArray?, PandasSeries?], None]")  [operator]
(mesgarpour)T-CARER/Stats/YeoJohnson.py:103:21: error: Unsupported target for indexed assignment  [index]
(mesgarpour)T-CARER/Stats/YeoJohnson.py:104:34: error: Value of type "Callable[[List[Any], NumpyNDArray?, PandasSeries?], None]" is not indexable  [index]
(mesgarpour)T-CARER/Stats/YeoJohnson.py:106:43: error: Value of type "Callable[[List[Any], NumpyNDArray?, PandasSeries?], None]" is not indexable  [index]
(mesgarpour)T-CARER/Stats/YeoJohnson.py:109:39: error: Unsupported operand types for <= ("int" and "Callable[[List[Any], NumpyNDArray?, PandasSeries?], None]")  [operator]
(mesgarpour)T-CARER/Stats/YeoJohnson.py:110:21: error: Unsupported target for indexed assignment  [index]
(mesgarpour)T-CARER/Stats/YeoJohnson.py:110:64: error: Value of type "Callable[[List[Any], NumpyNDArray?, PandasSeries?], None]" is not indexable  [index]
(mesgarpour)T-CARER/Stats/YeoJohnson.py:110:74: error: Unsupported operand types for + ("Callable[[int, float], None]" and "int")  [operator]
(mesgarpour)T-CARER/Stats/YeoJohnson.py:112:39: error: Unsupported operand types for > ("int" and "Callable[[List[Any], NumpyNDArray?, PandasSeries?], None]")  [operator]
(mesgarpour)T-CARER/Stats/YeoJohnson.py:113:21: error: Unsupported target for indexed assignment  [index]
(mesgarpour)T-CARER/Stats/YeoJohnson.py:114:35: error: Value of type "Callable[[List[Any], NumpyNDArray?, PandasSeries?], None]" is not indexable  [index]
(mesgarpour)T-CARER/Stats/YeoJohnson.py:116:45: error: Value of type "Callable[[List[Any], NumpyNDArray?, PandasSeries?], None]" is not indexable  [index]
(mesgarpour)T-CARER/Stats/YeoJohnson.py:119:39: error: Unsupported operand types for > ("int" and "Callable[[List[Any], NumpyNDArray?, PandasSeries?], None]")  [operator]
(mesgarpour)T-CARER/Stats/YeoJohnson.py:120:21: error: Unsupported target for indexed assignment  [index]
(mesgarpour)T-CARER/Stats/YeoJohnson.py:120:66: error: Value of type "Callable[[List[Any], NumpyNDArray?, PandasSeries?], None]" is not indexable  [index]
(mesgarpour)T-CARER/Stats/YeoJohnson.py:120:76: error: Unsupported operand types for + ("Callable[[int, float], None]" and "int")  [operator]
(mesgarpour)T-CARER/Stats/YeoJohnson.py:124:39: error: Variable "YeoJohnson.NumpyNDArray" is not valid as a type  [valid-type]
(mesgarpour)T-CARER/Stats/YeoJohnson.py:124:39: note: See https://mypy.readthedocs.io/en/latest/common_issues.html#variables-vs-type-aliases
(mesgarpour)T-CARER/Stats/YeoJohnson.py:124:53: error: Variable "YeoJohnson.PandasSeries" is not valid as a type  [valid-type]
(mesgarpour)T-CARER/Stats/FeatureSelection.py:31:1: error: String argument 1 'DataFrame' to TypeVar(...) does not match variable name 'PandasDataFrame'  [misc]
(mesgarpour)T-CARER/Stats/FeatureSelection.py:31:19: error: "object" not callable  [operator]
(mesgarpour)T-CARER/Stats/FeatureSelection.py:51:55: error: Variable "FeatureSelection.PandasDataFrame" is not valid as a type  [valid-type]
(mesgarpour)T-CARER/Stats/FeatureSelection.py:51:55: note: See https://mypy.readthedocs.io/en/latest/common_issues.html#variables-vs-type-aliases
(mesgarpour)T-CARER/Stats/FeatureSelection.py:77:60: error: Variable "FeatureSelection.PandasDataFrame" is not valid as a type  [valid-type]
(mesgarpour)T-CARER/Stats/FeatureSelection.py:77:60: note: See https://mypy.readthedocs.io/en/latest/common_issues.html#variables-vs-type-aliases
(mesgarpour)T-CARER/Stats/FeatureSelection.py:98:47: error: Variable "FeatureSelection.PandasDataFrame" is not valid as a type  [valid-type]
(mesgarpour)T-CARER/Stats/FeatureSelection.py:98:47: note: See https://mypy.readthedocs.io/en/latest/common_issues.html#variables-vs-type-aliases
(mesgarpour)T-CARER/Stats/FeatureSelection.py:124:46: error: Variable "FeatureSelection.PandasDataFrame" is not valid as a type  [valid-type]
(mesgarpour)T-CARER/Stats/FeatureSelection.py:124:46: note: See https://mypy.readthedocs.io/en/latest/common_issues.html#variables-vs-type-aliases
(mesgarpour)T-CARER/Stats/FeatureSelection.py:149:43: error: Variable "FeatureSelection.PandasDataFrame" is not valid as a type  [valid-type]
(mesgarpour)T-CARER/Stats/FeatureSelection.py:149:43: note: See https://mypy.readthedocs.io/en/latest/common_issues.html#variables-vs-type-aliases
(mesgarpour)T-CARER/Stats/FeatureSelection.py:173:50: error: Variable "FeatureSelection.PandasDataFrame" is not valid as a type  [valid-type]
(mesgarpour)T-CARER/Stats/FeatureSelection.py:173:50: note: See https://mypy.readthedocs.io/en/latest/common_issues.html#variables-vs-type-aliases
(mesgarpour)T-CARER/Stats/FeatureSelection.py:201:68: error: Variable "FeatureSelection.PandasDataFrame" is not valid as a type  [valid-type]
(mesgarpour)T-CARER/Stats/FeatureSelection.py:201:68: note: See https://mypy.readthedocs.io/en/latest/common_issues.html#variables-vs-type-aliases
(mesgarpour)T-CARER/Stats/FeatureSelection.py:223:73: error: Variable "FeatureSelection.PandasDataFrame" is not valid as a type  [valid-type]
(mesgarpour)T-CARER/Stats/FeatureSelection.py:223:73: note: See https://mypy.readthedocs.io/en/latest/common_issues.html#variables-vs-type-aliases
(mesgarpour)T-CARER/Stats/FeatureSelection.py:243:65: error: Variable "FeatureSelection.PandasDataFrame" is not valid as a type  [valid-type]
(mesgarpour)T-CARER/Stats/FeatureSelection.py:243:65: note: See https://mypy.readthedocs.io/en/latest/common_issues.html#variables-vs-type-aliases
(mesgarpour)T-CARER/Stats/FeatureSelection.py:261:36: error: PandasDataFrame? has no attribute "shape"  [attr-defined]
(mesgarpour)T-CARER/Stats/TrainingMethod.py:38:1: error: String argument 1 'DataFrame' to TypeVar(...) does not match variable name 'PandasDataFrame'  [misc]
(mesgarpour)T-CARER/Stats/TrainingMethod.py:38:19: error: "object" not callable  [operator]
(mesgarpour)T-CARER/Stats/TrainingMethod.py:39:1: error: String argument 1 'ndarray' to TypeVar(...) does not match variable name 'NumpyNDArray'  [misc]
(mesgarpour)T-CARER/Stats/TrainingMethod.py:39:16: error: "object" not callable  [operator]
(mesgarpour)T-CARER/Stats/TrainingMethod.py:40:1: error: String argument 1 'OrderedDict' to TypeVar(...) does not match variable name 'CollectionsOrderedDict'  [misc]
(mesgarpour)T-CARER/Stats/TrainingMethod.py:40:26: error: "object" not callable  [operator]
(mesgarpour)T-CARER/Stats/TrainingMethod.py:74:9: error: Need type annotation for 'model_predict' (hint: "model_predict: Dict[<type>, <type>] = ...")  [var-annotated]
(mesgarpour)T-CARER/Stats/TrainingMethod.py:86:46: error: Variable "TrainingMethod.NumpyNDArray" is not valid as a type  [valid-type]
(mesgarpour)T-CARER/Stats/TrainingMethod.py:86:46: note: See https://mypy.readthedocs.io/en/latest/common_issues.html#variables-vs-type-aliases
(mesgarpour)T-CARER/Stats/TrainingMethod.py:122:29: error: Incompatible types in assignment (expression has type "Optional[List[Any]]", variable has type "None")  [assignment]
(mesgarpour)T-CARER/Stats/TrainingMethod.py:128:34: error: Variable "TrainingMethod.PandasDataFrame" is not valid as a type  [valid-type]
(mesgarpour)T-CARER/Stats/TrainingMethod.py:128:34: note: See https://mypy.readthedocs.io/en/latest/common_issues.html#variables-vs-type-aliases
(mesgarpour)T-CARER/Stats/TrainingMethod.py:138:29: error: Incompatible types in assignment (expression has type "List[Any]", variable has type "None")  [assignment]
(mesgarpour)T-CARER/Stats/TrainingMethod.py:138:34: error: PandasDataFrame? has no attribute "columns"  [attr-defined]
(mesgarpour)T-CARER/Stats/TrainingMethod.py:139:28: error: "None" has no attribute "train"  [attr-defined]
(mesgarpour)T-CARER/Stats/TrainingMethod.py:140:13: error: Value of type PandasDataFrame? is not indexable  [index]
(mesgarpour)T-CARER/Stats/TrainingMethod.py:148:16: error: "None" has no attribute "plot"  [attr-defined]
(mesgarpour)T-CARER/Stats/TrainingMethod.py:155:16: error: "None" has no attribute "train_summaries"  [attr-defined]
(mesgarpour)T-CARER/Stats/TrainingMethod.py:158:36: error: Variable "TrainingMethod.PandasDataFrame" is not valid as a type  [valid-type]
(mesgarpour)T-CARER/Stats/TrainingMethod.py:158:36: note: See https://mypy.readthedocs.io/en/latest/common_issues.html#variables-vs-type-aliases
(mesgarpour)T-CARER/Stats/TrainingMethod.py:159:38: error: Variable "TrainingMethod.PandasDataFrame" is not valid as a type  [valid-type]
(mesgarpour)T-CARER/Stats/TrainingMethod.py:159:38: note: See https://mypy.readthedocs.io/en/latest/common_issues.html#variables-vs-type-aliases
(mesgarpour)T-CARER/Stats/TrainingMethod.py:166:43: error: "None" has no attribute "predict"  [attr-defined]
(mesgarpour)T-CARER/Stats/TrainingMethod.py:166:83: error: Value of type PandasDataFrame? is not indexable  [index]
(mesgarpour)T-CARER/Stats/TrainingMethod.py:171:48: error: Variable "TrainingMethod.CollectionsOrderedDict" is not valid as a type  [valid-type]
(mesgarpour)T-CARER/Stats/TrainingMethod.py:171:48: note: See https://mypy.readthedocs.io/en/latest/common_issues.html#variables-vs-type-aliases
(mesgarpour)T-CARER/Stats/TrainingMethod.py:179:16: error: "None" has no attribute "predict_summaries"  [attr-defined]
(mesgarpour)T-CARER/Stats/TrainingMethod.py:184:81: error: Variable "TrainingMethod.CollectionsOrderedDict" is not valid as a type  [valid-type]
(mesgarpour)T-CARER/Stats/TrainingMethod.py:184:81: note: See https://mypy.readthedocs.io/en/latest/common_issues.html#variables-vs-type-aliases
(mesgarpour)T-CARER/Stats/TrainingMethod.py:193:16: error: "None" has no attribute "predict_summaries_cutoffs_table"  [attr-defined]
(mesgarpour)T-CARER/Stats/TrainingMethod.py:197:43: error: Variable "TrainingMethod.PandasDataFrame" is not valid as a type  [valid-type]
(mesgarpour)T-CARER/Stats/TrainingMethod.py:197:43: note: See https://mypy.readthedocs.io/en/latest/common_issues.html#variables-vs-type-aliases
(mesgarpour)T-CARER/Stats/TrainingMethod.py:211:31: error: Value of type PandasDataFrame? is not indexable  [index]
(mesgarpour)T-CARER/Stats/TrainingMethod.py:231:35: error: Incompatible types in assignment (expression has type "None", target has type "str")  [assignment]
(mesgarpour)T-CARER/Stats/TrainingMethod.py:232:34: error: Incompatible types in assignment (expression has type "None", target has type "str")  [assignment]
(mesgarpour)T-CARER/Stats/TrainingMethod.py:233:36: error: Incompatible types in assignment (expression has type "Dict[Any, Any]", target has type "str")  [assignment]
(mesgarpour)T-CARER/Stats/TrainingMethod.py:234:43: error: Incompatible types in assignment (expression has type "None", target has type "str")  [assignment]
(mesgarpour)T-CARER/Stats/TrainingMethod.py:248:35: error: Incompatible types in assignment (expression has type "None", target has type "str")  [assignment]
(mesgarpour)T-CARER/Stats/TrainingMethod.py:249:34: error: Incompatible types in assignment (expression has type "None", target has type "str")  [assignment]
(mesgarpour)T-CARER/Stats/TrainingMethod.py:250:36: error: Incompatible types in assignment (expression has type "Dict[Any, Any]", target has type "str")  [assignment]
(mesgarpour)T-CARER/Stats/TrainingMethod.py:251:43: error: Incompatible types in assignment (expression has type "None", target has type "str")  [assignment]
(mesgarpour)T-CARER/Configs/CONSTANTS.py:117:17: error: Item "None" of "Optional[Logger]" has no attribute "error"  [union-attr]
(mesgarpour)T-CARER/Features/FeatureParser.py:33:1: error: String argument 1 'DataFrame' to TypeVar(...) does not match variable name 'PandasDataFrame'  [misc]
(mesgarpour)T-CARER/Features/FeatureParser.py:33:19: error: "object" not callable  [operator]
(mesgarpour)T-CARER/Features/FeatureParser.py:34:1: error: String argument 1 'ndarray' to TypeVar(...) does not match variable name 'NumpyNdarray'  [misc]
(mesgarpour)T-CARER/Features/FeatureParser.py:34:16: error: "object" not callable  [operator]
(mesgarpour)T-CARER/Features/FeatureParser.py:49:38: error: Variable "FeatureParser.PandasDataFrame" is not valid as a type  [valid-type]
(mesgarpour)T-CARER/Features/FeatureParser.py:49:38: note: See https://mypy.readthedocs.io/en/latest/common_issues.html#variables-vs-type-aliases
(mesgarpour)T-CARER/Features/FeatureParser.py:67:28: error: Variable "FeatureParser.PandasDataFrame" is not valid as a type  [valid-type]
(mesgarpour)T-CARER/Features/FeatureParser.py:67:28: note: See https://mypy.readthedocs.io/en/latest/common_issues.html#variables-vs-type-aliases
(mesgarpour)T-CARER/Features/FeatureParser.py:68:29: error: Variable "FeatureParser.PandasDataFrame" is not valid as a type  [valid-type]
(mesgarpour)T-CARER/Features/FeatureParser.py:68:29: note: See https://mypy.readthedocs.io/en/latest/common_issues.html#variables-vs-type-aliases
(mesgarpour)T-CARER/Features/FeatureParser.py:69:39: error: Variable "FeatureParser.PandasDataFrame" is not valid as a type  [valid-type]
(mesgarpour)T-CARER/Features/FeatureParser.py:69:39: note: See https://mypy.readthedocs.io/en/latest/common_issues.html#variables-vs-type-aliases
(mesgarpour)T-CARER/Features/FeatureParser.py:79:30: error: Value of type PandasDataFrame? is not indexable  [index]
(mesgarpour)T-CARER/Features/FeatureParser.py:88:21: error: Value of type PandasDataFrame? is not indexable  [index]
(mesgarpour)T-CARER/Features/FeatureParser.py:94:21: error: Unsupported target for indexed assignment  [index]
(mesgarpour)T-CARER/Features/FeatureParser.py:94:46: error: Value of type NumpyNdarray? is not indexable  [index]
(mesgarpour)T-CARER/Features/FeatureParser.py:97:47: error: Value of type PandasDataFrame? is not indexable  [index]
(mesgarpour)T-CARER/Features/FeatureParser.py:100:17: error: Unsupported target for indexed assignment  [index]
(mesgarpour)T-CARER/Features/FeatureParser.py:104:31: error: Variable "FeatureParser.PandasDataFrame" is not valid as a type  [valid-type]
(mesgarpour)T-CARER/Features/FeatureParser.py:104:31: note: See https://mypy.readthedocs.io/en/latest/common_issues.html#variables-vs-type-aliases
(mesgarpour)T-CARER/Features/FeatureParser.py:107:42: error: Variable "FeatureParser.NumpyNdarray" is not valid as a type  [valid-type]
(mesgarpour)T-CARER/Features/FeatureParser.py:107:42: note: See https://mypy.readthedocs.io/en/latest/common_issues.html#variables-vs-type-aliases
(mesgarpour)T-CARER/Features/FeatureParser.py:128:30: error: Variable "FeatureParser.PandasDataFrame" is not valid as a type  [valid-type]
(mesgarpour)T-CARER/Features/FeatureParser.py:128:30: note: See https://mypy.readthedocs.io/en/latest/common_issues.html#variables-vs-type-aliases
(mesgarpour)T-CARER/Features/FeatureParserThread.py:26:1: error: String argument 1 'DataFrame' to TypeVar(...) does not match variable name 'PandasDataFrame'  [misc]
(mesgarpour)T-CARER/Features/FeatureParserThread.py:26:19: error: "object" not callable  [operator]
(mesgarpour)T-CARER/Features/FeatureParserThread.py:27:1: error: String argument 1 'ndarray' to TypeVar(...) does not match variable name 'NumpyNdarray'  [misc]
(mesgarpour)T-CARER/Features/FeatureParserThread.py:27:16: error: "object" not callable  [operator]
(mesgarpour)T-CARER/Features/FeatureParserThread.py:45:47: error: Variable "FeatureParserThread.NumpyNdarray" is not valid as a type  [valid-type]
(mesgarpour)T-CARER/Features/FeatureParserThread.py:45:47: note: See https://mypy.readthedocs.io/en/latest/common_issues.html#variables-vs-type-aliases
(mesgarpour)T-CARER/Features/FeatureParserThread.py:61:25: error: Incompatible types in assignment (expression has type "List[str]", variable has type "str")  [assignment]
(mesgarpour)T-CARER/Features/FeatureParserThread.py:62:26: error: Incompatible types in assignment (expression has type "List[str]", variable has type "str")  [assignment]
(mesgarpour)T-CARER/Features/FeatureParserThread.py:63:26: error: Incompatible types in assignment (expression has type "List[object]", variable has type "str")  [assignment]
(mesgarpour)T-CARER/Features/FeatureParserThread.py:65:29: error: Incompatible types in assignment (expression has type "List[int]", variable has type "str")  [assignment]
(mesgarpour)T-CARER/Features/FeatureParserThread.py:90:36: error: Value of type variable "_Number" of "mean" cannot be "str"  [type-var]
(mesgarpour)T-CARER/Features/FeatureParserThread.py:94:36: error: Value of type variable "_Number" of "median" cannot be "str"  [type-var]
(mesgarpour)T-CARER/Features/FeatureParserThread.py:111:29: error: Incompatible types in assignment (expression has type "List[str]", variable has type "str")  [assignment]
(mesgarpour)T-CARER/Features/FeatureParserThread.py:112:30: error: Incompatible types in assignment (expression has type "List[str]", variable has type "str")  [assignment]
(mesgarpour)T-CARER/Features/FeatureParserThread.py:113:30: error: Incompatible types in assignment (expression has type "List[object]", variable has type "str")  [assignment]
(mesgarpour)T-CARER/Features/FeatureParserThread.py:114:29: error: Incompatible types in assignment (expression has type "List[str]", variable has type "str")  [assignment]
(mesgarpour)T-CARER/Features/FeatureParserThread.py:115:20: error: Incompatible return value type (got "str", expected "List[Any]")  [return-value]
Found 367 errors in 23 files (checked 26 source files)

[RRepo](urda)nistbeacon
(urda)nistbeacon/scripts/version_manager.py:174:23: error: Need type annotation for 'version_counter'  [var-annotated]
(urda)nistbeacon/scripts/version_manager.py:191:24: error: Argument "version_result" to "FileVersionResult" has incompatible type "Optional[Any]"; expected "str"  [arg-type]
(urda)nistbeacon/nistbeacon/nistbeaconvalue.py:333:20: error: Incompatible return value type (got "None", expected "NistBeaconValue")  [return-value]
(urda)nistbeacon/nistbeacon/nistbeaconvalue.py:354:20: error: Incompatible return value type (got "None", expected "NistBeaconValue")  [return-value]
(urda)nistbeacon/nistbeacon/nistbeaconvalue.py:358:21: error: Argument "version" to "NistBeaconValue" has incompatible type "None"; expected "str"  [arg-type]
(urda)nistbeacon/nistbeacon/nistbeaconvalue.py:359:23: error: No overload variant of "int" matches argument type "None"  [call-overload]
(urda)nistbeacon/nistbeacon/nistbeaconvalue.py:359:23: note: Possible overload variant:
(urda)nistbeacon/nistbeacon/nistbeaconvalue.py:359:23: note:     def int(self, x: Union[str, bytes, SupportsInt, _SupportsIndex] = ...) -> int
(urda)nistbeacon/nistbeacon/nistbeaconvalue.py:359:23: note:     <1 more non-matching overload not shown>
(urda)nistbeacon/nistbeacon/nistbeaconvalue.py:360:23: error: No overload variant of "int" matches argument type "None"  [call-overload]
(urda)nistbeacon/nistbeacon/nistbeaconvalue.py:360:23: note: Possible overload variant:
(urda)nistbeacon/nistbeacon/nistbeaconvalue.py:360:23: note:     def int(self, x: Union[str, bytes, SupportsInt, _SupportsIndex] = ...) -> int
(urda)nistbeacon/nistbeacon/nistbeaconvalue.py:360:23: note:     <1 more non-matching overload not shown>
(urda)nistbeacon/nistbeacon/nistbeaconvalue.py:361:24: error: Argument "seed_value" to "NistBeaconValue" has incompatible type "None"; expected "str"  [arg-type]
(urda)nistbeacon/nistbeacon/nistbeaconvalue.py:362:35: error: Argument "previous_output_value" to "NistBeaconValue" has incompatible type "None"; expected "str"  [arg-type]
(urda)nistbeacon/nistbeacon/nistbeaconvalue.py:365:29: error: Argument "signature_value" to "NistBeaconValue" has incompatible type "None"; expected "str"  [arg-type]
(urda)nistbeacon/nistbeacon/nistbeaconvalue.py:366:26: error: Argument "output_value" to "NistBeaconValue" has incompatible type "None"; expected "str"  [arg-type]
(urda)nistbeacon/nistbeacon/nistbeaconvalue.py:367:25: error: Argument "status_code" to "NistBeaconValue" has incompatible type "None"; expected "str"  [arg-type]
(urda)nistbeacon/nistbeacon/nistbeaconvalue.py:403:20: error: Incompatible return value type (got "None", expected "NistBeaconValue")  [return-value]
(urda)nistbeacon/nistbeacon/nistbeaconvalue.py:417:36: error: Incompatible types in assignment (expression has type "Optional[str]", target has type "None")  [assignment]
(urda)nistbeacon/nistbeacon/nistbeaconvalue.py:421:20: error: Incompatible return value type (got "None", expected "NistBeaconValue")  [return-value]
(urda)nistbeacon/nistbeacon/nistbeaconvalue.py:425:21: error: Argument "version" to "NistBeaconValue" has incompatible type "None"; expected "str"  [arg-type]
(urda)nistbeacon/nistbeacon/nistbeaconvalue.py:426:23: error: No overload variant of "int" matches argument type "None"  [call-overload]
(urda)nistbeacon/nistbeacon/nistbeaconvalue.py:426:23: note: Possible overload variant:
(urda)nistbeacon/nistbeacon/nistbeaconvalue.py:426:23: note:     def int(self, x: Union[str, bytes, SupportsInt, _SupportsIndex] = ...) -> int
(urda)nistbeacon/nistbeacon/nistbeaconvalue.py:426:23: note:     <1 more non-matching overload not shown>
(urda)nistbeacon/nistbeacon/nistbeaconvalue.py:427:23: error: No overload variant of "int" matches argument type "None"  [call-overload]
(urda)nistbeacon/nistbeacon/nistbeaconvalue.py:427:23: note: Possible overload variant:
(urda)nistbeacon/nistbeacon/nistbeaconvalue.py:427:23: note:     def int(self, x: Union[str, bytes, SupportsInt, _SupportsIndex] = ...) -> int
(urda)nistbeacon/nistbeacon/nistbeaconvalue.py:427:23: note:     <1 more non-matching overload not shown>
(urda)nistbeacon/nistbeacon/nistbeaconvalue.py:428:24: error: Argument "seed_value" to "NistBeaconValue" has incompatible type "None"; expected "str"  [arg-type]
(urda)nistbeacon/nistbeacon/nistbeaconvalue.py:429:35: error: Argument "previous_output_value" to "NistBeaconValue" has incompatible type "None"; expected "str"  [arg-type]
(urda)nistbeacon/nistbeacon/nistbeaconvalue.py:432:29: error: Argument "signature_value" to "NistBeaconValue" has incompatible type "None"; expected "str"  [arg-type]
(urda)nistbeacon/nistbeacon/nistbeaconvalue.py:433:26: error: Argument "output_value" to "NistBeaconValue" has incompatible type "None"; expected "str"  [arg-type]
(urda)nistbeacon/nistbeacon/nistbeaconvalue.py:434:25: error: Argument "status_code" to "NistBeaconValue" has incompatible type "None"; expected "str"  [arg-type]
(urda)nistbeacon/nistbeacon/nistbeacon.py:80:5: error: Missing return statement  [return]
Found 24 errors in 3 files (checked 13 source files)

[RRepo](GVLL)domrj
(GVLL)domrj/domrj/utils.py:21:16: error: Incompatible return value type (got "None", expected "str")  [return-value]
(GVLL)domrj/domrj/utils.py:37:12: error: Incompatible return value type (got "int", expected "str")  [return-value]
(GVLL)domrj/domrj/domhtml/treeparser.py:19:1: error: Need type annotation for 'treeids' (hint: "treeids: Dict[<type>, <type>] = ...")  [var-annotated]
(GVLL)domrj/domrj/dompdf/domrj_pdf.py:57:1: error: Missing return statement  [return]
Found 4 errors in 3 files (checked 6 source files)

[RRepo](facebookresearch)ParlAI
(facebookresearch)ParlAI/parlai/core/logs.py:29:5: error: Need type annotation for '_shared_state' (hint: "_shared_state: Dict[<type>, <type>] = ...")  [var-annotated]
(facebookresearch)ParlAI/docs/source/generate_zoo_list.py:9:1: error: Need type annotation for 'category_zoo_list' (hint: "category_zoo_list: Dict[<type>, <type>] = ...")  [var-annotated]
(facebookresearch)ParlAI/parlai/tasks/dailydialog/parse.py:52:14: error: Need type annotation for 'ALL_COUNTS'  [var-annotated]
(facebookresearch)ParlAI/parlai/tasks/dailydialog/parse.py:94:13: error: Incompatible types in assignment (expression has type "List[str]", variable has type "str")  [assignment]
(facebookresearch)ParlAI/parlai/tasks/dailydialog/parse.py:95:17: error: Incompatible types in assignment (expression has type "List[str]", variable has type "str")  [assignment]
(facebookresearch)ParlAI/tests/suites.py:97:5: error: Module has no attribute "run"  [attr-defined]
(facebookresearch)ParlAI/projects/controllable_dialogue/mturk/run.py:10:1: error: Module 'worlds' has no attribute 'ControllableDialogEval'  [attr-defined]
(facebookresearch)ParlAI/projects/controllable_dialogue/mturk/run.py:10:1: error: Module 'worlds' has no attribute 'PersonasGenerator'  [attr-defined]
(facebookresearch)ParlAI/projects/controllable_dialogue/mturk/run.py:10:1: error: Module 'worlds' has no attribute 'PersonaAssignWorld'  [attr-defined]
(facebookresearch)ParlAI/parlai/agents/bert_ranker/helpers.py:21:1: error: Module 'torch.optim' has no attribute 'Optimizer'  [attr-defined]
(facebookresearch)ParlAI/parlai/agents/bert_ranker/helpers.py:22:1: error: Module 'torch.optim.optimizer' has no attribute 'required'  [attr-defined]
(facebookresearch)ParlAI/parlai/core/thread_utils.py:12:1: error: Module 'multiprocessing' has no attribute 'RawArray'; maybe "Array"?  [attr-defined]
(facebookresearch)ParlAI/projects/taskntalk/coopgame_agent.py:26:21: error: Module has no attribute "Adadelta"  [attr-defined]
(facebookresearch)ParlAI/projects/taskntalk/coopgame_agent.py:27:20: error: Module has no attribute "Adagrad"  [attr-defined]
(facebookresearch)ParlAI/projects/taskntalk/coopgame_agent.py:29:19: error: Module has no attribute "Adamax"; maybe "Adam"?  [attr-defined]
(facebookresearch)ParlAI/projects/taskntalk/coopgame_agent.py:30:17: error: Module has no attribute "ASGD"; maybe "SGD"?  [attr-defined]
(facebookresearch)ParlAI/projects/taskntalk/coopgame_agent.py:31:18: error: Module has no attribute "LBFGS"  [attr-defined]
(facebookresearch)ParlAI/projects/taskntalk/coopgame_agent.py:32:20: error: Module has no attribute "RMSprop"  [attr-defined]
(facebookresearch)ParlAI/projects/taskntalk/coopgame_agent.py:33:18: error: Module has no attribute "Rprop"  [attr-defined]
(facebookresearch)ParlAI/parlai/scripts/multiprocessing_train.py:24:5: error: Module has no attribute "multiprocessing"  [attr-defined]
(facebookresearch)ParlAI/parlai/scripts/interactive_web.py:18:1: error: Need type annotation for 'SHARED' (hint: "SHARED: Dict[<type>, <type>] = ...")  [var-annotated]
Found 21 errors in 10 files (checked 166 source files)

[RRepo](XKNX)xknx
(XKNX)xknx/xknx/xknx.py: error: Duplicate module named 'xknx' (also at '/home/bew/archive/typed_project/(XKNX)xknx/home-assistant-plugin/custom_components/xknx/__init__.py')  [misc]
(XKNX)xknx/xknx/xknx.py: error: Are you missing an __init__.py?  [misc]
Found 2 errors in 1 file (checked 164 source files)

[RRepo](anchore)anchore-engine
(anchore)anchore-engine/anchore_engine/subsys/simplequeue.py: error: Duplicate module named 'simplequeue' (also at '/home/bew/archive/typed_project/(anchore)anchore-engine/anchore_engine/services/simplequeue/__init__.py')  [misc]
(anchore)anchore-engine/anchore_engine/subsys/simplequeue.py: error: Are you missing an __init__.py?  [misc]
Found 2 errors in 1 file (checked 225 source files)

[RRepo](Aquafina-water-bottle)Command-Compiler-Unlimited
(Aquafina-water-bottle)Command-Compiler-Unlimited/fenalib/token_classes.py:4:5: error: Need type annotation for 'cache' (hint: "cache: Dict[<type>, <type>] = ...")  [var-annotated]

[RRepo](oilshell)oil
(oilshell)oil/Python-2.7.13/Lib/ctypes/test/__init__.py:87:18: error: Missing parentheses in call to 'print'. Did you mean print(__doc__)?  [syntax]
Found 1 error in 1 file (checked 657 source files)

[RRepo](sheriferson)simplestatistics
(sheriferson)simplestatistics/simplestatistics/statistics/mode.py:7:1: error: Missing return statement  [return]
(sheriferson)simplestatistics/simplestatistics/statistics/mode.py:41:5: error: Need type annotation for 'number_counter' (hint: "number_counter: Dict[<type>, <type>] = ...")  [var-annotated]
(sheriferson)simplestatistics/simplestatistics/statistics/mode.py:45:37: error: Argument 1 to "len" has incompatible type "Union[int, List[Any]]"; expected "Sized"  [arg-type]
(sheriferson)simplestatistics/simplestatistics/statistics/mode.py:46:9: error: Item "int" of "Union[int, List[Any]]" has no attribute "sort"  [union-attr]
(sheriferson)simplestatistics/simplestatistics/statistics/mode.py:48:19: error: Item "int" of "Union[int, List[Any]]" has no attribute "__iter__" (not iterable)  [union-attr]
(sheriferson)simplestatistics/simplestatistics/statistics/median.py:42:22: error: Argument 1 to "float" has incompatible type "Union[int, float, List[Any]]"; expected "Union[SupportsFloat, _SupportsIndex, str, bytes, bytearray]"  [arg-type]
(sheriferson)simplestatistics/simplestatistics/statistics/median.py:44:9: error: Item "int" of "Union[int, float, List[Any]]" has no attribute "sort"  [union-attr]
(sheriferson)simplestatistics/simplestatistics/statistics/median.py:44:9: error: Item "float" of "Union[int, float, List[Any]]" has no attribute "sort"  [union-attr]
(sheriferson)simplestatistics/simplestatistics/statistics/median.py:46:16: error: Argument 1 to "len" has incompatible type "Union[int, float, List[Any]]"; expected "Sized"  [arg-type]
(sheriferson)simplestatistics/simplestatistics/statistics/median.py:47:26: error: Value of type "Union[int, float, List[Any]]" is not indexable  [index]
(sheriferson)simplestatistics/simplestatistics/statistics/median.py:48:18: error: Argument 1 to "len" has incompatible type "Union[int, float, List[Any]]"; expected "Sized"  [arg-type]
(sheriferson)simplestatistics/simplestatistics/statistics/median.py:49:26: error: Value of type "Union[int, float, List[Any]]" is not indexable  [index]
(sheriferson)simplestatistics/simplestatistics/statistics/median.py:49:39: error: Argument 1 to "len" has incompatible type "Union[int, float, List[Any]]"; expected "Sized"  [arg-type]
(sheriferson)simplestatistics/simplestatistics/statistics/median.py:52:27: error: Argument 1 to "len" has incompatible type "Union[int, float, List[Any]]"; expected "Sized"  [arg-type]
(sheriferson)simplestatistics/simplestatistics/statistics/median.py:53:17: error: Value of type "Union[int, float, List[Any]]" is not indexable  [index]
Found 15 errors in 2 files (checked 41 source files)

[RRepo](sdeslauriers)streamlines
(sdeslauriers)streamlines/streamlines/io/__init__.py:49:22: error: Incompatible types in assignment (expression has type "None", variable has type "List[Any]")  [assignment]
Found 1 error in 1 file (checked 8 source files)

