[RRepo](semanticbits)survey_stats

[RRepo](TheEnigmaBlade)holo

[RRepo](pachev)gsbot
(pachev)gsbot/models/model_mixin.py:4: error: Need type annotation for 'DB_COLUMNS' (hint: "DB_COLUMNS: List[<type>] = ...")  [var-annotated]
(pachev)gsbot/models/character.py:8: error: Name 'Document' is not defined  [name-defined]
(pachev)gsbot/models/character.py:30: error: Name 'StringField' is not defined  [name-defined]
(pachev)gsbot/models/character.py:31: error: Name 'StringField' is not defined  [name-defined]
(pachev)gsbot/models/character.py:32: error: Name 'StringField' is not defined  [name-defined]
(pachev)gsbot/models/character.py:33: error: Name 'StringField' is not defined  [name-defined]
(pachev)gsbot/models/character.py:34: error: Name 'IntField' is not defined  [name-defined]
(pachev)gsbot/models/character.py:35: error: Name 'IntField' is not defined  [name-defined]
(pachev)gsbot/models/character.py:36: error: Name 'IntField' is not defined  [name-defined]
(pachev)gsbot/models/character.py:37: error: Name 'IntField' is not defined  [name-defined]
(pachev)gsbot/models/character.py:38: error: Name 'IntField' is not defined  [name-defined]
(pachev)gsbot/models/character.py:39: error: Name 'IntField' is not defined  [name-defined]
(pachev)gsbot/models/character.py:40: error: Name 'IntField' is not defined  [name-defined]
(pachev)gsbot/models/character.py:41: error: Name 'DateTimeField' is not defined  [name-defined]
(pachev)gsbot/models/character.py:42: error: Name 'FloatField' is not defined  [name-defined]
(pachev)gsbot/models/character.py:43: error: Name 'URLField' is not defined  [name-defined]
(pachev)gsbot/models/character.py:44: error: Name 'IntField' is not defined  [name-defined]
(pachev)gsbot/models/character.py:45: error: Name 'BooleanField' is not defined  [name-defined]
(pachev)gsbot/models/character.py:46: error: Name 'IntField' is not defined  [name-defined]
(pachev)gsbot/models/character.py:47: error: Name 'ListField' is not defined  [name-defined]
(pachev)gsbot/models/character.py:47: error: Name 'ReferenceField' is not defined  [name-defined]
(pachev)gsbot/models/character.py:52: error: Name 'queryset_manager' is not defined  [name-defined]
(pachev)gsbot/models/character.py:57: error: Name 'queryset_manager' is not defined  [name-defined]
(pachev)gsbot/gsbot.py:12: error: Name 'connect' is not defined  [name-defined]
(pachev)gsbot/test.py:15: error: Name 'connect' is not defined  [name-defined]
Found 25 errors in 4 files (checked 3 source files)

[RRepo](feliphebueno)Rinzler
(feliphebueno)Rinzler/rinzler/core/route_mapping.py:11: error: Need type annotation for '__routes' (hint: "__routes: Dict[<type>, <type>] = ...")  [var-annotated]
(feliphebueno)Rinzler/rinzler/core/route_mapping.py:16: error: Invalid type comment or annotation  [valid-type]
(feliphebueno)Rinzler/rinzler/core/route_mapping.py:16: note: Suggestion: use str[...] instead of str(...)
(feliphebueno)Rinzler/rinzler/core/route_mapping.py:16: note: Suggestion: use object[...] instead of object(...)
(feliphebueno)Rinzler/rinzler/core/route_mapping.py:24: error: Invalid type comment or annotation  [valid-type]
(feliphebueno)Rinzler/rinzler/core/route_mapping.py:24: note: Suggestion: use str[...] instead of str(...)
(feliphebueno)Rinzler/rinzler/core/route_mapping.py:24: note: Suggestion: use object[...] instead of object(...)
(feliphebueno)Rinzler/rinzler/core/route_mapping.py:32: error: Invalid type comment or annotation  [valid-type]
(feliphebueno)Rinzler/rinzler/core/route_mapping.py:32: note: Suggestion: use str[...] instead of str(...)
(feliphebueno)Rinzler/rinzler/core/route_mapping.py:32: note: Suggestion: use object[...] instead of object(...)
(feliphebueno)Rinzler/rinzler/core/route_mapping.py:40: error: Invalid type comment or annotation  [valid-type]
(feliphebueno)Rinzler/rinzler/core/route_mapping.py:40: note: Suggestion: use str[...] instead of str(...)
(feliphebueno)Rinzler/rinzler/core/route_mapping.py:40: note: Suggestion: use object[...] instead of object(...)
(feliphebueno)Rinzler/rinzler/core/route_mapping.py:48: error: Invalid type comment or annotation  [valid-type]
(feliphebueno)Rinzler/rinzler/core/route_mapping.py:48: note: Suggestion: use str[...] instead of str(...)
(feliphebueno)Rinzler/rinzler/core/route_mapping.py:48: note: Suggestion: use object[...] instead of object(...)
(feliphebueno)Rinzler/rinzler/core/route_mapping.py:56: error: Invalid type comment or annotation  [valid-type]
(feliphebueno)Rinzler/rinzler/core/route_mapping.py:56: note: Suggestion: use str[...] instead of str(...)
(feliphebueno)Rinzler/rinzler/core/route_mapping.py:56: note: Suggestion: use object[...] instead of object(...)
(feliphebueno)Rinzler/rinzler/core/route_mapping.py:64: error: Invalid type comment or annotation  [valid-type]
(feliphebueno)Rinzler/rinzler/core/route_mapping.py:64: note: Suggestion: use str[...] instead of str(...)
(feliphebueno)Rinzler/rinzler/core/route_mapping.py:64: note: Suggestion: use object[...] instead of object(...)
(feliphebueno)Rinzler/rinzler/core/route_mapping.py:84: error: Missing return statement  [return]
(feliphebueno)Rinzler/rinzler/core/route_mapping.py:84: error: Invalid type comment or annotation  [valid-type]
(feliphebueno)Rinzler/rinzler/core/route_mapping.py:84: note: Suggestion: use str[...] instead of str(...)
(feliphebueno)Rinzler/rinzler/core/route_mapping.py:84: note: Suggestion: use dict[...] instead of dict(...)
(feliphebueno)Rinzler/rinzler/logger/log.py:6: error: Module 'rinzler.logger' has no attribute 'config'  [attr-defined]
(feliphebueno)Rinzler/rinzler/__init__.py:38: error: Incompatible types in assignment (expression has type "None", variable has type "Logger")  [assignment]
(feliphebueno)Rinzler/rinzler/__init__.py:39: error: Incompatible types in assignment (expression has type "None", variable has type "str")  [assignment]
(feliphebueno)Rinzler/rinzler/__init__.py:40: error: Incompatible types in assignment (expression has type "None", variable has type "BaseAuthService")  [assignment]
(feliphebueno)Rinzler/rinzler/__init__.py:41: error: Need type annotation for 'auth_data' (hint: "auth_data: Dict[<type>, <type>] = ...")  [var-annotated]
(feliphebueno)Rinzler/rinzler/__init__.py:46: error: Need type annotation for 'default_headers' (hint: "default_headers: Dict[<type>, <type>] = ...")  [var-annotated]
(feliphebueno)Rinzler/rinzler/__init__.py:52: error: Function "builtins.callable" is not valid as a type  [valid-type]
(feliphebueno)Rinzler/rinzler/__init__.py:52: note: Perhaps you need "Callable[...]" or a callback protocol?
(feliphebueno)Rinzler/rinzler/__init__.py:106: error: Incompatible types in assignment (expression has type "None", variable has type "Rinzler")  [assignment]
(feliphebueno)Rinzler/rinzler/__init__.py:107: error: Incompatible types in assignment (expression has type "None", variable has type "datetime")  [assignment]
(feliphebueno)Rinzler/rinzler/__init__.py:109: error: Function "builtins.callable" is not valid as a type  [valid-type]
(feliphebueno)Rinzler/rinzler/__init__.py:109: note: Perhaps you need "Callable[...]" or a callback protocol?
(feliphebueno)Rinzler/rinzler/__init__.py:114: error: Need type annotation for '__end_points' (hint: "__end_points: Dict[<type>, <type>] = ...")  [var-annotated]
(feliphebueno)Rinzler/rinzler/__init__.py:115: error: Incompatible types in assignment (expression has type "None", variable has type "BaseAuthService")  [assignment]
(feliphebueno)Rinzler/rinzler/__init__.py:137: error: callable? not callable  [misc]
(feliphebueno)Rinzler/rinzler/__init__.py:167: error: Invalid type comment or annotation  [valid-type]
(feliphebueno)Rinzler/rinzler/__init__.py:187: error: Incompatible types in assignment (expression has type "int", variable has type "None")  [assignment]
(feliphebueno)Rinzler/rinzler/__init__.py:236: error: Incompatible types in assignment (expression has type "object", variable has type "Dict[Any, Any]")  [assignment]
Found 26 errors in 3 files (checked 2 source files)

[RRepo](szeged)servo

[RRepo](olitheolix)azrael
(olitheolix)azrael/azrael/vectorgrid.py:80: error: Syntax error in type annotation  [syntax]
(olitheolix)azrael/azrael/vectorgrid.py:80: note: Suggestion: Use Tuple[T1, ..., Tn] instead of (T1, ..., Tn)
(olitheolix)azrael/azrael/vectorgrid.py:221: error: Syntax error in type annotation  [syntax]
(olitheolix)azrael/azrael/vectorgrid.py:221: note: Suggestion: Use Tuple[T1, ..., Tn] instead of (T1, ..., Tn)
(olitheolix)azrael/azrael/vectorgrid.py:268: error: Syntax error in type annotation  [syntax]
(olitheolix)azrael/azrael/vectorgrid.py:268: note: Suggestion: Use Tuple[T1, ..., Tn] instead of (T1, ..., Tn)
(olitheolix)azrael/azrael/vectorgrid.py:320: error: Syntax error in type annotation  [syntax]
(olitheolix)azrael/azrael/vectorgrid.py:320: note: Suggestion: Use Tuple[T1, ..., Tn] instead of (T1, ..., Tn)
(olitheolix)azrael/azrael/protocol.py:133: error: Syntax error in type annotation  [syntax]
(olitheolix)azrael/azrael/protocol.py:133: note: Suggestion: Use Tuple[T1, ..., Tn] instead of (T1, ..., Tn)
(olitheolix)azrael/azrael/protocol.py:161: error: Syntax error in type annotation  [syntax]
(olitheolix)azrael/azrael/protocol.py:161: note: Suggestion: Use Tuple[T1, ..., Tn] instead of (T1, ..., Tn)
(olitheolix)azrael/azrael/protocol.py:199: error: Syntax error in type annotation  [syntax]
(olitheolix)azrael/azrael/protocol.py:199: note: Suggestion: Use Tuple[T1, ..., Tn] instead of (T1, ..., Tn)
(olitheolix)azrael/azrael/protocol.py:266: error: Need type annotation for 'out' (hint: "out: Dict[<type>, <type>] = ...")  [var-annotated]
(olitheolix)azrael/azrael/leo_api.py:91: error: Incompatible types in assignment (expression has type "Tuple[Any, ...]", target has type "Tuple[int, int, int, int, int, int]")  [assignment]
(olitheolix)azrael/azrael/leo_api.py:97: error: Incompatible types in assignment (expression has type "Tuple[Any, ...]", target has type "Tuple[int, int, int, int, int, int]")  [assignment]
(olitheolix)azrael/azrael/leo_api.py:157: error: Syntax error in type annotation  [syntax]
(olitheolix)azrael/azrael/leo_api.py:157: note: Suggestion: Use Tuple[T1, ..., Tn] instead of (T1, ..., Tn)
(olitheolix)azrael/azrael/leo_api.py:233: error: Need type annotation for 'ops'  [var-annotated]
(olitheolix)azrael/azrael/igor.py:87: error: Syntax error in type annotation  [syntax]
(olitheolix)azrael/azrael/igor.py:87: note: Suggestion: Use Tuple[T1, ..., Tn] instead of (T1, ..., Tn)
(olitheolix)azrael/azrael/igor.py:163: error: Syntax error in type annotation  [syntax]
(olitheolix)azrael/azrael/igor.py:163: note: Suggestion: Use Tuple[T1, ..., Tn] instead of (T1, ..., Tn)
(olitheolix)azrael/azrael/igor.py:191: error: Syntax error in type annotation  [syntax]
(olitheolix)azrael/azrael/igor.py:191: note: Suggestion: Use Tuple[T1, ..., Tn] instead of (T1, ..., Tn)
(olitheolix)azrael/azrael/eventstore.py:53: error: Syntax error in type annotation  [syntax]
(olitheolix)azrael/azrael/eventstore.py:53: note: Suggestion: Use Tuple[T1, ..., Tn] instead of (T1, ..., Tn)
(olitheolix)azrael/azrael/eventstore.py:64: error: Need type annotation for 'messages' (hint: "messages: List[<type>] = ...")  [var-annotated]
(olitheolix)azrael/azrael/eventstore.py:276: error: Value of type "None" is not indexable  [index]
(olitheolix)azrael/azrael/eventstore.py:277: error: Value of type "None" is not indexable  [index]
(olitheolix)azrael/azrael/eventstore.py:282: error: Incompatible types in assignment (expression has type "str", variable has type "bytes")  [assignment]
(olitheolix)azrael/azrael/eventstore.py:283: error: On Python 3 '{}'.format(b'abc') produces "b'abc'"; use !r if this is a desired behavior  [str-bytes-safe]
(olitheolix)azrael/azrael/eventstore.py:286: error: Incompatible types in assignment (expression has type "str", variable has type "bytes")  [assignment]
(olitheolix)azrael/azrael/eventstore.py:287: error: On Python 3 '{}'.format(b'abc') produces "b'abc'"; use !r if this is a desired behavior  [str-bytes-safe]
(olitheolix)azrael/azrael/eventstore.py:290: error: Incompatible types in assignment (expression has type "str", variable has type "bytes")  [assignment]
(olitheolix)azrael/azrael/eventstore.py:291: error: On Python 3 '{}'.format(b'abc') produces "b'abc'"; use !r if this is a desired behavior  [str-bytes-safe]
(olitheolix)azrael/azrael/dibbler.py:143: error: Syntax error in type annotation  [syntax]
(olitheolix)azrael/azrael/dibbler.py:143: note: Suggestion: Use Tuple[T1, ..., Tn] instead of (T1, ..., Tn)
(olitheolix)azrael/azrael/dibbler.py:210: error: Syntax error in type annotation  [syntax]
(olitheolix)azrael/azrael/dibbler.py:210: note: Suggestion: Use Tuple[T1, ..., Tn] instead of (T1, ..., Tn)
(olitheolix)azrael/azrael/dibbler.py:240: error: Syntax error in type annotation  [syntax]
(olitheolix)azrael/azrael/dibbler.py:240: note: Suggestion: Use Tuple[T1, ..., Tn] instead of (T1, ..., Tn)
Found 28 errors in 6 files (checked 10 source files)

[RRepo](OFAI)hub-toolbox-python3

[RRepo](kubeflow)pipelines

[RRepo](yousseb)meld
Success: no issues found in 1 source file

[RRepo](spark)device-updater

[RRepo](AMDmi3)repology
(AMDmi3)repology/repology/packagemaker/__init__.py:25: error: Module 'repology.packagemaker' has no attribute 'normalizers'  [attr-defined]
(AMDmi3)repology/repology/packagemaker/__init__.py:132: error: Argument 1 to "_simple_setter" has incompatible type "str"; expected "PackageMakerBase"  [arg-type]
(AMDmi3)repology/repology/packagemaker/__init__.py:137: error: Argument 1 to "_simple_setter" has incompatible type "str"; expected "PackageMakerBase"  [arg-type]
(AMDmi3)repology/repology/packagemaker/__init__.py:141: error: Argument 1 to "_simple_setter" has incompatible type "str"; expected "PackageMakerBase"  [arg-type]
(AMDmi3)repology/repology/packagemaker/__init__.py:148: error: Argument 1 to "_simple_setter" has incompatible type "str"; expected "PackageMakerBase"  [arg-type]
(AMDmi3)repology/repology/packagemaker/__init__.py:154: error: Argument 1 to "_simple_setter" has incompatible type "str"; expected "PackageMakerBase"  [arg-type]
(AMDmi3)repology/repology/packagemaker/__init__.py:164: error: Argument 1 to "_simple_setter" has incompatible type "str"; expected "PackageMakerBase"  [arg-type]
(AMDmi3)repology/repology/packagemaker/__init__.py:168: error: Argument 1 to "_simple_setter" has incompatible type "str"; expected "PackageMakerBase"  [arg-type]
(AMDmi3)repology/repology/packagemaker/__init__.py:172: error: Argument 1 to "_omnivorous_setter" has incompatible type "str"; expected "PackageMakerBase"  [arg-type]
(AMDmi3)repology/repology/packagemaker/__init__.py:176: error: Argument 1 to "_omnivorous_setter" has incompatible type "str"; expected "PackageMakerBase"  [arg-type]
(AMDmi3)repology/repology/packagemaker/__init__.py:182: error: Argument 1 to "_omnivorous_setter" has incompatible type "str"; expected "PackageMakerBase"  [arg-type]
(AMDmi3)repology/repology/packagemaker/__init__.py:188: error: Argument 1 to "_omnivorous_setter" has incompatible type "str"; expected "PackageMakerBase"  [arg-type]
(AMDmi3)repology/repology/packagemaker/__init__.py:192: error: Argument 1 to "_omnivorous_setter" has incompatible type "str"; expected "PackageMakerBase"  [arg-type]
(AMDmi3)repology/repology/repoproc/__init__.py:22: error: Module 'repology.fetchers' has no attribute 'Fetcher'  [attr-defined]
(AMDmi3)repology/repology/repoproc/__init__.py:28: error: Module 'repology.parsers' has no attribute 'Parser'  [attr-defined]
Found 15 errors in 2 files (checked 5 source files)

[RRepo](facebookexperimental)eden
Success: no issues found in 2 source files

[RRepo](project-lovelace)lovelace-engine

[RRepo](BSI-CERT-Bund)cortex-analyzers

[RRepo](pipermerriam)ethereum-abi-utils

[RRepo](piannucci)blurt
(piannucci)blurt/exploring_l_infinity.py:133: error: Missing parentheses in call to 'print'. Did you mean print('can increase SNR by %.4f dB' % change_SNR)?  [syntax]
Found 1 error in 1 file (checked 4 source files)

[RRepo](karolyi)forum-django

[RRepo](slott56)NMEA-Tools

[RRepo](mas178)Fragments

[RRepo](elarivie)BUILDME

[RRepo](gusutabopb)imongo
Success: no issues found in 1 source file

[RRepo](kenkov)seq2seq
(kenkov)seq2seq/util.py:31: error: Exception must be derived from BaseException  [misc]
(kenkov)seq2seq/util.py:61: error: Not all arguments converted during string formatting  [str-format]
(kenkov)seq2seq/util.py:66: error: Not all arguments converted during string formatting  [str-format]
(kenkov)seq2seq/util.py:141: error: Incompatible return value type (got "List[List[Any]]", expected "List[str]")  [return-value]
(kenkov)seq2seq/util.py:183: error: Incompatible return value type (got "List[Tuple[List[str], List[Any]]]", expected "Tuple[List[int], List[int]]")  [return-value]
(kenkov)seq2seq/rnn.py:113: error: Bracketed expression "[...]" is not valid as a type  [misc]
(kenkov)seq2seq/rnn.py:113: note: Did you mean "List[...]"?
(kenkov)seq2seq/relu_rnn.py:118: error: "None" has no attribute "__iter__" (not iterable)  [attr-defined]
(kenkov)seq2seq/relu_rnn.py:119: error: Value of type "None" is not indexable  [index]
(kenkov)seq2seq/relu_rnn.py:141: error: Name 'Classifier' already defined on line 15  [no-redef]
(kenkov)seq2seq/relu_rnn.py:152: error: Bracketed expression "[...]" is not valid as a type  [misc]
(kenkov)seq2seq/relu_rnn.py:152: note: Did you mean "List[...]"?
Found 10 errors in 3 files (checked 4 source files)

[RRepo](kyouko-taiga)stew

[RRepo](alvinwan)quupod
(alvinwan)quupod/quupod/utils.py:17: error: Cannot assign to a type  [misc]
(alvinwan)quupod/quupod/utils.py:17: error: Incompatible types in assignment (expression has type "Nil", variable has type "Type[Nil]")  [assignment]
(alvinwan)quupod/quupod/forms.py:6: error: Bracketed expression "[...]" is not valid as a type  [misc]
(alvinwan)quupod/quupod/forms.py:6: note: Did you mean "List[...]"?
(alvinwan)quupod/quupod/views.py:80: error: Incompatible return value type (got "Callable[[Any], Any]", expected "str")  [return-value]
(alvinwan)quupod/quupod/queue/views.py:64: error: Incompatible return value type (got "Response", expected "str")  [return-value]
(alvinwan)quupod/quupod/queue/views.py:153: error: Incompatible return value type (got "Response", expected "str")  [return-value]
(alvinwan)quupod/quupod/queue/views.py:165: error: Argument 1 to "get_inquiry_for_asker" has incompatible type "Optional[int]"; expected "int"  [arg-type]
(alvinwan)quupod/quupod/queue/views.py:173: error: Incompatible return value type (got "Response", expected "str")  [return-value]
(alvinwan)quupod/quupod/queue/views.py:180: error: Argument 1 to "get_inquiry_for_asker" has incompatible type "Optional[int]"; expected "int"  [arg-type]
(alvinwan)quupod/quupod/queue/views.py:199: note: "login" defined here
(alvinwan)quupod/quupod/queue/views.py:202: error: Unexpected keyword argument "home" for "login"  [call-arg]
(alvinwan)quupod/quupod/queue/views.py:202: error: Unexpected keyword argument "login" for "login"  [call-arg]
(alvinwan)quupod/quupod/queue/views.py:208: note: "logout" defined here
(alvinwan)quupod/quupod/queue/views.py:211: error: Unexpected keyword argument "home" for "logout"  [call-arg]
(alvinwan)quupod/quupod/public/views.py:47: error: Incompatible return value type (got "Response", expected "str")  [return-value]
(alvinwan)quupod/quupod/public/views.py:57: error: Incompatible return value type (got "Response", expected "str")  [return-value]
(alvinwan)quupod/quupod/public/views.py:59: error: Incompatible return value type (got "Response", expected "str")  [return-value]
(alvinwan)quupod/quupod/public/views.py:77: error: Return value expected  [return-value]
(alvinwan)quupod/quupod/public/views.py:89: error: Incompatible return value type (got "Response", expected "str")  [return-value]
(alvinwan)quupod/quupod/admin/views.py:60: error: "str" not callable  [operator]
(alvinwan)quupod/quupod/admin/views.py:80: error: "str" not callable  [operator]
(alvinwan)quupod/quupod/admin/views.py:89: error: "str" not callable  [operator]
(alvinwan)quupod/quupod/admin/views.py:98: error: "str" not callable  [operator]
(alvinwan)quupod/quupod/admin/views.py:106: error: Incompatible return value type (got "Response", expected "str")  [return-value]
(alvinwan)quupod/quupod/admin/views.py:109: error: "str" not callable  [operator]
(alvinwan)quupod/quupod/admin/views.py:128: error: "str" not callable  [operator]
(alvinwan)quupod/quupod/admin/views.py:150: error: Incompatible return value type (got "Response", expected "str")  [return-value]
(alvinwan)quupod/quupod/admin/views.py:152: error: Incompatible return value type (got "Response", expected "str")  [return-value]
(alvinwan)quupod/quupod/admin/views.py:158: error: "str" not callable  [operator]
(alvinwan)quupod/quupod/admin/views.py:179: error: Incompatible return value type (got "Response", expected "str")  [return-value]
(alvinwan)quupod/quupod/admin/views.py:180: error: Incompatible return value type (got "Response", expected "str")  [return-value]
(alvinwan)quupod/quupod/admin/views.py:198: error: "str" not callable  [operator]
(alvinwan)quupod/quupod/admin/views.py:218: error: Incompatible return value type (got "Response", expected "str")  [return-value]
(alvinwan)quupod/quupod/admin/views.py:230: error: Missing return statement  [return]
Found 32 errors in 6 files (checked 5 source files)

[RRepo](ziyadedher)rpi-display-projects

[RRepo](GoogleCloudPlatform)django-cloud-deploy

[RRepo](linusg)rpi-backlight
(linusg)rpi-backlight/rpi_backlight/__init__.py:38: error: Argument 1 to "Path" has incompatible type "Union[str, bytes, Path]"; expected "Union[str, _PathLike[str]]"  [arg-type]
(linusg)rpi-backlight/rpi_backlight/__init__.py:68: error: The return type of a generator function should be "Generator" or one of its supertypes  [misc]
(linusg)rpi-backlight/rpi_backlight/__init__.py:68: error: Argument 1 to "contextmanager" has incompatible type "Callable[[Backlight, float], None]"; expected "Callable[..., Iterator[<nothing>]]"  [arg-type]
(linusg)rpi-backlight/rpi_backlight/__init__.py:108: error: Incompatible types in assignment (expression has type "float", variable has type "int")  [assignment]
(linusg)rpi-backlight/rpi_backlight/__init__.py:141: error: Argument 1 to "_denormalize_brightness" of "Backlight" has incompatible type "float"; expected "int"  [arg-type]
(linusg)rpi-backlight/rpi_backlight/__init__.py:145: error: Argument 1 to "_denormalize_brightness" of "Backlight" has incompatible type "float"; expected "int"  [arg-type]
(linusg)rpi-backlight/rpi_backlight/__init__.py:164: error: Missing return statement  [return]
Found 7 errors in 1 file (checked 4 source files)

[RRepo](snakeleon)YouCompleteMe-x64
Success: no issues found in 2 source files

[RRepo](metamarcdw)nowallet
(metamarcdw)nowallet/nowallet/socks_http.py:27: error: "None" has no attribute "get"  [attr-defined]
(metamarcdw)nowallet/nowallet/scrape.py:29: error: Incompatible types in assignment (expression has type "None", variable has type "str")  [assignment]
(metamarcdw)nowallet/server.py:8: error: Module 'nowallet' has no attribute 'BTC'  [attr-defined]
(metamarcdw)nowallet/server.py:8: error: Module 'nowallet' has no attribute 'TBTC'  [attr-defined]
(metamarcdw)nowallet/server.py:8: error: Module 'nowallet' has no attribute 'LTC'  [attr-defined]
Found 5 errors in 3 files (checked 3 source files)

[RRepo](sdementen)gnucash-utilities
(sdementen)gnucash-utilities/setup.py:11: error: Module 'distutils.command.install_scripts' has no attribute 'install_scripts'  [attr-defined]
(sdementen)gnucash-utilities/setup.py:25: error: Incompatible types in assignment (expression has type "Callable[[Any, VarArg(Any), KwArg(Any)], Any]", variable has type overloaded function)  [assignment]
(sdementen)gnucash-utilities/setup.py:275: error: Module has no attribute "package"; maybe "__package__"?  [attr-defined]
(sdementen)gnucash-utilities/setup.py:276: error: Module has no attribute "version"  [attr-defined]
(sdementen)gnucash-utilities/setup.py:277: error: Module has no attribute "authors"  [attr-defined]
(sdementen)gnucash-utilities/setup.py:278: error: Module has no attribute "emails"  [attr-defined]
(sdementen)gnucash-utilities/setup.py:279: error: Module has no attribute "authors"  [attr-defined]
(sdementen)gnucash-utilities/setup.py:280: error: Module has no attribute "emails"  [attr-defined]
(sdementen)gnucash-utilities/setup.py:281: error: Module has no attribute "url"  [attr-defined]
(sdementen)gnucash-utilities/setup.py:282: error: Module has no attribute "description"  [attr-defined]
Found 10 errors in 1 file (checked 1 source file)

[RRepo](gvalkov)gnu-make-toolkit

[RRepo](OpenMineMods)OpenMineMods

[RRepo](RudolfCardinal)pythonlib

[RRepo](vk-brain)sketal
(vk-brain)sketal/handler/handler_controller.py:3: error: Module 'utils' has no attribute 'random_key'  [attr-defined]
(vk-brain)sketal/handler/base_plugin.py:4: error: Need type annotation for 'DEFAULTS' (hint: "DEFAULTS: Dict[<type>, <type>] = ...")  [var-annotated]
(vk-brain)sketal/bot.py:8: error: Module 'utils' has no attribute 'parse_msg_flags'  [attr-defined]
(vk-brain)sketal/bot.py:10: error: Module 'utils' has no attribute 'VkController'  [attr-defined]
(vk-brain)sketal/bot.py:11: error: Module 'utils' has no attribute 'Message'  [attr-defined]
(vk-brain)sketal/bot.py:11: error: Module 'utils' has no attribute 'LongpollEvent'  [attr-defined]
(vk-brain)sketal/bot.py:11: error: Module 'utils' has no attribute 'ChatChangeEvent'  [attr-defined]
(vk-brain)sketal/bot.py:11: error: Module 'utils' has no attribute 'CallbackEvent'  [attr-defined]
(vk-brain)sketal/bot.py:12: error: Module 'utils' has no attribute 'MessageEventData'  [attr-defined]
Found 9 errors in 3 files (checked 4 source files)

[RRepo](MarcoBuster)OrarioTreniBot
(MarcoBuster)OrarioTreniBot/src/viaggiatreno/viaggiatreno.py:33: error: Module 'urllib' has no attribute 'urlopen'  [attr-defined]
(MarcoBuster)OrarioTreniBot/src/viaggiatreno/viaggiatreno.py:33: error: Name 'urlopen' already defined (possibly by an import)  [no-redef]
(MarcoBuster)OrarioTreniBot/src/updates/inline.py:26: error: Module 'src.viaggiatreno' has no attribute 'format'  [attr-defined]
(MarcoBuster)OrarioTreniBot/src/updates/deeplinking.py:25: error: Module 'src.viaggiatreno' has no attribute 'format'  [attr-defined]
(MarcoBuster)OrarioTreniBot/src/main.py:28: error: Module 'src.updates' has no attribute 'callback'  [attr-defined]
(MarcoBuster)OrarioTreniBot/src/main.py:28: error: Module 'src.updates' has no attribute 'messages'  [attr-defined]
Found 6 errors in 4 files (checked 1 source file)

[RRepo](endreman0)Excalibot

[RRepo](zhangxin20121923)QuanSim

[RRepo](DeV1doR)ethereumd-proxy
(DeV1doR)ethereumd-proxy/ethereumd/poller.py:165: error: Bracketed expression "[...]" is not valid as a type  [misc]
(DeV1doR)ethereumd-proxy/ethereumd/poller.py:165: note: Did you mean "List[...]"?
(DeV1doR)ethereumd-proxy/ethereum_cli.py:48: error: Invalid type comment or annotation  [valid-type]
(DeV1doR)ethereumd-proxy/ethereum_cli.py:211: error: Unexpected keyword argument "invoke_without_command" for "command"  [call-arg]
(DeV1doR)ethereumd-proxy/ethereum_cli.py:255: error: "Command" has no attribute "command"  [attr-defined]
Found 4 errors in 2 files (checked 2 source files)

[RRepo](cache-rules)grice
(cache-rules)grice/grice/complex_filter.py:51: error: Argument 1 to "_get_column" has incompatible type "Optional[str]"; expected "str"  [arg-type]
(cache-rules)grice/grice/complex_filter.py:108: error: Incompatible types in assignment (expression has type "None", variable has type "str")  [assignment]
(cache-rules)grice/grice/complex_filter.py:208: error: Incompatible types in assignment (expression has type "List[Any]", variable has type "Generator[Any, None, None]")  [assignment]
(cache-rules)grice/grice/complex_filter.py:210: error: Argument 1 to "len" has incompatible type "Generator[Any, None, None]"; expected "Sized"  [arg-type]
(cache-rules)grice/grice/complex_filter.py:212: error: Value of type "Generator[Any, None, None]" is not indexable  [index]
(cache-rules)grice/grice/db_service.py:302: error: "QueryArguments" has no attribute "table_name"  [attr-defined]
(cache-rules)grice/grice/db_controller.py:65: error: Need type annotation for 'grouped_filters'  [var-annotated]
(cache-rules)grice/grice/db_controller.py:90: error: Argument 1 to "ComplexFilter" has incompatible type "List[ComplexFilter]"; expected "List[Union[ComplexFilter, ColumnFilter]]"  [arg-type]
(cache-rules)grice/grice/db_controller.py:90: note: "List" is invariant -- see http://mypy.readthedocs.io/en/latest/common_issues.html#variance
(cache-rules)grice/grice/db_controller.py:90: note: Consider using "Sequence" instead, which is covariant
(cache-rules)grice/grice/db_controller.py:339: error: "Callable[[DBController], Any]" has no attribute "methods"  [attr-defined]
(cache-rules)grice/grice/db_controller.py:349: error: "Callable[[DBController, Any], Any]" has no attribute "methods"  [attr-defined]
(cache-rules)grice/grice/db_controller.py:366: error: "Callable[[DBController, Any], Any]" has no attribute "methods"  [attr-defined]
(cache-rules)grice/grice/db_controller.py:373: error: "Callable[[DBController], Any]" has no attribute "methods"  [attr-defined]
(cache-rules)grice/grice/db_controller.py:414: error: "Callable[[DBController, Any], Any]" has no attribute "methods"  [attr-defined]
(cache-rules)grice/grice/app.py:32: error: "Callable[[Any], Any]" has no attribute "methods"  [attr-defined]
Found 14 errors in 4 files (checked 1 source file)

[RRepo](eyesee1)python-pinballmap

[RRepo](GPflow)GPflow

[RRepo](EldarAliiev)python-edbo-connector
Success: no issues found in 1 source file

[RRepo](baidu)Familia

[RRepo](christabor)MoAL

[RRepo](hynek)doc2dash
(hynek)doc2dash/setup.py:69: error: Argument 1 to "read" has incompatible type "str"; expected "Path"  [arg-type]
(hynek)doc2dash/setup.py:73: error: Item "None" of "Optional[Match[str]]" has no attribute "group"  [union-attr]
(hynek)doc2dash/setup.py:75: error: Argument 1 to "read" has incompatible type "str"; expected "Path"  [arg-type]
(hynek)doc2dash/setup.py:80: error: Argument 1 to "read" has incompatible type "str"; expected "Path"  [arg-type]
Found 4 errors in 1 file (checked 1 source file)

[RRepo](juanjux)neme

[RRepo](KDD-OpenSource)fexum

[RRepo](DamnWidget)anaconda_go
(DamnWidget)anaconda_go/lib/panels.py:28: error: Value of type "Optional[Any]" is not indexable  [index]
(DamnWidget)anaconda_go/lib/panels.py:41: error: Value of type "Optional[Any]" is not indexable  [index]
(DamnWidget)anaconda_go/lib/panels.py:164: error: Argument 1 to "_toggle_indicator" of "ExplorerPanel" has incompatible type "Optional[int]"; expected "int"  [arg-type]
(DamnWidget)anaconda_go/lib/panels.py:164: error: Argument 2 to "_toggle_indicator" of "ExplorerPanel" has incompatible type "Optional[int]"; expected "int"  [arg-type]
(DamnWidget)anaconda_go/lib/detector.py:72: error: Incompatible types in assignment (expression has type "str", variable has type "bool")  [assignment]
(DamnWidget)anaconda_go/lib/detector.py:82: error: Incompatible types in assignment (expression has type "Optional[str]", variable has type "str")  [assignment]
(DamnWidget)anaconda_go/lib/detector.py:84: error: Incompatible types in assignment (expression has type "Optional[str]", variable has type "str")  [assignment]
(DamnWidget)anaconda_go/lib/detector.py:85: error: Incompatible types in assignment (expression has type "str", variable has type "bool")  [assignment]
(DamnWidget)anaconda_go/lib/detector.py:138: error: Incompatible types in assignment (expression has type "str", variable has type "bool")  [assignment]
(DamnWidget)anaconda_go/lib/__init__.py:31: error: Need type annotation for '_projects' (hint: "_projects: Dict[<type>, <type>] = ...")  [var-annotated]
(DamnWidget)anaconda_go/lib/cache.py:19: error: Value of type variable "AnyStr" of "expanduser" cannot be "Optional[str]"  [type-var]
(DamnWidget)anaconda_go/lib/cache.py:23: error: Need type annotation for 'PACKAGES_CACHE'  [var-annotated]
(DamnWidget)anaconda_go/lib/cache.py:51: error: Need type annotation for 'node' (hint: "node: Dict[<type>, <type>] = ...")  [var-annotated]
(DamnWidget)anaconda_go/lib/cache.py:53: error: Incompatible types in assignment (expression has type "List[Any]", variable has type "Dict[Any, Any]")  [assignment]
(DamnWidget)anaconda_go/lib/cache.py:80: error: Argument 1 to "join" has incompatible type "Optional[str]"; expected "Union[str, _PathLike[str]]"  [arg-type]
(DamnWidget)anaconda_go/lib/cache.py:94: error: Argument 1 to "join" has incompatible type "Optional[str]"; expected "Union[str, _PathLike[str]]"  [arg-type]
Found 16 errors in 4 files (checked 9 source files)

[RRepo](ruddy17)PlottiPy
(ruddy17)PlottiPy/plottipy.py:20: error: Variable "plottipy.TemplateBaseClass" is not valid as a type  [valid-type]
(ruddy17)PlottiPy/plottipy.py:20: error: Invalid base class "TemplateBaseClass"  [misc]
(ruddy17)PlottiPy/plottipy.py:157: error: Need type annotation for 'check_availability_list' (hint: "check_availability_list: List[<type>] = ...")  [var-annotated]
Found 3 errors in 1 file (checked 1 source file)

[RRepo](HPENetworking)PYHPEIMC

[RRepo](doconix)django-mako-plus
Success: no issues found in 2 source files

[RRepo](ihmeuw)vivarium

[RRepo](simonsfoundation)CaImAn
(simonsfoundation)CaImAn/caimanmanager.py:161: error: Incompatible return value type (got "Tuple[bytes, bytes, int]", expected "Tuple[str, str, int]")  [return-value]
(simonsfoundation)CaImAn/1p_sim.py:4: error: Name 'get_ipython' is not defined  [name-defined]
(simonsfoundation)CaImAn/1p_sim.py:5: error: Name 'get_ipython' is not defined  [name-defined]
(simonsfoundation)CaImAn/1p_sim.py:133: error: Module has no attribute "save_memmap"  [attr-defined]
(simonsfoundation)CaImAn/1p_sim.py:137: error: Module has no attribute "save_memmap"  [attr-defined]
(simonsfoundation)CaImAn/1p_sim.py:141: error: Module has no attribute "load_memmap"  [attr-defined]
(simonsfoundation)CaImAn/1p_sim.py:144: error: Module has no attribute "summary_images"  [attr-defined]
(simonsfoundation)CaImAn/1p_sim.py:150: error: Cannot determine type of 'dview'  [has-type]
(simonsfoundation)CaImAn/1p_sim.py:153: error: Module has no attribute "cluster"  [attr-defined]
(simonsfoundation)CaImAn/1p_sim.py:160: error: Module has no attribute "CNMF"  [attr-defined]
(simonsfoundation)CaImAn/1p_sim.py:168: error: Module has no attribute "CNMF"  [attr-defined]
(simonsfoundation)CaImAn/1p_sim.py:187: error: Module has no attribute "components_evaluation"  [attr-defined]
(simonsfoundation)CaImAn/1p_sim.py:201: error: Module has no attribute "utils"  [attr-defined]
(simonsfoundation)CaImAn/1p_sim.py:205: error: Module has no attribute "utils"  [attr-defined]
(simonsfoundation)CaImAn/1p_sim.py:242: error: Module has no attribute "utils"  [attr-defined]
(simonsfoundation)CaImAn/1p_sim.py:245: error: Module has no attribute "stop_server"  [attr-defined]
Found 16 errors in 2 files (checked 3 source files)

[RRepo](frafra)is-osm-uptodate
(frafra)is-osm-uptodate/is-osm-uptodate.py:153: error: Need type annotation for 'features' (hint: "features: Dict[<type>, <type>] = ...")  [var-annotated]
(frafra)is-osm-uptodate/is-osm-uptodate.py:182: error: Need type annotation for 'responses' (hint: "responses: List[<type>] = ...")  [var-annotated]
(frafra)is-osm-uptodate/is-osm-uptodate.py:191: error: Item "None" of "Optional[Element]" has no attribute "get"  [union-attr]
(frafra)is-osm-uptodate/is-osm-uptodate.py:191: error: Argument 1 to "int" has incompatible type "Union[str, None, Any]"; expected "Union[str, bytes, SupportsInt, _SupportsIndex]"  [arg-type]
(frafra)is-osm-uptodate/is-osm-uptodate.py:192: error: Item "None" of "Optional[Element]" has no attribute "get"  [union-attr]
(frafra)is-osm-uptodate/is-osm-uptodate.py:211: error: "Type[datetime]" has no attribute "fromisoformat"  [attr-defined]
Found 6 errors in 1 file (checked 1 source file)

[RRepo](jrkerns)pylinac
(jrkerns)pylinac/pylinac/core/utilities.py:68: error: Incompatible types in assignment (expression has type "List[Union[Any, Sequence[Any]]]", variable has type "Generator[Any, None, None]")  [assignment]
(jrkerns)pylinac/pylinac/core/io.py:116: error: Too many arguments  [call-arg]
(jrkerns)pylinac/tests_basic/utils.py:11: error: Module 'pylinac.core' has no attribute 'image'  [attr-defined]
(jrkerns)pylinac/tests_basic/utils.py:55: error: Need type annotation for 'file_path' (hint: "file_path: List[<type>] = ...")  [var-annotated]
(jrkerns)pylinac/tests_basic/utils.py:70: error: Need type annotation for 'kwargs' (hint: "kwargs: Dict[<type>, <type>] = ...")  [var-annotated]
(jrkerns)pylinac/tests_basic/utils.py:109: error: Need type annotation for 'DATA_DIR' (hint: "DATA_DIR: List[<type>] = ...")  [var-annotated]
(jrkerns)pylinac/tests_basic/test_winstonlutz.py:8: error: Module 'pylinac' has no attribute 'WinstonLutz'  [attr-defined]
(jrkerns)pylinac/tests_basic/test_winstonlutz.py:21: error: Incompatible types in assignment (expression has type "str", base class "LoadingTestBase" defined the type as "None")  [assignment]
(jrkerns)pylinac/tests_basic/test_winstonlutz.py:155: error: Incompatible types in assignment (expression has type "float", base class "WinstonLutzMixin" defined the type as "int")  [assignment]
(jrkerns)pylinac/tests_basic/test_winstonlutz.py:156: error: Incompatible types in assignment (expression has type "float", base class "WinstonLutzMixin" defined the type as "int")  [assignment]
(jrkerns)pylinac/tests_basic/test_winstonlutz.py:158: error: Incompatible types in assignment (expression has type "float", base class "WinstonLutzMixin" defined the type as "int")  [assignment]
(jrkerns)pylinac/tests_basic/test_winstonlutz.py:172: error: Incompatible types in assignment (expression has type "float", base class "WinstonLutzMixin" defined the type as "int")  [assignment]
(jrkerns)pylinac/tests_basic/test_winstonlutz.py:173: error: Incompatible types in assignment (expression has type "float", base class "WinstonLutzMixin" defined the type as "int")  [assignment]
(jrkerns)pylinac/tests_basic/test_winstonlutz.py:174: error: Incompatible types in assignment (expression has type "float", base class "WinstonLutzMixin" defined the type as "int")  [assignment]
(jrkerns)pylinac/tests_basic/test_winstonlutz.py:183: error: Incompatible types in assignment (expression has type "float", base class "WinstonLutzMixin" defined the type as "int")  [assignment]
(jrkerns)pylinac/tests_basic/test_winstonlutz.py:184: error: Incompatible types in assignment (expression has type "float", base class "WinstonLutzMixin" defined the type as "int")  [assignment]
(jrkerns)pylinac/tests_basic/test_winstonlutz.py:185: error: Incompatible types in assignment (expression has type "float", base class "WinstonLutzMixin" defined the type as "int")  [assignment]
(jrkerns)pylinac/tests_basic/test_winstonlutz.py:194: error: Incompatible types in assignment (expression has type "float", base class "WinstonLutzMixin" defined the type as "int")  [assignment]
(jrkerns)pylinac/tests_basic/test_winstonlutz.py:195: error: Incompatible types in assignment (expression has type "float", base class "WinstonLutzMixin" defined the type as "int")  [assignment]
(jrkerns)pylinac/tests_basic/test_winstonlutz.py:196: error: Incompatible types in assignment (expression has type "float", base class "WinstonLutzMixin" defined the type as "int")  [assignment]
(jrkerns)pylinac/tests_basic/test_winstonlutz.py:205: error: Incompatible types in assignment (expression has type "float", base class "WinstonLutzMixin" defined the type as "int")  [assignment]
(jrkerns)pylinac/tests_basic/test_winstonlutz.py:206: error: Incompatible types in assignment (expression has type "float", base class "WinstonLutzMixin" defined the type as "int")  [assignment]
(jrkerns)pylinac/tests_basic/test_winstonlutz.py:207: error: Incompatible types in assignment (expression has type "float", base class "WinstonLutzMixin" defined the type as "int")  [assignment]
(jrkerns)pylinac/tests_basic/test_winstonlutz.py:218: error: Incompatible types in assignment (expression has type "float", base class "WinstonLutzMixin" defined the type as "int")  [assignment]
(jrkerns)pylinac/tests_basic/test_winstonlutz.py:219: error: Incompatible types in assignment (expression has type "float", base class "WinstonLutzMixin" defined the type as "int")  [assignment]
(jrkerns)pylinac/tests_basic/test_winstonlutz.py:220: error: Incompatible types in assignment (expression has type "float", base class "WinstonLutzMixin" defined the type as "int")  [assignment]
(jrkerns)pylinac/tests_basic/test_vmat.py:8: error: Module 'pylinac' has no attribute 'DRGS'  [attr-defined]
(jrkerns)pylinac/tests_basic/test_vmat.py:8: error: Module 'pylinac' has no attribute 'DRMLC'  [attr-defined]
(jrkerns)pylinac/tests_basic/test_vmat.py:129: error: Dict entry 0 has incompatible type "str": "float"; expected "str": "int"  [dict-item]
(jrkerns)pylinac/tests_basic/test_vmat.py:129: error: Dict entry 1 has incompatible type "str": "float"; expected "str": "int"  [dict-item]
(jrkerns)pylinac/tests_basic/test_vmat.py:130: error: Dict entry 0 has incompatible type "str": "float"; expected "str": "int"  [dict-item]
(jrkerns)pylinac/tests_basic/test_vmat.py:130: error: Dict entry 1 has incompatible type "str": "float"; expected "str": "int"  [dict-item]
(jrkerns)pylinac/tests_basic/test_vmat.py:132: error: Incompatible types in assignment (expression has type "float", base class "VMATMixin" defined the type as "int")  [assignment]
(jrkerns)pylinac/tests_basic/test_vmat.py:134: error: Incompatible types in assignment (expression has type "float", base class "VMATMixin" defined the type as "int")  [assignment]
(jrkerns)pylinac/tests_basic/test_vmat.py:149: error: Dict entry 0 has incompatible type "str": "float"; expected "str": "int"  [dict-item]
(jrkerns)pylinac/tests_basic/test_vmat.py:149: error: Dict entry 1 has incompatible type "str": "float"; expected "str": "int"  [dict-item]
(jrkerns)pylinac/tests_basic/test_vmat.py:150: error: Dict entry 0 has incompatible type "str": "float"; expected "str": "int"  [dict-item]
(jrkerns)pylinac/tests_basic/test_vmat.py:150: error: Dict entry 1 has incompatible type "str": "float"; expected "str": "int"  [dict-item]
(jrkerns)pylinac/tests_basic/test_vmat.py:152: error: Incompatible types in assignment (expression has type "float", base class "VMATMixin" defined the type as "int")  [assignment]
(jrkerns)pylinac/tests_basic/test_vmat.py:154: error: Incompatible types in assignment (expression has type "float", base class "VMATMixin" defined the type as "int")  [assignment]
(jrkerns)pylinac/tests_basic/test_vmat.py:170: error: Dict entry 0 has incompatible type "str": "float"; expected "str": "int"  [dict-item]
(jrkerns)pylinac/tests_basic/test_vmat.py:170: error: Dict entry 1 has incompatible type "str": "float"; expected "str": "int"  [dict-item]
(jrkerns)pylinac/tests_basic/test_vmat.py:171: error: Dict entry 0 has incompatible type "str": "float"; expected "str": "int"  [dict-item]
(jrkerns)pylinac/tests_basic/test_vmat.py:171: error: Dict entry 1 has incompatible type "str": "float"; expected "str": "int"  [dict-item]
(jrkerns)pylinac/tests_basic/test_vmat.py:173: error: Incompatible types in assignment (expression has type "float", base class "VMATMixin" defined the type as "int")  [assignment]
(jrkerns)pylinac/tests_basic/test_vmat.py:175: error: Incompatible types in assignment (expression has type "float", base class "VMATMixin" defined the type as "int")  [assignment]
(jrkerns)pylinac/tests_basic/test_vmat.py:184: error: Dict entry 0 has incompatible type "str": "float"; expected "str": "int"  [dict-item]
(jrkerns)pylinac/tests_basic/test_vmat.py:184: error: Dict entry 1 has incompatible type "str": "float"; expected "str": "int"  [dict-item]
(jrkerns)pylinac/tests_basic/test_vmat.py:185: error: Dict entry 0 has incompatible type "str": "float"; expected "str": "int"  [dict-item]
(jrkerns)pylinac/tests_basic/test_vmat.py:185: error: Dict entry 1 has incompatible type "str": "float"; expected "str": "int"  [dict-item]
(jrkerns)pylinac/tests_basic/test_vmat.py:187: error: Incompatible types in assignment (expression has type "float", base class "VMATMixin" defined the type as "int")  [assignment]
(jrkerns)pylinac/tests_basic/test_vmat.py:189: error: Incompatible types in assignment (expression has type "float", base class "VMATMixin" defined the type as "int")  [assignment]
(jrkerns)pylinac/tests_basic/test_vmat.py:198: error: Dict entry 0 has incompatible type "str": "float"; expected "str": "int"  [dict-item]
(jrkerns)pylinac/tests_basic/test_vmat.py:198: error: Dict entry 1 has incompatible type "str": "float"; expected "str": "int"  [dict-item]
(jrkerns)pylinac/tests_basic/test_vmat.py:199: error: Dict entry 0 has incompatible type "str": "float"; expected "str": "int"  [dict-item]
(jrkerns)pylinac/tests_basic/test_vmat.py:199: error: Dict entry 1 has incompatible type "str": "float"; expected "str": "int"  [dict-item]
(jrkerns)pylinac/tests_basic/test_vmat.py:201: error: Incompatible types in assignment (expression has type "float", base class "VMATMixin" defined the type as "int")  [assignment]
(jrkerns)pylinac/tests_basic/test_vmat.py:203: error: Incompatible types in assignment (expression has type "float", base class "VMATMixin" defined the type as "int")  [assignment]
(jrkerns)pylinac/tests_basic/test_vmat.py:212: error: Dict entry 0 has incompatible type "str": "float"; expected "str": "int"  [dict-item]
(jrkerns)pylinac/tests_basic/test_vmat.py:212: error: Dict entry 1 has incompatible type "str": "float"; expected "str": "int"  [dict-item]
(jrkerns)pylinac/tests_basic/test_vmat.py:213: error: Dict entry 0 has incompatible type "str": "float"; expected "str": "int"  [dict-item]
(jrkerns)pylinac/tests_basic/test_vmat.py:213: error: Dict entry 1 has incompatible type "str": "float"; expected "str": "int"  [dict-item]
(jrkerns)pylinac/tests_basic/test_vmat.py:215: error: Incompatible types in assignment (expression has type "float", base class "VMATMixin" defined the type as "int")  [assignment]
(jrkerns)pylinac/tests_basic/test_vmat.py:217: error: Incompatible types in assignment (expression has type "float", base class "VMATMixin" defined the type as "int")  [assignment]
(jrkerns)pylinac/tests_basic/test_trs398.py:113: error: Incompatible types in assignment (expression has type "float", base class "TestTRS398Base" defined the type as "Type[float]")  [assignment]
(jrkerns)pylinac/tests_basic/test_trs398.py:115: error: Incompatible types in assignment (expression has type "float", base class "TestTRS398Base" defined the type as "Type[float]")  [assignment]
(jrkerns)pylinac/tests_basic/test_trs398.py:117: error: Incompatible types in assignment (expression has type "float", base class "TestTRS398Base" defined the type as "Type[Tuple[Any, ...]]")  [assignment]
(jrkerns)pylinac/tests_basic/test_trs398.py:118: error: Incompatible types in assignment (expression has type "float", base class "TestTRS398Base" defined the type as "Type[Tuple[Any, ...]]")  [assignment]
(jrkerns)pylinac/tests_basic/test_trs398.py:119: error: Incompatible types in assignment (expression has type "float", base class "TestTRS398Base" defined the type as "Type[Tuple[Any, ...]]")  [assignment]
(jrkerns)pylinac/tests_basic/test_trs398.py:128: error: Incompatible types in assignment (expression has type "int", base class "TestTRS398Base" defined the type as "Type[float]")  [assignment]
(jrkerns)pylinac/tests_basic/test_trs398.py:130: error: Incompatible types in assignment (expression has type "float", base class "TestTRS398Base" defined the type as "Type[float]")  [assignment]
(jrkerns)pylinac/tests_basic/test_trs398.py:132: error: Incompatible types in assignment (expression has type "float", base class "TestTRS398Base" defined the type as "Type[Tuple[Any, ...]]")  [assignment]
(jrkerns)pylinac/tests_basic/test_trs398.py:133: error: Incompatible types in assignment (expression has type "float", base class "TestTRS398Base" defined the type as "Type[Tuple[Any, ...]]")  [assignment]
(jrkerns)pylinac/tests_basic/test_trs398.py:134: error: Incompatible types in assignment (expression has type "float", base class "TestTRS398Base" defined the type as "Type[Tuple[Any, ...]]")  [assignment]
(jrkerns)pylinac/tests_basic/test_trs398.py:144: error: Incompatible types in assignment (expression has type "int", base class "TestTRS398Base" defined the type as "Type[float]")  [assignment]
(jrkerns)pylinac/tests_basic/test_trs398.py:146: error: Incompatible types in assignment (expression has type "float", base class "TestTRS398Base" defined the type as "Type[float]")  [assignment]
(jrkerns)pylinac/tests_basic/test_trs398.py:148: error: Incompatible types in assignment (expression has type "float", base class "TestTRS398Base" defined the type as "Type[Tuple[Any, ...]]")  [assignment]
(jrkerns)pylinac/tests_basic/test_trs398.py:149: error: Incompatible types in assignment (expression has type "float", base class "TestTRS398Base" defined the type as "Type[Tuple[Any, ...]]")  [assignment]
(jrkerns)pylinac/tests_basic/test_trs398.py:150: error: Incompatible types in assignment (expression has type "float", base class "TestTRS398Base" defined the type as "Type[Tuple[Any, ...]]")  [assignment]
(jrkerns)pylinac/tests_basic/test_trs398.py:166: error: Incompatible types in assignment (expression has type "float", base class "TestTRS398Base" defined the type as "Type[float]")  [assignment]
(jrkerns)pylinac/tests_basic/test_trs398.py:168: error: Incompatible types in assignment (expression has type "float", base class "TestTRS398Base" defined the type as "Type[float]")  [assignment]
(jrkerns)pylinac/tests_basic/test_trs398.py:169: error: Incompatible types in assignment (expression has type "float", base class "TestTRS398Base" defined the type as "Type[Tuple[Any, ...]]")  [assignment]
(jrkerns)pylinac/tests_basic/test_trs398.py:170: error: Incompatible types in assignment (expression has type "float", base class "TestTRS398Base" defined the type as "Type[Tuple[Any, ...]]")  [assignment]
(jrkerns)pylinac/tests_basic/test_trs398.py:171: error: Incompatible types in assignment (expression has type "float", base class "TestTRS398Base" defined the type as "Type[Tuple[Any, ...]]")  [assignment]
(jrkerns)pylinac/tests_basic/test_trs398.py:181: error: Incompatible types in assignment (expression has type "float", base class "TestTRS398Base" defined the type as "Type[float]")  [assignment]
(jrkerns)pylinac/tests_basic/test_trs398.py:184: error: Incompatible types in assignment (expression has type "float", base class "TestTRS398Base" defined the type as "Type[float]")  [assignment]
(jrkerns)pylinac/tests_basic/test_trs398.py:185: error: Incompatible types in assignment (expression has type "float", base class "TestTRS398Base" defined the type as "Type[Tuple[Any, ...]]")  [assignment]
(jrkerns)pylinac/tests_basic/test_trs398.py:186: error: Incompatible types in assignment (expression has type "float", base class "TestTRS398Base" defined the type as "Type[Tuple[Any, ...]]")  [assignment]
(jrkerns)pylinac/tests_basic/test_trs398.py:187: error: Incompatible types in assignment (expression has type "float", base class "TestTRS398Base" defined the type as "Type[Tuple[Any, ...]]")  [assignment]
(jrkerns)pylinac/tests_basic/test_trs398.py:197: error: Incompatible types in assignment (expression has type "float", base class "TestTRS398Base" defined the type as "Type[float]")  [assignment]
(jrkerns)pylinac/tests_basic/test_trs398.py:200: error: Incompatible types in assignment (expression has type "float", base class "TestTRS398Base" defined the type as "Type[float]")  [assignment]
(jrkerns)pylinac/tests_basic/test_trs398.py:201: error: Incompatible types in assignment (expression has type "float", base class "TestTRS398Base" defined the type as "Type[Tuple[Any, ...]]")  [assignment]
(jrkerns)pylinac/tests_basic/test_trs398.py:202: error: Incompatible types in assignment (expression has type "float", base class "TestTRS398Base" defined the type as "Type[Tuple[Any, ...]]")  [assignment]
(jrkerns)pylinac/tests_basic/test_trs398.py:203: error: Incompatible types in assignment (expression has type "float", base class "TestTRS398Base" defined the type as "Type[Tuple[Any, ...]]")  [assignment]
(jrkerns)pylinac/tests_basic/test_trs398.py:214: error: Incompatible types in assignment (expression has type "float", base class "TestTRS398Base" defined the type as "Type[float]")  [assignment]
(jrkerns)pylinac/tests_basic/test_trs398.py:216: error: Incompatible types in assignment (expression has type "float", base class "TestTRS398Base" defined the type as "Type[float]")  [assignment]
(jrkerns)pylinac/tests_basic/test_trs398.py:217: error: Incompatible types in assignment (expression has type "float", base class "TestTRS398Base" defined the type as "Type[Tuple[Any, ...]]")  [assignment]
(jrkerns)pylinac/tests_basic/test_trs398.py:218: error: Incompatible types in assignment (expression has type "float", base class "TestTRS398Base" defined the type as "Type[Tuple[Any, ...]]")  [assignment]
(jrkerns)pylinac/tests_basic/test_trs398.py:219: error: Incompatible types in assignment (expression has type "float", base class "TestTRS398Base" defined the type as "Type[Tuple[Any, ...]]")  [assignment]
(jrkerns)pylinac/tests_basic/test_trs398.py:230: error: Incompatible types in assignment (expression has type "float", base class "TestTRS398Base" defined the type as "Type[float]")  [assignment]
(jrkerns)pylinac/tests_basic/test_trs398.py:232: error: Incompatible types in assignment (expression has type "float", base class "TestTRS398Base" defined the type as "Type[float]")  [assignment]
(jrkerns)pylinac/tests_basic/test_trs398.py:233: error: Incompatible types in assignment (expression has type "float", base class "TestTRS398Base" defined the type as "Type[Tuple[Any, ...]]")  [assignment]
(jrkerns)pylinac/tests_basic/test_trs398.py:234: error: Incompatible types in assignment (expression has type "float", base class "TestTRS398Base" defined the type as "Type[Tuple[Any, ...]]")  [assignment]
(jrkerns)pylinac/tests_basic/test_trs398.py:235: error: Incompatible types in assignment (expression has type "float", base class "TestTRS398Base" defined the type as "Type[Tuple[Any, ...]]")  [assignment]
(jrkerns)pylinac/tests_basic/test_trs398.py:246: error: Incompatible types in assignment (expression has type "int", base class "TestTRS398Electron" defined the type as "None")  [assignment]
(jrkerns)pylinac/tests_basic/test_trs398.py:249: error: Incompatible types in assignment (expression has type "float", base class "TestTRS398Base" defined the type as "Type[float]")  [assignment]
(jrkerns)pylinac/tests_basic/test_trs398.py:252: error: Incompatible types in assignment (expression has type "float", base class "TestTRS398Base" defined the type as "Type[float]")  [assignment]
(jrkerns)pylinac/tests_basic/test_trs398.py:253: error: Incompatible types in assignment (expression has type "float", base class "TestTRS398Base" defined the type as "Type[Tuple[Any, ...]]")  [assignment]
(jrkerns)pylinac/tests_basic/test_trs398.py:254: error: Incompatible types in assignment (expression has type "float", base class "TestTRS398Base" defined the type as "Type[Tuple[Any, ...]]")  [assignment]
(jrkerns)pylinac/tests_basic/test_trs398.py:255: error: Incompatible types in assignment (expression has type "float", base class "TestTRS398Base" defined the type as "Type[Tuple[Any, ...]]")  [assignment]
(jrkerns)pylinac/tests_basic/test_tg51.py:184: error: Incompatible types in assignment (expression has type "float", base class "TestTG51Base" defined the type as "int")  [assignment]
(jrkerns)pylinac/tests_basic/test_tg51.py:228: error: Incompatible types in assignment (expression has type "float", base class "TestTG51Base" defined the type as "int")  [assignment]
(jrkerns)pylinac/tests_basic/test_tg51.py:242: error: Incompatible types in assignment (expression has type "float", base class "TestTG51Base" defined the type as "int")  [assignment]
(jrkerns)pylinac/tests_basic/test_tg51.py:260: error: Incompatible types in assignment (expression has type "float", base class "TestTG51Base" defined the type as "int")  [assignment]
(jrkerns)pylinac/tests_basic/test_tg51.py:277: error: Incompatible types in assignment (expression has type "float", base class "TestTG51Base" defined the type as "int")  [assignment]
(jrkerns)pylinac/tests_basic/test_tg51.py:285: error: Incompatible types in assignment (expression has type "str", base class "TestTG51Photon" defined the type as "None")  [assignment]
(jrkerns)pylinac/tests_basic/test_tg51.py:294: error: Incompatible types in assignment (expression has type "float", base class "TestTG51Base" defined the type as "int")  [assignment]
(jrkerns)pylinac/tests_basic/test_tg51.py:315: error: Incompatible types in assignment (expression has type "float", base class "TestTG51ElectronLegacy" defined the type as "None")  [assignment]
(jrkerns)pylinac/tests_basic/test_tg51.py:321: error: Incompatible types in assignment (expression has type "float", base class "TestTG51ElectronLegacy" defined the type as "int")  [assignment]
(jrkerns)pylinac/tests_basic/test_tg51.py:336: error: Incompatible types in assignment (expression has type "float", base class "TestTG51ElectronLegacy" defined the type as "None")  [assignment]
(jrkerns)pylinac/tests_basic/test_tg51.py:342: error: Incompatible types in assignment (expression has type "float", base class "TestTG51ElectronLegacy" defined the type as "int")  [assignment]
(jrkerns)pylinac/tests_basic/test_tg51.py:354: error: Incompatible types in assignment (expression has type "float", base class "TestTG51Base" defined the type as "int")  [assignment]
(jrkerns)pylinac/tests_basic/test_tg51.py:356: error: Incompatible types in assignment (expression has type "float", base class "TestTG51ElectronLegacy" defined the type as "None")  [assignment]
(jrkerns)pylinac/tests_basic/test_tg51.py:362: error: Incompatible types in assignment (expression has type "float", base class "TestTG51ElectronLegacy" defined the type as "int")  [assignment]
(jrkerns)pylinac/tests_basic/test_tg51.py:364: error: Incompatible types in assignment (expression has type "float", base class "TestTG51Base" defined the type as "int")  [assignment]
(jrkerns)pylinac/tests_basic/test_tg51.py:374: error: Incompatible types in assignment (expression has type "float", base class "TestTG51Base" defined the type as "int")  [assignment]
(jrkerns)pylinac/tests_basic/test_tg51.py:376: error: Incompatible types in assignment (expression has type "float", base class "TestTG51ElectronLegacy" defined the type as "None")  [assignment]
(jrkerns)pylinac/tests_basic/test_tg51.py:383: error: Incompatible types in assignment (expression has type "float", base class "TestTG51ElectronLegacy" defined the type as "int")  [assignment]
(jrkerns)pylinac/tests_basic/test_tg51.py:384: error: Incompatible types in assignment (expression has type "float", base class "TestTG51Base" defined the type as "int")  [assignment]
(jrkerns)pylinac/tests_basic/test_tg51.py:394: error: Incompatible types in assignment (expression has type "float", base class "TestTG51Base" defined the type as "int")  [assignment]
(jrkerns)pylinac/tests_basic/test_tg51.py:402: error: Incompatible types in assignment (expression has type "float", base class "TestTG51Base" defined the type as "int")  [assignment]
(jrkerns)pylinac/tests_basic/test_starshot.py:10: error: Module 'pylinac' has no attribute 'Starshot'  [attr-defined]
(jrkerns)pylinac/tests_basic/test_starshot.py:19: error: Incompatible types in assignment (expression has type "str", base class "LoadingTestBase" defined the type as "None")  [assignment]
(jrkerns)pylinac/tests_basic/test_starshot.py:117: error: Incompatible types in assignment (expression has type "float", base class "StarMixin" defined the type as "int")  [assignment]
(jrkerns)pylinac/tests_basic/test_starshot.py:131: error: Incompatible types in assignment (expression has type "float", base class "StarMixin" defined the type as "int")  [assignment]
(jrkerns)pylinac/tests_basic/test_starshot.py:146: error: Incompatible types in assignment (expression has type "float", base class "StarMixin" defined the type as "int")  [assignment]
(jrkerns)pylinac/tests_basic/test_starshot.py:158: error: Incompatible types in assignment (expression has type "float", base class "StarMixin" defined the type as "int")  [assignment]
(jrkerns)pylinac/tests_basic/test_planar_imaging.py:6: error: Module 'pylinac' has no attribute 'LeedsTOR'  [attr-defined]
(jrkerns)pylinac/tests_basic/test_planar_imaging.py:6: error: Module 'pylinac' has no attribute 'StandardImagingQC3'  [attr-defined]
(jrkerns)pylinac/tests_basic/test_planar_imaging.py:6: error: Module 'pylinac' has no attribute 'LasVegas'  [attr-defined]
(jrkerns)pylinac/tests_basic/test_picketfence.py:15: error: Incompatible types in assignment (expression has type "str", base class "LoadingTestBase" defined the type as "None")  [assignment]
(jrkerns)pylinac/tests_basic/test_picketfence.py:16: error: Incompatible types in assignment (expression has type "str", base class "LoadingTestBase" defined the type as "None")  [assignment]
(jrkerns)pylinac/tests_basic/test_picketfence.py:123: error: Incompatible types in assignment (expression has type "float", base class "PFTestMixin" defined the type as "int")  [assignment]
(jrkerns)pylinac/tests_basic/test_picketfence.py:124: error: Incompatible types in assignment (expression has type "float", base class "PFTestMixin" defined the type as "int")  [assignment]
(jrkerns)pylinac/tests_basic/test_picketfence.py:141: error: Incompatible types in assignment (expression has type "float", base class "PFTestMixin" defined the type as "int")  [assignment]
(jrkerns)pylinac/tests_basic/test_picketfence.py:142: error: Incompatible types in assignment (expression has type "float", base class "PFTestMixin" defined the type as "int")  [assignment]
(jrkerns)pylinac/tests_basic/test_picketfence.py:147: error: Incompatible types in assignment (expression has type "float", base class "PFTestMixin" defined the type as "int")  [assignment]
(jrkerns)pylinac/tests_basic/test_picketfence.py:148: error: Incompatible types in assignment (expression has type "float", base class "PFTestMixin" defined the type as "int")  [assignment]
(jrkerns)pylinac/tests_basic/test_picketfence.py:155: error: Incompatible types in assignment (expression has type "float", base class "PFTestMixin" defined the type as "int")  [assignment]
(jrkerns)pylinac/tests_basic/test_picketfence.py:156: error: Incompatible types in assignment (expression has type "float", base class "PFTestMixin" defined the type as "int")  [assignment]
(jrkerns)pylinac/tests_basic/test_picketfence.py:163: error: Incompatible types in assignment (expression has type "float", base class "PFTestMixin" defined the type as "int")  [assignment]
(jrkerns)pylinac/tests_basic/test_picketfence.py:164: error: Incompatible types in assignment (expression has type "float", base class "PFTestMixin" defined the type as "int")  [assignment]
(jrkerns)pylinac/tests_basic/test_picketfence.py:178: error: Incompatible types in assignment (expression has type "float", base class "PFTestMixin" defined the type as "int")  [assignment]
(jrkerns)pylinac/tests_basic/test_picketfence.py:179: error: Incompatible types in assignment (expression has type "float", base class "PFTestMixin" defined the type as "int")  [assignment]
(jrkerns)pylinac/tests_basic/test_flatsym.py:120: error: Incompatible types in assignment (expression has type "float", base class "FlatSymBase" defined the type as "int")  [assignment]
(jrkerns)pylinac/tests_basic/test_flatsym.py:121: error: Incompatible types in assignment (expression has type "float", base class "FlatSymBase" defined the type as "int")  [assignment]
(jrkerns)pylinac/tests_basic/test_flatsym.py:122: error: Incompatible types in assignment (expression has type "float", base class "FlatSymBase" defined the type as "int")  [assignment]
(jrkerns)pylinac/tests_basic/test_flatsym.py:123: error: Incompatible types in assignment (expression has type "float", base class "FlatSymBase" defined the type as "int")  [assignment]
(jrkerns)pylinac/tests_basic/test_flatsym.py:132: error: Incompatible types in assignment (expression has type "float", base class "FlatSymBase" defined the type as "int")  [assignment]
(jrkerns)pylinac/tests_basic/test_flatsym.py:133: error: Incompatible types in assignment (expression has type "float", base class "FlatSymBase" defined the type as "int")  [assignment]
(jrkerns)pylinac/tests_basic/test_flatsym.py:134: error: Incompatible types in assignment (expression has type "float", base class "FlatSymBase" defined the type as "int")  [assignment]
(jrkerns)pylinac/tests_basic/test_flatsym.py:135: error: Incompatible types in assignment (expression has type "float", base class "FlatSymBase" defined the type as "int")  [assignment]
(jrkerns)pylinac/tests_basic/test_flatsym.py:140: error: Incompatible types in assignment (expression has type "float", base class "FlatSymBase" defined the type as "int")  [assignment]
(jrkerns)pylinac/tests_basic/test_flatsym.py:141: error: Incompatible types in assignment (expression has type "float", base class "FlatSymBase" defined the type as "int")  [assignment]
(jrkerns)pylinac/tests_basic/test_flatsym.py:142: error: Incompatible types in assignment (expression has type "float", base class "FlatSymBase" defined the type as "int")  [assignment]
(jrkerns)pylinac/tests_basic/test_flatsym.py:143: error: Incompatible types in assignment (expression has type "float", base class "FlatSymBase" defined the type as "int")  [assignment]
(jrkerns)pylinac/tests_basic/test_cbct.py:6: error: Module 'pylinac' has no attribute 'CatPhan503'  [attr-defined]
(jrkerns)pylinac/tests_basic/test_cbct.py:6: error: Module 'pylinac' has no attribute 'CatPhan504'  [attr-defined]
(jrkerns)pylinac/tests_basic/test_cbct.py:6: error: Module 'pylinac' has no attribute 'CatPhan600'  [attr-defined]
(jrkerns)pylinac/tests_basic/test_cbct.py:6: error: Module 'pylinac' has no attribute 'CatPhan604'  [attr-defined]
(jrkerns)pylinac/tests_basic/test_cbct.py:16: error: Incompatible types in assignment (expression has type "str", base class "LoadingTestBase" defined the type as "None")  [assignment]
(jrkerns)pylinac/tests_basic/test_cbct.py:18: error: Incompatible types in assignment (expression has type "str", base class "LoadingTestBase" defined the type as "None")  [assignment]
(jrkerns)pylinac/tests_basic/test_cbct.py:19: error: Incompatible types in assignment (expression has type "str", base class "LoadingTestBase" defined the type as "None")  [assignment]
(jrkerns)pylinac/tests_basic/test_cbct.py:80: error: Need type annotation for 'file_path' (hint: "file_path: List[<type>] = ...")  [var-annotated]
(jrkerns)pylinac/tests_basic/test_cbct.py:86: error: Need type annotation for 'hu_values' (hint: "hu_values: Dict[<type>, <type>] = ...")  [var-annotated]
(jrkerns)pylinac/tests_basic/test_cbct.py:87: error: Need type annotation for 'unif_values' (hint: "unif_values: Dict[<type>, <type>] = ...")  [var-annotated]
(jrkerns)pylinac/tests_basic/test_cbct.py:88: error: Need type annotation for 'mtf_values' (hint: "mtf_values: Dict[<type>, <type>] = ...")  [var-annotated]
(jrkerns)pylinac/tests_basic/test_cbct.py:156: error: Incompatible types in assignment (expression has type "float", base class "CatPhanMixin" defined the type as "int")  [assignment]
(jrkerns)pylinac/tests_basic/test_cbct.py:161: error: Incompatible types in assignment (expression has type "float", base class "CatPhanMixin" defined the type as "int")  [assignment]
(jrkerns)pylinac/tests_basic/test_cbct.py:163: error: Incompatible types in assignment (expression has type "float", base class "CatPhanMixin" defined the type as "int")  [assignment]
(jrkerns)pylinac/tests_basic/test_cbct.py:174: error: Incompatible types in assignment (expression has type "float", base class "CatPhanMixin" defined the type as "int")  [assignment]
(jrkerns)pylinac/tests_basic/test_cbct.py:180: error: Incompatible types in assignment (expression has type "float", base class "CatPhanMixin" defined the type as "int")  [assignment]
(jrkerns)pylinac/tests_basic/test_cbct.py:198: error: Incompatible types in assignment (expression has type "float", base class "CatPhanMixin" defined the type as "int")  [assignment]
(jrkerns)pylinac/tests_basic/test_cbct.py:204: error: Incompatible types in assignment (expression has type "float", base class "CatPhanMixin" defined the type as "int")  [assignment]
(jrkerns)pylinac/tests_basic/test_cbct.py:205: error: Incompatible types in assignment (expression has type "float", base class "CatPhanMixin" defined the type as "int")  [assignment]
Found 185 errors in 12 files (checked 12 source files)

[RRepo](vcarceler)glaza

[RRepo](wemake-services)wemake-django-template

[RRepo](rbcarson)councillor-party
(rbcarson)councillor-party/common.py:154: error: Need type annotation for 'grouped'  [var-annotated]
(rbcarson)councillor-party/neulion.py:70: error: Item "None" of "Optional[Any]" has no attribute "id"  [union-attr]
(rbcarson)councillor-party/insinc.py:193: error: Incompatible types in assignment (expression has type "List[Any]", variable has type "Iterator[Any]")  [assignment]
(rbcarson)councillor-party/insinc.py:193: note: 'list' is missing following 'Iterator' protocol member:
(rbcarson)councillor-party/insinc.py:193: note:     __next__
(rbcarson)councillor-party/insinc.py:197: error: Value of type "Iterator[Any]" is not indexable  [index]
(rbcarson)councillor-party/insinc.py:198: error: Value of type "Iterator[Any]" is not indexable  [index]
(rbcarson)councillor-party/insinc.py:199: error: Value of type "Iterator[Any]" is not indexable  [index]
(rbcarson)councillor-party/granicus.py:67: error: Need type annotation for 'seen_dates' (hint: "seen_dates: Set[<type>] = ...")  [var-annotated]
(rbcarson)councillor-party/councillor-party.py:30: error: Missing return statement  [return]
Found 8 errors in 5 files (checked 10 source files)

[RRepo](ItsLastDay)academic_university_2016-2018

[RRepo](Remper)sociallink

[RRepo](REGOVAR)Regovar

[RRepo](martinpilat)dag-evaluate
(martinpilat)dag-evaluate/method_params.py:114: error: Too many arguments for "create_param_set"  [call-arg]
(martinpilat)dag-evaluate/grid_search.py:74: error: Need type annotation for 'best_results' (hint: "best_results: Dict[<type>, <type>] = ...")  [var-annotated]
Found 2 errors in 2 files (checked 7 source files)

[RRepo](shmuelamar)cbox
(shmuelamar)cbox/setup.py:10: error: Need type annotation for 'REQUIREMENTS' (hint: "REQUIREMENTS: List[<type>] = ...")  [var-annotated]
Found 1 error in 1 file (checked 1 source file)

[RRepo](jaywink)the-federation.info

[RRepo](zsck)result_py
Success: no issues found in 2 source files

[RRepo](MU94W)TFCommon
Success: no issues found in 10 source files

[RRepo](stefanocasazza)FrameworkBenchmarks

[RRepo](lukemerrett)Workflowy-Automation
Success: no issues found in 1 source file

[RRepo](pauloalves86)go_dino
(pauloalves86)go_dino/dino_api.py:44: error: Argument 4 to "compute_speed" of "Board" has incompatible type "List[int]"; expected "List[float]"  [arg-type]
(pauloalves86)go_dino/dino_api.py:44: note: "List" is invariant -- see http://mypy.readthedocs.io/en/latest/common_issues.html#variance
(pauloalves86)go_dino/dino_api.py:44: note: Consider using "Sequence" instead, which is covariant
(pauloalves86)go_dino/dino_api.py:93: error: Syntax error in type annotation  [syntax]
(pauloalves86)go_dino/dino_api.py:93: note: Suggestion: Use Tuple[T1, ..., Tn] instead of (T1, ..., Tn)
Found 2 errors in 1 file (checked 4 source files)

[RRepo](tschijnmo)drudge

[RRepo](Rhilip)Pt-Autoseed
Success: no issues found in 1 source file

[RRepo](autokey)autokey
(autokey)autokey/setup.py:54: error: Item "None" of "Optional[Match[str]]" has no attribute "group"  [union-attr]
Found 1 error in 1 file (checked 1 source file)

[RRepo](grycap)scar

[RRepo](lucasoldaini)python3-utils
(lucasoldaini)python3-utils/features.py:7: error: No parent module -- cannot perform relative import  [misc]
Found 1 error in 1 file (checked 19 source files)

[RRepo](jfear)sramongo

[RRepo](jdunkerley)AlteryxAddIns

[RRepo](KawashiroNitori)Anubis

[RRepo](snapcore)snapcraft
(snapcore)snapcraft/snapcraft/storeapi/channels.py:91: error: Incompatible return value type (got "Optional[str]", expected "str")  [return-value]
(snapcore)snapcraft/snapcraft/yaml_utils.py:37: error: Incompatible return value type (got "Optional[Any]", expected "str")  [return-value]
(snapcore)snapcraft/snapcraft/project/_project_options.py:238: error: Incompatible types in assignment (expression has type "None", variable has type "str")  [assignment]
(snapcore)snapcraft/snapcraft/project/_project_options.py:243: error: Incompatible types in assignment (expression has type "Optional[str]", variable has type "str")  [assignment]
(snapcore)snapcraft/snapcraft/__init__.py:361: error: Module 'snapcraft' has no attribute 'common'  [attr-defined]
(snapcore)snapcraft/snapcraft/__init__.py:364: error: Module 'snapcraft' has no attribute 'sources'  [attr-defined]
(snapcore)snapcraft/snapcraft/internal/mangling.py:22: error: Module 'snapcraft.internal' has no attribute 'elf'  [attr-defined]
(snapcore)snapcraft/snapcraft/storeapi/info.py:130: error: Argument 1 to "SnapPublisherDetails" has incompatible type "Optional[Any]"; expected "Dict[str, Any]"  [arg-type]
(snapcore)snapcraft/snapcraft/storeapi/info.py:156: error: Argument 1 to "SnapChannelDetails" has incompatible type "Optional[Any]"; expected "Dict[str, Any]"  [arg-type]
(snapcore)snapcraft/snapcraft/storeapi/info.py:162: error: Argument 1 to "SnapDownloadDetails" has incompatible type "Optional[Any]"; expected "Dict[str, Any]"  [arg-type]
(snapcore)snapcraft/snapcraft/storeapi/info.py:198: error: Argument 1 to "SnapDetails" has incompatible type "Optional[Any]"; expected "Dict[str, Any]"  [arg-type]
(snapcore)snapcraft/snapcraft/storeapi/_up_down_client.py:6: error: Module 'snapcraft.storeapi' has no attribute 'constants'  [attr-defined]
(snapcore)snapcraft/snapcraft/storeapi/_store_client.py:31: error: Module 'snapcraft.storeapi' has no attribute 'constants'  [attr-defined]
(snapcore)snapcraft/snapcraft/storeapi/_store_client.py:142: error: Incompatible return value type (got "Dict[str, Union[List[str], str, None]]", expected "Dict[str, Union[List[str], str]]")  [return-value]
(snapcore)snapcraft/snapcraft/storeapi/_status_tracker.py:10: error: Module 'snapcraft.storeapi' has no attribute 'constants'  [attr-defined]
(snapcore)snapcraft/snapcraft/storeapi/_sso_client.py:10: error: Module 'snapcraft.storeapi' has no attribute 'constants'  [attr-defined]
(snapcore)snapcraft/snapcraft/storeapi/_snap_index_client.py:26: error: Module 'snapcraft.storeapi' has no attribute 'constants'  [attr-defined]
(snapcore)snapcraft/snapcraft/storeapi/_sca_client.py:12: error: Module 'snapcraft.storeapi' has no attribute 'constants'  [attr-defined]
(snapcore)snapcraft/snapcraft/config.py:30: error: Module 'snapcraft.storeapi' has no attribute 'constants'  [attr-defined]
(snapcore)snapcraft/snapcraft/config.py:80: error: Incompatible types in assignment (expression has type "None", variable has type "str")  [assignment]
(snapcore)snapcraft/snapcraft/config.py:107: error: Incompatible return value type (got "None", expected "str")  [return-value]
(snapcore)snapcraft/snapcraft/config.py:184: error: Incompatible return value type (got "None", expected "str")  [return-value]
(snapcore)snapcraft/snapcraft/storeapi/status.py:20: error: Module 'snapcraft.storeapi' has no attribute 'constants'  [attr-defined]
(snapcore)snapcraft/snapcraft/storeapi/status.py:99: error: Argument "branch" to "from_channel_tuple" of "Channel" has incompatible type "Optional[str]"; expected "str"  [arg-type]
(snapcore)snapcraft/snapcraft/storeapi/status.py:117: error: Argument "branch" to "from_channel_tuple" of "Channel" has incompatible type "Optional[str]"; expected "str"  [arg-type]
(snapcore)snapcraft/snapcraft/storeapi/assertions.py:23: error: Module 'snapcraft.storeapi' has no attribute 'constants'  [attr-defined]
Found 26 errors in 15 files (checked 22 source files)

[RRepo](pckv)pcbot

[RRepo](mischnic)python-ci

[RRepo](sim0nx)python-openhab

[RRepo](paulbodean88)automation-design-patterns

[RRepo](minus7)asif

[RRepo](ebsuku)python3-qoqa

[RRepo](Naught0)qtbot
Success: no issues found in 2 source files

[RRepo](olivierfriard)BORIS

[RRepo](fuomag9)ChaturbateBot

[RRepo](ARM-software)lisa

[RRepo](dmwyatt)disney.api
(dmwyatt)disney.api/helpers.py:24: error: Name 'target_dt' already defined on line 22  [no-redef]
(dmwyatt)disney.api/helpers.py:27: error: Unexpected keyword argument "minutes" for "replace" of "datetime"; did you mean "minute"?  [call-arg]
(dmwyatt)disney.api/helpers.py:28: error: Unexpected keyword argument "minutes" for "replace" of "datetime"; did you mean "minute"?  [call-arg]
(dmwyatt)disney.api/helpers.py:51: error: Incompatible return value type (got "float", expected "int")  [return-value]
(dmwyatt)disney.api/pages/timepicker.py:72: error: Unsupported operand types for >= ("int" and "None")  [operator]
(dmwyatt)disney.api/pages/timepicker.py:72: note: Left operand is of type "Optional[int]"
(dmwyatt)disney.api/pages/timepicker.py:73: error: Argument 1 to "select_exact_time" of "BasicTimePicker" has incompatible type "Optional[datetime]"; expected "datetime"  [arg-type]
(dmwyatt)disney.api/pages/timepicker.py:97: error: Argument 1 to "select_exact_time" of "BasicTimePicker" has incompatible type "Optional[datetime]"; expected "datetime"  [arg-type]
(dmwyatt)disney.api/pages/datepicker.py:145: error: Item "date" of "Union[datetime, date]" has no attribute "date"  [union-attr]
(dmwyatt)disney.api/pages/datepicker.py:172: error: Item "date" of "Union[datetime, date]" has no attribute "date"  [union-attr]
(dmwyatt)disney.api/restaurants_config.py:68: error: Incompatible types in assignment (expression has type "datetime", variable has type "Union[str, int, None]")  [assignment]
(dmwyatt)disney.api/restaurants_config.py:68: error: Argument 1 to "parse" has incompatible type "Union[str, int]"; expected "Union[bytes, str, IO[str], IO[Any]]"  [arg-type]
(dmwyatt)disney.api/restaurants_config.py:77: error: Argument 1 to "parse" has incompatible type "Union[str, int, None]"; expected "Union[bytes, str, IO[str], IO[Any]]"  [arg-type]
(dmwyatt)disney.api/join.py:74: error: Invalid index type "Tuple[str, ...]" for "Dict[str, Response]"; expected type "str"  [index]
(dmwyatt)disney.api/join.py:120: error: Missing return statement  [return]
(dmwyatt)disney.api/join.py:122: error: Return value expected  [return-value]
(dmwyatt)disney.api/main.py:45: error: Need type annotation for 'entry_availabilities' (hint: "entry_availabilities: Dict[<type>, <type>] = ...")  [var-annotated]
Found 16 errors in 6 files (checked 6 source files)

[RRepo](OpenGenus)cosmos

[RRepo](underdogio)typeform
(underdogio)typeform/typeform/client.py:20: error: Function "builtins.any" is not valid as a type  [valid-type]
(underdogio)typeform/typeform/client.py:20: note: Perhaps you need "Callable[...]" or a callback protocol?
(underdogio)typeform/typeform/client.py:26: error: any? has no attribute "keys"  [attr-defined]
(underdogio)typeform/typeform/forms.py:18: error: Incompatible return value type (got "Union[str, Dict[Any, Any]]", expected "Dict[Any, Any]")  [return-value]
(underdogio)typeform/typeform/forms.py:25: error: Incompatible return value type (got "Union[str, Dict[Any, Any]]", expected "str")  [return-value]
(underdogio)typeform/typeform/forms.py:29: error: Incompatible return value type (got "Union[str, Dict[Any, Any]]", expected "Dict[Any, Any]")  [return-value]
(underdogio)typeform/typeform/forms.py:36: error: Incompatible return value type (got "Union[str, Dict[Any, Any]]", expected "Dict[Any, Any]")  [return-value]
(underdogio)typeform/typeform/forms.py:43: error: Function "builtins.any" is not valid as a type  [valid-type]
(underdogio)typeform/typeform/forms.py:43: note: Perhaps you need "Callable[...]" or a callback protocol?
(underdogio)typeform/typeform/forms.py:64: error: Incompatible return value type (got "Union[str, Dict[Any, Any]]", expected "Dict[Any, Any]")  [return-value]
(underdogio)typeform/typeform/forms.py:72: error: Incompatible return value type (got "Union[str, Dict[Any, Any]]", expected "str")  [return-value]
Found 9 errors in 2 files (checked 4 source files)

[RRepo](Princeton-CDH)derrida-django
Success: no issues found in 4 source files

[RRepo](intellij-rust)intellij-rust.github.io
Success: no issues found in 1 source file

[RRepo](nachoaguadoc)aimlx-demos
(nachoaguadoc)aimlx-demos/server.py:37: error: Module 'sfid' has no attribute 'sfid'  [attr-defined]
(nachoaguadoc)aimlx-demos/server.py:38: error: Module 'argumentation' has no attribute 'argumentation'  [attr-defined]
(nachoaguadoc)aimlx-demos/server.py:39: error: Module 'summarization' has no attribute 'summarization'  [attr-defined]
(nachoaguadoc)aimlx-demos/server.py:40: error: Module 'grocery' has no attribute 'grocery'  [attr-defined]
(nachoaguadoc)aimlx-demos/server.py:41: error: Module 'emotion' has no attribute 'emotion'  [attr-defined]
(nachoaguadoc)aimlx-demos/server.py:42: error: Module 'go_chatbot' has no attribute 'go_chatbot'  [attr-defined]
(nachoaguadoc)aimlx-demos/server.py:43: error: Module 'material' has no attribute 'material'  [attr-defined]
(nachoaguadoc)aimlx-demos/server.py:44: error: Module 'chestxray' has no attribute 'chestxray'  [attr-defined]
(nachoaguadoc)aimlx-demos/server.py:45: error: Module 'sid' has no attribute 'sid'  [attr-defined]
(nachoaguadoc)aimlx-demos/server.py:46: error: Module 'data_selection' has no attribute 'data_selection'  [attr-defined]
Found 10 errors in 1 file (checked 2 source files)

[RRepo](Nitrokey)nitrokey-start-firmware

[RRepo](sped-br)python-sped
(sped-br)python-sped/setup.py:5: error: Module 'sped' has no attribute '__version__'  [attr-defined]
Found 1 error in 1 file (checked 1 source file)

[RRepo](pybel)pybel

[RRepo](thismachinechills)save_skype

[RRepo](bggardner)canopen-rpi
(bggardner)canopen-rpi/socketcan/__init__.py:109: error: Signature of "send" incompatible with supertype "socket"  [override]
(bggardner)canopen-rpi/socketcan/__init__.py:117: error: Signature of "sendall" incompatible with supertype "socket"  [override]
(bggardner)canopen-rpi/websocket/__init__.py:89: error: Incompatible types in assignment (expression has type "Tuple[Any, ...]", variable has type "int")  [assignment]
(bggardner)canopen-rpi/websocket/__init__.py:92: error: Incompatible types in assignment (expression has type "Tuple[Any, ...]", variable has type "int")  [assignment]
Found 4 errors in 2 files (checked 2 source files)

[RRepo](wasp)waspy

