[RRepo](subutux)HUD
(subutux)HUD/hud/elements/__init__.py:5:1: error: No parent module -- cannot perform relative import  [misc]
Found 1 error in 1 file (checked 4 source files)

[RRepo](chfoo)chatbot383
(chfoo)chatbot383/chatbot383/bot.py:95:9: error: Need type annotation for '_commands' (hint: "_commands: List[<type>] = ...")  [var-annotated]
(chfoo)chatbot383/chatbot383/bot.py:96:9: error: Need type annotation for '_message_handlers' (hint: "_message_handlers: List[<type>] = ...")  [var-annotated]
(chfoo)chatbot383/chatbot383/bot.py:300:33: error: Incompatible types in assignment (expression has type "Match[Any]", variable has type "None")  [assignment]
(chfoo)chatbot383/chatbot383/bot.py:320:24: error: Incompatible types in assignment (expression has type "Iterator[Any]", variable has type "FrozenSet[Any]")  [assignment]
(chfoo)chatbot383/chatbot383/bot.py:325:24: error: Incompatible types in assignment (expression has type "Iterator[Any]", variable has type "FrozenSet[Any]")  [assignment]
(chfoo)chatbot383/chatbot383/bot.py:349:9: error: Need type annotation for '_table' (hint: "_table: Dict[<type>, <type>] = ...")  [var-annotated]
(chfoo)chatbot383/chatbot383/featurecomponents/battlebot_test.py:243:25: error: Value of type "None" is not indexable  [index]
(chfoo)chatbot383/chatbot383/featurecomponents/battlebot_test.py:260:29: error: Value of type "None" is not indexable  [index]
(chfoo)chatbot383/chatbot383/featurecomponents/standalone/betbot/betbot.py:80:39: error: "object" has no attribute "__iter__"; maybe "__str__" or "__dir__"? (not iterable)  [attr-defined]
(chfoo)chatbot383/chatbot383/featurecomponents/battlebot.py:61:9: error: Need type annotation for 'moves' (hint: "moves: List[<type>] = ...")  [var-annotated]
(chfoo)chatbot383/chatbot383/featurecomponents/battlebot.py:77:16: error: Incompatible return value type (got "None", expected "PokemonStats")  [return-value]
(chfoo)chatbot383/chatbot383/featurecomponents/battlebot.py:81:33: error: Incompatible types in assignment (expression has type "PokemonStats", variable has type "None")  [assignment]
(chfoo)chatbot383/chatbot383/featurecomponents/battlebot.py:85:16: error: Incompatible return value type (got "None", expected "PokemonStats")  [return-value]
(chfoo)chatbot383/chatbot383/featurecomponents/battlebot.py:89:34: error: Incompatible types in assignment (expression has type "PokemonStats", variable has type "None")  [assignment]
(chfoo)chatbot383/chatbot383/featurecomponents/battlebot.py:97:43: error: "None" has no attribute "moves"  [attr-defined]
(chfoo)chatbot383/chatbot383/featurecomponents/battlebot.py:101:35: error: "None" has no attribute "dex_info"  [attr-defined]
(chfoo)chatbot383/chatbot383/featurecomponents/battlebot.py:106:37: error: "None" has no attribute "dex_info"  [attr-defined]
(chfoo)chatbot383/chatbot383/featurecomponents/battlebot.py:142:16: error: Incompatible return value type (got "None", expected "BattleSession")  [return-value]
(chfoo)chatbot383/chatbot383/featurecomponents/battlebot.py:217:32: error: Incompatible types in assignment (expression has type "BattleSession", variable has type "None")  [assignment]
(chfoo)chatbot383/chatbot383/featurecomponents/battlebot.py:237:32: error: Incompatible types in assignment (expression has type "BattleSession", variable has type "None")  [assignment]
(chfoo)chatbot383/chatbot383/discord/gateway.py:65:32: error: Module has no attribute "Client"  [attr-defined]
(chfoo)chatbot383/chatbot383/discord/gateway.py:66:9: error: Need type annotation for '_channel_ids' (hint: "_channel_ids: Set[<type>] = ...")  [var-annotated]
(chfoo)chatbot383/chatbot383/discord/gateway.py:144: error: The return type of a generator function should be "Generator" or one of its supertypes  [misc]
(chfoo)chatbot383/chatbot383/discord/gateway.py:147:30: error: Incompatible types in assignment (expression has type "str", variable has type "None")  [assignment]
(chfoo)chatbot383/chatbot383/discord/gateway.py:150:30: error: Incompatible types in assignment (expression has type "str", variable has type "None")  [assignment]
(chfoo)chatbot383/chatbot383/discord/gateway.py:251:20: error: Module has no attribute "NotFound"  [attr-defined]
(chfoo)chatbot383/chatbot383/discord/gateway.py:261:20: error: Module has no attribute "Game"  [attr-defined]
(chfoo)chatbot383/chatbot383/discord/gateway.py:266:16: error: Module has no attribute "DiscordException"  [attr-defined]
(chfoo)chatbot383/chatbot383/discord/gateway.py:270: error: Name 'discord.Message' is not defined  [name-defined]
Found 29 errors in 5 files (checked 16 source files)

[RRepo](appu1232)Selfbot-for-Discord
(appu1232)Selfbot-for-Discord/cogs/mod.py:114:162: error: "str" has no attribute "mention"  [attr-defined]
(appu1232)Selfbot-for-Discord/cogs/mod.py:118:93: error: "str" has no attribute "mention"  [attr-defined]
(appu1232)Selfbot-for-Discord/cogs/mod.py:130:105: error: "str" has no attribute "mention"  [attr-defined]
(appu1232)Selfbot-for-Discord/cogs/mod.py:160:164: error: "str" has no attribute "mention"  [attr-defined]
(appu1232)Selfbot-for-Discord/cogs/mod.py:164:95: error: "str" has no attribute "mention"  [attr-defined]
(appu1232)Selfbot-for-Discord/cogs/mod.py:168:6: error: Name 'channel' already defined on line 122  [no-redef]
(appu1232)Selfbot-for-Discord/cogs/mod.py:178:27: error: Name 'channel' is not defined  [name-defined]
(appu1232)Selfbot-for-Discord/cogs/mod.py:179:23: error: Name 'channel' is not defined  [name-defined]
(appu1232)Selfbot-for-Discord/cogs/mod.py:180:107: error: "str" has no attribute "mention"  [attr-defined]
(appu1232)Selfbot-for-Discord/cogs/repl.py:58:9: error: Need type annotation for 'history'  [var-annotated]
Found 10 errors in 2 files (checked 22 source files)

[RRepo](TadLeonard)husl-numpy
(TadLeonard)husl-numpy/LUT/hue_1d.py:36: error: Not all arguments converted during string formatting  [str-format]
(TadLeonard)husl-numpy/LUT/hue_1d.py:154:11: error: Not all arguments converted during string formatting  [str-format]
(TadLeonard)husl-numpy/LUT/hue_2d.py:30:19: error: Name 'os' is not defined  [name-defined]
(TadLeonard)husl-numpy/LUT/hue_2d.py:35: error: Not all arguments converted during string formatting  [str-format]
(TadLeonard)husl-numpy/nphusl/transform.py:251:40: error: Function "builtins.callable" is not valid as a type  [valid-type]
(TadLeonard)husl-numpy/nphusl/transform.py:251:40: note: Perhaps you need "Callable[...]" or a callback protocol?
(TadLeonard)husl-numpy/nphusl/transform.py:259:45: error: Item "None" of "Optional[Any]" has no attribute "shape"  [union-attr]
(TadLeonard)husl-numpy/nphusl/transform.py:264:16: error: callable? not callable  [misc]
(TadLeonard)husl-numpy/nphusl/nphusl.py:22:1: error: Module 'nphusl' has no attribute 'constants'  [attr-defined]
(TadLeonard)husl-numpy/nphusl/nphusl.py:62:12: error: Incompatible types in assignment (expression has type "None", variable has type Module)  [assignment]
(TadLeonard)husl-numpy/nphusl/nphusl.py:64:5: error: Module 'nphusl' has no attribute '_cython_opt'  [attr-defined]
(TadLeonard)husl-numpy/nphusl/nphusl.py:69:5: error: Module 'nphusl' has no attribute '_simd_opt'  [attr-defined]
(TadLeonard)husl-numpy/nphusl/nphusl.py:189:31: error: Function "builtins.iter" is not valid as a type  [valid-type]
(TadLeonard)husl-numpy/nphusl/nphusl.py:189:31: note: Perhaps you need "Callable[...]" or a callback protocol?
(TadLeonard)husl-numpy/nphusl/__init__.py:29:1: error: Module 'nphusl' has no attribute 'constants'  [attr-defined]
(TadLeonard)husl-numpy/nphusl/__init__.py:36:5: error: Module 'nphusl' has no attribute '_cython_opt'  [attr-defined]
(TadLeonard)husl-numpy/nphusl/__init__.py:40:5: error: Module 'nphusl' has no attribute '_simd_opt'  [attr-defined]
(TadLeonard)husl-numpy/nphusl/_numexpr_opt.py:107:31: error: Function "builtins.iter" is not valid as a type  [valid-type]
(TadLeonard)husl-numpy/nphusl/_numexpr_opt.py:107:31: note: Perhaps you need "Callable[...]" or a callback protocol?
(TadLeonard)husl-numpy/nphusl/_numexpr_opt.py:143:17: error: iter? has no attribute "__iter__" (not iterable)  [attr-defined]
(TadLeonard)husl-numpy/LUT/light.py:48: error: Not all arguments converted during string formatting  [str-format]
Found 18 errors in 7 files (checked 9 source files)

[RRepo](alvations)pywsd
(alvations)pywsd/merlin/simple_data_set.py:110:55: error: Missing parentheses in call to 'print'. Did you mean print("Train Dev Test split should sum to one")?  [syntax]
Found 1 error in 1 file (checked 16 source files)

[RRepo](benhoff)microphone
Success: no issues found in 5 source files

[RRepo](VenomzGaming)SP-admin-server
(VenomzGaming)SP-admin-server/addons/source-python/plugins/admin/menus/playercommands.py:1:1: error: Module 'menus' has no attribute 'SimpleMenu'  [attr-defined]
(VenomzGaming)SP-admin-server/addons/source-python/plugins/admin/menus/playercommands.py:1:1: error: Module 'menus' has no attribute 'SimpleOption'  [attr-defined]
(VenomzGaming)SP-admin-server/addons/source-python/plugins/admin/menus/playercommands.py:1:1: error: Module 'menus' has no attribute 'Text'  [attr-defined]
(VenomzGaming)SP-admin-server/addons/source-python/plugins/admin/menus/playercommands.py:3:1: error: Relative import climbs too many namespaces  [misc]
(VenomzGaming)SP-admin-server/addons/source-python/plugins/admin/menus/playercommands.py:4:1: error: Relative import climbs too many namespaces  [misc]
(VenomzGaming)SP-admin-server/addons/source-python/plugins/admin/menus/muteplayer.py:1:1: error: Module 'menus' has no attribute 'PagedMenu'  [attr-defined]
(VenomzGaming)SP-admin-server/addons/source-python/plugins/admin/menus/muteplayer.py:1:1: error: Module 'menus' has no attribute 'PagedOption'  [attr-defined]
(VenomzGaming)SP-admin-server/addons/source-python/plugins/admin/menus/muteplayer.py:1:1: error: Module 'menus' has no attribute 'Text'  [attr-defined]
(VenomzGaming)SP-admin-server/addons/source-python/plugins/admin/menus/muteplayer.py:6:1: error: Relative import climbs too many namespaces  [misc]
(VenomzGaming)SP-admin-server/addons/source-python/plugins/admin/menus/servercommands.py:1:1: error: Module 'menus' has no attribute 'SimpleMenu'  [attr-defined]
(VenomzGaming)SP-admin-server/addons/source-python/plugins/admin/menus/servercommands.py:1:1: error: Module 'menus' has no attribute 'SimpleOption'  [attr-defined]
(VenomzGaming)SP-admin-server/addons/source-python/plugins/admin/menus/servercommands.py:1:1: error: Module 'menus' has no attribute 'Text'  [attr-defined]
(VenomzGaming)SP-admin-server/addons/source-python/plugins/admin/menus/servercommands.py:3:1: error: Relative import climbs too many namespaces  [misc]
(VenomzGaming)SP-admin-server/addons/source-python/plugins/admin/menus/servercommands.py:4:1: error: Relative import climbs too many namespaces  [misc]
(VenomzGaming)SP-admin-server/addons/source-python/plugins/admin/menus/changemap.py:1:1: error: Module 'menus' has no attribute 'PagedMenu'  [attr-defined]
(VenomzGaming)SP-admin-server/addons/source-python/plugins/admin/menus/changemap.py:1:1: error: Module 'menus' has no attribute 'PagedOption'  [attr-defined]
(VenomzGaming)SP-admin-server/addons/source-python/plugins/admin/menus/changemap.py:1:1: error: Module 'menus' has no attribute 'Text'  [attr-defined]
(VenomzGaming)SP-admin-server/addons/source-python/plugins/admin/menus/changemap.py:7:1: error: Relative import climbs too many namespaces  [misc]
(VenomzGaming)SP-admin-server/addons/source-python/plugins/admin/menus/changemap.py:9:1: error: Relative import climbs too many namespaces  [misc]
(VenomzGaming)SP-admin-server/addons/source-python/plugins/admin/menus/kickplayer.py:1:1: error: Module 'menus' has no attribute 'PagedMenu'  [attr-defined]
(VenomzGaming)SP-admin-server/addons/source-python/plugins/admin/menus/kickplayer.py:1:1: error: Module 'menus' has no attribute 'PagedOption'  [attr-defined]
(VenomzGaming)SP-admin-server/addons/source-python/plugins/admin/menus/kickplayer.py:1:1: error: Module 'menus' has no attribute 'Text'  [attr-defined]
(VenomzGaming)SP-admin-server/addons/source-python/plugins/admin/menus/kickplayer.py:6:1: error: Relative import climbs too many namespaces  [misc]
(VenomzGaming)SP-admin-server/addons/source-python/plugins/admin/menus/slayplayer.py:1:1: error: Module 'menus' has no attribute 'PagedMenu'  [attr-defined]
(VenomzGaming)SP-admin-server/addons/source-python/plugins/admin/menus/slayplayer.py:1:1: error: Module 'menus' has no attribute 'PagedOption'  [attr-defined]
(VenomzGaming)SP-admin-server/addons/source-python/plugins/admin/menus/slayplayer.py:1:1: error: Module 'menus' has no attribute 'Text'  [attr-defined]
(VenomzGaming)SP-admin-server/addons/source-python/plugins/admin/menus/slayplayer.py:6:1: error: Relative import climbs too many namespaces  [misc]
(VenomzGaming)SP-admin-server/addons/source-python/plugins/admin/menus/banplayer.py:1:1: error: Module 'menus' has no attribute 'PagedMenu'  [attr-defined]
(VenomzGaming)SP-admin-server/addons/source-python/plugins/admin/menus/banplayer.py:1:1: error: Module 'menus' has no attribute 'PagedOption'  [attr-defined]
(VenomzGaming)SP-admin-server/addons/source-python/plugins/admin/menus/banplayer.py:1:1: error: Module 'menus' has no attribute 'Text'  [attr-defined]
(VenomzGaming)SP-admin-server/addons/source-python/plugins/admin/menus/banplayer.py:6:1: error: Relative import climbs too many namespaces  [misc]
(VenomzGaming)SP-admin-server/addons/source-python/plugins/admin/menus/banplayer.py:8:1: error: Relative import climbs too many namespaces  [misc]
(VenomzGaming)SP-admin-server/addons/source-python/plugins/admin/mainmenu.py:1:1: error: Module 'menus' has no attribute 'SimpleMenu'  [attr-defined]
(VenomzGaming)SP-admin-server/addons/source-python/plugins/admin/mainmenu.py:1:1: error: Module 'menus' has no attribute 'SimpleOption'  [attr-defined]
(VenomzGaming)SP-admin-server/addons/source-python/plugins/admin/mainmenu.py:1:1: error: Module 'menus' has no attribute 'Text'  [attr-defined]
(VenomzGaming)SP-admin-server/addons/source-python/plugins/admin/commands/say.py:102:11: error: Incompatible types in assignment (expression has type "str", variable has type "Tuple[str, ...]")  [assignment]
(VenomzGaming)SP-admin-server/addons/source-python/plugins/admin/commands/__init__.py:1:1: error: Module 'commands' has no attribute 'CommandReturn'  [attr-defined]
(VenomzGaming)SP-admin-server/addons/source-python/plugins/admin/database/mysql.py:24:29: error: Name 'MYSQL_ADDRESS' is not defined  [name-defined]
(VenomzGaming)SP-admin-server/addons/source-python/plugins/admin/database/mysql.py:24:49: error: Name 'MYSQL_PORT' is not defined  [name-defined]
(VenomzGaming)SP-admin-server/addons/source-python/plugins/admin/database/mysql.py:24:66: error: Name 'MYSQL_LOGIN' is not defined  [name-defined]
(VenomzGaming)SP-admin-server/addons/source-python/plugins/admin/database/mysql.py:24:82: error: Name 'MYSQL_PASSWORD' is not defined  [name-defined]
(VenomzGaming)SP-admin-server/addons/source-python/plugins/admin/database/mysql.py:24:101: error: Name 'MYSQL_DATABASE_NAME' is not defined  [name-defined]
Found 42 errors in 11 files (checked 20 source files)

[RRepo](piontas)python-aada
Success: no issues found in 2 source files

[RRepo](datamachine)telex
Success: no issues found in 33 source files

[RRepo](Mereng)pyVKApi
Success: no issues found in 2 source files

[RRepo](chernals)georges
(chernals)georges/georges/lib/pybdsim/pybdsim/Joinhistograms.py:12:19: error: invalid syntax  [syntax]
Found 1 error in 1 file (checked 72 source files)

[RRepo](spesmilo)electrum
(spesmilo)electrum/electrum/plugins/virtualkeyboard/qt.py: error: Duplicate module named 'qt' (also at '/home/bew/archive/typed_project/(spesmilo)electrum/electrum/gui/qt/__init__.py')  [misc]
Found 1 error in 1 file (checked 60 source files)

[RRepo](GoogleCloudPlatform)plspm-python
(GoogleCloudPlatform)plspm-python/plspm/weights.py:74:9: error: Need type annotation for '__mvs' (hint: "__mvs: List[<type>] = ...")  [var-annotated]
(GoogleCloudPlatform)plspm-python/plspm/weights.py:93:9: error: Need type annotation for '__weights' (hint: "__weights: Dict[<type>, <type>] = ...")  [var-annotated]
(GoogleCloudPlatform)plspm-python/plspm/weights.py:101:9: error: Need type annotation for '__betas' (hint: "__betas: Dict[<type>, <type>] = ...")  [var-annotated]
(GoogleCloudPlatform)plspm-python/plspm/weights.py:164:26: error: Incompatible types in assignment (expression has type "_NonmetricWeights", variable has type "_MetricWeights")  [assignment]
(GoogleCloudPlatform)plspm-python/plspm/config.py:62:9: error: Need type annotation for '__modes' (hint: "__modes: Dict[<type>, <type>] = ...")  [var-annotated]
(GoogleCloudPlatform)plspm-python/plspm/config.py:63:9: error: Need type annotation for '__mvs' (hint: "__mvs: Dict[<type>, <type>] = ...")  [var-annotated]
(GoogleCloudPlatform)plspm-python/plspm/config.py:64:9: error: Need type annotation for '__dummies' (hint: "__dummies: Dict[<type>, <type>] = ...")  [var-annotated]
(GoogleCloudPlatform)plspm-python/plspm/config.py:65:9: error: Need type annotation for '__mv_scales' (hint: "__mv_scales: Dict[<type>, <type>] = ...")  [var-annotated]
(GoogleCloudPlatform)plspm-python/plspm/util.py:100:5: error: Need type annotation for 'values' (hint: "values: Dict[<type>, <type>] = ...")  [var-annotated]
(GoogleCloudPlatform)plspm-python/plspm/mode.py:31:33: error: No overload variant of "__getitem__" of "list" matches argument type "str"  [call-overload]
(GoogleCloudPlatform)plspm-python/plspm/mode.py:31:33: note: Possible overload variants:
(GoogleCloudPlatform)plspm-python/plspm/mode.py:31:33: note:     def __getitem__(self, int) -> Any
(GoogleCloudPlatform)plspm-python/plspm/mode.py:31:33: note:     def __getitem__(self, slice) -> List[Any]
(GoogleCloudPlatform)plspm-python/plspm/mode.py:32:49: error: No overload variant of "__getitem__" of "list" matches argument type "str"  [call-overload]
(GoogleCloudPlatform)plspm-python/plspm/mode.py:32:49: note: Possible overload variants:
(GoogleCloudPlatform)plspm-python/plspm/mode.py:32:49: note:     def __getitem__(self, int) -> Any
(GoogleCloudPlatform)plspm-python/plspm/mode.py:32:49: note:     def __getitem__(self, slice) -> List[Any]
(GoogleCloudPlatform)plspm-python/plspm/mode.py:33:40: error: No overload variant of "__getitem__" of "list" matches argument type "str"  [call-overload]
(GoogleCloudPlatform)plspm-python/plspm/mode.py:33:40: note: Possible overload variants:
(GoogleCloudPlatform)plspm-python/plspm/mode.py:33:40: note:     def __getitem__(self, int) -> Any
(GoogleCloudPlatform)plspm-python/plspm/mode.py:33:40: note:     def __getitem__(self, slice) -> List[Any]
(GoogleCloudPlatform)plspm-python/plspm/mode.py:34:50: error: No overload variant of "__getitem__" of "list" matches argument type "str"  [call-overload]
(GoogleCloudPlatform)plspm-python/plspm/mode.py:34:50: note: Possible overload variants:
(GoogleCloudPlatform)plspm-python/plspm/mode.py:34:50: note:     def __getitem__(self, int) -> Any
(GoogleCloudPlatform)plspm-python/plspm/mode.py:34:50: note:     def __getitem__(self, slice) -> List[Any]
(GoogleCloudPlatform)plspm-python/plspm/mode.py:36:43: error: No overload variant of "__getitem__" of "list" matches argument type "str"  [call-overload]
(GoogleCloudPlatform)plspm-python/plspm/mode.py:36:43: note: Possible overload variants:
(GoogleCloudPlatform)plspm-python/plspm/mode.py:36:43: note:     def __getitem__(self, int) -> Any
(GoogleCloudPlatform)plspm-python/plspm/mode.py:36:43: note:     def __getitem__(self, slice) -> List[Any]
(GoogleCloudPlatform)plspm-python/plspm/mode.py:37:24: error: No overload variant of "__getitem__" of "list" matches argument type "str"  [call-overload]
(GoogleCloudPlatform)plspm-python/plspm/mode.py:37:24: note: Possible overload variants:
(GoogleCloudPlatform)plspm-python/plspm/mode.py:37:24: note:     def __getitem__(self, int) -> Any
(GoogleCloudPlatform)plspm-python/plspm/mode.py:37:24: note:     def __getitem__(self, slice) -> List[Any]
(GoogleCloudPlatform)plspm-python/plspm/mode.py:52:41: error: No overload variant of "__getitem__" of "list" matches argument type "str"  [call-overload]
(GoogleCloudPlatform)plspm-python/plspm/mode.py:52:41: note: Possible overload variants:
(GoogleCloudPlatform)plspm-python/plspm/mode.py:52:41: note:     def __getitem__(self, int) -> Any
(GoogleCloudPlatform)plspm-python/plspm/mode.py:52:41: note:     def __getitem__(self, slice) -> List[Any]
(GoogleCloudPlatform)plspm-python/plspm/mode.py:53:20: error: No overload variant of "__getitem__" of "list" matches argument type "str"  [call-overload]
(GoogleCloudPlatform)plspm-python/plspm/mode.py:53:20: note: Possible overload variants:
(GoogleCloudPlatform)plspm-python/plspm/mode.py:53:20: note:     def __getitem__(self, int) -> Any
(GoogleCloudPlatform)plspm-python/plspm/mode.py:53:20: note:     def __getitem__(self, slice) -> List[Any]
Found 17 errors in 4 files (checked 17 source files)

[RRepo](foglamp)FogLAMP
(foglamp)FogLAMP/python/foglamp/services/core/scheduler/entities.py:46:28: error: Incompatible types in assignment (expression has type "None", variable has type "UUID")  [assignment]
(foglamp)FogLAMP/python/foglamp/services/core/scheduler/entities.py:47:21: error: Incompatible types in assignment (expression has type "None", variable has type "str")  [assignment]
(foglamp)FogLAMP/python/foglamp/services/core/scheduler/entities.py:50:23: error: Incompatible types in assignment (expression has type "None", variable has type "timedelta")  [assignment]
(foglamp)FogLAMP/python/foglamp/services/core/scheduler/entities.py:51:29: error: Incompatible types in assignment (expression has type "None", variable has type "str")  [assignment]

[RRepo](Instanssi)Instanssi.org
(Instanssi)Instanssi.org/Instanssi/celery.py:3:1: error: Module 'celery' has no attribute 'Celery'  [attr-defined]
(Instanssi)Instanssi.org/Instanssi/kompomaatti/tasks.py:7:1: error: Module 'celery' has no attribute 'shared_task'  [attr-defined]
Found 2 errors in 2 files (checked 40 source files)

[RRepo](the-virtual-brain)tvb-hpc
(the-virtual-brain)tvb-hpc/phase_plane_interactive/template.py:1:8: error: invalid syntax  [syntax]
Found 1 error in 1 file (checked 25 source files)

[RRepo](ChatSecure)chatsecure.github.io
Success: no issues found in 1 source file

[RRepo](futursolo)sketchbook
(futursolo)sketchbook/_load_version.py:30:5: error: Item "_Loader" of "Optional[_Loader]" has no attribute "exec_module"  [union-attr]
(futursolo)sketchbook/_load_version.py:30:5: error: Item "None" of "Optional[_Loader]" has no attribute "exec_module"  [union-attr]
(futursolo)sketchbook/sketchbook/printer.py:25:5: error: Module 'sketchbook' has no attribute 'statements'  [attr-defined]
(futursolo)sketchbook/sketchbook/sketch.py:30:5: error: Module 'sketchbook' has no attribute 'statements'  [attr-defined]
(futursolo)sketchbook/sketchbook/context.py:21:1: error: Module 'sketchbook' has no attribute 'statements'  [attr-defined]
(futursolo)sketchbook/sketchbook/parser.py:20:1: error: Module 'sketchbook' has no attribute 'statements'  [attr-defined]
(futursolo)sketchbook/tests/test_finder.py:18:1: error: Module 'sketchbook' has no attribute 'SketchNotFoundError'  [attr-defined]
(futursolo)sketchbook/tests/test_finder.py:38:14: error: Incompatible types in assignment (expression has type "AsyncioTestHelper", variable has type "CurioTestHelper")  [assignment]
(futursolo)sketchbook/tests/test_finder.py:40:23: error: Incompatible types in assignment (expression has type "AsyncioSketchContext", variable has type "CurioSketchContext")  [assignment]
(futursolo)sketchbook/tests/test_finder.py:51:35: error: Argument 1 to "AsyncSketchFinder" has incompatible type "int"; expected "str"  [arg-type]
(futursolo)sketchbook/tests/test_finder.py:145:53: error: Argument "skt_ctx" to "AsyncSketchFinder" has incompatible type "CurioSketchContext"; expected "Optional[AsyncioSketchContext]"  [arg-type]
(futursolo)sketchbook/tests/test_logic.py:46:14: error: Incompatible types in assignment (expression has type "AsyncioTestHelper", variable has type "CurioTestHelper")  [assignment]
(futursolo)sketchbook/tests/test_logic.py:48:23: error: Incompatible types in assignment (expression has type "AsyncioSketchContext", variable has type "CurioSketchContext")  [assignment]
(futursolo)sketchbook/tests/test_logic.py:57:9: error: Need type annotation for '_iterated_time' (hint: "_iterated_time: List[<type>] = ...")  [var-annotated]
(futursolo)sketchbook/tests/test_parser.py:18:1: error: Module 'sketchbook' has no attribute 'SketchSyntaxError'  [attr-defined]
(futursolo)sketchbook/tests/test_parser.py:18:1: error: Module 'sketchbook' has no attribute 'UnknownStatementError'  [attr-defined]
(futursolo)sketchbook/tests/test_parser.py:37:14: error: Incompatible types in assignment (expression has type "AsyncioTestHelper", variable has type "CurioTestHelper")  [assignment]
(futursolo)sketchbook/tests/test_parser.py:39:23: error: Incompatible types in assignment (expression has type "AsyncioSketchContext", variable has type "CurioSketchContext")  [assignment]
(futursolo)sketchbook/tests/test_output.py:36:14: error: Incompatible types in assignment (expression has type "AsyncioTestHelper", variable has type "CurioTestHelper")  [assignment]
(futursolo)sketchbook/tests/test_output.py:38:23: error: Incompatible types in assignment (expression has type "AsyncioSketchContext", variable has type "CurioSketchContext")  [assignment]
(futursolo)sketchbook/tests/test_output.py:89:23: error: Incompatible types in assignment (expression has type "AsyncioSketchContext", variable has type "CurioSketchContext")  [assignment]
Found 21 errors in 9 files (checked 9 source files)

[RRepo](CERT-BDF)Cortex-Analyzers
(CERT-BDF)Cortex-Analyzers/analyzers/DNSDB/dnsdb_query.py:216:23: error: invalid syntax  [syntax]
Found 1 error in 1 file (checked 107 source files)

[RRepo](wagnerpeer)gitexplorer
(wagnerpeer)gitexplorer/gitexplorer/queries/aggregation.py:14:5: error: Need type annotation for 'aggregators' (hint: "aggregators: Dict[<type>, <type>] = ...")  [var-annotated]
Found 1 error in 1 file (checked 7 source files)

[RRepo](MahjongRepository)tenhou-python-bot
(MahjongRepository)tenhou-python-bot/project/game/ai/first_version/strategies/main.py:28:5: error: Need type annotation for 'not_suitable_tiles' (hint: "not_suitable_tiles: List[<type>] = ...")  [var-annotated]
(MahjongRepository)tenhou-python-bot/project/game/player.py:72:35: error: "None" has no attribute "__iter__" (not iterable)  [attr-defined]
(MahjongRepository)tenhou-python-bot/project/game/player.py:77:17: error: "None" has no attribute "remove"  [attr-defined]
(MahjongRepository)tenhou-python-bot/project/game/player.py:79:9: error: "None" has no attribute "append"  [attr-defined]
(MahjongRepository)tenhou-python-bot/project/game/player.py:82:9: error: "None" has no attribute "append"  [attr-defined]
(MahjongRepository)tenhou-python-bot/project/game/player.py:87:23: error: "None" has no attribute "players"  [attr-defined]
(MahjongRepository)tenhou-python-bot/project/game/player.py:92:9: error: Unsupported operand types for + ("None" and "int")  [operator]
(MahjongRepository)tenhou-python-bot/project/game/player.py:283:12: error: Unsupported right operand type for in ("None")  [operator]
(MahjongRepository)tenhou-python-bot/project/game/player.py:284:13: error: "None" has no attribute "append"  [attr-defined]
(MahjongRepository)tenhou-python-bot/project/game/player.py:287:9: error: Need type annotation for 'temporary_safe_tiles' (hint: "temporary_safe_tiles: List[<type>] = ...")  [var-annotated]
(MahjongRepository)tenhou-python-bot/project/game/player.py:293:28: error: "None" has no attribute "get_player"  [attr-defined]
(MahjongRepository)tenhou-python-bot/project/game/player.py:294:17: error: "None" has no attribute "get_player"  [attr-defined]

[RRepo](code4romania)czl-scrape
(code4romania)czl-scrape/scrapy/czlscrape/spiders/dialog.py:5:1: error: Relative import climbs too many namespaces  [misc]
(code4romania)czl-scrape/scrapy/czlscrape/spiders/munca.py:10:1: error: Relative import climbs too many namespaces  [misc]
(code4romania)czl-scrape/scrapy/czlscrape/spiders/munca.py:11:1: error: Relative import climbs too many namespaces  [misc]
(code4romania)czl-scrape/scrapy/czlscrape/spiders/munca.py:12:1: error: Relative import climbs too many namespaces  [misc]
(code4romania)czl-scrape/scrapy/czlscrape/spiders/munca.py:47:1: error: Missing return statement  [return]
(code4romania)czl-scrape/scrapy/czlscrape/spiders/munca.py:47:44: error: Module "datetime" is not valid as a type  [valid-type]
(code4romania)czl-scrape/scrapy/czlscrape/spiders/munca.py:57:1: error: Missing return statement  [return]
(code4romania)czl-scrape/scrapy/czlscrape/spiders/afaceri.py:3:1: error: Relative import climbs too many namespaces  [misc]
(code4romania)czl-scrape/scrapy/czlscrape/spiders/cultura.py:10:1: error: Relative import climbs too many namespaces  [misc]
(code4romania)czl-scrape/scrapy/czlscrape/spiders/cultura.py:11:1: error: Relative import climbs too many namespaces  [misc]
(code4romania)czl-scrape/scrapy/czlscrape/spiders/cultura.py:12:1: error: Relative import climbs too many namespaces  [misc]
(code4romania)czl-scrape/scrapy/czlscrape/spiders/cultura.py:13:1: error: Relative import climbs too many namespaces  [misc]
(code4romania)czl-scrape/scrapy/czlscrape/spiders/cultura.py:108:1: error: Missing return statement  [return]
(code4romania)czl-scrape/scrapy/czlscrape/spiders/cultura.py:108:49: error: Module "datetime" is not valid as a type  [valid-type]
(code4romania)czl-scrape/scrapy/czlscrape/spiders/senat.py:8:1: error: Relative import climbs too many namespaces  [misc]
(code4romania)czl-scrape/scrapy/czlscrape/spiders/senat.py:9:1: error: Relative import climbs too many namespaces  [misc]
(code4romania)czl-scrape/scrapy/czlscrape/utils.py:75:12: error: Incompatible return value type (got "Optional[int]", expected "int")  [return-value]
Found 17 errors in 6 files (checked 29 source files)

[RRepo](stuxcrystal)yuuno
(stuxcrystal)yuuno/yuuno_ipython/ipython/feature.py:22:1: error: Name 'Any' already defined (possibly by an import)  [no-redef]
(stuxcrystal)yuuno/yuuno_ipython/ipython/feature.py:30:18: error: Name 'YuunoIPythonEnvironment' is not defined  [name-defined]
(stuxcrystal)yuuno/yuuno_ipython/ipython/feature.py:30:46: error: Any(...) is no longer supported. Use cast(Any, ...) instead  [misc]
(stuxcrystal)yuuno/yuuno_ipython/ipython/feature.py:30:46: error: "object" not callable  [operator]

[RRepo](Eyra-is)Eyra
(Eyra-is)Eyra/Backend/scripts/eyraDataToTsv.py:104:21: error: Not all arguments converted during string formatting  [str-format]
(Eyra-is)Eyra/Backend/server-interface/qc/scripts/create_wrong_prompts/createBadData.py:37:53: error: Invalid type comment or annotation  [valid-type]
(Eyra-is)Eyra/Backend/server-interface/qc/scripts/create_wrong_prompts/createBadData.py:84:5: error: Need type annotation for 'modifiedPrompts' (hint: "modifiedPrompts: Dict[<type>, <type>] = ...")  [var-annotated]
(Eyra-is)Eyra/Backend/server-interface/qc/scripts/create_wrong_prompts/prepBadData.py:46:9: error: Need type annotation for 'badPrompts' (hint: "badPrompts: Dict[<type>, <type>] = ...")  [var-annotated]
(Eyra-is)Eyra/Backend/server-interface/qc/scripts/create_wrong_prompts/createWrongPrompts.py:44: error: Bracketed expression "[...]" is not valid as a type  [misc]
(Eyra-is)Eyra/Backend/server-interface/qc/scripts/create_wrong_prompts/createWrongPrompts.py:44: note: Did you mean "List[...]"?
(Eyra-is)Eyra/Backend/server-interface/qc/scripts/create_wrong_prompts/createWrongPrompts.py:88:5: error: Need type annotation for 'modifiedPrompts' (hint: "modifiedPrompts: Dict[<type>, <type>] = ...")  [var-annotated]
(Eyra-is)Eyra/Backend/scripts/convert_to_eyra_database/old_eyra_versions/old_eyra_versions_to_eyra.py:63:1: error: Need type annotation for 'idHash' (hint: "idHash: Dict[<type>, <type>] = ...")  [var-annotated]
(Eyra-is)Eyra/Backend/scripts/convert_to_eyra_database/old_eyra_versions/old_eyra_versions_to_eyra.py:287:20: error: Item "None" of "Optional[Match[Any]]" has no attribute "group"  [union-attr]
(Eyra-is)Eyra/Backend/scripts/convert_to_eyra_database/malromur/malromur_to_eyra.py:91:48: error: Syntax error in type annotation  [syntax]
(Eyra-is)Eyra/Backend/scripts/convert_to_eyra_database/malromur/malromur_to_eyra.py:91:48: note: Suggestion: Use Tuple[T1, ..., Tn] instead of (T1, ..., Tn)
(Eyra-is)Eyra/Backend/server-interface/qc/qc_handler.py:158:20: error: Incompatible return value type (got "None", expected "Dict[Any, Any]")  [return-value]
(Eyra-is)Eyra/Backend/server-interface/qc/qc_handler.py:204:35: error: Incompatible types in assignment (expression has type "List[str]", variable has type "Dict[Any, Any]")  [assignment]
(Eyra-is)Eyra/Backend/server-interface/qc/scripts/process_qc_dumps/compareAccs.py:72:21: error: Conversion value must not contain { or }  [str-format]
(Eyra-is)Eyra/Backend/server-interface/qc/scripts/process_qc_dumps/compareAccs.py:74:21: error: Conversion value must not contain { or }  [str-format]
(Eyra-is)Eyra/Backend/server-interface/qc/scripts/process_qc_dumps/compareAccs.py:122:11: error: Not all arguments converted during string formatting  [str-format]
(Eyra-is)Eyra/Backend/server-interface/qc/scripts/process_qc_dumps/compareAccs.py:123:11: error: Not all arguments converted during string formatting  [str-format]
(Eyra-is)Eyra/Backend/server-interface/qc/scripts/process_qc_dumps/compareAccs.py:124:11: error: Not all arguments converted during string formatting  [str-format]
(Eyra-is)Eyra/Backend/server-interface/qc/scripts/process_qc_dumps/compareAccs.py:125:11: error: Not all arguments converted during string formatting  [str-format]
(Eyra-is)Eyra/Backend/server-interface/qc/scripts/process_qc_dumps/compareAccs.py:138:17: error: Conversion value must not contain { or }  [str-format]
(Eyra-is)Eyra/Backend/server-interface/qc/scripts/process_qc_dumps/compareAccs.py:140:17: error: Conversion value must not contain { or }  [str-format]
Found 19 errors in 8 files (checked 30 source files)

[RRepo](HumanBrainProject)neuroglancer-scripts
(HumanBrainProject)neuroglancer-scripts/src/neuroglancer_scripts/file_accessor.py:66:17: error: Not all arguments converted during string formatting  [str-format]
(HumanBrainProject)neuroglancer-scripts/src/neuroglancer_scripts/file_accessor.py:89:17: error: Not all arguments converted during string formatting  [str-format]
Found 2 errors in 1 file (checked 39 source files)

[RRepo](sloria)webargs
(sloria)webargs/tests/apps/falcon_app.py:18:46: error: Argument 2 to "HelloSchema" has incompatible type "**Dict[str, bool]"; expected "Union[Sequence[str], Set[str], None]"  [arg-type]
(sloria)webargs/tests/apps/falcon_app.py:18:46: error: Argument 2 to "HelloSchema" has incompatible type "**Dict[str, bool]"; expected "Union[Sequence[str], Set[str]]"  [arg-type]
(sloria)webargs/tests/apps/falcon_app.py:18:46: error: Argument 2 to "HelloSchema" has incompatible type "**Dict[str, bool]"; expected "Optional[Dict[Any, Any]]"  [arg-type]
(sloria)webargs/tests/apps/falcon_app.py:18:46: error: Argument 2 to "HelloSchema" has incompatible type "**Dict[str, bool]"; expected "Optional[str]"  [arg-type]
(sloria)webargs/tests/apps/django_app/echo/views.py:19:46: error: Argument 2 to "HelloSchema" has incompatible type "**Dict[str, bool]"; expected "Union[Sequence[str], Set[str], None]"  [arg-type]
(sloria)webargs/tests/apps/django_app/echo/views.py:19:46: error: Argument 2 to "HelloSchema" has incompatible type "**Dict[str, bool]"; expected "Union[Sequence[str], Set[str]]"  [arg-type]
(sloria)webargs/tests/apps/django_app/echo/views.py:19:46: error: Argument 2 to "HelloSchema" has incompatible type "**Dict[str, bool]"; expected "Optional[Dict[Any, Any]]"  [arg-type]
(sloria)webargs/tests/apps/django_app/echo/views.py:19:46: error: Argument 2 to "HelloSchema" has incompatible type "**Dict[str, bool]"; expected "Optional[str]"  [arg-type]
(sloria)webargs/tests/apps/bottle_app.py:18:46: error: Argument 2 to "HelloSchema" has incompatible type "**Dict[str, bool]"; expected "Union[Sequence[str], Set[str], None]"  [arg-type]
(sloria)webargs/tests/apps/bottle_app.py:18:46: error: Argument 2 to "HelloSchema" has incompatible type "**Dict[str, bool]"; expected "Union[Sequence[str], Set[str]]"  [arg-type]
(sloria)webargs/tests/apps/bottle_app.py:18:46: error: Argument 2 to "HelloSchema" has incompatible type "**Dict[str, bool]"; expected "Optional[Dict[Any, Any]]"  [arg-type]
(sloria)webargs/tests/apps/bottle_app.py:18:46: error: Argument 2 to "HelloSchema" has incompatible type "**Dict[str, bool]"; expected "Optional[str]"  [arg-type]
(sloria)webargs/tests/apps/pyramid_app.py:20:46: error: Argument 2 to "HelloSchema" has incompatible type "**Dict[str, bool]"; expected "Union[Sequence[str], Set[str], None]"  [arg-type]
(sloria)webargs/tests/apps/pyramid_app.py:20:46: error: Argument 2 to "HelloSchema" has incompatible type "**Dict[str, bool]"; expected "Union[Sequence[str], Set[str]]"  [arg-type]
(sloria)webargs/tests/apps/pyramid_app.py:20:46: error: Argument 2 to "HelloSchema" has incompatible type "**Dict[str, bool]"; expected "Optional[Dict[Any, Any]]"  [arg-type]
(sloria)webargs/tests/apps/pyramid_app.py:20:46: error: Argument 2 to "HelloSchema" has incompatible type "**Dict[str, bool]"; expected "Optional[str]"  [arg-type]

[RRepo](fastogt)fastotv
Success: no issues found in 4 source files

[RRepo](aioworkers)aioworkers-redis
(aioworkers)aioworkers-redis/aioworkers_redis/queue.py:102:23: error: Name 'ZQueue.super' is not defined  [name-defined]
Found 1 error in 1 file (checked 7 source files)

[RRepo](cheevahagadog)barker
(cheevahagadog)barker/app/update_bookmarks.py:30:29: error: Syntax error in type annotation  [syntax]
(cheevahagadog)barker/app/update_bookmarks.py:30:29: note: Suggestion: Use Tuple[T1, ..., Tn] instead of (T1, ..., Tn)
(cheevahagadog)barker/app/create_newsletter.py:23:75: error: Syntax error in type annotation  [syntax]
(cheevahagadog)barker/app/create_newsletter.py:23:75: note: Suggestion: Use Tuple[T1, ..., Tn] instead of (T1, ..., Tn)
(cheevahagadog)barker/app/create_newsletter.py:118:71: error: Syntax error in type annotation  [syntax]
(cheevahagadog)barker/app/create_newsletter.py:118:71: note: Suggestion: Use Tuple[T1, ..., Tn] instead of (T1, ..., Tn)
(cheevahagadog)barker/app/create_newsletter.py:137:52: error: Syntax error in type annotation  [syntax]
(cheevahagadog)barker/app/create_newsletter.py:137:52: note: Suggestion: Use Tuple[T1, ..., Tn] instead of (T1, ..., Tn)
Found 4 errors in 2 files (checked 5 source files)

[RRepo](SilentChaos512)SilentGems
(SilentChaos512)SilentGems/scripts/create_tag_json_files.py:4:18: error: Name 'unicode' is not defined  [name-defined]
(SilentChaos512)SilentGems/scripts/make_block_models.py:8:18: error: Name 'unicode' is not defined  [name-defined]
Found 2 errors in 2 files (checked 8 source files)

[RRepo](missionpinball)mpf
(missionpinball)mpf/mpf/core/logging.py:9:5: error: Module 'logging' has no attribute 'Logger'  [attr-defined]
(missionpinball)mpf/mpf/core/logging.py:28:9: error: Module has no attribute "addLevelName"  [attr-defined]
(missionpinball)mpf/mpf/core/logging.py:29:9: error: Module has no attribute "addLevelName"  [attr-defined]
(missionpinball)mpf/mpf/core/logging.py:30:9: error: Module has no attribute "addLevelName"  [attr-defined]
(missionpinball)mpf/mpf/core/logging.py:31:9: error: Module has no attribute "addLevelName"  [attr-defined]
(missionpinball)mpf/mpf/core/logging.py:52:20: error: Module has no attribute "getLogger"; maybe "Logger"?  [attr-defined]
(missionpinball)mpf/mpf/core/logging.py:53:41: error: "LogMixin" has no attribute "machine"  [attr-defined]
(missionpinball)mpf/mpf/core/case_insensitive_dict.py:9:5: error: Need type annotation for '__slots__' (hint: "__slots__: List[<type>] = ...")  [var-annotated]
(missionpinball)mpf/mpf/core/platform_controller.py:118:71: error: Argument 2 to "_get_configured_driver_no_hold" of "PlatformController" has incompatible type "Optional[PulseRuleSettings]"; expected "PulseRuleSettings"  [arg-type]
(missionpinball)mpf/mpf/core/platform_controller.py:158:73: error: Argument 2 to "_get_configured_driver_with_hold" of "PlatformController" has incompatible type "Optional[PulseRuleSettings]"; expected "PulseRuleSettings"  [arg-type]
(missionpinball)mpf/mpf/core/platform_controller.py:158:88: error: Argument 3 to "_get_configured_driver_with_hold" of "PlatformController" has incompatible type "Optional[HoldRuleSettings]"; expected "HoldRuleSettings"  [arg-type]
(missionpinball)mpf/mpf/core/platform_controller.py:196:71: error: Argument 2 to "_get_configured_driver_no_hold" of "PlatformController" has incompatible type "Optional[PulseRuleSettings]"; expected "PulseRuleSettings"  [arg-type]
(missionpinball)mpf/mpf/core/platform_controller.py:242:82: error: Argument 2 to "_get_configured_driver_with_optional_hold" of "PlatformController" has incompatible type "Optional[PulseRuleSettings]"; expected "PulseRuleSettings"  [arg-type]
(missionpinball)mpf/mpf/core/platform_controller.py:242:97: error: Argument 3 to "_get_configured_driver_with_optional_hold" of "PlatformController" has incompatible type "Optional[HoldRuleSettings]"; expected "HoldRuleSettings"  [arg-type]
(missionpinball)mpf/mpf/platforms/interfaces/dmd_platform.py:9:5: error: Need type annotation for '__slots__' (hint: "__slots__: List[<type>] = ...")  [var-annotated]
(missionpinball)mpf/mpf/platforms/interfaces/servo_platform_interface.py:14:5: error: Need type annotation for '__slots__' (hint: "__slots__: List[<type>] = ...")  [var-annotated]
(missionpinball)mpf/mpf/platforms/interfaces/hardware_sound_platform_interface.py:9:5: error: Need type annotation for '__slots__' (hint: "__slots__: List[<type>] = ...")  [var-annotated]
(missionpinball)mpf/mpf/config_players/flat_config_player.py:11:5: error: Need type annotation for '__slots__' (hint: "__slots__: List[<type>] = ...")  [var-annotated]
(missionpinball)mpf/mpf/config_players/hardware_sound_player.py:16:5: error: Need type annotation for '__slots__' (hint: "__slots__: List[<type>] = ...")  [var-annotated]
(missionpinball)mpf/mpf/config_players/light_player.py:16:5: error: Need type annotation for '__slots__' (hint: "__slots__: List[<type>] = ...")  [var-annotated]
(missionpinball)mpf/mpf/config_players/device_config_player.py:14:5: error: Need type annotation for '__slots__' (hint: "__slots__: List[<type>] = ...")  [var-annotated]
(missionpinball)mpf/mpf/config_players/queue_relay_player.py:13:5: error: Need type annotation for '__slots__' (hint: "__slots__: List[<type>] = ...")  [var-annotated]
(missionpinball)mpf/mpf/config_players/block_event_player.py:11:5: error: Need type annotation for '__slots__' (hint: "__slots__: List[<type>] = ...")  [var-annotated]
(missionpinball)mpf/mpf/devices/kickback.py:15:5: error: Need type annotation for '__slots__' (hint: "__slots__: List[<type>] = ...")  [var-annotated]
(missionpinball)mpf/mpf/devices/shot_profile.py:17:5: error: Need type annotation for '__slots__' (hint: "__slots__: List[<type>] = ...")  [var-annotated]
(missionpinball)mpf/mpf/devices/ball_routing.py:29:31: error: Need type annotation for '_routing_queue'  [var-annotated]
(missionpinball)mpf/mpf/devices/ball_routing.py:31:9: error: Need type annotation for '_handler' (hint: "_handler: List[<type>] = ...")  [var-annotated]
(missionpinball)mpf/mpf/devices/device_mixins.py:13:5: error: Need type annotation for '__slots__' (hint: "__slots__: List[<type>] = ...")  [var-annotated]
(missionpinball)mpf/mpf/modes/tilt/code/tilt.py:23:34: error: Incompatible types in assignment (expression has type "None", variable has type "int")  [assignment]
(missionpinball)mpf/mpf/modes/tilt/code/tilt.py:24:30: error: Incompatible types in assignment (expression has type "None", variable has type "int")  [assignment]
(missionpinball)mpf/mpf/modes/tilt/code/tilt.py:26:36: error: Incompatible types in assignment (expression has type "None", variable has type "Set[Any]")  [assignment]
(missionpinball)mpf/mpf/modes/tilt/code/tilt.py:27:41: error: Incompatible types in assignment (expression has type "None", variable has type "int")  [assignment]
(missionpinball)mpf/mpf/plugins/auditor.py:32:20: error: Module has no attribute "getLogger"; maybe "Logger"?  [attr-defined]
(missionpinball)mpf/mpf/core/file_manager.py:16:11: error: Module has no attribute "getLogger"; maybe "Logger"?  [attr-defined]
(missionpinball)mpf/mpf/core/machine_vars.py:24:9: error: Need type annotation for 'machine_vars' (hint: "machine_vars: Dict[<type>, <type>] = ...")  [var-annotated]
(missionpinball)mpf/mpf/core/config_processor.py:51:24: error: Incompatible return value type (got "Tuple[None, None]", expected "Tuple[Any, List[str]]")  [return-value]
(missionpinball)mpf/mpf/core/config_processor.py:54:20: error: Incompatible return value type (got "Tuple[None, None]", expected "Tuple[Any, List[str]]")  [return-value]
(missionpinball)mpf/mpf/core/config_processor.py:93:28: error: Incompatible types in assignment (expression has type "None", variable has type "List[str]")  [assignment]
(missionpinball)mpf/mpf/platforms/fast/fast_switch.py:22:20: error: Module has no attribute "getLogger"; maybe "Logger"?  [attr-defined]
(missionpinball)mpf/mpf/platforms/fast/fast_gi.py:17:20: error: Module has no attribute "getLogger"; maybe "Logger"?  [attr-defined]
(missionpinball)mpf/mpf/platforms/fast/fast_light.py:18:20: error: Module has no attribute "getLogger"; maybe "Logger"?  [attr-defined]
(missionpinball)mpf/mpf/platforms/fast/fast_driver.py:25:20: error: Module has no attribute "getLogger"; maybe "Logger"?  [attr-defined]
(missionpinball)mpf/mpf/platforms/fast/fast_driver.py:26:25: error: Incompatible types in assignment (expression has type "None", variable has type "Tuple[str, Dict[str, float]]")  [assignment]
(missionpinball)mpf/mpf/platforms/fast/fast_driver.py:28:29: error: Incompatible types in assignment (expression has type "None", variable has type "Tuple[float, float, float]")  [assignment]
(missionpinball)mpf/mpf/platforms/fast/fast_led.py:23:20: error: Module has no attribute "getLogger"; maybe "Logger"?  [attr-defined]
(missionpinball)mpf/mpf/config_players/coil_player.py:16:5: error: Need type annotation for '__slots__' (hint: "__slots__: List[<type>] = ...")  [var-annotated]
(missionpinball)mpf/mpf/config_players/queue_event_player.py:13:5: error: Need type annotation for '__slots__' (hint: "__slots__: List[<type>] = ...")  [var-annotated]
(missionpinball)mpf/mpf/config_players/score_queue_player.py:15:5: error: Need type annotation for '__slots__' (hint: "__slots__: List[<type>] = ...")  [var-annotated]
(missionpinball)mpf/mpf/commands/logging_formatters.py:24:21: error: Name 'logging.Formatter' is not defined  [name-defined]
(missionpinball)mpf/mpf/file_interfaces/yaml_interface.py:202:54: error: Item "None" of "Optional[Any]" has no attribute "line"  [union-attr]
(missionpinball)mpf/mpf/file_interfaces/yaml_interface.py:202:69: error: Item "None" of "Optional[Any]" has no attribute "column"  [union-attr]
(missionpinball)mpf/mpf/file_interfaces/yaml_interface.py:229:31: error: Argument 1 to "write" of "IO" has incompatible type "Optional[str]"; expected "str"  [arg-type]
(missionpinball)mpf/mpf/core/light_controller.py:34:37: error: Incompatible types in assignment (expression has type "None", variable has type "Task[Any]")  [assignment]
(missionpinball)mpf/mpf/core/platform_batch_light_system.py:29:26: error: Incompatible types in assignment (expression has type "Callable[[int], Tuple[float, int]]", variable has type "None")  [assignment]
(missionpinball)mpf/mpf/core/system_wide_device.py:12:5: error: Need type annotation for '__slots__' (hint: "__slots__: List[<type>] = ...")  [var-annotated]
(missionpinball)mpf/mpf/core/enable_disable_mixin.py:26:25: error: Incompatible types in assignment (expression has type "None", variable has type "bool")  [assignment]
(missionpinball)mpf/mpf/core/enable_disable_mixin.py:129:25: error: Incompatible types in assignment (expression has type "None", variable has type "bool")  [assignment]
(missionpinball)mpf/mpf/core/enable_disable_mixin.py:131: error: The return type of a generator function should be "Generator" or one of its supertypes  [misc]
(missionpinball)mpf/mpf/core/device.py:48:22: error: Incompatible types in assignment (expression has type "None", variable has type "str")  [assignment]
(missionpinball)mpf/mpf/core/async_mode.py:23:22: error: Incompatible types in assignment (expression has type "None", variable has type "Task[Any]")  [assignment]
(missionpinball)mpf/mpf/core/ball_controller.py:47:36: error: Incompatible types in assignment (expression has type "None", variable has type "Task[Any]")  [assignment]
(missionpinball)mpf/mpf/core/ball_controller.py:70:40: error: Incompatible types in assignment (expression has type "None", variable has type "Task[Any]")  [assignment]
(missionpinball)mpf/mpf/platforms/pololu/pololu_tic.py:34: error: The return type of a generator function should be "Generator" or one of its supertypes  [misc]
(missionpinball)mpf/mpf/platforms/pololu/pololu_tic.py:172: error: The return type of a generator function should be "Generator" or one of its supertypes  [misc]
(missionpinball)mpf/mpf/platforms/opp/opp_serial_communicator.py:27:29: error: Incompatible types in assignment (expression has type "None", variable has type "str")  [assignment]
(missionpinball)mpf/mpf/platforms/interfaces/stepper_platform_interface.py:18:5: error: Need type annotation for '__slots__' (hint: "__slots__: List[<type>] = ...")  [var-annotated]
(missionpinball)mpf/mpf/platforms/interfaces/light_platform_interface.py:45:21: error: Incompatible types in assignment (expression has type "None", variable has type "Task[Any]")  [assignment]
(missionpinball)mpf/mpf/platforms/openpixel.py:35:20: error: Module has no attribute "getLogger"; maybe "Logger"?  [attr-defined]
(missionpinball)mpf/mpf/platforms/openpixel.py:37:27: error: Incompatible types in assignment (expression has type "None", variable has type "OpenPixelClient")  [assignment]
(missionpinball)mpf/mpf/platforms/step_stick.py:123:33: error: Incompatible types in assignment (expression has type "bool", variable has type "str")  [assignment]
(missionpinball)mpf/mpf/platforms/i2c_servo_controller.py:62:27: error: Incompatible types in assignment (expression has type "int", variable has type "str")  [assignment]
(missionpinball)mpf/mpf/platforms/spi_bit_bang.py:13:5: error: Need type annotation for '__slots__' (hint: "__slots__: List[<type>] = ...")  [var-annotated]
(missionpinball)mpf/mpf/platforms/base_serial_communicator.py:33:23: error: Incompatible types in assignment (expression has type "None", variable has type "StreamReader")  [assignment]
(missionpinball)mpf/mpf/platforms/base_serial_communicator.py:34:23: error: Incompatible types in assignment (expression has type "None", variable has type "StreamWriter")  [assignment]
(missionpinball)mpf/mpf/platforms/base_serial_communicator.py:35:26: error: Incompatible types in assignment (expression has type "None", variable has type "Generator[int, None, None]")  [assignment]
(missionpinball)mpf/mpf/platforms/fadecandy.py:20:5: error: Need type annotation for '__slots__' (hint: "__slots__: List[<type>] = ...")  [var-annotated]
(missionpinball)mpf/mpf/platforms/fadecandy.py:30:20: error: Module has no attribute "getLogger"; maybe "Logger"?  [attr-defined]
(missionpinball)mpf/mpf/devices/ball_device/event_ejector.py:11:5: error: Need type annotation for '__slots__' (hint: "__slots__: List[<type>] = ...")  [var-annotated]
(missionpinball)mpf/mpf/devices/ball_device/physical_ball_counter.py:146:5: error: Need type annotation for '__slots__' (hint: "__slots__: List[<type>] = ...")  [var-annotated]
(missionpinball)mpf/mpf/devices/ball_device/physical_ball_counter.py:153:5: error: Need type annotation for '__slots__' (hint: "__slots__: List[<type>] = ...")  [var-annotated]
(missionpinball)mpf/mpf/devices/ball_device/physical_ball_counter.py:160:5: error: Need type annotation for '__slots__' (hint: "__slots__: List[<type>] = ...")  [var-annotated]
(missionpinball)mpf/mpf/devices/ball_device/physical_ball_counter.py:167:5: error: Need type annotation for '__slots__' (hint: "__slots__: List[<type>] = ...")  [var-annotated]
(missionpinball)mpf/mpf/devices/ball_device/physical_ball_counter.py:174:5: error: Need type annotation for '__slots__' (hint: "__slots__: List[<type>] = ...")  [var-annotated]
(missionpinball)mpf/mpf/devices/ball_device/physical_ball_counter.py:184:5: error: Need type annotation for '__slots__' (hint: "__slots__: List[<type>] = ...")  [var-annotated]
(missionpinball)mpf/mpf/devices/ball_device/physical_ball_counter.py:200:28: error: Incompatible types in assignment (expression has type "None", variable has type "int")  [assignment]
(missionpinball)mpf/mpf/devices/ball_device/pulse_coil_ejector.py:12:5: error: Need type annotation for '__slots__' (hint: "__slots__: List[<type>] = ...")  [var-annotated]
(missionpinball)mpf/mpf/devices/segment_display.py:70:21: error: Incompatible types in assignment (expression has type "None", variable has type "str")  [assignment]
(missionpinball)mpf/mpf/devices/switch.py:49:32: error: Need type annotation for '_events_to_post'  [var-annotated]
(missionpinball)mpf/mpf/devices/light_group.py:92:5: error: Need type annotation for '__slots__' (hint: "__slots__: List[<type>] = ...")  [var-annotated]
(missionpinball)mpf/mpf/devices/light_group.py:116:5: error: Need type annotation for '__slots__' (hint: "__slots__: List[<type>] = ...")  [var-annotated]
(missionpinball)mpf/mpf/devices/ball_save.py:32:32: error: Incompatible types in assignment (expression has type "None", variable has type "bool")  [assignment]
(missionpinball)mpf/mpf/devices/ball_save.py:44: error: The return type of a generator function should be "Generator" or one of its supertypes  [misc]
(missionpinball)mpf/mpf/devices/digital_output.py:35:21: error: Incompatible types in assignment (expression has type "None", variable has type "str")  [assignment]
(missionpinball)mpf/mpf/devices/accelerometer.py:39:24: error: Incompatible types in assignment (expression has type "None", variable has type "Tuple[float, float, float]")  [assignment]
(missionpinball)mpf/mpf/devices/accelerometer.py:40:22: error: Incompatible types in assignment (expression has type "None", variable has type "Tuple[float, float, float]")  [assignment]
(missionpinball)mpf/mpf/modes/match/code/match.py:19:5: error: Need type annotation for '__slots__' (hint: "__slots__: List[<type>] = ...")  [var-annotated]
(missionpinball)mpf/tools/afl_fuzz.py:264:5: error: Module has no attribute "basicConfig"  [attr-defined]
(missionpinball)mpf/tools/afl_fuzz.py:264:31: error: Module has no attribute "DEBUG"  [attr-defined]
(missionpinball)mpf/tools/afl_fuzz.py:267:5: error: Module has no attribute "basicConfig"  [attr-defined]
Found 99 errors in 59 files (checked 297 source files)

[RRepo](chmeldax)microservice_example
Success: no issues found in 7 source files

[RRepo](yotam180)xAI
(yotam180)xAI/nlib/python_demo/example_img.py:18:39: error: invalid syntax  [syntax]
Found 1 error in 1 file (checked 22 source files)

[RRepo](ICL-SML)Doubly-Stochastic-DGP
(ICL-SML)Doubly-Stochastic-DGP/demos/datasets.py:86:1: error: Need type annotation for 'datasets' (hint: "datasets: List[<type>] = ...")  [var-annotated]
Found 1 error in 1 file (checked 10 source files)

[RRepo](ThatIndividual)midas
(ThatIndividual)midas/src/interpreter.py:78:28: error: Module "expression" is not valid as a type  [valid-type]
(ThatIndividual)midas/src/interpreter.py:81:46: error: Module "expression" is not valid as a type  [valid-type]
(ThatIndividual)midas/src/interpreter.py:116:9: error: Incompatible types in assignment (expression has type "Stm", variable has type "Block")  [assignment]
(ThatIndividual)midas/src/resolver.py:19:9: error: Need type annotation for 'scopes' (hint: "scopes: List[<type>] = ...")  [var-annotated]
(ThatIndividual)midas/src/resolver.py:76:9: error: Incompatible types in assignment (expression has type "Stm", variable has type "Block")  [assignment]
(ThatIndividual)midas/src/resolver.py:106:27: error: Argument 1 to "resolveLocal" of "Resolver" has incompatible type "Assign"; expected "Ident"  [arg-type]
(ThatIndividual)midas/src/resolver.py:113:46: error: Not all arguments converted during string formatting  [str-format]
Found 7 errors in 2 files (checked 6 source files)

[RRepo](ArnaudPel)CamKifu
(ArnaudPel)CamKifu/test/objects/controllerv_test.py:50:5: error: Need type annotation for 'ignored_instruct' (hint: "ignored_instruct: Set[<type>] = ...")  [var-annotated]
(ArnaudPel)CamKifu/src/camkifu/core/exceptions.py:41:35: error: Name 'iterable' is not defined  [name-defined]
(ArnaudPel)CamKifu/src/camkifu/core/exceptions.py:41:35: note: Did you forget to import it from "typing"? (Suggestion: "from typing import Iterable")
(ArnaudPel)CamKifu/src/camkifu/board/bf_manual.py:11:25: error: Name 'board.BoardFinder' is not defined  [name-defined]
(ArnaudPel)CamKifu/test/camkifu/nn_dev.py:153:22: error: Incompatible types in assignment (expression has type "Tuple[str, str, str]", variable has type "str")  [assignment]
(ArnaudPel)CamKifu/test/objects/sf_dummy.py:6:19: error: Name 'camkifu.stone.StonesFinder' is not defined  [name-defined]
(ArnaudPel)CamKifu/src/camkifu/stone/sf_tuto.py:10:24: error: Name 'camkifu.stone.StonesFinder' is not defined  [name-defined]
(ArnaudPel)CamKifu/src/camkifu/stone/sf_neural.py:7:1: error: Module 'camkifu.stone' has no attribute 'StonesFinder'  [attr-defined]
(ArnaudPel)CamKifu/src/camkifu/stone/sf_neural.py:215:24: error: Incompatible types in assignment (expression has type "float", variable has type "int")  [assignment]
(ArnaudPel)CamKifu/src/camkifu/stone/sf_clustering.py:8:20: error: Name 'camkifu.stone.StonesFinder' is not defined  [name-defined]
(ArnaudPel)CamKifu/src/camkifu/stone/sf_clustering.py:77:83: error: Syntax error in type annotation  [syntax]
(ArnaudPel)CamKifu/src/camkifu/stone/sf_clustering.py:77:83: note: Suggestion: Use Tuple[T1, ..., Tn] instead of (T1, ..., Tn)

[RRepo](ultmaster)eoj3
(ultmaster)eoj3/dispatcher/utils.py: error: Duplicate module named 'utils' (also at '/home/bew/archive/typed_project/(ultmaster)eoj3/utils/__init__.py')  [misc]
Found 1 error in 1 file (checked 76 source files)

[RRepo](Transkribus)TranskribusDU
(Transkribus)TranskribusDU/TranskribusDU/tasks/make_exp.py:67:29: error: Missing parentheses in call to 'print'. Did you mean print(model_file)?  [syntax]
Found 1 error in 1 file (checked 171 source files)

[RRepo](chuckus)chromewhip
(chuckus)chromewhip/chromewhip/helpers.py:49:5: error: Need type annotation for 'hashable' (hint: "hashable: List[<type>] = ...")  [var-annotated]
(chuckus)chromewhip/chromewhip/helpers.py:77:16: error: Incompatible return value type (got "None", expected "BaseEvent")  [return-value]
(chuckus)chromewhip/chromewhip/helpers.py:80:16: error: Incompatible return value type (got "None", expected "BaseEvent")  [return-value]
(chuckus)chromewhip/chromewhip/protocol/io.py:76: error: Name 'Runtime' is not defined  [name-defined]

[RRepo](ufal)neuralmonkey
(ufal)neuralmonkey/neuralmonkey/trainers/multitask_trainer.py:44:9: error: Need type annotation for 'fetches' (hint: "fetches: Dict[<type>, <type>] = ...")  [var-annotated]
(ufal)neuralmonkey/neuralmonkey/encoders/imagenet_encoder.py:238:16: error: Cannot determine type of '_saver'  [has-type]
(ufal)neuralmonkey/neuralmonkey/encoders/sentence_cnn_encoder.py:164:9: error: Tuple type expected for multiple variables  [misc]
(ufal)neuralmonkey/neuralmonkey/evaluators/mse.py:21:16: error: Argument 2 for "super" not an instance of argument 1  [misc]
(ufal)neuralmonkey/neuralmonkey/evaluators/mse.py:41:16: error: Argument 2 for "super" not an instance of argument 1  [misc]
(ufal)neuralmonkey/neuralmonkey/evaluators/rouge.py:23:22: error: Module has no attribute "Rouge"; maybe "rouge"?  [attr-defined]
(ufal)neuralmonkey/neuralmonkey/evaluators/wer.py:33:16: error: Argument 2 for "super" not an instance of argument 1  [misc]
(ufal)neuralmonkey/neuralmonkey/evaluators/sacrebleu.py:3:1: error: Module 'sacrebleu' has no attribute 'corpus_bleu'  [attr-defined]
(ufal)neuralmonkey/neuralmonkey/evaluators/sacrebleu.py:3:1: error: Module 'sacrebleu' has no attribute 'TOKENIZERS'  [attr-defined]
(ufal)neuralmonkey/neuralmonkey/evaluators/ter.py:23:16: error: Argument 2 for "super" not an instance of argument 1  [misc]
(ufal)neuralmonkey/neuralmonkey/tf_manager.py:297:5: error: Need type annotation for 'res' (hint: "res: Dict[<type>, <type>] = ...")  [var-annotated]
(ufal)neuralmonkey/docs/source/conf.py:83:1: error: Need type annotation for 'exclude_patterns' (hint: "exclude_patterns: List[<type>] = ...")  [var-annotated]
(ufal)neuralmonkey/docs/source/conf.py:214:1: error: Need type annotation for 'latex_elements' (hint: "latex_elements: Dict[<type>, <type>] = ...")  [var-annotated]
(ufal)neuralmonkey/neuralmonkey/evaluators/edit_distance.py:28:16: error: Argument 2 for "super" not an instance of argument 1  [misc]
(ufal)neuralmonkey/lib/subword_nmt/chrF.py:21:1: error: Module has no attribute "open"  [attr-defined]
(ufal)neuralmonkey/lib/subword_nmt/segment-char-ngrams.py:13:1: error: Module has no attribute "open"  [attr-defined]
(ufal)neuralmonkey/lib/subword_nmt/segment-char-ngrams.py:57:13: error: Incompatible types in assignment (expression has type "Dict[Any, int]", variable has type "List[Any]")  [assignment]
(ufal)neuralmonkey/scripts/tokenize_data.py:28:17: error: Incompatible types in assignment (expression has type "StreamReader", variable has type "TextIO")  [assignment]
(ufal)neuralmonkey/scripts/tokenize_data.py:28:43: error: Argument 1 to "__call__" of "_StreamReader" has incompatible type "TextIO"; expected "IO[bytes]"  [arg-type]
(ufal)neuralmonkey/scripts/tokenize_data.py:29:18: error: Incompatible types in assignment (expression has type "StreamWriter", variable has type "TextIO")  [assignment]
(ufal)neuralmonkey/scripts/tokenize_data.py:29:44: error: Argument 1 to "__call__" of "_StreamWriter" has incompatible type "TextIO"; expected "IO[bytes]"  [arg-type]
(ufal)neuralmonkey/scripts/tokenize_data.py:30:18: error: Incompatible types in assignment (expression has type "StreamWriter", variable has type "TextIO")  [assignment]
(ufal)neuralmonkey/scripts/tokenize_data.py:30:44: error: Argument 1 to "__call__" of "_StreamWriter" has incompatible type "TextIO"; expected "IO[bytes]"  [arg-type]
(ufal)neuralmonkey/scripts/speech_features.py:23:17: error: Incompatible types in assignment (expression has type "float", variable has type "str")  [assignment]
(ufal)neuralmonkey/scripts/speech_features.py:24:17: error: Incompatible types in assignment (expression has type "int", variable has type "str")  [assignment]
(ufal)neuralmonkey/scripts/preprocess_bert.py:77:20: error: Incompatible types in assignment (expression has type "List[str]", variable has type "str")  [assignment]
(ufal)neuralmonkey/lib/subword_nmt/learn_bpe.py:25:1: error: Module has no attribute "open"  [attr-defined]
Found 27 errors in 17 files (checked 143 source files)

[RRepo](allejok96)jw-scripts
Success: no issues found in 2 source files

[RRepo](adminq80)Interactive_estimation
Success: no issues found in 22 source files

[RRepo](dmulholland)ivy
(dmulholland)ivy/ivy/site.py:123:23: error: Argument 1 to "join" has incompatible type "Optional[str]"; expected "Union[str, _PathLike[str]]"  [arg-type]
(dmulholland)ivy/ivy/site.py:124:25: error: Argument 1 to "join" has incompatible type "Optional[str]"; expected "Union[str, _PathLike[str]]"  [arg-type]
(dmulholland)ivy/ivy/loader.py:15:15: error: Need type annotation for 'meta' (hint: "meta: Dict[<type>, <type>] = ...")  [var-annotated]
(dmulholland)ivy/ivy/hashes.py:24:11: error: Need type annotation for '_hashes'  [var-annotated]
(dmulholland)ivy/ivy/hashes.py:32:32: error: Incompatible types in assignment (expression has type "str", target has type "Dict[Any, Any]")  [assignment]
(dmulholland)ivy/ivy/hashes.py:33:12: error: Incompatible return value type (got "Dict[Any, Any]", expected "str")  [return-value]
(dmulholland)ivy/ivy/nodes.py:78:20: error: Incompatible types in assignment (expression has type "Optional[Node]", variable has type "Node")  [assignment]
(dmulholland)ivy/ivy/nodes.py:127:28: error: Function "ivy.nodes.Node.str" is not valid as a type  [valid-type]
(dmulholland)ivy/ivy/nodes.py:127:28: note: Perhaps you need "Callable[...]" or a callback protocol?
(dmulholland)ivy/ivy/nodes.py:137:22: error: Function "ivy.nodes.Node.str" is not valid as a type  [valid-type]
(dmulholland)ivy/ivy/nodes.py:137:22: note: Perhaps you need "Callable[...]" or a callback protocol?
(dmulholland)ivy/ivy/ext/ivy_jinja.py:11:14: error: Incompatible types in assignment (expression has type "None", variable has type Module)  [assignment]
(dmulholland)ivy/ivy/ext/ivy_yaml.py:18:12: error: Incompatible types in assignment (expression has type "None", variable has type Module)  [assignment]
Found 11 errors in 6 files (checked 13 source files)

[RRepo](andrealani)COOLFluiD
(andrealani)COOLFluiD/tools/scripts/deprecated/check-testcases.py:185:35: error: Missing parentheses in call to 'print'. Did you mean print("\nOutput written to file: "+CHECKLOG)?  [syntax]
Found 1 error in 1 file (checked 4 source files)

[RRepo](Petr-By)qtpyvis
(Petr-By)qtpyvis/datasources/array.py:1:1: error: No parent module -- cannot perform relative import  [misc]
Found 1 error in 1 file (checked 50 source files)

[RRepo](idlesign)steampak
(idlesign)steampak/docs/source/conf.py:26:1: error: Need type annotation for 'MODULES_TO_MOCK' (hint: "MODULES_TO_MOCK: List[<type>] = ...")  [var-annotated]
(idlesign)steampak/docs/source/conf.py:33:9: error: Need type annotation for '__all__' (hint: "__all__: List[<type>] = ...")  [var-annotated]
(idlesign)steampak/docs/source/conf.py:56:33: error: Incompatible types in assignment (expression has type "ModuleMock", target has type Module)  [assignment]
(idlesign)steampak/steampak/webapi/exceptions.py:1:1: error: Relative import climbs too many namespaces  [misc]
(idlesign)steampak/steampak/libsteam/resources/friends.py:81:24: error: Incompatible types in assignment (expression has type "None", variable has type "FriendTags")  [assignment]
(idlesign)steampak/steampak/libsteam/resources/base.py:4:1: error: Relative import climbs too many namespaces  [misc]
(idlesign)steampak/steampak/libsteam/resources/base.py:20:5: error: Need type annotation for 'aliases' (hint: "aliases: Dict[<type>, <type>] = ...")  [var-annotated]
(idlesign)steampak/steampak/webapi/resources/market.py:4:1: error: Relative import climbs too many namespaces  [misc]
(idlesign)steampak/steampak/webapi/resources/market.py:5:1: error: Relative import climbs too many namespaces  [misc]
(idlesign)steampak/steampak/libsteam/resources/apps.py:293:36: error: Incompatible types in assignment (expression has type "None", variable has type "CurrentApplicationDlcs")  [assignment]
(idlesign)steampak/steampak/libsteam/resources/apps.py:433:40: error: Incompatible types in assignment (expression has type "None", variable has type "InstalledApplications")  [assignment]
(idlesign)steampak/steampak/libsteam/resources/apps.py:443:35: error: Incompatible types in assignment (expression has type "None", variable has type "CurrentApplication")  [assignment]
Found 12 errors in 6 files (checked 15 source files)

[RRepo](xorpd)fcatalog_server
(xorpd)fcatalog_server/fcatalog/fcatalog/tests/psign.py:5:1: error: Relative import climbs too many namespaces  [misc]
(xorpd)fcatalog_server/fcatalog/fcatalog/tests/psign.py:6:1: error: Relative import climbs too many namespaces  [misc]
(xorpd)fcatalog_server/fcatalog/fcatalog/tests/proto/test_msg_from_frame.py:194:13: error: Return value expected  [return-value]
(xorpd)fcatalog_server/fcatalog/fcatalog/tests/proto/test_msg_from_frame.py:199:20: error: Incompatible return value type (got "bytes", expected "AwaitableGenerator[Any, Any, Any, bytes]")  [return-value]
(xorpd)fcatalog_server/fcatalog/fcatalog/tests/asyncio_util.py:37: error: The return type of a generator function should be "Generator" or one of its supertypes  [misc]
(xorpd)fcatalog_server/fcatalog/fcatalog/proto/serializer.py:67:5: error: Need type annotation for 'afields' (hint: "afields: List[<type>] = ...")  [var-annotated]
(xorpd)fcatalog_server/fcatalog/fcatalog/proto/serializer.py:97:5: error: Need type annotation for 'outgoing_msgs' (hint: "outgoing_msgs: Dict[<type>, <type>] = ...")  [var-annotated]
(xorpd)fcatalog_server/fcatalog/fcatalog/proto/serializer.py:98:5: error: Need type annotation for 'incoming_msgs' (hint: "incoming_msgs: Dict[<type>, <type>] = ...")  [var-annotated]
(xorpd)fcatalog_server/fcatalog/fcatalog/proto/serializer.py:276:16: error: Incompatible return value type (got "Tuple[Any, str]", expected "str")  [return-value]
(xorpd)fcatalog_server/fcatalog/fcatalog/proto/serializer.py:301:12: error: Incompatible return value type (got "Tuple[Any, bytes]", expected "bytes")  [return-value]
(xorpd)fcatalog_server/fcatalog/fcatalog/proto/serializer.py:319:12: error: Incompatible return value type (got "Tuple[int, Any]", expected "int")  [return-value]
Found 11 errors in 4 files (checked 17 source files)

[RRepo](ahawker)ulid
(ahawker)ulid/tests/test_base32.py:9:1: error: Module 'ulid' has no attribute 'base32'  [attr-defined]
(ahawker)ulid/ulid/ulid.py:10:1: error: Module 'ulid' has no attribute 'base32'  [attr-defined]
(ahawker)ulid/ulid/ulid.py:10:1: error: Module 'ulid' has no attribute 'hints'  [attr-defined]
(ahawker)ulid/ulid/api.py:13:1: error: Module 'ulid' has no attribute 'base32'  [attr-defined]
(ahawker)ulid/ulid/api.py:13:1: error: Module 'ulid' has no attribute 'hints'  [attr-defined]
(ahawker)ulid/tests/conftest.py:14:1: error: Module 'ulid' has no attribute 'base32'  [attr-defined]
(ahawker)ulid/tests/test_ulid.py:14:1: error: Module 'ulid' has no attribute 'base32'  [attr-defined]
Found 7 errors in 5 files (checked 7 source files)

[RRepo](relekang)python-semantic-release
(relekang)python-semantic-release/semantic_release/history/parser_tag.py:41:70: error: Not all arguments converted during string formatting  [str-format]
(relekang)python-semantic-release/semantic_release/history/parser_tag.py:47:70: error: Not all arguments converted during string formatting  [str-format]
(relekang)python-semantic-release/setup.py:15:15: error: Item "None" of "Optional[Match[str]]" has no attribute "group"  [union-attr]
Found 3 errors in 2 files (checked 24 source files)

[RRepo](isudox)leetcode-solution
(isudox)leetcode-solution/algorithms/python-solution/solution/binary_tree_inorder_traversal.py:34:9: error: Need type annotation for 'stack' (hint: "stack: List[<type>] = ...")  [var-annotated]
(isudox)leetcode-solution/algorithms/python-solution/solution/binary_tree_inorder_traversal.py:53:9: error: Need type annotation for 'ans' (hint: "ans: List[<type>] = ...")  [var-annotated]
(isudox)leetcode-solution/algorithms/python-solution/solution/n_repeated_element_in_size_2n_array.py:36:5: error: Missing return statement  [return]
(isudox)leetcode-solution/algorithms/python-solution/solution/n_repeated_element_in_size_2n_array.py:39:9: error: Need type annotation for 'd' (hint: "d: Dict[<type>, <type>] = ...")  [var-annotated]
(isudox)leetcode-solution/algorithms/python-solution/solution/n_repeated_element_in_size_2n_array.py:49:5: error: Missing return statement  [return]
(isudox)leetcode-solution/algorithms/python-solution/solution/n_repeated_element_in_size_2n_array.py:55:5: error: Missing return statement  [return]
(isudox)leetcode-solution/algorithms/python-solution/solution/triples_with_bitwise_and_equal_to_zero.py:41:14: error: Need type annotation for 'di'  [var-annotated]
(isudox)leetcode-solution/algorithms/python-solution/solution/binary_tree_postorder_traversal.py:33:9: error: Need type annotation for 'ans' (hint: "ans: List[<type>] = ...")  [var-annotated]
(isudox)leetcode-solution/algorithms/python-solution/solution/custom_sort_string.py:43:9: error: Need type annotation for 'di' (hint: "di: Dict[<type>, <type>] = ...")  [var-annotated]
(isudox)leetcode-solution/algorithms/python-solution/solution/spiral_matrix.py:40:13: error: No overload variant of "__setitem__" of "list" matches argument types "int", "None"  [call-overload]
(isudox)leetcode-solution/algorithms/python-solution/solution/spiral_matrix.py:40:13: note: Possible overload variants:
(isudox)leetcode-solution/algorithms/python-solution/solution/spiral_matrix.py:40:13: note:     def __setitem__(self, int, int) -> None
(isudox)leetcode-solution/algorithms/python-solution/solution/spiral_matrix.py:40:13: note:     def __setitem__(self, slice, Iterable[int]) -> None
(isudox)leetcode-solution/algorithms/python-solution/solution/group_anagrams.py:29:9: error: Need type annotation for 'checked' (hint: "checked: Dict[<type>, <type>] = ...")  [var-annotated]
(isudox)leetcode-solution/algorithms/python-solution/solution/trapping_rain_water.py:27:9: error: Need type annotation for 'stack' (hint: "stack: List[<type>] = ...")  [var-annotated]
(isudox)leetcode-solution/algorithms/python-solution/solution/minimum_window_substring.py:32:9: error: Need type annotation for 'store' (hint: "store: Dict[<type>, <type>] = ...")  [var-annotated]
(isudox)leetcode-solution/algorithms/python-solution/solution/permutations_ii.py:38:17: error: Need type annotation for 'used' (hint: "used: List[<type>] = ...")  [var-annotated]
(isudox)leetcode-solution/algorithms/python-solution/solution/permutations_ii.py:51:9: error: Need type annotation for 'ans' (hint: "ans: List[<type>] = ...")  [var-annotated]
(isudox)leetcode-solution/algorithms/python-solution/solution/single_number.py:28:5: error: Missing return statement  [return]
(isudox)leetcode-solution/algorithms/python-solution/solution/least_operators_to_express_number.py:65:49: error: Argument 2 to "least_ops_express_target" of "Solution" has incompatible type "float"; expected "int"  [arg-type]
Found 17 errors in 12 files (checked 89 source files)

[RRepo](ybotkiller)ybotkiller
(ybotkiller)ybotkiller/flask_detector/server.py:17:16: error: Missing parentheses in call to 'print'. Did you mean print(e)?  [syntax]
Found 1 error in 1 file (checked 18 source files)

[RRepo](dvhbru)dvhb-hybrid
(dvhbru)dvhb-hybrid/dvhb_hybrid/files/amodels.py:9:1: error: No parent module -- cannot perform relative import  [misc]
Found 1 error in 1 file (checked 50 source files)

[RRepo](jason-neal)eniric
(jason-neal)eniric/eniric/_config.py:8:1: error: Module 'eniric' has no attribute 'DEFAULT_CONFIG_FILE'  [attr-defined]
(jason-neal)eniric/eniric/broaden.py:18:1: error: Module 'eniric' has no attribute 'config'  [attr-defined]

[RRepo](bcb)jsonrpcclient
(bcb)jsonrpcclient/jsonrpcclient/clients/zeromq_client.py:10:1: error: Relative import climbs too many namespaces  [misc]
(bcb)jsonrpcclient/jsonrpcclient/clients/zeromq_client.py:11:1: error: Relative import climbs too many namespaces  [misc]
(bcb)jsonrpcclient/doc/conf.py:157:17: error: Need type annotation for 'html_sidebars'  [var-annotated]
(bcb)jsonrpcclient/doc/conf.py:195:1: error: Need type annotation for 'latex_elements' (hint: "latex_elements: Dict[<type>, <type>] = ...")  [var-annotated]
(bcb)jsonrpcclient/jsonrpcclient/clients/socket_client.py:7:1: error: Relative import climbs too many namespaces  [misc]
(bcb)jsonrpcclient/jsonrpcclient/clients/socket_client.py:8:1: error: Relative import climbs too many namespaces  [misc]
(bcb)jsonrpcclient/jsonrpcclient/clients/http_client.py:15:1: error: Relative import climbs too many namespaces  [misc]
(bcb)jsonrpcclient/jsonrpcclient/clients/http_client.py:16:1: error: Relative import climbs too many namespaces  [misc]
(bcb)jsonrpcclient/jsonrpcclient/clients/http_client.py:17:1: error: Relative import climbs too many namespaces  [misc]
(bcb)jsonrpcclient/jsonrpcclient/clients/websockets_client.py:10:1: error: Relative import climbs too many namespaces  [misc]
(bcb)jsonrpcclient/jsonrpcclient/clients/websockets_client.py:11:1: error: Relative import climbs too many namespaces  [misc]
(bcb)jsonrpcclient/jsonrpcclient/clients/http_client.py:15:1: error: Relative import climbs too many namespaces  [misc]
(bcb)jsonrpcclient/jsonrpcclient/clients/http_client.py:16:1: error: Relative import climbs too many namespaces  [misc]
(bcb)jsonrpcclient/jsonrpcclient/clients/http_client.py:17:1: error: Relative import climbs too many namespaces  [misc]
(bcb)jsonrpcclient/jsonrpcclient/clients/zeromq_client.py:10:1: error: Relative import climbs too many namespaces  [misc]
(bcb)jsonrpcclient/jsonrpcclient/clients/zeromq_client.py:11:1: error: Relative import climbs too many namespaces  [misc]
(bcb)jsonrpcclient/jsonrpcclient/async_client.py:26:5: error: Return type "Coroutine[Any, Any, Response]" of "send_message" incompatible with return type "Response" in supertype "Client"  [override]

[RRepo](pushkin-consortium)pushkin
(pushkin-consortium)pushkin/_scripts/rancher-upgrade.py:204:27: error: 'rancher-upgrade.RancherUpgradeException' object is not iterable  [misc]
(pushkin-consortium)pushkin/_scripts/rancher-upgrade.py:204:52: error: Argument 2 to "get_service_info" has incompatible type "Union[str, RancherUpgradeException]"; expected "str"  [arg-type]
Found 2 errors in 1 file (checked 1 source file)

[RRepo](JoseLlarena)britfoner
(JoseLlarena)britfoner/britfoner/seq2seq/cells.py:1:1: error: Relative import climbs too many namespaces  [misc]
(JoseLlarena)britfoner/britfoner/seq2seq/cells.py:8:23: error: Name 'ExtendedRNNCell' is not defined  [name-defined]
(JoseLlarena)britfoner/britfoner/seq2seq/cells.py:49:28: error: Name 'ExtendedRNNCell' is not defined  [name-defined]
(JoseLlarena)britfoner/britfoner/IO.py:53:16: error: Incompatible return value type (got "Iterator[Any]", expected "Tuple[Iterable[Any], Iterable[Any]]")  [return-value]
(JoseLlarena)britfoner/britfoner/IO.py:69:22: error: Need type annotation for 'word_to_sounds'  [var-annotated]
(JoseLlarena)britfoner/britfoner/IO.py:167:22: error: Need type annotation for 'word_to_sounds'  [var-annotated]
(JoseLlarena)britfoner/britfoner/api.py:23:1: error: Need type annotation for '_EMPTY_SET' (hint: "_EMPTY_SET: Set[<type>] = ...")  [var-annotated]
(JoseLlarena)britfoner/britfoner/seq2seq/models.py:2:1: error: Relative import climbs too many namespaces  [misc]
Found 8 errors in 4 files (checked 9 source files)

[RRepo](theQRL)QRL
(theQRL)QRL/src/qrl/core/TransactionInfo.py:52:9: error: Need type annotation for 'addresses_set' (hint: "addresses_set: Set[<type>] = ...")  [var-annotated]
(theQRL)QRL/src/qrl/core/node.py:61:9: error: Need type annotation for 'future_blocks'  [var-annotated]
(theQRL)QRL/src/qrl/core/Miner.py:61:73: error: Item "None" of "Optional[Any]" has no attribute "timestamp"  [union-attr]
(theQRL)QRL/src/qrl/core/Miner.py:62:73: error: Item "None" of "Optional[Any]" has no attribute "prev_headerhash"  [union-attr]
(theQRL)QRL/src/qrl/core/Miner.py:82:31: error: "None" has no attribute "mining_blob"  [attr-defined]
(theQRL)QRL/src/qrl/core/Miner.py:83:32: error: "None" has no attribute "mining_nonce_offset"  [attr-defined]
(theQRL)QRL/src/qrl/core/Miner.py:86:21: error: "None" has no attribute "block_number"  [attr-defined]
(theQRL)QRL/src/qrl/core/Miner.py:87:40: error: "None" has no attribute "timestamp"  [attr-defined]
(theQRL)QRL/src/qrl/core/Miner.py:89:30: error: No overload variant of "bytearray" matches argument type "None"  [call-overload]
(theQRL)QRL/src/qrl/core/Miner.py:89:30: note: Possible overload variants:
(theQRL)QRL/src/qrl/core/Miner.py:89:30: note:     def bytearray(self, ints: Iterable[int]) -> bytearray
(theQRL)QRL/src/qrl/core/Miner.py:89:30: note:     def bytearray(self, length: int) -> bytearray
(theQRL)QRL/src/qrl/core/Miner.py:89:30: note:     <2 more non-matching overloads not shown>
(theQRL)QRL/src/qrl/core/Miner.py:92:21: error: "None" has no attribute "block_number"  [attr-defined]
(theQRL)QRL/src/qrl/core/Miner.py:150:9: error: Need type annotation for 'addresses_set' (hint: "addresses_set: Set[<type>] = ...")  [var-annotated]
(theQRL)QRL/src/qrl/core/Miner.py:212:26: error: "None" has no attribute "mining_blob"  [attr-defined]
(theQRL)QRL/src/qrl/core/Miner.py:216:16: error: "None" has no attribute "verify_blob"  [attr-defined]
(theQRL)QRL/src/qrl/core/Miner.py:219:37: error: "None" has no attribute "blockheader"  [attr-defined]
(theQRL)QRL/src/qrl/core/Miner.py:225:9: error: "None" has no attribute "set_nonces"  [attr-defined]
(theQRL)QRL/tests/misc/helper.py:12:1: error: Module 'mock' has no attribute 'mock'  [attr-defined]
(theQRL)QRL/src/qrl/core/p2p/p2pPeerManager.py:93:31: error: Argument 1 to "save_known_peers" of "P2PPeerManager" has incompatible type "Set[Any]"; expected "List[str]"  [arg-type]

[RRepo](ClusterLabs)pcs
(ClusterLabs)pcs/setup.py:11:5: error: Need type annotation for 'user_options' (hint: "user_options: List[<type>] = ...")  [var-annotated]
(ClusterLabs)pcs/setup.py:50:5: error: Need type annotation for 'user_options' (hint: "user_options: List[<type>] = ...")  [var-annotated]
(ClusterLabs)pcs/pcs/cli/booth/console_report.py:1:1: error: Module 'pcs.common' has no attribute 'report_codes'  [attr-defined]
(ClusterLabs)pcs/pcs/lib/corosync/config_parser.py:1:1: error: Module 'pcs.lib.corosync' has no attribute 'constants'  [attr-defined]
(ClusterLabs)pcs/pcs/lib/node_communication.py:4:1: error: Module 'pcs.common' has no attribute 'report_codes'  [attr-defined]
(ClusterLabs)pcs/pcs/lib/booth/reports.py:1:1: error: Module 'pcs.common' has no attribute 'report_codes'  [attr-defined]

[RRepo](dbrattli)OSlash
(dbrattli)OSlash/examples/issue.py:6:12: error: Variable "issue.IntList" is not valid as a type  [valid-type]
(dbrattli)OSlash/oslash/ioaction.py:37:30: error: Argument 1 to "map" of "IO" has incompatible type "Optional[Any]"; expected "Callable[[Any], Any]"  [arg-type]
(dbrattli)OSlash/oslash/ioaction.py:71:19: error: 'None' object is not iterable  [misc]
(dbrattli)OSlash/oslash/ioaction.py:76:24: error: 'None' object is not iterable  [misc]
(dbrattli)OSlash/oslash/ioaction.py:82:24: error: 'None' object is not iterable  [misc]
(dbrattli)OSlash/oslash/ioaction.py:90:17: error: 'None' object is not iterable  [misc]
(dbrattli)OSlash/oslash/ioaction.py:107:33: error: "None" not callable  [misc]
(dbrattli)OSlash/oslash/ioaction.py:112:30: error: "None" not callable  [misc]
(dbrattli)OSlash/oslash/ioaction.py:119:18: error: "None" not callable  [misc]
(dbrattli)OSlash/oslash/ioaction.py:128:13: error: "None" not callable  [misc]
(dbrattli)OSlash/oslash/ioaction.py:176:16: error: Argument 1 to "Put" has incompatible type "Optional[str]"; expected "str"  [arg-type]
(dbrattli)OSlash/oslash/cont.py:64:16: error: Too many arguments for "run" of "Cont"  [call-arg]
(dbrattli)OSlash/oslash/either.py:36:5: error: Argument 1 of "__eq__" is incompatible with supertype "object"; supertype defines the argument type as "object"  [override]
(dbrattli)OSlash/oslash/either.py:36:5: note: It is recommended for "__eq__" to work with arbitrary objects, for example:
(dbrattli)OSlash/oslash/either.py:36:5: note:     def __eq__(self, other: object) -> bool:
(dbrattli)OSlash/oslash/either.py:36:5: note:         if not isinstance(other, Either):
(dbrattli)OSlash/oslash/either.py:36:5: note:             return NotImplemented
(dbrattli)OSlash/oslash/either.py:36:5: note:         return <logic to compare two Either instances>
(dbrattli)OSlash/oslash/either.py:52:22: error: Incompatible types in assignment (expression has type "partial[B]", variable has type "B")  [assignment]
(dbrattli)OSlash/oslash/either.py:57:30: error: Argument 1 to "map" of "Either" has incompatible type "A"; expected "Callable[[<nothing>], <nothing>]"  [arg-type]
(dbrattli)OSlash/oslash/either.py:62:5: error: Argument 1 of "__eq__" is incompatible with supertype "object"; supertype defines the argument type as "object"  [override]
(dbrattli)OSlash/oslash/either.py:62:5: note: It is recommended for "__eq__" to work with arbitrary objects, for example:
(dbrattli)OSlash/oslash/either.py:62:5: note:     def __eq__(self, other: object) -> bool:
(dbrattli)OSlash/oslash/either.py:62:5: note:         if not isinstance(other, Right):
(dbrattli)OSlash/oslash/either.py:62:5: note:             return NotImplemented
(dbrattli)OSlash/oslash/either.py:62:5: note:         return <logic to compare two Right instances>
(dbrattli)OSlash/oslash/either.py:85:5: error: Argument 1 of "__eq__" is incompatible with supertype "object"; supertype defines the argument type as "object"  [override]
(dbrattli)OSlash/oslash/either.py:85:5: note: It is recommended for "__eq__" to work with arbitrary objects, for example:
(dbrattli)OSlash/oslash/either.py:85:5: note:     def __eq__(self, other: object) -> bool:
(dbrattli)OSlash/oslash/either.py:85:5: note:         if not isinstance(other, Left):
(dbrattli)OSlash/oslash/either.py:85:5: note:             return NotImplemented
(dbrattli)OSlash/oslash/either.py:85:5: note:         return <logic to compare two Left instances>
(dbrattli)OSlash/oslash/reader.py:92:16: error: Too many arguments  [call-arg]
(dbrattli)OSlash/oslash/list.py:32:16: error: "None" not callable  [misc]
(dbrattli)OSlash/oslash/list.py:38:21: error: "None" not callable  [misc]
(dbrattli)OSlash/tests/test_ioaction.py:12:22: error: Incompatible types in assignment (expression has type "None", variable has type "str")  [assignment]
Found 21 errors in 7 files (checked 31 source files)

[RRepo](streettraffic)streettraffic
(streettraffic)streettraffic/scrapy/test.py:30:21: error: Name 'scrapy.Spider' is not defined  [name-defined]
(streettraffic)streettraffic/tutorial/tutorial/spiders/quotes_spider.py:4:20: error: Name 'scrapy.Spider' is not defined  [name-defined]
(streettraffic)streettraffic/tutorial/tutorial/middlewares.py:8:1: error: Module 'scrapy' has no attribute 'signals'  [attr-defined]
(streettraffic)streettraffic/streettraffic/datafeed.py:12:9: error: Need type annotation for 'data' (hint: "data: Dict[<type>, <type>] = ...")  [var-annotated]
(streettraffic)streettraffic/streettraffic/datafeed.py:17:9: error: Need type annotation for 'task_list' (hint: "task_list: List[<type>] = ...")  [var-annotated]
(streettraffic)streettraffic/server_multiple_cities.py:59:1: error: Need type annotation for 'traffic_matrix' (hint: "traffic_matrix: List[<type>] = ...")  [var-annotated]
(streettraffic)streettraffic/streettraffic/server.py:25:26: error: Need type annotation for 'msg_queue'  [var-annotated]
(streettraffic)streettraffic/streettraffic/server.py:33:9: error: Need type annotation for 'traffic_matrix_list' (hint: "traffic_matrix_list: List[<type>] = ...")  [var-annotated]
(streettraffic)streettraffic/streettraffic/server.py:34:9: error: Need type annotation for 'traffic_pattern_list' (hint: "traffic_pattern_list: List[<type>] = ...")  [var-annotated]
Found 9 errors in 6 files (checked 11 source files)

[RRepo](bcb)jsonrpcserver

[RRepo](Drakulix)knex
(Drakulix)knex/backend/__init__.py:69:13: error: "object" has no attribute "update"  [attr-defined]
(Drakulix)knex/backend/__init__.py:71:13: error: "object" has no attribute "update"  [attr-defined]
(Drakulix)knex/backend/__init__.py:73:13: error: "object" has no attribute "update"  [attr-defined]
(Drakulix)knex/backend/__init__.py:82:28: error: Value of type "object" is not indexable  [index]
(Drakulix)knex/backend/__init__.py:84:30: error: Value of type "object" is not indexable  [index]
(Drakulix)knex/backend/__init__.py:85:30: error: Value of type "object" is not indexable  [index]
(Drakulix)knex/backend/__init__.py:86:40: error: Value of type "object" is not indexable  [index]
(Drakulix)knex/backend/__init__.py:87:40: error: Value of type "object" is not indexable  [index]
(Drakulix)knex/backend/__init__.py:127:2: error: Name 'init_global_mongoclient' already defined on line 93  [no-redef]
(Drakulix)knex/backend/__init__.py:152:12: error: Name 'DB.Document' is not defined  [name-defined]
(Drakulix)knex/backend/__init__.py:170:12: error: Name 'DB.Document' is not defined  [name-defined]
(Drakulix)knex/backend/__init__.py:294:2: error: Name 'index' already defined on line 285  [no-redef]
(Drakulix)knex/backend/__init__.py:315:18: error: Value of type "object" is not indexable  [index]
(Drakulix)knex/backend/__init__.py:316:19: error: Value of type "object" is not indexable  [index]
Found 14 errors in 1 file (checked 22 source files)

[RRepo](s3rvac)blog
(s3rvac)blog/cs-2018-08-19-co-je-noveho-v-pythonu-3-7/type-hints.py:3:1: error: Module '__future__' has no attribute 'annotations'  [attr-defined]
(s3rvac)blog/cs-2018-08-19-co-je-noveho-v-pythonu-3-7/multiprocessing-kill.py:11:1: error: "Process" has no attribute "kill"  [attr-defined]
Found 2 errors in 2 files (checked 13 source files)

[RRepo](michal-stuglik)django-blastplus
(michal-stuglik)django-blastplus/blastplus/settings.py:39:26: error: No overload variant of "join" matches argument types "str", "object"  [call-overload]
(michal-stuglik)django-blastplus/blastplus/settings.py:39:26: note: Possible overload variants:
(michal-stuglik)django-blastplus/blastplus/settings.py:39:26: note:     def join(path: Union[str, _PathLike[str]], *paths: Union[str, _PathLike[str]]) -> str
(michal-stuglik)django-blastplus/blastplus/settings.py:39:26: note:     def join(path: Union[bytes, _PathLike[bytes]], *paths: Union[bytes, _PathLike[bytes]]) -> bytes
(michal-stuglik)django-blastplus/blastplus/settings.py:40:26: error: No overload variant of "join" matches argument types "str", "object"  [call-overload]
(michal-stuglik)django-blastplus/blastplus/settings.py:40:26: note: Possible overload variants:
(michal-stuglik)django-blastplus/blastplus/settings.py:40:26: note:     def join(path: Union[str, _PathLike[str]], *paths: Union[str, _PathLike[str]]) -> str
(michal-stuglik)django-blastplus/blastplus/settings.py:40:26: note:     def join(path: Union[bytes, _PathLike[bytes]], *paths: Union[bytes, _PathLike[bytes]]) -> bytes
(michal-stuglik)django-blastplus/blastplus/forms.py:166:16: error: "str" has no attribute "seq"  [attr-defined]
(michal-stuglik)django-blastplus/blastplus/forms.py:170:39: error: "str" has no attribute "seq"  [attr-defined]
(michal-stuglik)django-blastplus/blastplus/forms.py:172:39: error: "str" has no attribute "seq"  [attr-defined]
Found 5 errors in 2 files (checked 8 source files)

[RRepo](Junnplus)leetcode
(Junnplus)leetcode/algorithms/medium/reverse-linked-list-ii.py:40:12: error: Missing parentheses in call to 'print'. Did you mean print(l)?  [syntax]
Found 1 error in 1 file (checked 82 source files)

[RRepo](syncrypt)client
(syncrypt)client/syncrypt/pipes/io.py:11:10: error: Module has no attribute "getLogger"  [attr-defined]
(syncrypt)client/syncrypt/app/events.py:8:10: error: Module has no attribute "getLogger"  [attr-defined]
(syncrypt)client/syncrypt/models/identity.py:7:1: error: Module 'io' has no attribute 'BytesIO'  [attr-defined]
(syncrypt)client/syncrypt/models/identity.py:15:1: error: Module 'syncrypt.pipes' has no attribute 'Once'  [attr-defined]
(syncrypt)client/syncrypt/models/identity.py:17:10: error: Module has no attribute "getLogger"  [attr-defined]
(syncrypt)client/syncrypt/models/base.py:4:1: error: Module 'syncrypt.pipes' has no attribute 'DecryptRSA_PKCS1_OAEP'  [attr-defined]
(syncrypt)client/syncrypt/models/base.py:4:1: error: Module 'syncrypt.pipes' has no attribute 'EncryptRSA_PKCS1_OAEP'  [attr-defined]
(syncrypt)client/syncrypt/models/base.py:4:1: error: Module 'syncrypt.pipes' has no attribute 'Once'  [attr-defined]
(syncrypt)client/syncrypt/models/base.py:4:1: error: Module 'syncrypt.pipes' has no attribute 'SnappyCompress'  [attr-defined]
(syncrypt)client/syncrypt/models/base.py:4:1: error: Module 'syncrypt.pipes' has no attribute 'SnappyDecompress'  [attr-defined]

[RRepo](RoboCupULaval)StrategyIA
(RoboCupULaval)StrategyIA/Util/singleton.py:7:5: error: Need type annotation for '_instances' (hint: "_instances: Dict[<type>, <type>] = ...")  [var-annotated]

[RRepo](SF-Zhou)quite
Success: no issues found in 22 source files

[RRepo](GNOME)gnome-builder
(GNOME)gnome-builder/src/plugins/meson-templates/resources/src/window.py:1:23: error: invalid syntax  [syntax]
Found 1 error in 1 file (checked 20 source files)

[RRepo](evanunderscore)defopt
Success: no issues found in 9 source files

[RRepo](lukas)ml-class
(lukas)ml-class/examples/lstm/attention/attention.py:16:25: error: Name 'LSTMCell' is not defined  [name-defined]
(lukas)ml-class/examples/lstm/attention/attention.py:23:6: error: Name 'tf_utils' is not defined  [name-defined]
(lukas)ml-class/examples/lstm/attention/attention.py:96:25: error: Name 'RNN' is not defined  [name-defined]
(lukas)ml-class/examples/lstm/attention/attention.py:102:6: error: Name 'tf_utils' is not defined  [name-defined]
(lukas)ml-class/examples/keras-autoencoder/variational_autoencoder.py:99:37: error: Too few arguments for "PlotCallback"  [call-arg]
(lukas)ml-class/videos/time-series/rnn.py:41:8: error: Name 'load_data' is not defined  [name-defined]
(lukas)ml-class/examples/lstm/imdb-classifier/imdb-attention.py:12:1: error: Name 'imdb' already defined (possibly by an import)  [no-redef]
(lukas)ml-class/examples/lstm/attention/train_translate.py:257:11: error: Name 'X_train' is not defined  [name-defined]
(lukas)ml-class/examples/lstm/attention/train_translate.py:257:20: error: Name 'y_train' is not defined  [name-defined]
(lukas)ml-class/examples/lstm/attention/train_translate.py:258:22: error: Name 'config' is not defined  [name-defined]
(lukas)ml-class/examples/lstm/attention/train_translate.py:259:18: error: Name 'config' is not defined  [name-defined]
(lukas)ml-class/examples/lstm/attention/train_translate.py:260:28: error: Name 'X_test' is not defined  [name-defined]
(lukas)ml-class/examples/lstm/attention/train_translate.py:260:36: error: Name 'y_test' is not defined  [name-defined]
(lukas)ml-class/examples/lstm/attention/train_translate.py:260:56: error: Name 'WandbCallback' is not defined  [name-defined]
(lukas)ml-class/examples/lstm/attention/train_translate.py:290:9: error: Incompatible types in assignment (expression has type "float", variable has type "int")  [assignment]
(lukas)ml-class/examples/lstm/attention/train_translate.py:301:58: error: "float" has no attribute "numpy"  [attr-defined]
(lukas)ml-class/examples/lstm/attention/train_translate.py:304:9: error: Name 'checkpoint' is not defined  [name-defined]
(lukas)ml-class/examples/lstm/attention/train_translate.py:304:39: error: Name 'checkpoint_prefix' is not defined  [name-defined]
(lukas)ml-class/videos/one-shot/omniglot.py:181:1: error: 'return' outside function  [misc]
(lukas)ml-class/videos/one-shot/omniglot.py:181:8: error: Name 'pairs' is not defined  [name-defined]
(lukas)ml-class/videos/one-shot/omniglot.py:181:15: error: Name 'targets' is not defined  [name-defined]
(lukas)ml-class/examples/lstm/ocr/train_ctc.py:7:1: error: Module 'util' has no attribute 'ctc_decode'  [attr-defined]
(lukas)ml-class/examples/lstm/ocr/train_ctc.py:7:1: error: Module 'util' has no attribute 'format_batch_ctc'  [attr-defined]
(lukas)ml-class/examples/lstm/ocr/train_ctc.py:7:1: error: Module 'util' has no attribute 'slide_window'  [attr-defined]
(lukas)ml-class/examples/lstm/ocr/train_ctc.py:7:1: error: Module 'util' has no attribute 'ExampleLogger'  [attr-defined]
Found 25 errors in 7 files (checked 28 source files)

[RRepo](kashifrazzaqui)json-streamer
Success: no issues found in 5 source files

[RRepo](ruuda)hoff
Success: no issues found in 1 source file

[RRepo](timofurrer)pyobservable
(timofurrer)pyobservable/tests/test_core.py:5:1: error: Module 'observable' has no attribute 'Observable'  [attr-defined]
(timofurrer)pyobservable/tests/test_core.py:5:1: error: Module 'observable' has no attribute 'EventNotFound'  [attr-defined]
(timofurrer)pyobservable/tests/test_core.py:5:1: error: Module 'observable' has no attribute 'HandlerNotFound'  [attr-defined]
(timofurrer)pyobservable/setup.py:22:1: error: Need type annotation for 'required' (hint: "required: List[<type>] = ...")  [var-annotated]
(timofurrer)pyobservable/setup.py:29:5: error: Need type annotation for 'user_options' (hint: "user_options: List[<type>] = ...")  [var-annotated]
(timofurrer)pyobservable/setup.py:63:1: error: Need type annotation for 'about' (hint: "about: Dict[<type>, <type>] = ...")  [var-annotated]
(timofurrer)pyobservable/tests/test_property.py:3:1: error: Module 'observable' has no attribute 'Observable'  [attr-defined]
(timofurrer)pyobservable/tests/test_property.py:16:6: error: Name 'prop' already defined on line 12  [no-redef]
(timofurrer)pyobservable/tests/test_property.py:20:6: error: Name 'prop' already defined on line 12  [no-redef]
Found 9 errors in 3 files (checked 5 source files)

[RRepo](malinoff)amqproto
(malinoff)amqproto/amqproto/sasl.py:37:17: error: Incompatible types in assignment (expression has type "str", base class "SASL" defined the type as "None")  [assignment]
(malinoff)amqproto/amqproto/sasl.py:60:17: error: Incompatible types in assignment (expression has type "str", base class "SASL" defined the type as "None")  [assignment]
(malinoff)amqproto/amqproto/methods.py:15:5: error: Need type annotation for 'BY_ID' (hint: "BY_ID: Dict[<type>, <type>] = ...")  [var-annotated]
(malinoff)amqproto/amqproto/content.py:19:5: error: Need type annotation for 'BY_ID' (hint: "BY_ID: Dict[<type>, <type>] = ...")  [var-annotated]
(malinoff)amqproto/amqproto/content.py:72:5: error: Need type annotation for 'BY_ID' (hint: "BY_ID: Dict[<type>, <type>] = ...")  [var-annotated]
(malinoff)amqproto/amqproto/serialization.py:45:12: error: Incompatible return value type (got "List[Any]", expected "Tuple[int, int, int]")  [return-value]
(malinoff)amqproto/amqproto/serialization.py:74:24: error: Argument 1 to "_dump_frame" has incompatible type "int"; expected "FrameType"  [arg-type]
(malinoff)amqproto/amqproto/serialization.py:84:24: error: Argument 1 to "_dump_frame" has incompatible type "int"; expected "FrameType"  [arg-type]
(malinoff)amqproto/amqproto/serialization.py:88:28: error: Argument 1 to "_dump_frame" has incompatible type "int"; expected "FrameType"  [arg-type]
(malinoff)amqproto/amqproto/serialization.py:96:24: error: Argument 1 to "_dump_frame" has incompatible type "int"; expected "FrameType"  [arg-type]
(malinoff)amqproto/amqproto/serialization.py:138:21: error: "bool" has no attribute "decode"  [attr-defined]
(malinoff)amqproto/amqproto/serialization.py:142:21: error: "bool" has no attribute "decode"  [attr-defined]
(malinoff)amqproto/amqproto/serialization.py:145:21: error: Incompatible types in assignment (expression has type "datetime", variable has type "bool")  [assignment]
(malinoff)amqproto/amqproto/serialization.py:147:21: error: Incompatible types in assignment (expression has type "Dict[<nothing>, <nothing>]", variable has type "bool")  [assignment]
(malinoff)amqproto/amqproto/serialization.py:152:17: error: Unsupported target for indexed assignment  [index]
(malinoff)amqproto/amqproto/serialization.py:344:13: error: Too few arguments for "write" of "BytesIO"  [call-arg]
(malinoff)amqproto/amqproto/serialization.py:344:27: error: Argument 1 to "write" of "BytesIO" has incompatible type "bytes"; expected "BytesIO"  [arg-type]
(malinoff)amqproto/amqproto/serialization.py:345:19: error: Too few arguments for "getvalue" of "BytesIO"  [call-arg]
(malinoff)amqproto/amqproto/adapters/asyncio_adapter.py:4:5: error: Module 'asyncio' has no attribute 'run'  [attr-defined]
(malinoff)amqproto/amqproto/adapters/asyncio_adapter.py:10:1: error: Relative import climbs too many namespaces  [misc]
(malinoff)amqproto/amqproto/adapters/asyncio_adapter.py:11:1: error: Relative import climbs too many namespaces  [misc]
(malinoff)amqproto/amqproto/adapters/asyncio_adapter.py:12:1: error: Relative import climbs too many namespaces  [misc]
(malinoff)amqproto/amqproto/adapters/asyncio_adapter.py:13:1: error: Relative import climbs too many namespaces  [misc]
Found 23 errors in 5 files (checked 22 source files)

[RRepo](crowd4u)crowd4py
Success: no issues found in 8 source files

[RRepo](madhavajay)nd889
(madhavajay)nd889/1_foundations/1_sudoku/sudoku/board.py:26:23: error: Incompatible types in assignment (expression has type "None", variable has type "Dict[str, Set[str]]")  [assignment]
(madhavajay)nd889/1_foundations/1_sudoku/sudoku/board.py:27:27: error: Incompatible types in assignment (expression has type "None", variable has type "List[List[str]]")  [assignment]
(madhavajay)nd889/1_foundations/1_sudoku/sudoku/board.py:28:23: error: Incompatible types in assignment (expression has type "None", variable has type "Dict[str, List[List[str]]]")  [assignment]
(madhavajay)nd889/1_foundations/1_sudoku/sudoku/board.py:196:24: error: Incompatible return value type (got "None", expected "Dict[str, str]")  [return-value]
(madhavajay)nd889/1_foundations/1_sudoku/sudoku/board.py:226:24: error: Incompatible return value type (got "None", expected "Dict[str, str]")  [return-value]
(madhavajay)nd889/1_foundations/1_sudoku/sudoku/board.py:241:16: error: Incompatible return value type (got "None", expected "Dict[str, str]")  [return-value]
(madhavajay)nd889/1_foundations/2_isolation/instructions.py:1:1: error: Missing return statement  [return]

[RRepo](karellen)karellen-sqlite
Success: no issues found in 3 source files

[RRepo](thought-machine)please
(thought-machine)please/tools/please_pex/pex_run.py:20:34: error: Name 'os' is not defined  [name-defined]
(thought-machine)please/tools/please_pex/pex_run.py:21:14: error: Name 'profile' is not defined  [name-defined]
(thought-machine)please/tools/please_pex/pex_run.py:21:22: error: Name 'os' is not defined  [name-defined]
(thought-machine)please/tools/please_pex/pex_run.py:25:5: error: Name 'sys' is not defined  [name-defined]
(thought-machine)please/test/python_rules/local/local_lib_no_import_test.py:4:34: error: Name 'unittest.TestCase' is not defined  [name-defined]
(thought-machine)please/test/python_rules/local/local_lib_import_test.py:4:26: error: Name 'unittest.TestCase' is not defined  [name-defined]
(thought-machine)please/test/python_rules/tensorflow_test.py:5:22: error: Name 'unittest.TestCase' is not defined  [name-defined]
(thought-machine)please/test/python_rules/unittest_unicode_test.py:4:27: error: Name 'unittest.TestCase' is not defined  [name-defined]
(thought-machine)please/test/python_rules/data_dep_test.py:8:19: error: Name 'unittest.TestCase' is not defined  [name-defined]
(thought-machine)please/test/python_rules/proto_test.py:4:24: error: Name 'unittest.TestCase' is not defined  [name-defined]
(thought-machine)please/test/python_rules/pandas_test.py:4:18: error: Name 'unittest.TestCase' is not defined  [name-defined]
(thought-machine)please/test/python_rules/data_dep_only_test.py:9:19: error: Name 'unittest.TestCase' is not defined  [name-defined]
(thought-machine)please/test/python_rules/scipy_test.py:4:17: error: Name 'unittest.TestCase' is not defined  [name-defined]
(thought-machine)please/test/python_rules/strip_source_test.py:9:23: error: Name 'unittest.TestCase' is not defined  [name-defined]
(thought-machine)please/test/python_rules/numpy_test.py:4:17: error: Name 'unittest.TestCase' is not defined  [name-defined]
(thought-machine)please/test/python_rules/worker_test.py:7:18: error: Name 'unittest.TestCase' is not defined  [name-defined]
(thought-machine)please/test/python_rules/zip_unsafe_test.py:8:24: error: Name 'unittest.TestCase' is not defined  [name-defined]
(thought-machine)please/test/python_rules/zip_unsafe_test.py:16:5: error: Module has no attribute "main"  [attr-defined]
(thought-machine)please/test/python_rules/python_coverage_test.py:5:26: error: Name 'unittest.TestCase' is not defined  [name-defined]
(thought-machine)please/test/python_rules/python_coverage_test.py:24:6: error: Module has no attribute "skipIf"  [attr-defined]
(thought-machine)please/test/python_rules/flags_test.py:7:17: error: Name 'unittest.TestCase' is not defined  [name-defined]
(thought-machine)please/test/parse_test/require_provide_test.py:8:26: error: Name 'unittest.TestCase' is not defined  [name-defined]
(thought-machine)please/test/parse_test/require_provide_test.py:23:5: error: Module has no attribute "main"  [attr-defined]
(thought-machine)please/test/config_rules/config_test.py:5:18: error: Name 'unittest.TestCase' is not defined  [name-defined]
(thought-machine)please/test/proto_rules/js_out_test.py:5:17: error: Name 'unittest.TestCase' is not defined  [name-defined]
(thought-machine)please/test/proto_rules/specific_out_test.py:5:23: error: Name 'unittest.TestCase' is not defined  [name-defined]
(thought-machine)please/test/proto_rules/specific_out_test.py:7:6: error: Module has no attribute "skip"  [attr-defined]
(thought-machine)please/test/cc_rules/gcc/shared_object_test.py:8:24: error: Name 'unittest.TestCase' is not defined  [name-defined]
(thought-machine)please/test/cc_rules/gcc/shared_object_test.py:20:5: error: Module has no attribute "main"  [attr-defined]
(thought-machine)please/test/individual_test_run.py:4:34: error: Name 'unittest.TestCase' is not defined  [name-defined]
(thought-machine)please/test/coverage_output_test.py:8:26: error: Name 'unittest.TestCase' is not defined  [name-defined]
(thought-machine)please/tools/misc/gen_release_test.py:7:22: error: Name 'unittest.TestCase' is not defined  [name-defined]
(thought-machine)please/tools/please_pex/pex_test.py:6:15: error: Name 'unittest.TestCase' is not defined  [name-defined]
(thought-machine)please/tools/please_pex/pex_test.py:17:6: error: Name 'testSkipped' already defined on line 12  [no-redef]
(thought-machine)please/tools/please_pex/pex_test.py:24:5: error: Module has no attribute "main"  [attr-defined]
(thought-machine)please/test/flakiness_test.py:5:21: error: Name 'unittest.TestCase' is not defined  [name-defined]
(thought-machine)please/test/flakiness_test.py:13:5: error: Module has no attribute "main"  [attr-defined]
(thought-machine)please/test/flaky_test.py:5:17: error: Name 'unittest.TestCase' is not defined  [name-defined]
(thought-machine)please/tools/misc/gen_release.py:116:14: error: Incompatible types in assignment (expression has type "TextIO", variable has type "BinaryIO")  [assignment]
(thought-machine)please/tools/misc/gen_release.py:118:13: error: No overload variant of "write" of "BinaryIO" matches argument type "str"  [call-overload]
(thought-machine)please/tools/misc/gen_release.py:118:13: note: Possible overload variants:
(thought-machine)please/tools/misc/gen_release.py:118:13: note:     def write(self, s: bytearray) -> int
(thought-machine)please/tools/misc/gen_release.py:118:13: note:     def write(self, s: bytes) -> int
(thought-machine)please/test/python_rules/behave/features/steps/behave_test_steps.py:1:1: error: Module 'behave' has no attribute 'given'  [attr-defined]
(thought-machine)please/test/python_rules/behave/features/steps/behave_test_steps.py:1:1: error: Module 'behave' has no attribute 'when'  [attr-defined]
(thought-machine)please/test/python_rules/behave/features/steps/behave_test_steps.py:1:1: error: Module 'behave' has no attribute 'then'  [attr-defined]
(thought-machine)please/test/python_rules/behave/features/steps/behave_test_steps.py:1:1: error: Module 'behave' has no attribute 'step'  [attr-defined]
(thought-machine)please/test/python_rules/behave/features/steps/behave_test_steps.py:9:2: error: Name 'step_impl' already defined on line 4  [no-redef]
(thought-machine)please/test/python_rules/behave/features/steps/behave_test_steps.py:14:2: error: Name 'step_impl' already defined on line 4  [no-redef]
(thought-machine)please/test/python_rules/behave/features/steps/behave_test_steps.py:20:2: error: Name 'step_impl' already defined on line 4  [no-redef]
(thought-machine)please/test/python_rules/behave/features/steps/behave_test_steps.py:26:2: error: Name 'step_impl' already defined on line 4  [no-redef]
(thought-machine)please/tools/please_pex/pex_main.py:20:5: error: All conditional function variants must have identical signatures  [misc]
(thought-machine)please/tools/please_pex/pex_main.py:57:12: error: Name '__ZIP_SAFE__' is not defined  [name-defined]
Found 50 errors in 30 files (checked 41 source files)

[RRepo](dmlc)xgboost
(dmlc)xgboost/python-package/xgboost/dask.py:8:1: error: No parent module -- cannot perform relative import  [misc]
Found 1 error in 1 file (checked 50 source files)

[RRepo](levjj)wahlomat-visualization
(levjj)wahlomat-visualization/render.py:19:5: error: Need type annotation for 'answers' (hint: "answers: Dict[<type>, <type>] = ...")  [var-annotated]
Found 1 error in 1 file (checked 1 source file)

[RRepo](pyta-uoft)pyta
(pyta-uoft)pyta/examples/pylint/E0108_duplicate_argument_name.py:3:25: error: Duplicate argument 'lst' in function definition  [syntax]
Found 1 error in 1 file (checked 180 source files)

[RRepo](yadayada)acd_cli
(yadayada)acd_cli/acdcli/utils/threading.py:6:1: error: No parent module -- cannot perform relative import  [misc]
Found 1 error in 1 file (checked 26 source files)

[RRepo](Djaler)VkGraph
(Djaler)VkGraph/app/model/users_graph.py:10:9: error: Need type annotation for '_connections' (hint: "_connections: List[<type>] = ...")  [var-annotated]
(Djaler)VkGraph/app/services/tasks.py:71:5: error: Need type annotation for 'result' (hint: "result: List[<type>] = ...")  [var-annotated]
Found 2 errors in 2 files (checked 14 source files)

[RRepo](DrPandemic)aigar.io
(DrPandemic)aigar.io/clients/python/game/models.py:33:17: error: Value of type "Game" is not indexable  [index]
(DrPandemic)aigar.io/clients/python/game/models.py:34:17: error: Value of type "Game" is not indexable  [index]
(DrPandemic)aigar.io/clients/python/game/models.py:35:17: error: Value of type "Game" is not indexable  [index]
(DrPandemic)aigar.io/clients/python/game/models.py:37:53: error: Value of type "Game" is not indexable  [index]
(DrPandemic)aigar.io/clients/python/game/models.py:38:33: error: Value of type "Game" is not indexable  [index]
(DrPandemic)aigar.io/clients/python/game/models.py:39:27: error: Value of type "Game" is not indexable  [index]
(DrPandemic)aigar.io/clients/python/game/models.py:40:50: error: Value of type "Game" is not indexable  [index]
(DrPandemic)aigar.io/clients/python/game/models.py:64:20: error: Value of type "Map" is not indexable  [index]
(DrPandemic)aigar.io/clients/python/game/models.py:80:17: error: Value of type "Player" is not indexable  [index]
(DrPandemic)aigar.io/clients/python/game/models.py:81:17: error: Value of type "Player" is not indexable  [index]
(DrPandemic)aigar.io/clients/python/game/models.py:82:17: error: Value of type "Player" is not indexable  [index]
(DrPandemic)aigar.io/clients/python/game/models.py:83:17: error: Value of type "Player" is not indexable  [index]
(DrPandemic)aigar.io/clients/python/game/models.py:84:47: error: Value of type "Player" is not indexable  [index]
(DrPandemic)aigar.io/clients/python/game/models.py:119:17: error: Value of type "Cell" is not indexable  [index]
(DrPandemic)aigar.io/clients/python/game/models.py:120:17: error: Value of type "Cell" is not indexable  [index]
(DrPandemic)aigar.io/clients/python/game/models.py:121:17: error: Value of type "Cell" is not indexable  [index]
(DrPandemic)aigar.io/clients/python/game/models.py:122:28: error: Value of type "Cell" is not indexable  [index]
(DrPandemic)aigar.io/clients/python/game/models.py:123:28: error: Value of type "Cell" is not indexable  [index]
(DrPandemic)aigar.io/clients/python/game/models.py:149:45: error: Value of type "Resources" is not indexable  [index]
(DrPandemic)aigar.io/clients/python/game/models.py:150:45: error: Value of type "Resources" is not indexable  [index]
(DrPandemic)aigar.io/clients/python/game/models.py:151:45: error: Value of type "Resources" is not indexable  [index]
(DrPandemic)aigar.io/clients/python/game/models.py:230:20: error: Incompatible return value type (got "None", expected "CellActions")  [return-value]

[RRepo](mdutkin)m2core

[RRepo](beltashazzer)jmpy
Success: no issues found in 12 source files

[RRepo](meadowfrey)OctoPrint-Dashboard
(meadowfrey)OctoPrint-Dashboard/octoprint_dashboard/model/Printer.py:27:5: error: Need type annotation for 'states' (hint: "states: Dict[<type>, <type>] = ...")  [var-annotated]
Found 1 error in 1 file (checked 26 source files)

[RRepo](QuantumGhost)env_conf
Success: no issues found in 5 source files

[RRepo](mesonbuild)meson
(mesonbuild)meson/mesonbuild/compilers/mixins/ccrx.py:20:1: error: Relative import climbs too many namespaces  [misc]
(mesonbuild)meson/mesonbuild/compilers/mixins/ccrx.py:23:5: error: Relative import climbs too many namespaces  [misc]
(mesonbuild)meson/mesonbuild/compilers/mixins/ccrx.py:24:5: error: Relative import climbs too many namespaces  [misc]
(mesonbuild)meson/mesonbuild/compilers/mixins/ccrx.py:61:16: error: "CcrxCompiler" has no attribute "is_cross"  [attr-defined]
(mesonbuild)meson/mesonbuild/compilers/mixins/ccrx.py:74:9: error: "CcrxCompiler" has no attribute "can_compile_suffixes"  [attr-defined]
(mesonbuild)meson/mesonbuild/compilers/mixins/elbrus.py:21:1: error: Relative import climbs too many namespaces  [misc]
(mesonbuild)meson/mesonbuild/compilers/mixins/elbrus.py:24:5: error: Relative import climbs too many namespaces  [misc]
(mesonbuild)meson/mesonbuild/compilers/mixins/elbrus.py:25:5: error: Relative import climbs too many namespaces  [misc]
(mesonbuild)meson/mesonbuild/dependencies/platform.py:19:1: error: Relative import climbs too many namespaces  [misc]
(mesonbuild)meson/mesonbuild/compilers/mixins/pgi.py:21:1: error: Relative import climbs too many namespaces  [misc]
(mesonbuild)meson/mesonbuild/compilers/mixins/pgi.py:24:5: error: Relative import climbs too many namespaces  [misc]
(mesonbuild)meson/mesonbuild/compilers/mixins/pgi.py:118:12: error: "PGICompiler" has no attribute "language"  [attr-defined]
(mesonbuild)meson/mesonbuild/compilers/cs.py:17:1: error: Relative import climbs too many namespaces  [misc]
(mesonbuild)meson/mesonbuild/compilers/cs.py:18:1: error: Relative import climbs too many namespaces  [misc]
(mesonbuild)meson/mesonbuild/compilers/objcpp.py:18:1: error: Relative import climbs too many namespaces  [misc]
(mesonbuild)meson/mesonbuild/compilers/objc.py:18:1: error: Relative import climbs too many namespaces  [misc]
(mesonbuild)meson/mesonbuild/compilers/java.py:17:1: error: Relative import climbs too many namespaces  [misc]
(mesonbuild)meson/mesonbuild/compilers/rust.py:17:1: error: Relative import climbs too many namespaces  [misc]
(mesonbuild)meson/mesonbuild/compilers/swift.py:17:1: error: Relative import climbs too many namespaces  [misc]
(mesonbuild)meson/tools/boost_names.py:34:1: error: Cannot assign to a method  [assignment]
(mesonbuild)meson/tools/boost_names.py:34:37: error: "object" has no attribute "dirname"  [attr-defined]
(mesonbuild)meson/tools/boost_names.py:34:51: error: "object" has no attribute "name"  [attr-defined]
(mesonbuild)meson/tools/boost_names.py:34:62: error: "object" has no attribute "libnames"  [attr-defined]
(mesonbuild)meson/mesonbuild/mlog.py:44:8: error: Module has no attribute "system"  [attr-defined]

[RRepo](thomaxxl)safrs

[RRepo](camconn)spigot-monitor
(camconn)spigot-monitor/wrapper.py:75:20: error: Incompatible return value type (got "None", expected "Tuple[Any, ...]")  [return-value]
(camconn)spigot-monitor/wrapper.py:84:16: error: Incompatible return value type (got "Iterator[Any]", expected "Tuple[Any, ...]")  [return-value]
Found 2 errors in 1 file (checked 4 source files)

[RRepo](GreenDelta)olca-app
Success: no issues found in 1 source file

[RRepo](MissionCriticalCloud)cosmic
(MissionCriticalCloud)cosmic/cosmic-marvin/marvin/dbConnection.py:65:13: error: invalid syntax  [syntax]
Found 1 error in 1 file (checked 100 source files)

[RRepo](audiohacked)pyBusPirate
(audiohacked)pyBusPirate/src/buspirate/i2c.py:133:5: error: Missing return statement  [return]
(audiohacked)pyBusPirate/src/buspirate/i2c.py:203:30: error: Incompatible types in assignment (expression has type "List[int]", variable has type "bytes")  [assignment]
(audiohacked)pyBusPirate/tests/test_buspirate_i2c.py:62:5: error: Missing return statement  [return]
(audiohacked)pyBusPirate/tests/test_buspirate_onewire.py:52:5: error: Missing return statement  [return]
(audiohacked)pyBusPirate/tests/test_buspirate_rawwire.py:148:6: error: Argument 1 to "skip" has incompatible type "Callable[[BusPirateRawWireTest], Any]"; expected "str"  [arg-type]
(audiohacked)pyBusPirate/tests/test_buspirate_rawwire.py:170:6: error: Argument 1 to "skip" has incompatible type "Callable[[BusPirateRawWireTest], Any]"; expected "str"  [arg-type]
(audiohacked)pyBusPirate/tests/test_buspirate_rawwire.py:176:6: error: Argument 1 to "skip" has incompatible type "Callable[[BusPirateRawWireTest], Any]"; expected "str"  [arg-type]
(audiohacked)pyBusPirate/src/buspirate/base.py:84:23: error: Module has no attribute "Serial"  [attr-defined]
(audiohacked)pyBusPirate/src/buspirate/base.py:113:5: error: Missing return statement  [return]
(audiohacked)pyBusPirate/src/buspirate/base.py:121:24: error: Argument 1 to "write" of "BusPirate" has incompatible type "int"; expected "Optional[bytes]"  [arg-type]
(audiohacked)pyBusPirate/src/buspirate/base.py:132:20: error: Argument 1 to "write" of "BusPirate" has incompatible type "int"; expected "Optional[bytes]"  [arg-type]
(audiohacked)pyBusPirate/src/buspirate/base.py:133:16: error: Incompatible return value type (got "bytes", expected "str")  [return-value]
(audiohacked)pyBusPirate/src/buspirate/base.py:199:20: error: Argument 1 to "write" of "BusPirate" has incompatible type "int"; expected "Optional[bytes]"  [arg-type]
(audiohacked)pyBusPirate/src/buspirate/base.py:208:20: error: Argument 1 to "write" of "BusPirate" has incompatible type "int"; expected "Optional[bytes]"  [arg-type]
(audiohacked)pyBusPirate/src/buspirate/base.py:236:20: error: Argument 1 to "len" has incompatible type "Optional[bytes]"; expected "Sized"  [arg-type]
(audiohacked)pyBusPirate/src/buspirate/base.py:237:30: error: Incompatible types in assignment (expression has type "List[Union[int, bytes, None]]", variable has type "bytes")  [assignment]
(audiohacked)pyBusPirate/setup.py:68:1: error: Need type annotation for 'about' (hint: "about: Dict[<type>, <type>] = ...")  [var-annotated]
(audiohacked)pyBusPirate/setup.py:80:5: error: Need type annotation for 'user_options' (hint: "user_options: List[<type>] = ...")  [var-annotated]
(audiohacked)pyBusPirate/setup.py:119:5: error: Need type annotation for 'user_options' (hint: "user_options: List[<type>] = ...")  [var-annotated]
Found 19 errors in 6 files (checked 17 source files)

[RRepo](Polyconseil)libcanardbc
Success: no issues found in 2 source files

[RRepo](vmagamedov)hiku
(vmagamedov)hiku/hiku/sources/aiopg.py:5:1: error: No parent module -- cannot perform relative import  [misc]
Found 1 error in 1 file (checked 61 source files)

[RRepo](openego)oeplatform
(openego)oeplatform/dataedit/templatetags/dataedit/metadata.py: error: Duplicate module named 'metadata' (also at '/home/bew/archive/typed_project/(openego)oeplatform/dataedit/metadata/__init__.py')  [misc]
(openego)oeplatform/dataedit/templatetags/dataedit/metadata.py: error: Are you missing an __init__.py?  [misc]
Found 2 errors in 1 file (checked 28 source files)

[RRepo](mattHawthorn)sk-torch
(mattHawthorn)sk-torch/sktorch/stopping.py:62:16: error: Argument 1 to "len" has incompatible type "Iterable[float]"; expected "Sized"  [arg-type]
(mattHawthorn)sk-torch/sktorch/stopping.py:64:20: error: "Iterable[float]" has no attribute "min"  [attr-defined]
(mattHawthorn)sk-torch/sktorch/stopping.py:65:20: error: Value of type "Iterable[float]" is not indexable  [index]
(mattHawthorn)sk-torch/sktorch/util.py:72:21: error: Unsupported operand types for + ("None" and "int")  [operator]
(mattHawthorn)sk-torch/sktorch/util.py:72:31: note: Left operand is of type "Optional[int]"
(mattHawthorn)sk-torch/sktorch/util.py:77:8: error: Unsupported operand types for > ("int" and "None")  [operator]
(mattHawthorn)sk-torch/sktorch/util.py:77:8: note: Right operand is of type "Optional[int]"
(mattHawthorn)sk-torch/sktorch/data.py:8:1: error: Module 'torch' has no attribute 'HalfTensor'  [attr-defined]
(mattHawthorn)sk-torch/sktorch/data.py:8:1: error: Module 'torch' has no attribute '_TensorBase'  [attr-defined]
(mattHawthorn)sk-torch/sktorch/data.py:13:1: error: Module 'torch.utils.data.dataloader' has no attribute 'default_collate'  [attr-defined]
(mattHawthorn)sk-torch/sktorch/data.py:26:25: error: Variable "data.FloatTensorTypes" is not valid as a type  [valid-type]
(mattHawthorn)sk-torch/sktorch/data.py:29:23: error: Variable "data.IntTensorTypes" is not valid as a type  [valid-type]
(mattHawthorn)sk-torch/sktorch/data.py:32:20: error: Variable "data.NumericTensorTypes" is not valid as a type  [valid-type]
(mattHawthorn)sk-torch/sktorch/data.py:35:17: error: Variable "data.NumericTypes" is not valid as a type  [valid-type]
(mattHawthorn)sk-torch/sktorch/data.py:37:19: error: Variable "data.ArrayTypes" is not valid as a type  [valid-type]
(mattHawthorn)sk-torch/sktorch/data.py:84:20: error: Incompatible return value type (got "Tensor", expected "FloatTensor")  [return-value]
(mattHawthorn)sk-torch/sktorch/data.py:102:22: error: ArrayTypes? has no attribute "size"  [attr-defined]
(mattHawthorn)sk-torch/sktorch/data.py:105:16: error: Incompatible return value type (got "Tensor", expected "FloatTensor")  [return-value]
(mattHawthorn)sk-torch/sktorch/data.py:125:23: error: Unsupported operand types for - ("float" and "Sequence[float]")  [operator]
(mattHawthorn)sk-torch/sktorch/data.py:125:30: error: Incompatible types in assignment (expression has type "float", variable has type "Sequence[float]")  [assignment]
(mattHawthorn)sk-torch/sktorch/data.py:128:17: error: Incompatible types in assignment (expression has type "float", variable has type "Sequence[float]")  [assignment]
(mattHawthorn)sk-torch/sktorch/data.py:128:23: error: Unsupported operand types for - ("float" and "Sequence[float]")  [operator]
(mattHawthorn)sk-torch/sktorch/data.py:129:18: error: Incompatible types in assignment (expression has type "None", variable has type "Sequence[float]")  [assignment]
(mattHawthorn)sk-torch/sktorch/data.py:136:20: error: Unsupported operand types for > ("float" and "Sequence[float]")  [operator]
(mattHawthorn)sk-torch/sktorch/data.py:136:26: error: Unsupported operand types for < ("float" and "Sequence[float]")  [operator]
(mattHawthorn)sk-torch/sktorch/data.py:137:20: error: Unsupported operand types for + ("float" and "Sequence[float]")  [operator]
(mattHawthorn)sk-torch/sktorch/data.py:140:20: error: Unsupported operand types for * ("Sequence[float]" and "int")  [operator]
(mattHawthorn)sk-torch/sktorch/data.py:147:24: error: Unsupported operand types for * ("Sequence[float]" and "int")  [operator]
(mattHawthorn)sk-torch/sktorch/data.py:161:16: error: ArrayTypes? has no attribute "data"  [attr-defined]
(mattHawthorn)sk-torch/sktorch/data.py:168:1: error: Missing return statement  [return]
(mattHawthorn)sk-torch/sktorch/data.py:177:13: error: Incompatible types in assignment (expression has type "Iterable[T1]", variable has type "Optional[Iterable[T2]]")  [assignment]
(mattHawthorn)sk-torch/sktorch/data.py:182:20: error: Incompatible return value type (got "MappedDataLoader", expected "Iterable[Tuple[NumericTensorTypes?, NumericTensorTypes?]]")  [return-value]
(mattHawthorn)sk-torch/sktorch/data.py:182:20: note: Following member(s) of "MappedDataLoader" have conflicts:
(mattHawthorn)sk-torch/sktorch/data.py:182:20: note:     Expected:
(mattHawthorn)sk-torch/sktorch/data.py:182:20: note:         def __iter__(self) -> Iterator[Tuple[NumericTensorTypes?, NumericTensorTypes?]]
(mattHawthorn)sk-torch/sktorch/data.py:182:20: note:     Got:
(mattHawthorn)sk-torch/sktorch/data.py:182:20: note:         def __iter__(self) -> Iterable[Tuple[NumericTensorTypes?, NumericTensorTypes?]]
(mattHawthorn)sk-torch/sktorch/data.py:187:23: error: Incompatible types in assignment (expression has type "SeqDataset", variable has type "TensorDataset")  [assignment]
(mattHawthorn)sk-torch/sktorch/data.py:187:34: error: Argument 1 to "SeqDataset" has incompatible type "Iterable[T1]"; expected "Sequence[T1]"  [arg-type]
(mattHawthorn)sk-torch/sktorch/data.py:187:37: error: Argument 2 to "SeqDataset" has incompatible type "Optional[Iterable[T2]]"; expected "Sequence[T2]"  [arg-type]
(mattHawthorn)sk-torch/sktorch/data.py:192:20: error: Incompatible return value type (got "BatchedIterableDataloader", expected "Iterable[Tuple[NumericTensorTypes?, NumericTensorTypes?]]")  [return-value]
(mattHawthorn)sk-torch/sktorch/data.py:192:20: note: Following member(s) of "BatchedIterableDataloader" have conflicts:
(mattHawthorn)sk-torch/sktorch/data.py:192:20: note:     Expected:
(mattHawthorn)sk-torch/sktorch/data.py:192:20: note:         def __iter__(self) -> Iterator[Tuple[NumericTensorTypes?, NumericTensorTypes?]]
(mattHawthorn)sk-torch/sktorch/data.py:192:20: note:     Got:
(mattHawthorn)sk-torch/sktorch/data.py:192:20: note:         def __iter__(self) -> Iterable[Tuple[NumericTensorTypes?, NumericTensorTypes?]]
(mattHawthorn)sk-torch/sktorch/data.py:212:50: error: Cannot call function of unknown type  [operator]
(mattHawthorn)sk-torch/sktorch/data.py:239:29: error: "object" not callable  [operator]
(mattHawthorn)sk-torch/sktorch/data.py:249:5: error: Return type "Iterable[Tuple[NumericTensorTypes?, NumericTensorTypes?]]" of "__iter__" incompatible with return type "_BaseDataLoaderIter" in supertype "DataLoader"  [override]
(mattHawthorn)sk-torch/sktorch/data.py:286:25: error: Incompatible types in assignment (expression has type "Iterator[Tuple[T1, T2]]", variable has type "Generator[Tuple[NumericTensorTypes?, NumericTensorTypes?], None, None]")  [assignment]
(mattHawthorn)sk-torch/sktorch/data.py:290:29: error: "object" not callable  [operator]
Found 39 errors in 3 files (checked 4 source files)

[RRepo](samuroi)SamuROI
(samuroi)SamuROI/doc/examples/masks.py:27:4: error: invalid syntax  [syntax]
Found 1 error in 1 file (checked 41 source files)

