[RRepo](ltworf)relational
(ltworf)relational/relational/optimizer.py:27:1: error: Module 'relational' has no attribute 'optimizations'  [attr-defined]
(ltworf)relational/relational/optimizer.py:87:21: error: Item "None" of "Optional[List[Any]]" has no attribute "append"  [union-attr]
(ltworf)relational/relational/optimizer.py:93:21: error: Item "None" of "Optional[List[Any]]" has no attribute "append"  [union-attr]
(ltworf)relational/relational_readline/linegui.py:222:23: error: Incompatible types in assignment (expression has type "None", variable has type "str")  [assignment]

[RRepo](GoogleCloudPlatform)serverless-store-demo
(GoogleCloudPlatform)serverless-store-demo/app/helpers/orders/data_classes.py:73:15: error: Incompatible types in assignment (expression has type "None", variable has type "str")  [assignment]
Found 1 error in 1 file (checked 7 source files)

[RRepo](futuresimple)triggear
(futuresimple)triggear/tests/async_mockito.py:15:32: error: Function "builtins.any" is not valid as a type  [valid-type]
(futuresimple)triggear/tests/async_mockito.py:15:32: note: Perhaps you need "Callable[...]" or a callback protocol?
(futuresimple)triggear/tests/async_mockito.py:17:9: error: Need type annotation for 'done' (hint: "done: List[<type>] = ...")  [var-annotated]
(futuresimple)triggear/app/clients/github_client.py:17:13: error: Attribute '__async_github' already defined on line 13  [no-redef]
(futuresimple)triggear/app/clients/async_client.py:44:49: error: Incompatible types in assignment (expression has type "None", variable has type "ClientSession")  [assignment]
Found 4 errors in 3 files (checked 72 source files)

[RRepo](alexram1313)doorsms
Success: no issues found in 1 source file

[RRepo](lucventurini)mikado
(lucventurini)mikado/Mikado/subprograms/util/trim.py:8:1: error: No parent module -- cannot perform relative import  [misc]
Found 1 error in 1 file (checked 49 source files)

[RRepo](IDSIA)sacred
(IDSIA)sacred/sacred/observers/queue.py:5:1: error: Module 'queue' has no attribute 'Queue'  [attr-defined]
(IDSIA)sacred/sacred/config/custom_containers.py:136:5: error: Signatures of "__iadd__" and "__add__" are incompatible  [misc]
(IDSIA)sacred/sacred/config/custom_containers.py:139:5: error: Signatures of "__imul__" and "__mul__" are incompatible  [misc]
(IDSIA)sacred/sacred/config/custom_containers.py:182:13: error: Incompatible types in assignment (expression has type "Callable[[ReadOnlyContainer, VarArg(Any), KwArg(Any)], Any]", base class "dict" defined the type as "Callable[[Dict[Any, Any]], None]")  [assignment]
(IDSIA)sacred/sacred/config/custom_containers.py:183:11: error: Incompatible types in assignment (expression has type "Callable[[ReadOnlyContainer, VarArg(Any), KwArg(Any)], Any]", base class "MutableMapping" defined the type as overloaded function)  [assignment]
(IDSIA)sacred/sacred/config/custom_containers.py:184:15: error: Incompatible types in assignment (expression has type "Callable[[ReadOnlyContainer, VarArg(Any), KwArg(Any)], Any]", base class "dict" defined the type as "Callable[[Dict[Any, Any]], Tuple[Any, Any]]")  [assignment]
(IDSIA)sacred/sacred/config/custom_containers.py:185:18: error: Incompatible types in assignment (expression has type "Callable[[ReadOnlyContainer, VarArg(Any), KwArg(Any)], Any]", base class "dict" defined the type as "Callable[[Dict[Any, Any], Any, Any], Any]")  [assignment]
(IDSIA)sacred/sacred/config/custom_containers.py:186:14: error: Incompatible types in assignment (expression has type "Callable[[ReadOnlyContainer, VarArg(Any), KwArg(Any)], Any]", base class "dict" defined the type as overloaded function)  [assignment]
(IDSIA)sacred/sacred/config/custom_containers.py:187:19: error: Incompatible types in assignment (expression has type "Callable[[ReadOnlyContainer, VarArg(Any), KwArg(Any)], Any]", base class "dict" defined the type as "Callable[[Dict[Any, Any], Any, Any], None]")  [assignment]
(IDSIA)sacred/sacred/config/custom_containers.py:188:19: error: Incompatible types in assignment (expression has type "Callable[[ReadOnlyContainer, VarArg(Any), KwArg(Any)], Any]", base class "dict" defined the type as "Callable[[Dict[Any, Any], Any], None]")  [assignment]
(IDSIA)sacred/sacred/config/custom_containers.py:208:14: error: Incompatible types in assignment (expression has type "Callable[[ReadOnlyContainer, VarArg(Any), KwArg(Any)], Any]", base class "list" defined the type as "Callable[[List[Any], Any], None]")  [assignment]
(IDSIA)sacred/sacred/config/custom_containers.py:209:13: error: Incompatible types in assignment (expression has type "Callable[[ReadOnlyContainer, VarArg(Any), KwArg(Any)], Any]", base class "list" defined the type as "Callable[[List[Any]], None]")  [assignment]
(IDSIA)sacred/sacred/config/custom_containers.py:210:14: error: Incompatible types in assignment (expression has type "Callable[[ReadOnlyContainer, VarArg(Any), KwArg(Any)], Any]", base class "list" defined the type as "Callable[[List[Any], Iterable[Any]], None]")  [assignment]
(IDSIA)sacred/sacred/config/custom_containers.py:211:14: error: Incompatible types in assignment (expression has type "Callable[[ReadOnlyContainer, VarArg(Any), KwArg(Any)], Any]", base class "list" defined the type as "Callable[[List[Any], int, Any], None]")  [assignment]
(IDSIA)sacred/sacred/config/custom_containers.py:212:11: error: Incompatible types in assignment (expression has type "Callable[[ReadOnlyContainer, VarArg(Any), KwArg(Any)], Any]", base class "list" defined the type as "Callable[[List[Any], int], Any]")  [assignment]
(IDSIA)sacred/sacred/config/custom_containers.py:213:14: error: Incompatible types in assignment (expression has type "Callable[[ReadOnlyContainer, VarArg(Any), KwArg(Any)], Any]", base class "list" defined the type as "Callable[[List[Any], Any], None]")  [assignment]
(IDSIA)sacred/sacred/config/custom_containers.py:214:15: error: Incompatible types in assignment (expression has type "Callable[[ReadOnlyContainer, VarArg(Any), KwArg(Any)], Any]", base class "list" defined the type as "Callable[[List[Any]], None]")  [assignment]
(IDSIA)sacred/sacred/config/custom_containers.py:215:12: error: Incompatible types in assignment (expression has type "Callable[[ReadOnlyContainer, VarArg(Any), KwArg(Any)], Any]", base class "list" defined the type as "Callable[[List[Any], DefaultNamedArg(Optional[Callable[[Any], Any]], 'key'), DefaultNamedArg(bool, 'reverse')], None]")  [assignment]
(IDSIA)sacred/sacred/config/custom_containers.py:216:19: error: Incompatible types in assignment (expression has type "Callable[[ReadOnlyContainer, VarArg(Any), KwArg(Any)], Any]", base class "list" defined the type as overloaded function)  [assignment]
(IDSIA)sacred/sacred/config/custom_containers.py:217:19: error: Incompatible types in assignment (expression has type "Callable[[ReadOnlyContainer, VarArg(Any), KwArg(Any)], Any]", base class "list" defined the type as "Callable[[List[Any], Union[int, slice]], None]")  [assignment]
(IDSIA)sacred/sacred/ingredient.py:56:9: error: Need type annotation for 'config_hooks' (hint: "config_hooks: List[<type>] = ...")  [var-annotated]
(IDSIA)sacred/sacred/ingredient.py:57:9: error: Need type annotation for 'configurations' (hint: "configurations: List[<type>] = ...")  [var-annotated]
(IDSIA)sacred/sacred/ingredient.py:58:9: error: Need type annotation for 'named_configs' (hint: "named_configs: Dict[<type>, <type>] = ...")  [var-annotated]
(IDSIA)sacred/sacred/ingredient.py:61:9: error: Need type annotation for 'captured_functions' (hint: "captured_functions: List[<type>] = ...")  [var-annotated]
(IDSIA)sacred/sacred/ingredient.py:62:9: error: Need type annotation for 'post_run_hooks' (hint: "post_run_hooks: List[<type>] = ...")  [var-annotated]
(IDSIA)sacred/sacred/ingredient.py:63:9: error: Need type annotation for 'pre_run_hooks' (hint: "pre_run_hooks: List[<type>] = ...")  [var-annotated]
(IDSIA)sacred/sacred/ingredient.py:65:9: error: Need type annotation for 'commands'  [var-annotated]
(IDSIA)sacred/tests/test_observers/test_queue_mongo_observer.py:13:1: error: Name 'pymongo' already defined on line 10  [no-redef]
(IDSIA)sacred/sacred/observers/sql_bases.py:15:14: error: Variable "sql_bases.Base" is not valid as a type  [valid-type]
(IDSIA)sacred/sacred/observers/sql_bases.py:15:14: error: Invalid base class "Base"  [misc]
(IDSIA)sacred/sacred/observers/sql_bases.py:42:18: error: Variable "sql_bases.Base" is not valid as a type  [valid-type]
(IDSIA)sacred/sacred/observers/sql_bases.py:42:18: error: Invalid base class "Base"  [misc]
(IDSIA)sacred/sacred/observers/sql_bases.py:61:16: error: Variable "sql_bases.Base" is not valid as a type  [valid-type]
(IDSIA)sacred/sacred/observers/sql_bases.py:61:16: error: Invalid base class "Base"  [misc]
(IDSIA)sacred/sacred/observers/sql_bases.py:80:16: error: Variable "sql_bases.Base" is not valid as a type  [valid-type]
(IDSIA)sacred/sacred/observers/sql_bases.py:80:16: error: Invalid base class "Base"  [misc]
(IDSIA)sacred/sacred/observers/sql_bases.py:103:12: error: Variable "sql_bases.Base" is not valid as a type  [valid-type]
(IDSIA)sacred/sacred/observers/sql_bases.py:103:12: error: Invalid base class "Base"  [misc]
(IDSIA)sacred/sacred/observers/sql_bases.py:149:18: error: Variable "sql_bases.Base" is not valid as a type  [valid-type]
(IDSIA)sacred/sacred/observers/sql_bases.py:149:18: error: Invalid base class "Base"  [misc]
(IDSIA)sacred/sacred/observers/sql_bases.py:207:11: error: Variable "sql_bases.Base" is not valid as a type  [valid-type]
(IDSIA)sacred/sacred/observers/sql_bases.py:207:11: error: Invalid base class "Base"  [misc]
(IDSIA)sacred/sacred/metrics_logger.py:6:1: error: Module 'queue' has no attribute 'Empty'  [attr-defined]
(IDSIA)sacred/sacred/optional.py:45:56: error: Argument 1 to "LoadLibrary" of "LibraryLoader" has incompatible type "Optional[str]"; expected "str"  [arg-type]
(IDSIA)sacred/sacred/commandline_options.py:136:18: error: Incompatible types in assignment (expression has type "str", base class "CommandLineOption" defined the type as "None")  [assignment]
(IDSIA)sacred/sacred/commandline_options.py:146:11: error: Incompatible types in assignment (expression has type "str", base class "CommandLineOption" defined the type as "None")  [assignment]
(IDSIA)sacred/sacred/commandline_options.py:148:9: error: Incompatible types in assignment (expression has type "str", base class "CommandLineOption" defined the type as "None")  [assignment]
(IDSIA)sacred/sacred/commandline_options.py:167:11: error: Incompatible types in assignment (expression has type "str", base class "CommandLineOption" defined the type as "None")  [assignment]
(IDSIA)sacred/sacred/commandline_options.py:168:23: error: Incompatible types in assignment (expression has type "str", base class "CommandLineOption" defined the type as "None")  [assignment]
(IDSIA)sacred/sacred/commandline_options.py:179:11: error: Incompatible types in assignment (expression has type "str", base class "CommandLineOption" defined the type as "None")  [assignment]
(IDSIA)sacred/sacred/commandline_options.py:180:23: error: Incompatible types in assignment (expression has type "str", base class "CommandLineOption" defined the type as "None")  [assignment]
(IDSIA)sacred/sacred/commandline_options.py:218:18: error: Incompatible types in assignment (expression has type "str", base class "CommandLineOption" defined the type as "None")  [assignment]
(IDSIA)sacred/sacred/commandline_options.py:219:11: error: Incompatible types in assignment (expression has type "str", base class "CommandLineOption" defined the type as "None")  [assignment]
(IDSIA)sacred/sacred/commandline_options.py:220:23: error: Incompatible types in assignment (expression has type "str", base class "CommandLineOption" defined the type as "None")  [assignment]
(IDSIA)sacred/sacred/commandline_options.py:275:11: error: Incompatible types in assignment (expression has type "str", base class "CommandLineOption" defined the type as "None")  [assignment]
(IDSIA)sacred/sacred/commandline_options.py:276:23: error: Incompatible types in assignment (expression has type "str", base class "CommandLineOption" defined the type as "None")  [assignment]
(IDSIA)sacred/sacred/commandline_options.py:287:18: error: Incompatible types in assignment (expression has type "str", base class "CommandLineOption" defined the type as "None")  [assignment]
(IDSIA)sacred/sacred/commandline_options.py:288:11: error: Incompatible types in assignment (expression has type "str", base class "CommandLineOption" defined the type as "None")  [assignment]
(IDSIA)sacred/sacred/commandline_options.py:289:23: error: Incompatible types in assignment (expression has type "str", base class "CommandLineOption" defined the type as "None")  [assignment]
(IDSIA)sacred/sacred/commands.py:70:1: error: Cannot assign to a method  [assignment]
Found 60 errors in 9 files (checked 84 source files)

[RRepo](angr)cle
(angr)cle/cle/backends/elf/relocation/__init__.py: error: Duplicate module named 'relocation' (also at '/home/bew/archive/typed_project/(angr)cle/cle/backends/pe/relocation/__init__.py')  [misc]
Found 1 error in 1 file (checked 36 source files)

[RRepo](akashin)HSE_AI_Labs
(akashin)HSE_AI_Labs/Lab_4/Content/Scripts/ue_site.py:16:14: error: Incompatible types in assignment (expression has type "UnrealEngineOutput", variable has type "TextIO")  [assignment]
(akashin)HSE_AI_Labs/Lab_4/Content/Scripts/ue_site.py:17:14: error: Incompatible types in assignment (expression has type "UnrealEngineOutput", variable has type "TextIO")  [assignment]
(akashin)HSE_AI_Labs/Lab_5/Content/Scripts/play.py:10:5: error: Name 'pickle' already defined (possibly by an import)  [no-redef]
(akashin)HSE_AI_Labs/Lab_5/Content/Scripts/play.py:84:20: error: Incompatible types in assignment (expression has type "List[str]", target has type "Dict[str, float]")  [assignment]
(akashin)HSE_AI_Labs/Lab_4/Content/Scripts/controller.py:55:14: error: Incompatible types in assignment (expression has type "UnrealEngineOutput", variable has type "TextIO")  [assignment]
(akashin)HSE_AI_Labs/Lab_4/Content/Scripts/controller.py:56:14: error: Incompatible types in assignment (expression has type "UnrealEngineOutput", variable has type "TextIO")  [assignment]
(akashin)HSE_AI_Labs/Lab_4/Content/Scripts/controller.py:58:8: error: Not all arguments converted during string formatting  [str-format]
(akashin)HSE_AI_Labs/Lab_4/Content/Scripts/controller.py:123:16: error: "PythonAIController" has no attribute "uobject"  [attr-defined]
Found 8 errors in 3 files (checked 8 source files)

[RRepo](GoogleCloudPlatform)professional-services
(GoogleCloudPlatform)professional-services/tools/site-verification-group-sync/sync-owners.py:86:17: error: Missing parentheses in call to 'print'. Did you mean print(result)?  [syntax]
Found 1 error in 1 file (checked 145 source files)

[RRepo](trezor)python-trezor
(trezor)python-trezor/trezorlib/transport/bridge.py:24:1: error: No parent module -- cannot perform relative import  [misc]
Found 1 error in 1 file (checked 109 source files)

[RRepo](DLR-SC)F2x
(DLR-SC)F2x/test/cython_ex/template/cython/strategy.py: error: Duplicate module named 'strategy' (also at '/home/bew/archive/typed_project/(DLR-SC)F2x/src/F2x/distutils/strategy/__init__.py')  [misc]
Found 1 error in 1 file (checked 24 source files)

[RRepo](ironmussa)Optimus
(ironmussa)Optimus/tests/test_optimus_spark_session.py:2:1: error: Module 'optimus' has no attribute 'Optimus'  [attr-defined]
(ironmussa)Optimus/tests/test_dl.py:1:1: error: Module 'optimus' has no attribute 'Optimus'  [attr-defined]
(ironmussa)Optimus/tests/test_dataframe.py:1:1: error: Module 'optimus' has no attribute 'Optimus'  [attr-defined]
(ironmussa)Optimus/tests/test_dataframe.py:7:16: error: Name 'StringType' is not defined  [name-defined]
(ironmussa)Optimus/tests/test_dataframe.py:8:15: error: Name 'StringType' is not defined  [name-defined]
(ironmussa)Optimus/examples/hacking_optimus.py:29:1: error: Module 'optimus' has no attribute 'Optimus'  [attr-defined]
(ironmussa)Optimus/optimus/helpers/logger.py:5:5: error: Need type annotation for '_instances' (hint: "_instances: Dict[<type>, <type>] = ...")  [var-annotated]
(ironmussa)Optimus/tests/test_plot.py:7:1: error: Module 'optimus' has no attribute 'Optimus'  [attr-defined]
(ironmussa)Optimus/tests/test_plot.py:13:16: error: Name 'StringType' is not defined  [name-defined]
(ironmussa)Optimus/tests/test_plot.py:13:52: error: Name 'ShortType' is not defined  [name-defined]
(ironmussa)Optimus/tests/test_plot.py:14:15: error: Name 'ByteType' is not defined  [name-defined]
(ironmussa)Optimus/tests/test_plot.py:14:42: error: Name 'IntegerType' is not defined  [name-defined]
(ironmussa)Optimus/tests/test_plot.py:14:78: error: Name 'FloatType' is not defined  [name-defined]
(ironmussa)Optimus/tests/test_plot.py:15:24: error: Name 'ArrayType' is not defined  [name-defined]
(ironmussa)Optimus/tests/test_plot.py:15:34: error: Name 'StringType' is not defined  [name-defined]
(ironmussa)Optimus/tests/test_plot.py:16:23: error: Name 'StringType' is not defined  [name-defined]
(ironmussa)Optimus/tests/test_plot.py:17:21: error: Name 'ArrayType' is not defined  [name-defined]
(ironmussa)Optimus/tests/test_plot.py:17:31: error: Name 'FloatType' is not defined  [name-defined]
(ironmussa)Optimus/tests/test_plot.py:17:71: error: Name 'DateType' is not defined  [name-defined]
(ironmussa)Optimus/tests/test_plot.py:18:20: error: Name 'TimestampType' is not defined  [name-defined]
(ironmussa)Optimus/tests/test_plot.py:18:61: error: Name 'BooleanType' is not defined  [name-defined]
(ironmussa)Optimus/tests/test_plot.py:19:27: error: Name 'BinaryType' is not defined  [name-defined]
(ironmussa)Optimus/tests/test_plot.py:19:61: error: Name 'NullType' is not defined  [name-defined]
(ironmussa)Optimus/tests/test_sql.py:2:1: error: Module 'optimus' has no attribute 'Optimus'  [attr-defined]
(ironmussa)Optimus/tests/test_sql.py:12:16: error: Name 'StringType' is not defined  [name-defined]
(ironmussa)Optimus/tests/test_sql.py:12:52: error: Name 'ShortType' is not defined  [name-defined]
(ironmussa)Optimus/tests/test_sql.py:13:15: error: Name 'ByteType' is not defined  [name-defined]
(ironmussa)Optimus/tests/test_sql.py:13:42: error: Name 'IntegerType' is not defined  [name-defined]
(ironmussa)Optimus/tests/test_sql.py:13:78: error: Name 'FloatType' is not defined  [name-defined]
(ironmussa)Optimus/tests/test_sql.py:14:24: error: Name 'ArrayType' is not defined  [name-defined]
(ironmussa)Optimus/tests/test_sql.py:14:34: error: Name 'StringType' is not defined  [name-defined]
(ironmussa)Optimus/tests/test_sql.py:15:23: error: Name 'StringType' is not defined  [name-defined]
(ironmussa)Optimus/tests/test_sql.py:16:21: error: Name 'ArrayType' is not defined  [name-defined]
(ironmussa)Optimus/tests/test_sql.py:16:31: error: Name 'FloatType' is not defined  [name-defined]
(ironmussa)Optimus/tests/test_sql.py:16:71: error: Name 'DateType' is not defined  [name-defined]
(ironmussa)Optimus/tests/test_sql.py:17:20: error: Name 'TimestampType' is not defined  [name-defined]
(ironmussa)Optimus/tests/test_sql.py:17:61: error: Name 'BooleanType' is not defined  [name-defined]
(ironmussa)Optimus/tests/test_sql.py:18:27: error: Name 'BinaryType' is not defined  [name-defined]
(ironmussa)Optimus/tests/test_sql.py:18:61: error: Name 'NullType' is not defined  [name-defined]
(ironmussa)Optimus/tests/test_optimus.py:2:1: error: Module 'optimus' has no attribute 'Optimus'  [attr-defined]
(ironmussa)Optimus/tests/test_profiler.py:6:1: error: Module 'optimus' has no attribute 'Optimus'  [attr-defined]

[RRepo](shimpe)expremigen
Success: no issues found in 51 source files

[RRepo](balabit)typesafety
(balabit)typesafety/typesafety/tests/mockmodule.py:21:1: error: Module 'typesafety.tests' has no attribute 'mockmodule2'  [attr-defined]
(balabit)typesafety/features/steps/steps.py:28:1: error: Name 'assert_equal' is not defined  [name-defined]
(balabit)typesafety/features/steps/steps.py:36:2: error: Name 'write_file' already defined on line 31  [no-redef]
(balabit)typesafety/typesafety/tests/test_plugin.py:23:1: error: Relative import climbs too many namespaces  [misc]
(balabit)typesafety/typesafety/tests/test_validator.py:27:18: error: Function "builtins.callable" is not valid as a type  [valid-type]
(balabit)typesafety/typesafety/tests/test_validator.py:27:18: note: Perhaps you need "Callable[...]" or a callback protocol?
(balabit)typesafety/typesafety/tests/test_validator.py:28:20: error: Syntax error in type annotation  [syntax]
(balabit)typesafety/typesafety/tests/test_validator.py:28:20: note: Suggestion: Use Tuple[T1, ..., Tn] instead of (T1, ..., Tn)
(balabit)typesafety/typesafety/tests/test_validator.py:174:20: error: Incompatible return value type (got "str", expected "int")  [return-value]
(balabit)typesafety/typesafety/tests/test_sphinxautodoc.py:23:1: error: Relative import climbs too many namespaces  [misc]
(balabit)typesafety/typesafety/tests/test_sphinxautodoc.py:249:43: error: Syntax error in type annotation  [syntax]
(balabit)typesafety/typesafety/tests/test_sphinxautodoc.py:249:43: note: Suggestion: Use Tuple[T1, ..., Tn] instead of (T1, ..., Tn)
(balabit)typesafety/typesafety/tests/test_sphinxautodoc.py:265:45: error: Invalid type comment or annotation  [valid-type]
(balabit)typesafety/typesafety/tests/test_sphinxautodoc.py:315:49: error: Incompatible default for argument "self" (default has type "None", argument has type "ExampleClass")  [assignment]
(balabit)typesafety/typesafety/tests/test_sphinxautodoc.py:323:25: error: Function "builtins.callable" is not valid as a type  [valid-type]
(balabit)typesafety/typesafety/tests/test_sphinxautodoc.py:323:25: note: Perhaps you need "Callable[...]" or a callback protocol?
(balabit)typesafety/typesafety/tests/test_sphinxautodoc.py:324:10: error: Function "builtins.callable" is not valid as a type  [valid-type]
(balabit)typesafety/typesafety/tests/test_sphinxautodoc.py:324:10: note: Perhaps you need "Callable[...]" or a callback protocol?
(balabit)typesafety/typesafety/tests/test_sphinxautodoc.py:346:24: error: Syntax error in type annotation  [syntax]
(balabit)typesafety/typesafety/tests/test_sphinxautodoc.py:346:24: note: Suggestion: Use Tuple[T1, ..., Tn] instead of (T1, ..., Tn)
(balabit)typesafety/typesafety/tests/test_sphinxautodoc.py:348:26: error: Syntax error in type annotation  [syntax]
(balabit)typesafety/typesafety/tests/test_sphinxautodoc.py:348:26: note: Suggestion: Use Tuple[T1, ..., Tn] instead of (T1, ..., Tn)
Found 15 errors in 5 files (checked 18 source files)

[RRepo](liiight)notifiers
(liiight)notifiers/notifiers/providers/slack.py:1:1: error: Relative import climbs too many namespaces  [misc]
(liiight)notifiers/notifiers/providers/slack.py:2:1: error: Relative import climbs too many namespaces  [misc]
(liiight)notifiers/notifiers/providers/zulip.py:1:1: error: Relative import climbs too many namespaces  [misc]
(liiight)notifiers/notifiers/providers/zulip.py:2:1: error: Relative import climbs too many namespaces  [misc]
(liiight)notifiers/notifiers/providers/zulip.py:3:1: error: Relative import climbs too many namespaces  [misc]
(liiight)notifiers/notifiers/providers/statuspage.py:1:1: error: Relative import climbs too many namespaces  [misc]
(liiight)notifiers/notifiers/providers/statuspage.py:2:1: error: Relative import climbs too many namespaces  [misc]
(liiight)notifiers/notifiers/providers/statuspage.py:3:1: error: Relative import climbs too many namespaces  [misc]
(liiight)notifiers/notifiers/providers/gitter.py:1:1: error: Relative import climbs too many namespaces  [misc]
(liiight)notifiers/notifiers/providers/gitter.py:2:1: error: Relative import climbs too many namespaces  [misc]
(liiight)notifiers/notifiers/providers/gitter.py:3:1: error: Relative import climbs too many namespaces  [misc]
(liiight)notifiers/notifiers/providers/pagerduty.py:1:1: error: Relative import climbs too many namespaces  [misc]
(liiight)notifiers/notifiers/providers/pagerduty.py:2:1: error: Relative import climbs too many namespaces  [misc]
(liiight)notifiers/notifiers/providers/twilio.py:1:1: error: Relative import climbs too many namespaces  [misc]
(liiight)notifiers/notifiers/providers/twilio.py:2:1: error: Relative import climbs too many namespaces  [misc]
(liiight)notifiers/notifiers/providers/twilio.py:3:1: error: Relative import climbs too many namespaces  [misc]
(liiight)notifiers/notifiers/providers/simplepush.py:1:1: error: Relative import climbs too many namespaces  [misc]
(liiight)notifiers/notifiers/providers/simplepush.py:2:1: error: Relative import climbs too many namespaces  [misc]
(liiight)notifiers/notifiers/providers/popcornnotify.py:1:1: error: Relative import climbs too many namespaces  [misc]
(liiight)notifiers/notifiers/providers/popcornnotify.py:2:1: error: Relative import climbs too many namespaces  [misc]
(liiight)notifiers/notifiers/providers/popcornnotify.py:3:1: error: Relative import climbs too many namespaces  [misc]
(liiight)notifiers/notifiers/providers/pushbullet.py:1:1: error: Relative import climbs too many namespaces  [misc]
(liiight)notifiers/notifiers/providers/pushbullet.py:2:1: error: Relative import climbs too many namespaces  [misc]
(liiight)notifiers/notifiers/providers/pushbullet.py:3:1: error: Relative import climbs too many namespaces  [misc]
(liiight)notifiers/notifiers/providers/telegram.py:1:1: error: Relative import climbs too many namespaces  [misc]
(liiight)notifiers/notifiers/providers/telegram.py:2:1: error: Relative import climbs too many namespaces  [misc]
(liiight)notifiers/notifiers/providers/telegram.py:3:1: error: Relative import climbs too many namespaces  [misc]
(liiight)notifiers/notifiers/providers/pushover.py:1:1: error: Relative import climbs too many namespaces  [misc]
(liiight)notifiers/notifiers/providers/pushover.py:2:1: error: Relative import climbs too many namespaces  [misc]
(liiight)notifiers/notifiers/providers/pushover.py:3:1: error: Relative import climbs too many namespaces  [misc]
(liiight)notifiers/notifiers/providers/pushover.py:4:1: error: Relative import climbs too many namespaces  [misc]
(liiight)notifiers/notifiers/providers/pushover.py:164:9: error: Need type annotation for 'headers' (hint: "headers: Dict[<type>, <type>] = ...")  [var-annotated]
(liiight)notifiers/notifiers/providers/hipchat.py:3:1: error: Relative import climbs too many namespaces  [misc]
(liiight)notifiers/notifiers/providers/hipchat.py:4:1: error: Relative import climbs too many namespaces  [misc]
(liiight)notifiers/notifiers/providers/hipchat.py:5:1: error: Relative import climbs too many namespaces  [misc]
(liiight)notifiers/notifiers/logging.py:9:27: error: Name 'logging.Handler' is not defined  [name-defined]

[RRepo](jamescooke)factory_djoy
(jamescooke)factory_djoy/factory_djoy/factories.py:112:5: error: Need type annotation for 'used' (hint: "used: Set[<type>] = ...")  [var-annotated]

[RRepo](fclesio)learning-space
(fclesio)learning-space/Python/machine-learning/apriori.py:120:52: error: invalid syntax  [syntax]
Found 1 error in 1 file (checked 27 source files)

[RRepo](tebeka)pythonwise
(tebeka)pythonwise/xmlrpc_file_server.py:49:22: error: invalid syntax  [syntax]
Found 1 error in 1 file (checked 164 source files)

[RRepo](opensistemas-hub)osbrain
(opensistemas-hub)osbrain/osbrain/logging.py:6:1: error: No parent module -- cannot perform relative import  [misc]
(opensistemas-hub)osbrain/osbrain/logging.py:7:1: error: No parent module -- cannot perform relative import  [misc]
Found 2 errors in 1 file (checked 39 source files)

[RRepo](adsharma)flattools
(adsharma)flattools/fbs/parser/parsetab.py:13:1: error: Need type annotation for '_lr_action' (hint: "_lr_action: Dict[<type>, <type>] = ...")  [var-annotated]
(adsharma)flattools/fbs/parser/parsetab.py:22:1: error: Need type annotation for '_lr_goto' (hint: "_lr_goto: Dict[<type>, <type>] = ...")  [var-annotated]
(adsharma)flattools/fbs/fbs.py:179:18: error: Unsupported dynamic base class "with_metaclass"  [misc]
(adsharma)flattools/fbs/fbs.py:181:16: error: Incompatible types in assignment (expression has type "None", base class "object" defined the type as "Callable[[object], int]")  [assignment]
(adsharma)flattools/flattools/pp.py:59:1: error: Need type annotation for 'pretty_printers_dict' (hint: "pretty_printers_dict: Dict[<type>, <type>] = ...")  [var-annotated]
(adsharma)flattools/bin/flatc.py:95:58: error: Too few arguments for "get_type"  [call-arg]
Found 6 errors in 4 files (checked 10 source files)

[RRepo](DongjunLee)kino-bot
(DongjunLee)kino-bot/kino/notifier/skill_list.py:3:1: error: Relative import climbs too many namespaces  [misc]
(DongjunLee)kino-bot/kino/notifier/skill_list.py:5:1: error: Relative import climbs too many namespaces  [misc]
(DongjunLee)kino-bot/kino/notifier/skill_list.py:6:1: error: Relative import climbs too many namespaces  [misc]
(DongjunLee)kino-bot/kino/dialog/dnd.py:2:1: error: Relative import climbs too many namespaces  [misc]
(DongjunLee)kino-bot/kino/dialog/dnd.py:4:1: error: Relative import climbs too many namespaces  [misc]
(DongjunLee)kino-bot/kino/dialog/dnd.py:5:1: error: Relative import climbs too many namespaces  [misc]
(DongjunLee)kino-bot/kino/dialog/dialog_manager.py:2:1: error: Relative import climbs too many namespaces  [misc]
(DongjunLee)kino-bot/kino/dialog/dialog_manager.py:3:1: error: Relative import climbs too many namespaces  [misc]
(DongjunLee)kino-bot/kino/skills/pocket.py:15:16: error: Incompatible types in assignment (expression has type "str", variable has type "List[Any]")  [assignment]
(DongjunLee)kino-bot/kino/skills/jenkins.py:5:1: error: Relative import climbs too many namespaces  [misc]
(DongjunLee)kino-bot/kino/skills/jenkins.py:6:1: error: Relative import climbs too many namespaces  [misc]
(DongjunLee)kino-bot/kino/skills/predictor.py:4:1: error: Relative import climbs too many namespaces  [misc]
(DongjunLee)kino-bot/kino/skills/predictor.py:5:1: error: Relative import climbs too many namespaces  [misc]
(DongjunLee)kino-bot/kino/skills/predictor.py:7:1: error: Relative import climbs too many namespaces  [misc]
(DongjunLee)kino-bot/kino/skills/predictor.py:8:1: error: Relative import climbs too many namespaces  [misc]
(DongjunLee)kino-bot/kino/skills/predictor.py:10:1: error: Relative import climbs too many namespaces  [misc]
(DongjunLee)kino-bot/kino/skills/predictor.py:11:1: error: Relative import climbs too many namespaces  [misc]
(DongjunLee)kino-bot/kino/skills/predictor.py:12:1: error: Relative import climbs too many namespaces  [misc]
(DongjunLee)kino-bot/kino/skills/twitter.py:5:1: error: Relative import climbs too many namespaces  [misc]
(DongjunLee)kino-bot/kino/skills/twitter.py:7:1: error: Relative import climbs too many namespaces  [misc]
(DongjunLee)kino-bot/kino/skills/twitter.py:8:1: error: Relative import climbs too many namespaces  [misc]
(DongjunLee)kino-bot/kino/notifier/scheduler.py:10:1: error: Relative import climbs too many namespaces  [misc]
(DongjunLee)kino-bot/kino/notifier/scheduler.py:12:1: error: Relative import climbs too many namespaces  [misc]
(DongjunLee)kino-bot/kino/notifier/scheduler.py:13:1: error: Relative import climbs too many namespaces  [misc]
(DongjunLee)kino-bot/kino/notifier/scheduler.py:14:1: error: Relative import climbs too many namespaces  [misc]
(DongjunLee)kino-bot/kino/notifier/scheduler.py:16:1: error: Relative import climbs too many namespaces  [misc]
(DongjunLee)kino-bot/kino/notifier/scheduler.py:17:1: error: Relative import climbs too many namespaces  [misc]
(DongjunLee)kino-bot/kino/notifier/scheduler.py:18:1: error: Relative import climbs too many namespaces  [misc]
(DongjunLee)kino-bot/kino/notifier/between.py:5:1: error: Relative import climbs too many namespaces  [misc]
(DongjunLee)kino-bot/kino/notifier/between.py:6:1: error: Relative import climbs too many namespaces  [misc]
(DongjunLee)kino-bot/kino/notifier/between.py:7:1: error: Relative import climbs too many namespaces  [misc]
(DongjunLee)kino-bot/kino/notifier/between.py:9:1: error: Relative import climbs too many namespaces  [misc]
(DongjunLee)kino-bot/kino/notifier/between.py:10:1: error: Relative import climbs too many namespaces  [misc]
(DongjunLee)kino-bot/kino/slack/resource.py:5:1: error: Relative import climbs too many namespaces  [misc]
(DongjunLee)kino-bot/kino/nlp/ner.py:5:1: error: Relative import climbs too many namespaces  [misc]
(DongjunLee)kino-bot/kino/utils/logger.py:89:5: error: Need type annotation for 'instance' (hint: "instance: Dict[<type>, <type>] = ...")  [var-annotated]
(DongjunLee)kino-bot/kino/utils/member.py:3:1: error: Relative import climbs too many namespaces  [misc]
(DongjunLee)kino-bot/kino/utils/member.py:5:1: error: Relative import climbs too many namespaces  [misc]
(DongjunLee)kino-bot/kino/skills/maxim.py:4:1: error: Relative import climbs too many namespaces  [misc]
(DongjunLee)kino-bot/kino/skills/maxim.py:6:1: error: Relative import climbs too many namespaces  [misc]
(DongjunLee)kino-bot/kino/skills/trello.py:1:1: error: Module 'trello' has no attribute 'TrelloClient'  [attr-defined]
(DongjunLee)kino-bot/kino/route.py:117:29: error: Argument 1 to "__on_relay" of "MsgRouter" has incompatible type "Optional[str]"; expected "str"  [arg-type]
(DongjunLee)kino-bot/kino/route.py:206:22: error: "str" has no attribute "kino"  [attr-defined]
(DongjunLee)kino-bot/kino/route.py:207:18: error: "str" has no attribute "parse"  [attr-defined]
(DongjunLee)kino-bot/kino/utils/arrow.py:11: error: Name 'arrow.Arrow' is not defined  [name-defined]
(DongjunLee)kino-bot/kino/utils/arrow.py:14:20: error: Module has no attribute "get"  [attr-defined]
(DongjunLee)kino-bot/kino/utils/arrow.py:14:30: error: Module has no attribute "now"  [attr-defined]
(DongjunLee)kino-bot/kino/utils/arrow.py:16:20: error: Module has no attribute "get"  [attr-defined]
(DongjunLee)kino-bot/kino/utils/arrow.py:21:21: error: Module has no attribute "get"  [attr-defined]
(DongjunLee)kino-bot/kino/utils/arrow.py:23:20: error: Module has no attribute "get"  [attr-defined]
(DongjunLee)kino-bot/kino/utils/arrow.py:26:20: error: Module has no attribute "utcnow"  [attr-defined]
(DongjunLee)kino-bot/kino/utils/arrow.py:30:20: error: Incompatible return value type (got "float", expected "int")  [return-value]
(DongjunLee)kino-bot/kino/utils/arrow.py:58:13: error: Module has no attribute "now"  [attr-defined]
(DongjunLee)kino-bot/kino/utils/arrow.py:67:15: error: Module has no attribute "now"  [attr-defined]
(DongjunLee)kino-bot/kino/utils/arrow.py:82:15: error: Module has no attribute "now"  [attr-defined]
(DongjunLee)kino-bot/kino/dialog/presence.py:7:1: error: Relative import climbs too many namespaces  [misc]
(DongjunLee)kino-bot/kino/dialog/presence.py:9:1: error: Relative import climbs too many namespaces  [misc]
(DongjunLee)kino-bot/kino/dialog/presence.py:10:1: error: Relative import climbs too many namespaces  [misc]
(DongjunLee)kino-bot/kino/dialog/presence.py:11:1: error: Relative import climbs too many namespaces  [misc]
(DongjunLee)kino-bot/kino/dialog/presence.py:13:1: error: Relative import climbs too many namespaces  [misc]
(DongjunLee)kino-bot/kino/dialog/presence.py:14:1: error: Relative import climbs too many namespaces  [misc]
(DongjunLee)kino-bot/kino/dialog/presence.py:16:1: error: Relative import climbs too many namespaces  [misc]
(DongjunLee)kino-bot/kino/dialog/presence.py:17:1: error: Relative import climbs too many namespaces  [misc]
(DongjunLee)kino-bot/kino/dialog/presence.py:18:1: error: Relative import climbs too many namespaces  [misc]
(DongjunLee)kino-bot/kino/utils/data_loader.py:9:1: error: Relative import climbs too many namespaces  [misc]
(DongjunLee)kino-bot/kino/skills/weather.py:9:1: error: Relative import climbs too many namespaces  [misc]
(DongjunLee)kino-bot/kino/skills/weather.py:11:1: error: Relative import climbs too many namespaces  [misc]
(DongjunLee)kino-bot/kino/skills/weather.py:12:1: error: Relative import climbs too many namespaces  [misc]
(DongjunLee)kino-bot/kino/skills/weather.py:13:1: error: Relative import climbs too many namespaces  [misc]
(DongjunLee)kino-bot/kino/skills/weather.py:15:1: error: Relative import climbs too many namespaces  [misc]
(DongjunLee)kino-bot/kino/skills/weather.py:16:1: error: Relative import climbs too many namespaces  [misc]
(DongjunLee)kino-bot/kino/skills/weather.py:17:1: error: Relative import climbs too many namespaces  [misc]
(DongjunLee)kino-bot/kino/skills/feed.py:11:1: error: Relative import climbs too many namespaces  [misc]
(DongjunLee)kino-bot/kino/skills/feed.py:12:1: error: Relative import climbs too many namespaces  [misc]
(DongjunLee)kino-bot/kino/skills/feed.py:13:1: error: Relative import climbs too many namespaces  [misc]
(DongjunLee)kino-bot/kino/skills/feed.py:15:1: error: Relative import climbs too many namespaces  [misc]
(DongjunLee)kino-bot/kino/skills/feed.py:16:1: error: Relative import climbs too many namespaces  [misc]
(DongjunLee)kino-bot/kino/skills/feed.py:17:1: error: Relative import climbs too many namespaces  [misc]
(DongjunLee)kino-bot/kino/skills/feed.py:18:1: error: Relative import climbs too many namespaces  [misc]
(DongjunLee)kino-bot/kino/skills/feed.py:19:1: error: Relative import climbs too many namespaces  [misc]
(DongjunLee)kino-bot/kino/skills/feed.py:42:9: error: Need type annotation for 'noti_list' (hint: "noti_list: List[<type>] = ...")  [var-annotated]
(DongjunLee)kino-bot/kino/skills/feed.py:83:36: error: Module has no attribute "get"  [attr-defined]
(DongjunLee)kino-bot/kino/skills/feed.py:85:34: error: Module has no attribute "get"  [attr-defined]
(DongjunLee)kino-bot/kino/skills/feed.py:97:33: error: Module has no attribute "get"  [attr-defined]
(DongjunLee)kino-bot/kino/skills/card.py:4:1: error: Relative import climbs too many namespaces  [misc]
(DongjunLee)kino-bot/kino/skills/card.py:6:1: error: Relative import climbs too many namespaces  [misc]
(DongjunLee)kino-bot/kino/skills/card.py:7:1: error: Relative import climbs too many namespaces  [misc]
(DongjunLee)kino-bot/kino/skills/question.py:7:1: error: Relative import climbs too many namespaces  [misc]
(DongjunLee)kino-bot/kino/skills/question.py:9:1: error: Relative import climbs too many namespaces  [misc]
(DongjunLee)kino-bot/kino/skills/question.py:10:1: error: Relative import climbs too many namespaces  [misc]
(DongjunLee)kino-bot/kino/skills/question.py:11:1: error: Relative import climbs too many namespaces  [misc]
(DongjunLee)kino-bot/kino/skills/question.py:13:1: error: Relative import climbs too many namespaces  [misc]
(DongjunLee)kino-bot/kino/skills/question.py:14:1: error: Relative import climbs too many namespaces  [misc]
(DongjunLee)kino-bot/kino/skills/todoist.py:9:1: error: Relative import climbs too many namespaces  [misc]
(DongjunLee)kino-bot/kino/skills/todoist.py:10:1: error: Relative import climbs too many namespaces  [misc]
(DongjunLee)kino-bot/kino/skills/todoist.py:11:1: error: Relative import climbs too many namespaces  [misc]
(DongjunLee)kino-bot/kino/skills/todoist.py:13:1: error: Relative import climbs too many namespaces  [misc]
(DongjunLee)kino-bot/kino/skills/github.py:3:1: error: Module 'github' has no attribute 'Github'  [attr-defined]
(DongjunLee)kino-bot/kino/skills/toggl.py:5:1: error: Relative import climbs too many namespaces  [misc]
(DongjunLee)kino-bot/kino/skills/toggl.py:7:1: error: Relative import climbs too many namespaces  [misc]
(DongjunLee)kino-bot/kino/skills/toggl.py:8:1: error: Relative import climbs too many namespaces  [misc]
(DongjunLee)kino-bot/kino/skills/toggl.py:10:1: error: Relative import climbs too many namespaces  [misc]
(DongjunLee)kino-bot/kino/skills/toggl.py:11:1: error: Relative import climbs too many namespaces  [misc]
(DongjunLee)kino-bot/kino/skills/toggl.py:13:1: error: Relative import climbs too many namespaces  [misc]
(DongjunLee)kino-bot/kino/skills/toggl.py:14:1: error: Relative import climbs too many namespaces  [misc]
(DongjunLee)kino-bot/kino/skills/toggl.py:15:1: error: Relative import climbs too many namespaces  [misc]
(DongjunLee)kino-bot/kino/skills/toggl.py:16:1: error: Relative import climbs too many namespaces  [misc]
(DongjunLee)kino-bot/kino/skills/toggl.py:17:1: error: Relative import climbs too many namespaces  [misc]
(DongjunLee)kino-bot/kino/skills/toggl.py:18:1: error: Relative import climbs too many namespaces  [misc]
(DongjunLee)kino-bot/kino/slack/slackbot.py:14:1: error: Relative import climbs too many namespaces  [misc]
(DongjunLee)kino-bot/kino/skills/rescue_time.py:7:1: error: Relative import climbs too many namespaces  [misc]
(DongjunLee)kino-bot/kino/skills/rescue_time.py:8:1: error: Relative import climbs too many namespaces  [misc]
(DongjunLee)kino-bot/kino/skills/rescue_time.py:9:1: error: Relative import climbs too many namespaces  [misc]
(DongjunLee)kino-bot/kino/skills/rescue_time.py:11:1: error: Relative import climbs too many namespaces  [misc]
(DongjunLee)kino-bot/kino/skills/naver.py:4:1: error: Relative import climbs too many namespaces  [misc]
(DongjunLee)kino-bot/kino/skills/naver.py:5:1: error: Relative import climbs too many namespaces  [misc]
(DongjunLee)kino-bot/kino/skills/bus.py:8:1: error: Relative import climbs too many namespaces  [misc]
(DongjunLee)kino-bot/kino/skills/bus.py:9:1: error: Relative import climbs too many namespaces  [misc]
(DongjunLee)kino-bot/kino/skills/bus.py:10:1: error: Relative import climbs too many namespaces  [misc]
(DongjunLee)kino-bot/kino/skills/bus.py:12:1: error: Relative import climbs too many namespaces  [misc]
Found 120 errors in 30 files (checked 58 source files)

[RRepo](Rastii)pydev_docker
Success: no issues found in 7 source files

[RRepo](universal-ctags)ctags
(universal-ctags)ctags/Tmain/readtags-qualifier.d/base.py:5:5: error: Method must have at least one argument  [misc]
(universal-ctags)ctags/Tmain/readtags-qualifier.d/base.py:7:5: error: Method must have at least one argument  [misc]
(universal-ctags)ctags/Tmain/readtags-qualifier.d/base.py:9:5: error: Method must have at least one argument  [misc]
(universal-ctags)ctags/Tmain/readtags-qualifier.d/base.py:14:5: error: Method must have at least one argument  [misc]
(universal-ctags)ctags/Tmain/readtags-qualifier.d/base.py:16:5: error: Method must have at least one argument  [misc]
(universal-ctags)ctags/Tmain/readtags-qualifier.d/base.py:22:5: error: Method must have at least one argument  [misc]
(universal-ctags)ctags/Tmain/readtags-qualifier.d/base.py:24:5: error: Method must have at least one argument  [misc]
(universal-ctags)ctags/Units/fq-xref.d/input.py:2:5: error: Method must have at least one argument  [misc]
Found 8 errors in 2 files (checked 2 source files)

[RRepo](tensorflow)deepmath
(tensorflow)deepmath/deepmath/deephol/deephol_loop/prooflog_to_tfexamples_lib.py:109:5: error: Need type annotation for 'theorems' (hint: "theorems: List[<type>] = ...")  [var-annotated]
(tensorflow)deepmath/deepmath/deephol/deephol_loop/prooflog_to_tfexamples_lib.py:110:5: error: Need type annotation for 'hard_negatives' (hint: "hard_negatives: List[<type>] = ...")  [var-annotated]
(tensorflow)deepmath/deepmath/deephol/deephol_loop/prooflog_to_tfexamples_lib.py:218:63: error: Item "None" of "Optional[List[Any]]" has no attribute "__iter__" (not iterable)  [union-attr]
(tensorflow)deepmath/deepmath/deephol/deephol_loop/report.py:16:1: error: Module 'google.protobuf' has no attribute 'text_format'  [attr-defined]
(tensorflow)deepmath/deepmath/deephol/utilities/proof_analysis.py:46:5: error: Need type annotation for 'proofs' (hint: "proofs: Dict[<type>, <type>] = ...")  [var-annotated]
(tensorflow)deepmath/deepmath/deephol/utilities/proof_analysis.py:54:5: error: Need type annotation for 'parents' (hint: "parents: List[<type>] = ...")  [var-annotated]
(tensorflow)deepmath/deepmath/deephol/utilities/proof_analysis.py:138:3: error: Need type annotation for 'thm_node' (hint: "thm_node: Dict[<type>, <type>] = ...")  [var-annotated]
(tensorflow)deepmath/deepmath/deephol/utilities/proof_analysis.py:167:3: error: Need type annotation for 'closed' (hint: "closed: List[<type>] = ...")  [var-annotated]
(tensorflow)deepmath/deepmath/deephol/utilities/proof_checker_lib.py:79:3: error: Need type annotation for 'd' (hint: "d: Dict[<type>, <type>] = ...")  [var-annotated]
(tensorflow)deepmath/deepmath/deephol/utilities/proof_checker_lib.py:103:3: error: Need type annotation for 'visited' (hint: "visited: Set[<type>] = ...")  [var-annotated]
(tensorflow)deepmath/deepmath/deephol/utilities/proof_checker_lib.py:208:3: error: Need type annotation for 'proof_logs_dict' (hint: "proof_logs_dict: Dict[<type>, <type>] = ...")  [var-annotated]
(tensorflow)deepmath/deepmath/deephol/utilities/sexpression_parser.py:50:1: error: Missing return statement  [return]
(tensorflow)deepmath/deepmath/deephol/utilities/sexpression_parser.py:65:12: error: Incompatible return value type (got "Optional[int]", expected "int")  [return-value]
(tensorflow)deepmath/deepmath/deephol/utilities/normalization_lib.py:94:3: error: Need type annotation for 'type_nums' (hint: "type_nums: List[<type>] = ...")  [var-annotated]
(tensorflow)deepmath/deepmath/deephol/utilities/normalization_lib.py:144:3: error: Need type annotation for 'fingerprints' (hint: "fingerprints: Set[<type>] = ...")  [var-annotated]
(tensorflow)deepmath/deepmath/deephol/utilities/normalization_lib.py:190:3: error: Need type annotation for 'seen' (hint: "seen: Set[<type>] = ...")  [var-annotated]
(tensorflow)deepmath/deepmath/deephol/utilities/proof_checker_test.py:8:1: error: Module 'google.protobuf' has no attribute 'text_format'  [attr-defined]
(tensorflow)deepmath/deepmath/deephol/holparam_predictor.py:117:62: error: Variable "holparam_predictor.GOAL_EMB_TYPE" is not valid as a type  [valid-type]
(tensorflow)deepmath/deepmath/deephol/holparam_predictor.py:127:60: error: Variable "holparam_predictor.THM_EMB_TYPE" is not valid as a type  [valid-type]
(tensorflow)deepmath/deepmath/deephol/holparam_predictor.py:136:41: error: Variable "holparam_predictor.THM_EMB_TYPE" is not valid as a type  [valid-type]
(tensorflow)deepmath/deepmath/deephol/holparam_predictor.py:151:50: error: Variable "holparam_predictor.STATE_ENC_TYPE" is not valid as a type  [valid-type]
(tensorflow)deepmath/deepmath/deephol/holparam_predictor.py:155:35: error: Variable "holparam_predictor.STATE_ENC_TYPE" is not valid as a type  [valid-type]
(tensorflow)deepmath/deepmath/deephol/holparam_predictor.py:168:67: error: Incompatible types in assignment (expression has type "float", target has type "List[STATE_ENC_TYPE?]")  [assignment]
(tensorflow)deepmath/deepmath/deephol/holparam_predictor.py:175:47: error: Variable "holparam_predictor.STATE_ENC_TYPE" is not valid as a type  [valid-type]
(tensorflow)deepmath/deepmath/deephol/holparam_predictor.py:176:46: error: Variable "holparam_predictor.THM_EMB_TYPE" is not valid as a type  [valid-type]
(tensorflow)deepmath/deepmath/deephol/holparam_predictor.py:196:66: error: Incompatible types in assignment (expression has type "float", target has type "List[Any]")  [assignment]
(tensorflow)deepmath/deepmath/deephol/holparam_predictor.py:216:47: error: Variable "holparam_predictor.STATE_ENC_TYPE" is not valid as a type  [valid-type]
(tensorflow)deepmath/deepmath/deephol/holparam_predictor.py:217:46: error: Variable "holparam_predictor.THM_EMB_TYPE" is not valid as a type  [valid-type]
(tensorflow)deepmath/deepmath/deephol/embedding_store.py:39:5: error: Need type annotation for 'assumptions' (hint: "assumptions: List[<type>] = ...")  [var-annotated]
(tensorflow)deepmath/deepmath/deephol/embedding_store.py:127:19: error: "None" has no attribute "shape"  [attr-defined]
(tensorflow)deepmath/deepmath/deephol/embedding_store.py:129:27: error: "None" has no attribute "shape"  [attr-defined]
(tensorflow)deepmath/deepmath/deephol/embedding_store.py:133:22: error: Value of type "None" is not indexable  [index]
(tensorflow)deepmath/deepmath/deephol/action_generator_test.py:11:1: error: Module 'google.protobuf' has no attribute 'text_format'  [attr-defined]
(tensorflow)deepmath/deepmath/deephol/predictions.py:105:47: error: Variable "predictions.GOAL_EMB_TYPE" is not valid as a type  [valid-type]
(tensorflow)deepmath/deepmath/deephol/predictions.py:106:46: error: Variable "predictions.BATCH_THM_EMB_TYPE" is not valid as a type  [valid-type]
(tensorflow)deepmath/deepmath/deephol/predictions.py:107:52: error: Variable "predictions.BATCH_GOAL_EMB_TYPE" is not valid as a type  [valid-type]
(tensorflow)deepmath/deepmath/deephol/predictions.py:108:52: error: Variable "predictions.GOAL_EMB_TYPE" is not valid as a type  [valid-type]
(tensorflow)deepmath/deepmath/deephol/predictions.py:144:43: error: Variable "predictions.GOAL_EMB_TYPE" is not valid as a type  [valid-type]
(tensorflow)deepmath/deepmath/deephol/predictions.py:147:19: error: 'BATCH_GOAL_EMB_TYPE?' object is not iterable  [misc]
(tensorflow)deepmath/deepmath/deephol/predictions.py:148:12: error: Cannot determine type of 'embedding'  [has-type]
(tensorflow)deepmath/deepmath/deephol/predictions.py:150:56: error: Variable "predictions.BATCH_GOAL_EMB_TYPE" is not valid as a type  [valid-type]
(tensorflow)deepmath/deepmath/deephol/predictions.py:156:57: error: Variable "predictions.BATCH_GOAL_EMB_TYPE" is not valid as a type  [valid-type]
(tensorflow)deepmath/deepmath/deephol/predictions.py:160:41: error: Variable "predictions.THM_EMB_TYPE" is not valid as a type  [valid-type]
(tensorflow)deepmath/deepmath/deephol/predictions.py:162:19: error: 'BATCH_THM_EMB_TYPE?' object is not iterable  [misc]
(tensorflow)deepmath/deepmath/deephol/predictions.py:163:12: error: Cannot determine type of 'embedding'  [has-type]
(tensorflow)deepmath/deepmath/deephol/predictions.py:165:54: error: Variable "predictions.BATCH_THM_EMB_TYPE" is not valid as a type  [valid-type]
(tensorflow)deepmath/deepmath/deephol/predictions.py:171:55: error: Variable "predictions.BATCH_THM_EMB_TYPE" is not valid as a type  [valid-type]
(tensorflow)deepmath/deepmath/deephol/predictions.py:186:63: error: Variable "predictions.STATE_ENC_TYPE" is not valid as a type  [valid-type]
(tensorflow)deepmath/deepmath/deephol/predictions.py:191:49: error: Variable "predictions.STATE_ENC_TYPE" is not valid as a type  [valid-type]
(tensorflow)deepmath/deepmath/deephol/predictions.py:205:50: error: Variable "predictions.STATE_ENC_TYPE" is not valid as a type  [valid-type]
(tensorflow)deepmath/deepmath/deephol/predictions.py:210:40: error: Variable "predictions.STATE_ENC_TYPE" is not valid as a type  [valid-type]
(tensorflow)deepmath/deepmath/deephol/predictions.py:211:40: error: Variable "predictions.BATCH_THM_EMB_TYPE" is not valid as a type  [valid-type]
(tensorflow)deepmath/deepmath/deephol/predictions.py:238:47: error: Variable "predictions.STATE_ENC_TYPE" is not valid as a type  [valid-type]
(tensorflow)deepmath/deepmath/deephol/predictions.py:239:41: error: Variable "predictions.BATCH_THM_EMB_TYPE" is not valid as a type  [valid-type]
(tensorflow)deepmath/deepmath/deephol/action_generator.py:309:11: error: Incompatible types in assignment (expression has type "List[Tuple[int, Any]]", variable has type "enumerate[Any]")  [assignment]
(tensorflow)deepmath/deepmath/deephol/prover_flags.py:10:1: error: Module 'google.protobuf' has no attribute 'text_format'  [attr-defined]
(tensorflow)deepmath/deepmath/deephol/io_util.py:15:1: error: Module 'google.protobuf' has no attribute 'text_format'  [attr-defined]
(tensorflow)deepmath/deepmath/deephol/utilities/sexpression_graphs.py:116:5: error: Need type annotation for 'order' (hint: "order: Dict[<type>, <type>] = ...")  [var-annotated]
(tensorflow)deepmath/deepmath/deephol/utilities/sexpression_graphs.py:186:25: error: Argument 1 to "append" of "list" has incompatible type "str"; expected "NodeID"  [arg-type]
(tensorflow)deepmath/deepmath/deephol/utilities/sexpression_graphs.py:191:23: error: Argument 1 to "append" of "list" has incompatible type "Optional[str]"; expected "NodeID"  [arg-type]
(tensorflow)deepmath/deepmath/deephol/utilities/sexpression_graphs.py:193:25: error: Argument 1 to "append" of "list" has incompatible type "str"; expected "NodeID"  [arg-type]
(tensorflow)deepmath/deepmath/deephol/utilities/sexpression_graphs.py:195:23: error: Argument 1 to "append" of "list" has incompatible type "str"; expected "NodeID"  [arg-type]
(tensorflow)deepmath/deepmath/deephol/utilities/sexpression_graphs.py:196:25: error: Argument 1 to "append" of "list" has incompatible type "str"; expected "NodeID"  [arg-type]
(tensorflow)deepmath/deepmath/deephol/utilities/sexpression_graphs.py:199:20: error: Argument 1 to "join" of "str" has incompatible type "List[NodeID]"; expected "Iterable[str]"  [arg-type]
Found 64 errors in 15 files (checked 110 source files)

[RRepo](nbob)flask-multi-session
Success: no issues found in 3 source files

[RRepo](slightlynybbled)tk_tools
(slightlynybbled)tk_tools/examples/label_grid.py:26:43: error: Cannot determine type of 'label_grid'  [has-type]
(slightlynybbled)tk_tools/examples/entry_grid.py:36:43: error: Cannot determine type of 'entry_grid'  [has-type]
(slightlynybbled)tk_tools/tk_tools/widgets.py:18:38: error: Function "builtins.callable" is not valid as a type  [valid-type]
(slightlynybbled)tk_tools/tk_tools/widgets.py:18:38: note: Perhaps you need "Callable[...]" or a callback protocol?
(slightlynybbled)tk_tools/tk_tools/widgets.py:73:28: error: Function "builtins.callable" is not valid as a type  [valid-type]
(slightlynybbled)tk_tools/tk_tools/widgets.py:73:28: note: Perhaps you need "Callable[...]" or a callback protocol?
(slightlynybbled)tk_tools/tk_tools/widgets.py:112:28: error: Function "builtins.callable" is not valid as a type  [valid-type]
(slightlynybbled)tk_tools/tk_tools/widgets.py:112:28: note: Perhaps you need "Callable[...]" or a callback protocol?
(slightlynybbled)tk_tools/tk_tools/widgets.py:166:42: error: Function "builtins.callable" is not valid as a type  [valid-type]
(slightlynybbled)tk_tools/tk_tools/widgets.py:166:42: note: Perhaps you need "Callable[...]" or a callback protocol?
Found 6 errors in 3 files (checked 27 source files)

[RRepo](python-cmd2)cmd2
(python-cmd2)cmd2/tests/test_argparse_custom.py:10:1: error: Module 'cmd2' has no attribute 'Cmd2ArgumentParser'  [attr-defined]
(python-cmd2)cmd2/tests/test_argparse_custom.py:15:23: error: Name 'cmd2.Cmd' is not defined  [name-defined]
(python-cmd2)cmd2/tests/test_argparse_custom.py:28:6: error: Module has no attribute "with_argparser"  [attr-defined]
(python-cmd2)cmd2/tests/test_argparse.py:22:9: error: Name 'readline' already defined (possibly by an import)  [no-redef]
(python-cmd2)cmd2/tests/test_argparse.py:27:19: error: Name 'cmd2.Cmd' is not defined  [name-defined]
(python-cmd2)cmd2/tests/test_argparse.py:43:6: error: Module has no attribute "with_argparser"  [attr-defined]
(python-cmd2)cmd2/tests/test_argparse.py:64:6: error: Module has no attribute "with_argparser"  [attr-defined]
(python-cmd2)cmd2/tests/test_argparse.py:69:6: error: Module has no attribute "with_argparser"  [attr-defined]
(python-cmd2)cmd2/tests/test_argparse.py:73:6: error: Module has no attribute "with_argument_list"  [attr-defined]
(python-cmd2)cmd2/tests/test_argparse.py:80:6: error: Module has no attribute "with_argument_list"  [attr-defined]
(python-cmd2)cmd2/tests/test_argparse.py:88:6: error: Module has no attribute "with_argparser_and_unknown_args"  [attr-defined]
(python-cmd2)cmd2/tests/test_argparse.py:105:6: error: Module has no attribute "with_argparser_and_unknown_args"  [attr-defined]
(python-cmd2)cmd2/tests/test_argparse.py:109:6: error: Module has no attribute "with_argparser_and_unknown_args"  [attr-defined]
(python-cmd2)cmd2/tests/test_argparse.py:194:21: error: Name 'cmd2.Cmd' is not defined  [name-defined]
(python-cmd2)cmd2/tests/test_argparse.py:224:6: error: Module has no attribute "with_argparser"  [attr-defined]
(python-cmd2)cmd2/examples/scripts/save_help_text.py:54:14: error: Name 'app' is not defined  [name-defined]
(python-cmd2)cmd2/examples/scripts/save_help_text.py:83:14: error: Name 'app' is not defined  [name-defined]
(python-cmd2)cmd2/examples/scripts/save_help_text.py:87:24: error: Name 'self' is not defined  [name-defined]
(python-cmd2)cmd2/examples/scripts/save_help_text.py:88:22: error: Name 'self' is not defined  [name-defined]
(python-cmd2)cmd2/examples/scripts/save_help_text.py:98:52: error: Name 'self' is not defined  [name-defined]
(python-cmd2)cmd2/examples/event_loops.py:12:22: error: Name 'cmd2.Cmd' is not defined  [name-defined]
(python-cmd2)cmd2/examples/decorator_example.py:19:18: error: Name 'cmd2.Cmd' is not defined  [name-defined]
(python-cmd2)cmd2/examples/decorator_example.py:45:6: error: Module has no attribute "with_argparser"  [attr-defined]
(python-cmd2)cmd2/examples/decorator_example.py:66:6: error: Module has no attribute "with_argparser"  [attr-defined]
(python-cmd2)cmd2/examples/decorator_example.py:76:6: error: Module has no attribute "with_argument_list"  [attr-defined]
(python-cmd2)cmd2/examples/persistent_history.py:11:29: error: Name 'cmd2.Cmd' is not defined  [name-defined]
(python-cmd2)cmd2/examples/alias_startup.py:11:23: error: Name 'cmd2.Cmd' is not defined  [name-defined]
(python-cmd2)cmd2/examples/remove_unused.py:15:35: error: Name 'cmd2.Cmd' is not defined  [name-defined]
(python-cmd2)cmd2/examples/environment.py:9:22: error: Name 'cmd2.Cmd' is not defined  [name-defined]
(python-cmd2)cmd2/examples/unicode_commands.py:9:18: error: Name 'cmd2.Cmd' is not defined  [name-defined]
(python-cmd2)cmd2/examples/arg_print.py:17:32: error: Name 'cmd2.Cmd' is not defined  [name-defined]
(python-cmd2)cmd2/examples/arg_print.py:33:6: error: Module has no attribute "with_argument_list"  [attr-defined]
(python-cmd2)cmd2/examples/arg_print.py:38:6: error: Module has no attribute "with_argument_list"  [attr-defined]
(python-cmd2)cmd2/examples/arg_print.py:49:6: error: Module has no attribute "with_argparser"  [attr-defined]
(python-cmd2)cmd2/examples/arg_print.py:59:6: error: Module has no attribute "with_argparser_and_unknown_args"  [attr-defined]
(python-cmd2)cmd2/examples/tab_completion.py:16:26: error: Name 'cmd2.Cmd' is not defined  [name-defined]
(python-cmd2)cmd2/examples/tab_completion.py:28:6: error: Module has no attribute "with_argparser"  [attr-defined]
(python-cmd2)cmd2/examples/tab_completion.py:61:6: error: Module has no attribute "with_argument_list"  [attr-defined]
(python-cmd2)cmd2/examples/paged_output.py:11:19: error: Name 'cmd2.Cmd' is not defined  [name-defined]
(python-cmd2)cmd2/examples/paged_output.py:27:6: error: Module has no attribute "with_argument_list"  [attr-defined]
(python-cmd2)cmd2/examples/paged_output.py:38:26: error: Module has no attribute "Cmd"  [attr-defined]
(python-cmd2)cmd2/examples/paged_output.py:40:6: error: Module has no attribute "with_argument_list"  [attr-defined]
(python-cmd2)cmd2/examples/paged_output.py:53:30: error: Module has no attribute "Cmd"  [attr-defined]
(python-cmd2)cmd2/examples/tab_autocompletion.py:11:1: error: Module 'cmd2' has no attribute 'Cmd2ArgumentParser'  [attr-defined]
(python-cmd2)cmd2/examples/tab_autocompletion.py:11:1: error: Module 'cmd2' has no attribute 'CompletionItem'  [attr-defined]
(python-cmd2)cmd2/examples/tab_autocompletion.py:24:26: error: Name 'cmd2.Cmd' is not defined  [name-defined]
(python-cmd2)cmd2/examples/tab_autocompletion.py:139:6: error: Module has no attribute "with_category"  [attr-defined]
(python-cmd2)cmd2/examples/tab_autocompletion.py:140:6: error: Module has no attribute "with_argparser"  [attr-defined]
(python-cmd2)cmd2/examples/tab_autocompletion.py:151:67: error: Argument "nargs" to "add_argument" of "_ActionsContainer" has incompatible type "Tuple[int, int]"; expected "Union[int, str]"  [arg-type]
(python-cmd2)cmd2/examples/tab_autocompletion.py:156:6: error: Module has no attribute "with_category"  [attr-defined]
(python-cmd2)cmd2/examples/tab_autocompletion.py:157:6: error: Module has no attribute "with_argparser"  [attr-defined]
(python-cmd2)cmd2/examples/tab_autocompletion.py:174:6: error: Module has no attribute "with_argparser"  [attr-defined]
(python-cmd2)cmd2/examples/tab_autocompletion.py:175:6: error: Module has no attribute "with_category"  [attr-defined]
(python-cmd2)cmd2/examples/tab_autocompletion.py:200:31: error: "object" has no attribute "__iter__"; maybe "__str__" or "__dir__"? (not iterable)  [attr-defined]
(python-cmd2)cmd2/examples/tab_autocompletion.py:201:31: error: Value of type "object" is not indexable  [index]
(python-cmd2)cmd2/examples/tab_autocompletion.py:235:76: error: Module has no attribute "Cmd"  [attr-defined]
(python-cmd2)cmd2/examples/tab_autocompletion.py:239:95: error: Module has no attribute "Cmd"  [attr-defined]
(python-cmd2)cmd2/examples/tab_autocompletion.py:252:6: error: Module has no attribute "with_category"  [attr-defined]
(python-cmd2)cmd2/examples/tab_autocompletion.py:253:6: error: Module has no attribute "with_argparser"  [attr-defined]
(python-cmd2)cmd2/examples/subcommands.py:65:26: error: Name 'cmd2.Cmd' is not defined  [name-defined]
(python-cmd2)cmd2/examples/subcommands.py:91:6: error: Module has no attribute "with_argparser"  [attr-defined]
(python-cmd2)cmd2/examples/subcommands.py:102:6: error: Module has no attribute "with_argparser"  [attr-defined]
(python-cmd2)cmd2/examples/help_categories.py:13:22: error: Name 'cmd2.Cmd' is not defined  [name-defined]
(python-cmd2)cmd2/examples/help_categories.py:30:5: error: Module has no attribute "categorize"  [attr-defined]
(python-cmd2)cmd2/examples/help_categories.py:32:6: error: Module has no attribute "with_category"  [attr-defined]
(python-cmd2)cmd2/examples/help_categories.py:62:6: error: Module has no attribute "with_argparser"  [attr-defined]
(python-cmd2)cmd2/examples/help_categories.py:63:6: error: Module has no attribute "with_category"  [attr-defined]
(python-cmd2)cmd2/examples/help_categories.py:85:5: error: Module has no attribute "categorize"  [attr-defined]
(python-cmd2)cmd2/examples/help_categories.py:127:5: error: Module has no attribute "categorize"  [attr-defined]
(python-cmd2)cmd2/examples/help_categories.py:128:5: error: Module has no attribute "categorize"  [attr-defined]
(python-cmd2)cmd2/examples/help_categories.py:129:5: error: Module has no attribute "categorize"  [attr-defined]
(python-cmd2)cmd2/examples/help_categories.py:130:5: error: Module has no attribute "categorize"  [attr-defined]
(python-cmd2)cmd2/examples/help_categories.py:131:5: error: Module has no attribute "categorize"  [attr-defined]
(python-cmd2)cmd2/examples/help_categories.py:132:5: error: Module has no attribute "categorize"  [attr-defined]
(python-cmd2)cmd2/examples/help_categories.py:144:6: error: Module has no attribute "with_category"  [attr-defined]
(python-cmd2)cmd2/examples/help_categories.py:152:6: error: Module has no attribute "with_category"  [attr-defined]
(python-cmd2)cmd2/examples/table_display.py:20:1: error: Module 'cmd2' has no attribute 'Cmd2ArgumentParser'  [attr-defined]
(python-cmd2)cmd2/examples/table_display.py:62:16: error: Unsupported left operand type for / ("object")  [operator]
(python-cmd2)cmd2/examples/table_display.py:110:42: error: Argument 1 to "CityInfo" has incompatible type "*List[object]"; expected "str"  [arg-type]
(python-cmd2)cmd2/examples/table_display.py:110:42: error: Argument 1 to "CityInfo" has incompatible type "*List[object]"; expected "int"  [arg-type]
(python-cmd2)cmd2/examples/table_display.py:110:42: error: Argument 1 to "CityInfo" has incompatible type "*List[object]"; expected "float"  [arg-type]
(python-cmd2)cmd2/examples/table_display.py:162:20: error: Name 'cmd2.Cmd' is not defined  [name-defined]
(python-cmd2)cmd2/examples/table_display.py:189:6: error: Module has no attribute "with_argparser"  [attr-defined]
(python-cmd2)cmd2/examples/table_display.py:194:6: error: Module has no attribute "with_argparser"  [attr-defined]
(python-cmd2)cmd2/examples/first_app.py:20:16: error: Name 'cmd2.Cmd' is not defined  [name-defined]
(python-cmd2)cmd2/examples/first_app.py:38:6: error: Module has no attribute "with_argparser"  [attr-defined]
(python-cmd2)cmd2/examples/exit_code.py:9:24: error: Name 'cmd2.Cmd' is not defined  [name-defined]
(python-cmd2)cmd2/examples/exit_code.py:15:6: error: Module has no attribute "with_argument_list"  [attr-defined]
(python-cmd2)cmd2/cmd2/py_bridge.py:14:21: error: Unsupported dynamic base class "namedtuple_with_defaults"  [misc]
(python-cmd2)cmd2/examples/cmd_as_argument.py:21:18: error: Name 'cmd2.Cmd' is not defined  [name-defined]
(python-cmd2)cmd2/examples/cmd_as_argument.py:47:6: error: Module has no attribute "with_argparser"  [attr-defined]
(python-cmd2)cmd2/examples/cmd_as_argument.py:69:6: error: Module has no attribute "with_argparser"  [attr-defined]
(python-cmd2)cmd2/examples/migrating.py:49:14: error: "cmdloop" of "Cmd" does not return a value  [func-returns-value]
(python-cmd2)cmd2/examples/example.py:19:18: error: Name 'cmd2.Cmd' is not defined  [name-defined]
(python-cmd2)cmd2/examples/example.py:43:6: error: Module has no attribute "with_argparser"  [attr-defined]
(python-cmd2)cmd2/examples/example.py:65:6: error: Module has no attribute "with_argparser"  [attr-defined]
(python-cmd2)cmd2/examples/hooks.py:19:18: error: Name 'cmd2.Cmd' is not defined  [name-defined]
(python-cmd2)cmd2/examples/hooks.py:48: error: Name 'cmd2.plugin.PostparsingData' is not defined  [name-defined]
(python-cmd2)cmd2/examples/hooks.py:71: error: Name 'cmd2.plugin.PostparsingData' is not defined  [name-defined]
(python-cmd2)cmd2/examples/hooks.py:80: error: Name 'cmd2.plugin.PostparsingData' is not defined  [name-defined]
(python-cmd2)cmd2/examples/hooks.py:91:6: error: Module has no attribute "with_argument_list"  [attr-defined]
(python-cmd2)cmd2/examples/hooks.py:97:25: error: Incompatible types in assignment (expression has type "int", variable has type "str")  [assignment]
(python-cmd2)cmd2/examples/hooks.py:99:25: error: Incompatible types in assignment (expression has type "int", variable has type "str")  [assignment]
(python-cmd2)cmd2/examples/hooks.py:101:21: error: Incompatible types in assignment (expression has type "int", variable has type "str")  [assignment]
(python-cmd2)cmd2/examples/hooks.py:102:24: error: Unsupported operand types for + ("str" and "int")  [operator]
(python-cmd2)cmd2/examples/hooks.py:104:18: error: No overload variant of "range" matches argument types "str", "Any"  [call-overload]
(python-cmd2)cmd2/examples/hooks.py:104:18: note: Possible overload variant:
(python-cmd2)cmd2/examples/hooks.py:104:18: note:     def range(self, start: int, stop: int, step: int = ...) -> range
(python-cmd2)cmd2/examples/hooks.py:104:18: note:     <1 more non-matching overload not shown>
(python-cmd2)cmd2/cmd2/transcript.py:63:39: error: "None" has no attribute "visible_prompt"  [attr-defined]
(python-cmd2)cmd2/cmd2/transcript.py:70:33: error: "None" has no attribute "visible_prompt"  [attr-defined]
(python-cmd2)cmd2/cmd2/transcript.py:77:35: error: "None" has no attribute "continuation_prompt"  [attr-defined]
(python-cmd2)cmd2/cmd2/transcript.py:78:41: error: "None" has no attribute "continuation_prompt"  [attr-defined]
(python-cmd2)cmd2/cmd2/transcript.py:86:23: error: Incompatible types in assignment (expression has type "str", variable has type "List[str]")  [assignment]
(python-cmd2)cmd2/cmd2/transcript.py:88:20: error: "None" has no attribute "onecmd_plus_hooks"  [attr-defined]
(python-cmd2)cmd2/cmd2/transcript.py:89:22: error: "None" has no attribute "stdout"  [attr-defined]
(python-cmd2)cmd2/cmd2/transcript.py:92:49: error: "None" has no attribute "visible_prompt"  [attr-defined]
(python-cmd2)cmd2/cmd2/transcript.py:100:56: error: "None" has no attribute "visible_prompt"  [attr-defined]
(python-cmd2)cmd2/cmd2/transcript.py:114:24: error: Incompatible types in assignment (expression has type "str", variable has type "List[str]")  [assignment]
(python-cmd2)cmd2/cmd2/transcript.py:115:24: error: Incompatible types in assignment (expression has type "str", variable has type "List[str]")  [assignment]
(python-cmd2)cmd2/cmd2/transcript.py:115:60: error: Argument 1 to "_transform_transcript_expected" of "Cmd2TestCase" has incompatible type "List[str]"; expected "str"  [arg-type]
(python-cmd2)cmd2/tests/conftest.py:24:9: error: Name 'readline' already defined (possibly by an import)  [no-redef]
(python-cmd2)cmd2/tests/conftest.py:29: error: Name 'cmd2.Cmd' is not defined  [name-defined]
(python-cmd2)cmd2/tests/test_run_pyscript.py:9:1: error: Module 'cmd2' has no attribute 'plugin'  [attr-defined]
(python-cmd2)cmd2/tests/test_run_pyscript.py:16:5: error: Name 'mock' already defined (by an import)  [no-redef]
(python-cmd2)cmd2/examples/colors.py:32:18: error: Name 'cmd2.Cmd' is not defined  [name-defined]
(python-cmd2)cmd2/examples/colors.py:55:6: error: Module has no attribute "with_argparser"  [attr-defined]
(python-cmd2)cmd2/examples/plumbum_colors.py:70:18: error: Name 'cmd2.Cmd' is not defined  [name-defined]
(python-cmd2)cmd2/examples/plumbum_colors.py:93:6: error: Module has no attribute "with_argparser"  [attr-defined]
(python-cmd2)cmd2/examples/pirate.py:16:14: error: Name 'cmd2.Cmd' is not defined  [name-defined]
(python-cmd2)cmd2/examples/pirate.py:80:6: error: Module has no attribute "with_argparser"  [attr-defined]
(python-cmd2)cmd2/examples/python_scripting.py:24:18: error: Name 'cmd2.Cmd' is not defined  [name-defined]
(python-cmd2)cmd2/examples/python_scripting.py:50:6: error: Module has no attribute "with_argument_list"  [attr-defined]
(python-cmd2)cmd2/examples/python_scripting.py:95:6: error: Module has no attribute "with_argparser_and_unknown_args"  [attr-defined]
(python-cmd2)cmd2/examples/async_printing.py:28:18: error: Name 'cmd2.Cmd' is not defined  [name-defined]
(python-cmd2)cmd2/examples/async_printing.py:101:37: error: Incompatible types in assignment (expression has type "float", variable has type "int")  [assignment]
(python-cmd2)cmd2/cmd2/rl_utils.py:17:9: error: Name 'readline' already defined (possibly by an import)  [no-redef]
(python-cmd2)cmd2/tests/test_transcript.py:22:18: error: Name 'cmd2.Cmd' is not defined  [name-defined]
(python-cmd2)cmd2/tests/test_transcript.py:43:6: error: Module has no attribute "with_argparser_and_unknown_args"  [attr-defined]
(python-cmd2)cmd2/tests/test_transcript.py:63:6: error: Module has no attribute "with_argparser_and_unknown_args"  [attr-defined]
Found 137 errors in 34 files (checked 38 source files)

[RRepo](vrcmarcos)django-http-model
(vrcmarcos)django-http-model/test_app/models.py: error: Duplicate module named 'models' (also at '/home/bew/archive/typed_project/(vrcmarcos)django-http-model/django_http_model/models/__init__.py')  [misc]
(vrcmarcos)django-http-model/test_app/models.py: error: Are you missing an __init__.py?  [misc]
Found 2 errors in 1 file (checked 9 source files)

[RRepo](freeipa)freeipa-pr-ci
(freeipa)freeipa-pr-ci/ansible/callback_plugins/human_log.py:21:1: error: Name 'reload' is not defined  [name-defined]
(freeipa)freeipa-pr-ci/ansible/callback_plugins/human_log.py:22:1: error: Module has no attribute "setdefaultencoding"; maybe "getdefaultencoding"?  [attr-defined]
(freeipa)freeipa-pr-ci/ansible/callback_plugins/human_log.py:27:5: error: Name 'json' already defined (by an import)  [no-redef]
(freeipa)freeipa-pr-ci/github/internals/gql/util.py:72:12: error: Incompatible return value type (got "Optional[Any]", expected "Dict[Any, Any]")  [return-value]

[RRepo](szastupov)aiotg
Success: no issues found in 12 source files

[RRepo](pecorarista)python-project-template
Success: no issues found in 7 source files

[RRepo](neurotechuoft)MindType
(neurotechuoft)MindType/Code/src/deprecated/scripts/test.py:9:26: error: Missing parentheses in call to 'print'. Did you mean print("----------------")?  [syntax]
Found 1 error in 1 file (checked 173 source files)

[RRepo](tonbut)RPiSpectrometer
(tonbut)RPiSpectrometer/spectrometer.py:71:18: error: Incompatible types in assignment (expression has type "float", variable has type "int")  [assignment]
(tonbut)RPiSpectrometer/spectrometer.py:151:23: error: Value of type "object" is not indexable  [index]
(tonbut)RPiSpectrometer/spectrometer.py:156:27: error: Value of type "object" is not indexable  [index]
(tonbut)RPiSpectrometer/spectrometer.py:157:23: error: Value of type "object" is not indexable  [index]
(tonbut)RPiSpectrometer/spectrometer.py:180:42: error: Value of type "object" is not indexable  [index]
Found 5 errors in 1 file (checked 1 source file)

[RRepo](aequitas)python-rflink
(aequitas)python-rflink/rflink/parser.py:280:21: error: "None" not callable  [misc]
(aequitas)python-rflink/rflink/parser.py:297:12: error: Item "None" of "Optional[Match[str]]" has no attribute "groupdict"  [union-attr]

[RRepo](eliostvs)tomate-gtk
(eliostvs)tomate-gtk/test/test_task_button.py:9:1: error: Module 'tomate_gtk.widgets' has no attribute 'TaskButton'  [attr-defined]
(eliostvs)tomate-gtk/tomate_gtk/widgets/task_button.py:3:1: error: Module 'locale' has no attribute 'gettext'  [attr-defined]
(eliostvs)tomate-gtk/tomate_gtk/widgets/task_button.py:14:1: error: Module has no attribute "textdomain"  [attr-defined]
(eliostvs)tomate-gtk/tomate_gtk/dialogs/preference.py:3:1: error: Module 'locale' has no attribute 'gettext'  [attr-defined]
(eliostvs)tomate-gtk/tomate_gtk/dialogs/preference.py:9:1: error: Module has no attribute "textdomain"  [attr-defined]
(eliostvs)tomate-gtk/tomate_gtk/widgets/menu.py:2:1: error: Module 'locale' has no attribute 'gettext'  [attr-defined]

[RRepo](Bisso1998)StairCase-Sequence
(Bisso1998)StairCase-Sequence/codes_for_the_sequence/Python3/staircase_number_generator.py:18:5: error: Need type annotation for '__generated_numbers' (hint: "__generated_numbers: List[<type>] = ...")  [var-annotated]
Found 1 error in 1 file (checked 2 source files)

[RRepo](rliang)nvim-pygtk3
(rliang)nvim-pygtk3/nvim_pygtk3/window.py:187:34: error: Incompatible types in assignment (expression has type "float", variable has type "int")  [assignment]
(rliang)nvim-pygtk3/nvim_pygtk3/window.py:325:9: error: "object" has no attribute "vars"  [attr-defined]
(rliang)nvim-pygtk3/nvim_pygtk3/window.py:325:36: error: "object" has no attribute "channel_id"  [attr-defined]
(rliang)nvim-pygtk3/nvim_pygtk3/window.py:326:9: error: "object" has no attribute "subscribe"  [attr-defined]
(rliang)nvim-pygtk3/nvim_pygtk3/window.py:327:9: error: "object" has no attribute "options"  [attr-defined]
(rliang)nvim-pygtk3/nvim_pygtk3/window.py:328:9: error: "object" has no attribute "options"  [attr-defined]
(rliang)nvim-pygtk3/nvim_pygtk3/window.py:329:9: error: "object" has no attribute "async_call"  [attr-defined]
(rliang)nvim-pygtk3/nvim_pygtk3/window.py:329:33: error: "object" has no attribute "command"  [attr-defined]
(rliang)nvim-pygtk3/nvim_pygtk3/window.py:331:31: error: "object" has no attribute "async_call"  [attr-defined]
(rliang)nvim-pygtk3/nvim_pygtk3/window.py:331:55: error: "object" has no attribute "command"  [attr-defined]
(rliang)nvim-pygtk3/nvim_pygtk3/window.py:334:31: error: "object" has no attribute "async_call"  [attr-defined]
(rliang)nvim-pygtk3/nvim_pygtk3/window.py:334:55: error: "object" has no attribute "command"  [attr-defined]
(rliang)nvim-pygtk3/nvim_pygtk3/window.py:337:31: error: "object" has no attribute "async_call"  [attr-defined]
(rliang)nvim-pygtk3/nvim_pygtk3/window.py:337:55: error: "object" has no attribute "command"  [attr-defined]
(rliang)nvim-pygtk3/nvim_pygtk3/window.py:340:31: error: "object" has no attribute "async_call"  [attr-defined]
(rliang)nvim-pygtk3/nvim_pygtk3/window.py:340:55: error: "object" has no attribute "command"  [attr-defined]
(rliang)nvim-pygtk3/nvim_pygtk3/window.py:343:31: error: "object" has no attribute "async_call"  [attr-defined]
(rliang)nvim-pygtk3/nvim_pygtk3/window.py:343:55: error: "object" has no attribute "command"  [attr-defined]
(rliang)nvim-pygtk3/nvim_pygtk3/window.py:345:36: error: "object" has no attribute "run_loop"  [attr-defined]
(rliang)nvim-pygtk3/nvim_pygtk3/window.py:361:29: error: Value of type "object" is not indexable  [index]
(rliang)nvim-pygtk3/nvim_pygtk3/window.py:362:57: error: Value of type "object" is not indexable  [index]
(rliang)nvim-pygtk3/nvim_pygtk3/window.py:363:29: error: Value of type "object" is not indexable  [index]
(rliang)nvim-pygtk3/nvim_pygtk3/window.py:364:57: error: Value of type "object" is not indexable  [index]
(rliang)nvim-pygtk3/nvim_pygtk3/window.py:365:29: error: Value of type "object" is not indexable  [index]
(rliang)nvim-pygtk3/nvim_pygtk3/window.py:366:62: error: Value of type "object" is not indexable  [index]
(rliang)nvim-pygtk3/nvim_pygtk3/window.py:367:29: error: Value of type "object" is not indexable  [index]
(rliang)nvim-pygtk3/nvim_pygtk3/window.py:368:63: error: Value of type "object" is not indexable  [index]
(rliang)nvim-pygtk3/nvim_pygtk3/window.py:369:29: error: Value of type "object" is not indexable  [index]
(rliang)nvim-pygtk3/nvim_pygtk3/window.py:370:57: error: Value of type "object" is not indexable  [index]
(rliang)nvim-pygtk3/nvim_pygtk3/window.py:373:5: error: Missing return statement  [return]
(rliang)nvim-pygtk3/nvim_pygtk3/window.py:387:29: error: Value of type "object" is not indexable  [index]
(rliang)nvim-pygtk3/nvim_pygtk3/window.py:388:43: error: Value of type "object" is not indexable  [index]
Found 32 errors in 1 file (checked 3 source files)

[RRepo](blueman-project)blueman
Success: no issues found in 83 source files

[RRepo](infilect)ml-course1
(infilect)ml-course1/week2/autoencoder/train.py:28:30: error: Missing parentheses in call to 'print'. Did you mean print("Dataset size:", dataset_size)?  [syntax]
Found 1 error in 1 file (checked 52 source files)

[RRepo](zyga)snapd
(zyga)snapd/tests/lib/snaps/test-snapd-tuntap/bin/tuntap.py:51:2: error: Argument 1 to "contextmanager" has incompatible type "Callable[[int], Iterable[int]]"; expected "Callable[..., Iterator[<nothing>]]"  [arg-type]
(zyga)snapd/tests/lib/snaps/test-snapd-tuntap/bin/tuntap.py:71:10: error: Need type annotation for 'fd'  [var-annotated]
(zyga)snapd/tests/lib/tinyproxy/tinyproxy.py:135:5: error: Module has no attribute "test"  [attr-defined]
Found 3 errors in 2 files (checked 20 source files)

[RRepo](joshbrooks)libuntl
(joshbrooks)libuntl/libuntl/library/views.py:179: error: Bracketed expression "[...]" is not valid as a type  [misc]
(joshbrooks)libuntl/libuntl/library/views.py:179: note: Did you mean "List[...]"?
(joshbrooks)libuntl/libuntl/library/views.py:181: error: Bracketed expression "[...]" is not valid as a type  [misc]
(joshbrooks)libuntl/libuntl/library/views.py:181: note: Did you mean "List[...]"?
Found 2 errors in 1 file (checked 5 source files)

[RRepo](comtihon)coon
(comtihon)coon/enot/packages/dep.py:2:42: error: Invalid type comment or annotation  [valid-type]

[RRepo](asphalt-framework)asphalt-sqlalchemy
(asphalt-framework)asphalt-sqlalchemy/tests/test_testing_recipe.py:20:14: error: Variable "test_testing_recipe.Base" is not valid as a type  [valid-type]
(asphalt-framework)asphalt-sqlalchemy/tests/test_testing_recipe.py:20:14: error: Invalid base class "Base"  [misc]
(asphalt-framework)asphalt-sqlalchemy/examples/csvimport_orm.py:21:14: error: Variable "csvimport_orm.Base" is not valid as a type  [valid-type]
(asphalt-framework)asphalt-sqlalchemy/examples/csvimport_orm.py:21:14: error: Invalid base class "Base"  [misc]
Found 4 errors in 2 files (checked 8 source files)

[RRepo](yuuki0xff)conoha-cli
Success: no issues found in 3 source files

[RRepo](IntelPNI)brainiak
(IntelPNI)brainiak/setup.py:81:16: error: Unsupported right operand type for in ("Union[int, str, None]")  [operator]
Found 1 error in 1 file (checked 3 source files)

[RRepo](kiwicom)iwant-bot
(kiwicom)iwant-bot/tests/unit/test_parse_slack_message.py:9:5: error: Need type annotation for 'messages'  [var-annotated]
(kiwicom)iwant-bot/tests/unit/test_storage.py:87:2: error: Name 'test_postgres_storage_removes' already defined on line 71  [no-redef]
(kiwicom)iwant-bot/src/iwant_bot/iwant_process.py:98:49: error: Function "builtins.iter" is not valid as a type  [valid-type]
(kiwicom)iwant-bot/src/iwant_bot/iwant_process.py:98:49: note: Perhaps you need "Callable[...]" or a callback protocol?
(kiwicom)iwant-bot/src/iwant_bot/iwant_process.py:100:30: error: iter? has no attribute "__iter__" (not iterable)  [attr-defined]
(kiwicom)iwant-bot/src/iwant_bot/iwant_process.py:109:62: error: Function "builtins.iter" is not valid as a type  [valid-type]
(kiwicom)iwant-bot/src/iwant_bot/iwant_process.py:109:62: note: Perhaps you need "Callable[...]" or a callback protocol?
(kiwicom)iwant-bot/src/iwant_bot/iwant_process.py:109:71: error: Invalid type comment or annotation  [valid-type]
(kiwicom)iwant-bot/src/iwant_bot/slack_communicator.py:55:16: error: Incompatible return value type (got "None", expected "str")  [return-value]
(kiwicom)iwant-bot/src/iwant_bot/start.py:130:41: error: Invalid type comment or annotation  [valid-type]
Found 8 errors in 5 files (checked 14 source files)

[RRepo](kkamkou)gitmostwanted.com
(kkamkou)gitmostwanted.com/gitmostwanted/lib/bigquery/result.py:11:37: error: Invalid index type "str" for "str"; expected type "Union[int, slice]"  [index]
(kkamkou)gitmostwanted.com/gitmostwanted/lib/bigquery/result.py:12:44: error: Invalid index type "str" for "str"; expected type "Union[int, slice]"  [index]
(kkamkou)gitmostwanted.com/gitmostwanted/services/celery.py:1:1: error: Module 'celery' has no attribute 'Celery'; maybe "TheCelery"?  [attr-defined]
(kkamkou)gitmostwanted.com/gitmostwanted/services/celery.py:1:1: error: Module 'celery' has no attribute 'Task'  [attr-defined]
(kkamkou)gitmostwanted.com/migration/env.py:24:19: error: Name 'db' is not defined  [name-defined]
(kkamkou)gitmostwanted.com/scripts/repository_mean_reset.py:56:5: error: Need type annotation for 'lst' (hint: "lst: Dict[<type>, <type>] = ...")  [var-annotated]
(kkamkou)gitmostwanted.com/gitmostwanted/tasks/repo_status.py:72:11: error: Incompatible types in assignment (expression has type "Dict[Any, Any]", variable has type "List[Any]")  [assignment]
Found 7 errors in 5 files (checked 67 source files)

[RRepo](ztkIsAlreadyTaken)rain
(ztkIsAlreadyTaken)rain/rain/mysql/error.py:1:1: error: Module 'rain.mysql.constants' has no attribute 'CR'  [attr-defined]
(ztkIsAlreadyTaken)rain/rain/mysql/error.py:1:1: error: Module 'rain.mysql.constants' has no attribute 'ER'  [attr-defined]
(ztkIsAlreadyTaken)rain/rain/mysql/error.py:1:1: error: Module 'rain.mysql.constants' has no attribute 'ZR'  [attr-defined]
(ztkIsAlreadyTaken)rain/rain/mysql/error.py:5:1: error: Need type annotation for '_all_error' (hint: "_all_error: Dict[<type>, <type>] = ...")  [var-annotated]
(ztkIsAlreadyTaken)rain/examples/app/views/alpha/account/delete.py:1:1: error: Module 'rain' has no attribute 'BaseView'  [attr-defined]
(ztkIsAlreadyTaken)rain/examples/simple.py:2:1: error: Module 'rain' has no attribute 'Rain'  [attr-defined]
(ztkIsAlreadyTaken)rain/examples/simple.py:2:1: error: Module 'rain' has no attribute 'BaseView'  [attr-defined]
(ztkIsAlreadyTaken)rain/examples/simple.py:2:1: error: Module 'rain' has no attribute 'Request'  [attr-defined]
(ztkIsAlreadyTaken)rain/examples/simple.py:2:1: error: Module 'rain' has no attribute 'BaseProtocol'  [attr-defined]
(ztkIsAlreadyTaken)rain/examples/simple.py:2:1: error: Module 'rain' has no attribute 'Response'  [attr-defined]

[RRepo](wraeth)kcheck
(wraeth)kcheck/kcheck/pm_portage.py:43:5: error: Name 'verbose_print' is not defined  [name-defined]
(wraeth)kcheck/kcheck/pm_portage.py:55:5: error: Need type annotation for 'symbols' (hint: "symbols: List[<type>] = ...")  [var-annotated]
(wraeth)kcheck/kcheck/pm_portage.py:60:5: error: Name 'verbose_print' is not defined  [name-defined]
(wraeth)kcheck/kcheck/pm_portage.py:91:17: error: Name 'verbose_print' is not defined  [name-defined]
(wraeth)kcheck/kcheck/pm_portage.py:91:97: error: Name 'bold' is not defined  [name-defined]
(wraeth)kcheck/kcheck/pm_portage.py:100:17: error: Name 'verbose_print' is not defined  [name-defined]
(wraeth)kcheck/kcheck/pm_portage.py:100:63: error: Name 'bold' is not defined  [name-defined]
(wraeth)kcheck/kcheck/pm_portage.py:118:17: error: Too few arguments for "set" of "RawConfigParser"  [call-arg]
(wraeth)kcheck/kcheck/pm_portage.py:120:13: error: Name 'verbose_print' is not defined  [name-defined]
(wraeth)kcheck/kcheck/pm_portage.py:120:62: error: Name 'bold' is not defined  [name-defined]
(wraeth)kcheck/kcheck/pm_portage.py:120:85: error: Name 'yellow' is not defined  [name-defined]
(wraeth)kcheck/kcheck/pm_portage.py:126:5: error: Name 'verbose_print' is not defined  [name-defined]
(wraeth)kcheck/kcheck/pm_portage.py:126:69: error: Name 'bold' is not defined  [name-defined]
(wraeth)kcheck/kcheck/pm_portage.py:126:89: error: Name 'yellow' is not defined  [name-defined]
(wraeth)kcheck/kcheck/pm_portage.py:126:105: error: Name 'green' is not defined  [name-defined]
(wraeth)kcheck/kcheck/pm_portage.py:134:68: error: Name 'bold' is not defined  [name-defined]
(wraeth)kcheck/kcheck/pm_portage.py:134:88: error: Name 'green' is not defined  [name-defined]
(wraeth)kcheck/kcheck/checker.py:27:5: error: Name 'verbose_print' is not defined  [name-defined]
(wraeth)kcheck/kcheck/checker.py:37:5: error: Name 'verbose_print' is not defined  [name-defined]
(wraeth)kcheck/kcheck/checker.py:51:13: error: Name 'verbose_print' is not defined  [name-defined]
(wraeth)kcheck/kcheck/checker.py:51:59: error: Name 'bold' is not defined  [name-defined]
(wraeth)kcheck/kcheck/checker.py:54:57: error: Name 'bold' is not defined  [name-defined]
(wraeth)kcheck/kcheck/checker.py:54:72: error: Name 'yellow' is not defined  [name-defined]
(wraeth)kcheck/kcheck/checker.py:61:5: error: Name 'verbose_print' is not defined  [name-defined]
(wraeth)kcheck/kcheck/checker.py:66:62: error: Name 'yellow' is not defined  [name-defined]
(wraeth)kcheck/kcheck/checker.py:66:75: error: Name 'red' is not defined  [name-defined]
(wraeth)kcheck/kcheck/checker.py:66:85: error: Name 'green' is not defined  [name-defined]
(wraeth)kcheck/kcheck/checker.py:69:15: error: Name 'green' is not defined  [name-defined]
(wraeth)kcheck/kcheck/checker.py:75:30: error: Name 'bold' is not defined  [name-defined]
(wraeth)kcheck/kcheck/checker.py:99:22: error: "DuplicateOptionError" has no attribute "message"  [attr-defined]
(wraeth)kcheck/kcheck/checker.py:116:21: error: Incompatible types in assignment (expression has type "List[str]", variable has type "str")  [assignment]
(wraeth)kcheck/kcheck/checker.py:131:21: error: Incompatible types in assignment (expression has type "List[str]", variable has type "str")  [assignment]
(wraeth)kcheck/kcheck/checker.py:137:5: error: Name 'verbose_print' is not defined  [name-defined]
(wraeth)kcheck/kcheck/checker.py:157:18: error: Incompatible types in assignment (expression has type "Callable[[Union[str, bytes, int, _PathLike[Any]], str, int, Optional[str], Optional[str], Optional[str], bool, Optional[Callable[[str, int], int]]], IO[Any]]", variable has type "Callable[[Any, str, int, Optional[str], Optional[str], Optional[str]], IO[Any]]")  [assignment]
(wraeth)kcheck/kcheck/checker.py:197:5: error: Name 'verbose_print' is not defined  [name-defined]
(wraeth)kcheck/kcheck/command.py:8:1: error: Missing return statement  [return]
(wraeth)kcheck/kcheck/command.py:65:22: error: Incompatible types in assignment (expression has type "NullHandler", variable has type "FileHandler")  [assignment]
(wraeth)kcheck/kcheck/command.py:72:10: error: "debug" of "Logger" does not return a value  [func-returns-value]
(wraeth)kcheck/kcheck/command.py:94:18: error: "print" does not return a value  [func-returns-value]
(wraeth)kcheck/kcheck/command.py:107:20: error: Module has no attribute "generate_config"  [attr-defined]
Found 40 errors in 3 files (checked 4 source files)

[RRepo](echolox)smartbcr2k
(echolox)smartbcr2k/gui/gui.py:18:1: error: Module 'devices' has no attribute 'BCR2k'  [attr-defined]
(echolox)smartbcr2k/gui/gui.py:18:1: error: Module 'devices' has no attribute 'MidiLoop'  [attr-defined]
(echolox)smartbcr2k/smci/clock.py:90:6: error: Decorated property not supported  [misc]
(echolox)smartbcr2k/modifiers/basic.py:146:9: error: Incompatible types in assignment (expression has type Tuple[Any, Any, ... <9 more items>], base class "Modifier" defined the type as Tuple[Any])  [assignment]
(echolox)smartbcr2k/modifiers/stepsequencer.py:10:9: error: Incompatible types in assignment (expression has type "Tuple[Any, ...]", base class "Modifier" defined the type as "Tuple[Any]")  [assignment]
(echolox)smartbcr2k/targets/flex.py:85:6: error: Read-only property cannot override read-write property  [misc]
Found 6 errors in 5 files (checked 24 source files)

[RRepo](NanotrasenInc)YASSS13RTWCF
Success: no issues found in 1 source file

[RRepo](arthurdk)tinder-telegram-bot
(arthurdk)tinder-telegram-bot/bot_app/admin.py:30:45: error: Name 'Boolean' is not defined  [name-defined]
(arthurdk)tinder-telegram-bot/bot_app/admin.py:33:47: error: Name 'Boolean' is not defined  [name-defined]
(arthurdk)tinder-telegram-bot/bot_app/admin.py:35:43: error: Name 'String' is not defined  [name-defined]
(arthurdk)tinder-telegram-bot/bot_app/admin.py:39:63: error: Name 'Range' is not defined  [name-defined]
(arthurdk)tinder-telegram-bot/bot_app/admin.py:41:63: error: Name 'Range' is not defined  [name-defined]
(arthurdk)tinder-telegram-bot/bot_app/admin.py:43:73: error: Name 'Range' is not defined  [name-defined]
(arthurdk)tinder-telegram-bot/bot_app/admin.py:45:47: error: Name 'Range' is not defined  [name-defined]
(arthurdk)tinder-telegram-bot/bot_app/admin.py:46:47: error: Name 'Range' is not defined  [name-defined]
(arthurdk)tinder-telegram-bot/bot_app/admin.py:47:55: error: Name 'Range' is not defined  [name-defined]
(arthurdk)tinder-telegram-bot/bot_app/admin.py:52:55: error: Name 'Range' is not defined  [name-defined]
(arthurdk)tinder-telegram-bot/bot_app/admin.py:57:45: error: Name 'Boolean' is not defined  [name-defined]
(arthurdk)tinder-telegram-bot/bot_app/admin.py:58:61: error: Name 'Range' is not defined  [name-defined]
(arthurdk)tinder-telegram-bot/bot_app/admin.py:60:49: error: Name 'String' is not defined  [name-defined]
(arthurdk)tinder-telegram-bot/bot_app/model.py:16:9: error: Need type annotation for 'current_votes' (hint: "current_votes: Dict[<type>, <type>] = ...")  [var-annotated]
(arthurdk)tinder-telegram-bot/bot_app/model.py:17:9: error: Need type annotation for 'users' (hint: "users: List[<type>] = ...")  [var-annotated]
(arthurdk)tinder-telegram-bot/bot_app/chat.py:16:9: error: Name 'send_error' is not defined  [name-defined]
(arthurdk)tinder-telegram-bot/bot_app/chat.py:25:9: error: Name 'send_error' is not defined  [name-defined]
(arthurdk)tinder-telegram-bot/bot_app/chat.py:30:9: error: Name 'send_custom_message' is not defined  [name-defined]
(arthurdk)tinder-telegram-bot/bot_app/chat.py:34:9: error: Name 'send_help' is not defined  [name-defined]
(arthurdk)tinder-telegram-bot/bot_app/chat.py:45:9: error: Name 'send_help' is not defined  [name-defined]
(arthurdk)tinder-telegram-bot/bot_app/chat.py:64:13: error: Name 'send_custom_message' is not defined  [name-defined]
(arthurdk)tinder-telegram-bot/bot_app/chat.py:84:9: error: Name 'send_error' is not defined  [name-defined]
(arthurdk)tinder-telegram-bot/bot_app/chat.py:92:5: error: Need type annotation for 'result' (hint: "result: List[<type>] = ...")  [var-annotated]
(arthurdk)tinder-telegram-bot/bot_app/chat.py:96:13: error: Name 'send_error' is not defined  [name-defined]
(arthurdk)tinder-telegram-bot/bot_app/chat.py:106:17: error: Name 'send_error' is not defined  [name-defined]
(arthurdk)tinder-telegram-bot/bot_app/chat.py:110:17: error: Name 'send_error' is not defined  [name-defined]
(arthurdk)tinder-telegram-bot/bot_app/chat.py:156:9: error: Name 'send_error' is not defined  [name-defined]
(arthurdk)tinder-telegram-bot/bot_app/chat.py:164:9: error: Name 'send_error' is not defined  [name-defined]
(arthurdk)tinder-telegram-bot/bot_app/chat.py:169:9: error: Name 'send_custom_message' is not defined  [name-defined]
(arthurdk)tinder-telegram-bot/bot_app/chat.py:180:17: error: Name 'send_help' is not defined  [name-defined]
(arthurdk)tinder-telegram-bot/bot_app/chat.py:190:13: error: Name 'send_help' is not defined  [name-defined]
(arthurdk)tinder-telegram-bot/bot_app/chat.py:195:9: error: Name 'send_help' is not defined  [name-defined]
(arthurdk)tinder-telegram-bot/bot_app/chat.py:200:9: error: Name 'send_help' is not defined  [name-defined]
(arthurdk)tinder-telegram-bot/bot_app/chat.py:215:17: error: Name 'send_custom_message' is not defined  [name-defined]
(arthurdk)tinder-telegram-bot/bot_app/chat.py:243:9: error: Name 'send_error' is not defined  [name-defined]
Found 35 errors in 3 files (checked 10 source files)

[RRepo](arkharin)OpenCool
(arkharin)OpenCool/scr/helpers/singleton.py:3:5: error: Need type annotation for '_instances' (hint: "_instances: Dict[<type>, <type>] = ...")  [var-annotated]
(arkharin)OpenCool/scr/logic/solvers/postsolvers/postsolver_v01.py:22:26: error: Need type annotation for 'circuit_solved'  [var-annotated]
(arkharin)OpenCool/scr/model/model.py:18:67: error: Incompatible default for argument "home_path" (default has type "Path", argument has type "str")  [assignment]
(arkharin)OpenCool/scr/model/model.py:57:10: error: Incompatible types in assignment (expression has type "TextIO", variable has type "Path")  [assignment]
(arkharin)OpenCool/scr/model/model.py:58:21: error: Argument 2 to "dump" has incompatible type "Path"; expected "IO[str]"  [arg-type]
(arkharin)OpenCool/scr/model/model.py:59:5: error: "Path" has no attribute "close"  [attr-defined]
(arkharin)OpenCool/scr/model/model.py:63:54: error: Incompatible default for argument "home_path" (default has type "Path", argument has type "str")  [assignment]
(arkharin)OpenCool/scr/model/model.py:72:14: error: Incompatible types in assignment (expression has type "TextIO", variable has type "Path")  [assignment]
(arkharin)OpenCool/scr/model/model.py:73:33: error: Argument 1 to "load" has incompatible type "Path"; expected "_Reader"  [arg-type]
(arkharin)OpenCool/scr/model/model.py:74:9: error: "Path" has no attribute "close"  [attr-defined]
(arkharin)OpenCool/scr/logic/solvers/solvers_algorithm/LeastSquares.py:80:36: error: Incompatible types in assignment (expression has type "Exception", target has type "bool")  [assignment]
(arkharin)OpenCool/scr/logic/solvers/solver.py:126:5: error: Self argument missing for a non-static method (or an invalid type for self)  [misc]
(arkharin)OpenCool/scr/logic/solvers/solver.py:157:9: error: Need type annotation for 'nds' (hint: "nds: Dict[<type>, <type>] = ...")  [var-annotated]
(arkharin)OpenCool/scr/logic/solvers/solver.py:174:9: error: Need type annotation for 'cmps' (hint: "cmps: Dict[<type>, <type>] = ...")  [var-annotated]
(arkharin)OpenCool/scr/main.py:133:12: error: "str" has no attribute "solve"  [attr-defined]
Found 15 errors in 6 files (checked 15 source files)

[RRepo](stemid)taiga-contrib-ad-auth
(stemid)taiga-contrib-ad-auth/taiga_contrib_ad_auth/connector.py:62:1: error: Missing return statement  [return]
(stemid)taiga-contrib-ad-auth/tests/test_login.py:20:35: error: Argument "defaults" to "RawConfigParser" has incompatible type "Dict[str, Dict[str, str]]"; expected "Optional[Mapping[str, str]]"  [arg-type]
Found 2 errors in 2 files (checked 2 source files)

[RRepo](bijij)mp3bot
(bijij)mp3bot/bot/config.py:15:8: error: "Node" has no attribute "id"  [attr-defined]
(bijij)mp3bot/bot/cogs/admin.py:22:46: error: Item "None" of "Optional[Match[str]]" has no attribute "group"  [union-attr]
(bijij)mp3bot/bot/cogs/admin.py:39:81: error: Incompatible default for argument "code" (default has type "List[<nothing>]", argument has type "CodeConverter")  [assignment]
Found 3 errors in 2 files (checked 11 source files)

[RRepo](n-kats)arxiv2vec
(n-kats)arxiv2vec/dataset/utils.py: error: Duplicate module named 'utils' (also at '/home/bew/archive/typed_project/(n-kats)arxiv2vec/stabs/gensim/utils/__init__.py')  [misc]
(n-kats)arxiv2vec/dataset/utils.py: error: Are you missing an __init__.py?  [misc]
Found 2 errors in 1 file (checked 14 source files)

[RRepo](tensorflow)tfx
(tensorflow)tfx/tfx/examples/chicago_taxi/trainer/taxi.py:23:1: error: Module 'google.protobuf' has no attribute 'text_format'  [attr-defined]

[RRepo](avatao-content)challenge-toolbox
(avatao-content)challenge-toolbox/templates/telnet/solvable/home/user/encr.py:16:11: error: No overload variant of "range" matches argument type "float"  [call-overload]
(avatao-content)challenge-toolbox/templates/telnet/solvable/home/user/encr.py:16:11: note: Possible overload variant:
(avatao-content)challenge-toolbox/templates/telnet/solvable/home/user/encr.py:16:11: note:     def __init__(self, stop: int) -> range
(avatao-content)challenge-toolbox/templates/telnet/solvable/home/user/encr.py:16:11: note:     <1 more non-matching overload not shown>
(avatao-content)challenge-toolbox/start.py:22:20: error: Need type annotation for 'CONNECTION_USAGE'  [var-annotated]
(avatao-content)challenge-toolbox/start.py:76:13: error: Syntax error in type annotation  [syntax]
(avatao-content)challenge-toolbox/start.py:76:13: note: Suggestion: Use Tuple[T1, ..., Tn] instead of (T1, ..., Tn)
Found 3 errors in 2 files (checked 5 source files)

[RRepo](Maillol)cricri
(Maillol)cricri/cricri/inet/server.py:78:35: error: syntax error in type comment  [syntax]
Found 1 error in 1 file (checked 18 source files)

[RRepo](spritzle)spritzle
Success: no issues found in 28 source files

[RRepo](zancas)containenv
(zancas)containenv/containment/types/environment.py:9:11: error: syntax error in type comment  [syntax]
Found 1 error in 1 file (checked 6 source files)

[RRepo](opethe1st)SameGame
(opethe1st)SameGame/src/same/views/pygame_client.py:19:102: error: Name 'ColourScheme' is not defined  [name-defined]
(opethe1st)SameGame/src/same/views/pygame_client.py:31:43: error: Name 'Ball' is not defined  [name-defined]
(opethe1st)SameGame/src/same/views/pygame_client.py:31:70: error: Name 'Box' is not defined  [name-defined]
(opethe1st)SameGame/src/same/views/pygame_client.py:51:5: error: Signature of "draw_score_board" incompatible with supertype "GuiClient"  [override]
(opethe1st)SameGame/src/same/views/pygame_client.py:60:5: error: Signature of "game_over" incompatible with supertype "GuiClient"  [override]

[RRepo](jwill89)clifford-discord-bot
(jwill89)clifford-discord-bot/source/general.py:246:36: error: Not all arguments converted during string formatting  [str-format]
(jwill89)clifford-discord-bot/source/helpers.py:24:22: error: Value of type "Union[Tuple[Any, ...], Dict[str, Any], None]" is not indexable  [index]
(jwill89)clifford-discord-bot/source/helpers.py:24:40: error: Invalid index type "int" for "Union[Tuple[Any, ...], Dict[str, Any], None]"; expected type "str"  [index]
(jwill89)clifford-discord-bot/source/helpers.py:40:22: error: No overload variant of "__getitem__" of "tuple" matches argument type "str"  [call-overload]
(jwill89)clifford-discord-bot/source/helpers.py:40:22: note: Possible overload variants:
(jwill89)clifford-discord-bot/source/helpers.py:40:22: note:     def __getitem__(self, int) -> Any
(jwill89)clifford-discord-bot/source/helpers.py:40:22: note:     def __getitem__(self, slice) -> Tuple[Any, ...]
(jwill89)clifford-discord-bot/source/helpers.py:40:22: error: Value of type "Union[Tuple[Any, ...], Dict[str, Any], None]" is not indexable  [index]
(jwill89)clifford-discord-bot/source/helpers.py:58:20: error: No overload variant of "__getitem__" of "tuple" matches argument type "str"  [call-overload]
(jwill89)clifford-discord-bot/source/helpers.py:58:20: note: Possible overload variants:
(jwill89)clifford-discord-bot/source/helpers.py:58:20: note:     def __getitem__(self, int) -> Any
(jwill89)clifford-discord-bot/source/helpers.py:58:20: note:     def __getitem__(self, slice) -> Tuple[Any, ...]
(jwill89)clifford-discord-bot/source/helpers.py:58:20: error: Value of type "Union[Tuple[Any, ...], Dict[str, Any], None]" is not indexable  [index]
(jwill89)clifford-discord-bot/source/helpers.py:72:20: error: No overload variant of "__getitem__" of "tuple" matches argument type "str"  [call-overload]
(jwill89)clifford-discord-bot/source/helpers.py:72:20: note: Possible overload variants:
(jwill89)clifford-discord-bot/source/helpers.py:72:20: note:     def __getitem__(self, int) -> Any
(jwill89)clifford-discord-bot/source/helpers.py:72:20: note:     def __getitem__(self, slice) -> Tuple[Any, ...]
(jwill89)clifford-discord-bot/source/helpers.py:72:20: error: Value of type "Union[Tuple[Any, ...], Dict[str, Any], None]" is not indexable  [index]
(jwill89)clifford-discord-bot/source/scales.py:18:12: error: No overload variant of "__getitem__" of "tuple" matches argument type "str"  [call-overload]
(jwill89)clifford-discord-bot/source/scales.py:18:12: note: Possible overload variants:
(jwill89)clifford-discord-bot/source/scales.py:18:12: note:     def __getitem__(self, int) -> Any
(jwill89)clifford-discord-bot/source/scales.py:18:12: note:     def __getitem__(self, slice) -> Tuple[Any, ...]
(jwill89)clifford-discord-bot/source/scales.py:18:12: error: Value of type "Union[Tuple[Any, ...], Dict[str, Any], None]" is not indexable  [index]
(jwill89)clifford-discord-bot/source/scales.py:45:8: error: No overload variant of "__getitem__" of "tuple" matches argument type "str"  [call-overload]
(jwill89)clifford-discord-bot/source/scales.py:45:8: note: Possible overload variants:
(jwill89)clifford-discord-bot/source/scales.py:45:8: note:     def __getitem__(self, int) -> Any
(jwill89)clifford-discord-bot/source/scales.py:45:8: note:     def __getitem__(self, slice) -> Tuple[Any, ...]
(jwill89)clifford-discord-bot/source/scales.py:45:8: error: Value of type "Union[Tuple[Any, ...], Dict[str, Any], None]" is not indexable  [index]
(jwill89)clifford-discord-bot/source/scales.py:46:16: error: No overload variant of "__getitem__" of "tuple" matches argument type "str"  [call-overload]
(jwill89)clifford-discord-bot/source/scales.py:46:16: note: Possible overload variants:
(jwill89)clifford-discord-bot/source/scales.py:46:16: note:     def __getitem__(self, int) -> Any
(jwill89)clifford-discord-bot/source/scales.py:46:16: note:     def __getitem__(self, slice) -> Tuple[Any, ...]
(jwill89)clifford-discord-bot/source/scales.py:46:16: error: Value of type "Union[Tuple[Any, ...], Dict[str, Any], None]" is not indexable  [index]
(jwill89)clifford-discord-bot/source/roster.py:42:20: error: Item "None" of "Optional[Tuple[Union[Tuple[Any, ...], Dict[str, Any]], ...]]" has no attribute "__iter__" (not iterable)  [union-attr]
(jwill89)clifford-discord-bot/source/roster.py:43:51: error: No overload variant of "__getitem__" of "tuple" matches argument type "str"  [call-overload]
(jwill89)clifford-discord-bot/source/roster.py:43:51: note: Possible overload variants:
(jwill89)clifford-discord-bot/source/roster.py:43:51: note:     def __getitem__(self, int) -> Any
(jwill89)clifford-discord-bot/source/roster.py:43:51: note:     def __getitem__(self, slice) -> Tuple[Any, ...]
(jwill89)clifford-discord-bot/source/roster.py:44:48: error: No overload variant of "__getitem__" of "tuple" matches argument type "str"  [call-overload]
(jwill89)clifford-discord-bot/source/roster.py:44:48: note: Possible overload variants:
(jwill89)clifford-discord-bot/source/roster.py:44:48: note:     def __getitem__(self, int) -> Any
(jwill89)clifford-discord-bot/source/roster.py:44:48: note:     def __getitem__(self, slice) -> Tuple[Any, ...]
(jwill89)clifford-discord-bot/source/events.py:97:69: error: No overload variant of "__getitem__" of "tuple" matches argument type "str"  [call-overload]
(jwill89)clifford-discord-bot/source/events.py:97:69: note: Possible overload variants:
(jwill89)clifford-discord-bot/source/events.py:97:69: note:     def __getitem__(self, int) -> Any
(jwill89)clifford-discord-bot/source/events.py:97:69: note:     def __getitem__(self, slice) -> Tuple[Any, ...]
(jwill89)clifford-discord-bot/source/events.py:97:69: error: Value of type "Union[Tuple[Any, ...], Dict[str, Any], None]" is not indexable  [index]
(jwill89)clifford-discord-bot/source/events.py:102:70: error: No overload variant of "__getitem__" of "tuple" matches argument type "str"  [call-overload]
(jwill89)clifford-discord-bot/source/events.py:102:70: note: Possible overload variants:
(jwill89)clifford-discord-bot/source/events.py:102:70: note:     def __getitem__(self, int) -> Any
(jwill89)clifford-discord-bot/source/events.py:102:70: note:     def __getitem__(self, slice) -> Tuple[Any, ...]
(jwill89)clifford-discord-bot/source/events.py:102:70: error: Value of type "Union[Tuple[Any, ...], Dict[str, Any], None]" is not indexable  [index]
(jwill89)clifford-discord-bot/source/events.py:135:69: error: No overload variant of "__getitem__" of "tuple" matches argument type "str"  [call-overload]
(jwill89)clifford-discord-bot/source/events.py:135:69: note: Possible overload variants:
(jwill89)clifford-discord-bot/source/events.py:135:69: note:     def __getitem__(self, int) -> Any
(jwill89)clifford-discord-bot/source/events.py:135:69: note:     def __getitem__(self, slice) -> Tuple[Any, ...]
(jwill89)clifford-discord-bot/source/events.py:135:69: error: Value of type "Union[Tuple[Any, ...], Dict[str, Any], None]" is not indexable  [index]
(jwill89)clifford-discord-bot/source/music.py:150:28: error: Item "None" of "Optional[Any]" has no attribute "create_ytdl_player"  [union-attr]
Found 25 errors in 6 files (checked 10 source files)

[RRepo](xpac1985)pyASA
(xpac1985)pyASA/pyASA/rulelogging.py:154:20: error: Argument 1 to "RuleLogging" has incompatible type "int"; expected "LogLevel"  [arg-type]
(xpac1985)pyASA/pyASA/rulelogging.py:154:30: error: Argument 2 to "RuleLogging" has incompatible type "LogLevel"; expected "int"  [arg-type]
(xpac1985)pyASA/pyASA/address.py:35:5: error: Argument 1 of "from_dict" is incompatible with supertype "BaseAddress"; supertype defines the argument type as "Dict[str, Union[str, Dict[Any, Any]]]"  [override]
(xpac1985)pyASA/pyASA/address.py:106:5: error: Missing return statement  [return]
(xpac1985)pyASA/pyASA/aliases.py:12:5: error: Need type annotation for 'by_alias' (hint: "by_alias: Dict[<type>, <type>] = ...")  [var-annotated]
(xpac1985)pyASA/pyASA/aliases.py:12:15: error: Need type annotation for 'by_number' (hint: "by_number: Dict[<type>, <type>] = ...")  [var-annotated]
(xpac1985)pyASA/pyASA/aliases.py:55:9: error: Need type annotation for 'aliases_inv' (hint: "aliases_inv: Dict[<type>, <type>] = ...")  [var-annotated]
(xpac1985)pyASA/pyASA/aliases.py:61:16: error: Incompatible return value type (got "Tuple[Dict[str, Dict[str, int]], Dict[Any, Any]]", expected "Tuple[Dict[str, int], Dict[int, str]]")  [return-value]
(xpac1985)pyASA/pyASA/acl.py:143:9: error: Need type annotation for 'rules' (hint: "rules: List[<type>] = ...")  [var-annotated]
(xpac1985)pyASA/pyASA/acl.py:252:9: error: Need type annotation for 'matches' (hint: "matches: Dict[<type>, <type>] = ...")  [var-annotated]
(xpac1985)pyASA/pyASA/caller.py:89:16: error: Incompatible return value type (got "Optional[Response]", expected "Response")  [return-value]
(xpac1985)pyASA/pyASA/caller.py:124:16: error: Incompatible return value type (got "Optional[Response]", expected "Response")  [return-value]
(xpac1985)pyASA/pyASA/caller.py:138:20: error: Incompatible types in assignment (expression has type "str", variable has type "Union[Dict[Any, Any], List[Any], None]")  [assignment]
(xpac1985)pyASA/pyASA/caller.py:140:20: error: Incompatible types in assignment (expression has type "str", variable has type "Union[Dict[Any, Any], List[Any], None]")  [assignment]
(xpac1985)pyASA/pyASA/caller.py:158:16: error: Incompatible return value type (got "Optional[Response]", expected "Response")  [return-value]
(xpac1985)pyASA/pyASA/asa.py:272:30: error: Syntax error in type annotation  [syntax]
(xpac1985)pyASA/pyASA/asa.py:272:30: note: Suggestion: Use Tuple[T1, ..., Tn] instead of (T1, ..., Tn)
Found 16 errors in 6 files (checked 11 source files)

[RRepo](kensk8er)chicksexer
(kensk8er)chicksexer/chicksexer/api.py:12:1: error: Module 'chicksexer' has no attribute 'PACKAGE_ROOT'  [attr-defined]
(kensk8er)chicksexer/chicksexer/api.py:62:24: error: "None" has no attribute "predict"  [attr-defined]

[RRepo](fluentpython)example-code
(fluentpython)example-code/attic/objects/cards_format.py:54:16: error: invalid syntax  [syntax]
Found 1 error in 1 file (checked 265 source files)

[RRepo](mathLab)RBniCS
(mathLab)RBniCS/rbnics/backends/dolfin/vector.py:27:1: error: "Callable[[], Any]" has no attribute "Type"  [attr-defined]
(mathLab)RBniCS/rbnics/utils/test/matplotlib.py:21:22: error: Module has no attribute "get_backend"  [attr-defined]
(mathLab)RBniCS/rbnics/backends/basic/copy.py:19:1: error: Module 'rbnics.utils.decorators' has no attribute 'list_of'  [attr-defined]
(mathLab)RBniCS/rbnics/backends/basic/copy.py:19:1: error: Module 'rbnics.utils.decorators' has no attribute 'overload'  [attr-defined]
(mathLab)RBniCS/rbnics/backends/dolfin/wrapping/function_space.py:22:1: error: Module 'rbnics.utils.test' has no attribute 'AttachInstanceMethod'  [attr-defined]
(mathLab)RBniCS/rbnics/backends/dolfin/wrapping/function_space.py:22:1: error: Module 'rbnics.utils.test' has no attribute 'PatchInstanceMethod'  [attr-defined]
(mathLab)RBniCS/rbnics/backends/online/numpy/wrapping/tensor_save.py:19:1: error: Module 'rbnics.utils.io' has no attribute 'NumpyIO'  [attr-defined]
(mathLab)RBniCS/rbnics/backends/online/numpy/wrapping/tensor_load.py:19:1: error: Module 'rbnics.utils.io' has no attribute 'NumpyIO'  [attr-defined]
(mathLab)RBniCS/rbnics/backends/online/numpy/wrapping/function_save.py:19:1: error: Module 'rbnics.utils.io' has no attribute 'NumpyIO'  [attr-defined]
(mathLab)RBniCS/rbnics/backends/online/numpy/wrapping/function_load.py:19:1: error: Module 'rbnics.utils.io' has no attribute 'NumpyIO'  [attr-defined]
(mathLab)RBniCS/rbnics/backends/dolfin/wrapping/tensor_load.py:21:1: error: Module 'rbnics.utils.cache' has no attribute 'Cache'  [attr-defined]
(mathLab)RBniCS/rbnics/backends/dolfin/wrapping/tensor_load.py:22:1: error: Module 'rbnics.utils.decorators' has no attribute 'overload'  [attr-defined]
(mathLab)RBniCS/rbnics/backends/dolfin/wrapping/tensor_load.py:23:1: error: Module 'rbnics.utils.io' has no attribute 'Folders'  [attr-defined]
(mathLab)RBniCS/rbnics/backends/dolfin/wrapping/tensor_load.py:23:1: error: Module 'rbnics.utils.io' has no attribute 'PickleIO'  [attr-defined]
(mathLab)RBniCS/rbnics/backends/basic/import_.py:19:1: error: Module 'rbnics.utils.decorators' has no attribute 'overload'  [attr-defined]
(mathLab)RBniCS/rbnics/backends/basic/import_.py:20:1: error: Module 'rbnics.utils.io' has no attribute 'Folders'  [attr-defined]
(mathLab)RBniCS/rbnics/backends/dolfin/wrapping/tensor_save.py:22:1: error: Module 'rbnics.utils.decorators' has no attribute 'overload'  [attr-defined]
(mathLab)RBniCS/rbnics/backends/dolfin/wrapping/tensor_save.py:23:1: error: Module 'rbnics.utils.io' has no attribute 'Folders'  [attr-defined]
(mathLab)RBniCS/rbnics/backends/dolfin/wrapping/tensor_save.py:23:1: error: Module 'rbnics.utils.io' has no attribute 'PickleIO'  [attr-defined]
(mathLab)RBniCS/rbnics/backends/basic/export.py:19:1: error: Module 'rbnics.utils.decorators' has no attribute 'overload'  [attr-defined]
(mathLab)RBniCS/rbnics/backends/basic/export.py:20:1: error: Module 'rbnics.utils.io' has no attribute 'Folders'  [attr-defined]
(mathLab)RBniCS/rbnics/backends/dolfin/reduced_vertices.py:22:1: error: Module 'rbnics.backends.abstract' has no attribute 'ReducedVertices'  [attr-defined]
(mathLab)RBniCS/rbnics/backends/dolfin/reduced_vertices.py:24:1: error: Module 'rbnics.utils.decorators' has no attribute 'BackendFor'  [attr-defined]
(mathLab)RBniCS/rbnics/backends/dolfin/reduced_vertices.py:24:1: error: Module 'rbnics.utils.decorators' has no attribute 'ModuleWrapper'  [attr-defined]
(mathLab)RBniCS/rbnics/backends/dolfin/reduced_vertices.py:25:1: error: Module 'rbnics.utils.io' has no attribute 'Folders'  [attr-defined]
(mathLab)RBniCS/rbnics/backends/dolfin/reduced_vertices.py:114:23: error: Variable "rbnics.backends.dolfin.reduced_vertices.ReducedVertices_Base" is not valid as a type  [valid-type]
(mathLab)RBniCS/rbnics/backends/dolfin/reduced_vertices.py:114:23: error: Invalid base class "ReducedVertices_Base"  [misc]
(mathLab)RBniCS/rbnics/backends/basic/evaluate.py:19:1: error: Module 'rbnics.utils.decorators' has no attribute 'overload'  [attr-defined]
(mathLab)RBniCS/rbnics/backends/online/basic/transpose.py:19:1: error: Module 'rbnics.backends.basic' has no attribute 'transpose'  [attr-defined]
(mathLab)RBniCS/rbnics/backends/online/basic/transpose.py:20:1: error: Module 'rbnics.utils.decorators' has no attribute 'overload'  [attr-defined]
(mathLab)RBniCS/rbnics/backends/common/linear_program_solver.py:22:1: error: Module 'rbnics.backends.abstract' has no attribute 'LinearProgramSolver'  [attr-defined]
(mathLab)RBniCS/rbnics/backends/common/linear_program_solver.py:23:1: error: Module 'rbnics.utils.decorators' has no attribute 'BackendFor'  [attr-defined]
(mathLab)RBniCS/rbnics/backends/common/linear_program_solver.py:23:1: error: Module 'rbnics.utils.decorators' has no attribute 'list_of'  [attr-defined]
(mathLab)RBniCS/rbnics/backends/common/linear_program_solver.py:23:1: error: Module 'rbnics.utils.decorators' has no attribute 'tuple_of'  [attr-defined]
(mathLab)RBniCS/rbnics/reduction_methods/base/reduction_method.py:21:1: error: Module 'rbnics.sampling' has no attribute 'ParameterSpaceSubset'  [attr-defined]
(mathLab)RBniCS/rbnics/reduction_methods/base/reduction_method.py:22:1: error: Module 'rbnics.utils.io' has no attribute 'Folders'  [attr-defined]
(mathLab)RBniCS/rbnics/reduction_methods/base/linear_reduction_method.py:19:1: error: Module 'rbnics.utils.decorators' has no attribute 'PreserveClassName'  [attr-defined]
(mathLab)RBniCS/rbnics/reduction_methods/base/linear_reduction_method.py:19:1: error: Module 'rbnics.utils.decorators' has no attribute 'RequiredBaseDecorators'  [attr-defined]
(mathLab)RBniCS/rbnics/reduction_methods/base/nonlinear_reduction_method.py:19:1: error: Module 'rbnics.utils.decorators' has no attribute 'PreserveClassName'  [attr-defined]
(mathLab)RBniCS/rbnics/reduction_methods/base/nonlinear_reduction_method.py:19:1: error: Module 'rbnics.utils.decorators' has no attribute 'RequiredBaseDecorators'  [attr-defined]
(mathLab)RBniCS/rbnics/reduction_methods/stokes/stokes_reduction_method.py:20:1: error: Module 'rbnics.reduction_methods.base' has no attribute 'LinearReductionMethod'  [attr-defined]
(mathLab)RBniCS/rbnics/reduction_methods/elliptic_optimal_control/elliptic_optimal_control_reduction_method.py:19:1: error: Module 'rbnics.reduction_methods.base' has no attribute 'LinearReductionMethod'  [attr-defined]
(mathLab)RBniCS/rbnics/reduction_methods/stokes_optimal_control/stokes_optimal_control_reduction_method.py:20:1: error: Module 'rbnics.reduction_methods.base' has no attribute 'LinearReductionMethod'  [attr-defined]
(mathLab)RBniCS/rbnics/scm/problems/decorated_problem_with_stability_factor_evaluation.py:21:1: error: Module 'rbnics.utils.decorators' has no attribute 'PreserveClassName'  [attr-defined]
(mathLab)RBniCS/rbnics/eim/utils/decorators/store_map_from_parametrized_expression_to_problem.py:20:1: error: Module 'rbnics.utils.decorators' has no attribute 'PreserveClassName'  [attr-defined]
(mathLab)RBniCS/rbnics/utils/test/diff.py:22:1: error: Module 'rbnics.utils.decorators' has no attribute 'dict_of'  [attr-defined]
(mathLab)RBniCS/rbnics/utils/test/diff.py:22:1: error: Module 'rbnics.utils.decorators' has no attribute 'list_of'  [attr-defined]
(mathLab)RBniCS/rbnics/utils/test/diff.py:22:1: error: Module 'rbnics.utils.decorators' has no attribute 'overload'  [attr-defined]
(mathLab)RBniCS/rbnics/utils/test/diff.py:22:1: error: Module 'rbnics.utils.decorators' has no attribute 'tuple_of'  [attr-defined]
(mathLab)RBniCS/rbnics/utils/test/diff.py:23:1: error: Module 'rbnics.utils.io' has no attribute 'CSVIO'  [attr-defined]
(mathLab)RBniCS/rbnics/utils/test/diff.py:23:1: error: Module 'rbnics.utils.io' has no attribute 'TextIO'  [attr-defined]
(mathLab)RBniCS/rbnics/utils/test/diff.py:47:37: error: Syntax error in type annotation  [syntax]
(mathLab)RBniCS/rbnics/utils/test/diff.py:47:37: note: Suggestion: Use Tuple[T1, ..., Tn] instead of (T1, ..., Tn)
(mathLab)RBniCS/rbnics/utils/test/diff.py:66:2: error: Name '_diff_content' already defined on line 46  [no-redef]
(mathLab)RBniCS/rbnics/utils/test/diff.py:67:36: error: Invalid type comment or annotation  [valid-type]
(mathLab)RBniCS/rbnics/utils/test/diff.py:67:36: note: Suggestion: use dict_of[...] instead of dict_of(...)
(mathLab)RBniCS/rbnics/utils/test/diff.py:92:2: error: Name '_diff_content' already defined on line 46  [no-redef]
(mathLab)RBniCS/rbnics/utils/test/diff.py:112:2: error: Name '_diff_content' already defined on line 46  [no-redef]
(mathLab)RBniCS/rbnics/utils/decorators/customize_reduced_problem_for.py:20:1: error: Module 'rbnics.utils.cache' has no attribute 'Cache'  [attr-defined]
(mathLab)RBniCS/rbnics/utils/decorators/customize_reduction_method_for.py:20:1: error: Module 'rbnics.utils.cache' has no attribute 'Cache'  [attr-defined]
(mathLab)RBniCS/rbnics/utils/io/folders.py:20:1: error: Module 'rbnics.utils.decorators' has no attribute 'overload'  [attr-defined]
(mathLab)RBniCS/rbnics/utils/io/folders.py:31:10: error: Name '__init__' already defined on line 27  [no-redef]
(mathLab)RBniCS/rbnics/problems/base/pod_galerkin_reduced_problem.py:19:1: error: Module 'rbnics.utils.decorators' has no attribute 'PreserveClassName'  [attr-defined]
(mathLab)RBniCS/rbnics/problems/base/pod_galerkin_reduced_problem.py:19:1: error: Module 'rbnics.utils.decorators' has no attribute 'RequiredBaseDecorators'  [attr-defined]
(mathLab)RBniCS/rbnics/utils/decorators/store_map_from_solution_to_problem.py:19:1: error: Module 'rbnics.utils.cache' has no attribute 'Cache'  [attr-defined]
(mathLab)RBniCS/rbnics/utils/decorators/store_map_from_solution_dot_to_problem.py:19:1: error: Module 'rbnics.utils.cache' has no attribute 'Cache'  [attr-defined]
(mathLab)RBniCS/rbnics/backends/dolfin/wrapping/to_petsc4py.py:21:1: error: Module 'rbnics.utils.decorators' has no attribute 'overload'  [attr-defined]
(mathLab)RBniCS/rbnics/backends/dolfin/wrapping/to_petsc4py.py:27:2: error: Name 'to_petsc4py' already defined on line 23  [no-redef]
(mathLab)RBniCS/rbnics/backends/dolfin/wrapping/to_petsc4py.py:31:2: error: Name 'to_petsc4py' already defined on line 23  [no-redef]
(mathLab)RBniCS/rbnics/utils/decorators/sync_setters.py:19:1: error: Module 'rbnics.utils.test' has no attribute 'PatchInstanceMethod'  [attr-defined]
(mathLab)RBniCS/rbnics/utils/decorators/sync_setters.py:146:1: error: Need type annotation for '_original_setters' (hint: "_original_setters: Dict[<type>, <type>] = ...")  [var-annotated]
(mathLab)RBniCS/rbnics/utils/decorators/sync_setters.py:147:1: error: Need type annotation for '_synced_setters' (hint: "_synced_setters: Dict[<type>, <type>] = ...")  [var-annotated]
(mathLab)RBniCS/rbnics/utils/decorators/sync_setters.py:148:1: error: Need type annotation for '_synced_setters__decorators' (hint: "_synced_setters__decorators: Dict[<type>, <type>] = ...")  [var-annotated]
(mathLab)RBniCS/rbnics/utils/decorators/sync_setters.py:149:1: error: Need type annotation for '_synced_setters__disabled_methods' (hint: "_synced_setters__disabled_methods: Set[<type>] = ...")  [var-annotated]
(mathLab)RBniCS/rbnics/backends/dolfin/wrapping/is_problem_solution_type.py:28:1: error: Module 'rbnics.utils.decorators' has no attribute 'overload'  [attr-defined]
(mathLab)RBniCS/rbnics/backends/dolfin/wrapping/is_problem_solution_type.py:31:37: error: Syntax error in type annotation  [syntax]
(mathLab)RBniCS/rbnics/backends/dolfin/wrapping/is_problem_solution_type.py:31:37: note: Suggestion: Use Tuple[T1, ..., Tn] instead of (T1, ..., Tn)
(mathLab)RBniCS/rbnics/backends/dolfin/wrapping/is_problem_solution_type.py:34:2: error: Name 'is_problem_solution_type' already defined on line 30  [no-redef]
(mathLab)RBniCS/rbnics/backends/dolfin/wrapping/is_problem_solution_type.py:38:2: error: Name 'is_problem_solution_type' already defined on line 30  [no-redef]
(mathLab)RBniCS/rbnics/backends/dolfin/wrapping/is_problem_solution_type.py:44:2: error: Name 'is_problem_solution_type' already defined on line 30  [no-redef]
(mathLab)RBniCS/rbnics/backends/dolfin/wrapping/get_function_subspace.py:20:1: error: Module 'rbnics.utils.decorators' has no attribute 'list_of'  [attr-defined]
(mathLab)RBniCS/rbnics/backends/dolfin/wrapping/get_function_subspace.py:20:1: error: Module 'rbnics.utils.decorators' has no attribute 'overload'  [attr-defined]
(mathLab)RBniCS/rbnics/backends/dolfin/wrapping/get_function_subspace.py:20:1: error: Module 'rbnics.utils.decorators' has no attribute 'tuple_of'  [attr-defined]
(mathLab)RBniCS/rbnics/backends/dolfin/wrapping/get_function_subspace.py:23:59: error: Syntax error in type annotation  [syntax]
(mathLab)RBniCS/rbnics/backends/dolfin/wrapping/get_function_subspace.py:23:59: note: Suggestion: Use Tuple[T1, ..., Tn] instead of (T1, ..., Tn)
(mathLab)RBniCS/rbnics/backends/dolfin/wrapping/get_function_subspace.py:26:2: error: Name 'get_function_subspace' already defined on line 22  [no-redef]
(mathLab)RBniCS/rbnics/backends/dolfin/wrapping/get_function_subspace.py:27:70: error: Syntax error in type annotation  [syntax]
(mathLab)RBniCS/rbnics/backends/dolfin/wrapping/get_function_subspace.py:27:70: note: Suggestion: Use Tuple[T1, ..., Tn] instead of (T1, ..., Tn)
(mathLab)RBniCS/rbnics/backends/dolfin/wrapping/get_function_subspace.py:30:2: error: Name 'get_function_subspace' already defined on line 22  [no-redef]
(mathLab)RBniCS/rbnics/backends/dolfin/wrapping/get_function_subspace.py:31:69: error: Invalid type comment or annotation  [valid-type]
(mathLab)RBniCS/rbnics/backends/dolfin/wrapping/get_function_subspace.py:31:69: note: Suggestion: use list_of[...] instead of list_of(...)
(mathLab)RBniCS/rbnics/backends/dolfin/wrapping/get_function_subspace.py:41:2: error: Name 'get_function_subspace' already defined on line 22  [no-redef]
(mathLab)RBniCS/rbnics/backends/dolfin/wrapping/get_function_subspace.py:42:69: error: Invalid type comment or annotation  [valid-type]
(mathLab)RBniCS/rbnics/backends/dolfin/wrapping/get_function_subspace.py:42:69: note: Suggestion: use tuple_of[...] instead of tuple_of(...)
(mathLab)RBniCS/rbnics/backends/dolfin/wrapping/function_save.py:22:1: error: Module 'rbnics.utils.cache' has no attribute 'Cache'  [attr-defined]
(mathLab)RBniCS/rbnics/backends/dolfin/wrapping/function_save.py:23:1: error: Module 'rbnics.utils.io' has no attribute 'TextIO'  [attr-defined]
(mathLab)RBniCS/rbnics/backends/online/basic/wrapping/slice_to_array.py:21:1: error: Module 'rbnics.utils.io' has no attribute 'ComponentNameToBasisComponentIndexDict'  [attr-defined]
(mathLab)RBniCS/rbnics/backends/online/basic/wrapping/slice_to_array.py:21:1: error: Module 'rbnics.utils.io' has no attribute 'OnlineSizeDict'  [attr-defined]
(mathLab)RBniCS/rbnics/shape_parametrization/reduction_methods/shape_parametrization_decorated_reduction_method.py:19:1: error: Module 'rbnics.utils.decorators' has no attribute 'PreserveClassName'  [attr-defined]
(mathLab)RBniCS/rbnics/shape_parametrization/reduction_methods/shape_parametrization_decorated_reduction_method.py:19:1: error: Module 'rbnics.utils.decorators' has no attribute 'ReductionMethodDecoratorFor'  [attr-defined]
(mathLab)RBniCS/rbnics/shape_parametrization/reduction_methods/shape_parametrization_decorated_reduction_method.py:20:1: error: Module 'rbnics.shape_parametrization.problems' has no attribute 'ShapeParametrization'  [attr-defined]
(mathLab)RBniCS/rbnics/shape_parametrization/utils/symbolic/python_string_to_sympy.py:20:1: error: Module 'rbnics.problems.base' has no attribute 'ParametrizedProblem'  [attr-defined]
(mathLab)RBniCS/rbnics/shape_parametrization/utils/symbolic/python_string_to_sympy.py:21:1: error: Module 'rbnics.utils.decorators' has no attribute 'overload'  [attr-defined]
(mathLab)RBniCS/rbnics/shape_parametrization/utils/symbolic/python_string_to_sympy.py:21:1: error: Module 'rbnics.utils.decorators' has no attribute 'tuple_of'  [attr-defined]
(mathLab)RBniCS/rbnics/shape_parametrization/utils/symbolic/python_string_to_sympy.py:37:2: error: Name 'python_string_to_sympy' already defined on line 28  [no-redef]
(mathLab)RBniCS/rbnics/shape_parametrization/utils/symbolic/python_string_to_sympy.py:38:61: error: Syntax error in type annotation  [syntax]
(mathLab)RBniCS/rbnics/shape_parametrization/utils/symbolic/python_string_to_sympy.py:38:61: note: Suggestion: Use Tuple[T1, ..., Tn] instead of (T1, ..., Tn)
(mathLab)RBniCS/rbnics/shape_parametrization/utils/symbolic/python_string_to_sympy.py:41:2: error: Name 'python_string_to_sympy' already defined on line 28  [no-redef]
(mathLab)RBniCS/rbnics/shape_parametrization/utils/symbolic/python_string_to_sympy.py:42:47: error: Invalid type comment or annotation  [valid-type]
(mathLab)RBniCS/rbnics/shape_parametrization/utils/symbolic/python_string_to_sympy.py:42:47: note: Suggestion: use tuple_of[...] instead of tuple_of(...)
(mathLab)RBniCS/rbnics/shape_parametrization/utils/symbolic/python_string_to_sympy.py:50:2: error: Name 'python_string_to_sympy' already defined on line 28  [no-redef]
(mathLab)RBniCS/rbnics/shape_parametrization/utils/symbolic/python_string_to_sympy.py:51:47: error: Invalid type comment or annotation  [valid-type]
(mathLab)RBniCS/rbnics/shape_parametrization/utils/symbolic/python_string_to_sympy.py:51:47: note: Suggestion: use tuple_of[...] instead of tuple_of(...)
(mathLab)RBniCS/rbnics/shape_parametrization/utils/symbolic/python_string_to_sympy.py:51:71: error: Syntax error in type annotation  [syntax]
(mathLab)RBniCS/rbnics/shape_parametrization/utils/symbolic/python_string_to_sympy.py:51:71: note: Suggestion: Use Tuple[T1, ..., Tn] instead of (T1, ..., Tn)
(mathLab)RBniCS/rbnics/shape_parametrization/utils/symbolic/python_string_to_sympy.py:57:2: error: Name 'python_string_to_sympy' already defined on line 28  [no-redef]
(mathLab)RBniCS/rbnics/shape_parametrization/utils/symbolic/python_string_to_sympy.py:58:47: error: Invalid type comment or annotation  [valid-type]
(mathLab)RBniCS/rbnics/shape_parametrization/utils/symbolic/python_string_to_sympy.py:58:47: note: Suggestion: use tuple_of[...] instead of tuple_of(...)
(mathLab)RBniCS/rbnics/shape_parametrization/utils/symbolic/python_string_to_sympy.py:66:2: error: Name 'python_string_to_sympy' already defined on line 28  [no-redef]
(mathLab)RBniCS/rbnics/shape_parametrization/utils/symbolic/python_string_to_sympy.py:67:47: error: Invalid type comment or annotation  [valid-type]
(mathLab)RBniCS/rbnics/shape_parametrization/utils/symbolic/python_string_to_sympy.py:67:47: note: Suggestion: use tuple_of[...] instead of tuple_of(...)
(mathLab)RBniCS/rbnics/shape_parametrization/utils/symbolic/python_string_to_sympy.py:67:81: error: Syntax error in type annotation  [syntax]
(mathLab)RBniCS/rbnics/shape_parametrization/utils/symbolic/python_string_to_sympy.py:67:81: note: Suggestion: Use Tuple[T1, ..., Tn] instead of (T1, ..., Tn)
(mathLab)RBniCS/rbnics/shape_parametrization/problems/shape_parametrization_decorated_reduced_problem.py:19:1: error: Module 'rbnics.utils.decorators' has no attribute 'PreserveClassName'  [attr-defined]
(mathLab)RBniCS/rbnics/shape_parametrization/problems/shape_parametrization_decorated_reduced_problem.py:19:1: error: Module 'rbnics.utils.decorators' has no attribute 'ReducedProblemDecoratorFor'  [attr-defined]
(mathLab)RBniCS/rbnics/backends/dolfin/wrapping/get_mpi_comm.py:21:1: error: Module 'rbnics.utils.decorators' has no attribute 'overload'  [attr-defined]
(mathLab)RBniCS/rbnics/backends/dolfin/wrapping/get_mpi_comm.py:21:1: error: Module 'rbnics.utils.decorators' has no attribute 'tuple_of'  [attr-defined]
(mathLab)RBniCS/rbnics/backends/dolfin/wrapping/get_mpi_comm.py:27:2: error: Name 'get_mpi_comm' already defined on line 23  [no-redef]
(mathLab)RBniCS/rbnics/backends/dolfin/wrapping/get_mpi_comm.py:32:2: error: Name 'get_mpi_comm' already defined on line 23  [no-redef]
(mathLab)RBniCS/rbnics/backends/dolfin/wrapping/get_mpi_comm.py:33:21: error: Invalid type comment or annotation  [valid-type]
(mathLab)RBniCS/rbnics/backends/dolfin/wrapping/get_mpi_comm.py:33:21: note: Suggestion: use tuple_of[...] instead of tuple_of(...)
(mathLab)RBniCS/rbnics/backends/dolfin/wrapping/get_mpi_comm.py:37:2: error: Name 'get_mpi_comm' already defined on line 23  [no-redef]
(mathLab)RBniCS/rbnics/backends/dolfin/wrapping/get_mpi_comm.py:38:27: error: Syntax error in type annotation  [syntax]
(mathLab)RBniCS/rbnics/backends/dolfin/wrapping/get_mpi_comm.py:38:27: note: Suggestion: Use Tuple[T1, ..., Tn] instead of (T1, ..., Tn)
(mathLab)RBniCS/rbnics/utils/decorators/backend_for.py:44:1: error: Module has no attribute "__all__"  [attr-defined]
(mathLab)RBniCS/rbnics/utils/config/config.py:22:1: error: Module 'rbnics.utils.decorators' has no attribute 'overload'  [attr-defined]
(mathLab)RBniCS/rbnics/utils/config/config.py:22:1: error: Module 'rbnics.utils.decorators' has no attribute 'set_of'  [attr-defined]
(mathLab)RBniCS/rbnics/utils/config/config.py:62:5: error: Unsupported target for indexed assignment  [index]
(mathLab)RBniCS/rbnics/utils/config/config.py:118:6: error: Name '_value_to_parser' already defined on line 113  [no-redef]
(mathLab)RBniCS/rbnics/utils/config/config.py:123:6: error: Name '_value_to_parser' already defined on line 113  [no-redef]
(mathLab)RBniCS/tests/unit/test_linear_solver.py:24:1: error: Module 'rbnics.backends.abstract' has no attribute 'LinearProblemWrapper'  [attr-defined]
(mathLab)RBniCS/tests/unit/test_nonlinear_solver.py:24:1: error: Module 'rbnics.backends.abstract' has no attribute 'NonlinearProblemWrapper'  [attr-defined]
(mathLab)RBniCS/tests/unit/test_config.py:21:1: error: Module 'rbnics.utils.config' has no attribute 'Config'  [attr-defined]
(mathLab)RBniCS/tests/unit/test_time_stepping_2.py:25:1: error: Module 'rbnics.backends.abstract' has no attribute 'TimeDependentProblemWrapper'  [attr-defined]
(mathLab)RBniCS/tests/unit/test_sampling.py:25:1: error: Module 'rbnics.sampling' has no attribute 'ParameterSpaceSubset'  [attr-defined]
(mathLab)RBniCS/tests/unit/test_sampling.py:26:1: error: Module 'rbnics.sampling.distributions' has no attribute 'DrawFrom'  [attr-defined]
(mathLab)RBniCS/tests/unit/test_sampling.py:26:1: error: Module 'rbnics.sampling.distributions' has no attribute 'EquispacedDistribution'  [attr-defined]
(mathLab)RBniCS/tests/unit/test_sampling.py:26:1: error: Module 'rbnics.sampling.distributions' has no attribute 'LogUniformDistribution'  [attr-defined]
(mathLab)RBniCS/tests/unit/test_sampling.py:26:1: error: Module 'rbnics.sampling.distributions' has no attribute 'UniformDistribution'  [attr-defined]
(mathLab)RBniCS/tests/unit/test_time_stepping_1.py:25:1: error: Module 'rbnics.backends.abstract' has no attribute 'TimeDependentProblemWrapper'  [attr-defined]
(mathLab)RBniCS/tests/performance/test_utils.py:22:1: error: Module 'rbnics.backends.online.numpy' has no attribute 'Matrix'  [attr-defined]
(mathLab)RBniCS/tests/performance/test_utils.py:22:1: error: Module 'rbnics.backends.online.numpy' has no attribute 'Vector'  [attr-defined]

[RRepo](couchbase)couchbase-cli
(couchbase)couchbase-cli/pbar.py:11:15: error: Module has no attribute "windll"  [attr-defined]
Found 1 error in 1 file (checked 8 source files)

[RRepo](yeonghoey)yeonghoey
(yeonghoey)yeonghoey/content/statistics/with-mercy.py:47:21: error: invalid syntax  [syntax]
Found 1 error in 1 file (checked 15 source files)

[RRepo](5agado)data-science-learning
(5agado)data-science-learning/graphics/morphogenesis/Morphogenesis.py:199:52: error: "None" has no attribute "intersection"  [attr-defined]
(5agado)data-science-learning/graphics/morphogenesis/Morphogenesis.py:201:52: error: "None" has no attribute "intersection"  [attr-defined]
(5agado)data-science-learning/graphics/sierpinski.py:34:9: error: Need type annotation for 'verts' (hint: "verts: List[<type>] = ...")  [var-annotated]
(5agado)data-science-learning/graphics/sierpinski.py:35:9: error: Need type annotation for 'edges' (hint: "edges: List[<type>] = ...")  [var-annotated]
(5agado)data-science-learning/graphics/sierpinski.py:36:9: error: Need type annotation for 'faces' (hint: "faces: List[<type>] = ...")  [var-annotated]
(5agado)data-science-learning/graphics/sierpinski.py:86:18: error: Missing positional argument "name" in call to "Object"  [call-arg]
(5agado)data-science-learning/graphics/sierpinski.py:91:13: error: Need type annotation for 'new_sub_objs' (hint: "new_sub_objs: List[<type>] = ...")  [var-annotated]
(5agado)data-science-learning/graphics/sierpinski.py:119:24: error: Incompatible types in assignment (expression has type "float", base class "Object" defined the type as "None")  [assignment]
(5agado)data-science-learning/graphics/sierpinski.py:168:48: error: Cannot determine type of 'sierpinski_scale'  [has-type]
(5agado)data-science-learning/graphics/sierpinski.py:178:24: error: Incompatible types in assignment (expression has type "float", base class "Object" defined the type as "None")  [assignment]
(5agado)data-science-learning/graphics/sierpinski.py:200:9: error: Cannot determine type of 'sierpinski_scale'  [has-type]
(5agado)data-science-learning/graphics/sierpinski.py:227:36: error: Cannot determine type of 'sierpinski_scale'  [has-type]
(5agado)data-science-learning/ds_utils/image_processing.py:10:5: error: Need type annotation for 'imgs_paths' (hint: "imgs_paths: List[<type>] = ...")  [var-annotated]
(5agado)data-science-learning/ds_utils/image_processing.py:149:1: error: Name 'crop' already defined on line 130  [no-redef]
(5agado)data-science-learning/graphics/blender/grease_pencil_tests.py:27:12: error: Name 'init_grease_pencil' is not defined  [name-defined]
(5agado)data-science-learning/graphics/blender/grease_pencil_tests.py:49:26: error: Name 'draw_circle' is not defined  [name-defined]
(5agado)data-science-learning/graphics/blender/grease_pencil_tests.py:50:17: error: Name 'rotate_stroke' is not defined  [name-defined]
(5agado)data-science-learning/graphics/blender/grease_pencil_tests.py:51:17: error: Name 'translate_stroke' is not defined  [name-defined]
(5agado)data-science-learning/graphics/blender/grease_pencil_tests.py:66:25: error: Name 'draw_square' is not defined  [name-defined]
(5agado)data-science-learning/graphics/blender/grease_pencil_tests.py:67:13: error: Name 'draw_cube' is not defined  [name-defined]
(5agado)data-science-learning/graphics/blender/grease_pencil_tests.py:69:17: error: Name 'rotate_stroke' is not defined  [name-defined]
(5agado)data-science-learning/graphics/blender/grease_pencil_tests.py:79:18: error: Name 'draw_circle' is not defined  [name-defined]
(5agado)data-science-learning/graphics/blender/grease_pencil_tests.py:81:9: error: Name 'rotate_stroke' is not defined  [name-defined]
(5agado)data-science-learning/graphics/blender/grease_pencil_tests.py:82:9: error: Name 'translate_stroke' is not defined  [name-defined]
(5agado)data-science-learning/graphics/blender/grease_pencil_tests.py:94:12: error: Name 'init_grease_pencil' is not defined  [name-defined]
(5agado)data-science-learning/graphics/blender/grease_pencil_tests.py:118:21: error: Name 'pi' is not defined  [name-defined]
(5agado)data-science-learning/graphics/blender/grease_pencil_tests.py:124:23: error: Name 'draw_circle' is not defined  [name-defined]
(5agado)data-science-learning/graphics/blender/grease_pencil_tests.py:126:58: error: Name 'pi' is not defined  [name-defined]
(5agado)data-science-learning/graphics/blender/grease_pencil_tests.py:128:17: error: Name 'rotate_stroke' is not defined  [name-defined]
(5agado)data-science-learning/graphics/blender/grease_pencil_tests.py:129:13: error: Name 'translate_stroke' is not defined  [name-defined]
(5agado)data-science-learning/graphics/agents/flock_blender.py:21:1: error: Name 'Flock' already defined (by an import)  [no-redef]
(5agado)data-science-learning/graphics/agents/flock_blender.py:22:1: error: Name 'Spirograph' already defined (by an import)  [no-redef]
(5agado)data-science-learning/graphics/agents/flock_blender.py:29:1: error: Module has no attribute "NB_DIMENSIONS"  [attr-defined]
(5agado)data-science-learning/graphics/agents/flock_blender.py:30:1: error: Module has no attribute "VELOCITY_FACTOR"  [attr-defined]
(5agado)data-science-learning/graphics/agents/flock_blender.py:32:1: error: Module has no attribute "COHESION_FACTOR"  [attr-defined]
(5agado)data-science-learning/graphics/agents/flock_blender.py:33:1: error: Module has no attribute "ALIGNMENT_FACTOR"  [attr-defined]
(5agado)data-science-learning/graphics/agents/flock_blender.py:34:1: error: Module has no attribute "SEPARATION_FACTOR"  [attr-defined]
(5agado)data-science-learning/graphics/agents/flock_blender.py:35:1: error: Module has no attribute "ATTRACTOR_FACTOR"  [attr-defined]
(5agado)data-science-learning/graphics/agents/flock_blender.py:36:1: error: Module has no attribute "VELOCITY_FACTOR"  [attr-defined]
(5agado)data-science-learning/graphics/agents/flock_blender.py:38:1: error: Module has no attribute "COHESION"  [attr-defined]
(5agado)data-science-learning/graphics/agents/flock_blender.py:39:1: error: Module has no attribute "ALIGNMENT"  [attr-defined]
(5agado)data-science-learning/graphics/agents/flock_blender.py:40:1: error: Module has no attribute "ATTRACTOR"  [attr-defined]
(5agado)data-science-learning/graphics/agents/flock_blender.py:41:1: error: Module has no attribute "SEPARATION"  [attr-defined]
(5agado)data-science-learning/graphics/agents/flock_blender.py:282:13: error: Module not callable  [operator]
(5agado)data-science-learning/graphics/agents/flock_blender.py:335:33: error: Module "agents.Flock" is not valid as a type  [valid-type]
(5agado)data-science-learning/graphics/agents/flock_blender.py:341:9: error: Flock? has no attribute "update"  [attr-defined]
(5agado)data-science-learning/graphics/agents/flock_blender.py:342:9: error: Flock? has no attribute "attractor_pos"  [attr-defined]
(5agado)data-science-learning/graphics/agents/flock_blender.py:342:40: error: Flock? has no attribute "attractor_obj"  [attr-defined]
(5agado)data-science-learning/graphics/agents/flock_blender.py:343:21: error: Flock? has no attribute "units"  [attr-defined]
(5agado)data-science-learning/graphics/agents/flock_blender.py:357:47: error: Module "agents.Flock" is not valid as a type  [valid-type]
(5agado)data-science-learning/graphics/agents/flock_blender.py:357:66: error: Module "spirograph.Spirograph" is not valid as a type  [valid-type]
(5agado)data-science-learning/graphics/agents/flock_blender.py:360:34: error: Flock? has no attribute "units"  [attr-defined]
(5agado)data-science-learning/graphics/agents/flock_blender.py:368:9: error: Flock? has no attribute "update"  [attr-defined]
(5agado)data-science-learning/graphics/agents/flock_blender.py:369:9: error: Spirograph? has no attribute "update"  [attr-defined]
(5agado)data-science-learning/graphics/agents/flock_blender.py:372:18: error: Flock? has no attribute "attractor_obj"  [attr-defined]
(5agado)data-science-learning/graphics/agents/flock_blender.py:373:27: error: Spirograph? has no attribute "get_hypotrochoid_loc"  [attr-defined]
(5agado)data-science-learning/graphics/agents/flock_blender.py:375:9: error: Flock? has no attribute "attractor_pos"  [attr-defined]
(5agado)data-science-learning/graphics/agents/flock_blender.py:377:34: error: Flock? has no attribute "units"  [attr-defined]
(5agado)data-science-learning/graphics/morphogenesis/morphogenesis_blender.py:17:1: error: Name 'Morphogenesis' already defined (by an import)  [no-redef]
(5agado)data-science-learning/graphics/spirograph/spirograph_blender.py:20:1: error: Name 'Spirograph' already defined (by an import)  [no-redef]
(5agado)data-science-learning/graphics/spirograph/spirograph_blender.py:24:30: error: Module "Spirograph" is not valid as a type  [valid-type]
(5agado)data-science-learning/graphics/spirograph/spirograph_blender.py:26:34: error: Spirograph? has no attribute "R"  [attr-defined]
(5agado)data-science-learning/graphics/spirograph/spirograph_blender.py:27:29: error: Spirograph? has no attribute "origin"  [attr-defined]
(5agado)data-science-learning/graphics/spirograph/spirograph_blender.py:28:34: error: Spirograph? has no attribute "r"  [attr-defined]
(5agado)data-science-learning/graphics/spirograph/spirograph_blender.py:29:24: error: Spirograph? has no attribute "get_inner_circle_center"  [attr-defined]
(5agado)data-science-learning/graphics/spirograph/spirograph_blender.py:34:35: error: Spirograph? has no attribute "d"  [attr-defined]
(5agado)data-science-learning/graphics/spirograph/spirograph_blender.py:77:26: error: Module not callable  [operator]
(5agado)data-science-learning/graphics/l_systems/l_system_blender.py:13:1: error: Name 'LSystem' already defined (by an import)  [no-redef]
(5agado)data-science-learning/graphics/l_systems/l_system_blender.py:112:29: error: Module "LSystem" is not valid as a type  [valid-type]
(5agado)data-science-learning/graphics/l_systems/l_system_blender.py:116:46: error: LSystem? has no attribute "render_config"  [attr-defined]
(5agado)data-science-learning/graphics/l_systems/l_system_blender.py:117:11: error: LSystem? has no attribute "axiom"  [attr-defined]
(5agado)data-science-learning/graphics/l_systems/l_system_blender.py:118:11: error: LSystem? has no attribute "rules"  [attr-defined]
(5agado)data-science-learning/graphics/l_systems/l_system_blender.py:123:9: error: LSystem? has no attribute "rewrite"  [attr-defined]
(5agado)data-science-learning/graphics/l_systems/l_system_blender.py:124:16: error: LSystem? has no attribute "current_state"  [attr-defined]
(5agado)data-science-learning/graphics/l_systems/l_system_blender.py:126:28: error: LSystem? has no attribute "azimuth_add"  [attr-defined]
(5agado)data-science-learning/graphics/l_systems/l_system_blender.py:126:64: error: LSystem? has no attribute "inclination_add"  [attr-defined]
(5agado)data-science-learning/cellular automata/automata_blender.py:145:42: error: Invalid type: try using Literal[10] instead?  [valid-type]
(5agado)data-science-learning/cellular automata/automata_blender.py:191:61: error: Invalid type: try using Literal[10] instead?  [valid-type]
(5agado)data-science-learning/cellular automata/snowflakes.py:62:22: error: List item 0 has incompatible type "float"; expected "Tuple[Any, Any, int]"  [list-item]
(5agado)data-science-learning/cellular automata/snowflakes.py:62:27: error: List item 1 has incompatible type "float"; expected "Tuple[Any, Any, int]"  [list-item]
(5agado)data-science-learning/cellular automata/snowflakes.py:62:32: error: List item 2 has incompatible type "int"; expected "Tuple[Any, Any, int]"  [list-item]
Found 81 errors in 10 files (checked 47 source files)

[RRepo](ze-phyr-us)fastenum
(ze-phyr-us)fastenum/fastenum.py:20:3: error: "type" has no attribute "_member_map_"  [attr-defined]
(ze-phyr-us)fastenum/fastenum.py:22:3: error: "type" has no attribute "_value2member_map_"  [attr-defined]
(ze-phyr-us)fastenum/fastenum.py:26:14: error: No overload variant of "__new__" of "type" matches argument type "type"  [call-overload]
(ze-phyr-us)fastenum/fastenum.py:26:14: note: Possible overload variants:
(ze-phyr-us)fastenum/fastenum.py:26:14: note:     def __new__(cls, cls: Type[type], o: object) -> type
(ze-phyr-us)fastenum/fastenum.py:26:14: note:     def __new__(cls, cls: Type[type], name: str, bases: Tuple[type, ...], namespace: Dict[str, Any]) -> type
(ze-phyr-us)fastenum/fastenum.py:36:5: error: "type" has no attribute "_member_map_"  [attr-defined]
(ze-phyr-us)fastenum/fastenum.py:40:6: error: "type" has no attribute "_value2member_map_"  [attr-defined]
(ze-phyr-us)fastenum/fastenum.py:47:2: error: Signature of "__call__" incompatible with supertype "type"  [override]
(ze-phyr-us)fastenum/fastenum.py:54:11: error: "EnumMeta" has no attribute "_value2member_map_"  [attr-defined]
(ze-phyr-us)fastenum/fastenum.py:57:18: error: "EnumMeta" has no attribute "_member_map_"  [attr-defined]
(ze-phyr-us)fastenum/fastenum.py:64:10: error: "EnumMeta" has no attribute "_member_map_"  [attr-defined]
(ze-phyr-us)fastenum/fastenum.py:83:10: error: "Enum" has no attribute "_repr"; maybe "__repr__"?  [attr-defined]
(ze-phyr-us)fastenum/fastenum.py:86:46: error: "Enum" has no attribute "name"  [attr-defined]
Found 11 errors in 1 file (checked 2 source files)

[RRepo](alexd3rsan)rollingshutterpy
Success: no issues found in 1 source file

[RRepo](zhouyao1994)incubator-superset
(zhouyao1994)incubator-superset/superset/connectors/connector_registry.py:8:5: error: Need type annotation for 'sources' (hint: "sources: Dict[<type>, <type>] = ...")  [var-annotated]

[RRepo](OpenBapul)hml-equation-parser
(OpenBapul)hml-equation-parser/hml_equation_parser/hulkReplaceMethod.py:133:40: error: Unsupported operand types for + ("str" and "object")  [operator]
(OpenBapul)hml-equation-parser/hml_equation_parser/hulkReplaceMethod.py:134:35: error: Unsupported operand types for + ("str" and "object")  [operator]
(OpenBapul)hml-equation-parser/hml_equation_parser/hmlParser.py:29:15: error: Item "None" of "Optional[Element]" has no attribute "find"  [union-attr]
(OpenBapul)hml-equation-parser/hml_equation_parser/hmlParser.py:33:18: error: Item "None" of "Union[Element, None, Any]" has no attribute "findall"  [union-attr]
(OpenBapul)hml-equation-parser/hml_equation_parser/hmlParser.py:60:29: error: Item "None" of "Union[Element, None, Any]" has no attribute "text"  [union-attr]
(OpenBapul)hml-equation-parser/hml_equation_parser/hmlParser.py:82:12: error: Incompatible return value type (got "ElementTree", expected "str")  [return-value]
(OpenBapul)hml-equation-parser/hml_equation_parser/hmlParser.py:101:62: error: Argument 1 to "convertSpace2nbsp" has incompatible type "Optional[str]"; expected "str"  [arg-type]
(OpenBapul)hml-equation-parser/hml_equation_parser/hmlParser.py:103:44: error: Unsupported operand types for + ("str" and "None")  [operator]
(OpenBapul)hml-equation-parser/hml_equation_parser/hmlParser.py:103:44: note: Right operand is of type "Optional[str]"
(OpenBapul)hml-equation-parser/hml_equation_parser/hmlParser.py:114:11: error: Incompatible types in assignment (expression has type "str", variable has type "ElementTree")  [assignment]
Found 9 errors in 2 files (checked 3 source files)

[RRepo](7sDream)zhihu-py3
(7sDream)zhihu-py3/zhihu/column.py:12:6: error: Name 'class_common_init' is not defined  [name-defined]
(7sDream)zhihu-py3/zhihu/column.py:12:24: error: Name 're_column_url' is not defined  [name-defined]
(7sDream)zhihu-py3/zhihu/column.py:44:6: error: Decorated property not supported  [misc]
(7sDream)zhihu-py3/zhihu/column.py:45:6: error: Name 'check_soup' is not defined  [name-defined]
(7sDream)zhihu-py3/zhihu/column.py:54:6: error: Decorated property not supported  [misc]
(7sDream)zhihu-py3/zhihu/column.py:55:6: error: Name 'check_soup' is not defined  [name-defined]
(7sDream)zhihu-py3/zhihu/column.py:64:6: error: Decorated property not supported  [misc]
(7sDream)zhihu-py3/zhihu/column.py:65:6: error: Name 'check_soup' is not defined  [name-defined]
(7sDream)zhihu-py3/zhihu/post.py:12:6: error: Name 'class_common_init' is not defined  [name-defined]
(7sDream)zhihu-py3/zhihu/post.py:12:24: error: Name 're_post_url' is not defined  [name-defined]
(7sDream)zhihu-py3/zhihu/post.py:71:6: error: Decorated property not supported  [misc]
(7sDream)zhihu-py3/zhihu/post.py:72:6: error: Name 'check_soup' is not defined  [name-defined]
(7sDream)zhihu-py3/zhihu/post.py:88:6: error: Decorated property not supported  [misc]
(7sDream)zhihu-py3/zhihu/post.py:89:6: error: Name 'check_soup' is not defined  [name-defined]
(7sDream)zhihu-py3/zhihu/post.py:107:6: error: Decorated property not supported  [misc]
(7sDream)zhihu-py3/zhihu/post.py:108:6: error: Name 'check_soup' is not defined  [name-defined]
(7sDream)zhihu-py3/zhihu/post.py:117:6: error: Decorated property not supported  [misc]
(7sDream)zhihu-py3/zhihu/post.py:118:6: error: Name 'check_soup' is not defined  [name-defined]
(7sDream)zhihu-py3/zhihu/post.py:127:6: error: Decorated property not supported  [misc]
(7sDream)zhihu-py3/zhihu/post.py:128:6: error: Name 'check_soup' is not defined  [name-defined]
(7sDream)zhihu-py3/example/analyze_user.py:19:1: error: Module 'zhihu' has no attribute 'ZhihuClient'  [attr-defined]
(7sDream)zhihu-py3/zhihu/answer.py:16:6: error: Name 'class_common_init' is not defined  [name-defined]
(7sDream)zhihu-py3/zhihu/answer.py:16:24: error: Name 're_ans_url' is not defined  [name-defined]
(7sDream)zhihu-py3/zhihu/answer.py:47:6: error: Decorated property not supported  [misc]
(7sDream)zhihu-py3/zhihu/answer.py:48:6: error: Name 'check_soup' is not defined  [name-defined]
(7sDream)zhihu-py3/zhihu/answer.py:57:6: error: Decorated property not supported  [misc]
(7sDream)zhihu-py3/zhihu/answer.py:58:6: error: Name 'check_soup' is not defined  [name-defined]
(7sDream)zhihu-py3/zhihu/answer.py:67:6: error: Decorated property not supported  [misc]
(7sDream)zhihu-py3/zhihu/answer.py:68:6: error: Name 'check_soup' is not defined  [name-defined]
(7sDream)zhihu-py3/zhihu/answer.py:77:6: error: Decorated property not supported  [misc]
(7sDream)zhihu-py3/zhihu/answer.py:78:6: error: Name 'check_soup' is not defined  [name-defined]
(7sDream)zhihu-py3/zhihu/answer.py:95:6: error: Decorated property not supported  [misc]
(7sDream)zhihu-py3/zhihu/answer.py:96:6: error: Name 'check_soup' is not defined  [name-defined]
(7sDream)zhihu-py3/zhihu/answer.py:116:6: error: Decorated property not supported  [misc]
(7sDream)zhihu-py3/zhihu/answer.py:117:6: error: Name 'check_soup' is not defined  [name-defined]
(7sDream)zhihu-py3/zhihu/answer.py:143:6: error: Decorated property not supported  [misc]
(7sDream)zhihu-py3/zhihu/answer.py:144:6: error: Name 'check_soup' is not defined  [name-defined]
(7sDream)zhihu-py3/zhihu/answer.py:156:6: error: Decorated property not supported  [misc]
(7sDream)zhihu-py3/zhihu/answer.py:157:6: error: Name 'check_soup' is not defined  [name-defined]
(7sDream)zhihu-py3/zhihu/answer.py:167:6: error: Decorated property not supported  [misc]
(7sDream)zhihu-py3/zhihu/answer.py:168:6: error: Name 'check_soup' is not defined  [name-defined]
(7sDream)zhihu-py3/zhihu/answer.py:265:6: error: Decorated property not supported  [misc]
(7sDream)zhihu-py3/zhihu/answer.py:266:6: error: Name 'check_soup' is not defined  [name-defined]
(7sDream)zhihu-py3/zhihu/answer.py:376:6: error: Decorated property not supported  [misc]
(7sDream)zhihu-py3/zhihu/answer.py:377:6: error: Name 'check_soup' is not defined  [name-defined]
(7sDream)zhihu-py3/zhihu/collection.py:12:6: error: Name 'class_common_init' is not defined  [name-defined]
(7sDream)zhihu-py3/zhihu/collection.py:12:24: error: Name 're_collection_url' is not defined  [name-defined]
(7sDream)zhihu-py3/zhihu/collection.py:42:6: error: Decorated property not supported  [misc]
(7sDream)zhihu-py3/zhihu/collection.py:43:6: error: Name 'check_soup' is not defined  [name-defined]
(7sDream)zhihu-py3/zhihu/collection.py:53:6: error: Decorated property not supported  [misc]
(7sDream)zhihu-py3/zhihu/collection.py:54:6: error: Name 'check_soup' is not defined  [name-defined]
(7sDream)zhihu-py3/zhihu/collection.py:64:6: error: Decorated property not supported  [misc]
(7sDream)zhihu-py3/zhihu/collection.py:65:6: error: Name 'check_soup' is not defined  [name-defined]
(7sDream)zhihu-py3/zhihu/collection.py:75:6: error: Decorated property not supported  [misc]
(7sDream)zhihu-py3/zhihu/collection.py:76:6: error: Name 'check_soup' is not defined  [name-defined]
(7sDream)zhihu-py3/zhihu/collection.py:95:6: error: Decorated property not supported  [misc]
(7sDream)zhihu-py3/zhihu/collection.py:96:6: error: Name 'check_soup' is not defined  [name-defined]
(7sDream)zhihu-py3/test/test_post.py:9:1: error: Module 'zhihu' has no attribute 'Post'  [attr-defined]
(7sDream)zhihu-py3/test/test_column.py:10:1: error: Module 'zhihu' has no attribute 'Column'  [attr-defined]
(7sDream)zhihu-py3/test/test_column.py:10:1: error: Module 'zhihu' has no attribute 'Post'  [attr-defined]
(7sDream)zhihu-py3/test/test_activity.py:9:1: error: Module 'zhihu' has no attribute 'Question'  [attr-defined]
(7sDream)zhihu-py3/test/test_activity.py:9:1: error: Module 'zhihu' has no attribute 'Activity'  [attr-defined]
(7sDream)zhihu-py3/test/test_activity.py:9:1: error: Module 'zhihu' has no attribute 'ActType'  [attr-defined]
(7sDream)zhihu-py3/test/test_answer.py:8:1: error: Module 'zhihu' has no attribute 'Answer'  [attr-defined]
(7sDream)zhihu-py3/test/test_question.py:9:1: error: Module 'zhihu' has no attribute 'Question'  [attr-defined]
(7sDream)zhihu-py3/test/test_question.py:9:1: error: Module 'zhihu' has no attribute 'Author'  [attr-defined]
(7sDream)zhihu-py3/test/test_question.py:9:1: error: Module 'zhihu' has no attribute 'Answer'  [attr-defined]
(7sDream)zhihu-py3/test/test_collection.py:9:1: error: Module 'zhihu' has no attribute 'Collection'  [attr-defined]
Found 68 errors in 11 files (checked 21 source files)

[RRepo](pdjstone)cloudpets-web-bluetooth
(pdjstone)cloudpets-web-bluetooth/cp_decode.py:36:24: error: Argument 1 to "memoryview" has incompatible type "array[int]"; expected "Union[bytes, bytearray, memoryview]"  [arg-type]
(pdjstone)cloudpets-web-bluetooth/cp_decode.py:38:26: error: Argument 1 to "memoryview" has incompatible type "array[int]"; expected "Union[bytes, bytearray, memoryview]"  [arg-type]
(pdjstone)cloudpets-web-bluetooth/cp_decode.py:52:21: error: Argument 1 to "writeframes" of "Wave_write" has incompatible type "array[int]"; expected "bytes"  [arg-type]
(pdjstone)cloudpets-web-bluetooth/cp_encode.py:77:19: error: On Python 3 '{}'.format(b'abc') produces "b'abc'"; use !r if this is a desired behavior  [str-bytes-safe]
(pdjstone)cloudpets-web-bluetooth/cp_encode.py:77:50: error: Argument 1 to "hexlify" has incompatible type "Array[c_uint8]"; expected "bytes"  [arg-type]
(pdjstone)cloudpets-web-bluetooth/cloudpets_server.py:71:19: error: Name 'open_wav' is not defined  [name-defined]
(pdjstone)cloudpets-web-bluetooth/cloudpets_server.py:72:26: error: Name 'encode_audio' is not defined  [name-defined]
Found 7 errors in 3 files (checked 3 source files)

[RRepo](timothycrosley)isort
(timothycrosley)isort/isort/compat.py:81:21: error: Incompatible types in assignment (expression has type "Optional[Path]", variable has type "Optional[str]")  [assignment]
(timothycrosley)isort/isort/compat.py:83:25: error: Incompatible types in assignment (expression has type "Optional[Path]", variable has type "Optional[str]")  [assignment]
(timothycrosley)isort/isort/compat.py:85:65: error: Argument 1 to "get_settings_path" has incompatible type "Optional[str]"; expected "Optional[Path]"  [arg-type]
(timothycrosley)isort/isort/compat.py:85:80: error: Argument 2 to "get_settings_path" has incompatible type "Optional[str]"; expected "Optional[Path]"  [arg-type]
(timothycrosley)isort/isort/compat.py:95:42: error: Argument 1 to "resolve" has incompatible type "str"; expected "Path"  [arg-type]
(timothycrosley)isort/isort/compat.py:196:18: error: "str" has no attribute "open"  [attr-defined]
Found 6 errors in 1 file (checked 8 source files)

[RRepo](nil0x42)phpsploit
(nil0x42)phpsploit/src/datatypes/ShellCmd.py:6:16: error: Unsupported dynamic base class "Code"  [misc]
(nil0x42)phpsploit/deps/pyparsing-2.1.1/examples/shapes.py:35:10: error: Name 'Regex' is not defined  [name-defined]
(nil0x42)phpsploit/deps/pyparsing-2.1.1/examples/eval_arith.py:16:5: error: Need type annotation for 'vars_' (hint: "vars_: Dict[<type>, <type>] = ...")  [var-annotated]
(nil0x42)phpsploit/deps/pyparsing-2.1.1/examples/ebnf.py:29:11: error: Name 'Word' is not defined  [name-defined]
(nil0x42)phpsploit/deps/pyparsing-2.1.1/examples/ebnf.py:29:16: error: Name 'nums' is not defined  [name-defined]
(nil0x42)phpsploit/deps/pyparsing-2.1.1/examples/ebnf.py:30:19: error: Name 'Word' is not defined  [name-defined]
(nil0x42)phpsploit/deps/pyparsing-2.1.1/examples/ebnf.py:30:24: error: Name 'alphas' is not defined  [name-defined]
(nil0x42)phpsploit/deps/pyparsing-2.1.1/examples/ebnf.py:30:32: error: Name 'alphanums' is not defined  [name-defined]
(nil0x42)phpsploit/deps/pyparsing-2.1.1/examples/ebnf.py:31:19: error: Name 'Suppress' is not defined  [name-defined]
(nil0x42)phpsploit/deps/pyparsing-2.1.1/examples/ebnf.py:31:35: error: Name 'CharsNotIn' is not defined  [name-defined]
(nil0x42)phpsploit/deps/pyparsing-2.1.1/examples/ebnf.py:32:19: error: Name 'Suppress' is not defined  [name-defined]
(nil0x42)phpsploit/deps/pyparsing-2.1.1/examples/ebnf.py:32:35: error: Name 'CharsNotIn' is not defined  [name-defined]
(nil0x42)phpsploit/deps/pyparsing-2.1.1/examples/ebnf.py:33:20: error: Name 'Forward' is not defined  [name-defined]
(nil0x42)phpsploit/deps/pyparsing-2.1.1/examples/ebnf.py:34:21: error: Name 'Suppress' is not defined  [name-defined]
(nil0x42)phpsploit/deps/pyparsing-2.1.1/examples/ebnf.py:35:21: error: Name 'Suppress' is not defined  [name-defined]
(nil0x42)phpsploit/deps/pyparsing-2.1.1/examples/ebnf.py:36:20: error: Name 'Suppress' is not defined  [name-defined]
(nil0x42)phpsploit/deps/pyparsing-2.1.1/examples/ebnf.py:39:20: error: Name 'Optional' is not defined  [name-defined]
(nil0x42)phpsploit/deps/pyparsing-2.1.1/examples/ebnf.py:39:20: note: Did you forget to import it from "typing"? (Suggestion: "from typing import Optional")
(nil0x42)phpsploit/deps/pyparsing-2.1.1/examples/ebnf.py:39:39: error: Name 'Suppress' is not defined  [name-defined]
(nil0x42)phpsploit/deps/pyparsing-2.1.1/examples/ebnf.py:40:37: error: Name 'Optional' is not defined  [name-defined]
(nil0x42)phpsploit/deps/pyparsing-2.1.1/examples/ebnf.py:40:37: note: Did you forget to import it from "typing"? (Suggestion: "from typing import Optional")
(nil0x42)phpsploit/deps/pyparsing-2.1.1/examples/ebnf.py:40:46: error: Name 'Suppress' is not defined  [name-defined]
(nil0x42)phpsploit/deps/pyparsing-2.1.1/examples/ebnf.py:41:21: error: Name 'delimitedList' is not defined  [name-defined]
(nil0x42)phpsploit/deps/pyparsing-2.1.1/examples/ebnf.py:42:21: error: Name 'delimitedList' is not defined  [name-defined]
(nil0x42)phpsploit/deps/pyparsing-2.1.1/examples/ebnf.py:43:33: error: Name 'Suppress' is not defined  [name-defined]
(nil0x42)phpsploit/deps/pyparsing-2.1.1/examples/ebnf.py:44:15: error: Name 'Suppress' is not defined  [name-defined]
(nil0x42)phpsploit/deps/pyparsing-2.1.1/examples/ebnf.py:47:26: error: Name 'ZeroOrMore' is not defined  [name-defined]
(nil0x42)phpsploit/deps/pyparsing-2.1.1/examples/ebnf.py:47:38: error: Name 'CharsNotIn' is not defined  [name-defined]
(nil0x42)phpsploit/deps/pyparsing-2.1.1/examples/ebnf.py:47:65: error: Name 'Literal' is not defined  [name-defined]
(nil0x42)phpsploit/deps/pyparsing-2.1.1/examples/ebnf.py:50:10: error: Name 'OneOrMore' is not defined  [name-defined]
(nil0x42)phpsploit/deps/pyparsing-2.1.1/examples/ebnf.py:127:1: error: Need type annotation for 'symbol_table' (hint: "symbol_table: Dict[<type>, <type>] = ...")  [var-annotated]
(nil0x42)phpsploit/deps/pyparsing-2.1.1/examples/ebnf.py:130:1: error: "Type[forward_count]" has no attribute "value"  [attr-defined]
(nil0x42)phpsploit/deps/pyparsing-2.1.1/examples/position.py:14:20: error: Name 'Word' is not defined  [name-defined]
(nil0x42)phpsploit/deps/pyparsing-2.1.1/examples/position.py:14:32: error: Name 'alphas' is not defined  [name-defined]
(nil0x42)phpsploit/deps/pyparsing-2.1.1/examples/position.py:23:33: error: Name 'alphas' is not defined  [name-defined]
(nil0x42)phpsploit/deps/pyparsing-2.1.1/examples/position.py:24:19: error: Name 'Word' is not defined  [name-defined]
(nil0x42)phpsploit/deps/pyparsing-2.1.1/examples/position.py:24:36: error: Name 'alphas' is not defined  [name-defined]
(nil0x42)phpsploit/deps/pyparsing-2.1.1/examples/simpleWiki.py:16:14: error: Name 'QuotedString' is not defined  [name-defined]
(nil0x42)phpsploit/deps/pyparsing-2.1.1/examples/simpleWiki.py:17:10: error: Name 'QuotedString' is not defined  [name-defined]
(nil0x42)phpsploit/deps/pyparsing-2.1.1/examples/simpleWiki.py:18:18: error: Name 'QuotedString' is not defined  [name-defined]
(nil0x42)phpsploit/deps/pyparsing-2.1.1/examples/simpleWiki.py:26:10: error: Name 'QuotedString' is not defined  [name-defined]
(nil0x42)phpsploit/deps/pyparsing-2.1.1/examples/apicheck.py:9:35: error: Name 'Suppress' is not defined  [name-defined]
(nil0x42)phpsploit/deps/pyparsing-2.1.1/examples/apicheck.py:10:9: error: Name 'Word' is not defined  [name-defined]
(nil0x42)phpsploit/deps/pyparsing-2.1.1/examples/apicheck.py:10:14: error: Name 'alphas' is not defined  [name-defined]
(nil0x42)phpsploit/deps/pyparsing-2.1.1/examples/apicheck.py:10:21: error: Name 'alphanums' is not defined  [name-defined]
(nil0x42)phpsploit/deps/pyparsing-2.1.1/examples/apicheck.py:10:38: error: Name 'QuotedString' is not defined  [name-defined]
(nil0x42)phpsploit/deps/pyparsing-2.1.1/examples/apicheck.py:23:10: error: Name 'FollowedBy' is not defined  [name-defined]
(nil0x42)phpsploit/deps/pyparsing-2.1.1/examples/apicheck.py:23:28: error: Name 'MatchFirst' is not defined  [name-defined]
(nil0x42)phpsploit/deps/pyparsing-2.1.1/examples/apicheck.py:46:52: error: Name 'lineno' is not defined  [name-defined]
(nil0x42)phpsploit/deps/pyparsing-2.1.1/examples/apicheck.py:47:12: error: Name 'ParseSyntaxException' is not defined  [name-defined]
(nil0x42)phpsploit/deps/pyparsing-2.1.1/examples/pythonGrammarParser.py:179:10: error: Name 'Suppress' is not defined  [name-defined]
(nil0x42)phpsploit/deps/pyparsing-2.1.1/examples/pythonGrammarParser.py:180:10: error: Name 'Suppress' is not defined  [name-defined]
(nil0x42)phpsploit/deps/pyparsing-2.1.1/examples/pythonGrammarParser.py:181:10: error: Name 'Suppress' is not defined  [name-defined]
(nil0x42)phpsploit/deps/pyparsing-2.1.1/examples/pythonGrammarParser.py:182:10: error: Name 'Suppress' is not defined  [name-defined]
(nil0x42)phpsploit/deps/pyparsing-2.1.1/examples/pythonGrammarParser.py:183:10: error: Name 'Suppress' is not defined  [name-defined]
(nil0x42)phpsploit/deps/pyparsing-2.1.1/examples/pythonGrammarParser.py:184:10: error: Name 'Suppress' is not defined  [name-defined]
(nil0x42)phpsploit/deps/pyparsing-2.1.1/examples/pythonGrammarParser.py:187:9: error: Name 'Word' is not defined  [name-defined]
(nil0x42)phpsploit/deps/pyparsing-2.1.1/examples/pythonGrammarParser.py:187:14: error: Name 'alphanums' is not defined  [name-defined]
(nil0x42)phpsploit/deps/pyparsing-2.1.1/examples/pythonGrammarParser.py:188:12: error: Name 'Word' is not defined  [name-defined]
(nil0x42)phpsploit/deps/pyparsing-2.1.1/examples/pythonGrammarParser.py:188:17: error: Name 'alphanums' is not defined  [name-defined]
(nil0x42)phpsploit/deps/pyparsing-2.1.1/examples/pythonGrammarParser.py:188:35: error: Name 'FollowedBy' is not defined  [name-defined]
(nil0x42)phpsploit/deps/pyparsing-2.1.1/examples/pythonGrammarParser.py:189:13: error: Name 'oneOf' is not defined  [name-defined]
(nil0x42)phpsploit/deps/pyparsing-2.1.1/examples/pythonGrammarParser.py:190:11: error: Name 'Forward' is not defined  [name-defined]
(nil0x42)phpsploit/deps/pyparsing-2.1.1/examples/pythonGrammarParser.py:191:16: error: Name 'Group' is not defined  [name-defined]
(nil0x42)phpsploit/deps/pyparsing-2.1.1/examples/pythonGrammarParser.py:192:25: error: Name 'quotedString' is not defined  [name-defined]
(nil0x42)phpsploit/deps/pyparsing-2.1.1/examples/pythonGrammarParser.py:192:88: error: Name 'Optional' is not defined  [name-defined]
(nil0x42)phpsploit/deps/pyparsing-2.1.1/examples/pythonGrammarParser.py:192:88: note: Did you forget to import it from "typing"? (Suggestion: "from typing import Optional")
(nil0x42)phpsploit/deps/pyparsing-2.1.1/examples/pythonGrammarParser.py:193:11: error: Name 'Group' is not defined  [name-defined]
(nil0x42)phpsploit/deps/pyparsing-2.1.1/examples/pythonGrammarParser.py:193:27: error: Name 'OneOrMore' is not defined  [name-defined]
(nil0x42)phpsploit/deps/pyparsing-2.1.1/examples/pythonGrammarParser.py:195:10: error: Name 'Group' is not defined  [name-defined]
(nil0x42)phpsploit/deps/pyparsing-2.1.1/examples/pythonGrammarParser.py:195:29: error: Name 'OneOrMore' is not defined  [name-defined]
(nil0x42)phpsploit/deps/pyparsing-2.1.1/examples/pythonGrammarParser.py:199:20: error: Name 'restOfLine' is not defined  [name-defined]
(nil0x42)phpsploit/deps/pyparsing-2.1.1/examples/pythonGrammarParser.py:202:7: error: Name 'Dict' is not defined  [name-defined]
(nil0x42)phpsploit/deps/pyparsing-2.1.1/examples/pythonGrammarParser.py:202:7: note: Did you forget to import it from "typing"? (Suggestion: "from typing import Dict")
(nil0x42)phpsploit/deps/pyparsing-2.1.1/examples/pythonGrammarParser.py:202:12: error: Name 'OneOrMore' is not defined  [name-defined]
(nil0x42)phpsploit/deps/pyparsing-2.1.1/examples/pythonGrammarParser.py:202:22: error: Name 'Group' is not defined  [name-defined]
(nil0x42)phpsploit/deps/pyparsing-2.1.1/examples/macroExpander.py:19:14: error: Name 'Word' is not defined  [name-defined]
(nil0x42)phpsploit/deps/pyparsing-2.1.1/examples/macroExpander.py:19:19: error: Name 'alphas' is not defined  [name-defined]
(nil0x42)phpsploit/deps/pyparsing-2.1.1/examples/macroExpander.py:19:30: error: Name 'alphanums' is not defined  [name-defined]
(nil0x42)phpsploit/deps/pyparsing-2.1.1/examples/macroExpander.py:20:43: error: Name 'empty' is not defined  [name-defined]
(nil0x42)phpsploit/deps/pyparsing-2.1.1/examples/macroExpander.py:20:51: error: Name 'restOfLine' is not defined  [name-defined]
(nil0x42)phpsploit/deps/pyparsing-2.1.1/examples/macroExpander.py:23:13: error: Name 'Forward' is not defined  [name-defined]
(nil0x42)phpsploit/deps/pyparsing-2.1.1/examples/macroExpander.py:24:14: error: Name 'NoMatch' is not defined  [name-defined]
(nil0x42)phpsploit/deps/pyparsing-2.1.1/examples/tagCapture.py:28:10: error: Name 'originalTextFor' is not defined  [name-defined]
(nil0x42)phpsploit/deps/pyparsing-2.1.1/examples/tagCapture.py:28:26: error: Name 'anyOpenTag' is not defined  [name-defined]
(nil0x42)phpsploit/deps/pyparsing-2.1.1/examples/tagCapture.py:28:39: error: Name 'SkipTo' is not defined  [name-defined]
(nil0x42)phpsploit/deps/pyparsing-2.1.1/examples/tagCapture.py:30:54: error: Name 'anyOpenTag' is not defined  [name-defined]
(nil0x42)phpsploit/deps/pyparsing-2.1.1/examples/tagCapture.py:33:10: error: Name 'originalTextFor' is not defined  [name-defined]
(nil0x42)phpsploit/deps/pyparsing-2.1.1/examples/tagCapture.py:33:26: error: Name 'anyOpenTag' is not defined  [name-defined]
(nil0x42)phpsploit/deps/pyparsing-2.1.1/examples/tagCapture.py:33:39: error: Name 'SkipTo' is not defined  [name-defined]
(nil0x42)phpsploit/deps/pyparsing-2.1.1/examples/romanNumerals.py:29:16: error: Name 'OneOrMore' is not defined  [name-defined]
(nil0x42)phpsploit/deps/pyparsing-2.1.1/examples/linenoExample.py:27:6: error: Name 'Word' is not defined  [name-defined]
(nil0x42)phpsploit/deps/pyparsing-2.1.1/examples/linenoExample.py:27:11: error: Name 'alphas' is not defined  [name-defined]
(nil0x42)phpsploit/deps/pyparsing-2.1.1/examples/linenoExample.py:28:1: error: Name 'OneOrMore' is not defined  [name-defined]
(nil0x42)phpsploit/deps/pyparsing-2.1.1/examples/linenoExample.py:46:6: error: Name 'Word' is not defined  [name-defined]
(nil0x42)phpsploit/deps/pyparsing-2.1.1/examples/linenoExample.py:46:11: error: Name 'alphas' is not defined  [name-defined]
(nil0x42)phpsploit/deps/pyparsing-2.1.1/examples/linenoExample.py:48:17: error: Name 'OneOrMore' is not defined  [name-defined]
(nil0x42)phpsploit/deps/pyparsing-2.1.1/examples/removeLineBreaks.py:21:12: error: Name 'SkipTo' is not defined  [name-defined]
(nil0x42)phpsploit/deps/pyparsing-2.1.1/examples/removeLineBreaks.py:21:19: error: Name 'lineEnd' is not defined  [name-defined]
(nil0x42)phpsploit/deps/pyparsing-2.1.1/examples/removeLineBreaks.py:24:23: error: Name 'Suppress' is not defined  [name-defined]
(nil0x42)phpsploit/deps/pyparsing-2.1.1/examples/removeLineBreaks.py:24:32: error: Name 'lineEnd' is not defined  [name-defined]
(nil0x42)phpsploit/deps/pyparsing-2.1.1/examples/removeLineBreaks.py:24:56: error: Name 'replaceWith' is not defined  [name-defined]
(nil0x42)phpsploit/deps/pyparsing-2.1.1/examples/removeLineBreaks.py:27:8: error: Name 'OneOrMore' is not defined  [name-defined]
(nil0x42)phpsploit/deps/pyparsing-2.1.1/examples/removeLineBreaks.py:27:30: error: Name 'Suppress' is not defined  [name-defined]
(nil0x42)phpsploit/deps/pyparsing-2.1.1/examples/removeLineBreaks.py:27:39: error: Name 'lineEnd' is not defined  [name-defined]
(nil0x42)phpsploit/deps/pyparsing-2.1.1/examples/removeLineBreaks.py:27:63: error: Name 'replaceWith' is not defined  [name-defined]
(nil0x42)phpsploit/deps/pyparsing-2.1.1/examples/removeLineBreaks.py:44:26: error: Name 'file' is not defined  [name-defined]
(nil0x42)phpsploit/deps/pyparsing-2.1.1/examples/removeLineBreaks.py:45:1: error: Name 'file' is not defined  [name-defined]
(nil0x42)phpsploit/deps/pyparsing-2.1.1/examples/gen_ctypes.py:40:42: error: Name 'Suppress' is not defined  [name-defined]
(nil0x42)phpsploit/deps/pyparsing-2.1.1/examples/gen_ctypes.py:41:9: error: Name 'Word' is not defined  [name-defined]
(nil0x42)phpsploit/deps/pyparsing-2.1.1/examples/gen_ctypes.py:41:14: error: Name 'alphas' is not defined  [name-defined]
(nil0x42)phpsploit/deps/pyparsing-2.1.1/examples/gen_ctypes.py:41:22: error: Name 'alphanums' is not defined  [name-defined]
(nil0x42)phpsploit/deps/pyparsing-2.1.1/examples/gen_ctypes.py:42:11: error: Name 'Regex' is not defined  [name-defined]
(nil0x42)phpsploit/deps/pyparsing-2.1.1/examples/gen_ctypes.py:43:14: error: Name 'Regex' is not defined  [name-defined]
(nil0x42)phpsploit/deps/pyparsing-2.1.1/examples/gen_ctypes.py:45:9: error: Name 'Suppress' is not defined  [name-defined]
(nil0x42)phpsploit/deps/pyparsing-2.1.1/examples/gen_ctypes.py:46:17: error: Name 'oneOf' is not defined  [name-defined]
(nil0x42)phpsploit/deps/pyparsing-2.1.1/examples/gen_ctypes.py:47:14: error: Name 'Suppress' is not defined  [name-defined]
(nil0x42)phpsploit/deps/pyparsing-2.1.1/examples/gen_ctypes.py:48:12: error: Name 'Optional' is not defined  [name-defined]
(nil0x42)phpsploit/deps/pyparsing-2.1.1/examples/gen_ctypes.py:48:12: note: Did you forget to import it from "typing"? (Suggestion: "from typing import Optional")
(nil0x42)phpsploit/deps/pyparsing-2.1.1/examples/gen_ctypes.py:50:13: error: Name 'Optional' is not defined  [name-defined]
(nil0x42)phpsploit/deps/pyparsing-2.1.1/examples/gen_ctypes.py:50:13: note: Did you forget to import it from "typing"? (Suggestion: "from typing import Optional")
(nil0x42)phpsploit/deps/pyparsing-2.1.1/examples/gen_ctypes.py:50:22: error: Name 'Word' is not defined  [name-defined]
(nil0x42)phpsploit/deps/pyparsing-2.1.1/examples/gen_ctypes.py:59:7: error: Name 'Group' is not defined  [name-defined]
(nil0x42)phpsploit/deps/pyparsing-2.1.1/examples/gen_ctypes.py:59:34: error: Name 'Optional' is not defined  [name-defined]
(nil0x42)phpsploit/deps/pyparsing-2.1.1/examples/gen_ctypes.py:59:34: note: Did you forget to import it from "typing"? (Suggestion: "from typing import Optional")
(nil0x42)phpsploit/deps/pyparsing-2.1.1/examples/gen_ctypes.py:61:24: error: Name 'Optional' is not defined  [name-defined]
(nil0x42)phpsploit/deps/pyparsing-2.1.1/examples/gen_ctypes.py:61:24: note: Did you forget to import it from "typing"? (Suggestion: "from typing import Optional")
(nil0x42)phpsploit/deps/pyparsing-2.1.1/examples/gen_ctypes.py:61:33: error: Name 'delimitedList' is not defined  [name-defined]
(nil0x42)phpsploit/deps/pyparsing-2.1.1/examples/gen_ctypes.py:70:13: error: Name 'Keyword' is not defined  [name-defined]
(nil0x42)phpsploit/deps/pyparsing-2.1.1/examples/gen_ctypes.py:71:13: error: Name 'delimitedList' is not defined  [name-defined]
(nil0x42)phpsploit/deps/pyparsing-2.1.1/examples/gen_ctypes.py:71:27: error: Name 'Group' is not defined  [name-defined]
(nil0x42)phpsploit/deps/pyparsing-2.1.1/examples/gen_ctypes.py:72:15: error: Name 'Optional' is not defined  [name-defined]
(nil0x42)phpsploit/deps/pyparsing-2.1.1/examples/gen_ctypes.py:72:15: note: Did you forget to import it from "typing"? (Suggestion: "from typing import Optional")
(nil0x42)phpsploit/deps/pyparsing-2.1.1/examples/gen_ctypes.py:120:16: error: Name 'cStyleComment' is not defined  [name-defined]
(nil0x42)phpsploit/deps/pyparsing-2.1.1/examples/gen_ctypes.py:130:17: error: Name 'cppStyleComment' is not defined  [name-defined]
(nil0x42)phpsploit/src/core/session/compat_session.py:42:17: error: Need type annotation for '_template'  [var-annotated]

[RRepo](nallath)PostProcessingPlugin

[RRepo](qtile)qtile
(qtile)qtile/libqtile/widget/groupbox.py:35:1: error: No parent module -- cannot perform relative import  [misc]
Found 1 error in 1 file (checked 80 source files)

[RRepo](Korchy)BIS

[RRepo](google-research)mixmatch
(google-research)mixmatch/libml/data.py:185:1: error: Need type annotation for 'DATASETS' (hint: "DATASETS: Dict[<type>, <type>] = ...")  [var-annotated]

[RRepo](imayhaveborkedit)discord.py
(imayhaveborkedit)discord.py/docs/conf.py:88:15: error: Item "None" of "Optional[Match[str]]" has no attribute "group"  [union-attr]
(imayhaveborkedit)discord.py/docs/conf.py:241:1: error: Need type annotation for 'latex_elements' (hint: "latex_elements: Dict[<type>, <type>] = ...")  [var-annotated]
(imayhaveborkedit)discord.py/discord/rtp.py:192:12: error: Incompatible types in assignment (expression has type "int", base class "RTCPPacket" defined the type as "None")  [assignment]
(imayhaveborkedit)discord.py/discord/rtp.py:226:12: error: Incompatible types in assignment (expression has type "int", base class "RTCPPacket" defined the type as "None")  [assignment]
(imayhaveborkedit)discord.py/discord/rtp.py:257:12: error: Incompatible types in assignment (expression has type "int", base class "RTCPPacket" defined the type as "None")  [assignment]
(imayhaveborkedit)discord.py/discord/rtp.py:307:12: error: Incompatible types in assignment (expression has type "int", base class "RTCPPacket" defined the type as "None")  [assignment]
(imayhaveborkedit)discord.py/discord/rtp.py:324:12: error: Incompatible types in assignment (expression has type "int", base class "RTCPPacket" defined the type as "None")  [assignment]
(imayhaveborkedit)discord.py/discord/__init__.py:64:5: error: Name 'NullHandler' already defined (possibly by an import)  [no-redef]
(imayhaveborkedit)discord.py/examples/basic_voice.py:33:18: error: Name 'discord.PCMVolumeTransformer' is not defined  [name-defined]
(imayhaveborkedit)discord.py/examples/basic_voice.py:55:13: error: Name 'commands.Cog' is not defined  [name-defined]
(imayhaveborkedit)discord.py/examples/basic_voice.py:59:6: error: Module has no attribute "command"  [attr-defined]
(imayhaveborkedit)discord.py/examples/basic_voice.py:60: error: Name 'discord.VoiceChannel' is not defined  [name-defined]
(imayhaveborkedit)discord.py/examples/basic_voice.py:68:6: error: Module has no attribute "command"  [attr-defined]
(imayhaveborkedit)discord.py/examples/basic_voice.py:77:6: error: Module has no attribute "command"  [attr-defined]
(imayhaveborkedit)discord.py/examples/basic_voice.py:87:6: error: Module has no attribute "command"  [attr-defined]
(imayhaveborkedit)discord.py/examples/basic_voice.py:97:6: error: Module has no attribute "command"  [attr-defined]
(imayhaveborkedit)discord.py/examples/basic_voice.py:107:6: error: Module has no attribute "command"  [attr-defined]
(imayhaveborkedit)discord.py/examples/basic_voice.py:126:7: error: Module has no attribute "Bot"  [attr-defined]
(imayhaveborkedit)discord.py/examples/basic_voice.py:126:35: error: Module has no attribute "when_mentioned_or"  [attr-defined]
(imayhaveborkedit)discord.py/examples/basic_bot.py:9:7: error: Module has no attribute "Bot"  [attr-defined]
(imayhaveborkedit)discord.py/discord/__main__.py:178:21: error: Generator has incompatible item type "Tuple[str, None]"; expected "Tuple[str, str]"  [misc]
Found 21 errors in 6 files (checked 34 source files)

[RRepo](Nic30)hwtHls
(Nic30)hwtHls/hwtHls/allocator/allocator.py:26: error: Variable "allocator.TimeIndependentRtlResource.INVARIANT_TIME" is not valid as a type  [valid-type]
(Nic30)hwtHls/hwtHls/allocator/allocator.py:91:9: error: Need type annotation for 'node2instance' (hint: "node2instance: Dict[<type>, <type>] = ...")  [var-annotated]
(Nic30)hwtHls/hwtHls/codeOps.py:49:35: error: Name 'Hls' is not defined  [name-defined]
(Nic30)hwtHls/hwtHls/codeOps.py:150:35: error: Name 'Hls' is not defined  [name-defined]
(Nic30)hwtHls/hwtHls/codeOps.py:151:49: error: Argument 3 to "__init__" of "AbstractHlsOp" has incompatible type "None"; expected "int"  [arg-type]
(Nic30)hwtHls/hwtHls/codeOps.py:196:35: error: Name 'Hls' is not defined  [name-defined]
(Nic30)hwtHls/hwtHls/codeOps.py:197:49: error: Argument 3 to "__init__" of "AbstractHlsOp" has incompatible type "None"; expected "int"  [arg-type]
(Nic30)hwtHls/hwtHls/codeOps.py:242:35: error: Name 'Hls' is not defined  [name-defined]
(Nic30)hwtHls/hwtHls/hls.py:70:12: error: Name 'HlsMux' is not defined  [name-defined]
(Nic30)hwtHls/hwtHls/hls.py:180:9: error: Need type annotation for 'inputs' (hint: "inputs: List[<type>] = ...")  [var-annotated]
(Nic30)hwtHls/hwtHls/hls.py:181:9: error: Need type annotation for 'outputs' (hint: "outputs: List[<type>] = ...")  [var-annotated]
(Nic30)hwtHls/hwtHls/hls.py:182:9: error: Need type annotation for '_io' (hint: "_io: Dict[<type>, <type>] = ...")  [var-annotated]
(Nic30)hwtHls/hwtHls/scheduler/list_schedueling.py:17:5: error: Need type annotation for 'comp_per_clk' (hint: "comp_per_clk: Dict[<type>, <type>] = ...")  [var-annotated]
(Nic30)hwtHls/hwtHls/platform/xilinx/abstract.py:46:16: error: "AbstractXilinxPlatform" has no attribute "OP_DELAYS"; maybe "CMP_DELAY"?  [attr-defined]
(Nic30)hwtHls/hwtHls/platform/xilinx/abstract.py:53:16: error: Cannot determine type of 'BITWISE_DELAY'  [has-type]
(Nic30)hwtHls/hwtHls/platform/xilinx/abstract.py:57:36: error: Cannot determine type of 'CMP_DELAY'  [has-type]
(Nic30)hwtHls/hwtHls/platform/xilinx/abstract.py:70:15: error: Cannot determine type of 'ARC_DELAY'  [has-type]
(Nic30)hwtHls/hwtHls/platform/xilinx/abstract.py:71:16: error: Cannot determine type of 'LUT6_DELAY'  [has-type]
(Nic30)hwtHls/hwtHls/platform/xilinx/abstract.py:72:17: error: Cannot determine type of 'MUXF7_DELAY'  [has-type]
(Nic30)hwtHls/hwtHls/platform/xilinx/abstract.py:73:17: error: Cannot determine type of 'MUXF8_DELAY'  [has-type]
(Nic30)hwtHls/hwtHls/platform/xilinx/abstract.py:74:15: error: Cannot determine type of 'NET_DELAY'  [has-type]
(Nic30)hwtHls/hwtHls/platform/xilinx/abstract.py:111:16: error: Cannot determine type of 'FF_DELAY_SETUP'  [has-type]
(Nic30)hwtHls/hwtHls/tests/connection.py:109:19: error: Module has no attribute "makeSuite"  [attr-defined]
(Nic30)hwtHls/hwtHls/examples/bitonicSort.py:62:19: error: Module has no attribute "makeSuite"  [attr-defined]
(Nic30)hwtHls/hwtHls/examples/bitonicSort.py:63:19: error: Module has no attribute "makeSuite"  [attr-defined]
(Nic30)hwtHls/hwtHls/examples/hls_expr_tree3.py:80:19: error: Module has no attribute "makeSuite"  [attr-defined]
(Nic30)hwtHls/hwtHls/examples/alapAsapDiffExample.py:85:19: error: Module has no attribute "makeSuite"  [attr-defined]
(Nic30)hwtHls/hwtHls/examples/mac.py:125:19: error: Module has no attribute "makeSuite"  [attr-defined]
Found 28 errors in 10 files (checked 27 source files)

[RRepo](tensorflow)minigo
(tensorflow)minigo/train.py:142:24: error: Invalid type comment or annotation  [valid-type]
(tensorflow)minigo/train.py:173:9: error: All conditional function variants must have identical signatures  [misc]
(tensorflow)minigo/validate.py:54:9: error: All conditional function variants must have identical signatures  [misc]
(tensorflow)minigo/minigui/serve.py:55:1: error: Need type annotation for 'connections' (hint: "connections: Dict[<type>, <type>] = ...")  [var-annotated]
Found 4 errors in 3 files (checked 66 source files)

[RRepo](mementum)backtrader
(mementum)backtrader/backtrader/analyzers/pyfolio.py:30:1: error: No parent module -- cannot perform relative import  [misc]
Found 1 error in 1 file (checked 221 source files)

[RRepo](ktok07b6)polyphony
(ktok07b6)polyphony/polyphony/_internal/_verilog.py:1:2: error: Name 'builtin' is not defined  [name-defined]
(ktok07b6)polyphony/polyphony/_internal/_verilog.py:6:2: error: Name 'builtin' is not defined  [name-defined]
(ktok07b6)polyphony/polyphony/_internal/_timing.py:4:2: error: Name 'builtin' is not defined  [name-defined]
(ktok07b6)polyphony/polyphony/_internal/_timing.py:9:2: error: Name 'inlinelib' is not defined  [name-defined]
(ktok07b6)polyphony/polyphony/_internal/_timing.py:14:2: error: Name 'builtin' is not defined  [name-defined]
(ktok07b6)polyphony/polyphony/_internal/_timing.py:19:2: error: Name 'builtin' is not defined  [name-defined]
(ktok07b6)polyphony/polyphony/_internal/_timing.py:24:2: error: Name 'builtin' is not defined  [name-defined]
(ktok07b6)polyphony/polyphony/_internal/_timing.py:29:2: error: Name 'builtin' is not defined  [name-defined]
(ktok07b6)polyphony/polyphony/_internal/_io.py:2:5: error: The return type of "__init__" must be None  [misc]
(ktok07b6)polyphony/polyphony/_internal/_io.py:2:30: error: Name 'generic' is not defined  [name-defined]
(ktok07b6)polyphony/polyphony/_internal/_io.py:5:21: error: Name 'generic' is not defined  [name-defined]
(ktok07b6)polyphony/polyphony/_internal/_io.py:8:6: error: Name 'mutable' is not defined  [name-defined]
(ktok07b6)polyphony/polyphony/_internal/_io.py:9:20: error: Name 'generic' is not defined  [name-defined]
(ktok07b6)polyphony/polyphony/_internal/_io.py:12:35: error: Name 'generic' is not defined  [name-defined]
(ktok07b6)polyphony/polyphony/_internal/_io.py:17:5: error: The return type of "__init__" must be None  [misc]
(ktok07b6)polyphony/polyphony/_internal/_io.py:17:30: error: Name 'generic' is not defined  [name-defined]
(ktok07b6)polyphony/polyphony/_internal/_io.py:20:21: error: Name 'generic' is not defined  [name-defined]
(ktok07b6)polyphony/polyphony/_internal/_io.py:23:20: error: Name 'generic' is not defined  [name-defined]
(ktok07b6)polyphony/polyphony/_internal/_io.py:26:35: error: Name 'generic' is not defined  [name-defined]
(ktok07b6)polyphony/polyphony/_internal/_io.py:29:6: error: Name 'predicate' is not defined  [name-defined]
(ktok07b6)polyphony/polyphony/_internal/_io.py:33:6: error: Name 'predicate' is not defined  [name-defined]
(ktok07b6)polyphony/polyphony/_internal/_builtins.py:2:2: error: Name 'builtin' is not defined  [name-defined]
(ktok07b6)polyphony/polyphony/_internal/_builtins.py:7:2: error: Name 'builtin' is not defined  [name-defined]
(ktok07b6)polyphony/polyphony/_internal/_builtins.py:12:2: error: Name 'builtin' is not defined  [name-defined]
(ktok07b6)polyphony/polyphony/_internal/_builtins.py:13:14: error: Name 'uint' is not defined  [name-defined]
(ktok07b6)polyphony/polyphony/_internal/_builtins.py:17:2: error: Name 'builtin' is not defined  [name-defined]
(ktok07b6)polyphony/polyphony/_internal/_builtins.py:22:2: error: Name 'builtin' is not defined  [name-defined]
(ktok07b6)polyphony/polyphony/_internal/_builtins.py:23:2: error: Name 'typeclass' is not defined  [name-defined]
(ktok07b6)polyphony/polyphony/_internal/_builtins.py:25:5: error: The return type of "__init__" must be None  [misc]
(ktok07b6)polyphony/polyphony/_internal/_builtins.py:25:30: error: Incompatible default for argument "i" (default has type "builtins.int", argument has type "polyphony._internal._builtins.int")  [assignment]
(ktok07b6)polyphony/polyphony/_internal/_builtins.py:29:2: error: Name 'builtin' is not defined  [name-defined]
(ktok07b6)polyphony/polyphony/_internal/_builtins.py:30:2: error: Name 'typeclass' is not defined  [name-defined]
(ktok07b6)polyphony/polyphony/_internal/_builtins.py:32:5: error: The return type of "__init__" must be None  [misc]
(ktok07b6)polyphony/polyphony/_internal/_builtins.py:32:31: error: Incompatible default for argument "b" (default has type "int", argument has type "bool")  [assignment]
(ktok07b6)polyphony/polyphony/compiler/type.py:329:1: error: "Type[Type]" has no attribute "bool_t"  [attr-defined]
(ktok07b6)polyphony/polyphony/compiler/type.py:330:1: error: "Type[Type]" has no attribute "str_t"  [attr-defined]
(ktok07b6)polyphony/polyphony/compiler/type.py:331:1: error: "Type[Type]" has no attribute "none_t"  [attr-defined]
(ktok07b6)polyphony/polyphony/compiler/type.py:332:1: error: "Type[Type]" has no attribute "undef_t"  [attr-defined]
(ktok07b6)polyphony/polyphony/compiler/type.py:333:1: error: "Type[Type]" has no attribute "ellipsis_t"  [attr-defined]
(ktok07b6)polyphony/polyphony/compiler/type.py:334:1: error: "Type[Type]" has no attribute "generic_t"  [attr-defined]
(ktok07b6)polyphony/polyphony/compiler/type.py:335:1: error: "Type[Type]" has no attribute "any_t"  [attr-defined]
(ktok07b6)polyphony/polyphony/_internal/__init__.py:5:2: error: Name 'decorator' is not defined  [name-defined]
(ktok07b6)polyphony/polyphony/_internal/__init__.py:10:2: error: Name 'decorator' is not defined  [name-defined]
(ktok07b6)polyphony/polyphony/_internal/__init__.py:19:2: error: Name 'decorator' is not defined  [name-defined]
(ktok07b6)polyphony/polyphony/_internal/__init__.py:24:2: error: Name 'decorator' is not defined  [name-defined]
(ktok07b6)polyphony/polyphony/_internal/__init__.py:29:2: error: Name 'builtin' is not defined  [name-defined]
(ktok07b6)polyphony/polyphony/_internal/__init__.py:34:2: error: Name 'builtin' is not defined  [name-defined]
(ktok07b6)polyphony/polyphony/compiler/symbol.py:10:5: error: Need type annotation for 'all_symbols' (hint: "all_symbols: List[<type>] = ...")  [var-annotated]
(ktok07b6)polyphony/polyphony/compiler/copyopt.py:79:39: error: Name 'IR' is not defined  [name-defined]
(ktok07b6)polyphony/polyphony/compiler/copyopt.py:84:19: error: Name 'MOVE' is not defined  [name-defined]
(ktok07b6)polyphony/polyphony/compiler/copyopt.py:85:27: error: Name 'TEMP' is not defined  [name-defined]
(ktok07b6)polyphony/polyphony/compiler/copyopt.py:93:29: error: Name 'ATTR' is not defined  [name-defined]
(ktok07b6)polyphony/polyphony/io.py:29:1: error: Need type annotation for '_monitoring_ports' (hint: "_monitoring_ports: Dict[<type>, <type>] = ...")  [var-annotated]
(ktok07b6)polyphony/polyphony/__init__.py:7:1: error: Module 'polyphony' has no attribute 'version'; maybe "__version__"?  [attr-defined]
(ktok07b6)polyphony/tests/import/import_pkg04.py:2:1: error: Module 'subpkg' has no attribute 'SUBPKG_CONSTANT_100'  [attr-defined]
(ktok07b6)polyphony/tests/import/import_pkg04.py:3:1: error: Module 'subpkg' has no attribute 'SUBPKG_CONSTANT_111'  [attr-defined]
(ktok07b6)polyphony/tests/module/parameter01.py:8:45: error: Incompatible default for argument "PARAM1" (default has type "int", argument has type "uint8")  [assignment]
(ktok07b6)polyphony/tests/module/parameter01.py:13:9: error: "parameter01" has no attribute "append_worker"  [attr-defined]
(ktok07b6)polyphony/tests/module/parameter01.py:36:21: error: Argument 2 to "parameter01" has incompatible type "int"; expected "uint8"  [arg-type]
(ktok07b6)polyphony/tests/tuple/tuple12.py:5:16: error: "Tuple" expects no type arguments, but 1 given  [type-arg]
(ktok07b6)polyphony/tests/tuple/tuple12.py:6:12: error: Incompatible return value type (got "Tuple[Any, Any]", expected "Tuple")  [return-value]
(ktok07b6)polyphony/tests/error/redefined_name01.py:9:1: error: Name 'func0' already defined on line 5  [no-redef]
(ktok07b6)polyphony/tests/error/redefined_name02.py:9:1: error: Name 'C' already defined on line 5  [no-redef]
(ktok07b6)polyphony/tests/error/module_method02.py:16:1: error: "module_method02" has no attribute "append_worker"  [attr-defined]
(ktok07b6)polyphony/tests/error/seq_capacity01.py:6:23: error: Invalid type comment or annotation  [valid-type]
(ktok07b6)polyphony/tests/error/seq_capacity02.py:6:23: error: Invalid type comment or annotation  [valid-type]
(ktok07b6)polyphony/tests/apps/sobel_filter.py:9:17: error: Unsupported left operand type for > ("int12")  [operator]
(ktok07b6)polyphony/tests/apps/sobel_filter.py:13:17: error: Unsupported left operand type for < ("int12")  [operator]
(ktok07b6)polyphony/tests/apps/sobel_filter.py:17:17: error: Unsupported operand types for < ("int" and "int12")  [operator]
(ktok07b6)polyphony/tests/apps/sobel_filter.py:17:28: error: Unsupported operand type for unary - ("int12")  [operator]
(ktok07b6)polyphony/tests/apps/sobel_filter.py:21:23: error: Argument 2 to "max" has incompatible type "int"; expected "int12"  [arg-type]
(ktok07b6)polyphony/tests/apps/sobel_filter.py:21:27: error: Argument 2 to "min" has incompatible type "int"; expected "int12"  [arg-type]
(ktok07b6)polyphony/tests/apps/sobel_filter.py:24:5: error: "Tuple" expects no type arguments, but 1 given  [type-arg]
(ktok07b6)polyphony/tests/apps/sobel_filter.py:24:20: error: Incompatible types in assignment (expression has type "Tuple[int, int, int, int, int, int, int, int, int]", variable has type "Tuple")  [assignment]
(ktok07b6)polyphony/tests/apps/sobel_filter.py:28:5: error: "Tuple" expects no type arguments, but 1 given  [type-arg]
(ktok07b6)polyphony/tests/apps/sobel_filter.py:28:20: error: Incompatible types in assignment (expression has type "Tuple[int, int, int, int, int, int, int, int, int]", variable has type "Tuple")  [assignment]
(ktok07b6)polyphony/tests/class/param02.py:11:12: error: "object" has no attribute "get_x"  [attr-defined]
(ktok07b6)polyphony/tests/typing/typing02.py:5:19: error: "List" expects no type arguments, but 1 given  [type-arg]
(ktok07b6)polyphony/tests/typing/typing02.py:6:12: error: No overload variant of "__getitem__" of "list" matches argument type "int8"  [call-overload]
(ktok07b6)polyphony/tests/typing/typing02.py:6:12: note: Possible overload variants:
(ktok07b6)polyphony/tests/typing/typing02.py:6:12: note:     def __getitem__(self, int) -> Any
(ktok07b6)polyphony/tests/typing/typing02.py:6:12: note:     def __getitem__(self, slice) -> List[Any]
(ktok07b6)polyphony/tests/typing/typing02.py:9:19: error: "List" expects no type arguments, but 1 given  [type-arg]
(ktok07b6)polyphony/tests/typing/typing02.py:10:12: error: No overload variant of "__getitem__" of "list" matches argument type "int8"  [call-overload]
(ktok07b6)polyphony/tests/typing/typing02.py:10:12: note: Possible overload variants:
(ktok07b6)polyphony/tests/typing/typing02.py:10:12: note:     def __getitem__(self, int) -> Any
(ktok07b6)polyphony/tests/typing/typing02.py:10:12: note:     def __getitem__(self, slice) -> List[Any]
(ktok07b6)polyphony/tests/typing/typing03.py:5:19: error: Invalid type comment or annotation  [valid-type]
(ktok07b6)polyphony/tests/typing/typing03.py:9:19: error: Invalid type comment or annotation  [valid-type]
(ktok07b6)polyphony/tests/typing/typing01.py:7:12: error: Unsupported left operand type for + ("bit")  [operator]
(ktok07b6)polyphony/tests/typing/typing01.py:11:12: error: Unsupported left operand type for + ("bit")  [operator]
(ktok07b6)polyphony/tests/typing/typing06.py:13:12: error: Unsupported left operand type for * ("int8")  [operator]
(ktok07b6)polyphony/tests/typing/typing09.py:6:1: error: "List" expects no type arguments, but 1 given  [type-arg]
(ktok07b6)polyphony/tests/typing/typing09.py:6:8: error: Incompatible types in assignment (expression has type "List[int]", variable has type "List")  [assignment]
(ktok07b6)polyphony/tests/typing/typing08.py:7:12: error: Unsupported operand types for < ("int" and "bit8")  [operator]
(ktok07b6)polyphony/tests/typing/typing08.py:8:15: error: Incompatible types in assignment (expression has type "bit8", variable has type "int8")  [assignment]
(ktok07b6)polyphony/tests/typing/typing08.py:9:12: error: Unsupported operand types for > ("int" and "int8")  [operator]
(ktok07b6)polyphony/tests/typing/typing05.py:5: error: Unexpected '...'  [misc]
(ktok07b6)polyphony/tests/typing/typing05.py:5:19: error: "Tuple" expects no type arguments, but 2 given  [type-arg]
(ktok07b6)polyphony/tests/typing/typing05.py:6:12: error: No overload variant of "__getitem__" of "tuple" matches argument type "int8"  [call-overload]
(ktok07b6)polyphony/tests/typing/typing05.py:6:12: note: Possible overload variants:
(ktok07b6)polyphony/tests/typing/typing05.py:6:12: note:     def __getitem__(self, int) -> Any
(ktok07b6)polyphony/tests/typing/typing05.py:6:12: note:     def __getitem__(self, slice) -> Tuple[Any, ...]
(ktok07b6)polyphony/tests/typing/typing05.py:9: error: Unexpected '...'  [misc]
(ktok07b6)polyphony/tests/typing/typing05.py:9:19: error: "Tuple" expects no type arguments, but 2 given  [type-arg]
(ktok07b6)polyphony/tests/typing/typing05.py:10:12: error: No overload variant of "__getitem__" of "tuple" matches argument type "int8"  [call-overload]
(ktok07b6)polyphony/tests/typing/typing05.py:10:12: note: Possible overload variants:
(ktok07b6)polyphony/tests/typing/typing05.py:10:12: note:     def __getitem__(self, int) -> Any
(ktok07b6)polyphony/tests/typing/typing05.py:10:12: note:     def __getitem__(self, slice) -> Tuple[Any, ...]
(ktok07b6)polyphony/tests/typing/bitwidth02.py:5:16: error: "Tuple" expects no type arguments, but 1 given  [type-arg]
(ktok07b6)polyphony/tests/typing/bitwidth02.py:8:12: error: Unsupported left operand type for | ("bit64")  [operator]
(ktok07b6)polyphony/tests/typing/bitwidth02.py:12:26: error: Argument 1 to "_32to64" has incompatible type "Tuple[Any, Any]"; expected "Tuple"  [arg-type]
(ktok07b6)polyphony/tests/typing/typing04.py:5:19: error: "Tuple" expects no type arguments, but 3 given  [type-arg]
(ktok07b6)polyphony/tests/typing/typing04.py:6:12: error: No overload variant of "__getitem__" of "tuple" matches argument type "int8"  [call-overload]
(ktok07b6)polyphony/tests/typing/typing04.py:6:12: note: Possible overload variants:
(ktok07b6)polyphony/tests/typing/typing04.py:6:12: note:     def __getitem__(self, int) -> Any
(ktok07b6)polyphony/tests/typing/typing04.py:6:12: note:     def __getitem__(self, slice) -> Tuple[Any, ...]
(ktok07b6)polyphony/tests/typing/typing04.py:9:19: error: "Tuple" expects no type arguments, but 3 given  [type-arg]
(ktok07b6)polyphony/tests/typing/typing04.py:10:12: error: No overload variant of "__getitem__" of "tuple" matches argument type "int8"  [call-overload]
(ktok07b6)polyphony/tests/typing/typing04.py:10:12: note: Possible overload variants:
(ktok07b6)polyphony/tests/typing/typing04.py:10:12: note:     def __getitem__(self, int) -> Any
(ktok07b6)polyphony/tests/typing/typing04.py:10:12: note:     def __getitem__(self, slice) -> Tuple[Any, ...]
(ktok07b6)polyphony/tests/typing/bitwidth03.py:6:15: error: Incompatible types in assignment (expression has type "int", variable has type "int64")  [assignment]
(ktok07b6)polyphony/tests/typing/bitwidth03.py:8:14: error: Unsupported left operand type for * ("int16")  [operator]
(ktok07b6)polyphony/tests/typing/bitwidth03.py:9:12: error: Unsupported operand types for >> ("int64" and "int")  [operator]
(ktok07b6)polyphony/tests/typing/bitwidth03.py:9:12: error: Incompatible return value type (got "int", expected "int32")  [return-value]
(ktok07b6)polyphony/tests/typing/bitwidth03.py:13:7: error: "List" expects no type arguments, but 1 given  [type-arg]
(ktok07b6)polyphony/tests/typing/bitwidth03.py:13:21: error: Incompatible types in assignment (expression has type "List[int]", variable has type "List")  [assignment]
(ktok07b6)polyphony/tests/typing/bitwidth03.py:15:17: error: Unsupported left operand type for * ("int16")  [operator]
(ktok07b6)polyphony/tests/typing/bitwidth01.py:6:9: error: "List" expects no type arguments, but 1 given  [type-arg]
(ktok07b6)polyphony/tests/typing/bitwidth01.py:6:22: error: Incompatible types in assignment (expression has type "List[int]", variable has type "List")  [assignment]
(ktok07b6)polyphony/tests/chstone/jpeg/chenidct_pipe.py:193:16: error: Unsupported operand types for > ("int" and "None")  [operator]
(ktok07b6)polyphony/tests/chstone/jpeg/chenidct_pipe.py:194:22: error: Unsupported operand types for - ("None" and "int")  [operator]
(ktok07b6)polyphony/tests/chstone/jpeg/chenidct_pipe.py:196:22: error: Unsupported operand types for + ("None" and "int")  [operator]
(ktok07b6)polyphony/tests/unroll/unroll11.py:21:19: error: Invalid type comment or annotation  [valid-type]
(ktok07b6)polyphony/tests/unroll/unroll12.py:21:19: error: Invalid type comment or annotation  [valid-type]
(ktok07b6)polyphony/suite.py:90:1: error: Need type annotation for 'default_ignores' (hint: "default_ignores: List[<type>] = ...")  [var-annotated]
Found 119 errors in 35 files (checked 473 source files)

[RRepo](veryhappythings)discord-gather
Success: no issues found in 9 source files

[RRepo](tutorcruncher)morpheus
(tutorcruncher)morpheus/morpheus/app/models.py:100:15: error: Incompatible types in assignment (expression has type "None", variable has type "int")  [assignment]
(tutorcruncher)morpheus/morpheus/app/models.py:113:23: error: Incompatible types in assignment (expression has type "None", variable has type "str")  [assignment]
(tutorcruncher)morpheus/morpheus/app/models.py:114:22: error: Incompatible types in assignment (expression has type "None", variable has type "str")  [assignment]
(tutorcruncher)morpheus/morpheus/app/models.py:115:22: error: Incompatible types in assignment (expression has type "None", variable has type "str")  [assignment]
(tutorcruncher)morpheus/morpheus/app/models.py:116:20: error: Incompatible types in assignment (expression has type "ellipsis", variable has type "str")  [assignment]
(tutorcruncher)morpheus/morpheus/app/models.py:130:41: error: Incompatible types in assignment (expression has type "None", variable has type "Dict[str, str]")  [assignment]
(tutorcruncher)morpheus/morpheus/app/models.py:131:30: error: Incompatible types in assignment (expression has type "None", variable has type "Dict[str, str]")  [assignment]
(tutorcruncher)morpheus/morpheus/app/models.py:132:29: error: Incompatible types in assignment (expression has type "ellipsis", variable has type "str")  [assignment]
(tutorcruncher)morpheus/morpheus/app/models.py:133:25: error: Incompatible types in assignment (expression has type "ellipsis", variable has type "str")  [assignment]
(tutorcruncher)morpheus/morpheus/app/models.py:135:31: error: Incompatible types in assignment (expression has type "ellipsis", variable has type "EmailSendMethod")  [assignment]
(tutorcruncher)morpheus/morpheus/app/models.py:136:23: error: Incompatible types in assignment (expression has type "None", variable has type "str")  [assignment]
(tutorcruncher)morpheus/morpheus/app/models.py:141:45: error: Incompatible types in assignment (expression has type "ellipsis", variable has type "List[EmailRecipientModel]")  [assignment]
(tutorcruncher)morpheus/morpheus/app/models.py:145:25: error: Incompatible types in assignment (expression has type "ellipsis", variable has type "str")  [assignment]
(tutorcruncher)morpheus/morpheus/app/models.py:146:25: error: Incompatible types in assignment (expression has type "None", variable has type "str")  [assignment]
(tutorcruncher)morpheus/morpheus/app/models.py:150:23: error: Incompatible types in assignment (expression has type "None", variable has type "str")  [assignment]
(tutorcruncher)morpheus/morpheus/app/models.py:151:22: error: Incompatible types in assignment (expression has type "None", variable has type "str")  [assignment]
(tutorcruncher)morpheus/morpheus/app/models.py:152:22: error: Incompatible types in assignment (expression has type "None", variable has type "str")  [assignment]
(tutorcruncher)morpheus/morpheus/app/models.py:153:19: error: Incompatible types in assignment (expression has type "ellipsis", variable has type "str")  [assignment]
(tutorcruncher)morpheus/morpheus/app/models.py:159:10: error: Invalid type comment or annotation  [valid-type]
(tutorcruncher)morpheus/morpheus/app/models.py:159:10: note: Suggestion: use constr[...] instead of constr(...)
(tutorcruncher)morpheus/morpheus/app/models.py:162:25: error: Incompatible types in assignment (expression has type "None", variable has type "float")  [assignment]
(tutorcruncher)morpheus/morpheus/app/models.py:163:19: error: Invalid type comment or annotation  [valid-type]
(tutorcruncher)morpheus/morpheus/app/models.py:163:19: note: Suggestion: use constr[...] instead of constr(...)
(tutorcruncher)morpheus/morpheus/app/models.py:164:16: error: Invalid type comment or annotation  [valid-type]
(tutorcruncher)morpheus/morpheus/app/models.py:164:16: note: Suggestion: use constr[...] instead of constr(...)
(tutorcruncher)morpheus/morpheus/app/models.py:165:29: error: Incompatible types in assignment (expression has type "ellipsis", variable has type "SmsSendMethod")  [assignment]
(tutorcruncher)morpheus/morpheus/app/models.py:168:43: error: Incompatible types in assignment (expression has type "ellipsis", variable has type "List[SmsRecipientModel]")  [assignment]
(tutorcruncher)morpheus/morpheus/app/models.py:173:19: error: Invalid type comment or annotation  [valid-type]
(tutorcruncher)morpheus/morpheus/app/models.py:173:19: note: Suggestion: use constr[...] instead of constr(...)
(tutorcruncher)morpheus/morpheus/app/models.py:207:5: error: Incompatible types in assignment (expression has type "MandrillMessageStatus", base class "BaseWebhook" defined the type as "MessageStatus")  [assignment]
(tutorcruncher)morpheus/morpheus/app/models.py:209:23: error: Incompatible types in assignment (expression has type "None", variable has type "str")  [assignment]
(tutorcruncher)morpheus/morpheus/app/models.py:210:22: error: Incompatible types in assignment (expression has type "None", variable has type "Dict[Any, Any]")  [assignment]
(tutorcruncher)morpheus/morpheus/app/models.py:235:5: error: Incompatible types in assignment (expression has type "MessageBirdMessageStatus", base class "BaseWebhook" defined the type as "MessageStatus")  [assignment]
(tutorcruncher)morpheus/morpheus/app/models.py:237:23: error: Incompatible types in assignment (expression has type "None", variable has type "str")  [assignment]
(tutorcruncher)morpheus/cli.py:138:2: error: No overload variant of "option" matches argument types "str", "File", "None"  [call-overload]
(tutorcruncher)morpheus/cli.py:138:2: note: Possible overload variants:
(tutorcruncher)morpheus/cli.py:138:2: note:     def option(*param_decls: str, cls: Type[Option] = ..., show_default: Union[bool, str] = ..., prompt: Union[bool, str] = ..., confirmation_prompt: bool = ..., hide_input: bool = ..., is_flag: Optional[bool] = ..., flag_value: Optional[Any] = ..., multiple: bool = ..., count: bool = ..., allow_from_autoenv: bool = ..., type: Union[type, _ParamType, Tuple[Union[type, _ParamType], ...], Callable[[str], Any], Callable[[Optional[str]], Any], None] = ..., help: Optional[str] = ..., show_choices: bool = ..., default: Optional[Any] = ..., required: bool = ..., callback: Optional[Callable[[Context, Union[Option, Parameter], Any], Any]] = ..., nargs: Optional[int] = ..., metavar: Optional[str] = ..., expose_value: bool = ..., is_eager: bool = ..., envvar: Union[str, List[str], None] = ..., **kwargs: Any) -> Callable[[_F], _F]
(tutorcruncher)morpheus/cli.py:138:2: note:     def [_T] option(*param_decls: str, cls: Type[Option] = ..., show_default: Union[bool, str] = ..., prompt: Union[bool, str] = ..., confirmation_prompt: bool = ..., hide_input: bool = ..., is_flag: Optional[bool] = ..., flag_value: Optional[Any] = ..., multiple: bool = ..., count: bool = ..., allow_from_autoenv: bool = ..., type: _T = ..., help: Optional[str] = ..., show_choices: bool = ..., default: Optional[Any] = ..., required: bool = ..., callback: Optional[Callable[[Context, Union[Option, Parameter], Union[bool, int, str]], _T]] = ..., nargs: Optional[int] = ..., metavar: Optional[str] = ..., expose_value: bool = ..., is_eager: bool = ..., envvar: Union[str, List[str], None] = ..., **kwargs: Any) -> Callable[[_F], _F]
(tutorcruncher)morpheus/cli.py:138:2: note:     <2 more similar overloads not shown, out of 4 total overloads>
(tutorcruncher)morpheus/cli.py:140:2: error: No overload variant of "option" matches argument types "str", "File", "None"  [call-overload]
(tutorcruncher)morpheus/cli.py:140:2: note: Possible overload variants:
(tutorcruncher)morpheus/cli.py:140:2: note:     def option(*param_decls: str, cls: Type[Option] = ..., show_default: Union[bool, str] = ..., prompt: Union[bool, str] = ..., confirmation_prompt: bool = ..., hide_input: bool = ..., is_flag: Optional[bool] = ..., flag_value: Optional[Any] = ..., multiple: bool = ..., count: bool = ..., allow_from_autoenv: bool = ..., type: Union[type, _ParamType, Tuple[Union[type, _ParamType], ...], Callable[[str], Any], Callable[[Optional[str]], Any], None] = ..., help: Optional[str] = ..., show_choices: bool = ..., default: Optional[Any] = ..., required: bool = ..., callback: Optional[Callable[[Context, Union[Option, Parameter], Any], Any]] = ..., nargs: Optional[int] = ..., metavar: Optional[str] = ..., expose_value: bool = ..., is_eager: bool = ..., envvar: Union[str, List[str], None] = ..., **kwargs: Any) -> Callable[[_F], _F]
(tutorcruncher)morpheus/cli.py:140:2: note:     def [_T] option(*param_decls: str, cls: Type[Option] = ..., show_default: Union[bool, str] = ..., prompt: Union[bool, str] = ..., confirmation_prompt: bool = ..., hide_input: bool = ..., is_flag: Optional[bool] = ..., flag_value: Optional[Any] = ..., multiple: bool = ..., count: bool = ..., allow_from_autoenv: bool = ..., type: _T = ..., help: Optional[str] = ..., show_choices: bool = ..., default: Optional[Any] = ..., required: bool = ..., callback: Optional[Callable[[Context, Union[Option, Parameter], Union[bool, int, str]], _T]] = ..., nargs: Optional[int] = ..., metavar: Optional[str] = ..., expose_value: bool = ..., is_eager: bool = ..., envvar: Union[str, List[str], None] = ..., **kwargs: Any) -> Callable[[_F], _F]
(tutorcruncher)morpheus/cli.py:140:2: note:     <2 more similar overloads not shown, out of 4 total overloads>
(tutorcruncher)morpheus/morpheus/app/utils.py:39:17: error: Incompatible types in assignment (expression has type "None", variable has type "str")  [assignment]
(tutorcruncher)morpheus/morpheus/app/utils.py:40:19: error: Incompatible types in assignment (expression has type "None", variable has type "bytes")  [assignment]
(tutorcruncher)morpheus/morpheus/app/utils.py:43:31: error: Incompatible types in assignment (expression has type "None", variable has type "Dict[str, str]")  [assignment]
(tutorcruncher)morpheus/morpheus/app/utils.py:160:24: error: Incompatible types in assignment (expression has type "str", base class "AuthView" defined the type as "None")  [assignment]
(tutorcruncher)morpheus/morpheus/app/utils.py:168:15: error: Incompatible types in assignment (expression has type "Dict[str, str]", base class "View" defined the type as "None")  [assignment]
(tutorcruncher)morpheus/morpheus/app/utils.py:216:16: error: Incompatible types in assignment (expression has type "str", base class "TemplateView" defined the type as "None")  [assignment]
(tutorcruncher)morpheus/mandrill-mock/load.py:33:5: error: Module has no attribute "run"  [attr-defined]
Found 39 errors in 4 files (checked 14 source files)

[RRepo](rosemichaele)pyshare
(rosemichaele)pyshare/pyshare/group.py:9:59: error: Invalid type comment or annotation  [valid-type]
(rosemichaele)pyshare/pyshare/group.py:10:28: error: Invalid type comment or annotation  [valid-type]
(rosemichaele)pyshare/pyshare/group.py:85:9: error: Need type annotation for 'party_debts' (hint: "party_debts: Dict[<type>, <type>] = ...")  [var-annotated]
(rosemichaele)pyshare/pyshare/group.py:103:9: error: Need type annotation for 'party_payments' (hint: "party_payments: Dict[<type>, <type>] = ...")  [var-annotated]
(rosemichaele)pyshare/pyshare/expense.py:7:87: error: Invalid type comment or annotation  [valid-type]
Found 5 errors in 2 files (checked 10 source files)

[RRepo](scop)bash-completion
Success: no issues found in 690 source files

[RRepo](physera)onelogin-aws-cli
(physera)onelogin-aws-cli/onelogin_aws_cli/configuration.py:39:31: error: "ConfigurationFile" has no attribute "default_section"  [attr-defined]
(physera)onelogin-aws-cli/onelogin_aws_cli/configuration.py:96:23: error: "ConfigurationFile" has no attribute "default_section"  [attr-defined]
(physera)onelogin-aws-cli/onelogin_aws_cli/configuration.py:108:9: error: Need type annotation for '_overrides' (hint: "_overrides: Dict[<type>, <type>] = ...")  [var-annotated]
(physera)onelogin-aws-cli/onelogin_aws_cli/configuration.py:129:22: error: Argument "fallback" to "getboolean" of "RawConfigParser" has incompatible type "Optional[int]"; expected "bool"  [arg-type]
(physera)onelogin-aws-cli/onelogin_aws_cli/credentials.py:22:9: error: Need type annotation for '_devices' (hint: "_devices: List[<type>] = ...")  [var-annotated]
(physera)onelogin-aws-cli/onelogin_aws_cli/credentials.py:47:16: error: Incompatible return value type (got "None", expected "str")  [return-value]
(physera)onelogin-aws-cli/onelogin_aws_cli/__init__.py:97:5: error: Missing return statement  [return]
Found 7 errors in 3 files (checked 15 source files)

[RRepo](jacopofar)runtime_typecheck
(jacopofar)runtime_typecheck/runtime_typecheck/runtime_typecheck.py:144:28: error: Incompatible types in assignment (expression has type "None", variable has type "str")  [assignment]
(jacopofar)runtime_typecheck/runtime_typecheck/runtime_typecheck.py:158:5: error: Need type annotation for 'issues' (hint: "issues: List[<type>] = ...")  [var-annotated]
Found 2 errors in 1 file (checked 2 source files)

[RRepo](Intrinsec)comission
(Intrinsec)comission/comission/utilsCMS.py:200:5: error: Need type annotation for 'tmp_dir_list' (hint: "tmp_dir_list: List[<type>] = ...")  [var-annotated]

[RRepo](benhoff)CHATIMUSMAXIMUS
(benhoff)CHATIMUSMAXIMUS/chatimusmaximus/gui/models/settings_model.py:42:13: error: "OrderedDict[Any, Any]" has no attribute "parent"  [attr-defined]
Found 1 error in 1 file (checked 9 source files)

[RRepo](PrestigeDox)Watashi-SelfBot
(PrestigeDox)Watashi-SelfBot/cogs/translate.py:89:70: error: Argument 1 to "set" has incompatible type "Optional[str]"; expected "Iterable[str]"  [arg-type]
(PrestigeDox)Watashi-SelfBot/cogs/help.py:43:70: error: Argument 1 to "set" has incompatible type "Optional[str]"; expected "Iterable[str]"  [arg-type]
(PrestigeDox)Watashi-SelfBot/cogs/weather.py:51:16: error: Name 'daytime' is not defined  [name-defined]
Found 3 errors in 3 files (checked 29 source files)

[RRepo](paulcwatts)drf-json-schema
(paulcwatts)drf-json-schema/rest_framework_json_schema/schema.py:152:14: error: Argument 1 to "OrderedDict" has incompatible type "Tuple[Tuple[str, str], Tuple[str, str]]"; expected "Iterable[Tuple[str, Dict[Any, Any]]]"  [arg-type]
(paulcwatts)drf-json-schema/rest_framework_json_schema/datetime.py:4:1: error: Module 'datetime' has no attribute 'datetime'  [attr-defined]

[RRepo](jazzband)django-axes
Success: no issues found in 33 source files

[RRepo](elaeon)ML
(elaeon)ML/src/ml/abc/driver.py:19:54: error: Item "None" of "Optional[Any]" has no attribute "codec_id"  [union-attr]
(elaeon)ML/src/ml/abc/driver.py:20:59: error: Item "None" of "Optional[Any]" has no attribute "level"  [union-attr]
(elaeon)ML/src/ml/data/csv.py:57:20: error: Incompatible types in assignment (expression has type "None", variable has type "Callable[[Any], bool]")  [assignment]
(elaeon)ML/src/ml/data/csv.py:62:26: error: Module has no attribute "writer"  [attr-defined]
(elaeon)ML/src/ml/data/csv.py:68:6: error: Decorated property not supported  [misc]
(elaeon)ML/src/ml/data/csv.py:84:13: error: Incompatible types in assignment (expression has type "str", base class "File" defined the type as "None")  [assignment]
(elaeon)ML/src/ml/data/csv.py:89:5: error: Signature of "read" incompatible with supertype "File"  [override]
(elaeon)ML/src/ml/data/csv.py:115:5: error: Signature of "write" incompatible with supertype "File"  [override]
(elaeon)ML/src/ml/data/csv.py:119:26: error: Module has no attribute "writer"  [attr-defined]
(elaeon)ML/src/ml/utils/numeric_functions.py:283:1: error: Missing return statement  [return]
(elaeon)ML/src/ml/abc/group.py:82:5: error: Need type annotation for '_instances' (hint: "_instances: Dict[<type>, <type>] = ...")  [var-annotated]
(elaeon)ML/src/ml/measures.py:21:9: error: Need type annotation for 'measures' (hint: "measures: List[<type>] = ...")  [var-annotated]
(elaeon)ML/src/ml/measures.py:23:27: error: Function "builtins.iter" is not valid as a type  [valid-type]
(elaeon)ML/src/ml/measures.py:23:27: note: Perhaps you need "Callable[...]" or a callback protocol?
(elaeon)ML/src/ml/measures.py:74:9: error: Need type annotation for 'score' (hint: "score: Dict[<type>, <type>] = ...")  [var-annotated]
(elaeon)ML/src/ml/measures.py:77:27: error: iter? has no attribute "__next__"  [attr-defined]
(elaeon)ML/src/ml/measures.py:87:5: error: Signature of "make_metrics" incompatible with supertype "MeasureBase"  [override]
(elaeon)ML/src/ml/measures.py:96:9: error: Need type annotation for 'score' (hint: "score: Dict[<type>, <type>] = ...")  [var-annotated]
(elaeon)ML/src/ml/measures.py:100:27: error: iter? has no attribute "__next__"  [attr-defined]
(elaeon)ML/src/ml/measures.py:118:5: error: Signature of "make_metrics" incompatible with supertype "MeasureBase"  [override]
(elaeon)ML/src/ml/processing.py:159:30: error: Argument 3 to "range" has incompatible type "Optional[int]"; expected "int"  [arg-type]
(elaeon)ML/src/ml/processing.py:160:36: error: Unsupported operand types for + ("int" and "None")  [operator]
(elaeon)ML/src/ml/processing.py:160:36: note: Right operand is of type "Optional[int]"
(elaeon)ML/src/ml/processing.py:161:35: error: Argument 3 to "range" has incompatible type "Optional[int]"; expected "int"  [arg-type]
(elaeon)ML/src/ml/processing.py:162:41: error: Unsupported operand types for + ("int" and "None")  [operator]
(elaeon)ML/src/ml/processing.py:162:41: note: Right operand is of type "Optional[int]"
(elaeon)ML/src/ml/data/ds.py:114:6: error: Decorated property not supported  [misc]
(elaeon)ML/src/ml/data/ds.py:119:6: error: Decorated property not supported  [misc]
Found 25 errors in 7 files (checked 45 source files)

[RRepo](danhedron)openrw
Success: no issues found in 3 source files

