[RRepo](cyberkov)home-assistant-config
Success: no issues found in 1 source file

[RRepo](leonidumanskiy)scheduledtask
(leonidumanskiy)scheduledtask/scheduledtask/utils.py:5:46: error: Invalid type comment or annotation  [valid-type]
(leonidumanskiy)scheduledtask/scheduledtask/utils.py:24:50: error: Invalid type comment or annotation  [valid-type]
(leonidumanskiy)scheduledtask/scheduledtask/utils.py:43:16: error: Invalid type comment or annotation  [valid-type]
(leonidumanskiy)scheduledtask/scheduledtask/utils.py:54:17: error: Invalid type comment or annotation  [valid-type]
Found 4 errors in 1 file (checked 2 source files)

[RRepo](cedricbonhomme)Stegano
Success: no issues found in 15 source files

[RRepo](lbryio)lbrycrd
(lbryio)lbrycrd/contrib/linearize/linearize-hashes.py:14:5: error: Name 'httplib' already defined (by an import)  [no-redef]
(lbryio)lbrycrd/contrib/linearize/linearize-hashes.py:22:1: error: Need type annotation for 'settings' (hint: "settings: Dict[<type>, <type>] = ...")  [var-annotated]
(lbryio)lbrycrd/contrib/devtools/generate_json_api_jrgen.py:27:24: error: Item "None" of "Optional[Match[str]]" has no attribute "group"  [union-attr]
(lbryio)lbrycrd/contrib/devtools/generate_json_api_jrgen.py:36:9: error: Need type annotation for 'property_stack' (hint: "property_stack: List[<type>] = ...")  [var-annotated]
(lbryio)lbrycrd/contrib/devtools/generate_json_api_jrgen.py:51:100: error: Argument 2 to "get_type" has incompatible type "None"; expected "str"  [arg-type]
(lbryio)lbrycrd/contrib/devtools/generate_json_api_jrgen.py:84:25: error: Unsupported target for indexed assignment  [index]
(lbryio)lbrycrd/contrib/devtools/generate_json_api_jrgen.py:89:25: error: Unsupported target for indexed assignment  [index]
(lbryio)lbrycrd/contrib/devtools/generate_json_api_jrgen.py:91:29: error: Unsupported target for indexed assignment  [index]
(lbryio)lbrycrd/contrib/devtools/generate_json_api_jrgen.py:147:24: error: Item "None" of "Optional[Match[str]]" has no attribute "group"  [union-attr]
(lbryio)lbrycrd/contrib/devtools/generate_json_api_jrgen.py:149:20: error: Item "None" of "Optional[Match[str]]" has no attribute "group"  [union-attr]
Found 10 errors in 2 files (checked 23 source files)

[RRepo](danthelion)pyet
Success: no issues found in 1 source file

[RRepo](padmec-reservoir)ELLIPTIc
(padmec-reservoir)ELLIPTIc/examples/DSL_Example/src/DSLImpl.py:88:18: error: Incompatible types in assignment (expression has type "str", variable has type "int")  [assignment]
(padmec-reservoir)ELLIPTIc/examples/DSL_Example/src/DSLImpl.py:107:18: error: Incompatible types in assignment (expression has type "str", variable has type "int")  [assignment]
(padmec-reservoir)ELLIPTIc/elliptic/Kernel/Expression.py:72:9: error: Unsupported left operand type for + ("Iterable[Any]")  [operator]
(padmec-reservoir)ELLIPTIc/elliptic/Kernel/DSL.py:65:41: error: Incompatible types in assignment (expression has type "None", variable has type Module)  [assignment]
(padmec-reservoir)ELLIPTIc/elliptic/Kernel/TreeBuilder.py:35:41: error: Incompatible types in assignment (expression has type "None", variable has type Module)  [assignment]
Found 5 errors in 4 files (checked 14 source files)

[RRepo](SectorLabs)django-localized-fields
(SectorLabs)django-localized-fields/localized_fields/value.py:27:5: error: Signature of "get" incompatible with supertype "Mapping"  [override]
(SectorLabs)django-localized-fields/localized_fields/value.py:69:16: error: Incompatible return value type (got "Tuple[str, List[Dict[str, Any]], Dict[<nothing>, <nothing>]]", expected "Dict[Any, Any]")  [return-value]
(SectorLabs)django-localized-fields/localized_fields/value.py:182:21: error: Incompatible types in assignment (expression has type "str", base class "LocalizedValue" defined the type as "None")  [assignment]
(SectorLabs)django-localized-fields/localized_fields/fields/char_field.py:1:1: error: Relative import climbs too many namespaces  [misc]
(SectorLabs)django-localized-fields/localized_fields/fields/char_field.py:3:1: error: Relative import climbs too many namespaces  [misc]
(SectorLabs)django-localized-fields/localized_fields/fields/integer_field.py:7:1: error: Relative import climbs too many namespaces  [misc]
(SectorLabs)django-localized-fields/localized_fields/fields/integer_field.py:8:1: error: Relative import climbs too many namespaces  [misc]
(SectorLabs)django-localized-fields/localized_fields/fields/integer_field.py:49:20: error: Incompatible return value type (got "None", expected "Dict[Any, Any]")  [return-value]
(SectorLabs)django-localized-fields/localized_fields/fields/integer_field.py:89:45: error: Incompatible types in assignment (expression has type "None", target has type "int")  [assignment]
(SectorLabs)django-localized-fields/localized_fields/fields/text_field.py:1:1: error: Relative import climbs too many namespaces  [misc]
(SectorLabs)django-localized-fields/localized_fields/forms.py:29:67: error: Unsupported right operand type for in ("Union[bool, List[str]]")  [operator]
(SectorLabs)django-localized-fields/localized_fields/forms.py:46:45: error: Variable "forms.LocalizedFieldForm.value_class" is not valid as a type  [valid-type]
(SectorLabs)django-localized-fields/localized_fields/forms.py:61:9: error: Incompatible types in assignment (expression has type "str", variable has type "List[str]")  [assignment]

[RRepo](saurabh1e)SuperFlaskSeed
(saurabh1e)SuperFlaskSeed/web/src/utils/resource.py:15:5: error: Need type annotation for 'filters' (hint: "filters: Dict[<type>, <type>] = ...")  [var-annotated]
(saurabh1e)SuperFlaskSeed/web/src/utils/resource.py:21:44: error: Incompatible types in assignment (expression has type "Tuple[]", variable has type "Tuple[str]")  [assignment]
(saurabh1e)SuperFlaskSeed/web/src/utils/resource.py:25:24: error: Incompatible types in assignment (expression has type "Tuple[]", variable has type "Tuple[str]")  [assignment]
(saurabh1e)SuperFlaskSeed/web/src/utils/resource.py:27:27: error: Incompatible types in assignment (expression has type "Tuple[]", variable has type "Tuple[str]")  [assignment]
(saurabh1e)SuperFlaskSeed/web/src/utils/resource.py:29:27: error: Incompatible types in assignment (expression has type "Tuple[]", variable has type "Tuple[str]")  [assignment]
(saurabh1e)SuperFlaskSeed/web/src/utils/resource.py:31:28: error: Incompatible types in assignment (expression has type "Tuple[]", variable has type "Tuple[str]")  [assignment]
(saurabh1e)SuperFlaskSeed/web/src/utils/resource.py:41:34: error: Incompatible types in assignment (expression has type "Tuple[]", variable has type "Tuple[str]")  [assignment]
(saurabh1e)SuperFlaskSeed/web/src/utils/resource.py:43:34: error: Incompatible types in assignment (expression has type "Tuple[]", variable has type "Tuple[str]")  [assignment]
(saurabh1e)SuperFlaskSeed/web/src/utils/resource.py:184:42: error: Invalid type comment or annotation  [valid-type]
(saurabh1e)SuperFlaskSeed/web/src/utils/resource.py:184:42: note: Suggestion: use Type[...] instead of Type(...)
(saurabh1e)SuperFlaskSeed/web/src/utils/resource.py:205:5: error: Need type annotation for 'filters' (hint: "filters: Dict[<type>, <type>] = ...")  [var-annotated]
(saurabh1e)SuperFlaskSeed/web/src/utils/resource.py:211:44: error: Incompatible types in assignment (expression has type "Tuple[]", variable has type "Tuple[str]")  [assignment]
(saurabh1e)SuperFlaskSeed/web/src/utils/resource.py:215:24: error: Incompatible types in assignment (expression has type "Tuple[]", variable has type "Tuple[str]")  [assignment]
(saurabh1e)SuperFlaskSeed/web/src/utils/resource.py:217:27: error: Incompatible types in assignment (expression has type "Tuple[]", variable has type "Tuple[str]")  [assignment]
(saurabh1e)SuperFlaskSeed/web/src/utils/resource.py:219:27: error: Incompatible types in assignment (expression has type "Tuple[]", variable has type "Tuple[str]")  [assignment]
(saurabh1e)SuperFlaskSeed/web/src/utils/resource.py:221:28: error: Incompatible types in assignment (expression has type "Tuple[]", variable has type "Tuple[str]")  [assignment]
(saurabh1e)SuperFlaskSeed/web/src/utils/resource.py:227:34: error: Incompatible types in assignment (expression has type "Tuple[]", variable has type "Tuple[str]")  [assignment]
(saurabh1e)SuperFlaskSeed/web/src/utils/resource.py:229:34: error: Incompatible types in assignment (expression has type "Tuple[]", variable has type "Tuple[str]")  [assignment]
Found 17 errors in 1 file (checked 7 source files)

[RRepo](ulikoehler)UliEngineering
(ulikoehler)UliEngineering/tests/Electronics/TestTemperatureCoefficient.py:13:9: error: Assertion is always true, perhaps remove parentheses?  [misc]
(ulikoehler)UliEngineering/tests/Electronics/TestTemperatureCoefficient.py:19:9: error: Assertion is always true, perhaps remove parentheses?  [misc]
(ulikoehler)UliEngineering/tests/Electronics/TestVoltageDivider.py:43:5: error: Name 'test_feedback_voltage' already defined on line 38  [no-redef]
(ulikoehler)UliEngineering/tests/Physics/TestTemperature.py:41:13: error: Name 'InvalidUnitException' is not defined  [name-defined]
(ulikoehler)UliEngineering/tests/SignalProcessing/TestFilter.py:105:13: error: Name 'NotComputedException' is not defined  [name-defined]
(ulikoehler)UliEngineering/tests/SignalProcessing/TestFilter.py:110:13: error: Name 'NotComputedException' is not defined  [name-defined]
(ulikoehler)UliEngineering/tests/SignalProcessing/TestFilter.py:115:13: error: Name 'FilterUnstableError' is not defined  [name-defined]
(ulikoehler)UliEngineering/tests/SignalProcessing/TestFilter.py:126:13: error: Name 'NotComputedException' is not defined  [name-defined]
(ulikoehler)UliEngineering/tests/SignalProcessing/TestFilter.py:206:13: error: Name 'FilterInvalidError' is not defined  [name-defined]
(ulikoehler)UliEngineering/UliEngineering/Electronics/PowerFactor.py:11:66: error: Invalid type comment or annotation  [valid-type]
(ulikoehler)UliEngineering/UliEngineering/Electronics/PowerFactor.py:11:66: note: Suggestion: use Unit[...] instead of Unit(...)
(ulikoehler)UliEngineering/UliEngineering/Electronics/Crystal.py:18:59: error: Invalid type comment or annotation  [valid-type]
(ulikoehler)UliEngineering/UliEngineering/Electronics/Crystal.py:18:59: note: Suggestion: use Unit[...] instead of Unit(...)
(ulikoehler)UliEngineering/UliEngineering/Electronics/Crystal.py:49:66: error: Invalid type comment or annotation  [valid-type]
(ulikoehler)UliEngineering/UliEngineering/Electronics/Crystal.py:49:66: note: Suggestion: use Unit[...] instead of Unit(...)
(ulikoehler)UliEngineering/UliEngineering/Electronics/Crystal.py:85:59: error: Invalid type comment or annotation  [valid-type]
(ulikoehler)UliEngineering/UliEngineering/Electronics/Crystal.py:85:59: note: Suggestion: use Unit[...] instead of Unit(...)
(ulikoehler)UliEngineering/UliEngineering/Electronics/Crystal.py:90:56: error: Invalid type comment or annotation  [valid-type]
(ulikoehler)UliEngineering/UliEngineering/Electronics/Crystal.py:90:56: note: Suggestion: use Unit[...] instead of Unit(...)
(ulikoehler)UliEngineering/UliEngineering/Electronics/Crystal.py:106:54: error: Invalid type comment or annotation  [valid-type]
(ulikoehler)UliEngineering/UliEngineering/Electronics/Crystal.py:106:54: note: Suggestion: use Unit[...] instead of Unit(...)
(ulikoehler)UliEngineering/UliEngineering/Electronics/Crystal.py:122:53: error: Invalid type comment or annotation  [valid-type]
(ulikoehler)UliEngineering/UliEngineering/Electronics/Crystal.py:122:53: note: Suggestion: use Unit[...] instead of Unit(...)
(ulikoehler)UliEngineering/UliEngineering/Electronics/Crystal.py:138:55: error: Invalid type comment or annotation  [valid-type]
(ulikoehler)UliEngineering/UliEngineering/Electronics/Crystal.py:138:55: note: Suggestion: use Unit[...] instead of Unit(...)
(ulikoehler)UliEngineering/UliEngineering/Electronics/Crystal.py:154:54: error: Invalid type comment or annotation  [valid-type]
(ulikoehler)UliEngineering/UliEngineering/Electronics/Crystal.py:154:54: note: Suggestion: use Unit[...] instead of Unit(...)
(ulikoehler)UliEngineering/UliEngineering/Electronics/Inductors.py:12:64: error: Invalid type comment or annotation  [valid-type]
(ulikoehler)UliEngineering/UliEngineering/Electronics/Inductors.py:12:64: note: Suggestion: use Unit[...] instead of Unit(...)
(ulikoehler)UliEngineering/UliEngineering/Electronics/MOSFET.py:12:83: error: Invalid type comment or annotation  [valid-type]
(ulikoehler)UliEngineering/UliEngineering/Electronics/MOSFET.py:12:83: note: Suggestion: use Unit[...] instead of Unit(...)
(ulikoehler)UliEngineering/UliEngineering/Electronics/MOSFET.py:35:70: error: Invalid type comment or annotation  [valid-type]
(ulikoehler)UliEngineering/UliEngineering/Electronics/MOSFET.py:35:70: note: Suggestion: use Unit[...] instead of Unit(...)
(ulikoehler)UliEngineering/UliEngineering/Electronics/VoltageDivider.py:19:56: error: Invalid type comment or annotation  [valid-type]
(ulikoehler)UliEngineering/UliEngineering/Electronics/VoltageDivider.py:19:56: note: Suggestion: use Unit[...] instead of Unit(...)
(ulikoehler)UliEngineering/UliEngineering/Electronics/VoltageDivider.py:27:27: error: Name 'parallel_resistors' is not defined  [name-defined]
(ulikoehler)UliEngineering/UliEngineering/Electronics/VoltageDivider.py:29:63: error: Invalid type comment or annotation  [valid-type]
(ulikoehler)UliEngineering/UliEngineering/Electronics/VoltageDivider.py:29:63: note: Suggestion: use Unit[...] instead of Unit(...)
(ulikoehler)UliEngineering/UliEngineering/Electronics/VoltageDivider.py:38:63: error: Invalid type comment or annotation  [valid-type]
(ulikoehler)UliEngineering/UliEngineering/Electronics/VoltageDivider.py:38:63: note: Suggestion: use Unit[...] instead of Unit(...)
(ulikoehler)UliEngineering/UliEngineering/Electronics/VoltageDivider.py:50:12: error: Name 'current_through_resistor' is not defined  [name-defined]
(ulikoehler)UliEngineering/UliEngineering/Electronics/VoltageDivider.py:92:46: error: Invalid type comment or annotation  [valid-type]
(ulikoehler)UliEngineering/UliEngineering/Electronics/VoltageDivider.py:92:46: note: Suggestion: use Unit[...] instead of Unit(...)
(ulikoehler)UliEngineering/UliEngineering/Electronics/VoltageDivider.py:101:46: error: Invalid type comment or annotation  [valid-type]
(ulikoehler)UliEngineering/UliEngineering/Electronics/VoltageDivider.py:101:46: note: Suggestion: use Unit[...] instead of Unit(...)
(ulikoehler)UliEngineering/UliEngineering/Electronics/VoltageDivider.py:110:61: error: Invalid type comment or annotation  [valid-type]
(ulikoehler)UliEngineering/UliEngineering/Electronics/VoltageDivider.py:110:61: note: Suggestion: use Unit[...] instead of Unit(...)
(ulikoehler)UliEngineering/UliEngineering/Electronics/VoltageDivider.py:132:13: error: Name 'parallel_resistors' is not defined  [name-defined]
(ulikoehler)UliEngineering/UliEngineering/Electronics/VoltageDivider.py:134:50: error: Invalid type comment or annotation  [valid-type]
(ulikoehler)UliEngineering/UliEngineering/Electronics/VoltageDivider.py:134:50: note: Suggestion: use Unit[...] instead of Unit(...)
(ulikoehler)UliEngineering/UliEngineering/Electronics/VoltageDivider.py:155:63: error: Invalid type comment or annotation  [valid-type]
(ulikoehler)UliEngineering/UliEngineering/Electronics/VoltageDivider.py:155:63: note: Suggestion: use Unit[...] instead of Unit(...)
(ulikoehler)UliEngineering/UliEngineering/Electronics/VoltageDivider.py:171:41: error: Name 'parallel_resistors' is not defined  [name-defined]
(ulikoehler)UliEngineering/UliEngineering/Electronics/Power.py:11:56: error: Invalid type comment or annotation  [valid-type]
(ulikoehler)UliEngineering/UliEngineering/Electronics/Power.py:11:56: note: Suggestion: use Unit[...] instead of Unit(...)
(ulikoehler)UliEngineering/UliEngineering/Electronics/Power.py:21:71: error: Invalid type comment or annotation  [valid-type]
(ulikoehler)UliEngineering/UliEngineering/Electronics/Power.py:21:71: note: Suggestion: use Unit[...] instead of Unit(...)
(ulikoehler)UliEngineering/UliEngineering/Electronics/Capacitors.py:9:107: error: Invalid type comment or annotation  [valid-type]
(ulikoehler)UliEngineering/UliEngineering/Electronics/Capacitors.py:9:107: note: Suggestion: use Unit[...] instead of Unit(...)
(ulikoehler)UliEngineering/UliEngineering/Electronics/Capacitors.py:27:47: error: Invalid type comment or annotation  [valid-type]
(ulikoehler)UliEngineering/UliEngineering/Electronics/Capacitors.py:27:47: note: Suggestion: use Unit[...] instead of Unit(...)
(ulikoehler)UliEngineering/UliEngineering/Electronics/Capacitors.py:39:47: error: Invalid type comment or annotation  [valid-type]
(ulikoehler)UliEngineering/UliEngineering/Electronics/Capacitors.py:39:47: note: Suggestion: use Unit[...] instead of Unit(...)
(ulikoehler)UliEngineering/UliEngineering/Electronics/Reactance.py:14:42: error: Invalid type comment or annotation  [valid-type]
(ulikoehler)UliEngineering/UliEngineering/Electronics/Reactance.py:14:42: note: Suggestion: use Unit[...] instead of Unit(...)
(ulikoehler)UliEngineering/UliEngineering/Electronics/Reactance.py:23:41: error: Invalid type comment or annotation  [valid-type]
(ulikoehler)UliEngineering/UliEngineering/Electronics/Reactance.py:23:41: note: Suggestion: use Unit[...] instead of Unit(...)
(ulikoehler)UliEngineering/UliEngineering/Electronics/OpAmp.py:16:61: error: Invalid type comment or annotation  [valid-type]
(ulikoehler)UliEngineering/UliEngineering/Electronics/OpAmp.py:16:61: note: Suggestion: use Unit[...] instead of Unit(...)
(ulikoehler)UliEngineering/UliEngineering/Electronics/LED.py:39:59: error: Invalid type comment or annotation  [valid-type]
(ulikoehler)UliEngineering/UliEngineering/Electronics/LED.py:39:59: note: Suggestion: use Unit[...] instead of Unit(...)
(ulikoehler)UliEngineering/UliEngineering/Physics/Frequency.py:13:39: error: Invalid type comment or annotation  [valid-type]
(ulikoehler)UliEngineering/UliEngineering/Physics/Frequency.py:13:39: note: Suggestion: use Unit[...] instead of Unit(...)
(ulikoehler)UliEngineering/UliEngineering/Physics/Frequency.py:27:36: error: Invalid type comment or annotation  [valid-type]
(ulikoehler)UliEngineering/UliEngineering/Physics/Frequency.py:27:36: note: Suggestion: use Unit[...] instead of Unit(...)
(ulikoehler)UliEngineering/UliEngineering/Physics/NTC.py:17:36: error: Invalid type comment or annotation  [valid-type]
(ulikoehler)UliEngineering/UliEngineering/Physics/NTC.py:17:36: note: Suggestion: use Unit[...] instead of Unit(...)
(ulikoehler)UliEngineering/UliEngineering/Physics/RF.py:14:45: error: Invalid type comment or annotation  [valid-type]
(ulikoehler)UliEngineering/UliEngineering/Physics/RF.py:14:45: note: Suggestion: use Unit[...] instead of Unit(...)
(ulikoehler)UliEngineering/UliEngineering/Physics/RF.py:30:41: error: Invalid type comment or annotation  [valid-type]
(ulikoehler)UliEngineering/UliEngineering/Physics/RF.py:30:41: note: Suggestion: use Unit[...] instead of Unit(...)
(ulikoehler)UliEngineering/UliEngineering/Physics/RF.py:47:33: error: Invalid type comment or annotation  [valid-type]
(ulikoehler)UliEngineering/UliEngineering/Physics/RF.py:47:33: note: Suggestion: use Unit[...] instead of Unit(...)
(ulikoehler)UliEngineering/UliEngineering/Physics/RF.py:65:37: error: Invalid type comment or annotation  [valid-type]
(ulikoehler)UliEngineering/UliEngineering/Physics/RF.py:65:37: note: Suggestion: use Unit[...] instead of Unit(...)
(ulikoehler)UliEngineering/UliEngineering/Physics/NoiseDensity.py:10:39: error: Invalid type comment or annotation  [valid-type]
(ulikoehler)UliEngineering/UliEngineering/Physics/NoiseDensity.py:10:39: note: Suggestion: use Unit[...] instead of Unit(...)
(ulikoehler)UliEngineering/UliEngineering/Physics/NoiseDensity.py:23:45: error: Invalid type comment or annotation  [valid-type]
(ulikoehler)UliEngineering/UliEngineering/Physics/NoiseDensity.py:23:45: note: Suggestion: use Unit[...] instead of Unit(...)
(ulikoehler)UliEngineering/UliEngineering/Physics/Temperature.py:21:29: error: Invalid type comment or annotation  [valid-type]
(ulikoehler)UliEngineering/UliEngineering/Physics/Temperature.py:21:29: note: Suggestion: use Unit[...] instead of Unit(...)
(ulikoehler)UliEngineering/UliEngineering/Physics/Temperature.py:25:29: error: Invalid type comment or annotation  [valid-type]
(ulikoehler)UliEngineering/UliEngineering/Physics/Temperature.py:25:29: note: Suggestion: use Unit[...] instead of Unit(...)
(ulikoehler)UliEngineering/UliEngineering/Physics/Temperature.py:29:32: error: Invalid type comment or annotation  [valid-type]
(ulikoehler)UliEngineering/UliEngineering/Physics/Temperature.py:29:32: note: Suggestion: use Unit[...] instead of Unit(...)
(ulikoehler)UliEngineering/UliEngineering/Physics/Temperature.py:33:33: error: Invalid type comment or annotation  [valid-type]
(ulikoehler)UliEngineering/UliEngineering/Physics/Temperature.py:33:33: note: Suggestion: use Unit[...] instead of Unit(...)
(ulikoehler)UliEngineering/UliEngineering/Physics/Temperature.py:36:53: error: Invalid type comment or annotation  [valid-type]
(ulikoehler)UliEngineering/UliEngineering/Physics/Temperature.py:36:53: note: Suggestion: use Unit[...] instead of Unit(...)
(ulikoehler)UliEngineering/UliEngineering/Physics/Temperature.py:60:61: error: Invalid type comment or annotation  [valid-type]
(ulikoehler)UliEngineering/UliEngineering/Physics/Temperature.py:60:61: note: Suggestion: use Unit[...] instead of Unit(...)
(ulikoehler)UliEngineering/UliEngineering/Physics/Temperature.py:64:99: error: Invalid type comment or annotation  [valid-type]
(ulikoehler)UliEngineering/UliEngineering/Physics/Temperature.py:64:99: note: Suggestion: use Unit[...] instead of Unit(...)
(ulikoehler)UliEngineering/UliEngineering/Math/Decibel.py:22:33: error: Invalid type comment or annotation  [valid-type]
(ulikoehler)UliEngineering/UliEngineering/Math/Decibel.py:22:33: note: Suggestion: use Unit[...] instead of Unit(...)
(ulikoehler)UliEngineering/UliEngineering/Math/Decibel.py:57:33: error: Invalid type comment or annotation  [valid-type]
(ulikoehler)UliEngineering/UliEngineering/Math/Decibel.py:57:33: note: Suggestion: use Unit[...] instead of Unit(...)
(ulikoehler)UliEngineering/UliEngineering/Math/Decibel.py:72:33: error: Invalid type comment or annotation  [valid-type]
(ulikoehler)UliEngineering/UliEngineering/Math/Decibel.py:72:33: note: Suggestion: use Unit[...] instead of Unit(...)
(ulikoehler)UliEngineering/UliEngineering/Math/Decibel.py:88:27: error: Invalid type comment or annotation  [valid-type]
(ulikoehler)UliEngineering/UliEngineering/Math/Decibel.py:88:27: note: Suggestion: use Unit[...] instead of Unit(...)
(ulikoehler)UliEngineering/UliEngineering/Math/Decibel.py:97:27: error: Invalid type comment or annotation  [valid-type]
(ulikoehler)UliEngineering/UliEngineering/Math/Decibel.py:97:27: note: Suggestion: use Unit[...] instead of Unit(...)
(ulikoehler)UliEngineering/UliEngineering/Math/Decibel.py:106:24: error: Invalid type comment or annotation  [valid-type]
(ulikoehler)UliEngineering/UliEngineering/Math/Decibel.py:106:24: note: Suggestion: use Unit[...] instead of Unit(...)
(ulikoehler)UliEngineering/UliEngineering/Length.py:50:83: error: Invalid type comment or annotation  [valid-type]
(ulikoehler)UliEngineering/UliEngineering/Length.py:50:83: note: Suggestion: use Unit[...] instead of Unit(...)
(ulikoehler)UliEngineering/UliEngineering/Length.py:58:65: error: Invalid type comment or annotation  [valid-type]
(ulikoehler)UliEngineering/UliEngineering/Length.py:58:65: note: Suggestion: use Unit[...] instead of Unit(...)
(ulikoehler)UliEngineering/tests/Math/TestGeometry.py:45:6: error: Name 'test_polygon_area_rectangle' already defined on line 37  [no-redef]
(ulikoehler)UliEngineering/tests/Utils/TestNumPy.py:67:5: error: Name 'test_ngrams2' already defined on line 54  [no-redef]
(ulikoehler)UliEngineering/tests/Utils/TestNumPy.py:102:5: error: Name 'test_timedelta64_resolution' already defined on line 91  [no-redef]
(ulikoehler)UliEngineering/tests/TestEngineerIO.py:165:5: error: Name 'test_exp_suffix_map' already defined on line 153  [no-redef]
(ulikoehler)UliEngineering/tests/TestEngineerIO.py:190:6: error: Name 'test_normalize_numeric_invalid' already defined on line 56  [no-redef]
(ulikoehler)UliEngineering/tests/TestEngineerIO.py:210:13: error: Name 'UnannotatedReturnValueError' is not defined  [name-defined]
(ulikoehler)UliEngineering/UliEngineering/Electronics/Resistors.py:42:52: error: Invalid type comment or annotation  [valid-type]
(ulikoehler)UliEngineering/UliEngineering/Electronics/Resistors.py:42:52: note: Suggestion: use Unit[...] instead of Unit(...)
(ulikoehler)UliEngineering/UliEngineering/Electronics/Resistors.py:58:51: error: Invalid type comment or annotation  [valid-type]
(ulikoehler)UliEngineering/UliEngineering/Electronics/Resistors.py:58:51: note: Suggestion: use Unit[...] instead of Unit(...)
(ulikoehler)UliEngineering/UliEngineering/Electronics/Resistors.py:74:67: error: Invalid type comment or annotation  [valid-type]
(ulikoehler)UliEngineering/UliEngineering/Electronics/Resistors.py:74:67: note: Suggestion: use Unit[...] instead of Unit(...)
(ulikoehler)UliEngineering/UliEngineering/Electronics/Resistors.py:91:67: error: Invalid type comment or annotation  [valid-type]
(ulikoehler)UliEngineering/UliEngineering/Electronics/Resistors.py:91:67: note: Suggestion: use Unit[...] instead of Unit(...)
(ulikoehler)UliEngineering/UliEngineering/Electronics/Resistors.py:123:46: error: Invalid type comment or annotation  [valid-type]
(ulikoehler)UliEngineering/UliEngineering/Electronics/Resistors.py:123:46: note: Suggestion: use Unit[...] instead of Unit(...)
(ulikoehler)UliEngineering/UliEngineering/Electronics/Resistors.py:129:34: error: Invalid type comment or annotation  [valid-type]
(ulikoehler)UliEngineering/UliEngineering/Electronics/Resistors.py:129:34: note: Suggestion: use Unit[...] instead of Unit(...)
(ulikoehler)UliEngineering/UliEngineering/Electronics/Resistors.py:137:32: error: Invalid type comment or annotation  [valid-type]
(ulikoehler)UliEngineering/UliEngineering/Electronics/Resistors.py:137:32: note: Suggestion: use Unit[...] instead of Unit(...)
(ulikoehler)UliEngineering/UliEngineering/Electronics/Resistors.py:146:58: error: Invalid type comment or annotation  [valid-type]
(ulikoehler)UliEngineering/UliEngineering/Electronics/Resistors.py:146:58: note: Suggestion: use Unit[...] instead of Unit(...)
(ulikoehler)UliEngineering/UliEngineering/Electronics/Microstrip.py:37:103: error: Invalid type comment or annotation  [valid-type]
(ulikoehler)UliEngineering/UliEngineering/Electronics/Microstrip.py:37:103: note: Suggestion: use Unit[...] instead of Unit(...)
(ulikoehler)UliEngineering/UliEngineering/Electronics/Microstrip.py:81:119: error: Invalid type comment or annotation  [valid-type]
(ulikoehler)UliEngineering/UliEngineering/Electronics/Microstrip.py:81:119: note: Suggestion: use Unit[...] instead of Unit(...)
(ulikoehler)UliEngineering/UliEngineering/Physics/RTD.py:39:49: error: Invalid type comment or annotation  [valid-type]
(ulikoehler)UliEngineering/UliEngineering/Physics/RTD.py:39:49: note: Suggestion: use Unit[...] instead of Unit(...)
(ulikoehler)UliEngineering/UliEngineering/Physics/RTD.py:50:27: error: Unsupported operand types for > ("float" and "Number")  [operator]
(ulikoehler)UliEngineering/UliEngineering/Physics/RTD.py:56:61: error: Invalid type comment or annotation  [valid-type]
(ulikoehler)UliEngineering/UliEngineering/Physics/RTD.py:56:61: note: Suggestion: use Unit[...] instead of Unit(...)
(ulikoehler)UliEngineering/UliEngineering/SignalProcessing/Simulation.py:61:19: error: Incompatible types in assignment (expression has type "Callable[[VarArg(Any), KwArg(Any)], Any]", variable has type "partial[Any]")  [assignment]
(ulikoehler)UliEngineering/UliEngineering/SignalProcessing/Simulation.py:62:21: error: Incompatible types in assignment (expression has type "Callable[[VarArg(Any), KwArg(Any)], Any]", variable has type "partial[Any]")  [assignment]
(ulikoehler)UliEngineering/UliEngineering/SignalProcessing/Simulation.py:63:16: error: Incompatible types in assignment (expression has type "Callable[[VarArg(Any), KwArg(Any)], Any]", variable has type "partial[Any]")  [assignment]
(ulikoehler)UliEngineering/UliEngineering/SignalProcessing/Simulation.py:64:24: error: Incompatible types in assignment (expression has type "Callable[[VarArg(Any), KwArg(Any)], Any]", variable has type "partial[Any]")  [assignment]
(ulikoehler)UliEngineering/UliEngineering/Physics/JohnsonNyquistNoise.py:27:53: error: Invalid type comment or annotation  [valid-type]
(ulikoehler)UliEngineering/UliEngineering/Physics/JohnsonNyquistNoise.py:27:53: note: Suggestion: use Unit[...] instead of Unit(...)
(ulikoehler)UliEngineering/UliEngineering/Physics/JohnsonNyquistNoise.py:40:53: error: Invalid type comment or annotation  [valid-type]
(ulikoehler)UliEngineering/UliEngineering/Physics/JohnsonNyquistNoise.py:40:53: note: Suggestion: use Unit[...] instead of Unit(...)
(ulikoehler)UliEngineering/tests/SignalProcessing/TestWindow.py:23:5: error: Name 'testWindowFunctor' already defined on line 12  [no-redef]
(ulikoehler)UliEngineering/tests/SignalProcessing/TestSimulation.py:50:10: error: Name 'sine_wave' is not defined  [name-defined]
(ulikoehler)UliEngineering/tests/SignalProcessing/TestSimulation.py:51:10: error: Name 'cosine_wave' is not defined  [name-defined]
(ulikoehler)UliEngineering/tests/SignalProcessing/TestSimulation.py:52:10: error: Name 'square_wave' is not defined  [name-defined]
(ulikoehler)UliEngineering/tests/SignalProcessing/TestSimulation.py:53:10: error: Name 'triangle_wave' is not defined  [name-defined]
(ulikoehler)UliEngineering/tests/SignalProcessing/TestSimulation.py:54:10: error: Name 'sawtooth' is not defined  [name-defined]
(ulikoehler)UliEngineering/tests/SignalProcessing/TestSimulation.py:55:10: error: Name 'inverse_sawtooth' is not defined  [name-defined]
Found 98 errors in 31 files (checked 101 source files)

[RRepo](flopp)unicode-explorer
Success: no issues found in 4 source files

[RRepo](jamesacampbell)python-examples
(jamesacampbell)python-examples/tor-example.py:29:1: error: Cannot assign to a type  [misc]
(jamesacampbell)python-examples/tor-example.py:48:8: error: Module has no attribute "error"  [attr-defined]
(jamesacampbell)python-examples/scrape_twitter-example.py:41:1: error: Need type annotation for 'diction' (hint: "diction: List[<type>] = ...")  [var-annotated]
(jamesacampbell)python-examples/scrape_twitter-example.py:42:1: error: Need type annotation for 'subset' (hint: "subset: List[<type>] = ...")  [var-annotated]
(jamesacampbell)python-examples/stem_tor-example.py:16: error: Cannot find replacement for positional format specifier 1  [str-format]
(jamesacampbell)python-examples/flask-example.py:40:1: error: Missing return statement  [return]
Found 6 errors in 4 files (checked 26 source files)

[RRepo](Techcable)DiffUtils
(Techcable)DiffUtils/diffutils/__main__.py:46:14: error: Incompatible types in assignment (expression has type "IO[Any]", variable has type "TextIO")  [assignment]
(Techcable)DiffUtils/diffutils/__main__.py:62:19: error: Incompatible types in assignment (expression has type "None", variable has type "List[str]")  [assignment]
(Techcable)DiffUtils/diffutils/__main__.py:71:14: error: Incompatible types in assignment (expression has type "IO[Any]", variable has type "TextIO")  [assignment]
(Techcable)DiffUtils/diffutils/core.py:120:30: error: Incompatible types in assignment (expression has type "Type[DeleteDelta]", variable has type "Type[ChangeDelta]")  [assignment]
(Techcable)DiffUtils/diffutils/core.py:122:26: error: Incompatible types in assignment (expression has type "Type[InsertDelta]", variable has type "Type[ChangeDelta]")  [assignment]
(Techcable)DiffUtils/diffutils/_myers.py:23:1: error: Module 'typing' has no attribute 'T'  [attr-defined]
(Techcable)DiffUtils/diffutils/_myers.py:93:5: error: "list" is not subscriptable, use "typing.List" instead  [misc]
(Techcable)DiffUtils/diffutils/_myers.py:104:41: error: Item "None" of "Optional[DiffNode]" has no attribute "i"  [union-attr]
(Techcable)DiffUtils/diffutils/_myers.py:105:21: error: Item "None" of "Optional[DiffNode]" has no attribute "i"  [union-attr]
(Techcable)DiffUtils/diffutils/_myers.py:108:21: error: Item "None" of "Optional[DiffNode]" has no attribute "i"  [union-attr]
(Techcable)DiffUtils/diffutils/_myers.py:129:24: error: Incompatible return value type (got "Optional[DiffNode]", expected "DiffNode")  [return-value]
(Techcable)DiffUtils/diffutils/_myers.py:149:16: error: "DiffNode" has no attribute "prev"  [attr-defined]
(Techcable)DiffUtils/diffutils/_myers.py:150:32: error: "DiffNode" has no attribute "prev"  [attr-defined]
(Techcable)DiffUtils/diffutils/_myers.py:156:16: error: "DiffNode" has no attribute "prev"  [attr-defined]
(Techcable)DiffUtils/diffutils/_myers.py:166:20: error: "DiffNode" has no attribute "prev"  [attr-defined]
(Techcable)DiffUtils/diffutils/engine.py:67:22: error: Incompatible types in assignment (expression has type "Tuple[Any, ...]", variable has type "List[Any]")  [assignment]
Found 16 errors in 4 files (checked 6 source files)

[RRepo](idaks)PW-explorer
(idaks)PW-explorer/PW_explorer/Custom_Visualization_Functions/four_colorability_visualization.py:4:1: error: Relative import climbs too many namespaces  [misc]
(idaks)PW-explorer/PW_explorer/Custom_Visualization_Functions/graphviz_meta_data_based_visualization.py:3:1: error: Relative import climbs too many namespaces  [misc]
(idaks)PW-explorer/PW_explorer/Input_Parsers/Meta_Data_Parser/Antlr_Files/PWE_ASP_Meta_DataListener.py:9:33: error: Name 'ParseTreeListener' is not defined  [name-defined]
(idaks)PW-explorer/PW_explorer/Input_Parsers/Meta_Data_Parser/Antlr_Files/PWE_ASP_Meta_DataLexer.py:43:30: error: Name 'Lexer' is not defined  [name-defined]
(idaks)PW-explorer/PW_explorer/Input_Parsers/Meta_Data_Parser/Antlr_Files/PWE_ASP_Meta_DataLexer.py:45:11: error: Name 'ATNDeserializer' is not defined  [name-defined]
(idaks)PW-explorer/PW_explorer/Input_Parsers/Meta_Data_Parser/Antlr_Files/PWE_ASP_Meta_DataLexer.py:47:24: error: Name 'DFA' is not defined  [name-defined]
(idaks)PW-explorer/PW_explorer/Input_Parsers/Meta_Data_Parser/Antlr_Files/PWE_ASP_Meta_DataLexer.py:82:24: error: Name 'LexerATNSimulator' is not defined  [name-defined]
(idaks)PW-explorer/PW_explorer/Input_Parsers/Meta_Data_Parser/Antlr_Files/PWE_ASP_Meta_DataLexer.py:82:79: error: Name 'PredictionContextCache' is not defined  [name-defined]
(idaks)PW-explorer/PW_explorer/Input_Parsers/DLV_Parser/Antlr_Files/DLV_OutListener.py:9:23: error: Name 'ParseTreeListener' is not defined  [name-defined]
(idaks)PW-explorer/PW_explorer/Input_Parsers/DLV_Parser/Antlr_Files/DLV_OutLexer.py:47:20: error: Name 'Lexer' is not defined  [name-defined]
(idaks)PW-explorer/PW_explorer/Input_Parsers/DLV_Parser/Antlr_Files/DLV_OutLexer.py:49:11: error: Name 'ATNDeserializer' is not defined  [name-defined]
(idaks)PW-explorer/PW_explorer/Input_Parsers/DLV_Parser/Antlr_Files/DLV_OutLexer.py:51:24: error: Name 'DFA' is not defined  [name-defined]
(idaks)PW-explorer/PW_explorer/Input_Parsers/DLV_Parser/Antlr_Files/DLV_OutLexer.py:86:24: error: Name 'LexerATNSimulator' is not defined  [name-defined]
(idaks)PW-explorer/PW_explorer/Input_Parsers/DLV_Parser/Antlr_Files/DLV_OutLexer.py:86:79: error: Name 'PredictionContextCache' is not defined  [name-defined]
(idaks)PW-explorer/PW_explorer/Input_Parsers/DLV_Parser/dlv_parser.py:5:1: error: Relative import climbs too many namespaces  [misc]
(idaks)PW-explorer/PW_explorer/Input_Parsers/DLV_Parser/dlv_parser.py:162:9: error: Need type annotation for 'rel_keys' (hint: "rel_keys: List[<type>] = ...")  [var-annotated]
(idaks)PW-explorer/PW_explorer/Input_Parsers/Clingo_Parser/Antlr_Files/ClingoLexer.py:62:19: error: Name 'Lexer' is not defined  [name-defined]
(idaks)PW-explorer/PW_explorer/Input_Parsers/Clingo_Parser/Antlr_Files/ClingoLexer.py:64:11: error: Name 'ATNDeserializer' is not defined  [name-defined]
(idaks)PW-explorer/PW_explorer/Input_Parsers/Clingo_Parser/Antlr_Files/ClingoLexer.py:66:24: error: Name 'DFA' is not defined  [name-defined]
(idaks)PW-explorer/PW_explorer/Input_Parsers/Clingo_Parser/Antlr_Files/ClingoLexer.py:103:24: error: Name 'LexerATNSimulator' is not defined  [name-defined]
(idaks)PW-explorer/PW_explorer/Input_Parsers/Clingo_Parser/Antlr_Files/ClingoLexer.py:103:79: error: Name 'PredictionContextCache' is not defined  [name-defined]
(idaks)PW-explorer/PW_explorer/Input_Parsers/Clingo_Parser/Antlr_Files/ClingoListener.py:9:22: error: Name 'ParseTreeListener' is not defined  [name-defined]
(idaks)PW-explorer/PW_explorer/Input_Parsers/Clingo_Parser/clingo_parser.py:5:1: error: Relative import climbs too many namespaces  [misc]
(idaks)PW-explorer/PW_explorer/query.py:41:30: error: No overload variant of "__getitem__" of "list" matches argument type "str"  [call-overload]
(idaks)PW-explorer/PW_explorer/query.py:41:30: note: Possible overload variants:
(idaks)PW-explorer/PW_explorer/query.py:41:30: note:     def __getitem__(self, int) -> Any
(idaks)PW-explorer/PW_explorer/query.py:41:30: note:     def __getitem__(self, slice) -> List[Any]
(idaks)PW-explorer/PW_explorer/query.py:43:14: error: No overload variant of "__getitem__" of "list" matches argument type "str"  [call-overload]
(idaks)PW-explorer/PW_explorer/query.py:43:14: note: Possible overload variants:
(idaks)PW-explorer/PW_explorer/query.py:43:14: note:     def __getitem__(self, int) -> Any
(idaks)PW-explorer/PW_explorer/query.py:43:14: note:     def __getitem__(self, slice) -> List[Any]
(idaks)PW-explorer/PW_explorer/query.py:74:30: error: No overload variant of "__getitem__" of "list" matches argument type "str"  [call-overload]
(idaks)PW-explorer/PW_explorer/query.py:74:30: note: Possible overload variants:
(idaks)PW-explorer/PW_explorer/query.py:74:30: note:     def __getitem__(self, int) -> Any
(idaks)PW-explorer/PW_explorer/query.py:74:30: note:     def __getitem__(self, slice) -> List[Any]
(idaks)PW-explorer/PW_explorer/query.py:82:14: error: No overload variant of "__getitem__" of "list" matches argument type "str"  [call-overload]
(idaks)PW-explorer/PW_explorer/query.py:82:14: note: Possible overload variants:
(idaks)PW-explorer/PW_explorer/query.py:82:14: note:     def __getitem__(self, int) -> Any
(idaks)PW-explorer/PW_explorer/query.py:82:14: note:     def __getitem__(self, slice) -> List[Any]
(idaks)PW-explorer/PW_explorer/query.py:85:13: error: Incompatible types in assignment (expression has type "int", variable has type "List[List[Any]]")  [assignment]
(idaks)PW-explorer/PW_explorer/query.py:86:29: error: No overload variant of "__getitem__" of "list" matches argument type "List[List[Any]]"  [call-overload]
(idaks)PW-explorer/PW_explorer/query.py:86:29: note: Possible overload variants:
(idaks)PW-explorer/PW_explorer/query.py:86:29: note:     def __getitem__(self, int) -> Any
(idaks)PW-explorer/PW_explorer/query.py:86:29: note:     def __getitem__(self, slice) -> List[Any]
(idaks)PW-explorer/PW_explorer/query.py:103:14: error: No overload variant of "__getitem__" of "list" matches argument type "str"  [call-overload]
(idaks)PW-explorer/PW_explorer/query.py:103:14: note: Possible overload variants:
(idaks)PW-explorer/PW_explorer/query.py:103:14: note:     def __getitem__(self, int) -> Any
(idaks)PW-explorer/PW_explorer/query.py:103:14: note:     def __getitem__(self, slice) -> List[Any]
(idaks)PW-explorer/PW_explorer/query.py:114:30: error: No overload variant of "__getitem__" of "list" matches argument type "str"  [call-overload]
(idaks)PW-explorer/PW_explorer/query.py:114:30: note: Possible overload variants:
(idaks)PW-explorer/PW_explorer/query.py:114:30: note:     def __getitem__(self, int) -> Any
(idaks)PW-explorer/PW_explorer/query.py:114:30: note:     def __getitem__(self, slice) -> List[Any]
(idaks)PW-explorer/PW_explorer/query.py:116:14: error: No overload variant of "__getitem__" of "list" matches argument type "str"  [call-overload]
(idaks)PW-explorer/PW_explorer/query.py:116:14: note: Possible overload variants:
(idaks)PW-explorer/PW_explorer/query.py:116:14: note:     def __getitem__(self, int) -> Any
(idaks)PW-explorer/PW_explorer/query.py:116:14: note:     def __getitem__(self, slice) -> List[Any]
(idaks)PW-explorer/PW_explorer/query.py:134:30: error: No overload variant of "__getitem__" of "list" matches argument type "str"  [call-overload]
(idaks)PW-explorer/PW_explorer/query.py:134:30: note: Possible overload variants:
(idaks)PW-explorer/PW_explorer/query.py:134:30: note:     def __getitem__(self, int) -> Any
(idaks)PW-explorer/PW_explorer/query.py:134:30: note:     def __getitem__(self, slice) -> List[Any]
(idaks)PW-explorer/PW_explorer/query.py:155:30: error: No overload variant of "__getitem__" of "list" matches argument type "str"  [call-overload]
(idaks)PW-explorer/PW_explorer/query.py:155:30: note: Possible overload variants:
(idaks)PW-explorer/PW_explorer/query.py:155:30: note:     def __getitem__(self, int) -> Any
(idaks)PW-explorer/PW_explorer/query.py:155:30: note:     def __getitem__(self, slice) -> List[Any]
(idaks)PW-explorer/PW_explorer/query.py:160:14: error: No overload variant of "__getitem__" of "list" matches argument type "str"  [call-overload]
(idaks)PW-explorer/PW_explorer/query.py:160:14: note: Possible overload variants:
(idaks)PW-explorer/PW_explorer/query.py:160:14: note:     def __getitem__(self, int) -> Any
(idaks)PW-explorer/PW_explorer/query.py:160:14: note:     def __getitem__(self, slice) -> List[Any]
(idaks)PW-explorer/PW_explorer/query.py:193:67: error: Argument 3 to "freq" of "PWEQuery" has incompatible type "int"; expected "str"  [arg-type]
(idaks)PW-explorer/PW_explorer/dist_calc.py:22:32: error: Incompatible types in assignment (expression has type "List[Any]", variable has type "Set[Any]")  [assignment]
(idaks)PW-explorer/PW_explorer/visualize.py:61:24: error: Incompatible types in assignment (expression has type "range", variable has type "Optional[List[Any]]")  [assignment]
(idaks)PW-explorer/PW_explorer/visualize.py:63:34: error: Argument 2 to "map" has incompatible type "Optional[List[Any]]"; expected "Iterable[Any]"  [arg-type]
(idaks)PW-explorer/PW_explorer/visualize.py:125:22: error: Incompatible types in assignment (expression has type "range", variable has type "Optional[List[Any]]")  [assignment]
(idaks)PW-explorer/PW_explorer/visualize.py:127:39: error: Value of type "Optional[List[Any]]" is not indexable  [index]
(idaks)PW-explorer/PW_explorer/run_dlv.py:26:5: error: Need type annotation for 'meta_data' (hint: "meta_data: Dict[<type>, <type>] = ...")  [var-annotated]
(idaks)PW-explorer/PW_explorer/run_dlv.py:41:30: error: Argument 1 to "map" has incompatible type "Callable[[bytes], str]"; expected "Callable[[bytes], bytes]"  [arg-type]
(idaks)PW-explorer/PW_explorer/run_dlv.py:41:40: error: Incompatible return value type (got "str", expected "bytes")  [return-value]
(idaks)PW-explorer/PW_explorer/run_clingo.py:15:5: error: Need type annotation for 'meta_data' (hint: "meta_data: Dict[<type>, <type>] = ...")  [var-annotated]
(idaks)PW-explorer/PW_explorer/run_clingo.py:31:32: error: Argument 1 to "map" has incompatible type "Callable[[bytes], str]"; expected "Callable[[bytes], bytes]"  [arg-type]
(idaks)PW-explorer/PW_explorer/run_clingo.py:31:42: error: Incompatible return value type (got "str", expected "bytes")  [return-value]
(idaks)PW-explorer/PW_explorer/export.py:169:39: error: Argument 1 to "append" of "list" has incompatible type "Tuple[int, int, Any]"; expected "Tuple[int, str, Any]"  [arg-type]
(idaks)PW-explorer/PW_explorer/export.py:173:29: error: Argument 2 to "insert" of "list" has incompatible type "str"; expected "Tuple[int, str, Any]"  [arg-type]
(idaks)PW-explorer/PW_explorer/export.py:221:39: error: Argument 1 to "append" of "list" has incompatible type "Tuple[int, int, Any]"; expected "Tuple[int, str, Any]"  [arg-type]
(idaks)PW-explorer/PW_explorer/export.py:225:29: error: Argument 2 to "insert" of "list" has incompatible type "str"; expected "Tuple[int, str, Any]"  [arg-type]
Found 51 errors in 16 files (checked 24 source files)

[RRepo](Debith)py3traits
(Debith)py3traits/examples/instance_is_composed_from_cherrypicked_property_in_instance.py:41:1: error: "ExampleClass" has no attribute "add_traits"  [attr-defined]
(Debith)py3traits/examples/instance_is_composed_from_cherrypicked_property_in_instance.py:46:8: error: "ExampleClass" has no attribute "trait_property"  [attr-defined]
(Debith)py3traits/examples/instance_is_composed_from_cherrypicked_property_in_instance.py:50:1: error: "ExampleClass" has no attribute "trait_property"  [attr-defined]
(Debith)py3traits/examples/instance_is_composed_from_cherrypicked_property_in_instance.py:51:8: error: "ExampleClass" has no attribute "trait_property"  [attr-defined]
(Debith)py3traits/examples/instance_is_composed_from_cherrypicked_property_in_instance.py:55:5: error: "ExampleClass" has no attribute "trait_property"  [attr-defined]
(Debith)py3traits/examples/instance_is_composed_from_cherrypicked_property_in_instance.py:56:8: error: "ExampleClass" has no attribute "trait_property"  [attr-defined]
(Debith)py3traits/examples/class_is_composed_from_cherrypicked_method_in_class.py:40:1: error: "Type[ExampleClass]" has no attribute "add_traits"  [attr-defined]
(Debith)py3traits/examples/class_is_composed_from_cherrypicked_method_in_class.py:48:8: error: "Type[ExampleClass]" has no attribute "static_method"  [attr-defined]
(Debith)py3traits/examples/class_is_composed_from_cherrypicked_method_in_class.py:50:8: error: "Type[ExampleClass]" has no attribute "class_method"  [attr-defined]
(Debith)py3traits/examples/class_is_composed_from_cherrypicked_method_in_class.py:52:8: error: "ExampleClass" has no attribute "class_method"  [attr-defined]
(Debith)py3traits/examples/class_is_composed_from_cherrypicked_method_in_class.py:54:8: error: "ExampleClass" has no attribute "instance_method"  [attr-defined]
(Debith)py3traits/examples/property_is_created_into_instance.py:48:1: error: "ExampleClass" has no attribute "all"  [attr-defined]
(Debith)py3traits/examples/property_is_created_into_instance.py:49:1: error: "ExampleClass" has no attribute "all"  [attr-defined]
(Debith)py3traits/examples/property_is_created_into_instance.py:50:1: error: "ExampleClass" has no attribute "all"  [attr-defined]
(Debith)py3traits/examples/property_is_created_into_instance.py:51:1: error: "ExampleClass" has no attribute "all"  [attr-defined]
(Debith)py3traits/examples/property_is_created_into_instance.py:54:8: error: "ExampleClass" has no attribute "all"  [attr-defined]
(Debith)py3traits/examples/property_is_created_into_instance.py:55:8: error: "ExampleClass" has no attribute "all"  [attr-defined]
(Debith)py3traits/examples/property_is_created_into_instance.py:56:8: error: "ExampleClass" has no attribute "all"  [attr-defined]
(Debith)py3traits/examples/property_is_created_into_instance.py:57:8: error: "ExampleClass" has no attribute "all"  [attr-defined]
(Debith)py3traits/examples/property_is_created_into_instance.py:60:5: error: "ExampleClass" has no attribute "all"  [attr-defined]
(Debith)py3traits/examples/property_is_created_into_instance.py:61:5: error: "ExampleClass" has no attribute "all"  [attr-defined]
(Debith)py3traits/examples/property_is_created_into_instance.py:64:8: error: "ExampleClass" has no attribute "all"  [attr-defined]
(Debith)py3traits/examples/property_is_created_into_instance.py:65:8: error: "ExampleClass" has no attribute "all"  [attr-defined]
(Debith)py3traits/examples/property_is_created_into_instance.py:66:8: error: "ExampleClass" has no attribute "all"  [attr-defined]
(Debith)py3traits/examples/property_is_created_into_instance.py:67:8: error: "ExampleClass" has no attribute "all"  [attr-defined]
(Debith)py3traits/examples/function_is_composed_as_a_part_of_class.py:34:1: error: "Type[ExampleClass]" has no attribute "add_traits"  [attr-defined]
(Debith)py3traits/examples/function_is_composed_as_a_part_of_class.py:38:8: error: "Type[ExampleClass]" has no attribute "new_static_function"  [attr-defined]
(Debith)py3traits/examples/function_is_composed_as_a_part_of_class.py:40:8: error: "Type[ExampleClass]" has no attribute "new_class_function"  [attr-defined]
(Debith)py3traits/examples/function_is_composed_as_a_part_of_class.py:42:8: error: "ExampleClass" has no attribute "new_class_function"  [attr-defined]
(Debith)py3traits/examples/function_is_composed_as_a_part_of_class.py:44:8: error: "ExampleClass" has no attribute "new_method"  [attr-defined]
(Debith)py3traits/examples/class_is_composed_from_cherrypicked_property_in_instance.py:40:1: error: "Type[ExampleClass]" has no attribute "add_traits"  [attr-defined]
(Debith)py3traits/examples/class_is_composed_from_cherrypicked_property_in_instance.py:47:8: error: "ExampleClass" has no attribute "trait_property"  [attr-defined]
(Debith)py3traits/examples/class_is_composed_from_cherrypicked_property_in_instance.py:51:1: error: "ExampleClass" has no attribute "trait_property"  [attr-defined]
(Debith)py3traits/examples/class_is_composed_from_cherrypicked_property_in_instance.py:52:8: error: "ExampleClass" has no attribute "trait_property"  [attr-defined]
(Debith)py3traits/examples/class_is_composed_from_cherrypicked_property_in_instance.py:56:5: error: "ExampleClass" has no attribute "trait_property"  [attr-defined]
(Debith)py3traits/examples/class_is_composed_from_cherrypicked_property_in_instance.py:57:8: error: "ExampleClass" has no attribute "trait_property"  [attr-defined]
(Debith)py3traits/examples/instance_is_composed_from_other_class.py:40:1: error: "ExampleClass" has no attribute "add_traits"  [attr-defined]
(Debith)py3traits/examples/instance_is_composed_from_other_class.py:45:8: error: "ExampleClass" has no attribute "static_method"  [attr-defined]
(Debith)py3traits/examples/instance_is_composed_from_other_class.py:47:8: error: "ExampleClass" has no attribute "class_method"  [attr-defined]
(Debith)py3traits/examples/instance_is_composed_from_other_class.py:49:8: error: "ExampleClass" has no attribute "instance_method"  [attr-defined]
(Debith)py3traits/examples/extendable_function_class_vs_instance.py:26:1: error: "Type[MyExample]" has no attribute "add_traits"  [attr-defined]
(Debith)py3traits/examples/extendable_function_class_vs_instance.py:34:1: error: "MyExample" has no attribute "add_traits"  [attr-defined]
(Debith)py3traits/examples/class_is_composed_from_other_class.py:45:1: error: "Type[ExampleClass]" has no attribute "add_traits"  [attr-defined]
(Debith)py3traits/examples/class_is_composed_from_other_class.py:51:8: error: "Type[ExampleClass]" has no attribute "static_method"  [attr-defined]
(Debith)py3traits/examples/class_is_composed_from_other_class.py:53:8: error: "Type[ExampleClass]" has no attribute "class_method"  [attr-defined]
(Debith)py3traits/examples/class_is_composed_from_other_class.py:55:8: error: "ExampleClass" has no attribute "class_method"  [attr-defined]
(Debith)py3traits/examples/class_is_composed_from_other_class.py:57:8: error: "ExampleClass" has no attribute "instance_method"  [attr-defined]
(Debith)py3traits/examples/class_is_composed_from_other_class.py:59:8: error: "ExampleClass" has no attribute "value"  [attr-defined]
(Debith)py3traits/examples/class_is_composed_from_cherrypicked_method_in_instance.py:41:1: error: "Type[ExampleClass]" has no attribute "add_traits"  [attr-defined]
(Debith)py3traits/examples/class_is_composed_from_cherrypicked_method_in_instance.py:49:8: error: "Type[ExampleClass]" has no attribute "static_method"  [attr-defined]
(Debith)py3traits/examples/class_is_composed_from_cherrypicked_method_in_instance.py:51:8: error: "Type[ExampleClass]" has no attribute "class_method"  [attr-defined]
(Debith)py3traits/examples/class_is_composed_from_cherrypicked_method_in_instance.py:53:8: error: "ExampleClass" has no attribute "class_method"  [attr-defined]
(Debith)py3traits/examples/class_is_composed_from_cherrypicked_method_in_instance.py:55:8: error: "ExampleClass" has no attribute "instance_method"  [attr-defined]
(Debith)py3traits/examples/instance_is_composed_from_cherrypicked_property_in_class.py:36:1: error: "ExampleClass" has no attribute "add_traits"  [attr-defined]
(Debith)py3traits/examples/instance_is_composed_from_cherrypicked_property_in_class.py:40:8: error: "ExampleClass" has no attribute "trait_property"  [attr-defined]
(Debith)py3traits/examples/instance_is_composed_from_cherrypicked_property_in_class.py:44:1: error: "ExampleClass" has no attribute "trait_property"  [attr-defined]
(Debith)py3traits/examples/instance_is_composed_from_cherrypicked_property_in_class.py:45:8: error: "ExampleClass" has no attribute "trait_property"  [attr-defined]
(Debith)py3traits/examples/instance_is_composed_from_cherrypicked_property_in_class.py:49:5: error: "ExampleClass" has no attribute "trait_property"  [attr-defined]
(Debith)py3traits/examples/instance_is_composed_from_cherrypicked_property_in_class.py:50:8: error: "ExampleClass" has no attribute "trait_property"  [attr-defined]
(Debith)py3traits/examples/composition_in_alternative_syntax.py:49:1: error: "ExampleClass" has no attribute "add_traits"  [attr-defined]
(Debith)py3traits/examples/composition_in_alternative_syntax.py:50:1: error: "ExampleClass" has no attribute "add_traits"  [attr-defined]
(Debith)py3traits/examples/composition_in_alternative_syntax.py:53:1: error: "ExampleClass" has no attribute "modify_instance"  [attr-defined]
(Debith)py3traits/examples/composition_in_alternative_syntax.py:62:8: error: "ExampleClass" has no attribute "instance_method"  [attr-defined]
(Debith)py3traits/examples/class_is_composed_from_cherrypicked_methods_with_rename.py:42:1: error: "Type[ExampleClass]" has no attribute "add_traits"  [attr-defined]
(Debith)py3traits/examples/class_is_composed_from_cherrypicked_methods_with_rename.py:50:8: error: "Type[ExampleClass]" has no attribute "renamed_static_method"  [attr-defined]
(Debith)py3traits/examples/class_is_composed_from_cherrypicked_methods_with_rename.py:52:8: error: "Type[ExampleClass]" has no attribute "renamed_class_method"  [attr-defined]
(Debith)py3traits/examples/class_is_composed_from_cherrypicked_methods_with_rename.py:54:8: error: "ExampleClass" has no attribute "renamed_class_method"  [attr-defined]
(Debith)py3traits/examples/class_is_composed_from_cherrypicked_methods_with_rename.py:56:8: error: "ExampleClass" has no attribute "renamed_instance_method"  [attr-defined]
(Debith)py3traits/examples/class_is_composed_from_other_instance.py:43:1: error: "Type[ExampleClass]" has no attribute "add_traits"  [attr-defined]
(Debith)py3traits/examples/class_is_composed_from_other_instance.py:49:8: error: "Type[ExampleClass]" has no attribute "static_method"  [attr-defined]
(Debith)py3traits/examples/class_is_composed_from_other_instance.py:51:8: error: "Type[ExampleClass]" has no attribute "class_method"  [attr-defined]
(Debith)py3traits/examples/class_is_composed_from_other_instance.py:53:8: error: "ExampleClass" has no attribute "class_method"  [attr-defined]
(Debith)py3traits/examples/class_is_composed_from_other_instance.py:55:8: error: "ExampleClass" has no attribute "instance_method"  [attr-defined]
(Debith)py3traits/examples/class_is_composed_from_other_instance.py:57:8: error: "ExampleClass" has no attribute "value"  [attr-defined]
(Debith)py3traits/examples/instance_is_composed_from_other_instance.py:41:1: error: "ExampleClass" has no attribute "add_traits"  [attr-defined]
(Debith)py3traits/examples/instance_is_composed_from_other_instance.py:46:8: error: "ExampleClass" has no attribute "static_method"  [attr-defined]
(Debith)py3traits/examples/instance_is_composed_from_other_instance.py:48:8: error: "ExampleClass" has no attribute "class_method"  [attr-defined]
(Debith)py3traits/examples/instance_is_composed_from_other_instance.py:50:8: error: "ExampleClass" has no attribute "instance_method"  [attr-defined]
(Debith)py3traits/examples/instance_is_composed_from_cherrypicked_methods_with_rename.py:44:1: error: "ExampleClass" has no attribute "add_traits"  [attr-defined]
(Debith)py3traits/examples/instance_is_composed_from_cherrypicked_methods_with_rename.py:52:8: error: "ExampleClass" has no attribute "renamed_static_method"  [attr-defined]
(Debith)py3traits/examples/instance_is_composed_from_cherrypicked_methods_with_rename.py:54:8: error: "ExampleClass" has no attribute "renamed_class_method"  [attr-defined]
(Debith)py3traits/examples/instance_is_composed_from_cherrypicked_methods_with_rename.py:56:8: error: "ExampleClass" has no attribute "renamed_instance_method"  [attr-defined]
(Debith)py3traits/examples/function_is_composed_as_a_part_of_instance.py:35:1: error: "ExampleClass" has no attribute "add_traits"  [attr-defined]
(Debith)py3traits/examples/function_is_composed_as_a_part_of_instance.py:40:8: error: "ExampleClass" has no attribute "new_static_function"  [attr-defined]
(Debith)py3traits/examples/function_is_composed_as_a_part_of_instance.py:42:8: error: "ExampleClass" has no attribute "new_class_function"  [attr-defined]
(Debith)py3traits/examples/function_is_composed_as_a_part_of_instance.py:44:8: error: "ExampleClass" has no attribute "new_method"  [attr-defined]
(Debith)py3traits/examples/class_is_composed_from_cherrypicked_property_in_class.py:35:1: error: "Type[ExampleClass]" has no attribute "add_traits"  [attr-defined]
(Debith)py3traits/examples/class_is_composed_from_cherrypicked_property_in_class.py:42:8: error: "ExampleClass" has no attribute "trait_property"  [attr-defined]
(Debith)py3traits/examples/class_is_composed_from_cherrypicked_property_in_class.py:46:1: error: "ExampleClass" has no attribute "trait_property"  [attr-defined]
(Debith)py3traits/examples/class_is_composed_from_cherrypicked_property_in_class.py:47:8: error: "ExampleClass" has no attribute "trait_property"  [attr-defined]
(Debith)py3traits/examples/class_is_composed_from_cherrypicked_property_in_class.py:51:5: error: "ExampleClass" has no attribute "trait_property"  [attr-defined]
(Debith)py3traits/examples/class_is_composed_from_cherrypicked_property_in_class.py:52:8: error: "ExampleClass" has no attribute "trait_property"  [attr-defined]
(Debith)py3traits/examples/instance_is_composed_from_cherrypicked_method_in_class.py:40:1: error: "ExampleClass" has no attribute "add_traits"  [attr-defined]
(Debith)py3traits/examples/instance_is_composed_from_cherrypicked_method_in_class.py:46:8: error: "ExampleClass" has no attribute "instance_method"  [attr-defined]
(Debith)py3traits/examples/instance_is_composed_from_cherrypicked_method_in_class.py:48:8: error: "ExampleClass" has no attribute "class_method"  [attr-defined]
(Debith)py3traits/examples/instance_is_composed_from_cherrypicked_method_in_class.py:50:8: error: "ExampleClass" has no attribute "static_method"  [attr-defined]
(Debith)py3traits/src/pytraits/core/primitives/instance_object.py:21:1: error: Relative import climbs too many namespaces  [misc]
(Debith)py3traits/src/pytraits/core/primitives/trait_object.py:19:1: error: Relative import climbs too many namespaces  [misc]
(Debith)py3traits/src/pytraits/core/primitives/class_object.py:22:1: error: Relative import climbs too many namespaces  [misc]
(Debith)py3traits/src/pytraits/core/composing/composer.py:40:5: error: Need type annotation for '__COMPOSERS' (hint: "__COMPOSERS: Dict[<type>, <type>] = ...")  [var-annotated]
(Debith)py3traits/src/pytraits/core/composing/traits.py:91:44: error: Variable "traits.Resolutions" is not valid as a type  [valid-type]
(Debith)py3traits/tests/unittest_compiler.py:50:10: error: "Type[TestDummy]" has no attribute "_TestDummy__private_func"  [attr-defined]
(Debith)py3traits/tests/unittest_compiler.py:51:10: error: "Type[TestDummy]" has no attribute "_TestDummy__private_func"  [attr-defined]
(Debith)py3traits/tests/unittest_typeconverted.py:72:5: error: Name 'test_handles_properly_tuple_arguments_with_type' already defined on line 65  [no-redef]
(Debith)py3traits/tests/unittest_typeconverted.py:91:20: error: Name 'missing_with_default' is not defined  [name-defined]
(Debith)py3traits/tests/unittest_typeconverted.py:107:20: error: Name 'missing_with_default' is not defined  [name-defined]
(Debith)py3traits/tests/unittest_inspector.py:96:6: error: Name 'test_isclass_checks_identifies_types_properly' already defined on line 92  [no-redef]
(Debith)py3traits/tests/unittest_typesafe.py:71:5: error: Name 'test_handles_properly_tuple_arguments_with_type' already defined on line 64  [no-redef]
(Debith)py3traits/tests/unittest_typesafe.py:90:20: error: Name 'missing_with_default' is not defined  [name-defined]
(Debith)py3traits/tests/unittest_typesafe.py:106:20: error: Name 'missing_with_default' is not defined  [name-defined]
(Debith)py3traits/tests/unittest_traits.py:26:5: error: Name 'test_does_not_need_preprosessing_for_multiple_trait_functions' already defined on line 22  [no-redef]
(Debith)py3traits/src/pytraits/support/inspector.py:141:9: error: Need type annotation for '__hooks'  [var-annotated]
(Debith)py3traits/src/pytraits/support/inspector.py:174:30: error: "Inspector" has no attribute "__inspect_arg"  [attr-defined]
(Debith)py3traits/src/pytraits/trait_composer.py:28:24: error: Variable "trait_composer.TraitTarget" is not valid as a type  [valid-type]
(Debith)py3traits/src/pytraits/trait_composer.py:60:5: error: "Tuple[Any, ...]" has no attribute "compose"  [attr-defined]
Found 115 errors in 30 files (checked 49 source files)

[RRepo](snakeleon)YouCompleteMe-x86
(snakeleon)YouCompleteMe-x86/third_party/ycmd/ycmd/tests/__init__.py: error: Duplicate module named 'tests' (also at '/home/bew/archive/typed_project/(snakeleon)YouCompleteMe-x86/python/ycm/tests/__init__.py')  [misc]
(snakeleon)YouCompleteMe-x86/third_party/ycmd/ycmd/tests/__init__.py: error: Are you missing an __init__.py?  [misc]
Found 2 errors in 1 file (checked 250 source files)

[RRepo](dmlc)mxnet
(dmlc)mxnet/example/gluon/lstm_crf/lstm_crf.py:196:1: error: Need type annotation for 'word2idx' (hint: "word2idx: Dict[<type>, <type>] = ...")  [var-annotated]
(dmlc)mxnet/example/gluon/lstm_crf/lstm_crf.py:235:70: error: "float" has no attribute "asscalar"  [attr-defined]
(dmlc)mxnet/tests/python/gpu/test_gluon_transforms.py:30:1: error: Module 'common' has no attribute 'assertRaises'  [attr-defined]
(dmlc)mxnet/tests/python/gpu/test_gluon_transforms.py:30:1: error: Module 'common' has no attribute 'setup_module'  [attr-defined]
(dmlc)mxnet/tests/python/gpu/test_gluon_transforms.py:30:1: error: Module 'common' has no attribute 'with_seed'  [attr-defined]
(dmlc)mxnet/tests/python/gpu/test_gluon_transforms.py:30:1: error: Module 'common' has no attribute 'teardown'  [attr-defined]
(dmlc)mxnet/tests/python/unittest/test_gluon_data_vision.py:26:1: error: Module 'common' has no attribute 'assertRaises'  [attr-defined]
(dmlc)mxnet/tests/python/unittest/test_gluon_data_vision.py:26:1: error: Module 'common' has no attribute 'setup_module'  [attr-defined]
(dmlc)mxnet/tests/python/unittest/test_gluon_data_vision.py:26:1: error: Module 'common' has no attribute 'with_seed'  [attr-defined]
(dmlc)mxnet/tests/python/unittest/test_gluon_data_vision.py:26:1: error: Module 'common' has no attribute 'teardown'  [attr-defined]
(dmlc)mxnet/tests/python/unittest/test_autograd.py:23:1: error: Module 'common' has no attribute 'setup_module'  [attr-defined]
(dmlc)mxnet/tests/python/unittest/test_autograd.py:23:1: error: Module 'common' has no attribute 'with_seed'  [attr-defined]
(dmlc)mxnet/tests/python/unittest/test_autograd.py:23:1: error: Module 'common' has no attribute 'teardown'  [attr-defined]
(dmlc)mxnet/example/ssd/quantization.py:30:1: error: Module 'symbol' has no attribute 'symbol_builder'  [attr-defined]
(dmlc)mxnet/example/ssd/quantization.py:124:5: error: Need type annotation for 'excluded_sym_names' (hint: "excluded_sym_names: List[<type>] = ...")  [var-annotated]
(dmlc)mxnet/example/ssd/quantization.py:141:17: error: Incompatible types in assignment (expression has type "List[float]", variable has type "str")  [assignment]
(dmlc)mxnet/example/ssd/quantization.py:145:41: error: Name 'quantize_model' is not defined  [name-defined]
(dmlc)mxnet/example/ssd/quantization.py:158:41: error: Name 'quantize_model' is not defined  [name-defined]
(dmlc)mxnet/tests/python/unittest/test_metric.py:21:1: error: Module 'common' has no attribute 'with_seed'  [attr-defined]
(dmlc)mxnet/amalgamation/amalgamation.py:98:1: error: Need type annotation for 'sysheaders' (hint: "sysheaders: List[<type>] = ...")  [var-annotated]
(dmlc)mxnet/amalgamation/amalgamation.py:99:1: error: Need type annotation for 'history' (hint: "history: Set[<type>] = ...")  [var-annotated]
(dmlc)mxnet/amalgamation/amalgamation.py:170:1: error: "Callable[[Any, Any, Any], Any]" has no attribute "treeDepth"  [attr-defined]
(dmlc)mxnet/amalgamation/amalgamation.py:171:1: error: "Callable[[Any, Any, Any], Any]" has no attribute "fileCount"  [attr-defined]
(dmlc)mxnet/tools/pip/setup.py:42:12: error: "str" not callable  [operator]
(dmlc)mxnet/tools/pip/setup.py:147:9: error: "object" has no attribute "append"  [attr-defined]
(dmlc)mxnet/tools/pip/setup.py:148:9: error: "object" has no attribute "append"  [attr-defined]
(dmlc)mxnet/tools/pip/setup.py:149:9: error: "object" has no attribute "append"  [attr-defined]
(dmlc)mxnet/tools/pip/setup.py:154:9: error: "object" has no attribute "append"  [attr-defined]
(dmlc)mxnet/tools/pip/setup.py:155:9: error: "object" has no attribute "append"  [attr-defined]
(dmlc)mxnet/tools/pip/setup.py:156:9: error: "object" has no attribute "append"  [attr-defined]
(dmlc)mxnet/tools/pip/setup.py:160:5: error: "object" has no attribute "append"  [attr-defined]
(dmlc)mxnet/tools/pip/setup.py:163:5: error: "object" has no attribute "append"  [attr-defined]
(dmlc)mxnet/tools/pip/setup.py:165:5: error: "object" has no attribute "append"  [attr-defined]
(dmlc)mxnet/tools/pip/setup.py:170:5: error: "object" has no attribute "append"  [attr-defined]
(dmlc)mxnet/python/mxnet/ndarray/register.py:24:1: error: Relative import climbs too many namespaces  [misc]
(dmlc)mxnet/python/mxnet/ndarray/register.py:26:1: error: Relative import climbs too many namespaces  [misc]
(dmlc)mxnet/example/image-classification/train_imagenet.py:22:1: error: Module 'common' has no attribute 'find_mxnet'  [attr-defined]
(dmlc)mxnet/example/image-classification/train_imagenet.py:22:1: error: Module 'common' has no attribute 'data'  [attr-defined]
(dmlc)mxnet/example/image-classification/train_imagenet.py:63:11: error: Module has no attribute "get_symbol"  [attr-defined]
(dmlc)mxnet/tests/python/gpu/test_kvstore_gpu.py:27:1: error: Module 'common' has no attribute 'setup_module'  [attr-defined]
(dmlc)mxnet/tests/python/gpu/test_kvstore_gpu.py:27:1: error: Module 'common' has no attribute 'with_seed'  [attr-defined]
(dmlc)mxnet/tests/python/gpu/test_kvstore_gpu.py:27:1: error: Module 'common' has no attribute 'teardown'  [attr-defined]
(dmlc)mxnet/tests/python/unittest/test_gluon_data.py:26:1: error: Module 'common' has no attribute 'setup_module'  [attr-defined]
(dmlc)mxnet/tests/python/unittest/test_gluon_data.py:26:1: error: Module 'common' has no attribute 'with_seed'  [attr-defined]
(dmlc)mxnet/tests/python/unittest/test_gluon_data.py:26:1: error: Module 'common' has no attribute 'teardown'  [attr-defined]
(dmlc)mxnet/tests/python/unittest/test_gluon_data.py:150:1: error: Name 'Dataset' already defined (possibly by an import)  [no-redef]
(dmlc)mxnet/dev_menu.py:81:16: error: Incompatible return value type (got "List[str]", expected "str")  [return-value]
Found 47 errors in 13 files (checked 32 source files)

[RRepo](renskiy)fabricio
(renskiy)fabricio/tests/test_decorators.py:12:21: error: Name 'docker.Container' is not defined  [name-defined]
(renskiy)fabricio/tests/test_decorators.py:14:13: error: Module has no attribute "Image"  [attr-defined]
(renskiy)fabricio/fabricio/utils.py:94:19: error: Incompatible types in assignment (expression has type "Callable[[Dict[_KT, _VT], _KT, _VT], None]", base class "object" defined the type as "Callable[[object, str, Any], None]")  [assignment]

[RRepo](wright-group)WrightTools
(wright-group)WrightTools/WrightTools/data/_variable.py:9:1: error: Relative import climbs too many namespaces  [misc]
(wright-group)WrightTools/tests/kit/ini.py:3:1: error: Module 'WrightTools.kit' has no attribute 'INI'  [attr-defined]
(wright-group)WrightTools/docs/conf.py:174:1: error: Need type annotation for 'latex_elements' (hint: "latex_elements: Dict[<type>, <type>] = ...")  [var-annotated]
(wright-group)WrightTools/tests/data/from_PyCMDS.py:137:1: error: Name 'test_two_centers' already defined on line 124  [no-redef]
(wright-group)WrightTools/examples/colormaps.py:15:11: error: Module has no attribute "artists"  [attr-defined]
(wright-group)WrightTools/examples/colormaps.py:17:5: error: "DatasetContainer" has no attribute "v1p0p1_MoS2_TrEE_movie"  [attr-defined]
(wright-group)WrightTools/examples/colormaps.py:18:8: error: Module has no attribute "open"  [attr-defined]
(wright-group)WrightTools/examples/colormaps.py:40:8: error: Module has no attribute "artists"  [attr-defined]
(wright-group)WrightTools/examples/colormaps.py:42:8: error: Module has no attribute "artists"  [attr-defined]
(wright-group)WrightTools/examples/colormaps.py:48:1: error: Module has no attribute "artists"  [attr-defined]
(wright-group)WrightTools/examples/fill_types.py:17:8: error: Module has no attribute "artists"  [attr-defined]
(wright-group)WrightTools/examples/fill_types.py:19:11: error: Module has no attribute "artists"  [attr-defined]
(wright-group)WrightTools/examples/fill_types.py:22:5: error: "DatasetContainer" has no attribute "v0p2_d1_d2_diagonal"  [attr-defined]
(wright-group)WrightTools/examples/fill_types.py:23:8: error: Module has no attribute "data"  [attr-defined]
(wright-group)WrightTools/examples/fill_types.py:101:1: error: Module has no attribute "artists"  [attr-defined]
(wright-group)WrightTools/examples/fill_types.py:105:1: error: Module has no attribute "artists"  [attr-defined]
(wright-group)WrightTools/examples/label_delay_space.py:14:11: error: Module has no attribute "artists"  [attr-defined]
(wright-group)WrightTools/examples/label_delay_space.py:24:5: error: "DatasetContainer" has no attribute "d1_d2_000"  [attr-defined]
(wright-group)WrightTools/examples/label_delay_space.py:25:8: error: Module has no attribute "data"  [attr-defined]
(wright-group)WrightTools/examples/label_delay_space.py:31:1: error: Module has no attribute "diagrams"  [attr-defined]
(wright-group)WrightTools/examples/label_delay_space.py:37:5: error: "DatasetContainer" has no attribute "d1_d2_001"  [attr-defined]
(wright-group)WrightTools/examples/label_delay_space.py:38:8: error: Module has no attribute "data"  [attr-defined]
(wright-group)WrightTools/examples/label_delay_space.py:45:1: error: Module has no attribute "diagrams"  [attr-defined]
(wright-group)WrightTools/examples/label_delay_space.py:50:1: error: Module has no attribute "artists"  [attr-defined]
(wright-group)WrightTools/examples/label_delay_space.py:54:1: error: Module has no attribute "artists"  [attr-defined]
(wright-group)WrightTools/WrightTools/exceptions.py:73:18: error: Cannot resolve name "ValueError" (possible cyclic definition)  [misc]
(wright-group)WrightTools/WrightTools/exceptions.py:79:23: error: Cannot resolve name "FileExistsError" (possible cyclic definition)  [misc]
(wright-group)WrightTools/WrightTools/exceptions.py:88:17: error: Cannot resolve name "TypeError" (possible cyclic definition)  [misc]
Found 28 errors in 8 files (checked 110 source files)

[RRepo](apache)ignite
(apache)ignite/modules/platforms/python/docs/conf.py:91:1: error: Need type annotation for 'html_static_path' (hint: "html_static_path: List[<type>] = ...")  [var-annotated]
(apache)ignite/modules/platforms/python/docs/conf.py:112:1: error: Need type annotation for 'latex_elements' (hint: "latex_elements: Dict[<type>, <type>] = ...")  [var-annotated]
(apache)ignite/modules/platforms/python/setup.py:55:16: error: Need type annotation for 'requirements'  [var-annotated]
(apache)ignite/modules/platforms/python/pyignite/api/result.py:16:1: error: Module 'pyignite.datatypes' has no attribute 'String'  [attr-defined]
(apache)ignite/modules/platforms/python/pyignite/api/result.py:34:34: error: Name 'Response' is not defined  [name-defined]
(apache)ignite/modules/platforms/python/pyignite/utils.py:74:27: error: Name 'Client' is not defined  [name-defined]
(apache)ignite/modules/platforms/python/pyignite/utils.py:104:24: error: Argument 1 to "ord" has incompatible type "Union[str, int]"; expected "Union[str, bytes]"  [arg-type]
(apache)ignite/modules/platforms/python/pyignite/utils.py:107:31: error: Unsupported operand types for + ("int" and "str")  [operator]
(apache)ignite/modules/platforms/python/pyignite/utils.py:107:31: note: Right operand is of type "Union[str, int]"
(apache)ignite/modules/platforms/python/pyignite/utils.py:118:12: error: Incompatible return value type (got "Union[str, int]", expected "int")  [return-value]
(apache)ignite/modules/platforms/python/pyignite/utils.py:118:54: error: Argument 1 to "hashcode" has incompatible type "Union[str, int]"; expected "Union[str, bytes]"  [arg-type]
(apache)ignite/modules/platforms/python/pyignite/utils.py:128:12: error: Incompatible return value type (got "Union[str, int]", expected "int")  [return-value]
(apache)ignite/modules/platforms/python/pyignite/utils.py:128:54: error: Item "int" of "Union[str, int]" has no attribute "lower"  [union-attr]
(apache)ignite/modules/platforms/python/pyignite/utils.py:139:16: error: Incompatible return value type (got "Union[int, Dict[Any, Any]]", expected "int")  [return-value]
(apache)ignite/modules/platforms/python/pyignite/utils.py:142:12: error: Name 'FNV1_OFFSET_BASIS' is not defined  [name-defined]
(apache)ignite/modules/platforms/python/pyignite/utils.py:143:23: error: Item "int" of "Union[int, Dict[Any, Any]]" has no attribute "keys"  [union-attr]
(apache)ignite/modules/platforms/python/pyignite/utils.py:146:36: error: Name 'FNV1_PRIME' is not defined  [name-defined]
(apache)ignite/modules/platforms/python/pyignite/utils.py:148:36: error: Name 'FNV1_PRIME' is not defined  [name-defined]
(apache)ignite/modules/platforms/python/pyignite/utils.py:150:36: error: Name 'FNV1_PRIME' is not defined  [name-defined]
(apache)ignite/modules/platforms/python/pyignite/utils.py:152:36: error: Name 'FNV1_PRIME' is not defined  [name-defined]
(apache)ignite/modules/platforms/python/tests/test_generic_object.py:16:1: error: Module 'pyignite' has no attribute 'GenericObjectMeta'  [attr-defined]
(apache)ignite/modules/platforms/python/tests/test_get_names.py:16:1: error: Module 'pyignite.api' has no attribute 'cache_create'  [attr-defined]
(apache)ignite/modules/platforms/python/tests/test_get_names.py:16:1: error: Module 'pyignite.api' has no attribute 'cache_get_names'  [attr-defined]
(apache)ignite/modules/platforms/python/tests/test_scan.py:16:1: error: Module 'pyignite.api' has no attribute 'scan'  [attr-defined]
(apache)ignite/modules/platforms/python/tests/test_scan.py:16:1: error: Module 'pyignite.api' has no attribute 'scan_cursor_get_page'  [attr-defined]
(apache)ignite/modules/platforms/python/tests/test_scan.py:16:1: error: Module 'pyignite.api' has no attribute 'resource_close'  [attr-defined]
(apache)ignite/modules/platforms/python/tests/test_scan.py:16:1: error: Module 'pyignite.api' has no attribute 'cache_put_all'  [attr-defined]

[RRepo](shobute)go-slack
(shobute)go-slack/goban.py:35:5: error: Missing return statement  [return]
(shobute)go-slack/goban.py:51:9: error: Need type annotation for 'votes' (hint: "votes: Dict[<type>, <type>] = ...")  [var-annotated]
(shobute)go-slack/goban.py:56:28: error: Argument 1 to "update" of "dict" has incompatible type "Dict[Tuple[int, int], None]"; expected "Mapping[str, str]"  [arg-type]
(shobute)go-slack/goban.py:148:20: error: Invalid index type "Optional[Tuple[int, int]]" for "Dict[Tuple[int, int], None]"; expected type "Tuple[int, int]"  [index]
(shobute)go-slack/goban.py:148:40: error: Incompatible types in assignment (expression has type "str", target has type "None")  [assignment]
(shobute)go-slack/goban.py:153:27: error: Invalid index type "Optional[Tuple[int, int]]" for "Dict[Tuple[int, int], None]"; expected type "Tuple[int, int]"  [index]
(shobute)go-slack/goban.py:174:9: error: Cannot access "__init__" directly  [misc]
(shobute)go-slack/goban.py:187:28: error: Invalid index type "Optional[Tuple[int, int]]" for "Dict[Tuple[int, int], None]"; expected type "Tuple[int, int]"  [index]
(shobute)go-slack/goban.py:194:31: error: Invalid index type "Optional[Tuple[int, int]]" for "Dict[Tuple[int, int], None]"; expected type "Tuple[int, int]"  [index]
(shobute)go-slack/goban.py:197:16: error: Incompatible return value type (got "int", expected "bool")  [return-value]
(shobute)go-slack/goban.py:200:29: error: Invalid index type "Optional[Tuple[int, int]]" for "Dict[Tuple[int, int], None]"; expected type "Tuple[int, int]"  [index]
(shobute)go-slack/goban.py:204:31: error: Invalid index type "Optional[Tuple[int, int]]" for "Dict[Tuple[int, int], None]"; expected type "Tuple[int, int]"  [index]
(shobute)go-slack/goban.py:210:31: error: Invalid index type "Optional[Tuple[int, int]]" for "Dict[Tuple[int, int], None]"; expected type "Tuple[int, int]"  [index]
(shobute)go-slack/goban.py:216:16: error: 'None' object is not iterable  [misc]
(shobute)go-slack/goban.py:248:16: error: 'None' object is not iterable  [misc]
(shobute)go-slack/goban.py:254:39: error: Invalid index type "None" for "Dict[str, Any]"; expected type "str"  [index]
(shobute)go-slack/goban.py:256:44: error: Invalid index type "None" for "Dict[str, Any]"; expected type "str"  [index]
(shobute)go-slack/gobot.py:27:5: error: Missing return statement  [return]
(shobute)go-slack/gobot.py:63:30: error: Incompatible types in assignment (expression has type "float", variable has type "int")  [assignment]
(shobute)go-slack/gobot.py:97:33: error: Unsupported right operand type for in ("Optional[str]")  [operator]
(shobute)go-slack/gobot.py:105:16: error: Incompatible return value type (got "Optional[Match[str]]", expected "bool")  [return-value]
Found 21 errors in 2 files (checked 3 source files)

[RRepo](mrgambal)vulyk
(mrgambal)vulyk/vulyk/blueprints/gamification/core/foundations.py:68:13: error: Dict entry 5 has incompatible type "str": "bool"; expected "str": "str"  [dict-item]
(mrgambal)vulyk/tests/gamification/test_rule_models.py:7:1: error: Relative import climbs too many namespaces  [misc]
(mrgambal)vulyk/vulyk/blueprints/gamification/models/rules.py:7:1: error: Relative import climbs too many namespaces  [misc]
(mrgambal)vulyk/vulyk/blueprints/gamification/models/events.py:17:1: error: Relative import climbs too many namespaces  [misc]
(mrgambal)vulyk/vulyk/blueprints/gamification/models/events.py:220:9: error: Need type annotation for 'seen' (hint: "seen: Set[<type>] = ...")  [var-annotated]
(mrgambal)vulyk/vulyk/blueprints/gamification/models/rules.py:7:1: error: Relative import climbs too many namespaces  [misc]
(mrgambal)vulyk/tests/gamification/fixtures.py:10:1: error: Relative import climbs too many namespaces  [misc]
(mrgambal)vulyk/vulyk/ext/leaderboard.py:55:15: error: Need type annotation for 'top'  [var-annotated]
(mrgambal)vulyk/vulyk/ext/leaderboard.py:57:10: error: "append" of "list" does not return a value  [func-returns-value]
(mrgambal)vulyk/vulyk/ext/leaderboard.py:65:29: error: "type" has no attribute "objects"  [attr-defined]
(mrgambal)vulyk/vulyk/blueprints/gamification/core/parsing.py:29:5: error: Need type annotation for '__slots__' (hint: "__slots__: List[<type>] = ...")  [var-annotated]
(mrgambal)vulyk/vulyk/blueprints/gamification/models/foundations.py:13:1: error: Relative import climbs too many namespaces  [misc]

[RRepo](akapur)pyiqfeed
Success: no issues found in 3 source files

[RRepo](adamcharnock)lightbus
(adamcharnock)lightbus/lightbus_experiments/potential_use_mixed.py:126:3: error: invalid syntax  [syntax]
Found 1 error in 1 file (checked 89 source files)

[RRepo](nooperpudd)quantbube
(nooperpudd)quantbube/quantbube/utils/functional.py:114:17: error: Incompatible types in assignment (expression has type "property", base class "object" defined the type as "Type[_T]")  [assignment]

[RRepo](phanrahan)magmathon
(phanrahan)magmathon/examples/uart/txmod.py:8:16: error: Invalid type comment or annotation  [valid-type]
(phanrahan)magmathon/examples/uart/txmod.py:8:16: note: Suggestion: use m.Bits[...] instead of m.Bits(...)
(phanrahan)magmathon/examples/uart/txmod.py:11:21: error: Invalid type comment or annotation  [valid-type]
(phanrahan)magmathon/examples/uart/txmod.py:11:21: note: Suggestion: use m.Bits[...] instead of m.Bits(...)
(phanrahan)magmathon/examples/uart/txmod.py:12:22: error: Invalid type comment or annotation  [valid-type]
(phanrahan)magmathon/examples/uart/txmod.py:12:22: note: Suggestion: use m.Bits[...] instead of m.Bits(...)
(phanrahan)magmathon/examples/uart/txmod.py:13:20: error: Invalid type comment or annotation  [valid-type]
(phanrahan)magmathon/examples/uart/txmod.py:13:20: note: Suggestion: use m.Bits[...] instead of m.Bits(...)
(phanrahan)magmathon/examples/uart/txmod.py:13:36: error: Syntax error in type annotation  [syntax]
(phanrahan)magmathon/examples/uart/txmod.py:13:36: note: Suggestion: Use Tuple[T1, ..., Tn] instead of (T1, ..., Tn)
(phanrahan)magmathon/examples/coreir-tutorial/functionality.py:49:1: error: Name 'get_ipython' is not defined  [name-defined]
(phanrahan)magmathon/examples/coreir-tutorial/shift_register.py:29:1: error: Name 'get_ipython' is not defined  [name-defined]
(phanrahan)magmathon/examples/coreir-tutorial/full_adder.py:32:1: error: Name 'get_ipython' is not defined  [name-defined]
(phanrahan)magmathon/examples/coreir-tutorial/full_adder.py:39:1: error: Name 'get_ipython' is not defined  [name-defined]
(phanrahan)magmathon/examples/coreir-tutorial/adder.py:39:1: error: Name 'get_ipython' is not defined  [name-defined]
(phanrahan)magmathon/examples/coreir-tutorial/combinational.py:38:1: error: Name 'get_ipython' is not defined  [name-defined]
(phanrahan)magmathon/projects/digits_recognition/modules.py:71:18: error: Name 'Circuit' is not defined  [name-defined]
(phanrahan)magmathon/projects/digits_recognition/modules.py:73:18: error: Name 'In' is not defined  [name-defined]
(phanrahan)magmathon/projects/digits_recognition/modules.py:73:21: error: Name 'Clock' is not defined  [name-defined]
(phanrahan)magmathon/projects/digits_recognition/modules.py:73:36: error: Name 'Out' is not defined  [name-defined]
(phanrahan)magmathon/projects/digits_recognition/modules.py:73:40: error: Name 'Bits' is not defined  [name-defined]
(phanrahan)magmathon/projects/digits_recognition/modules.py:74:20: error: Name 'Out' is not defined  [name-defined]
(phanrahan)magmathon/projects/digits_recognition/modules.py:74:24: error: Name 'Bits' is not defined  [name-defined]
(phanrahan)magmathon/projects/digits_recognition/modules.py:108:19: error: Name 'Circuit' is not defined  [name-defined]
(phanrahan)magmathon/projects/digits_recognition/modules.py:110:18: error: Name 'In' is not defined  [name-defined]
(phanrahan)magmathon/projects/digits_recognition/modules.py:110:21: error: Name 'Bits' is not defined  [name-defined]
(phanrahan)magmathon/projects/digits_recognition/modules.py:110:63: error: Name 'Clock' is not defined  [name-defined]
(phanrahan)magmathon/projects/digits_recognition/modules.py:111:21: error: Name 'Out' is not defined  [name-defined]
(phanrahan)magmathon/projects/digits_recognition/modules.py:111:25: error: Name 'Bits' is not defined  [name-defined]
(phanrahan)magmathon/projects/digits_recognition/modules.py:132:15: error: Name 'Circuit' is not defined  [name-defined]
(phanrahan)magmathon/projects/digits_recognition/modules.py:135:18: error: Name 'In' is not defined  [name-defined]
(phanrahan)magmathon/projects/digits_recognition/modules.py:135:21: error: Name 'Bits' is not defined  [name-defined]
(phanrahan)magmathon/projects/digits_recognition/modules.py:135:63: error: Name 'Clock' is not defined  [name-defined]
(phanrahan)magmathon/projects/digits_recognition/modules.py:136:21: error: Name 'Out' is not defined  [name-defined]
(phanrahan)magmathon/projects/digits_recognition/modules.py:136:25: error: Name 'Bits' is not defined  [name-defined]
(phanrahan)magmathon/projects/digits_recognition/modules.py:157:19: error: Name 'Circuit' is not defined  [name-defined]
(phanrahan)magmathon/projects/digits_recognition/modules.py:159:16: error: Name 'In' is not defined  [name-defined]
(phanrahan)magmathon/projects/digits_recognition/modules.py:159:19: error: Name 'Bits' is not defined  [name-defined]
(phanrahan)magmathon/projects/digits_recognition/modules.py:159:34: error: Name 'Out' is not defined  [name-defined]
(phanrahan)magmathon/projects/digits_recognition/modules.py:172:19: error: Name 'Circuit' is not defined  [name-defined]
(phanrahan)magmathon/projects/digits_recognition/modules.py:174:16: error: Name 'In' is not defined  [name-defined]
(phanrahan)magmathon/projects/digits_recognition/modules.py:174:19: error: Name 'Bits' is not defined  [name-defined]
(phanrahan)magmathon/projects/digits_recognition/modules.py:174:34: error: Name 'Out' is not defined  [name-defined]
(phanrahan)magmathon/projects/digits_recognition/modules.py:192:20: error: Name 'Circuit' is not defined  [name-defined]
(phanrahan)magmathon/projects/digits_recognition/modules.py:194:16: error: Name 'In' is not defined  [name-defined]
(phanrahan)magmathon/projects/digits_recognition/modules.py:194:19: error: Name 'Bits' is not defined  [name-defined]
(phanrahan)magmathon/projects/digits_recognition/modules.py:194:35: error: Name 'Out' is not defined  [name-defined]
(phanrahan)magmathon/projects/digits_recognition/modules.py:224:18: error: Name 'Circuit' is not defined  [name-defined]
(phanrahan)magmathon/projects/digits_recognition/modules.py:226:16: error: Name 'In' is not defined  [name-defined]
(phanrahan)magmathon/projects/digits_recognition/modules.py:226:19: error: Name 'Bits' is not defined  [name-defined]
(phanrahan)magmathon/projects/digits_recognition/modules.py:226:68: error: Name 'Clock' is not defined  [name-defined]
(phanrahan)magmathon/projects/digits_recognition/modules.py:226:81: error: Name 'Out' is not defined  [name-defined]
(phanrahan)magmathon/projects/digits_recognition/modules.py:243:16: error: Name 'Circuit' is not defined  [name-defined]
(phanrahan)magmathon/projects/digits_recognition/modules.py:245:18: error: Name 'In' is not defined  [name-defined]
(phanrahan)magmathon/projects/digits_recognition/modules.py:245:21: error: Name 'Clock' is not defined  [name-defined]
(phanrahan)magmathon/projects/digits_recognition/modules.py:245:34: error: Name 'Out' is not defined  [name-defined]
(phanrahan)magmathon/projects/digits_recognition/modules.py:245:38: error: Name 'Bits' is not defined  [name-defined]
(phanrahan)magmathon/projects/digits_recognition/modules.py:245:57: error: Name 'Bit' is not defined  [name-defined]
(phanrahan)magmathon/examples/coreir-tutorial/simple_alu.py:41:1: error: Name 'get_ipython' is not defined  [name-defined]
Found 54 errors in 8 files (checked 14 source files)

[RRepo](HBPNeurorobotics)BlenderRobotDesigner
(HBPNeurorobotics)BlenderRobotDesigner/resources/urdf_xml_validator.py:21:64: error: Missing parentheses in call to 'print'. Did you mean print('urdf_xml_validator.py -d <xsdfile> -l <xmlfile>')?  [syntax]
Found 1 error in 1 file (checked 24 source files)

[RRepo](MaT1g3R)Roboragi
(MaT1g3R)Roboragi/roboragi/data_controller/abc.py:1:1: error: Module 'abc' has no attribute 'ABCMeta'  [attr-defined]
(MaT1g3R)Roboragi/roboragi/data_controller/abc.py:1:1: error: Module 'abc' has no attribute 'abstractmethod'  [attr-defined]

[RRepo](lablup)sorna-client
(lablup)sorna-client/src/ai/backend/client/keypair.py:150:36: error: Incompatible types in assignment (expression has type "Union[int, str]", target has type "Optional[bool]")  [assignment]
(lablup)sorna-client/setup.py:35:1: error: Need type annotation for 'ci_requires' (hint: "ci_requires: List[<type>] = ...")  [var-annotated]
(lablup)sorna-client/setup.py:36:5: error: Unsupported operand types for + ("List[<nothing>]" and "List[str]")  [operator]
(lablup)sorna-client/src/ai/backend/client/compat.py:28:20: error: Module has no attribute "get_running_loop"; maybe "_get_running_loop" or "_set_running_loop"?  [attr-defined]
(lablup)sorna-client/src/ai/backend/client/compat.py:34:17: error: Module has no attribute "all_tasks"  [attr-defined]
(lablup)sorna-client/src/ai/backend/client/compat.py:75:19: error: Module has no attribute "run"  [attr-defined]
(lablup)sorna-client/src/ai/backend/client/vfolder.py:89:27: error: Item "str" of "Union[str, Path]" has no attribute "stat"  [union-attr]
(lablup)sorna-client/src/ai/backend/client/vfolder.py:99:29: error: Item "str" of "Union[str, Path]" has no attribute "relative_to"  [union-attr]
(lablup)sorna-client/src/ai/backend/client/vfolder.py:172:35: error: Item "MultipartReader" of "Union[MultipartReader, BodyPartReader]" has no attribute "filename"  [union-attr]
(lablup)sorna-client/src/ai/backend/client/vfolder.py:175:43: error: Item "MultipartReader" of "Union[MultipartReader, BodyPartReader]" has no attribute "read_chunk"  [union-attr]
(lablup)sorna-client/src/ai/backend/client/config.py:155:16: error: Incompatible return value type (got "List[Union[str, Any]]", expected "Tuple[str, ...]")  [return-value]
(lablup)sorna-client/src/ai/backend/client/__init__.py:5:5: error: Name 'exceptions' is not defined  [name-defined]
(lablup)sorna-client/src/ai/backend/client/__init__.py:6:5: error: Name 'session' is not defined  [name-defined]
(lablup)sorna-client/src/ai/backend/client/cli/proxy.py:26:32: error: Need type annotation for 'upstream_buffer'  [var-annotated]
Found 14 errors in 7 files (checked 34 source files)

[RRepo](tommz9)wrf_runner
(tommz9)wrf_runner/src/wrf_runner/linkgrib.py:66:21: error: Incompatible types in assignment (expression has type "Iterator[str]", variable has type "List[str]")  [assignment]
(tommz9)wrf_runner/src/wrf_runner/wps.py:61:13: error: Need type annotation for 'patch'  [var-annotated]
(tommz9)wrf_runner/src/wrf_runner/datasets/nam.py:8:1: error: Relative import climbs too many namespaces  [misc]
Found 3 errors in 3 files (checked 7 source files)

[RRepo](enchantner)python-zero
(enchantner)python-zero/lesson_2/sample.py:7:24: error: Argument 1 to "my_cool_function" has incompatible type "str"; expected "int"  [arg-type]
(enchantner)python-zero/lesson_2/sample.py:7:31: error: Argument 2 to "my_cool_function" has incompatible type "str"; expected "int"  [arg-type]
(enchantner)python-zero/lesson_7/async_bot.py:16:1: error: Need type annotation for 'likes' (hint: "likes: Set[<type>] = ...")  [var-annotated]
(enchantner)python-zero/lesson_7/async_bot.py:17:1: error: Need type annotation for 'dislikes' (hint: "dislikes: Set[<type>] = ...")  [var-annotated]
Found 4 errors in 2 files (checked 5 source files)

[RRepo](shlinx)cloudflare-ddns
Success: no issues found in 1 source file

[RRepo](DonaldWhyte)deep-learning-with-rnns
(DonaldWhyte)deep-learning-with-rnns/talk_creation_helpers/initial_code/text.py:212:48: error: invalid syntax  [syntax]
Found 1 error in 1 file (checked 10 source files)

[RRepo](berylTechnologies)redcap
(berylTechnologies)redcap/task_manager/admin.py:37:5: error: "Callable[[ServerAdmin, Any], Any]" has no attribute "short_description"  [attr-defined]
(berylTechnologies)redcap/task_manager/admin.py:38:5: error: "Callable[[ServerAdmin, Any], Any]" has no attribute "allow_tags"  [attr-defined]
(berylTechnologies)redcap/task_manager/admin.py:53:5: error: "Callable[[BuildTargetAdmin, Any], Any]" has no attribute "short_description"  [attr-defined]
(berylTechnologies)redcap/task_manager/admin.py:54:5: error: "Callable[[BuildTargetAdmin, Any], Any]" has no attribute "allow_tags"  [attr-defined]
(berylTechnologies)redcap/task_manager/admin.py:68:5: error: "Callable[[BuildGroupAdmin, Any], Any]" has no attribute "short_description"  [attr-defined]
(berylTechnologies)redcap/task_manager/admin.py:69:5: error: "Callable[[BuildGroupAdmin, Any], Any]" has no attribute "allow_tags"  [attr-defined]
(berylTechnologies)redcap/task_manager/rest.py:17:17: error: Name 'Client' is not defined  [name-defined]
(berylTechnologies)redcap/task_manager/rest.py:23:17: error: Name 'Project' is not defined  [name-defined]
(berylTechnologies)redcap/task_manager/rest.py:29:17: error: Name 'Playbook' is not defined  [name-defined]
(berylTechnologies)redcap/task_manager/rest.py:35:17: error: Name 'ActionHistory' is not defined  [name-defined]
(berylTechnologies)redcap/task_manager/rest.py:43:17: error: Name 'BuildTarget' is not defined  [name-defined]
(berylTechnologies)redcap/task_manager/rest.py:61:17: error: Name 'BuildGroup' is not defined  [name-defined]
(berylTechnologies)redcap/task_manager/rest.py:67:17: error: Name 'Server' is not defined  [name-defined]
(berylTechnologies)redcap/task_manager/rest.py:83:16: error: Name 'Server' is not defined  [name-defined]
(berylTechnologies)redcap/task_manager/rest.py:93:16: error: Name 'Project' is not defined  [name-defined]
(berylTechnologies)redcap/task_manager/rest.py:98:16: error: Name 'Client' is not defined  [name-defined]
(berylTechnologies)redcap/task_manager/rest.py:103:16: error: Name 'Playbook' is not defined  [name-defined]
(berylTechnologies)redcap/task_manager/rest.py:108:16: error: Name 'ActionHistory' is not defined  [name-defined]
(berylTechnologies)redcap/task_manager/rest.py:113:16: error: Name 'BuildTarget' is not defined  [name-defined]
(berylTechnologies)redcap/task_manager/rest.py:125:9: error: Name 'build_target_execute_async' is not defined  [name-defined]
(berylTechnologies)redcap/task_manager/rest.py:130:16: error: Name 'BuildGroup' is not defined  [name-defined]
(berylTechnologies)redcap/task_manager/rest.py:135:9: error: Name 'build_group_execute_async' is not defined  [name-defined]
(berylTechnologies)redcap/runner/executor.py:15:68: error: Invalid type comment or annotation  [valid-type]
(berylTechnologies)redcap/task_manager/models.py:72:103: error: Syntax error in type annotation  [syntax]
(berylTechnologies)redcap/task_manager/models.py:72:103: note: Suggestion: Use Tuple[T1, ..., Tn] instead of (T1, ..., Tn)
(berylTechnologies)redcap/task_manager/models.py:102:27: error: Invalid type comment or annotation  [valid-type]
(berylTechnologies)redcap/task_manager/models.py:150:31: error: Invalid type comment or annotation  [valid-type]
(berylTechnologies)redcap/task_manager/models.py:150:46: error: Syntax error in type annotation  [syntax]
(berylTechnologies)redcap/task_manager/models.py:150:46: note: Suggestion: Use Tuple[T1, ..., Tn] instead of (T1, ..., Tn)
(berylTechnologies)redcap/task_manager/models.py:243: error: Bracketed expression "[...]" is not valid as a type  [misc]
(berylTechnologies)redcap/task_manager/models.py:243: note: Did you mean "List[...]"?
(berylTechnologies)redcap/task_manager/models.py:251: error: Bracketed expression "[...]" is not valid as a type  [misc]
(berylTechnologies)redcap/task_manager/models.py:251: note: Did you mean "List[...]"?
(berylTechnologies)redcap/runner/execute_helpers.py:12: error: Bracketed expression "[...]" is not valid as a type  [misc]
(berylTechnologies)redcap/runner/execute_helpers.py:12: note: Did you mean "List[...]"?
(berylTechnologies)redcap/runner/execute_helpers.py:12:103: error: Syntax error in type annotation  [syntax]
(berylTechnologies)redcap/runner/execute_helpers.py:12:103: note: Suggestion: Use Tuple[T1, ..., Tn] instead of (T1, ..., Tn)
(berylTechnologies)redcap/runner/execute_helpers.py:38:6: error: "append" of "list" does not return a value  [func-returns-value]
(berylTechnologies)redcap/runner/execute_helpers.py:39:6: error: "append" of "list" does not return a value  [func-returns-value]
(berylTechnologies)redcap/runner/execute_helpers.py:43: error: Bracketed expression "[...]" is not valid as a type  [misc]
(berylTechnologies)redcap/runner/execute_helpers.py:43: note: Did you mean "List[...]"?
(berylTechnologies)redcap/runner/execute_helpers.py:49:5: error: Need type annotation for 'res' (hint: "res: List[<type>] = ...")  [var-annotated]
(berylTechnologies)redcap/runner/execute_helpers.py:55:36: error: Syntax error in type annotation  [syntax]
(berylTechnologies)redcap/runner/execute_helpers.py:55:36: note: Suggestion: Use Tuple[T1, ..., Tn] instead of (T1, ..., Tn)
(berylTechnologies)redcap/runner/execute_helpers.py:62:14: error: Need type annotation for 'output'  [var-annotated]
(berylTechnologies)redcap/messenger/messenger.py:47:5: error: Missing return statement  [return]
(berylTechnologies)redcap/messenger/messenger.py:47:5: error: Return type "Response" of "send" incompatible with return type "str" in supertype "Messenger"  [override]
Found 39 errors in 6 files (checked 11 source files)

[RRepo](EdmundMartin)SearchScraperAPI
Success: no issues found in 13 source files

[RRepo](smeenka)esp32
(smeenka)esp32/lolin32/stub/machine.py:29:65: error: inconsistent use of tabs and spaces in indentation  [syntax]
Found 1 error in 1 file (checked 38 source files)

[RRepo](changyuheng)pywinwifi
(changyuheng)pywinwifi/src/winwifi/main.py:14:16: error: Item "None" of "Optional[bytes]" has no attribute "decode"  [union-attr]
(changyuheng)pywinwifi/src/winwifi/main.py:57:20: error: Incompatible types in assignment (expression has type "int", variable has type "RawIOBase")  [assignment]
(changyuheng)pywinwifi/src/winwifi/main.py:59:18: error: Argument 1 to "write" has incompatible type "RawIOBase"; expected "int"  [arg-type]
(changyuheng)pywinwifi/src/winwifi/main.py:62:18: error: Argument 1 to "close" has incompatible type "RawIOBase"; expected "int"  [arg-type]
Found 4 errors in 1 file (checked 2 source files)

[RRepo](GoogleCloudPlatform)training-data-analyst
(GoogleCloudPlatform)training-data-analyst/courses/data_analysis/deepdive/bigtable-exercises/python/ex3.py:38:1: error: unexpected unindent  [syntax]
Found 1 error in 1 file (checked 104 source files)

[RRepo](algorithm-ninja)territoriali-backend
(algorithm-ninja)territoriali-backend/utils/fix_header.py:33:16: error: Incompatible types in assignment (expression has type "List[List[str]]", variable has type "bytes")  [assignment]
(algorithm-ninja)territoriali-backend/utils/fix_header.py:36:24: error: Value of type "int" is not indexable  [index]
(algorithm-ninja)territoriali-backend/utils/fix_header.py:43:13: error: Incompatible types in assignment (expression has type "Set[int]", variable has type "List[int]")  [assignment]
(algorithm-ninja)territoriali-backend/utils/fix_header.py:89:5: error: Need type annotation for 'authors' (hint: "authors: Dict[<type>, <type>] = ...")  [var-annotated]
(algorithm-ninja)territoriali-backend/terry/handlers/base_handler.py:16:1: error: Relative import climbs too many namespaces  [misc]
(algorithm-ninja)territoriali-backend/terry/handlers/base_handler.py:17:1: error: Relative import climbs too many namespaces  [misc]
(algorithm-ninja)territoriali-backend/terry/handlers/base_handler.py:18:1: error: Relative import climbs too many namespaces  [misc]
(algorithm-ninja)territoriali-backend/terry/handlers/base_handler.py:19:1: error: Relative import climbs too many namespaces  [misc]
(algorithm-ninja)territoriali-backend/terry/handlers/base_handler.py:16:1: error: Relative import climbs too many namespaces  [misc]
(algorithm-ninja)territoriali-backend/terry/handlers/base_handler.py:17:1: error: Relative import climbs too many namespaces  [misc]
(algorithm-ninja)territoriali-backend/terry/handlers/base_handler.py:18:1: error: Relative import climbs too many namespaces  [misc]
(algorithm-ninja)territoriali-backend/terry/handlers/base_handler.py:19:1: error: Relative import climbs too many namespaces  [misc]
(algorithm-ninja)territoriali-backend/terry/contest_manager.py:35:5: error: Need type annotation for 'input_queue' (hint: "input_queue: Dict[<type>, <type>] = ...")  [var-annotated]
(algorithm-ninja)territoriali-backend/terry/contest_manager.py:36:5: error: Need type annotation for 'tasks' (hint: "tasks: Dict[<type>, <type>] = ...")  [var-annotated]

[RRepo](erdewit)ib_insync
(erdewit)ib_insync/ib_insync/contract.py:176:9: error: Unexpected keyword argument "secType" for "__init__" of "object"  [call-arg]
(erdewit)ib_insync/ib_insync/contract.py:176:9: error: Unexpected keyword argument "symbol" for "__init__" of "object"  [call-arg]
(erdewit)ib_insync/ib_insync/contract.py:176:9: error: Unexpected keyword argument "exchange" for "__init__" of "object"  [call-arg]
(erdewit)ib_insync/ib_insync/contract.py:176:9: error: Unexpected keyword argument "currency" for "__init__" of "object"  [call-arg]
(erdewit)ib_insync/ib_insync/contract.py:176:9: error: Too many arguments for "__init__" of "object"  [call-arg]
(erdewit)ib_insync/ib_insync/contract.py:205:9: error: Too many arguments for "__init__" of "object"  [call-arg]
(erdewit)ib_insync/ib_insync/contract.py:205:9: error: Unexpected keyword argument "symbol" for "__init__" of "object"  [call-arg]
(erdewit)ib_insync/ib_insync/contract.py:205:9: error: Unexpected keyword argument "lastTradeDateOrContractMonth" for "__init__" of "object"  [call-arg]
(erdewit)ib_insync/ib_insync/contract.py:205:9: error: Unexpected keyword argument "strike" for "__init__" of "object"  [call-arg]
(erdewit)ib_insync/ib_insync/contract.py:205:9: error: Unexpected keyword argument "right" for "__init__" of "object"  [call-arg]
(erdewit)ib_insync/ib_insync/contract.py:205:9: error: Unexpected keyword argument "exchange" for "__init__" of "object"  [call-arg]
(erdewit)ib_insync/ib_insync/contract.py:205:9: error: Unexpected keyword argument "multiplier" for "__init__" of "object"  [call-arg]
(erdewit)ib_insync/ib_insync/contract.py:205:9: error: Unexpected keyword argument "currency" for "__init__" of "object"  [call-arg]
(erdewit)ib_insync/ib_insync/contract.py:234:9: error: Too many arguments for "__init__" of "object"  [call-arg]
(erdewit)ib_insync/ib_insync/contract.py:234:9: error: Unexpected keyword argument "symbol" for "__init__" of "object"  [call-arg]
(erdewit)ib_insync/ib_insync/contract.py:234:9: error: Unexpected keyword argument "lastTradeDateOrContractMonth" for "__init__" of "object"  [call-arg]
(erdewit)ib_insync/ib_insync/contract.py:234:9: error: Unexpected keyword argument "exchange" for "__init__" of "object"  [call-arg]
(erdewit)ib_insync/ib_insync/contract.py:234:9: error: Unexpected keyword argument "localSymbol" for "__init__" of "object"  [call-arg]
(erdewit)ib_insync/ib_insync/contract.py:234:9: error: Unexpected keyword argument "multiplier" for "__init__" of "object"  [call-arg]
(erdewit)ib_insync/ib_insync/contract.py:234:9: error: Unexpected keyword argument "currency" for "__init__" of "object"  [call-arg]
(erdewit)ib_insync/ib_insync/contract.py:257:9: error: Too many arguments for "__init__" of "object"  [call-arg]
(erdewit)ib_insync/ib_insync/contract.py:257:9: error: Unexpected keyword argument "symbol" for "__init__" of "object"  [call-arg]
(erdewit)ib_insync/ib_insync/contract.py:257:9: error: Unexpected keyword argument "exchange" for "__init__" of "object"  [call-arg]
(erdewit)ib_insync/ib_insync/contract.py:257:9: error: Unexpected keyword argument "localSymbol" for "__init__" of "object"  [call-arg]
(erdewit)ib_insync/ib_insync/contract.py:257:9: error: Unexpected keyword argument "multiplier" for "__init__" of "object"  [call-arg]
(erdewit)ib_insync/ib_insync/contract.py:257:9: error: Unexpected keyword argument "currency" for "__init__" of "object"  [call-arg]
(erdewit)ib_insync/ib_insync/contract.py:282:9: error: Too many arguments for "__init__" of "object"  [call-arg]
(erdewit)ib_insync/ib_insync/contract.py:282:9: error: Unexpected keyword argument "symbol" for "__init__" of "object"  [call-arg]
(erdewit)ib_insync/ib_insync/contract.py:282:9: error: Unexpected keyword argument "exchange" for "__init__" of "object"  [call-arg]
(erdewit)ib_insync/ib_insync/contract.py:282:9: error: Unexpected keyword argument "currency" for "__init__" of "object"  [call-arg]
(erdewit)ib_insync/ib_insync/contract.py:321:9: error: Too many arguments for "__init__" of "object"  [call-arg]
(erdewit)ib_insync/ib_insync/contract.py:321:9: error: Unexpected keyword argument "symbol" for "__init__" of "object"  [call-arg]
(erdewit)ib_insync/ib_insync/contract.py:321:9: error: Unexpected keyword argument "exchange" for "__init__" of "object"  [call-arg]
(erdewit)ib_insync/ib_insync/contract.py:321:9: error: Unexpected keyword argument "currency" for "__init__" of "object"  [call-arg]
(erdewit)ib_insync/ib_insync/contract.py:340:9: error: Too many arguments for "__init__" of "object"  [call-arg]
(erdewit)ib_insync/ib_insync/contract.py:340:9: error: Unexpected keyword argument "symbol" for "__init__" of "object"  [call-arg]
(erdewit)ib_insync/ib_insync/contract.py:340:9: error: Unexpected keyword argument "exchange" for "__init__" of "object"  [call-arg]
(erdewit)ib_insync/ib_insync/contract.py:340:9: error: Unexpected keyword argument "currency" for "__init__" of "object"  [call-arg]
(erdewit)ib_insync/ib_insync/contract.py:359:9: error: Too many arguments for "__init__" of "object"  [call-arg]
(erdewit)ib_insync/ib_insync/contract.py:359:9: error: Unexpected keyword argument "symbol" for "__init__" of "object"  [call-arg]
(erdewit)ib_insync/ib_insync/contract.py:359:9: error: Unexpected keyword argument "exchange" for "__init__" of "object"  [call-arg]
(erdewit)ib_insync/ib_insync/contract.py:359:9: error: Unexpected keyword argument "currency" for "__init__" of "object"  [call-arg]
(erdewit)ib_insync/ib_insync/contract.py:398:9: error: Too many arguments for "__init__" of "object"  [call-arg]
(erdewit)ib_insync/ib_insync/contract.py:398:9: error: Unexpected keyword argument "symbol" for "__init__" of "object"  [call-arg]
(erdewit)ib_insync/ib_insync/contract.py:398:9: error: Unexpected keyword argument "lastTradeDateOrContractMonth" for "__init__" of "object"  [call-arg]
(erdewit)ib_insync/ib_insync/contract.py:398:9: error: Unexpected keyword argument "strike" for "__init__" of "object"  [call-arg]
(erdewit)ib_insync/ib_insync/contract.py:398:9: error: Unexpected keyword argument "right" for "__init__" of "object"  [call-arg]
(erdewit)ib_insync/ib_insync/contract.py:398:9: error: Unexpected keyword argument "exchange" for "__init__" of "object"  [call-arg]
(erdewit)ib_insync/ib_insync/contract.py:398:9: error: Unexpected keyword argument "multiplier" for "__init__" of "object"  [call-arg]
(erdewit)ib_insync/ib_insync/contract.py:398:9: error: Unexpected keyword argument "currency" for "__init__" of "object"  [call-arg]
(erdewit)ib_insync/docs/conf.py:17:20: error: "None" has no attribute "split"  [attr-defined]
(erdewit)ib_insync/ib_insync/util.py:320:15: error: Unsupported operand types for < ("time" and "datetime")  [operator]
(erdewit)ib_insync/ib_insync/util.py:321:9: error: Unsupported operand types for + ("time" and "timedelta")  [operator]
(erdewit)ib_insync/ib_insync/util.py:321:9: error: Incompatible types in assignment (expression has type "timedelta", variable has type "time")  [assignment]
(erdewit)ib_insync/ib_insync/util.py:324:9: error: Incompatible types in "yield" (actual type "time", expected type "datetime")  [misc]
(erdewit)ib_insync/ib_insync/util.py:325:9: error: Unsupported operand types for + ("time" and "timedelta")  [operator]
(erdewit)ib_insync/ib_insync/util.py:325:9: error: Incompatible types in assignment (expression has type "timedelta", variable has type "time")  [assignment]
(erdewit)ib_insync/ib_insync/util.py:338:13: error: Unsupported left operand type for - ("time")  [operator]
(erdewit)ib_insync/ib_insync/util.py:354:15: error: Unsupported operand types for < ("time" and "datetime")  [operator]
(erdewit)ib_insync/ib_insync/util.py:355:9: error: Unsupported operand types for + ("time" and "timedelta")  [operator]
(erdewit)ib_insync/ib_insync/util.py:355:9: error: Incompatible types in assignment (expression has type "timedelta", variable has type "time")  [assignment]
(erdewit)ib_insync/ib_insync/util.py:358:9: error: Incompatible types in "yield" (actual type "time", expected type "datetime")  [misc]
(erdewit)ib_insync/ib_insync/util.py:359:9: error: Unsupported operand types for + ("time" and "timedelta")  [operator]
(erdewit)ib_insync/ib_insync/util.py:359:9: error: Incompatible types in assignment (expression has type "timedelta", variable has type "time")  [assignment]
(erdewit)ib_insync/ib_insync/util.py:368:13: error: Unsupported left operand type for - ("time")  [operator]
(erdewit)ib_insync/ib_insync/util.py:441:5: error: Name 'qApp' is not defined  [name-defined]
Found 66 errors in 3 files (checked 10 source files)

[RRepo](idobrusin)RocLang
(idobrusin)RocLang/RocDemo/roc_node/scripts/temp/inmoov_manipulator.py:26:47: error: inconsistent use of tabs and spaces in indentation  [syntax]
Found 1 error in 1 file (checked 16 source files)

[RRepo](google)pybadges
(google)pybadges/pybadges/precalculated_text_measurer.py:56:13: error: Incompatible types in assignment (expression has type "float", variable has type "int")  [assignment]
(google)pybadges/pybadges/precalculated_text_measurer.py:57:13: error: Incompatible types in assignment (expression has type "float", variable has type "int")  [assignment]
(google)pybadges/pybadges/__init__.py:100:22: error: Incompatible types in assignment (expression has type "Optional[str]", variable has type "str")  [assignment]
Found 3 errors in 2 files (checked 11 source files)

[RRepo](oser-cs)oser-website
(oser-cs)oser-website/dynamicforms/utils.py:6:30: error: Name 'File' is not defined  [name-defined]
(oser-cs)oser-website/visits/models.py:186:5: error: "Callable[[Visit], Any]" has no attribute "boolean"  [attr-defined]
(oser-cs)oser-website/visits/models.py:188:5: error: "Callable[[], Any]" has no attribute "short_description"  [attr-defined]
(oser-cs)oser-website/tests/utils/field_test.py:138:5: error: Need type annotation for 'METHODS' (hint: "METHODS: List[<type>] = ...")  [var-annotated]
(oser-cs)oser-website/tests/utils/field_test.py:239:12: error: Incompatible types in assignment (expression has type "str", base class "BaseTestFactory" defined the type as "None")  [assignment]
(oser-cs)oser-website/tests/utils/field_test.py:276:12: error: Incompatible types in assignment (expression has type "str", base class "BaseTestFactory" defined the type as "None")  [assignment]
(oser-cs)oser-website/tests/utils/field_test.py:298:22: error: Incompatible types in assignment (expression has type "str", base class "FieldTestFactory" defined the type as "None")  [assignment]
(oser-cs)oser-website/tests/utils/field_test.py:314:22: error: Incompatible types in assignment (expression has type "str", base class "FieldTestFactory" defined the type as "None")  [assignment]
(oser-cs)oser-website/tests/utils/field_test.py:347:22: error: Incompatible types in assignment (expression has type "str", base class "ModelTestFactory" defined the type as "None")  [assignment]
(oser-cs)oser-website/tests/utils/field_test.py:363:22: error: Incompatible types in assignment (expression has type "str", base class "ModelTestFactory" defined the type as "None")  [assignment]
(oser-cs)oser-website/mails/management/commands/sendnotification.py:3:1: error: Relative import climbs too many namespaces  [misc]
(oser-cs)oser-website/mails/management/commands/rendernotification.py:3:1: error: Relative import climbs too many namespaces  [misc]
(oser-cs)oser-website/visits/notifications.py:7:1: error: Module 'mails' has no attribute 'Notification'  [attr-defined]
(oser-cs)oser-website/tests/utils/mixins.py:21:5: error: Need type annotation for 'retrieve_kwargs' (hint: "retrieve_kwargs: Dict[<type>, <type>] = ...")  [var-annotated]
(oser-cs)oser-website/tests/test_core/test_address.py:5:1: error: Module 'tests.utils' has no attribute 'ModelTestCase'  [attr-defined]
(oser-cs)oser-website/tests/test_core/test_document.py:5:1: error: Module 'tests.utils' has no attribute 'ModelTestCase'  [attr-defined]

[RRepo](sonata-nfv)son-cli
(sonata-nfv)son-cli/src/son/access/models/models.py:60:9: error: Need type annotation for '_storage' (hint: "_storage: List[<type>] = ...")  [var-annotated]
(sonata-nfv)son-cli/src/son/validate/event.py:133:1: error: "Type[EventLogger]" has no attribute "manager"  [attr-defined]
Found 2 errors in 2 files (checked 26 source files)

[RRepo](missionpinball)mpf-docs
(missionpinball)mpf-docs/_doc_tools/build_events_reference_docs.py:250:5: error: Need type annotation for 'dont_delete_files' (hint: "dont_delete_files: List[<type>] = ...")  [var-annotated]
(missionpinball)mpf-docs/_doc_tools/build_machine_vars_reference_docs.py:7:1: error: Need type annotation for 'dont_delete_files' (hint: "dont_delete_files: List[<type>] = ...")  [var-annotated]
(missionpinball)mpf-docs/_doc_tools/build_player_vars_reference_docs.py:7:1: error: Need type annotation for 'dont_delete_files' (hint: "dont_delete_files: List[<type>] = ...")  [var-annotated]
(missionpinball)mpf-docs/_doc_tools/build_error_reference_docs.py:194:5: error: Need type annotation for 'dont_delete_files' (hint: "dont_delete_files: List[<type>] = ...")  [var-annotated]
(missionpinball)mpf-docs/_doc_tools/build_error_reference_docs.py:196:9: error: Name 'EventDocParser' is not defined  [name-defined]

[RRepo](SpiroGanas)MIMIC3py
(SpiroGanas)MIMIC3py/MIMIC3py/utilities.py:12:51: error: Name 'local_save_folder' is not defined  [name-defined]
(SpiroGanas)MIMIC3py/MIMIC3py/utilities.py:95:34: error: Name 'local_save_folder' is not defined  [name-defined]
(SpiroGanas)MIMIC3py/MIMIC3py/download.py:12:47: error: Name 'physionet_FILENAMES' is not defined  [name-defined]
(SpiroGanas)MIMIC3py/MIMIC3py/download.py:25:36: error: Name 'local_save_folder' is not defined  [name-defined]
(SpiroGanas)MIMIC3py/MIMIC3py/download.py:25:64: error: Name 'physionet_USERNAME' is not defined  [name-defined]
(SpiroGanas)MIMIC3py/MIMIC3py/download.py:25:93: error: Name 'physionet_PASSWORD' is not defined  [name-defined]
(SpiroGanas)MIMIC3py/MIMIC3py/download.py:69:27: error: Name 'physionet_FILENAMES' is not defined  [name-defined]
Found 7 errors in 2 files (checked 5 source files)

[RRepo](penguinolog)logwrap
(penguinolog)logwrap/setup.py:73:23: error: Name 'build_ext.build_ext' is not defined  [name-defined]
(penguinolog)logwrap/test/test_log_wrap_shared.py:23:1: error: Module 'logwrap' has no attribute 'log_wrap'  [attr-defined]
(penguinolog)logwrap/test/test_pretty_str.py:210:13: error: Not all arguments converted during string formatting  [str-format]
Found 3 errors in 3 files (checked 7 source files)

[RRepo](mlperf)training_results_v0.6
(mlperf)training_results_v0.6/Fujitsu/benchmarks/resnet/implementations/mxnet/3rdparty/tvm/nnvm/tests/python/frontend/coreml/model_zoo/__init__.py: error: Duplicate module named 'model_zoo' (also at '/home/bew/archive/typed_project/(mlperf)training_results_v0.6/Fujitsu/benchmarks/resnet/implementations/mxnet/3rdparty/tvm/nnvm/tests/python/frontend/onnx/model_zoo/__init__.py')  [misc]
Found 1 error in 1 file (checked 862 source files)

[RRepo](QQuick)Transcrypt
(QQuick)Transcrypt/transcrypt/docs/code/classes.py: error: Duplicate module named 'classes' (also at '/home/bew/archive/typed_project/(QQuick)Transcrypt/transcrypt/development/automated_tests/transcrypt/classes/__init__.py')  [misc]
(QQuick)Transcrypt/transcrypt/docs/code/classes.py: error: Are you missing an __init__.py?  [misc]
Found 2 errors in 1 file (checked 156 source files)

[RRepo](DFO-Ocean-Navigator)Ocean-Data-Map-Project
(DFO-Ocean-Navigator)Ocean-Data-Map-Project/scripts/drifter_process.py:44:31: error: invalid token  [syntax]
Found 1 error in 1 file (checked 58 source files)

[RRepo](yokawasa)azure-functions-python-samples

[RRepo](the-c0d3r)pynmap
(the-c0d3r)pynmap/portscan.py:40:21: error: Missing parentheses in call to 'print'. Did you mean print(banner)?  [syntax]
Found 1 error in 1 file (checked 4 source files)

[RRepo](stoklund)portable-simd
(stoklund)portable-simd/simdspec.py:13:23: error: Incompatible types in assignment (expression has type "None", variable has type "Interpretation")  [assignment]
(stoklund)portable-simd/simdspec.py:62:16: error: Incompatible return value type (got "None", expected "Interpretation")  [return-value]
(stoklund)portable-simd/simdspec.py:183:65: error: Argument 5 to "Signature" has incompatible type "Optional[str]"; expected "str"  [arg-type]
Found 3 errors in 1 file (checked 2 source files)

[RRepo](mara)mara-app
(mara)mara-app/mara_app/monkey_patch.py:16:21: error: Invalid type comment or annotation  [valid-type]
(mara)mara-app/mara_app/config.py:7:23: error: Invalid type comment or annotation  [valid-type]
(mara)mara-app/mara_app/views.py:97: error: Bracketed expression "[...]" is not valid as a type  [misc]
(mara)mara-app/mara_app/views.py:97: note: Did you mean "List[...]"?
(mara)mara-app/mara_app/views.py:100: error: Bracketed expression "[...]" is not valid as a type  [misc]
(mara)mara-app/mara_app/views.py:100: note: Did you mean "List[...]"?
(mara)mara-app/mara_app/layout.py:26: error: Bracketed expression "[...]" is not valid as a type  [misc]
(mara)mara-app/mara_app/layout.py:26: note: Did you mean "List[...]"?
(mara)mara-app/mara_app/layout.py:38: error: Bracketed expression "[...]" is not valid as a type  [misc]
(mara)mara-app/mara_app/layout.py:38: note: Did you mean "List[...]"?
(mara)mara-app/mara_app/layout.py:53: error: Bracketed expression "[...]" is not valid as a type  [misc]
(mara)mara-app/mara_app/layout.py:53: note: Did you mean "List[...]"?
(mara)mara-app/mara_app/layout.py:94:12: error: Incompatible return value type (got "List[Any]", expected "str")  [return-value]
(mara)mara-app/mara_app/app.py:19: error: Bracketed expression "[...]" is not valid as a type  [misc]
(mara)mara-app/mara_app/app.py:19: note: Did you mean "List[...]"?
(mara)mara-app/mara_app/app.py:30:40: error: Argument 2 to "isinstance" has incompatible type "_SpecialForm"; expected "Union[type, Tuple[Union[type, Tuple[Any, ...]], ...]]"  [arg-type]
(mara)mara-app/mara_app/app.py:124:71: error: Invalid type comment or annotation  [valid-type]
Found 11 errors in 5 files (checked 5 source files)

[RRepo](PJB3005)MoMMI
(PJB3005)MoMMI/MoMMI/Modules/permissions.py:3:1: error: Module 'MoMMI' has no attribute 'MRoleType'  [attr-defined]
(PJB3005)MoMMI/MoMMI/Modules/permissions.py:3:1: error: Module 'MoMMI' has no attribute 'MChannel'  [attr-defined]
(PJB3005)MoMMI/MoMMI/Modules/permissions.py:3:1: error: Module 'MoMMI' has no attribute 'command'  [attr-defined]
(PJB3005)MoMMI/MoMMI/Modules/test_comms.py:2:1: error: Module 'MoMMI' has no attribute 'comm_event'  [attr-defined]
(PJB3005)MoMMI/MoMMI/Modules/test_comms.py:2:1: error: Module 'MoMMI' has no attribute 'MChannel'  [attr-defined]
(PJB3005)MoMMI/MoMMI/Modules/wiggle.py:3:1: error: Module 'MoMMI' has no attribute 'MChannel'  [attr-defined]
(PJB3005)MoMMI/MoMMI/Modules/wiggle.py:3:1: error: Module 'MoMMI' has no attribute 'command'  [attr-defined]
(PJB3005)MoMMI/MoMMI/Modules/testmerge.py:3:1: error: Module 'MoMMI' has no attribute 'command'  [attr-defined]
(PJB3005)MoMMI/MoMMI/Modules/testmerge.py:3:1: error: Module 'MoMMI' has no attribute 'MChannel'  [attr-defined]
(PJB3005)MoMMI/MoMMI/Modules/help.py:4:1: error: Module 'MoMMI' has no attribute 'MChannel'  [attr-defined]
(PJB3005)MoMMI/MoMMI/Modules/help.py:4:1: error: Module 'MoMMI' has no attribute 'command'  [attr-defined]
(PJB3005)MoMMI/MoMMI/Modules/gamenudge.py:3:1: error: Module 'MoMMI' has no attribute 'MChannel'  [attr-defined]
(PJB3005)MoMMI/MoMMI/Modules/gamenudge.py:3:1: error: Module 'MoMMI' has no attribute 'comm_event'  [attr-defined]
(PJB3005)MoMMI/MoMMI/Modules/gamenudge.py:3:1: error: Module 'MoMMI' has no attribute 'SnowflakeID'  [attr-defined]

[RRepo](yoeo)guesslang
(yoeo)guesslang/guesslang/__main__.py:11:1: error: Module 'guesslang' has no attribute 'Guess'  [attr-defined]
(yoeo)guesslang/guesslang/__main__.py:11:1: error: Module 'guesslang' has no attribute 'GuesslangError'  [attr-defined]
(yoeo)guesslang/guesslang/__main__.py:11:1: error: Module 'guesslang' has no attribute 'config_logging'  [attr-defined]
(yoeo)guesslang/docs/conf.py:146:1: error: Need type annotation for 'latex_elements' (hint: "latex_elements: Dict[<type>, <type>] = ...")  [var-annotated]
(yoeo)guesslang/tests/test_guesslang_utils.py:7:1: error: Module 'guesslang' has no attribute 'GuesslangError'  [attr-defined]
(yoeo)guesslang/tests/test_guesslang_guess.py:7:1: error: Module 'guesslang' has no attribute 'GuesslangError'  [attr-defined]
Found 6 errors in 4 files (checked 15 source files)

[RRepo](Zoidster)BirbBot
Success: no issues found in 3 source files

[RRepo](ekaj2)rock_builder
Success: no issues found in 1 source file

[RRepo](osm-fr)osmose-backend
(osm-fr)osmose-backend/mapcss/generated/MapCSSListener.py:9:22: error: Name 'ParseTreeListener' is not defined  [name-defined]

[RRepo](DeflatedPickle)Quiver
(DeflatedPickle)Quiver/dialog.py:6:1: error: Module 'tkinter' has no attribute 'font'  [attr-defined]
(DeflatedPickle)Quiver/dialog.py:234:9: error: "__init__" gets multiple values for keyword argument "title"  [misc]
(DeflatedPickle)Quiver/dialog.py:234:9: error: "__init__" gets multiple values for keyword argument "transient"  [misc]
(DeflatedPickle)Quiver/dialog.py:234:9: error: "__init__" gets multiple values for keyword argument "geometry"  [misc]
Found 4 errors in 1 file (checked 8 source files)

[RRepo](Floens)uchan
(Floens)uchan/uchan/filter/text_parser.py:5:1: error: Module 'uchan.lib' has no attribute 'roles'  [attr-defined]

[RRepo](AeonGames)AeonEngine
(AeonGames)AeonEngine/tools/blender/addons/io_animation_anm/export.py:96:16: error: Invalid type comment or annotation  [valid-type]
(AeonGames)AeonEngine/tools/blender/addons/io_animation_anm/export.py:96:16: note: Suggestion: use bpy.props.StringProperty[...] instead of bpy.props.StringProperty(...)
Found 1 error in 1 file (checked 2 source files)

[RRepo](facebook)fbthrift
(facebook)fbthrift/thrift/lib/py/protocol/TProtocol.py:27:26: error: Name 'TException' is not defined  [name-defined]
(facebook)fbthrift/thrift/lib/py/util/Serializer.py:53:60: error: "T" has no attribute "thrift_spec"  [attr-defined]
(facebook)fbthrift/thrift/lib/py/util/Serializer.py:61:5: error: "T" has no attribute "read"  [attr-defined]
(facebook)fbthrift/thrift/lib/py/protocol/TCompactProtocol.py:88:11: error: Name 'TType' is not defined  [name-defined]
(facebook)fbthrift/thrift/lib/py/protocol/TCompactProtocol.py:89:11: error: Name 'TType' is not defined  [name-defined]
(facebook)fbthrift/thrift/lib/py/protocol/TCompactProtocol.py:90:11: error: Name 'TType' is not defined  [name-defined]
(facebook)fbthrift/thrift/lib/py/protocol/TCompactProtocol.py:91:11: error: Name 'TType' is not defined  [name-defined]
(facebook)fbthrift/thrift/lib/py/protocol/TCompactProtocol.py:92:11: error: Name 'TType' is not defined  [name-defined]
(facebook)fbthrift/thrift/lib/py/protocol/TCompactProtocol.py:93:11: error: Name 'TType' is not defined  [name-defined]
(facebook)fbthrift/thrift/lib/py/protocol/TCompactProtocol.py:94:11: error: Name 'TType' is not defined  [name-defined]
(facebook)fbthrift/thrift/lib/py/protocol/TCompactProtocol.py:95:11: error: Name 'TType' is not defined  [name-defined]
(facebook)fbthrift/thrift/lib/py/protocol/TCompactProtocol.py:96:11: error: Name 'TType' is not defined  [name-defined]
(facebook)fbthrift/thrift/lib/py/protocol/TCompactProtocol.py:97:11: error: Name 'TType' is not defined  [name-defined]
(facebook)fbthrift/thrift/lib/py/protocol/TCompactProtocol.py:98:11: error: Name 'TType' is not defined  [name-defined]
(facebook)fbthrift/thrift/lib/py/protocol/TCompactProtocol.py:99:11: error: Name 'TType' is not defined  [name-defined]
(facebook)fbthrift/thrift/lib/py/protocol/TCompactProtocol.py:100:11: error: Name 'TType' is not defined  [name-defined]
(facebook)fbthrift/thrift/lib/py/protocol/TCompactProtocol.py:106:29: error: Name 'TType' is not defined  [name-defined]
(facebook)fbthrift/thrift/lib/py/protocol/TCompactProtocol.py:110:24: error: Name 'TProtocolBase' is not defined  [name-defined]
(facebook)fbthrift/thrift/lib/py/protocol/TBinaryProtocol.py:28:23: error: Name 'TProtocolBase' is not defined  [name-defined]
(facebook)fbthrift/thrift/lib/py/setup.py:23:1: error: Module 'distutils.command.build_ext' has no attribute 'build_ext'  [attr-defined]
(facebook)fbthrift/thrift/contrib/parse_profiling.py:37:1: error: Need type annotation for 'g_addrs_by_filename' (hint: "g_addrs_by_filename: Dict[<type>, <type>] = ...")  [var-annotated]
(facebook)fbthrift/thrift/test/py/TestClientServer.py:36:1: error: Need type annotation for '_servers' (hint: "_servers: List[<type>] = ...")  [var-annotated]
(facebook)fbthrift/thrift/test/py/TestClientServer.py:37:1: error: Need type annotation for '_ports' (hint: "_ports: Dict[<type>, <type>] = ...")  [var-annotated]
(facebook)fbthrift/thrift/lib/py/transport/TSSLSocket.py:105:5: error: All conditional function variants must have identical signatures  [misc]
(facebook)fbthrift/thrift/lib/py/transport/TSSLSocket.py:134:18: error: Name 'TSocket' is not defined  [name-defined]
(facebook)fbthrift/thrift/lib/py/transport/TSSLSocket.py:272:24: error: Name 'TServerSocket' is not defined  [name-defined]
(facebook)fbthrift/thrift/lib/py/transport/THttpClient.py:45:19: error: Name 'TTransportBase' is not defined  [name-defined]
(facebook)fbthrift/thrift/lib/py/server/test/handler.py:9:5: error: Name 'asyncio' already defined (by an import)  [no-redef]
(facebook)fbthrift/thrift/test/fuzzer/TestTransportFuzzer.py:23:5: error: Need type annotation for 'fuzz_fields' (hint: "fuzz_fields: List[<type>] = ...")  [var-annotated]
(facebook)fbthrift/thrift/compiler/test/fixtures/basic-annotations/gen-py/module/MyServicePrioChild.py:32:5: error: Name 'fastproto' already defined on line 29  [no-redef]
(facebook)fbthrift/thrift/compiler/test/fixtures/basic-annotations/gen-py/module/MyServicePrioChild.py:120:25: error: Incompatible types in assignment (expression has type "Tuple[]", variable has type "None")  [assignment]
(facebook)fbthrift/thrift/compiler/test/fixtures/basic-annotations/gen-py/module/MyServicePrioChild.py:123:39: error: Incompatible types in assignment (expression has type "Dict[<nothing>, <nothing>]", variable has type "None")  [assignment]
(facebook)fbthrift/thrift/compiler/test/fixtures/basic-annotations/gen-py/module/MyServicePrioChild.py:125:38: error: Incompatible types in assignment (expression has type "Dict[<nothing>, <nothing>]", variable has type "None")  [assignment]
(facebook)fbthrift/thrift/compiler/test/fixtures/basic-annotations/gen-py/module/MyServicePrioChild.py:194:20: error: Argument 1 to "append" of "list" has incompatible type "Type[pang_result]"; expected "Type[pang_args]"  [arg-type]
(facebook)fbthrift/thrift/compiler/test/fixtures/basic-annotations/gen-py/module/MyServicePrioChild.py:195:27: error: Incompatible types in assignment (expression has type "Tuple[]", variable has type "None")  [assignment]
(facebook)fbthrift/thrift/compiler/test/fixtures/basic-annotations/gen-py/module/MyServicePrioChild.py:198:41: error: Incompatible types in assignment (expression has type "Dict[<nothing>, <nothing>]", variable has type "None")  [assignment]
(facebook)fbthrift/thrift/compiler/test/fixtures/basic-annotations/gen-py/module/MyServicePrioChild.py:200:40: error: Incompatible types in assignment (expression has type "Dict[<nothing>, <nothing>]", variable has type "None")  [assignment]
(facebook)fbthrift/thrift/compiler/test/fixtures/basic-annotations/gen-py/module/MyServicePrioChild.py:253:4: error: Name 'process_main' is not defined  [name-defined]
(facebook)fbthrift/thrift/compiler/test/fixtures/basic-annotations/gen-py/module/MyServicePrioChild.py:256:4: error: Name 'process_method' is not defined  [name-defined]
(facebook)fbthrift/thrift/compiler/test/fixtures/basic-annotations/gen-py/module/MyServicePrioChild.py:283:4: error: Name 'process_main' is not defined  [name-defined]
(facebook)fbthrift/thrift/compiler/test/fixtures/basic-annotations/gen-py/module/MyServicePrioChild.py:286:4: error: Name 'process_method' is not defined  [name-defined]
(facebook)fbthrift/thrift/compiler/test/fixtures/namespace/gen-py/my/namespacing/test/module/TestService.py:25:22: error: Name 'sys' is not defined  [name-defined]
(facebook)fbthrift/thrift/compiler/test/fixtures/namespace/gen-py/my/namespacing/test/module/TestService.py:27:5: error: Name 'fastproto' already defined on line 24  [no-redef]
(facebook)fbthrift/thrift/compiler/test/fixtures/namespace/gen-py/my/namespacing/test/module/TestService.py:32:26: error: Name 'sys' is not defined  [name-defined]
(facebook)fbthrift/thrift/compiler/test/fixtures/namespace/gen-py/my/namespacing/test/module/TestService.py:65:14: error: Incompatible types in assignment (expression has type "None", base class "object" defined the type as "Callable[[object], None]")  [assignment]
(facebook)fbthrift/thrift/compiler/test/fixtures/namespace/gen-py/my/namespacing/test/module/TestService.py:138:7: error: Name 'TType' is not defined  [name-defined]
(facebook)fbthrift/thrift/compiler/test/fixtures/namespace/gen-py/my/namespacing/test/module/TestService.py:167:14: error: Incompatible types in assignment (expression has type "None", base class "object" defined the type as "Callable[[object], None]")  [assignment]
(facebook)fbthrift/thrift/compiler/test/fixtures/namespace/gen-py/my/namespacing/test/module/TestService.py:239:7: error: Name 'TType' is not defined  [name-defined]
(facebook)fbthrift/thrift/compiler/test/fixtures/namespace/gen-py/my/namespacing/test/module/TestService.py:321:4: error: Name 'process_main' is not defined  [name-defined]
(facebook)fbthrift/thrift/compiler/test/fixtures/namespace/gen-py/my/namespacing/test/module/TestService.py:324:4: error: Name 'process_method' is not defined  [name-defined]
(facebook)fbthrift/thrift/compiler/test/fixtures/namespace/gen-py/my/namespacing/test/module/TestService.py:335:1: error: "Type[Iface]" has no attribute "_processor_type"  [attr-defined]
(facebook)fbthrift/thrift/compiler/test/fixtures/namespace/gen-py/my/namespacing/test/module/TestService.py:353:4: error: Name 'process_main' is not defined  [name-defined]
(facebook)fbthrift/thrift/compiler/test/fixtures/namespace/gen-py/my/namespacing/test/module/TestService.py:356:4: error: Name 'process_method' is not defined  [name-defined]
(facebook)fbthrift/thrift/compiler/test/fixtures/namespace/gen-py/my/namespacing/test/module/TestService.py:367:1: error: "Type[ContextIface]" has no attribute "_processor_type"  [attr-defined]
(facebook)fbthrift/thrift/compiler/test/fixtures/includes/gen-py/includes/ttypes.py:26:22: error: Name 'sys' is not defined  [name-defined]
(facebook)fbthrift/thrift/compiler/test/fixtures/includes/gen-py/includes/ttypes.py:28:5: error: Name 'fastproto' already defined on line 25  [no-redef]
(facebook)fbthrift/thrift/compiler/test/fixtures/includes/gen-py/includes/ttypes.py:32:26: error: Name 'sys' is not defined  [name-defined]
(facebook)fbthrift/thrift/compiler/test/fixtures/includes/gen-py/includes/ttypes.py:46:14: error: Incompatible types in assignment (expression has type "None", base class "object" defined the type as "Callable[[object], None]")  [assignment]
(facebook)fbthrift/thrift/compiler/test/fixtures/includes/gen-py/includes/ttypes.py:130:17: error: Name 'UnimplementedTypedef' is not defined  [name-defined]
(facebook)fbthrift/thrift/compiler/test/fixtures/includes/gen-py/includes/ttypes.py:135:7: error: Name 'TType' is not defined  [name-defined]
(facebook)fbthrift/thrift/compiler/test/fixtures/includes/gen-py/includes/ttypes.py:136:7: error: Name 'TType' is not defined  [name-defined]
(facebook)fbthrift/thrift/lib/py/util/Decorators.py:35:16: error: Incompatible types in assignment (expression has type "None", variable has type Module)  [assignment]
Found 62 errors in 15 files (checked 112 source files)

[RRepo](FrancescoCeruti)linux-show-player
(FrancescoCeruti)linux-show-player/lisp/core/singleton.py:47:18: error: Unsupported dynamic base class "type"  [misc]
(FrancescoCeruti)linux-show-player/lisp/ui/styles/styles.py:30:5: error: Name 'scandir' already defined (possibly by an import)  [no-redef]
(FrancescoCeruti)linux-show-player/lisp/ui/styles/styles.py:35:1: error: Need type annotation for 'LiSPStyles' (hint: "LiSPStyles: Dict[<type>, <type>] = ...")  [var-annotated]

[RRepo](phodge)dotfiles
(phodge)dotfiles/homely_dev/HOMELY.py:4:1: error: Module 'HOMELY' has no attribute 'jerjerrod_addline'  [attr-defined]
(phodge)dotfiles/homely_dev/HOMELY.py:4:1: error: Module 'HOMELY' has no attribute 'mypips'  [attr-defined]
(phodge)dotfiles/homely_dev/HOMELY.py:4:1: error: Module 'HOMELY' has no attribute 'wantfull'  [attr-defined]
(phodge)dotfiles/homely_dev/HOMELY.py:4:1: error: Module 'HOMELY' has no attribute 'wantjerjerrod'  [attr-defined]
Found 4 errors in 1 file (checked 3 source files)

[RRepo](telminov)django-park-keeper
(telminov)django-park-keeper/parkkeeper/tests/test_models.py:6:1: error: Module 'parkkeeper' has no attribute 'factories'  [attr-defined]
(telminov)django-park-keeper/parkkeeper/tests/datatools/test_worker.py:9:1: error: Module 'parkkeeper' has no attribute 'factories'  [attr-defined]
(telminov)django-park-keeper/parkkeeper/tests/datatools/test_task.py:9:1: error: Module 'parkkeeper' has no attribute 'factories'  [attr-defined]
(telminov)django-park-keeper/parkkeeper/event.py:12:11: error: Incompatible types in assignment (expression has type "bytes", variable has type "str")  [assignment]
(telminov)django-park-keeper/parkkeeper/event.py:30:1: error: Missing return statement  [return]
(telminov)django-park-keeper/parkkeeper/event.py:37:15: error: "None" not callable  [misc]

[RRepo](funkyfuture)deck-chores
Success: no issues found in 10 source files

[RRepo](miyakogi)wdom
(miyakogi)wdom/docs/server.py: error: Duplicate module named 'server' (also at '/home/bew/archive/typed_project/(miyakogi)wdom/wdom/server/__init__.py')  [misc]
(miyakogi)wdom/docs/server.py: error: Are you missing an __init__.py?  [misc]
Found 2 errors in 1 file (checked 47 source files)

[RRepo](Ultimaker)Uranium
(Ultimaker)Uranium/tests/benchmarks/MeshData/profile_reserve.py:6:2: error: Name 'profile' is not defined  [name-defined]
(Ultimaker)Uranium/tests/benchmarks/MeshData/profile_reserve.py:10:2: error: Name 'profile' is not defined  [name-defined]
(Ultimaker)Uranium/tests/benchmarks/MeshData/profile_calcnormals.py:6:2: error: Name 'profile' is not defined  [name-defined]
(Ultimaker)Uranium/tests/benchmarks/MeshData/profile_addvertex.py:6:2: error: Name 'profile' is not defined  [name-defined]
(Ultimaker)Uranium/tests/benchmarks/MeshData/profile_getbytearray.py:6:2: error: Name 'profile' is not defined  [name-defined]
(Ultimaker)Uranium/tests/benchmarks/Settings/BenchmarkSettingDefinition.py:45:6: error: List item 0 has incompatible type "Tuple[Dict[str, str], int]"; expected "Tuple[object, bool]"  [list-item]
(Ultimaker)Uranium/tests/benchmarks/Settings/BenchmarkSettingDefinition.py:46:6: error: List item 1 has incompatible type "Tuple[Dict[str, str], int]"; expected "Tuple[object, bool]"  [list-item]
(Ultimaker)Uranium/tests/benchmarks/Settings/BenchmarkSettingDefinition.py:47:6: error: List item 2 has incompatible type "Tuple[Dict[str, int], int]"; expected "Tuple[object, bool]"  [list-item]
(Ultimaker)Uranium/tests/benchmarks/Settings/BenchmarkSettingDefinition.py:48:6: error: List item 3 has incompatible type "Tuple[Dict[str, int], int]"; expected "Tuple[object, bool]"  [list-item]
(Ultimaker)Uranium/tests/benchmarks/Settings/BenchmarkSettingDefinition.py:49:6: error: List item 4 has incompatible type "Tuple[Dict[str, str], int]"; expected "Tuple[object, bool]"  [list-item]
(Ultimaker)Uranium/tests/benchmarks/Settings/BenchmarkSettingDefinition.py:50:6: error: List item 5 has incompatible type "Tuple[Dict[str, int], int]"; expected "Tuple[object, bool]"  [list-item]
(Ultimaker)Uranium/tests/benchmarks/Settings/BenchmarkSettingDefinition.py:51:6: error: List item 6 has incompatible type "Tuple[Dict[str, str], int]"; expected "Tuple[object, bool]"  [list-item]
(Ultimaker)Uranium/run_mypy.py:8:45: error: Incompatible default for argument "search_path" (default has type "Optional[str]", argument has type "str")  [assignment]
(Ultimaker)Uranium/run_mypy.py:20:13: error: Incompatible types in assignment (expression has type "Set[str]", variable has type "List[str]")  [assignment]
(Ultimaker)Uranium/plugins/Tools/ScaleTool/__init__.py:4:1: error: Module 'ScaleTool' has no attribute 'ScaleTool'  [attr-defined]
(Ultimaker)Uranium/plugins/Tools/TranslateTool/__init__.py:4:1: error: Module 'TranslateTool' has no attribute 'TranslateTool'  [attr-defined]
(Ultimaker)Uranium/scripts/pirate.py:77:26: error: Incompatible types in assignment (expression has type "Tuple[Any, Any]", target has type "str")  [assignment]
(Ultimaker)Uranium/UM/Math/Polygon.py:135:57: error: Argument 1 to "polygon2ShapelyPolygon" has incompatible type "Polygon.Polygon"; expected "UM.Math.Polygon.Polygon"  [arg-type]
(Ultimaker)Uranium/UM/Math/Polygon.py:136:58: error: Argument 1 to "polygon2ShapelyPolygon" has incompatible type "Polygon.Polygon"; expected "UM.Math.Polygon.Polygon"  [arg-type]
(Ultimaker)Uranium/UM/Math/Polygon.py:157:57: error: Argument 1 to "polygon2ShapelyPolygon" has incompatible type "Polygon.Polygon"; expected "UM.Math.Polygon.Polygon"  [arg-type]
(Ultimaker)Uranium/UM/Math/Polygon.py:158:60: error: Argument 1 to "polygon2ShapelyPolygon" has incompatible type "Polygon.Polygon"; expected "UM.Math.Polygon.Polygon"  [arg-type]
(Ultimaker)Uranium/UM/Math/Polygon.py:176:57: error: Argument 1 to "polygon2ShapelyPolygon" has incompatible type "Polygon.Polygon"; expected "UM.Math.Polygon.Polygon"  [arg-type]
(Ultimaker)Uranium/UM/Math/Polygon.py:177:60: error: Argument 1 to "polygon2ShapelyPolygon" has incompatible type "Polygon.Polygon"; expected "UM.Math.Polygon.Polygon"  [arg-type]
(Ultimaker)Uranium/tests/benchmarks/Math/profile_rayintersection.py:8:2: error: Name 'profile' is not defined  [name-defined]
(Ultimaker)Uranium/tests/benchmarks/Math/profile_rayintersection.py:13:7: error: Too many arguments for "AxisAlignedBox"  [call-arg]
(Ultimaker)Uranium/tests/benchmarks/Math/profile_rayintersection.py:13:22: error: Argument 1 to "AxisAlignedBox" has incompatible type "int"; expected "Vector"  [arg-type]
(Ultimaker)Uranium/tests/benchmarks/Math/profile_rayintersection.py:13:26: error: Argument 2 to "AxisAlignedBox" has incompatible type "int"; expected "Vector"  [arg-type]
(Ultimaker)Uranium/tests/Settings/ContainerTestPlugin/ContainerTestPlugin.py:104:5: error: Name 'Signal' is not defined  [name-defined]
(Ultimaker)Uranium/tests/TestPreferences.py:18:23: error: Need type annotation for 'test_newValues_data'  [var-annotated]
(Ultimaker)Uranium/UM/Qt/Bindings/OutputDeviceManagerProxy.py:11:1: error: Module 'UM.OutputDevice' has no attribute 'OutputDeviceError'  [attr-defined]

[RRepo](pypa)linehaul
(pypa)linehaul/tests/unit/protocol/test_line_receiver.py:25:1: error: Relative import climbs too many namespaces  [misc]
(pypa)linehaul/linehaul/events/parser.py:48:1: error: Cannot assign to a type  [misc]
(pypa)linehaul/linehaul/events/parser.py:48:13: error: Incompatible types in assignment (expression has type "NullValue", variable has type "Type[NullValue]")  [assignment]
(pypa)linehaul/linehaul/server.py:48:1: error: Missing return statement  [return]
(pypa)linehaul/linehaul/server.py:56:13: error: Return value expected  [return-value]
(pypa)linehaul/linehaul/server.py:60:12: error: Incompatible types in assignment (expression has type "str", variable has type "bytes")  [assignment]
Found 6 errors in 3 files (checked 15 source files)

[RRepo](wa1tnr)ainsuSPI
(wa1tnr)ainsuSPI/0-Distribution.d/circuitpython-master/cc3200/tools/uniflash.py:14: error: (unicode error) 'unicodeescape' codec can't decode bytes in position 100-101: truncated \uXXXX escape  [syntax]
Found 1 error in 1 file (checked 404 source files)

[RRepo](welbornprod)colr
(welbornprod)colr/colr/colr_docopt.py:134:1: error: Name 'docopt' already defined (possibly by an import)  [no-redef]
(welbornprod)colr/colr/colr_run.py:29:20: error: Item "None" of "Optional[str]" has no attribute "lower"  [union-attr]
(welbornprod)colr/examples/walk_dir.py:23:5: error: Module 'colr' has no attribute '__version__'  [attr-defined]
(welbornprod)colr/examples/walk_dir.py:32:5: error: Module 'colr' has no attribute 'AnimatedProgress'  [attr-defined]
(welbornprod)colr/examples/walk_dir.py:32:5: error: Module 'colr' has no attribute 'auto_disable'  [attr-defined]
(welbornprod)colr/examples/walk_dir.py:32:5: error: Module 'colr' has no attribute 'Bars'  [attr-defined]
(welbornprod)colr/examples/walk_dir.py:32:5: error: Module 'colr' has no attribute 'Colr'  [attr-defined]
(welbornprod)colr/examples/walk_dir.py:32:5: error: Module 'colr' has no attribute 'docopt'  [attr-defined]
(welbornprod)colr/examples/walk_dir.py:32:5: error: Module 'colr' has no attribute 'Frames'  [attr-defined]
(welbornprod)colr/examples/walk_dir.py:32:5: error: Module 'colr' has no attribute 'ProgressBar'  [attr-defined]
(welbornprod)colr/test/run_controls.py:23:5: error: Module 'colr' has no attribute 'Colr'  [attr-defined]
(welbornprod)colr/test/run_controls.py:23:5: error: Module 'colr' has no attribute 'docopt'  [attr-defined]
(welbornprod)colr/benchmark.py:23:1: error: Module 'colr' has no attribute 'AnimatedProgress'  [attr-defined]
(welbornprod)colr/benchmark.py:23:1: error: Module 'colr' has no attribute 'Colr'  [attr-defined]
(welbornprod)colr/benchmark.py:23:1: error: Module 'colr' has no attribute 'Frames'  [attr-defined]
(welbornprod)colr/benchmark.py:23:1: error: Module 'colr' has no attribute 'color'  [attr-defined]
(welbornprod)colr/benchmark.py:23:1: error: Module 'colr' has no attribute 'docopt'  [attr-defined]
(welbornprod)colr/test/test_colr_docopt.py:12:1: error: Module 'colr' has no attribute 'docopt'  [attr-defined]
(welbornprod)colr/test/test_colr_docopt.py:12:1: error: Module 'colr' has no attribute 'docopt_file'  [attr-defined]
(welbornprod)colr/test/test_colr_docopt.py:12:1: error: Module 'colr' has no attribute 'docopt_version'  [attr-defined]
(welbornprod)colr/test/test_trans.py:13:1: error: Module 'colr' has no attribute '__version__'  [attr-defined]
(welbornprod)colr/test/test_controls.py:13:1: error: Module 'colr' has no attribute '__version__'  [attr-defined]
(welbornprod)colr/test/test_controls.py:13:1: error: Module 'colr' has no attribute 'Colr'  [attr-defined]
(welbornprod)colr/test/test_preset.py:12:1: error: Module 'colr' has no attribute '__version__'  [attr-defined]
(welbornprod)colr/test/test_preset.py:12:1: error: Module 'colr' has no attribute 'Colr'  [attr-defined]
(welbornprod)colr/test/test_preset.py:12:1: error: Module 'colr' has no attribute 'Preset'  [attr-defined]
Found 26 errors in 9 files (checked 14 source files)

[RRepo](WoodNeck)tataru
(WoodNeck)tataru/cogs/utils/session.py:157:9: error: Need type annotation for 'fields' (hint: "fields: List[<type>] = ...")  [var-annotated]

[RRepo](tuna)fishroom
(tuna)fishroom/fishroom/plugins/pia.py:3:1: error: Relative import climbs too many namespaces  [misc]
(tuna)fishroom/fishroom/plugins/vote.py:3:1: error: Relative import climbs too many namespaces  [misc]
(tuna)fishroom/fishroom/plugins/vote.py:4:1: error: Relative import climbs too many namespaces  [misc]
(tuna)fishroom/fishroom/plugins/vote.py:5:1: error: Relative import climbs too many namespaces  [misc]
(tuna)fishroom/fishroom/xmpp.py:82:5: error: Cannot assign to a method  [assignment]
(tuna)fishroom/fishroom/xmpp.py:82:31: error: Incompatible types in assignment (expression has type "Callable[[Any, Any], Any]", variable has type "Callable[[Any], Any]")  [assignment]
(tuna)fishroom/fishroom/command.py:18:1: error: Need type annotation for 'command_handlers' (hint: "command_handlers: Dict[<type>, <type>] = ...")  [var-annotated]
(tuna)fishroom/fishroom/runner.py:57:1: error: Type of __all__ must be "Sequence[str]", not "List[Callable[[Iterable[Tuple[Callable[[Any], Any], Tuple[Any]]]], Any]]"  [misc]
(tuna)fishroom/fishroom/plugins/imglink.py:4:1: error: Relative import climbs too many namespaces  [misc]
(tuna)fishroom/fishroom/plugins/imglink.py:5:1: error: Relative import climbs too many namespaces  [misc]
(tuna)fishroom/fishroom/plugins/hualao.py:6:1: error: Relative import climbs too many namespaces  [misc]
(tuna)fishroom/fishroom/plugins/hualao.py:7:1: error: Relative import climbs too many namespaces  [misc]
(tuna)fishroom/fishroom/plugins/hualao.py:8:1: error: Relative import climbs too many namespaces  [misc]
(tuna)fishroom/fishroom/plugins/hualao.py:9:1: error: Relative import climbs too many namespaces  [misc]
(tuna)fishroom/fishroom/plugins/hualao.py:10:1: error: Relative import climbs too many namespaces  [misc]
(tuna)fishroom/fishroom/wechat.py:24:11: error: Need type annotation for 'wxRooms' (hint: "wxRooms: Dict[<type>, <type>] = ...")  [var-annotated]
(tuna)fishroom/fishroom/wechat.py:24:20: error: Need type annotation for 'wxRoomNicks' (hint: "wxRoomNicks: Dict[<type>, <type>] = ...")  [var-annotated]
(tuna)fishroom/fishroom/wechat.py:221:5: error: Cannot assign to a method  [assignment]
(tuna)fishroom/fishroom/wechat.py:221:22: error: Incompatible types in assignment (expression has type "Callable[[Any, Any], Any]", variable has type "Callable[[Any], Any]")  [assignment]
(tuna)fishroom/fishroom/matrix.py:141:5: error: Cannot assign to a method  [assignment]
(tuna)fishroom/fishroom/matrix.py:141:22: error: Incompatible types in assignment (expression has type "Callable[[Any, Any], Any]", variable has type "Callable[[Any], Any]")  [assignment]
(tuna)fishroom/fishroom/base.py:18:5: note: "send_photo" of "BaseBotInstance" defined here
(tuna)fishroom/fishroom/base.py:44:16: error: Incompatible return value type (got "object", expected "Tuple[str, str]")  [return-value]
(tuna)fishroom/fishroom/base.py:54:28: error: "None" has no attribute "lower"  [attr-defined]
(tuna)fishroom/fishroom/base.py:62:21: error: Unexpected keyword argument "sender" for "send_photo" of "BaseBotInstance"  [call-arg]
(tuna)fishroom/fishroom/base.py:94:15: error: Incompatible types in assignment (expression has type "str", base class "BaseBotInstance" defined the type as "None")  [assignment]
(tuna)fishroom/fishroom/plugins/ratelimit.py:5:1: error: Relative import climbs too many namespaces  [misc]
(tuna)fishroom/fishroom/plugins/ratelimit.py:6:1: error: Relative import climbs too many namespaces  [misc]
(tuna)fishroom/fishroom/IRC.py:200:5: error: Cannot assign to a method  [assignment]
(tuna)fishroom/fishroom/IRC.py:200:30: error: Incompatible types in assignment (expression has type "Callable[[Any, Any], Any]", variable has type "Callable[[Any], Any]")  [assignment]
(tuna)fishroom/fishroom/plugins/stats.py:7:1: error: Relative import climbs too many namespaces  [misc]
(tuna)fishroom/fishroom/plugins/stats.py:8:1: error: Relative import climbs too many namespaces  [misc]
(tuna)fishroom/fishroom/plugins/stats.py:9:1: error: Relative import climbs too many namespaces  [misc]
(tuna)fishroom/fishroom/plugins/stats.py:10:1: error: Relative import climbs too many namespaces  [misc]
(tuna)fishroom/fishroom/plugins/stats.py:11:1: error: Relative import climbs too many namespaces  [misc]
(tuna)fishroom/fishroom/db.py:5:1: error: Need type annotation for '__dbctx' (hint: "__dbctx: Dict[<type>, <type>] = ...")  [var-annotated]
(tuna)fishroom/fishroom/models.py:252:21: error: Incompatible types in assignment (expression has type "TextStyleSchema", variable has type "None")  [assignment]
(tuna)fishroom/fishroom/photostore.py:82:20: error: Incompatible return value type (got "None", expected "str")  [return-value]
(tuna)fishroom/fishroom/photostore.py:85:20: error: Incompatible return value type (got "None", expected "str")  [return-value]
(tuna)fishroom/fishroom/photostore.py:87:20: error: Incompatible return value type (got "None", expected "str")  [return-value]
(tuna)fishroom/fishroom/helpers.py:67:16: error: Incompatible return value type (got "Tuple[None, None]", expected "Tuple[bytes, str]")  [return-value]
(tuna)fishroom/fishroom/helpers.py:70:16: error: Incompatible return value type (got "Tuple[None, None]", expected "Tuple[bytes, str]")  [return-value]
(tuna)fishroom/fishroom/helpers.py:72:13: error: Incompatible return value type (got "Tuple[bytes, Optional[str]]", expected "Tuple[bytes, str]")  [return-value]
(tuna)fishroom/fishroom/textstore.py:57:20: error: Incompatible return value type (got "None", expected "str")  [return-value]
(tuna)fishroom/fishroom/textstore.py:62:16: error: Incompatible return value type (got "None", expected "str")  [return-value]
(tuna)fishroom/fishroom/textstore.py:80:20: error: Incompatible return value type (got "None", expected "str")  [return-value]
(tuna)fishroom/fishroom/textstore.py:85:16: error: Incompatible return value type (got "None", expected "str")  [return-value]
(tuna)fishroom/fishroom/gitter.py:157:5: error: Cannot assign to a method  [assignment]
(tuna)fishroom/fishroom/web/__main__.py:9:1: error: Relative import climbs too many namespaces  [misc]
(tuna)fishroom/fishroom/web/oauth.py:5:1: error: Relative import climbs too many namespaces  [misc]
(tuna)fishroom/fishroom/web/oauth.py:12:6: error: Module has no attribute "_auth_return_future"  [attr-defined]
(tuna)fishroom/fishroom/web/handlers.py:15:1: error: Relative import climbs too many namespaces  [misc]
(tuna)fishroom/fishroom/web/handlers.py:16:1: error: Relative import climbs too many namespaces  [misc]
(tuna)fishroom/fishroom/web/handlers.py:17:1: error: Relative import climbs too many namespaces  [misc]
(tuna)fishroom/fishroom/web/handlers.py:18:1: error: Relative import climbs too many namespaces  [misc]
(tuna)fishroom/fishroom/web/handlers.py:19:1: error: Relative import climbs too many namespaces  [misc]
(tuna)fishroom/fishroom/web/handlers.py:20:1: error: Relative import climbs too many namespaces  [misc]
(tuna)fishroom/fishroom/web/handlers.py:21:1: error: Relative import climbs too many namespaces  [misc]
(tuna)fishroom/fishroom/web/handlers.py:22:1: error: Relative import climbs too many namespaces  [misc]
(tuna)fishroom/fishroom/web/handlers.py:279:6: error: Module has no attribute "engine"  [attr-defined]
Found 59 errors in 22 files (checked 31 source files)

[RRepo](mattrberry)csgoSkinStatistics
(mattrberry)csgoSkinStatistics/skinstats.py:30:19: error: Item "None" of "Optional[Match[Any]]" has no attribute "group"  [union-attr]
(mattrberry)csgoSkinStatistics/skinstats.py:31:21: error: Item "None" of "Optional[Match[Any]]" has no attribute "group"  [union-attr]
(mattrberry)csgoSkinStatistics/skinstats.py:35:21: error: Item "None" of "Optional[Match[Any]]" has no attribute "group"  [union-attr]
(mattrberry)csgoSkinStatistics/skinstats.py:36:17: error: Item "None" of "Optional[Match[Any]]" has no attribute "group"  [union-attr]
(mattrberry)csgoSkinStatistics/skinstats.py:37:17: error: Item "None" of "Optional[Match[Any]]" has no attribute "group"  [union-attr]
Found 5 errors in 1 file (checked 2 source files)

[RRepo](cclauss)Ten-lines-or-less
Success: no issues found in 27 source files

[RRepo](jmcs)ecological
(jmcs)ecological/ecological/transform.py:14:5: error: Cannot assign to a type  [misc]
(jmcs)ecological/ecological/transform.py:14:19: error: Incompatible types in assignment (expression has type "None", variable has type "Type[GenericMeta]")  [assignment]
(jmcs)ecological/ecological/transform.py:23:5: error: Incompatible types in assignment (expression has type "object", variable has type "Type[deque[Any]]")  [assignment]
(jmcs)ecological/ecological/transform.py:23:23: error: Incompatible types in assignment (expression has type "object", variable has type "Type[Counter[Any]]")  [assignment]
(jmcs)ecological/ecological/transform.py:69:16: error: "type" has no attribute "__origin__"  [attr-defined]
(jmcs)ecological/ecological/transform.py:85:23: error: "type" has no attribute "__supertype__"  [attr-defined]
Found 6 errors in 1 file (checked 2 source files)

[RRepo](dainst)gazetteer
Success: no issues found in 3 source files

[RRepo](mirumee)django-prices-openexchangerates
(mirumee)django-prices-openexchangerates/django_prices_openexchangerates/management/commands/update_exchange_rates.py:3:1: error: Relative import climbs too many namespaces  [misc]
Found 1 error in 1 file (checked 5 source files)

[RRepo](lnmds)jose
(lnmds)jose/ext/config.py:134:32: error: Function "builtins.any" is not valid as a type  [valid-type]
(lnmds)jose/ext/config.py:134:32: note: Perhaps you need "Callable[...]" or a callback protocol?
(lnmds)jose/ext/config.py:147:53: error: Function "builtins.any" is not valid as a type  [valid-type]
(lnmds)jose/ext/config.py:147:53: note: Perhaps you need "Callable[...]" or a callback protocol?
(lnmds)jose/ext/config.py:302:38: error: "None" has no attribute "get"  [attr-defined]
(lnmds)jose/ext/profile.py:14:1: error: Unexpected keyword argument "requires" for "__init_subclass__" of "object"  [call-arg]
(lnmds)jose/ext/extra.py:114:1: error: Unexpected keyword argument "requires" for "__init_subclass__" of "object"  [call-arg]
(lnmds)jose/ext/vm.py:303:41: error: Argument 2 to "assign_and_exec" of "VM" has incompatible type "bytes"; expected "str"  [arg-type]
(lnmds)jose/ext/mod.py:38:1: error: Unexpected keyword argument "requires" for "__init_subclass__" of "object"  [call-arg]
(lnmds)jose/ext/admin.py:35:1: error: Unexpected keyword argument "requires" for "__init_subclass__" of "object"  [call-arg]
(lnmds)jose/ext/admin.py:141:44: error: Function "admin.no_codeblock" is not valid as a type  [valid-type]
(lnmds)jose/ext/admin.py:141:44: note: Perhaps you need "Callable[...]" or a callback protocol?
(lnmds)jose/ext/admin.py:144:24: error: no_codeblock? has no attribute "lower"  [attr-defined]
(lnmds)jose/ext/admin.py:175:16: error: Incompatible types in assignment (expression has type "str", variable has type "int")  [assignment]
(lnmds)jose/ext/translation.py:30:58: error: Function "builtins.any" is not valid as a type  [valid-type]
(lnmds)jose/ext/translation.py:30:58: note: Perhaps you need "Callable[...]" or a callback protocol?
(lnmds)jose/ext/translation.py:38:50: error: Function "builtins.any" is not valid as a type  [valid-type]
(lnmds)jose/ext/translation.py:38:50: note: Perhaps you need "Callable[...]" or a callback protocol?
(lnmds)jose/ext/translation.py:41:51: error: Function "builtins.any" is not valid as a type  [valid-type]
(lnmds)jose/ext/translation.py:41:51: note: Perhaps you need "Callable[...]" or a callback protocol?
(lnmds)jose/ext/translation.py:70:29: error: any? has no attribute "text"  [attr-defined]
(lnmds)jose/ext/translation.py:71:12: error: any? has no attribute "status"  [attr-defined]
(lnmds)jose/ext/translation.py:72:37: error: any? has no attribute "status"  [attr-defined]
(lnmds)jose/ext/translation.py:84:22: error: any? has no attribute "text"  [attr-defined]
(lnmds)jose/ext/translation.py:85:12: error: any? has no attribute "status"  [attr-defined]
(lnmds)jose/ext/translation.py:87:37: error: any? has no attribute "status"  [attr-defined]
(lnmds)jose/ext/common.py:165:43: error: Function "builtins.any" is not valid as a type  [valid-type]
(lnmds)jose/ext/common.py:165:43: note: Perhaps you need "Callable[...]" or a callback protocol?
(lnmds)jose/ext/metrics.py:84:9: error: '<nothing>' object is not iterable  [misc]
(lnmds)jose/ext/metrics.py:84:49: error: Argument 1 to "enumerate" has incompatible type "int"; expected "Iterable[<nothing>]"  [arg-type]
(lnmds)jose/ext/metrics.py:85:40: error: Cannot determine type of 'any_id'  [has-type]
(lnmds)jose/ext/metrics.py:87:28: error: Cannot determine type of 'any_id'  [has-type]
(lnmds)jose/ext/metrics.py:87:28: error: Cannot determine type of 'count'  [has-type]
(lnmds)jose/ext/metrics.py:89:24: error: Cannot determine type of 'count'  [has-type]
(lnmds)jose/ext/gambling.py:19:1: error: Unexpected keyword argument "requires" for "__init_subclass__" of "object"  [call-arg]
(lnmds)jose/ext/stats.py:21:1: error: Unexpected keyword argument "requires" for "__init_subclass__" of "object"  [call-arg]
(lnmds)jose/ext/lottery.py:20:1: error: Unexpected keyword argument "requires" for "__init_subclass__" of "object"  [call-arg]

[RRepo](tchellomello)home-assistant
(tchellomello)home-assistant/homeassistant/auth/util.py: error: Duplicate module named 'util' (also at '/home/bew/archive/typed_project/(tchellomello)home-assistant/homeassistant/util/__init__.py')  [misc]
Found 1 error in 1 file (checked 634 source files)

[RRepo](loopspace)microbit
(loopspace)microbit/enigma/enigma.py:51:9: error: Name 'pin12' is not defined  [name-defined]
(loopspace)microbit/enigma/enigma.py:51:15: error: Name 'pin13' is not defined  [name-defined]
(loopspace)microbit/enigma/enigma.py:51:21: error: Name 'pin14' is not defined  [name-defined]
(loopspace)microbit/enigma/enigma.py:51:27: error: Name 'pin15' is not defined  [name-defined]
(loopspace)microbit/enigma/enigma.py:51:33: error: Name 'pin16' is not defined  [name-defined]
(loopspace)microbit/enigma/enigma.py:66:9: error: Name 'display' is not defined  [name-defined]
(loopspace)microbit/enigma/enigma.py:69:13: error: Name 'display' is not defined  [name-defined]
(loopspace)microbit/enigma/enigma.py:70:13: error: Name 'sleep' is not defined  [name-defined]
(loopspace)microbit/enigma/enigma.py:71:13: error: Name 'display' is not defined  [name-defined]
(loopspace)microbit/lego/acrobot/acrobot_capacitor.py:9:1: error: Name 'pin1' is not defined  [name-defined]
(loopspace)microbit/lego/acrobot/acrobot_capacitor.py:21:1: error: Name 'pin1' is not defined  [name-defined]
(loopspace)microbit/lego/acrobot/acrobot.py:10:1: error: Name 'pin1' is not defined  [name-defined]
(loopspace)microbit/minimove/main.py:4:15: error: Name 'pin0' is not defined  [name-defined]
(loopspace)microbit/minimove/main.py:7:1: error: Name 'pin1' is not defined  [name-defined]
(loopspace)microbit/minimove/main.py:8:1: error: Name 'pin2' is not defined  [name-defined]
(loopspace)microbit/minimove/main.py:55:8: error: Name 'accelerometer' is not defined  [name-defined]
(loopspace)microbit/minimove/main.py:56:12: error: Name 'button_a' is not defined  [name-defined]
(loopspace)microbit/minimove/main.py:60:12: error: Name 'button_b' is not defined  [name-defined]
(loopspace)microbit/minimove/main.py:65:9: error: Name 'display' is not defined  [name-defined]
(loopspace)microbit/minimove/main.py:71:20: error: Name 'running_time' is not defined  [name-defined]
(loopspace)microbit/minimove/main.py:73:13: error: Name 'display' is not defined  [name-defined]
(loopspace)microbit/minimove/main.py:73:26: error: Name 'Image' is not defined  [name-defined]
(loopspace)microbit/minimove/main.py:74:33: error: Name 'running_time' is not defined  [name-defined]
(loopspace)microbit/minimove/main.py:78:22: error: Name 'running_time' is not defined  [name-defined]
(loopspace)microbit/minimove/main.py:82:13: error: Name 'display' is not defined  [name-defined]
(loopspace)microbit/minimove/main.py:82:26: error: Name 'Image' is not defined  [name-defined]
(loopspace)microbit/minimove/main.py:85:20: error: Name 'running_time' is not defined  [name-defined]
(loopspace)microbit/minimove/main.py:87:13: error: Name 'display' is not defined  [name-defined]
(loopspace)microbit/minimove/main.py:87:26: error: Name 'Image' is not defined  [name-defined]
(loopspace)microbit/minimove/main.py:88:33: error: Name 'running_time' is not defined  [name-defined]
(loopspace)microbit/minimove/main.py:92:22: error: Name 'running_time' is not defined  [name-defined]
(loopspace)microbit/minimove/main.py:96:13: error: Name 'display' is not defined  [name-defined]
(loopspace)microbit/minimove/main.py:96:26: error: Name 'Image' is not defined  [name-defined]
(loopspace)microbit/minimove/remove.py:11:15: error: Name 'pin0' is not defined  [name-defined]
(loopspace)microbit/minimove/remove.py:14:1: error: Name 'pin1' is not defined  [name-defined]
(loopspace)microbit/minimove/remove.py:15:1: error: Name 'pin2' is not defined  [name-defined]
(loopspace)microbit/minimove/remove.py:113:13: error: Name 'display' is not defined  [name-defined]
(loopspace)microbit/minimove/remove.py:113:26: error: Name 'Image' is not defined  [name-defined]
(loopspace)microbit/minimove/remove.py:120:17: error: Name 'display' is not defined  [name-defined]
(loopspace)microbit/minimove/remove.py:120:30: error: Name 'Image' is not defined  [name-defined]
(loopspace)microbit/minimove/remove.py:126:17: error: Name 'display' is not defined  [name-defined]
(loopspace)microbit/minimove/remove.py:126:30: error: Name 'Image' is not defined  [name-defined]
(loopspace)microbit/minimove/remove.py:130:13: error: Name 'display' is not defined  [name-defined]
(loopspace)microbit/minimove/remove.py:130:26: error: Name 'Image' is not defined  [name-defined]
(loopspace)microbit/ziphalo/test.py:167:1: error: Name 'display' is not defined  [name-defined]
(loopspace)microbit/ziphalo/test.py:170:1: error: Name 'display' is not defined  [name-defined]
(loopspace)microbit/ziphalo/gravity.py:12:24: error: Name 'pin0' is not defined  [name-defined]
(loopspace)microbit/ziphalo/gravity.py:15:6: error: Name 'running_time' is not defined  [name-defined]
(loopspace)microbit/ziphalo/gravity.py:24:10: error: Name 'accelerometer' is not defined  [name-defined]
(loopspace)microbit/ziphalo/gravity.py:25:10: error: Name 'accelerometer' is not defined  [name-defined]
(loopspace)microbit/ziphalo/gravity.py:26:11: error: Name 'running_time' is not defined  [name-defined]
(loopspace)microbit/ziphalo/gravity.py:27:10: error: Name 'running_time' is not defined  [name-defined]
(loopspace)microbit/ziphalo/gravity.py:30:5: error: Incompatible types in assignment (expression has type "float", variable has type "int")  [assignment]
(loopspace)microbit/ziphalo/chase.py:13:24: error: Name 'pin0' is not defined  [name-defined]
(loopspace)microbit/ziphalo/chase.py:16:6: error: Name 'running_time' is not defined  [name-defined]
(loopspace)microbit/ziphalo/chase.py:17:6: error: Name 'running_time' is not defined  [name-defined]
(loopspace)microbit/ziphalo/chase.py:19:12: error: Name 'running_time' is not defined  [name-defined]
(loopspace)microbit/ziphalo/chase.py:20:12: error: Name 'running_time' is not defined  [name-defined]
(loopspace)microbit/ziphalo/chase.py:31:12: error: Name 'button_b' is not defined  [name-defined]
(loopspace)microbit/ziphalo/chase.py:32:13: error: Name 'display' is not defined  [name-defined]
(loopspace)microbit/ziphalo/chase.py:34:12: error: Name 'button_a' is not defined  [name-defined]
(loopspace)microbit/ziphalo/chase.py:37:24: error: Name 'running_time' is not defined  [name-defined]
(loopspace)microbit/ziphalo/chase.py:38:24: error: Name 'running_time' is not defined  [name-defined]
(loopspace)microbit/ziphalo/chase.py:39:18: error: Name 'running_time' is not defined  [name-defined]
(loopspace)microbit/ziphalo/chase.py:43:18: error: Name 'running_time' is not defined  [name-defined]
(loopspace)microbit/ziphalo/chase.py:44:13: error: Name 'display' is not defined  [name-defined]
(loopspace)microbit/ziphalo/chase.py:51:8: error: Name 'running_time' is not defined  [name-defined]
(loopspace)microbit/ziphalo/chase.py:53:48: error: Name 'running_time' is not defined  [name-defined]
(loopspace)microbit/ziphalo/chase.py:58:8: error: Name 'running_time' is not defined  [name-defined]
(loopspace)microbit/ziphalo/chase.py:67:10: error: Name 'accelerometer' is not defined  [name-defined]
(loopspace)microbit/ziphalo/chase.py:68:10: error: Name 'accelerometer' is not defined  [name-defined]
(loopspace)microbit/ziphalo/chase.py:69:11: error: Name 'running_time' is not defined  [name-defined]
(loopspace)microbit/ziphalo/chase.py:70:10: error: Name 'running_time' is not defined  [name-defined]
(loopspace)microbit/ziphalo/chase.py:73:5: error: Incompatible types in assignment (expression has type "float", variable has type "int")  [assignment]
(loopspace)microbit/ziphalo/chase.py:84:17: error: Name 'display' is not defined  [name-defined]
(loopspace)microbit/ziphalo/chase.py:86:17: error: Name 'display' is not defined  [name-defined]
(loopspace)microbit/ziphalo/chase.py:89:21: error: Incompatible types in assignment (expression has type "str", variable has type "int")  [assignment]
(loopspace)microbit/ziphalo/chase.py:89:37: error: Name 'running_time' is not defined  [name-defined]
(loopspace)microbit/ziphalo/chase.py:90:13: error: Name 'display' is not defined  [name-defined]
(loopspace)microbit/ziphalo/chase.py:94:20: error: Name 'running_time' is not defined  [name-defined]
(loopspace)microbit/ziphalo/circuit.py:46:24: error: Name 'pin0' is not defined  [name-defined]
(loopspace)microbit/ziphalo/circuit.py:67:5: error: Name 'sleep' is not defined  [name-defined]
(loopspace)microbit/ziphalo/ball.py:41:24: error: Name 'pin0' is not defined  [name-defined]
(loopspace)microbit/ziphalo/ball.py:53:25: error: List item 0 has incompatible type "float"; expected "int"  [list-item]
(loopspace)microbit/ziphalo/ball.py:54:25: error: List item 0 has incompatible type "float"; expected "int"  [list-item]
(loopspace)microbit/ziphalo/ball.py:56:6: error: Name 'running_time' is not defined  [name-defined]
(loopspace)microbit/ziphalo/ball.py:57:6: error: Name 'running_time' is not defined  [name-defined]
(loopspace)microbit/ziphalo/ball.py:63:11: error: Name 'running_time' is not defined  [name-defined]
(loopspace)microbit/ziphalo/ball.py:64:10: error: Name 'running_time' is not defined  [name-defined]
(loopspace)microbit/ziphalo/ball.py:65:10: error: Name 'accelerometer' is not defined  [name-defined]
(loopspace)microbit/ziphalo/ball.py:66:10: error: Name 'accelerometer' is not defined  [name-defined]
(loopspace)microbit/ziphalo/ball.py:75:27: error: List item 0 has incompatible type "float"; expected "int"  [list-item]
(loopspace)microbit/ziphalo/ball.py:83:9: error: No overload variant of "__setitem__" of "list" matches argument types "int", "float"  [call-overload]
(loopspace)microbit/ziphalo/ball.py:83:9: note: Possible overload variants:
(loopspace)microbit/ziphalo/ball.py:83:9: note:     def __setitem__(self, int, int) -> None
(loopspace)microbit/ziphalo/ball.py:83:9: note:     def __setitem__(self, slice, Iterable[int]) -> None
(loopspace)microbit/ziphalo/ball.py:103:9: error: Incompatible types in assignment (expression has type "List[int]", variable has type "Set[int]")  [assignment]
(loopspace)microbit/lego/ev3.py:308:30: error: Cannot determine type of '_protocol'  [has-type]
(loopspace)microbit/lego/ev3.py:309:28: error: Cannot determine type of '_device'  [has-type]
(loopspace)microbit/lego/ev3.py:310:28: error: Cannot determine type of '_socket'  [has-type]
(loopspace)microbit/lego/ev3.py:367:20: error: Incompatible return value type (got "int", expected "bytes")  [return-value]
(loopspace)microbit/lego/ev3.py:520:16: error: Name 'av' is not defined  [name-defined]
(loopspace)microbit/lego/ev3.py:522:26: error: Name 'av' is not defined  [name-defined]
(loopspace)microbit/lego/ev3.py:524:26: error: Name 'av' is not defined  [name-defined]
(loopspace)microbit/lego/ev3.py:526:26: error: Name 'av' is not defined  [name-defined]
(loopspace)microbit/speed/speed_pc.py:6:7: error: Need type annotation for 'key'  [var-annotated]
(loopspace)microbit/speed/speed_pc.py:49:16: error: Module has no attribute "queue"  [attr-defined]
(loopspace)microbit/speed/speed_pc.py:50:19: error: Module has no attribute "queue"  [attr-defined]
(loopspace)microbit/speed/speed_pygame.py:29:1: error: Need type annotation for 'times' (hint: "times: List[<type>] = ...")  [var-annotated]
(loopspace)microbit/speed/speed_pygame.py:33:1: error: Need type annotation for 'scores' (hint: "scores: Dict[<type>, <type>] = ...")  [var-annotated]
(loopspace)microbit/speed/speed_pygame.py:46:1: error: Need type annotation for 'disqualified' (hint: "disqualified: List[<type>] = ...")  [var-annotated]
(loopspace)microbit/speed/speed_pygame.py:85:26: error: Module has no attribute "MICROBITEVENT"  [attr-defined]
(loopspace)microbit/lego/R3ptar.py:41:14: error: Module has no attribute "queue"  [attr-defined]
(loopspace)microbit/lego/edubot.py:21:14: error: Module has no attribute "queue"  [attr-defined]
(loopspace)microbit/lego/Track3r.py:32:14: error: Module has no attribute "queue"  [attr-defined]
Found 112 errors in 16 files (checked 26 source files)

[RRepo](evancasey)demeter
(evancasey)demeter/demeter/rl/env/gym.py:16: error: Name 'gym.Env' is not defined  [name-defined]
(evancasey)demeter/demeter/rl/env/gym.py:37: error: Name 'gym.Space' is not defined  [name-defined]
(evancasey)demeter/demeter/rl/env/gym.py:41: error: Name 'gym.Space' is not defined  [name-defined]
(evancasey)demeter/demeter/rl/actor_critic.py:43:16: error: Unsupported operand types for >= ("int" and "None")  [operator]
(evancasey)demeter/demeter/rl/actor_critic.py:43:16: note: Right operand is of type "Optional[int]"
(evancasey)demeter/demeter/rl/common/buffer.py:45:25: error: Item "None" of "Optional[Dict[str, Union[Any, Any, List[Any]]]]" has no attribute "items"  [union-attr]
(evancasey)demeter/demeter/rl/common/buffer.py:52:25: error: Item "None" of "Optional[Dict[str, Union[Any, Any, List[Any]]]]" has no attribute "items"  [union-attr]
(evancasey)demeter/demeter/rl/common/buffer.py:111:5: error: Missing return statement  [return]
(evancasey)demeter/demeter/rl/common/buffer.py:111:38: error: Function "buffer.TensorBuffer.slice" is not valid as a type  [valid-type]
(evancasey)demeter/demeter/rl/common/buffer.py:111:38: note: Perhaps you need "Callable[...]" or a callback protocol?
(evancasey)demeter/scripts/pix2pix_facade.py:104:9: error: Cannot assign to a method  [assignment]
(evancasey)demeter/scripts/pix2pix_facade.py:105:9: error: Cannot assign to a method  [assignment]
(evancasey)demeter/scripts/reinforce_cartpole.py:56:11: error: Module has no attribute "make"  [attr-defined]
(evancasey)demeter/scripts/reinforce_cartpole.py:65:19: error: Need type annotation for 'all_eps_rewards'  [var-annotated]
(evancasey)demeter/scripts/create_catdraw_tfrecords.py:47:20: error: Need type annotation for 'fnames_dedup'  [var-annotated]
(evancasey)demeter/scripts/pix2pix_catdraw.py:137:9: error: Cannot assign to a method  [assignment]
(evancasey)demeter/scripts/pix2pix_catdraw.py:138:9: error: Cannot assign to a method  [assignment]
(evancasey)demeter/scripts/dcgan_mnist.py:99:9: error: Cannot assign to a method  [assignment]
(evancasey)demeter/scripts/dcgan_mnist.py:100:9: error: Cannot assign to a method  [assignment]
Found 17 errors in 8 files (checked 20 source files)

[RRepo](DeflatedPickle)pkinter
(DeflatedPickle)pkinter/pkinter/center.py:12:30: error: Invalid type comment or annotation  [valid-type]
(DeflatedPickle)pkinter/pkinter/center.py:28:14: error: "Toplevel" has no attribute "master"  [attr-defined]
(DeflatedPickle)pkinter/pkinter/hyperlink.py:7:1: error: Module 'tkinter' has no attribute 'font'  [attr-defined]
(DeflatedPickle)pkinter/pkinter/entryspinbox.py:15:20: error: Name 'ttk.Spinbox' is not defined  [name-defined]
(DeflatedPickle)pkinter/pkinter_test.py:21:11: error: Module has no attribute "Toolbar"  [attr-defined]
(DeflatedPickle)pkinter/pkinter_test.py:35:13: error: Module has no attribute "Statusbar"  [attr-defined]
(DeflatedPickle)pkinter/pkinter_test.py:57:7: error: Module has no attribute "ToggledLabelFrame"  [attr-defined]
(DeflatedPickle)pkinter/pkinter_test.py:65:6: error: Module has no attribute "LabeledSeparator"  [attr-defined]
(DeflatedPickle)pkinter/pkinter_test.py:70:6: error: Module has no attribute "RoundingScale"  [attr-defined]
(DeflatedPickle)pkinter/pkinter_test.py:75:6: error: Module has no attribute "EntryText"  [attr-defined]
(DeflatedPickle)pkinter/pkinter_test.py:80:6: error: Module has no attribute "LimitedEntry"  [attr-defined]
(DeflatedPickle)pkinter/pkinter_test.py:85:7: error: Module has no attribute "ColourPickerButton"  [attr-defined]
(DeflatedPickle)pkinter/pkinter_test.py:90:6: error: Module has no attribute "EditableLabel"  [attr-defined]
(DeflatedPickle)pkinter/pkinter_test.py:95:6: error: Module has no attribute "CollapsiblePane"  [attr-defined]
(DeflatedPickle)pkinter/pkinter_test.py:103:6: error: Module has no attribute "Hyperlink"  [attr-defined]
(DeflatedPickle)pkinter/pkinter_test.py:108:6: error: Module has no attribute "PageView"  [attr-defined]
(DeflatedPickle)pkinter/pkinter_test.py:129:6: error: Module has no attribute "BoundButton"  [attr-defined]
(DeflatedPickle)pkinter/pkinter_test.py:134:6: error: Module has no attribute "ValidEntry"  [attr-defined]
(DeflatedPickle)pkinter/pkinter_test.py:139:6: error: Module has no attribute "ChoiceBook"  [attr-defined]
(DeflatedPickle)pkinter/pkinter_test.py:156:6: error: Module has no attribute "PasswordEntry"  [attr-defined]
(DeflatedPickle)pkinter/pkinter_test.py:161:6: error: Module has no attribute "InvalidEntry"  [attr-defined]
(DeflatedPickle)pkinter/pkinter_test.py:166:6: error: Module has no attribute "ListBook"  [attr-defined]
(DeflatedPickle)pkinter/pkinter_test.py:183:6: error: Module has no attribute "AccelLabel"  [attr-defined]
(DeflatedPickle)pkinter/pkinter_test.py:188:6: error: Module has no attribute "InfoBar"  [attr-defined]
(DeflatedPickle)pkinter/pkinter_test.py:193:6: error: Module has no attribute "LockButton"  [attr-defined]
(DeflatedPickle)pkinter/pkinter_test.py:198:6: error: Module has no attribute "ToggleButton"  [attr-defined]
(DeflatedPickle)pkinter/pkinter_test.py:203:6: error: Module has no attribute "ScaleSwitch"  [attr-defined]
(DeflatedPickle)pkinter/pkinter_test.py:208:6: error: Module has no attribute "ButtonSwitch"  [attr-defined]
(DeflatedPickle)pkinter/pkinter_test.py:213:6: error: Module has no attribute "FilePicker"  [attr-defined]
(DeflatedPickle)pkinter/pkinter_test.py:218:6: error: Module has no attribute "DirectoryPicker"  [attr-defined]
(DeflatedPickle)pkinter/pkinter_test.py:223:1: error: Module has no attribute "center_on_screen"  [attr-defined]
(DeflatedPickle)pkinter/pkinter_test.py:228:1: error: Module has no attribute "center_on_parent"  [attr-defined]
Found 32 errors in 4 files (checked 35 source files)

[RRepo](naturalness)sensibility
(naturalness)sensibility/sensibility/sentences.py:25:1: error: Module 'sensibility' has no attribute 'current_language'  [attr-defined]

[RRepo](benmoran56)esper
(benmoran56)esper/esper.py:63:9: error: "Processor" has no attribute "priority"  [attr-defined]
(benmoran56)esper/esper.py:64:36: error: Incompatible types in assignment (expression has type "World", variable has type "None")  [assignment]
(benmoran56)esper/esper.py:78:5: error: Missing return statement  [return]
(benmoran56)esper/esper.py:248:17: error: Incompatible types in "yield" (actual type "Tuple[Any, List[Any]]", expected type "Tuple[int, ...]")  [misc]
(benmoran56)esper/examples/benchmark.py:131:11: error: Need type annotation for 'results'  [var-annotated]
(benmoran56)esper/examples/benchmark.py:132:1: error: Need type annotation for 'result_times' (hint: "result_times: List[<type>] = ...")  [var-annotated]
(benmoran56)esper/examples/benchmark.py:185:5: error: Need type annotation for 'lines' (hint: "lines: List[<type>] = ...")  [var-annotated]
(benmoran56)esper/examples/benchmark_cache.py:117:1: error: Need type annotation for 'current_run' (hint: "current_run: List[<type>] = ...")  [var-annotated]
(benmoran56)esper/examples/pythonista_ios_example.py:7:18: error: Name 'SpriteNode' is not defined  [name-defined]
(benmoran56)esper/examples/pythonista_ios_example.py:32:16: error: Name 'Scene' is not defined  [name-defined]
(benmoran56)esper/examples/pythonista_ios_example.py:69:5: error: Name 'run' is not defined  [name-defined]
Found 11 errors in 4 files (checked 10 source files)

[RRepo](automl)RoBO
(automl)RoBO/experiments/fabolas/run_mtbo.py:83:1: error: Need type annotation for 'test_error' (hint: "test_error: List[<type>] = ...")  [var-annotated]
(automl)RoBO/experiments/fabolas/run_fabolas.py:144:1: error: Need type annotation for 'test_error' (hint: "test_error: List[<type>] = ...")  [var-annotated]
(automl)RoBO/experiments/bayesopt/run_direct_synthetic_funcs.py:86:21: error: Incompatible types in assignment (expression has type "List[Any]", target has type "str")  [assignment]
(automl)RoBO/experiments/bayesopt/run_direct_synthetic_funcs.py:87:21: error: Incompatible types in assignment (expression has type "int", target has type "str")  [assignment]
(automl)RoBO/experiments/bayesopt/run_direct_synthetic_funcs.py:88:25: error: Incompatible types in assignment (expression has type "List[Optional[Any]]", target has type "str")  [assignment]
(automl)RoBO/experiments/bayesopt/run_direct_synthetic_funcs.py:89:31: error: Incompatible types in assignment (expression has type "List[float]", target has type "str")  [assignment]
(automl)RoBO/experiments/bayesopt/run_direct_synthetic_funcs.py:90:16: error: Incompatible types in assignment (expression has type "List[Any]", target has type "str")  [assignment]
(automl)RoBO/experiments/bayesopt/run_direct_synthetic_funcs.py:91:16: error: Incompatible types in assignment (expression has type "List[Any]", target has type "str")  [assignment]
(automl)RoBO/experiments/bayesopt/run_scipy_synthetic_funcs.py:89:21: error: Incompatible types in assignment (expression has type "List[Any]", target has type "str")  [assignment]
(automl)RoBO/experiments/bayesopt/run_scipy_synthetic_funcs.py:90:21: error: Incompatible types in assignment (expression has type "int", target has type "str")  [assignment]
(automl)RoBO/experiments/bayesopt/run_scipy_synthetic_funcs.py:91:25: error: Incompatible types in assignment (expression has type "List[Optional[Any]]", target has type "str")  [assignment]
(automl)RoBO/experiments/bayesopt/run_scipy_synthetic_funcs.py:92:31: error: Incompatible types in assignment (expression has type "List[float]", target has type "str")  [assignment]
(automl)RoBO/experiments/bayesopt/run_scipy_synthetic_funcs.py:93:16: error: Incompatible types in assignment (expression has type "List[Any]", target has type "str")  [assignment]
(automl)RoBO/experiments/bayesopt/run_scipy_synthetic_funcs.py:94:16: error: Incompatible types in assignment (expression has type "List[Any]", target has type "str")  [assignment]
(automl)RoBO/experiments/bayesopt/run_mtbo_surrogate.py:56:1: error: Need type annotation for 'test_error' (hint: "test_error: List[<type>] = ...")  [var-annotated]
(automl)RoBO/experiments/bayesopt/run_cmaes_surrogate.py:88:25: error: Incompatible types in assignment (expression has type "List[List[Any]]", target has type "List[int]")  [assignment]
(automl)RoBO/experiments/bayesopt/run_cmaes_surrogate.py:90:21: error: Incompatible types in assignment (expression has type "str", target has type "List[int]")  [assignment]
(automl)RoBO/experiments/bayesopt/run_cmaes_surrogate.py:91:24: error: Incompatible types in assignment (expression has type "str", target has type "List[int]")  [assignment]
(automl)RoBO/experiments/bayesopt/run_cmaes_surrogate.py:92:21: error: Incompatible types in assignment (expression has type "int", target has type "List[int]")  [assignment]
(automl)RoBO/experiments/bayesopt/run_cmaes_surrogate.py:93:25: error: Incompatible types in assignment (expression has type "List[Optional[Any]]", target has type "List[int]")  [assignment]
(automl)RoBO/experiments/bayesopt/run_cmaes_surrogate.py:94:31: error: Incompatible types in assignment (expression has type "List[float]", target has type "List[int]")  [assignment]
(automl)RoBO/experiments/bayesopt/run_direct_surrogate.py:86:25: error: Incompatible types in assignment (expression has type "List[List[Any]]", target has type "List[int]")  [assignment]
(automl)RoBO/experiments/bayesopt/run_direct_surrogate.py:88:21: error: Incompatible types in assignment (expression has type "str", target has type "List[int]")  [assignment]
(automl)RoBO/experiments/bayesopt/run_direct_surrogate.py:89:24: error: Incompatible types in assignment (expression has type "str", target has type "List[int]")  [assignment]
(automl)RoBO/experiments/bayesopt/run_direct_surrogate.py:90:21: error: Incompatible types in assignment (expression has type "int", target has type "List[int]")  [assignment]
(automl)RoBO/experiments/bayesopt/run_direct_surrogate.py:91:25: error: Incompatible types in assignment (expression has type "List[Optional[Any]]", target has type "List[int]")  [assignment]
(automl)RoBO/experiments/bayesopt/run_direct_surrogate.py:92:31: error: Incompatible types in assignment (expression has type "List[float]", target has type "List[int]")  [assignment]
(automl)RoBO/experiments/bayesopt/run_scipy_surrogate.py:82:25: error: Incompatible types in assignment (expression has type "List[List[Any]]", target has type "List[int]")  [assignment]
(automl)RoBO/experiments/bayesopt/run_scipy_surrogate.py:84:21: error: Incompatible types in assignment (expression has type "str", target has type "List[int]")  [assignment]
(automl)RoBO/experiments/bayesopt/run_scipy_surrogate.py:85:24: error: Incompatible types in assignment (expression has type "str", target has type "List[int]")  [assignment]
(automl)RoBO/experiments/bayesopt/run_scipy_surrogate.py:86:21: error: Incompatible types in assignment (expression has type "int", target has type "List[int]")  [assignment]
(automl)RoBO/experiments/bayesopt/run_scipy_surrogate.py:87:25: error: Incompatible types in assignment (expression has type "List[Optional[Any]]", target has type "List[int]")  [assignment]
(automl)RoBO/experiments/bayesopt/run_scipy_surrogate.py:88:31: error: Incompatible types in assignment (expression has type "List[float]", target has type "List[int]")  [assignment]
(automl)RoBO/experiments/bayesopt/run_cmaes_synthetic_funcs.py:87:21: error: Incompatible types in assignment (expression has type "List[Any]", target has type "str")  [assignment]
(automl)RoBO/experiments/bayesopt/run_cmaes_synthetic_funcs.py:88:21: error: Incompatible types in assignment (expression has type "int", target has type "str")  [assignment]
(automl)RoBO/experiments/bayesopt/run_cmaes_synthetic_funcs.py:89:25: error: Incompatible types in assignment (expression has type "List[Optional[Any]]", target has type "str")  [assignment]
(automl)RoBO/experiments/bayesopt/run_cmaes_synthetic_funcs.py:90:31: error: Incompatible types in assignment (expression has type "List[float]", target has type "str")  [assignment]
(automl)RoBO/experiments/bayesopt/run_cmaes_synthetic_funcs.py:91:16: error: Incompatible types in assignment (expression has type "List[Any]", target has type "str")  [assignment]
(automl)RoBO/experiments/bayesopt/run_cmaes_synthetic_funcs.py:92:16: error: Incompatible types in assignment (expression has type "List[Any]", target has type "str")  [assignment]
Found 39 errors in 9 files (checked 83 source files)

[RRepo](damoti)shipmaster
Success: no issues found in 23 source files

[RRepo](wagtail)wagtail
(wagtail)wagtail/wagtail/admin/rich_text/__init__.py: error: Duplicate module named 'rich_text' (also at '/home/bew/archive/typed_project/(wagtail)wagtail/wagtail/documents/rich_text/__init__.py')  [misc]
Found 1 error in 1 file (checked 207 source files)

[RRepo](crate)crate-admin
(crate)crate-admin/setup.py:39:9: error: Name 'Path' is not defined  [name-defined]
Found 1 error in 1 file (checked 1 source file)

[RRepo](kevinkahn)softconsole
(kevinkahn)softconsole/hubs/isy/isycodes.py:52:1: error: Need type annotation for 'AlertNodes' (hint: "AlertNodes: Dict[<type>, <type>] = ...")  [var-annotated]
(kevinkahn)softconsole/hubs/ha/domains/ignore.py:8:1: error: Need type annotation for 'IngoredEntities' (hint: "IngoredEntities: Dict[<type>, <type>] = ...")  [var-annotated]
(kevinkahn)softconsole/stores/weathprov/providerutils.py:7:1: error: Need type annotation for 'WeathProvs' (hint: "WeathProvs: Dict[<type>, <type>] = ...")  [var-annotated]
(kevinkahn)softconsole/stores/weathprov/providerutils.py:9:1: error: Need type annotation for 'TermShortener' (hint: "TermShortener: Dict[<type>, <type>] = ...")  [var-annotated]
(kevinkahn)softconsole/deprecated/ft5406.py:267:3: error: Name 'signal' is not defined  [name-defined]

[RRepo](muddyfish)PYKE
(muddyfish)PYKE/type/type_time.py:177:1: error: "Type[TypeTime]" has no attribute "default_time"  [attr-defined]

[RRepo](Jokiva)Computational-Physics
(Jokiva)Computational-Physics/lecture 14/Problem_3.py:74:17: error: No overload variant of "__getitem__" of "list" matches argument type "Tuple[slice, int]"  [call-overload]
(Jokiva)Computational-Physics/lecture 14/Problem_3.py:74:17: note: Possible overload variants:
(Jokiva)Computational-Physics/lecture 14/Problem_3.py:74:17: note:     def __getitem__(self, int) -> List[Any]
(Jokiva)Computational-Physics/lecture 14/Problem_3.py:74:17: note:     def __getitem__(self, slice) -> List[List[Any]]
(Jokiva)Computational-Physics/lecture 14/Problem_3.py:80:17: error: No overload variant of "__getitem__" of "list" matches argument type "Tuple[slice, int]"  [call-overload]
(Jokiva)Computational-Physics/lecture 14/Problem_3.py:80:17: note: Possible overload variants:
(Jokiva)Computational-Physics/lecture 14/Problem_3.py:80:17: note:     def __getitem__(self, int) -> Tuple[Any, Any]
(Jokiva)Computational-Physics/lecture 14/Problem_3.py:80:17: note:     def __getitem__(self, slice) -> List[Tuple[Any, Any]]
(Jokiva)Computational-Physics/lecture 8/cubic_spline.py:187:22: error: Too many arguments for "spline_function"  [call-arg]
(Jokiva)Computational-Physics/lecture 12/1c.py:7:1: error: Name 'f' already defined (possibly by an import)  [no-redef]
(Jokiva)Computational-Physics/lecture 12/1ab.py:6:1: error: Name 'f' already defined (possibly by an import)  [no-redef]
(Jokiva)Computational-Physics/lecture 11/1a.py:9:1: error: Name 'f' already defined (possibly by an import)  [no-redef]
(Jokiva)Computational-Physics/lecture 11/1a.py:13:1: error: Name 'g' already defined (possibly by an import)  [no-redef]
(Jokiva)Computational-Physics/lecture 10/simpson_err.py:8:1: error: Name 'f' already defined (possibly by an import)  [no-redef]
(Jokiva)Computational-Physics/lecture 10/romberg_err.py:8:1: error: Name 'f' already defined (possibly by an import)  [no-redef]
(Jokiva)Computational-Physics/lecture 10/trapezoidal_err.py:8:1: error: Name 'f' already defined (possibly by an import)  [no-redef]
(Jokiva)Computational-Physics/lecture 10/Problem 2.py:7:1: error: Name 'f' already defined (possibly by an import)  [no-redef]
Found 11 errors in 9 files (checked 29 source files)

[RRepo](hail-is)hail
(hail-is)hail/hail/src/test/resources/makeTestInfoScore.py:110:17: error: Missing parentheses in call to 'print'. Did you mean print(dx)?  [syntax]
Found 1 error in 1 file (checked 136 source files)

[RRepo](the-c0d3r)admin-finder
(the-c0d3r)admin-finder/lib/connection.py:21: error: Bracketed expression "[...]" is not valid as a type  [misc]
(the-c0d3r)admin-finder/lib/connection.py:21: note: Did you mean "List[...]"?
(the-c0d3r)admin-finder/lib/connection.py:62: error: Bracketed expression "[...]" is not valid as a type  [misc]
(the-c0d3r)admin-finder/lib/connection.py:62: note: Did you mean "List[...]"?
(the-c0d3r)admin-finder/lib/connection.py:71: error: Bracketed expression "[...]" is not valid as a type  [misc]
(the-c0d3r)admin-finder/lib/connection.py:71: note: Did you mean "List[...]"?
(the-c0d3r)admin-finder/lib/connection.py:105:22: error: Incompatible types in assignment (expression has type "List[Any]", variable has type "Dict[Any, Any]")  [assignment]

[RRepo](nismod)smif
(nismod)smif/src/smif/data_layer/results.py:26:13: error: Attribute '_store' already defined on line 24  [no-redef]
(nismod)smif/tests/data_layer/test_config_store.py:33:26: error: Incompatible types in assignment (expression has type "int", target has type "str")  [assignment]
(nismod)smif/docs/conf.py:39:21: error: Argument 1 to "getfile" has incompatible type "Optional[FrameType]"; expected "Union[Module, Type[Any], MethodType, FunctionType, TracebackType, FrameType, CodeType, Callable[..., Any]]"  [arg-type]
(nismod)smif/docs/conf.py:182:5: error: Name 'version' already defined on line 123  [no-redef]
(nismod)smif/src/smif/cli/log.py:113:1: error: "Type[Logger]" has no attribute "profiling_start"  [attr-defined]
(nismod)smif/src/smif/cli/log.py:114:1: error: "Type[Logger]" has no attribute "profiling_stop"  [attr-defined]
(nismod)smif/src/smif/cli/log.py:115:1: error: "Type[Logger]" has no attribute "summary"  [attr-defined]
(nismod)smif/src/smif/cli/log.py:116:1: error: "Type[Logger]" has no attribute "_profile"  [attr-defined]
Found 8 errors in 4 files (checked 58 source files)

[RRepo](lkorigin)laniakea
(lkorigin)laniakea/src/laniakea/logging.py:32:5: error: Module has no attribute "basicConfig"  [attr-defined]
(lkorigin)laniakea/src/laniakea/logging.py:32:27: error: Module has no attribute "INFO"  [attr-defined]
(lkorigin)laniakea/src/mirk/mirk/config.py:34:5: error: Need type annotation for 'rooms' (hint: "rooms: List[<type>] = ...")  [var-annotated]
(lkorigin)laniakea/src/laniakea/db/base.py:26:1: error: Relative import climbs too many namespaces  [misc]
(lkorigin)laniakea/src/laniakea/localconfig.py:68:9: error: Need type annotation for 'endpoints_jobs' (hint: "endpoints_jobs: List[<type>] = ...")  [var-annotated]
(lkorigin)laniakea/src/laniakea/localconfig.py:69:9: error: Need type annotation for 'endpoints_submit' (hint: "endpoints_submit: List[<type>] = ...")  [var-annotated]
(lkorigin)laniakea/src/laniakea/localconfig.py:70:9: error: Need type annotation for 'endpoints_publish' (hint: "endpoints_publish: List[<type>] = ...")  [var-annotated]
(lkorigin)laniakea/src/laniakea/localconfig.py:72:9: error: Need type annotation for 'servers_jobs' (hint: "servers_jobs: List[<type>] = ...")  [var-annotated]
(lkorigin)laniakea/src/laniakea/localconfig.py:73:9: error: Need type annotation for 'servers_submit' (hint: "servers_submit: List[<type>] = ...")  [var-annotated]
(lkorigin)laniakea/src/laniakea/localconfig.py:74:9: error: Need type annotation for 'servers_publish' (hint: "servers_publish: List[<type>] = ...")  [var-annotated]
(lkorigin)laniakea/src/rubicon/rubicon/rubiconfig.py:34:5: error: Need type annotation for 'trusted_gpg_keyrings' (hint: "trusted_gpg_keyrings: List[<type>] = ...")  [var-annotated]
(lkorigin)laniakea/src/webswview/manage.py:19:1: error: Module 'lkswview' has no attribute 'create_app'  [attr-defined]
Found 12 errors in 6 files (checked 50 source files)

[RRepo](CenterForOpenScience)modular-file-renderer
(CenterForOpenScience)modular-file-renderer/mfr/core/provider.py:7:1: error: Module 'mfr.server' has no attribute 'settings'  [attr-defined]

[RRepo](ChristianKuehnel)plantgateway
(ChristianKuehnel)plantgateway/plantgw/plantgw.py:26:1: error: Module 'plantgw' has no attribute '__version__'  [attr-defined]
(ChristianKuehnel)plantgateway/plantgw/plantgw.py:225:9: error: "None" has no attribute "publish"  [attr-defined]
(ChristianKuehnel)plantgateway/plantgw/plantgw.py:302:13: error: "None" has no attribute "publish"  [attr-defined]
Found 3 errors in 1 file (checked 2 source files)

[RRepo](mirceamironenco)GANs
Success: no issues found in 3 source files

[RRepo](MobSF)Mobile-Security-Framework-MobSF
(MobSF)Mobile-Security-Framework-MobSF/StaticAnalyzer/views/android/binary_analysis.py:284:1: error: Missing return statement  [return]
(MobSF)Mobile-Security-Framework-MobSF/StaticAnalyzer/views/android/binary_analysis.py:304:9: error: Need type annotation for 'elf_an_dic' (hint: "elf_an_dic: Dict[<type>, <type>] = ...")  [var-annotated]
(MobSF)Mobile-Security-Framework-MobSF/StaticAnalyzer/views/android/binary_analysis.py:327:38: error: Value of type "Optional[Tuple[str, str, str]]" is not indexable  [index]
(MobSF)Mobile-Security-Framework-MobSF/StaticAnalyzer/views/android/binary_analysis.py:328:37: error: Value of type "Optional[Tuple[str, str, str]]" is not indexable  [index]
(MobSF)Mobile-Security-Framework-MobSF/StaticAnalyzer/views/android/binary_analysis.py:329:37: error: Value of type "Optional[Tuple[str, str, str]]" is not indexable  [index]
(MobSF)Mobile-Security-Framework-MobSF/StaticAnalyzer/views/comparer.py:42:24: error: Need type annotation for 'flat_results'  [var-annotated]
(MobSF)Mobile-Security-Framework-MobSF/StaticAnalyzer/views/comparer.py:114:9: error: Unsupported target for indexed assignment  [index]
(MobSF)Mobile-Security-Framework-MobSF/StaticAnalyzer/views/comparer.py:120:13: error: Unsupported target for indexed assignment  [index]
(MobSF)Mobile-Security-Framework-MobSF/StaticAnalyzer/views/comparer.py:126:13: error: Unsupported target for indexed assignment  [index]
(MobSF)Mobile-Security-Framework-MobSF/StaticAnalyzer/views/comparer.py:128:13: error: Unsupported target for indexed assignment  [index]
(MobSF)Mobile-Security-Framework-MobSF/StaticAnalyzer/views/comparer.py:160:13: error: Unsupported target for indexed assignment  [index]
(MobSF)Mobile-Security-Framework-MobSF/StaticAnalyzer/views/comparer.py:165:13: error: Unsupported target for indexed assignment  [index]
(MobSF)Mobile-Security-Framework-MobSF/StaticAnalyzer/views/comparer.py:170:13: error: Unsupported target for indexed assignment  [index]
(MobSF)Mobile-Security-Framework-MobSF/StaticAnalyzer/views/comparer.py:174:13: error: Unsupported target for indexed assignment  [index]
(MobSF)Mobile-Security-Framework-MobSF/StaticAnalyzer/views/comparer.py:178:13: error: Unsupported target for indexed assignment  [index]
(MobSF)Mobile-Security-Framework-MobSF/StaticAnalyzer/views/comparer.py:182:13: error: Unsupported target for indexed assignment  [index]
(MobSF)Mobile-Security-Framework-MobSF/install/windows/setup.py:21:5: error: Name 'urlrequest' already defined (by an import)  [no-redef]
Found 17 errors in 3 files (checked 38 source files)

