[RRepo](sliceofcode)dogbot
(sliceofcode)dogbot/dog/core/utils/enum.py:1:1: error: Module 'enum' has no attribute 'Enum'  [attr-defined]
(sliceofcode)dogbot/dog/core/utils/enum.py:13:39: error: Name 'DogbotContext' is not defined  [name-defined]
(sliceofcode)dogbot/dog/core/context.py:173:24: error: Module has no attribute "format_list"  [attr-defined]

[RRepo](movidius)ncappzoo
(movidius)ncappzoo/apps/classifier_grid/canvas.py:105:9: error: Need type annotation for '_grid_image_list' (hint: "_grid_image_list: List[<type>] = ...")  [var-annotated]
(movidius)ncappzoo/apps/classifier_grid/canvas.py:106:9: error: Need type annotation for '_large_image_list' (hint: "_large_image_list: List[<type>] = ...")  [var-annotated]
(movidius)ncappzoo/apps/classifier_grid/canvas.py:114:9: error: No overload variant of "__setitem__" of "list" matches argument types "int", "int"  [call-overload]
(movidius)ncappzoo/apps/classifier_grid/canvas.py:114:9: note: Possible overload variants:
(movidius)ncappzoo/apps/classifier_grid/canvas.py:114:9: note:     def __setitem__(self, int, None) -> None
(movidius)ncappzoo/apps/classifier_grid/canvas.py:114:9: note:     def __setitem__(self, slice, Iterable[None]) -> None
(movidius)ncappzoo/apps/classifier_grid/canvas.py:205:39: error: Argument 1 to "draw_inference_label" of "Canvas" has incompatible type "Optional[str]"; expected "str"  [arg-type]
(movidius)ncappzoo/apps/classifier_grid/canvas.py:304:44: error: Argument 3 to "_put_text_on_canvas" of "Canvas" has incompatible type "None"; expected "int"  [arg-type]
(movidius)ncappzoo/apps/classifier_grid/canvas.py:311:65: error: Argument 3 to "_put_text_on_canvas" of "Canvas" has incompatible type "None"; expected "int"  [arg-type]
(movidius)ncappzoo/apps/classifier_grid/canvas.py:323:15: error: Unsupported operand types for - ("None" and "int")  [operator]
(movidius)ncappzoo/apps/classifier_grid/canvas.py:331:15: error: Unsupported operand types for - ("None" and "int")  [operator]
(movidius)ncappzoo/apps/mnist_calc/calcui.py:150:6: error: Read-only property cannot override read-write property  [misc]
(movidius)ncappzoo/apps/mnist_calc/calcui.py:156:6: error: Read-only property cannot override read-write property  [misc]
(movidius)ncappzoo/apps/classifier_gui/classifier_gui.py:19:1: error: Name 'Image' already defined (possibly by an import)  [no-redef]
Found 11 errors in 3 files (checked 16 source files)

[RRepo](portfoliome)foil
(portfoliome)foil/foil/counting.py:10:15: error: Need type annotation for 'counter'  [var-annotated]

[RRepo](coblo)pyiscclib
(coblo)pyiscclib/src/iscclib/data.py:83:5: error: Need type annotation for 'ids' (hint: "ids: Set[<type>] = ...")  [var-annotated]
(coblo)pyiscclib/src/iscclib/instance.py:111:5: error: Need type annotation for 'ids' (hint: "ids: Set[<type>] = ...")  [var-annotated]
(coblo)pyiscclib/ci/appveyor-bootstrap.py:17:5: error: Module 'urllib' has no attribute 'urlretrieve'  [attr-defined]
(coblo)pyiscclib/ci/appveyor-bootstrap.py:17:5: error: Name 'urlretrieve' already defined (possibly by an import)  [no-redef]
Found 4 errors in 3 files (checked 26 source files)

[RRepo](motion-planning)rrt-algorithms
Success: no issues found in 12 source files

[RRepo](Nexterot)labyrinth-project
Success: no issues found in 14 source files

[RRepo](c3cashdesk)postix
(c3cashdesk)postix/src/tests/core/utils/test_iputils.py:6:1: error: Relative import climbs too many namespaces  [misc]
(c3cashdesk)postix/src/tests/backoffice/test_backoffice_views_auth.py:3:1: error: Relative import climbs too many namespaces  [misc]
(c3cashdesk)postix/src/tests/backoffice/test_access.py:6:1: error: Relative import climbs too many namespaces  [misc]
(c3cashdesk)postix/src/tests/backoffice/test_views_supply.py:5:1: error: Relative import climbs too many namespaces  [misc]
(c3cashdesk)postix/src/tests/backoffice/test_checks.py:6:1: error: Relative import climbs too many namespaces  [misc]
(c3cashdesk)postix/src/tests/backoffice/test_views_user_management.py:4:1: error: Relative import climbs too many namespaces  [misc]
(c3cashdesk)postix/src/tests/backoffice/test_views_records.py:5:1: error: Relative import climbs too many namespaces  [misc]
(c3cashdesk)postix/src/tests/backoffice/test_backoffice_views_session.py:5:1: error: Relative import climbs too many namespaces  [misc]
(c3cashdesk)postix/src/tests/troubleshooter/test_troubleshooter_access.py:7:1: error: Relative import climbs too many namespaces  [misc]
(c3cashdesk)postix/src/tests/troubleshooter/test_troubleshooter_views_information.py:3:1: error: Relative import climbs too many namespaces  [misc]
(c3cashdesk)postix/src/tests/troubleshooter/test_troubleshooter_views_transactions.py:3:1: error: Relative import climbs too many namespaces  [misc]
(c3cashdesk)postix/src/tests/troubleshooter/test_troubleshooter_views_preorder.py:5:1: error: Relative import climbs too many namespaces  [misc]
(c3cashdesk)postix/src/tests/troubleshooter/test_troubleshooter_views_auth.py:3:1: error: Relative import climbs too many namespaces  [misc]
(c3cashdesk)postix/src/tests/troubleshooter/test_troubleshooter_views_ping.py:5:1: error: Relative import climbs too many namespaces  [misc]
(c3cashdesk)postix/src/tests/troubleshooter/test_invoicing.py:5:1: error: Relative import climbs too many namespaces  [misc]
(c3cashdesk)postix/src/tests/desk/test_views.py:3:1: error: Relative import climbs too many namespaces  [misc]
(c3cashdesk)postix/src/postix/backoffice/views/user_management.py:10:1: error: Relative import climbs too many namespaces  [misc]
(c3cashdesk)postix/src/postix/backoffice/views/user_management.py:11:1: error: Relative import climbs too many namespaces  [misc]
(c3cashdesk)postix/src/postix/troubleshooter/views/desk.py:6:1: error: Relative import climbs too many namespaces  [misc]
(c3cashdesk)postix/src/postix/troubleshooter/views/main.py:7:1: error: Relative import climbs too many namespaces  [misc]
(c3cashdesk)postix/src/postix/troubleshooter/views/preorders.py:8:1: error: Relative import climbs too many namespaces  [misc]
(c3cashdesk)postix/src/postix/troubleshooter/views/preorders.py:9:1: error: Relative import climbs too many namespaces  [misc]
(c3cashdesk)postix/src/postix/troubleshooter/views/constraints.py:9:1: error: Relative import climbs too many namespaces  [misc]
(c3cashdesk)postix/src/postix/api/auth.py:8:1: error: Relative import climbs too many namespaces  [misc]
(c3cashdesk)postix/src/postix/api/auth.py:9:1: error: Relative import climbs too many namespaces  [misc]
(c3cashdesk)postix/src/postix/troubleshooter/views/transactions.py:12:1: error: Relative import climbs too many namespaces  [misc]
(c3cashdesk)postix/src/postix/troubleshooter/views/transactions.py:15:1: error: Relative import climbs too many namespaces  [misc]
(c3cashdesk)postix/src/postix/troubleshooter/views/transactions.py:16:1: error: Relative import climbs too many namespaces  [misc]
(c3cashdesk)postix/src/postix/troubleshooter/context.py:4:1: error: Relative import climbs too many namespaces  [misc]
(c3cashdesk)postix/src/postix/desk/views.py:13:1: error: Relative import climbs too many namespaces  [misc]
(c3cashdesk)postix/src/postix/desk/views.py:14:1: error: Relative import climbs too many namespaces  [misc]
(c3cashdesk)postix/src/tests/troubleshooter/test_troubleshooter_views_constraints.py:5:1: error: Relative import climbs too many namespaces  [misc]
(c3cashdesk)postix/src/postix/core/admin.py:7:1: error: Module 'core.models' has no attribute 'Asset'  [attr-defined]
(c3cashdesk)postix/src/postix/core/admin.py:7:1: error: Module 'core.models' has no attribute 'Cashdesk'  [attr-defined]
(c3cashdesk)postix/src/postix/core/admin.py:7:1: error: Module 'core.models' has no attribute 'CashdeskSession'  [attr-defined]
(c3cashdesk)postix/src/postix/core/admin.py:7:1: error: Module 'core.models' has no attribute 'EventSettings'  [attr-defined]
(c3cashdesk)postix/src/postix/core/admin.py:7:1: error: Module 'core.models' has no attribute 'Item'  [attr-defined]
(c3cashdesk)postix/src/postix/core/admin.py:7:1: error: Module 'core.models' has no attribute 'ItemMovement'  [attr-defined]
(c3cashdesk)postix/src/postix/core/admin.py:7:1: error: Module 'core.models' has no attribute 'ListConstraint'  [attr-defined]
(c3cashdesk)postix/src/postix/core/admin.py:7:1: error: Module 'core.models' has no attribute 'ListConstraintEntry'  [attr-defined]
(c3cashdesk)postix/src/postix/core/admin.py:7:1: error: Module 'core.models' has no attribute 'ListConstraintProduct'  [attr-defined]
(c3cashdesk)postix/src/postix/core/admin.py:7:1: error: Module 'core.models' has no attribute 'Preorder'  [attr-defined]
(c3cashdesk)postix/src/postix/core/admin.py:7:1: error: Module 'core.models' has no attribute 'PreorderPosition'  [attr-defined]
(c3cashdesk)postix/src/postix/core/admin.py:7:1: error: Module 'core.models' has no attribute 'Product'  [attr-defined]
(c3cashdesk)postix/src/postix/core/admin.py:7:1: error: Module 'core.models' has no attribute 'ProductItem'  [attr-defined]
(c3cashdesk)postix/src/postix/core/admin.py:7:1: error: Module 'core.models' has no attribute 'Quota'  [attr-defined]
(c3cashdesk)postix/src/postix/core/admin.py:7:1: error: Module 'core.models' has no attribute 'TimeConstraint'  [attr-defined]
(c3cashdesk)postix/src/postix/core/admin.py:7:1: error: Module 'core.models' has no attribute 'Transaction'  [attr-defined]
(c3cashdesk)postix/src/postix/core/admin.py:7:1: error: Module 'core.models' has no attribute 'TransactionPosition'  [attr-defined]
(c3cashdesk)postix/src/postix/core/admin.py:7:1: error: Module 'core.models' has no attribute 'User'  [attr-defined]
(c3cashdesk)postix/src/postix/core/admin.py:7:1: error: Module 'core.models' has no attribute 'WarningConstraint'  [attr-defined]
(c3cashdesk)postix/src/postix/core/admin.py:7:1: error: Module 'core.models' has no attribute 'WarningConstraintProduct'  [attr-defined]
(c3cashdesk)postix/src/postix/core/admin.py:18:9: error: Need type annotation for 'exclude' (hint: "exclude: List[<type>] = ...")  [var-annotated]
(c3cashdesk)postix/src/postix/core/admin.py:74:5: error: Need type annotation for 'filter_horizontal' (hint: "filter_horizontal: List[<type>] = ...")  [var-annotated]
(c3cashdesk)postix/src/tests/core/models/test_base.py:7:1: error: Relative import climbs too many namespaces  [misc]
(c3cashdesk)postix/src/tests/backoffice/test_wizard.py:10:1: error: Relative import climbs too many namespaces  [misc]
(c3cashdesk)postix/src/tests/api/test_viewsets.py:5:1: error: Relative import climbs too many namespaces  [misc]
(c3cashdesk)postix/src/tests/api/test_actions.py:5:1: error: Relative import climbs too many namespaces  [misc]
(c3cashdesk)postix/src/tests/api/test_auth.py:6:1: error: Relative import climbs too many namespaces  [misc]
(c3cashdesk)postix/src/tests/api/test_sale.py:8:1: error: Relative import climbs too many namespaces  [misc]
(c3cashdesk)postix/src/tests/api/test_preorder_redeem.py:8:1: error: Relative import climbs too many namespaces  [misc]
(c3cashdesk)postix/src/tests/troubleshooter/test_troubleshooter_views_desk.py:7:1: error: Relative import climbs too many namespaces  [misc]
(c3cashdesk)postix/src/postix/core/utils/flow.py:7:1: error: Module 'core.models' has no attribute 'CashdeskSession'  [attr-defined]
(c3cashdesk)postix/src/postix/core/utils/flow.py:7:1: error: Module 'core.models' has no attribute 'ListConstraintEntry'  [attr-defined]
(c3cashdesk)postix/src/postix/core/utils/flow.py:7:1: error: Module 'core.models' has no attribute 'ListConstraintProduct'  [attr-defined]
(c3cashdesk)postix/src/postix/core/utils/flow.py:7:1: error: Module 'core.models' has no attribute 'PreorderPosition'  [attr-defined]
(c3cashdesk)postix/src/postix/core/utils/flow.py:7:1: error: Module 'core.models' has no attribute 'Product'  [attr-defined]
(c3cashdesk)postix/src/postix/core/utils/flow.py:7:1: error: Module 'core.models' has no attribute 'Transaction'  [attr-defined]
(c3cashdesk)postix/src/postix/core/utils/flow.py:7:1: error: Module 'core.models' has no attribute 'TransactionPosition'  [attr-defined]
(c3cashdesk)postix/src/postix/core/utils/flow.py:7:1: error: Module 'core.models' has no attribute 'TransactionPositionItem'  [attr-defined]
(c3cashdesk)postix/src/postix/core/utils/flow.py:7:1: error: Module 'core.models' has no attribute 'User'  [attr-defined]
(c3cashdesk)postix/src/postix/core/models/cashdesk.py:13:1: error: Relative import climbs too many namespaces  [misc]
(c3cashdesk)postix/src/postix/core/models/cashdesk.py:14:1: error: Relative import climbs too many namespaces  [misc]
(c3cashdesk)postix/src/postix/core/models/cashdesk.py:205:28: error: Need type annotation for 'transaction_dict'  [var-annotated]
(c3cashdesk)postix/src/postix/core/models/cashdesk.py:206:25: error: Need type annotation for 'movement_dict'  [var-annotated]
(c3cashdesk)postix/src/postix/core/models/cashdesk.py:207:30: error: Need type annotation for 'post_movement_dict'  [var-annotated]
(c3cashdesk)postix/src/postix/core/models/cashdesk.py:279:13: error: Incompatible return value type (got "Union[Any, int]", expected "Decimal")  [return-value]
Found 77 errors in 37 files (checked 73 source files)

[RRepo](raster-foundry)raster-foundry
(raster-foundry)raster-foundry/app-tasks/rf/src/rf/commands/reprocess_landsat_h.py:7:1: error: Relative import climbs too many namespaces  [misc]
(raster-foundry)raster-foundry/app-tasks/rf/src/rf/commands/reprocess_landsat_h.py:8:1: error: Relative import climbs too many namespaces  [misc]
(raster-foundry)raster-foundry/app-tasks/rf/src/rf/commands/reprocess_landsat_h.py:9:1: error: Relative import climbs too many namespaces  [misc]
(raster-foundry)raster-foundry/app-tasks/rf/src/rf/commands/update_aoi_project.py:6:1: error: Relative import climbs too many namespaces  [misc]
(raster-foundry)raster-foundry/app-tasks/rf/src/rf/commands/export.py:11:1: error: Relative import climbs too many namespaces  [misc]
(raster-foundry)raster-foundry/app-tasks/rf/src/rf/commands/export.py:12:1: error: Relative import climbs too many namespaces  [misc]
(raster-foundry)raster-foundry/app-tasks/rf/src/rf/commands/find_aoi_projects.py:8:1: error: Relative import climbs too many namespaces  [misc]
(raster-foundry)raster-foundry/app-tasks/rf/src/rf/commands/find_aoi_projects.py:12:15: error: Item "None" of "Optional[str]" has no attribute "title"  [union-attr]
(raster-foundry)raster-foundry/app-tasks/rf/src/rf/commands/reprocess_geotiff_to_cog.py:4:1: error: Relative import climbs too many namespaces  [misc]
(raster-foundry)raster-foundry/app-tasks/rf/src/rf/commands/reprocess_geotiff_to_cog.py:5:1: error: Relative import climbs too many namespaces  [misc]
(raster-foundry)raster-foundry/app-tasks/rf/src/rf/commands/reprocess_geotiff_to_cog.py:7:1: error: Relative import climbs too many namespaces  [misc]
(raster-foundry)raster-foundry/app-tasks/rf/src/rf/commands/process_upload.py:7:1: error: Relative import climbs too many namespaces  [misc]
(raster-foundry)raster-foundry/app-tasks/rf/src/rf/commands/process_upload.py:8:1: error: Relative import climbs too many namespaces  [misc]
(raster-foundry)raster-foundry/app-tasks/rf/src/rf/commands/process_upload.py:9:1: error: Relative import climbs too many namespaces  [misc]
(raster-foundry)raster-foundry/app-tasks/rf/src/rf/commands/process_upload.py:10:1: error: Relative import climbs too many namespaces  [misc]
(raster-foundry)raster-foundry/app-tasks/rf/src/rf/commands/process_upload.py:11:1: error: Relative import climbs too many namespaces  [misc]
(raster-foundry)raster-foundry/app-tasks/rf/src/rf/commands/process_upload.py:12:1: error: Relative import climbs too many namespaces  [misc]
(raster-foundry)raster-foundry/app-tasks/rf/src/rf/commands/process_upload.py:13:1: error: Relative import climbs too many namespaces  [misc]
(raster-foundry)raster-foundry/app-tasks/rf/src/rf/commands/ingest_scene.py:8:1: error: Relative import climbs too many namespaces  [misc]
(raster-foundry)raster-foundry/app-tasks/rf/src/rf/commands/ingest_scene.py:9:1: error: Relative import climbs too many namespaces  [misc]
(raster-foundry)raster-foundry/app-tasks/rf/src/rf/commands/ingest_scene.py:10:1: error: Relative import climbs too many namespaces  [misc]
(raster-foundry)raster-foundry/app-tasks/rf/src/rf/commands/reprocess_sentinel.py:8:1: error: Relative import climbs too many namespaces  [misc]
Found 22 errors in 8 files (checked 38 source files)

[RRepo](eliostvs)tomate-statusicon-plugin
Success: no issues found in 3 source files

[RRepo](rr-)szurubooru
(rr-)szurubooru/server/szurubooru/model/post.py:228:6: error: Name 'flags' already defined on line 224  [no-redef]
(rr-)szurubooru/server/szurubooru/migrations/versions/9ef1a1643c2a_update_user_table_for_hardened_passwords.py:23:12: error: Variable "9ef1a1643c2a_update_user_table_for_hardened_passwords.Base" is not valid as a type  [valid-type]
(rr-)szurubooru/server/szurubooru/migrations/versions/9ef1a1643c2a_update_user_table_for_hardened_passwords.py:23:12: error: Invalid base class "Base"  [misc]
(rr-)szurubooru/server/szurubooru/migrations/versions/9837fc981ec7_add_order_to_tag_names.py:22:15: error: Variable "9837fc981ec7_add_order_to_tag_names.Base" is not valid as a type  [valid-type]
(rr-)szurubooru/server/szurubooru/migrations/versions/9837fc981ec7_add_order_to_tag_names.py:22:15: error: Invalid base class "Base"  [misc]
(rr-)szurubooru/server/szurubooru/migrations/versions/5f00af3004a4_add_default_tag_category.py:23:19: error: Variable "5f00af3004a4_add_default_tag_category.Base" is not valid as a type  [valid-type]
(rr-)szurubooru/server/szurubooru/migrations/versions/5f00af3004a4_add_default_tag_category.py:23:19: error: Invalid base class "Base"  [misc]
(rr-)szurubooru/server/szurubooru/rest/app.py:48:20: error: "Iterable[str]" has no attribute "__next__"  [attr-defined]
(rr-)szurubooru/server/szurubooru/func/image_hash.py:157:9: error: Value of type "Union[Any, int]" is not indexable  [index]
(rr-)szurubooru/server/szurubooru/func/image_hash.py:159:9: error: Value of type "Union[Any, int]" is not indexable  [index]
(rr-)szurubooru/server/szurubooru/func/util.py:92:19: error: Incompatible types in assignment (expression has type "Callable[[Dict[_KT, _VT], _KT, _VT], None]", base class "object" defined the type as "Callable[[object, str, Any], None]")  [assignment]
(rr-)szurubooru/server/szurubooru/func/util.py:93:19: error: Incompatible types in assignment (expression has type "Callable[[Dict[_KT, _VT], _KT], None]", base class "object" defined the type as "Callable[[object, str], None]")  [assignment]
(rr-)szurubooru/server/szurubooru/func/user_tokens.py:137:12: error: Incompatible types in assignment (expression has type "Optional[str]", variable has type "str")  [assignment]
Found 13 errors in 8 files (checked 137 source files)

[RRepo](Netflix-Skunkworks)iep-apps
Success: no issues found in 2 source files

[RRepo](Pitt-CSC)PittAPI
(Pitt-CSC)PittAPI/PittAPI/people.py:93:12: error: Incompatible return value type (got "List[Generator[Any, None, None]]", expected "List[Iterator[str]]")  [return-value]
(Pitt-CSC)PittAPI/PittAPI/people.py:93:12: note: "List" is invariant -- see http://mypy.readthedocs.io/en/latest/common_issues.html#variance
(Pitt-CSC)PittAPI/PittAPI/people.py:93:12: note: Consider using "Sequence" instead, which is covariant
(Pitt-CSC)PittAPI/PittAPI/people.py:93:12: note: Perhaps you need a type annotation for "url_list"? Suggestion: "List[Iterator[str]]"
(Pitt-CSC)PittAPI/tests/people_test.py:24:2: error: Argument 1 to "skip" has incompatible type "Type[PeopleTest]"; expected "str"  [arg-type]
(Pitt-CSC)PittAPI/tests/library_test.py:24:2: error: Argument 1 to "skip" has incompatible type "Type[LibraryTest]"; expected "str"  [arg-type]
(Pitt-CSC)PittAPI/tests/news_test.py:24:2: error: Argument 1 to "skip" has incompatible type "Type[NewsTest]"; expected "str"  [arg-type]
(Pitt-CSC)PittAPI/PittAPI/textbook.py:178:48: error: "str" has no attribute "json"  [attr-defined]
(Pitt-CSC)PittAPI/PittAPI/textbook.py:196:79: error: Argument 3 to "_extract_id" has incompatible type "Optional[str]"; expected "str"  [arg-type]
(Pitt-CSC)PittAPI/PittAPI/textbook.py:196:91: error: Argument 4 to "_extract_id" has incompatible type "Optional[str]"; expected "str"  [arg-type]
(Pitt-CSC)PittAPI/PittAPI/laundry.py:71:9: error: Dict entry 1 has incompatible type "str": "int"; expected "str": "str"  [dict-item]
(Pitt-CSC)PittAPI/PittAPI/laundry.py:71:29: error: Item "None" of "Optional[Match[str]]" has no attribute "group"  [union-attr]
(Pitt-CSC)PittAPI/PittAPI/laundry.py:72:9: error: Dict entry 2 has incompatible type "str": "int"; expected "str": "str"  [dict-item]
(Pitt-CSC)PittAPI/PittAPI/laundry.py:72:30: error: Item "None" of "Optional[Match[str]]" has no attribute "group"  [union-attr]
(Pitt-CSC)PittAPI/PittAPI/laundry.py:73:9: error: Dict entry 3 has incompatible type "str": "int"; expected "str": "str"  [dict-item]
(Pitt-CSC)PittAPI/PittAPI/laundry.py:73:28: error: Item "None" of "Optional[Match[str]]" has no attribute "group"  [union-attr]
(Pitt-CSC)PittAPI/PittAPI/laundry.py:74:9: error: Dict entry 4 has incompatible type "str": "int"; expected "str": "str"  [dict-item]
(Pitt-CSC)PittAPI/PittAPI/laundry.py:74:29: error: Item "None" of "Optional[Match[str]]" has no attribute "group"  [union-attr]
Found 15 errors in 6 files (checked 19 source files)

[RRepo](arthurmensch)modl
(arthurmensch)modl/modl/utils/tests/test_system.py:49:1: error: Name 'test_get_data_dir' already defined on line 22  [no-redef]
(arthurmensch)modl/modl/utils/randomkit/tests/test_random.py:7:1: error: Module 'modl.utils.randomkit' has no attribute 'RandomState'  [attr-defined]
(arthurmensch)modl/modl/decomposition/tests/test_fmri.py:8:1: error: Module 'modl.decomposition' has no attribute 'fMRIDictFact'  [attr-defined]
(arthurmensch)modl/modl/input_data/fmri/base.py:69:1: error: Name 'check_embedded_nifti_masker' already defined (possibly by an import)  [no-redef]
(arthurmensch)modl/examples/stability_selection.py:79:1: error: Need type annotation for 'dictionaries_' (hint: "dictionaries_: Dict[<type>, <type>] = ...")  [var-annotated]
(arthurmensch)modl/examples/stability_selection.py:80:1: error: Need type annotation for 'scores' (hint: "scores: Dict[<type>, <type>] = ...")  [var-annotated]
(arthurmensch)modl/exps/multi_decompose_fmri.py:34:2: error: Name 'config' already defined on line 27  [no-redef]
(arthurmensch)modl/exps/multi_decompose_images.py:34:2: error: Name 'config' already defined on line 27  [no-redef]
Found 8 errors in 7 files (checked 34 source files)

[RRepo](steinitzu)spotify-api
(steinitzu)spotify-api/spotify/client.py:19:20: error: Incompatible types in assignment (expression has type "Api", variable has type Module)  [assignment]
(steinitzu)spotify-api/spotify/client.py:20:9: error: Module has no attribute "request"  [attr-defined]
Found 2 errors in 1 file (checked 3 source files)

[RRepo](globality-corp)microcosm-flask
(globality-corp)microcosm-flask/microcosm_flask/tests/conventions/test_crud.py:138:15: error: Not all arguments converted during string formatting  [str-format]
(globality-corp)microcosm-flask/microcosm_flask/tests/conventions/test_crud.py:161:15: error: Not all arguments converted during string formatting  [str-format]
(globality-corp)microcosm-flask/microcosm_flask/swagger/parameters/nested.py:21:39: error: "Field" has no attribute "schema"  [attr-defined]
(globality-corp)microcosm-flask/microcosm_flask/swagger/parameters/enum.py:41:29: error: "Field" has no attribute "by_value"  [attr-defined]
(globality-corp)microcosm-flask/microcosm_flask/swagger/parameters/timestamp.py:16:12: error: "Field" has no attribute "use_isoformat"  [attr-defined]
(globality-corp)microcosm-flask/microcosm_flask/swagger/parameters/timestamp.py:21:12: error: "Field" has no attribute "use_isoformat"  [attr-defined]
(globality-corp)microcosm-flask/microcosm_flask/swagger/parameters/list.py:21:37: error: "Field" has no attribute "container"  [attr-defined]
(globality-corp)microcosm-flask/microcosm_flask/swagger/schemas.py:36:46: error: Argument 1 has incompatible type "Field"; expected "Schema"  [arg-type]
(globality-corp)microcosm-flask/microcosm_flask/swagger/schemas.py:65:19: error: "Field" has no attribute "dump_to"  [attr-defined]
(globality-corp)microcosm-flask/microcosm_flask/swagger/schemas.py:84:55: error: "List" has no attribute "container"  [attr-defined]
(globality-corp)microcosm-flask/microcosm_flask/swagger/schemas.py:85:37: error: "List" has no attribute "container"  [attr-defined]
(globality-corp)microcosm-flask/microcosm_flask/swagger/schemas.py:86:46: error: "List" has no attribute "container"  [attr-defined]
(globality-corp)microcosm-flask/microcosm_flask/tests/test_audit.py:5:1: error: Module 'logging' has no attribute 'DEBUG'  [attr-defined]
(globality-corp)microcosm-flask/microcosm_flask/tests/test_audit.py:5:1: error: Module 'logging' has no attribute 'NOTSET'  [attr-defined]
(globality-corp)microcosm-flask/microcosm_flask/tests/test_audit.py:5:1: error: Module 'logging' has no attribute 'getLogger'  [attr-defined]
(globality-corp)microcosm-flask/microcosm_flask/conventions/logging_level.py:6:1: error: Module 'logging' has no attribute 'PlaceHolder'  [attr-defined]
(globality-corp)microcosm-flask/microcosm_flask/conventions/logging_level.py:6:1: error: Module 'logging' has no attribute 'root'  [attr-defined]
(globality-corp)microcosm-flask/microcosm_flask/swagger/parameters/default.py:2:1: error: Module 'logging' has no attribute 'Logger'  [attr-defined]
(globality-corp)microcosm-flask/microcosm_flask/swagger/definitions.py:19:1: error: Module 'logging' has no attribute 'getLogger'  [attr-defined]
(globality-corp)microcosm-flask/microcosm_flask/errors.py:5:1: error: Module 'logging' has no attribute 'getLogger'  [attr-defined]
(globality-corp)microcosm-flask/microcosm_flask/errors.py:28:15: error: Incompatible types in assignment (expression has type "Nested", base class "Schema" defined the type as "Dict[Any, Any]")  [assignment]
(globality-corp)microcosm-flask/microcosm_flask/audit.py:10:1: error: Module 'logging' has no attribute 'DEBUG'  [attr-defined]
(globality-corp)microcosm-flask/microcosm_flask/audit.py:10:1: error: Module 'logging' has no attribute 'getLogger'  [attr-defined]
(globality-corp)microcosm-flask/microcosm_flask/memory.py:2:1: error: Module 'logging' has no attribute 'Logger'  [attr-defined]
Found 24 errors in 13 files (checked 116 source files)

[RRepo](rokups)Urho3D
(rokups)Urho3D/script/AutoSwig/walkcpp/generator.py:82:31: error: Name 'Module' is not defined  [name-defined]
(rokups)Urho3D/script/AutoSwig/walkcpp/generator.py:93:9: error: Need type annotation for 'pass_factories' (hint: "pass_factories: List[<type>] = ...")  [var-annotated]
Found 2 errors in 1 file (checked 4 source files)

[RRepo](gilesknap)gphotos-sync
(gilesknap)gphotos-sync/gphotos/GooglePhotosIndex.py:38:37: error: Incompatible types in assignment (expression has type "None", variable has type "datetime")  [assignment]
(gilesknap)gphotos-sync/gphotos/GooglePhotosIndex.py:39:35: error: Incompatible types in assignment (expression has type "None", variable has type "datetime")  [assignment]
(gilesknap)gphotos-sync/gphotos/GooglePhotosIndex.py:139:26: error: Incompatible types in assignment (expression has type "None", variable has type "datetime")  [assignment]
(gilesknap)gphotos-sync/gphotos/Utils.py:57:39: error: Variable "Utils.PatType" is not valid as a type  [valid-type]
(gilesknap)gphotos-sync/gphotos/Utils.py:60:15: error: PatType? has no attribute "match"  [attr-defined]
(gilesknap)gphotos-sync/gphotos/Utils.py:64:12: error: Incompatible return value type (got "Optional[datetime]", expected "datetime")  [return-value]
(gilesknap)gphotos-sync/gphotos/Utils.py:78:12: error: Incompatible return value type (got "Optional[datetime]", expected "datetime")  [return-value]
(gilesknap)gphotos-sync/gphotos/LocationUpdate.py:21:37: error: Incompatible types in assignment (expression has type "None", variable has type "datetime")  [assignment]
(gilesknap)gphotos-sync/gphotos/LocationUpdate.py:22:35: error: Incompatible types in assignment (expression has type "None", variable has type "datetime")  [assignment]
(gilesknap)gphotos-sync/gphotos/LocationExtract.py:24:26: error: Incompatible types in assignment (expression has type "None", variable has type "str")  [assignment]
(gilesknap)gphotos-sync/gphotos/LocationExtract.py:25:25: error: Incompatible types in assignment (expression has type "None", variable has type "str")  [assignment]
(gilesknap)gphotos-sync/gphotos/LocationExtract.py:84:27: error: Item "None" of "Optional[Any]" has no attribute "find_element_by_xpath"  [union-attr]
(gilesknap)gphotos-sync/gphotos/LocationExtract.py:85:20: error: Item "None" of "Optional[Any]" has no attribute "find_elements_by_xpath"  [union-attr]
(gilesknap)gphotos-sync/gphotos/LocationExtract.py:88:24: error: Item "None" of "Optional[Any]" has no attribute "find_element_by_xpath"  [union-attr]
(gilesknap)gphotos-sync/gphotos/LocationExtract.py:92:24: error: Item "None" of "Optional[Any]" has no attribute "find_elements_by_xpath"  [union-attr]
(gilesknap)gphotos-sync/gphotos/Main.py:321:39: error: Argument 1 to "parse_args" of "ArgumentParser" has incompatible type "Optional[Dict[Any, Any]]"; expected "Optional[Sequence[str]]"  [arg-type]
(gilesknap)gphotos-sync/gphotos/LocalFilesRow.py:15:24: error: Name 'GooglePhotosRow' is not defined  [name-defined]
(gilesknap)gphotos-sync/gphotos/GooglePhotosDownload.py:53:37: error: Incompatible types in assignment (expression has type "None", variable has type "datetime")  [assignment]
(gilesknap)gphotos-sync/gphotos/GooglePhotosDownload.py:54:35: error: Incompatible types in assignment (expression has type "None", variable has type "datetime")  [assignment]
(gilesknap)gphotos-sync/gphotos/GooglePhotosDownload.py:62:9: error: Need type annotation for 'pool_future_to_media' (hint: "pool_future_to_media: Dict[<type>, <type>] = ...")  [var-annotated]
(gilesknap)gphotos-sync/gphotos/GooglePhotosDownload.py:224:25: error: Incompatible types in assignment (expression has type "None", variable has type "IO[bytes]")  [assignment]
(gilesknap)gphotos-sync/gphotos/GooglePhotosDownload.py:249:45: error: Item "None" of "Optional[Any]" has no attribute "is_video"  [union-attr]
(gilesknap)gphotos-sync/gphotos/GooglePhotosDownload.py:255:55: error: Item "None" of "Optional[Any]" has no attribute "relative_path"  [union-attr]
(gilesknap)gphotos-sync/gphotos/GooglePhotosDownload.py:258:25: error: Item "None" of "Optional[Any]" has no attribute "relative_path"  [union-attr]
(gilesknap)gphotos-sync/gphotos/GooglePhotosDownload.py:258:51: error: Item "None" of "Optional[Any]" has no attribute "id"  [union-attr]
(gilesknap)gphotos-sync/gphotos/GooglePhotosDownload.py:259:25: error: Item "None" of "Optional[Any]" has no attribute "url"  [union-attr]
(gilesknap)gphotos-sync/gphotos/GooglePhotosDownload.py:263:41: error: Item "None" of "Optional[Any]" has no attribute "id"  [union-attr]
(gilesknap)gphotos-sync/gphotos/GooglePhotosDownload.py:266:50: error: Item "None" of "Optional[Any]" has no attribute "relative_path"  [union-attr]
(gilesknap)gphotos-sync/gphotos/restclient.py:58:26: error: Incompatible types in assignment (expression has type "None", variable has type "str")  [assignment]
(gilesknap)gphotos-sync/gphotos/restclient.py:59:32: error: Incompatible types in assignment (expression has type "None", variable has type "str")  [assignment]
(gilesknap)gphotos-sync/gphotos/restclient.py:65:31: error: "Method" has no attribute "parameters"  [attr-defined]
(gilesknap)gphotos-sync/gphotos/restclient.py:75:55: error: Argument 1 to "make_path" of "Method" has incompatible type "Dict[str, Dict[str, str]]"; expected "Dict[str, str]"  [arg-type]
(gilesknap)gphotos-sync/gphotos/restclient.py:84:20: error: Argument "params" to "request" of "Session" has incompatible type "Dict[str, Dict[str, str]]"; expected "Union[None, bytes, MutableMapping[str, str]]"  [arg-type]
Found 33 errors in 8 files (checked 24 source files)

[RRepo](steven-zou)harbor
(steven-zou)harbor/contrib/registryapi/cli.py:35:19: error: invalid syntax  [syntax]
Found 1 error in 1 file (checked 57 source files)

[RRepo](horazont)aioxmpp
(horazont)aioxmpp/tests/xso/test___init__.py: error: Duplicate module named 'test___init__' (also at '/home/bew/archive/typed_project/(horazont)aioxmpp/tests/disco/test___init__.py')  [misc]
Found 1 error in 1 file (checked 90 source files)

[RRepo](zillow)aiographite
(zillow)aiographite/tests/test_graphite_send.py:5:1: error: Module 'asyncio' has no attribute 'test_utils'  [attr-defined]
Found 1 error in 1 file (checked 7 source files)

[RRepo](ChristophGaukel)ev3-python3
(ChristophGaukel)ev3-python3/ev3_sound.py:306:26: error: Incompatible types in assignment (expression has type "int", variable has type "None")  [assignment]
(ChristophGaukel)ev3-python3/ev3_sound.py:313:9: error: Unsupported operand types for + ("None" and "int")  [operator]
(ChristophGaukel)ev3-python3/ev3_sound.py:313:9: error: Incompatible types in assignment (expression has type "int", variable has type "None")  [assignment]
(ChristophGaukel)ev3-python3/ev3_sound.py:317:25: error: Incompatible types in assignment (expression has type "int", variable has type "None")  [assignment]
(ChristophGaukel)ev3-python3/ev3_sound.py:319:5: error: Missing return statement  [return]
(ChristophGaukel)ev3-python3/ev3_sound.py:321:9: error: Unsupported operand types for + ("None" and "int")  [operator]
(ChristophGaukel)ev3-python3/ev3_sound.py:321:9: error: Incompatible types in assignment (expression has type "int", variable has type "None")  [assignment]
(ChristophGaukel)ev3-python3/ev3_sound.py:322:9: error: Unsupported operand types for % ("None" and "int")  [operator]
(ChristophGaukel)ev3-python3/ev3_sound.py:322:9: error: Incompatible types in assignment (expression has type "int", variable has type "None")  [assignment]
(ChristophGaukel)ev3-python3/ev3_file.py:91:23: error: Name 'SysCmdError' is not defined  [name-defined]
(ChristophGaukel)ev3-python3/ev3_file.py:170:23: error: Name 'SysCmdError' is not defined  [name-defined]
Found 11 errors in 2 files (checked 2 source files)

[RRepo](jaywink)federation
(jaywink)federation/federation/protocols/diaspora/signatures.py:5:1: error: Module 'Crypto.PublicKey.RSA' has no attribute 'RsaKey'  [attr-defined]
(jaywink)federation/federation/protocols/diaspora/encrypted.py:5:1: error: Module 'Crypto.Random' has no attribute 'get_random_bytes'  [attr-defined]
(jaywink)federation/federation/entities/mixins.py:12:23: error: Incompatible types in assignment (expression has type "None", variable has type "List[Any]")  [assignment]
(jaywink)federation/federation/entities/mixins.py:13:22: error: Incompatible types in assignment (expression has type "None", variable has type "Set[Any]")  [assignment]
(jaywink)federation/federation/entities/mixins.py:14:24: error: Incompatible types in assignment (expression has type "None", variable has type "List[Any]")  [assignment]
(jaywink)federation/federation/entities/mixins.py:17:27: error: Incompatible types in assignment (expression has type "None", variable has type "str")  [assignment]
(jaywink)federation/federation/entities/mixins.py:20:30: error: Incompatible types in assignment (expression has type "None", variable has type "ActivityType")  [assignment]
(jaywink)federation/federation/tests/entities/activitypub/django/test_views.py:8:1: error: Module 'django.views' has no attribute 'View'  [attr-defined]

[RRepo](ScheduledOvers)quizwipe
(ScheduledOvers)quizwipe/backend/backend.py:5:1: error: Need type annotation for 'sessions' (hint: "sessions: Dict[<type>, <type>] = ...")  [var-annotated]
Found 1 error in 1 file (checked 1 source file)

[RRepo](jopohl)urh
(jopohl)urh/src/urh/plugins/ZeroHide/ZeroHideAction.py:53:9: error: Need type annotation for 'result' (hint: "result: List[<type>] = ...")  [var-annotated]
(jopohl)urh/src/urh/plugins/ZeroHide/ZeroHidePlugin.py:3:1: error: Relative import climbs too many namespaces  [misc]
(jopohl)urh/src/urh/plugins/ZeroHide/ZeroHidePlugin.py:4:1: error: Relative import climbs too many namespaces  [misc]
(jopohl)urh/src/urh/plugins/MessageBreak/MessageBreakPlugin.py:5:1: error: Relative import climbs too many namespaces  [misc]
(jopohl)urh/src/urh/plugins/MessageBreak/MessageBreakPlugin.py:6:1: error: Relative import climbs too many namespaces  [misc]
(jopohl)urh/src/urh/awre/Histogram.py:81:18: error: Need type annotation for 'values'  [var-annotated]
(jopohl)urh/src/urh/controller/dialogs/ProjectDialog.py:32:66: error: Item "None" of "Optional[Any]" has no attribute "participants"  [union-attr]
(jopohl)urh/src/urh/controller/dialogs/ProjectDialog.py:34:48: error: Item "None" of "Optional[Any]" has no attribute "device_conf"  [union-attr]
(jopohl)urh/src/urh/controller/dialogs/ProjectDialog.py:35:42: error: Item "None" of "Optional[Any]" has no attribute "device_conf"  [union-attr]
(jopohl)urh/src/urh/controller/dialogs/ProjectDialog.py:36:47: error: Item "None" of "Optional[Any]" has no attribute "device_conf"  [union-attr]
(jopohl)urh/src/urh/controller/dialogs/ProjectDialog.py:37:42: error: Item "None" of "Optional[Any]" has no attribute "device_conf"  [union-attr]
(jopohl)urh/src/urh/controller/dialogs/ProjectDialog.py:38:51: error: Item "None" of "Optional[Any]" has no attribute "description"  [union-attr]
(jopohl)urh/src/urh/controller/dialogs/ProjectDialog.py:39:43: error: Item "None" of "Optional[Any]" has no attribute "project_path"  [union-attr]
(jopohl)urh/src/urh/controller/dialogs/ProjectDialog.py:40:54: error: Item "None" of "Optional[Any]" has no attribute "broadcast_address_hex"  [union-attr]
(jopohl)urh/src/urh/ui/views/ParticipantTableView.py:22:36: error: Syntax error in type annotation  [syntax]
(jopohl)urh/src/urh/ui/views/ParticipantTableView.py:22:36: note: Suggestion: Use Tuple[T1, ..., Tn] instead of (T1, ..., Tn)
(jopohl)urh/src/urh/ui/views/ZoomAndDropableGraphicView.py:38:20: error: "int" has no attribute "child"  [attr-defined]
(jopohl)urh/src/urh/ui/painting/GridScene.py:106:20: error: Incompatible return value type (got "None", expected "float")  [return-value]
(jopohl)urh/src/urh/ui/painting/Selection.py:120:30: error: Incompatible types in assignment (expression has type "None", variable has type "int")  [assignment]
(jopohl)urh/src/urh/signalprocessing/ProtocolGroup.py:11:9: error: Need type annotation for '__items' (hint: "__items: List[<type>] = ...")  [var-annotated]
(jopohl)urh/src/urh/models/MessageTypeTableModel.py:15:9: error: "list" is not subscriptable, use "typing.List" instead  [misc]
(jopohl)urh/src/urh/models/MessageTypeTableModel.py:17:9: error: Need type annotation for 'selected_message_type_indices' (hint: "selected_message_type_indices: Set[<type>] = ...")  [var-annotated]
(jopohl)urh/src/urh/models/ProtocolTreeModel.py:101:16: error: Item "None" of "Optional[Any]" has no attribute "isValid"  [union-attr]
(jopohl)urh/src/urh/models/ProtocolTableModel.py:17: error: Name 'urh' is not defined  [name-defined]
(jopohl)urh/src/urh/models/ProtocolTableModel.py:23:31: error: Invalid type comment or annotation  [valid-type]
(jopohl)urh/src/urh/models/ProtocolTableModel.py:23:31: note: Suggestion: use defaultdict[...] instead of defaultdict(...)
(jopohl)urh/src/urh/simulator/Transcript.py:25:9: error: Need type annotation for 'result' (hint: "result: List[<type>] = ...")  [var-annotated]
(jopohl)urh/src/urh/dev/native/ExtensionHelper.py:206:20: error: Value of type "object" is not indexable  [index]
(jopohl)urh/src/urh/dev/native/ExtensionHelper.py:241:31: error: Incompatible types in assignment (expression has type "None", variable has type "List[str]")  [assignment]
(jopohl)urh/tests/device/TestSoundCard.py:34:19: error: Name 'current_rx' is not defined  [name-defined]
(jopohl)urh/tests/device/TestSoundCard.py:35:9: error: Name 'current_rx' is not defined  [name-defined]
(jopohl)urh/tests/device/TestSoundCard.py:42:32: error: Name 'current_tx' is not defined  [name-defined]
(jopohl)urh/tests/device/TestSoundCard.py:43:9: error: Name 'current_tx' is not defined  [name-defined]
(jopohl)urh/src/urh/plugins/RfCat/RfCatPlugin.py:141:25: error: Cannot find replacement for positional format specifier 2  [str-format]
(jopohl)urh/src/urh/plugins/RfCat/RfCatPlugin.py:156:5: error: Missing return statement  [return]
(jopohl)urh/src/urh/plugins/MessageBreak/MessageBreakAction.py:38:9: error: Need type annotation for 'result' (hint: "result: List[<type>] = ...")  [var-annotated]
(jopohl)urh/src/urh/awre/engines/LengthEngine.py:91:9: error: Need type annotation for 'scored_ranges' (hint: "scored_ranges: Dict[<type>, <type>] = ...")  [var-annotated]
(jopohl)urh/src/urh/awre/engines/LengthEngine.py:128:35: error: Need type annotation for 'possible_window_lengths'  [var-annotated]
(jopohl)urh/src/urh/awre/engines/Engine.py:40:9: error: Need type annotation for 'result' (hint: "result: List[<type>] = ...")  [var-annotated]
(jopohl)urh/src/urh/awre/engines/Engine.py:75:9: error: Need type annotation for 'result' (hint: "result: List[<type>] = ...")  [var-annotated]
(jopohl)urh/src/urh/awre/Preprocessor.py:24:9: error: "list" is not subscriptable, use "typing.List" instead  [misc]
(jopohl)urh/src/urh/awre/Preprocessor.py:27:30: error: Syntax error in type annotation  [syntax]
(jopohl)urh/src/urh/awre/Preprocessor.py:27:30: note: Suggestion: Use Tuple[T1, ..., Tn] instead of (T1, ..., Tn)
(jopohl)urh/src/urh/awre/Preprocessor.py:108:18: error: Need type annotation for 'result'  [var-annotated]
(jopohl)urh/src/urh/awre/Preprocessor.py:180:9: error: Need type annotation for 'result' (hint: "result: Dict[<type>, <type>] = ...")  [var-annotated]
(jopohl)urh/src/urh/awre/Preprocessor.py:237:24: error: Need type annotation for 'sync_lengths'  [var-annotated]
(jopohl)urh/src/urh/awre/CommonRange.py:235:9: error: "list" is not subscriptable, use "typing.List" instead  [misc]
(jopohl)urh/src/urh/ui/views/EpicGraphicView.py:59:9: error: Need type annotation for 'colors' (hint: "colors: List[<type>] = ...")  [var-annotated]
(jopohl)urh/src/urh/ui/views/EpicGraphicView.py:77:37: error: Argument 1 to "append" of "list" has incompatible type "Tuple[float, Any]"; expected "Tuple[int, Any]"  [arg-type]
(jopohl)urh/src/urh/ui/views/EpicGraphicView.py:98:27: error: Incompatible types in assignment (expression has type "Optional[List[Tuple[int, Any]]]", variable has type "List[Tuple[int, Any]]")  [assignment]
(jopohl)urh/src/urh/ui/views/EpicGraphicView.py:99:18: error: Incompatible types in assignment (expression has type "Optional[List[Any]]", variable has type "List[Any]")  [assignment]
(jopohl)urh/src/urh/ui/actions/InsertColumn.py:16:9: error: Need type annotation for 'saved_messages' (hint: "saved_messages: Dict[<type>, <type>] = ...")  [var-annotated]
(jopohl)urh/src/urh/ui/actions/DeleteBitsAndPauses.py:13:9: error: "list" is not subscriptable, use "typing.List" instead  [misc]
(jopohl)urh/src/urh/ui/actions/DeleteBitsAndPauses.py:21:9: error: Need type annotation for 'saved_messages' (hint: "saved_messages: List[<type>] = ...")  [var-annotated]
(jopohl)urh/src/urh/ui/actions/DeleteBitsAndPauses.py:22:9: error: Need type annotation for 'removed_message_indices' (hint: "removed_message_indices: List[<type>] = ...")  [var-annotated]
(jopohl)urh/src/urh/ui/actions/EditSignalAction.py:183:37: error: Item "None" of "Optional[Any]" has no attribute "messages"  [union-attr]
(jopohl)urh/src/urh/ui/actions/Fuzz.py:17:9: error: Need type annotation for 'added_message_indices' (hint: "added_message_indices: List[<type>] = ...")  [var-annotated]
(jopohl)urh/src/urh/signalprocessing/ProtocolAnalyzerContainer.py:69:9: error: Need type annotation for 'result' (hint: "result: List[<type>] = ...")  [var-annotated]
(jopohl)urh/src/urh/signalprocessing/ProtocolAnalyzerContainer.py:116:9: error: "list" is not subscriptable, use "typing.List" instead  [misc]

[RRepo](ysavary)WindMobile2-Server
(ysavary)WindMobile2-Server/providers/yvbeach.py:7:1: error: Module 'commons' has no attribute 'user_agents'  [attr-defined]
(ysavary)WindMobile2-Server/providers/meteoswiss_web.py:5:1: error: Module 'commons' has no attribute 'user_agents'  [attr-defined]
(ysavary)WindMobile2-Server/providers/thunerwetter.py:8:1: error: Module 'commons' has no attribute 'user_agents'  [attr-defined]
(ysavary)WindMobile2-Server/providers/iweathar.py:8:1: error: Module 'commons' has no attribute 'user_agents'  [attr-defined]
Found 4 errors in 4 files (checked 24 source files)

[RRepo](flycheck)flycheck
(flycheck)flycheck/test/resources/language/python/invalid_type.py:2:12: error: Incompatible return value type (got "str", expected "int")  [return-value]
Found 1 error in 1 file (checked 5 source files)

[RRepo](timothycrosley)hug
(timothycrosley)hug/tests/module_fake_simple.py:8:2: error: Module has no attribute "get"  [attr-defined]
(timothycrosley)hug/tests/module_fake_simple.py:13:2: error: Module has no attribute "get"  [attr-defined]
(timothycrosley)hug/hug/defaults.py:26:17: error: Module has no attribute "json"  [attr-defined]
(timothycrosley)hug/hug/defaults.py:27:21: error: Module has no attribute "text"  [attr-defined]
(timothycrosley)hug/hug/defaults.py:30:25: error: Module has no attribute "input_format"  [attr-defined]
(timothycrosley)hug/hug/defaults.py:31:42: error: Module has no attribute "input_format"  [attr-defined]
(timothycrosley)hug/hug/defaults.py:32:28: error: Module has no attribute "input_format"  [attr-defined]
(timothycrosley)hug/hug/defaults.py:33:19: error: Module has no attribute "input_format"  [attr-defined]
(timothycrosley)hug/hug/defaults.py:34:17: error: Module has no attribute "input_format"  [attr-defined]
(timothycrosley)hug/hug/defaults.py:35:18: error: Module has no attribute "input_format"  [attr-defined]
(timothycrosley)hug/hug/defaults.py:39:14: error: Module has no attribute "directives"  [attr-defined]
(timothycrosley)hug/hug/defaults.py:40:12: error: Module has no attribute "directives"  [attr-defined]
(timothycrosley)hug/hug/defaults.py:41:15: error: Module has no attribute "directives"  [attr-defined]
(timothycrosley)hug/hug/defaults.py:42:20: error: Module has no attribute "directives"  [attr-defined]
(timothycrosley)hug/hug/defaults.py:43:20: error: Module has no attribute "directives"  [attr-defined]
(timothycrosley)hug/hug/defaults.py:44:13: error: Module has no attribute "directives"  [attr-defined]
(timothycrosley)hug/hug/defaults.py:45:16: error: Module has no attribute "directives"  [attr-defined]
(timothycrosley)hug/hug/defaults.py:46:22: error: Module has no attribute "directives"  [attr-defined]
(timothycrosley)hug/tests/test_interface.py:27:2: error: Module has no attribute "http"  [attr-defined]
(timothycrosley)hug/tests/module_fake_http_and_cli.py:4:2: error: Module has no attribute "get"  [attr-defined]
(timothycrosley)hug/tests/module_fake_http_and_cli.py:5:2: error: Module has no attribute "cli"  [attr-defined]
(timothycrosley)hug/tests/test_route.py:25:7: error: Module has no attribute "API"  [attr-defined]
(timothycrosley)hug/tests/module_fake_post.py:5:2: error: Module has no attribute "post"  [attr-defined]
(timothycrosley)hug/tests/test_directives.py:28:7: error: Module has no attribute "API"  [attr-defined]
(timothycrosley)hug/tests/test_directives.py:31:1: error: Name '__hug__' is not defined  [name-defined]
(timothycrosley)hug/tests/test_directives.py:151: error: Name 'hug.directives.Timer' is not defined  [name-defined]
(timothycrosley)hug/tests/test_directives.py:201: error: Name 'hug.directives.user' is not defined  [name-defined]
(timothycrosley)hug/tests/test_directives.py:207: error: Name 'hug.directives.user' is not defined  [name-defined]
(timothycrosley)hug/tests/test_directives.py:219: error: Name 'hug.directives.cors' is not defined  [name-defined]
(timothycrosley)hug/tests/test_api.py:26:7: error: Module has no attribute "API"  [attr-defined]

[RRepo](ColumbiaSC-Tech)botty_mcbotface
(ColumbiaSC-Tech)botty_mcbotface/test_botty/tests/test_plugins/test_help.py:3:1: error: Module 'test_botty.mocks' has no attribute 'MockMessage'  [attr-defined]
(ColumbiaSC-Tech)botty_mcbotface/botty_mcbotface/botty/db/routines/routine_populate_db.py:3:1: error: Module 'botty_mcbotface.botty.db' has no attribute 'Channel'  [attr-defined]
(ColumbiaSC-Tech)botty_mcbotface/botty_mcbotface/botty/db/routines/routine_populate_db.py:3:1: error: Module 'botty_mcbotface.botty.db' has no attribute 'User'  [attr-defined]
(ColumbiaSC-Tech)botty_mcbotface/botty_mcbotface/plugins/flipper.py:12:16: error: Cannot infer type argument 2 of "defaultdict"  [misc]
(ColumbiaSC-Tech)botty_mcbotface/test_botty/tests/test_plugins/test_seen.py:5:1: error: Module 'test_botty.mocks' has no attribute 'MockMessage'  [attr-defined]
(ColumbiaSC-Tech)botty_mcbotface/test_botty/tests/test_plugins/test_seen.py:5:1: error: Module 'test_botty.mocks' has no attribute 'MockRequestGET'  [attr-defined]
(ColumbiaSC-Tech)botty_mcbotface/botty_mcbotface/plugins/calendar.py:32:5: error: Need type annotation for '_CACHE' (hint: "_CACHE: Dict[<type>, <type>] = ...")  [var-annotated]
(ColumbiaSC-Tech)botty_mcbotface/botty_mcbotface/plugins/calendar.py:66:12: error: "Type[datetime]" has no attribute "fromisoformat"  [attr-defined]
(ColumbiaSC-Tech)botty_mcbotface/botty_mcbotface/plugins/calendar.py:102:5: error: Unexpected type declaration  [misc]
(ColumbiaSC-Tech)botty_mcbotface/botty_mcbotface/plugins/calendar.py:120:24: error: Item "None" of "Optional[Any]" has no attribute "get"  [union-attr]

[RRepo](fametrano)BitcoinBlockchainTechnology
(fametrano)BitcoinBlockchainTechnology/btclib/dsa.py:190:17: error: "Sequence[Any]" has no attribute "append"  [attr-defined]
(fametrano)BitcoinBlockchainTechnology/btclib/dsa.py:194:17: error: "Sequence[Any]" has no attribute "append"  [attr-defined]
(fametrano)BitcoinBlockchainTechnology/btclib/entropy.py:26:13: error: Argument 1 to "int" has incompatible type "Union[str, int, bytes]"; expected "Union[str, bytes, bytearray]"  [arg-type]
(fametrano)BitcoinBlockchainTechnology/btclib/entropy.py:28:16: error: Unsupported right operand type for in ("Union[int, Tuple[Any, ...]]")  [operator]
(fametrano)BitcoinBlockchainTechnology/btclib/entropy.py:28:20: error: Argument 1 to "len" has incompatible type "Union[str, int, bytes]"; expected "Sized"  [arg-type]
(fametrano)BitcoinBlockchainTechnology/btclib/entropy.py:29:28: error: Argument 1 to "len" has incompatible type "Union[str, int, bytes]"; expected "Sized"  [arg-type]
(fametrano)BitcoinBlockchainTechnology/btclib/entropy.py:31:16: error: Incompatible return value type (got "Union[str, int, bytes]", expected "str")  [return-value]
(fametrano)BitcoinBlockchainTechnology/btclib/entropy.py:33:20: error: Argument 1 to "len" has incompatible type "Union[str, int, bytes]"; expected "Sized"  [arg-type]
(fametrano)BitcoinBlockchainTechnology/btclib/entropy.py:35:16: error: Unsupported right operand type for in ("Union[int, Tuple[Any, ...]]")  [operator]
(fametrano)BitcoinBlockchainTechnology/btclib/entropy.py:38:31: error: Argument 1 to "from_bytes" of "int" has incompatible type "Union[str, int, bytes]"; expected "Sequence[int]"  [arg-type]
(fametrano)BitcoinBlockchainTechnology/btclib/entropy.py:42:19: error: Unsupported operand types for < ("str" and "int")  [operator]
(fametrano)BitcoinBlockchainTechnology/btclib/entropy.py:42:19: error: Unsupported operand types for < ("bytes" and "int")  [operator]
(fametrano)BitcoinBlockchainTechnology/btclib/entropy.py:42:19: note: Left operand is of type "Union[str, int, bytes]"
(fametrano)BitcoinBlockchainTechnology/btclib/entropy.py:43:30: error: On Python 3 '{}'.format(b'abc') produces "b'abc'"; use !r if this is a desired behavior  [str-bytes-safe]
(fametrano)BitcoinBlockchainTechnology/btclib/entropy.py:44:20: error: Argument 1 to "bin" has incompatible type "Union[str, int, bytes]"; expected "Union[int, _SupportsIndex]"  [arg-type]
(fametrano)BitcoinBlockchainTechnology/btclib/entropy.py:46:16: error: Unsupported right operand type for in ("Union[int, Tuple[Any, ...]]")  [operator]
(fametrano)BitcoinBlockchainTechnology/btclib/entropy.py:58:20: error: Argument 1 to "int" has incompatible type "Union[str, int, bytes]"; expected "Union[str, bytes, bytearray]"  [arg-type]
(fametrano)BitcoinBlockchainTechnology/btclib/entropy.py:60:19: error: Unsupported operand types for < ("str" and "int")  [operator]
(fametrano)BitcoinBlockchainTechnology/btclib/entropy.py:60:19: error: Unsupported operand types for < ("bytes" and "int")  [operator]
(fametrano)BitcoinBlockchainTechnology/btclib/entropy.py:60:19: note: Left operand is of type "Union[str, int, bytes]"
(fametrano)BitcoinBlockchainTechnology/btclib/entropy.py:61:30: error: On Python 3 '{}'.format(b'abc') produces "b'abc'"; use !r if this is a desired behavior  [str-bytes-safe]
(fametrano)BitcoinBlockchainTechnology/btclib/entropy.py:62:16: error: Incompatible return value type (got "Union[str, int, bytes]", expected "int")  [return-value]
(fametrano)BitcoinBlockchainTechnology/btclib/entropy.py:64:31: error: Argument 1 to "from_bytes" of "int" has incompatible type "Union[str, int, bytes]"; expected "Sequence[int]"  [arg-type]
(fametrano)BitcoinBlockchainTechnology/btclib/entropy.py:77:20: error: Argument 1 to "len" has incompatible type "Union[str, int, bytes]"; expected "Sized"  [arg-type]
(fametrano)BitcoinBlockchainTechnology/btclib/entropy.py:78:28: error: Argument 1 to "len" has incompatible type "Union[str, int, bytes]"; expected "Sized"  [arg-type]
(fametrano)BitcoinBlockchainTechnology/btclib/entropy.py:80:16: error: Incompatible return value type (got "Union[str, int, bytes]", expected "bytes")  [return-value]
(fametrano)BitcoinBlockchainTechnology/btclib/entropy.py:82:20: error: Argument 1 to "len" has incompatible type "Union[str, int, bytes]"; expected "Sized"  [arg-type]
(fametrano)BitcoinBlockchainTechnology/btclib/entropy.py:87:20: error: Argument 1 to "int" has incompatible type "Union[str, int, bytes]"; expected "Union[str, bytes, bytearray]"  [arg-type]
(fametrano)BitcoinBlockchainTechnology/btclib/entropy.py:90:19: error: Unsupported operand types for < ("str" and "int")  [operator]
(fametrano)BitcoinBlockchainTechnology/btclib/entropy.py:90:19: error: Unsupported operand types for < ("bytes" and "int")  [operator]
(fametrano)BitcoinBlockchainTechnology/btclib/entropy.py:90:19: note: Left operand is of type "Union[str, int, bytes]"
(fametrano)BitcoinBlockchainTechnology/btclib/entropy.py:91:30: error: On Python 3 '{}'.format(b'abc') produces "b'abc'"; use !r if this is a desired behavior  [str-bytes-safe]
(fametrano)BitcoinBlockchainTechnology/btclib/entropy.py:92:16: error: Item "str" of "Union[str, int, bytes]" has no attribute "bit_length"  [union-attr]
(fametrano)BitcoinBlockchainTechnology/btclib/entropy.py:92:16: error: Item "bytes" of "Union[str, int, bytes]" has no attribute "bit_length"  [union-attr]
(fametrano)BitcoinBlockchainTechnology/btclib/entropy.py:97:16: error: Item "str" of "Union[str, int, bytes]" has no attribute "to_bytes"  [union-attr]
(fametrano)BitcoinBlockchainTechnology/btclib/entropy.py:97:16: error: Item "bytes" of "Union[str, int, bytes]" has no attribute "to_bytes"  [union-attr]
(fametrano)BitcoinBlockchainTechnology/btclib/mnemonic.py:75:41: error: Incompatible types in assignment (expression has type "int", target has type "None")  [assignment]
(fametrano)BitcoinBlockchainTechnology/btclib/mnemonic.py:76:43: error: Incompatible types in assignment (expression has type "int", target has type "None")  [assignment]
(fametrano)BitcoinBlockchainTechnology/btclib/mnemonic.py:78:39: error: Incompatible types in assignment (expression has type "List[str]", target has type "None")  [assignment]
(fametrano)BitcoinBlockchainTechnology/btclib/mnemonic.py:82:16: error: Incompatible return value type (got "None", expected "int")  [return-value]
(fametrano)BitcoinBlockchainTechnology/btclib/mnemonic.py:86:16: error: Incompatible return value type (got "None", expected "List[str]")  [return-value]
(fametrano)BitcoinBlockchainTechnology/btclib/mnemonic.py:90:16: error: Incompatible return value type (got "None", expected "int")  [return-value]
(fametrano)BitcoinBlockchainTechnology/btclib/mnemonic.py:106:54: error: Unsupported operand types for divmod ("int" and "None")  [operator]
(fametrano)BitcoinBlockchainTechnology/btclib/mnemonic.py:111:33: error: Unsupported operand types for / ("int" and "None")  [operator]
(fametrano)BitcoinBlockchainTechnology/btclib/mnemonic.py:123:20: error: Value of type "None" is not indexable  [index]
(fametrano)BitcoinBlockchainTechnology/btclib/mnemonic.py:132:20: error: "None" has no attribute "index"  [attr-defined]
(fametrano)BitcoinBlockchainTechnology/btclib/mnemonic.py:141:31: error: Unsupported operand types for * ("int" and "None")  [operator]
(fametrano)BitcoinBlockchainTechnology/btclib/mnemonic.py:147:29: error: Unsupported operand types for * ("int" and "None")  [operator]
(fametrano)BitcoinBlockchainTechnology/btclib/base58.py:127:13: error: On Python 3 '{}'.format(b'abc') produces "b'abc'"; use !r if this is a desired behavior  [str-bytes-safe]
(fametrano)BitcoinBlockchainTechnology/btclib/rfc6979.py:49:13: error: Too few arguments  [call-arg]
(fametrano)BitcoinBlockchainTechnology/btclib/rfc6979.py:70:13: error: Too few arguments  [call-arg]
(fametrano)BitcoinBlockchainTechnology/btclib/rfc6979.py:74:43: error: Argument 3 to "new" has incompatible type "Callable[[Any], Any]"; expected "Union[str, Callable[[], Any], Module, None]"  [arg-type]
(fametrano)BitcoinBlockchainTechnology/btclib/rfc6979.py:75:24: error: Argument 3 to "new" has incompatible type "Callable[[Any], Any]"; expected "Union[str, Callable[[], Any], Module, None]"  [arg-type]
(fametrano)BitcoinBlockchainTechnology/btclib/rfc6979.py:76:43: error: Argument 3 to "new" has incompatible type "Callable[[Any], Any]"; expected "Union[str, Callable[[], Any], Module, None]"  [arg-type]
(fametrano)BitcoinBlockchainTechnology/btclib/rfc6979.py:77:24: error: Argument 3 to "new" has incompatible type "Callable[[Any], Any]"; expected "Union[str, Callable[[], Any], Module, None]"  [arg-type]
(fametrano)BitcoinBlockchainTechnology/btclib/rfc6979.py:82:32: error: Argument 3 to "new" has incompatible type "Callable[[Any], Any]"; expected "Union[str, Callable[[], Any], Module, None]"  [arg-type]
(fametrano)BitcoinBlockchainTechnology/btclib/rfc6979.py:87:38: error: Argument 3 to "new" has incompatible type "Callable[[Any], Any]"; expected "Union[str, Callable[[], Any], Module, None]"  [arg-type]
(fametrano)BitcoinBlockchainTechnology/btclib/rfc6979.py:88:28: error: Argument 3 to "new" has incompatible type "Callable[[Any], Any]"; expected "Union[str, Callable[[], Any], Module, None]"  [arg-type]
(fametrano)BitcoinBlockchainTechnology/btclib/bip32.py:62:10: error: Too many arguments for "HMAC"  [call-arg]
(fametrano)BitcoinBlockchainTechnology/btclib/bip32.py:134:13: error: Too many arguments for "HMAC"  [call-arg]
(fametrano)BitcoinBlockchainTechnology/btclib/bip32.py:152:17: error: Too many arguments for "HMAC"  [call-arg]
(fametrano)BitcoinBlockchainTechnology/btclib/bip32.py:154:17: error: Too many arguments for "HMAC"  [call-arg]
(fametrano)BitcoinBlockchainTechnology/btclib/bip32.py:191:19: error: Incompatible types in assignment (expression has type "Sequence[int]", variable has type "List[int]")  [assignment]
(fametrano)BitcoinBlockchainTechnology/btclib/bip32.py:249:9: error: Too many arguments for "HMAC"  [call-arg]
(fametrano)BitcoinBlockchainTechnology/btclib/borromean.py:78:17: error: Unsupported target for indexed assignment  [index]
(fametrano)BitcoinBlockchainTechnology/btclib/borromean.py:79:17: error: Unsupported target for indexed assignment  [index]
(fametrano)BitcoinBlockchainTechnology/btclib/borromean.py:87:9: error: Unsupported target for indexed assignment  [index]
(fametrano)BitcoinBlockchainTechnology/btclib/borromean.py:91:13: error: Unsupported target for indexed assignment  [index]
(fametrano)BitcoinBlockchainTechnology/btclib/borromean.py:94:13: error: Unsupported target for indexed assignment  [index]
(fametrano)BitcoinBlockchainTechnology/btclib/borromean.py:96:9: error: Unsupported target for indexed assignment  [index]
(fametrano)BitcoinBlockchainTechnology/btclib/borromean.py:127:9: error: Unsupported target for indexed assignment  [index]
(fametrano)BitcoinBlockchainTechnology/btclib/borromean.py:134:17: error: Unsupported target for indexed assignment  [index]
(fametrano)BitcoinBlockchainTechnology/btclib/ssa.py:30:20: error: Too few arguments  [call-arg]
(fametrano)BitcoinBlockchainTechnology/btclib/ssa.py:32:34: error: Too few arguments  [call-arg]
(fametrano)BitcoinBlockchainTechnology/btclib/ssa.py:42:9: error: Too few arguments  [call-arg]
(fametrano)BitcoinBlockchainTechnology/btclib/ssa.py:99:10: error: Unsupported operand types for + ("None" and "int")  [operator]
(fametrano)BitcoinBlockchainTechnology/btclib/ssa.py:99:14: note: Left operand is of type "Union[int, Any, None]"
(fametrano)BitcoinBlockchainTechnology/btclib/ssa.py:247:14: error: Invalid type comment or annotation  [valid-type]
(fametrano)BitcoinBlockchainTechnology/btclib/ssa.py:247:14: note: Suggestion: use Sequence[...] instead of Sequence(...)
(fametrano)BitcoinBlockchainTechnology/btclib/ssa.py:265:9: error: "Sequence[Any]" has no attribute "append"  [attr-defined]
(fametrano)BitcoinBlockchainTechnology/btclib/ssa.py:267:9: error: "Sequence[Any]" has no attribute "append"  [attr-defined]
Found 76 errors in 8 files (checked 31 source files)

[RRepo](carbonblack)cb-integration
(carbonblack)cb-integration/cbint/globals.py:25:1: error: Need type annotation for 'g_status' (hint: "g_status: Dict[<type>, <type>] = ...")  [var-annotated]
(carbonblack)cb-integration/cbint/binary_collector.py:6:1: error: Name 'datetime' already defined (by an import)  [no-redef]
Found 2 errors in 2 files (checked 11 source files)

[RRepo](Islandman93)reinforcepy
(Islandman93)reinforcepy/docs/conf.py:223:1: error: Need type annotation for 'latex_elements' (hint: "latex_elements: Dict[<type>, <type>] = ...")  [var-annotated]
(Islandman93)reinforcepy/reinforcepy/networks/dqn/tflow/dqn_inits.py:2:1: error: Relative import climbs too many namespaces  [misc]
(Islandman93)reinforcepy/reinforcepy/environments/openaigym/gym_atari.py:2:1: error: Relative import climbs too many namespaces  [misc]
(Islandman93)reinforcepy/reinforcepy/environments/openaigym/gym_wrapper.py:1:1: error: Relative import climbs too many namespaces  [misc]
(Islandman93)reinforcepy/reinforcepy/learners/TableLookup/sarsatable.py:1:1: error: Relative import climbs too many namespaces  [misc]
(Islandman93)reinforcepy/reinforcepy/learners/TableLookup/sarsatable.py:3:1: error: Relative import climbs too many namespaces  [misc]
(Islandman93)reinforcepy/reinforcepy/learners/TableLookup/qtable.py:1:1: error: Relative import climbs too many namespaces  [misc]
(Islandman93)reinforcepy/reinforcepy/learners/TableLookup/qtable.py:2:1: error: Relative import climbs too many namespaces  [misc]
(Islandman93)reinforcepy/reinforcepy/networks/dqn/tflow/dqn_inits.py:2:1: error: Relative import climbs too many namespaces  [misc]
(Islandman93)reinforcepy/reinforcepy/learners/dqn/asynchronous/base_thread_learner.py:3:1: error: Module 'reinforcepy.handlers' has no attribute 'ActionHandler'  [attr-defined]
(Islandman93)reinforcepy/reinforcepy/learners/dqn/asynchronous/onestep_sarsa_thread_learner.py:2:1: error: Module 'reinforcepy.learners' has no attribute 'BaseSarsaLearner'  [attr-defined]
(Islandman93)reinforcepy/examples/SimpleQLearn/FrozenLakev0.py:1:1: error: Module 'reinforcepy.environments' has no attribute 'GymWrapper'  [attr-defined]
(Islandman93)reinforcepy/examples/SimpleQLearn/FrozenLakev0.py:2:1: error: Module 'reinforcepy.learners.TableLookup' has no attribute 'QTable'  [attr-defined]
(Islandman93)reinforcepy/examples/SimpleQLearn/FrozenLakev0.py:2:1: error: Module 'reinforcepy.learners.TableLookup' has no attribute 'SARSATable'  [attr-defined]
(Islandman93)reinforcepy/reinforcepy/test/test_actionhandler.py:2:1: error: Module 'reinforcepy.handlers' has no attribute 'ActionHandler'  [attr-defined]
(Islandman93)reinforcepy/reinforcepy/test/test_actionhandler.py:2:1: error: Module 'reinforcepy.handlers' has no attribute 'ActionPolicy'  [attr-defined]
(Islandman93)reinforcepy/reinforcepy/test/test_framebuffer.py:2:1: error: Module 'reinforcepy.handlers' has no attribute 'FrameBuffer'  [attr-defined]
(Islandman93)reinforcepy/reinforcepy/test/test_binarytree.py:3:1: error: Module 'reinforcepy.handlers.experience_replay.prioritized' has no attribute 'Node'  [attr-defined]
(Islandman93)reinforcepy/reinforcepy/test/test_binarytree.py:3:1: error: Module 'reinforcepy.handlers.experience_replay.prioritized' has no attribute 'BinaryTree'  [attr-defined]
(Islandman93)reinforcepy/reinforcepy/environments/ALE/ALE_environment.py:3:1: error: Module 'reinforcepy.environments' has no attribute 'BaseEnvironment'  [attr-defined]
(Islandman93)reinforcepy/reinforcepy/handlers/actionhandler.py:57:60: error: Unsupported left operand type for < ("Number")  [operator]
(Islandman93)reinforcepy/reinforcepy/learners/dqn/asynchronous/q_thread_learner.py:2:1: error: Module 'reinforcepy.learners' has no attribute 'BaseQLearner'  [attr-defined]

[RRepo](laramies)theHarvester
(laramies)theHarvester/tests/discovery/test_githubcode.py:33:9: error: Cannot assign to a method  [assignment]
(laramies)theHarvester/tests/discovery/test_githubcode.py:37:9: error: Cannot assign to a method  [assignment]
(laramies)theHarvester/tests/discovery/test_githubcode.py:42:9: error: Cannot assign to a method  [assignment]
(laramies)theHarvester/tests/discovery/test_githubcode.py:64:9: error: Cannot assign to a method  [assignment]
(laramies)theHarvester/theHarvester/discovery/githubcode.py:23:11: error: Function "builtins.any" is not valid as a type  [valid-type]
(laramies)theHarvester/theHarvester/discovery/githubcode.py:23:11: note: Perhaps you need "Callable[...]" or a callback protocol?
(laramies)theHarvester/theHarvester/discovery/githubcode.py:59:20: error: Incompatible types in assignment (expression has type "List[str]", variable has type "str")  [assignment]
(laramies)theHarvester/theHarvester/discovery/githubcode.py:59:43: error: List item 0 has incompatible type "None"; expected "str"  [list-item]
(laramies)theHarvester/theHarvester/discovery/githubcode.py:61:20: error: Incompatible return value type (got "Union[str, int]", expected "Optional[int]")  [return-value]
(laramies)theHarvester/theHarvester/discovery/githubcode.py:86:27: error: Name 'Core' is not defined  [name-defined]
Found 9 errors in 2 files (checked 46 source files)

[RRepo](playpauseandstop)rororo
Success: no issues found in 9 source files

[RRepo](PhilipTrauner)cmus-osx
(PhilipTrauner)cmus-osx/cmus_osx/__init__.py:42:5: error: "__new__" must return a class instance (got "Optional[_CmusConfig]")  [misc]
Found 1 error in 1 file (checked 5 source files)

[RRepo](CoolProp)CoolProp
(CoolProp)CoolProp/dev/scripts/examples/LinuxRun.py:34:9: error: Name 'Python' is not defined  [name-defined]
(CoolProp)CoolProp/dev/scripts/examples/LinuxRun.py:42:9: error: Name 'Octave' is not defined  [name-defined]
(CoolProp)CoolProp/dev/scripts/examples/LinuxRun.py:44:26: error: Name 'sys' is not defined  [name-defined]
(CoolProp)CoolProp/dev/scripts/examples/LinuxRun.py:52:9: error: Name 'Java' is not defined  [name-defined]
(CoolProp)CoolProp/dev/scripts/examples/LinuxRun.py:54:26: error: Name 'sys' is not defined  [name-defined]
(CoolProp)CoolProp/dev/scripts/examples/LinuxRun.py:63:9: error: Name 'Csharp' is not defined  [name-defined]
(CoolProp)CoolProp/dev/scripts/examples/LinuxRun.py:65:26: error: Name 'sys' is not defined  [name-defined]
(CoolProp)CoolProp/dev/scripts/examples/LinuxRun.py:74:10: error: Name 'R' is not defined  [name-defined]
(CoolProp)CoolProp/dev/scripts/examples/LinuxRun.py:76:26: error: Name 'sys' is not defined  [name-defined]
(CoolProp)CoolProp/dev/scripts/examples/OSXRun.py:34:9: error: Name 'Python' is not defined  [name-defined]
(CoolProp)CoolProp/dev/scripts/examples/OSXRun.py:42:9: error: Name 'Octave' is not defined  [name-defined]
(CoolProp)CoolProp/dev/scripts/examples/OSXRun.py:44:26: error: Name 'sys' is not defined  [name-defined]
(CoolProp)CoolProp/dev/scripts/examples/OSXRun.py:52:9: error: Name 'Java' is not defined  [name-defined]
(CoolProp)CoolProp/dev/scripts/examples/OSXRun.py:54:26: error: Name 'sys' is not defined  [name-defined]
(CoolProp)CoolProp/dev/scripts/examples/OSXRun.py:63:9: error: Name 'Csharp' is not defined  [name-defined]
(CoolProp)CoolProp/dev/scripts/examples/OSXRun.py:65:26: error: Name 'sys' is not defined  [name-defined]
(CoolProp)CoolProp/dev/scripts/examples/OSXRun.py:74:10: error: Name 'R' is not defined  [name-defined]
(CoolProp)CoolProp/dev/scripts/examples/OSXRun.py:76:26: error: Name 'sys' is not defined  [name-defined]
(CoolProp)CoolProp/dev/scripts/viscosity_builder.py:111:10: error: Name 'Model' is not defined  [name-defined]
(CoolProp)CoolProp/dev/scripts/viscosity_builder.py:112:10: error: Name 'Data' is not defined  [name-defined]
(CoolProp)CoolProp/dev/scripts/viscosity_builder.py:113:9: error: Name 'ODR' is not defined  [name-defined]
(CoolProp)CoolProp/dev/scripts/derivative_tester.py:91:1: error: Name 'f' already defined on line 81  [no-redef]
(CoolProp)CoolProp/dev/scripts/derivative_tester.py:101:1: error: Name 'f' already defined on line 81  [no-redef]
(CoolProp)CoolProp/dev/scripts/derivative_tester.py:111:1: error: Name 'f' already defined on line 81  [no-redef]
(CoolProp)CoolProp/dev/scripts/derivative_tester.py:121:1: error: Name 'f' already defined on line 81  [no-redef]
(CoolProp)CoolProp/dev/scripts/derivative_tester.py:131:1: error: Name 'f' already defined on line 81  [no-redef]
(CoolProp)CoolProp/dev/scripts/derivative_tester.py:141:1: error: Name 'f' already defined on line 81  [no-redef]
(CoolProp)CoolProp/dev/scripts/derivative_tester.py:151:1: error: Name 'f' already defined on line 81  [no-redef]
(CoolProp)CoolProp/dev/scripts/derivative_tester.py:161:1: error: Name 'f' already defined on line 81  [no-redef]
(CoolProp)CoolProp/wrappers/Python/CoolProp/Plots/Tests.py:4:1: error: Module 'CoolProp.Plots' has no attribute 'PropertyPlot'  [attr-defined]
(CoolProp)CoolProp/wrappers/Python/CoolProp/Plots/PsychChart.py:185:22: error: Argument 1 to "write" of "IO" has incompatible type "bytes"; expected "str"  [arg-type]
(CoolProp)CoolProp/wrappers/Python/CoolProp/Plots/PsychChart.py:187:5: error: Name 'execfile' is not defined  [name-defined]
(CoolProp)CoolProp/dev/Tickets/1443.py:245:1: error: Need type annotation for 'results' (hint: "results: Dict[<type>, <type>] = ...")  [var-annotated]
(CoolProp)CoolProp/dev/Tickets/351.py:2:1: error: Module 'CoolProp.Plots' has no attribute 'PropertyPlot'  [attr-defined]
(CoolProp)CoolProp/dev/Tickets/1118.py:78:1: error: Module 'CoolProp.Plots' has no attribute 'PropertyPlot'  [attr-defined]
(CoolProp)CoolProp/dev/scripts/fit_saturation_critical_splines.py:209:5: error: Need type annotation for 'e' (hint: "e: Dict[<type>, <type>] = ...")  [var-annotated]
(CoolProp)CoolProp/dev/scripts/fit_saturation_critical_splines.py:277:27: error: Incompatible types in assignment (expression has type "QuadraticFitter", variable has type "CubicFitter")  [assignment]
(CoolProp)CoolProp/dev/scripts/fit_saturation_critical_splines.py:297:27: error: Incompatible types in assignment (expression has type "QuadraticFitter", variable has type "CubicFitter")  [assignment]
(CoolProp)CoolProp/dev/scripts/fit_saturation_critical_splines.py:384:34: error: Trying to read deleted variable 'V'  [misc]
(CoolProp)CoolProp/dev/scripts/convert_FLD.py:130:5: error: Need type annotation for 'ALPHA0' (hint: "ALPHA0: List[<type>] = ...")  [var-annotated]
(CoolProp)CoolProp/dev/scripts/fit_avoid_ECS.py:84:7: error: Name 'Model' is not defined  [name-defined]
(CoolProp)CoolProp/dev/scripts/fit_avoid_ECS.py:85:10: error: Name 'Data' is not defined  [name-defined]
(CoolProp)CoolProp/dev/scripts/fit_avoid_ECS.py:87:9: error: Name 'ODR' is not defined  [name-defined]
(CoolProp)CoolProp/dev/scripts/fit_rational_functions.py:219:31: error: Argument 2 to "dumps" has incompatible type "**Dict[str, int]"; expected "bool"  [arg-type]
(CoolProp)CoolProp/dev/scripts/fit_rational_functions.py:219:31: error: Argument 2 to "dumps" has incompatible type "**Dict[str, int]"; expected "Optional[Type[JSONEncoder]]"  [arg-type]
(CoolProp)CoolProp/dev/scripts/fit_rational_functions.py:219:31: error: Argument 2 to "dumps" has incompatible type "**Dict[str, int]"; expected "Optional[Tuple[str, str]]"  [arg-type]
(CoolProp)CoolProp/dev/scripts/fit_rational_functions.py:219:31: error: Argument 2 to "dumps" has incompatible type "**Dict[str, int]"; expected "Optional[Callable[[Any], Any]]"  [arg-type]
(CoolProp)CoolProp/dev/scripts/fit_rational_functions.py:244:34: error: Argument 2 to "dumps" has incompatible type "**Dict[str, int]"; expected "bool"  [arg-type]
(CoolProp)CoolProp/dev/scripts/fit_rational_functions.py:244:34: error: Argument 2 to "dumps" has incompatible type "**Dict[str, int]"; expected "Optional[Type[JSONEncoder]]"  [arg-type]
(CoolProp)CoolProp/dev/scripts/fit_rational_functions.py:244:34: error: Argument 2 to "dumps" has incompatible type "**Dict[str, int]"; expected "Optional[Tuple[str, str]]"  [arg-type]
(CoolProp)CoolProp/dev/scripts/fit_rational_functions.py:244:34: error: Argument 2 to "dumps" has incompatible type "**Dict[str, int]"; expected "Optional[Callable[[Any], Any]]"  [arg-type]
(CoolProp)CoolProp/dev/scripts/ideal_curves.py:144:26: error: Module has no attribute "iT_triple"  [attr-defined]
(CoolProp)CoolProp/dev/scripts/ideal_curves.py:145:26: error: Module has no attribute "iT_critical"  [attr-defined]
(CoolProp)CoolProp/dev/TTSE/validate_TTSE.py:4:1: error: Module 'CoolProp.Plots' has no attribute 'Ph'  [attr-defined]
(CoolProp)CoolProp/dev/TTSE/check_TTSE_v5.py:159:27: error: Unsupported operand types for / ("List[float]" and "float")  [operator]
(CoolProp)CoolProp/dev/TTSE/check_TTSE_v5.py:169:27: error: Unsupported operand types for / ("List[float]" and "float")  [operator]
(CoolProp)CoolProp/dev/TTSE/TTSE_ranges.py:1:1: error: Module 'CoolProp.Plots' has no attribute 'Ph'  [attr-defined]
(CoolProp)CoolProp/dev/TTSE/TTSE_ranges.py:296:1: error: Name 'get_Z' already defined on line 26  [no-redef]
(CoolProp)CoolProp/dev/TTSE/TTSE_ranges.py:316:1: error: Name 'get_Z' already defined on line 26  [no-redef]
(CoolProp)CoolProp/dev/TTSE/TTSE_ranges.py:323:1: error: Name 'get_Z' already defined on line 26  [no-redef]
(CoolProp)CoolProp/dev/TTSE/TTSE_ranges.py:353:1: error: Name 'get_Z' already defined on line 26  [no-redef]
(CoolProp)CoolProp/dev/TTSE/TTSE_ranges.py:373:1: error: Name 'get_Z' already defined on line 26  [no-redef]
(CoolProp)CoolProp/dev/TTSE/TTSE_ranges.py:380:1: error: Name 'get_Z' already defined on line 26  [no-redef]
(CoolProp)CoolProp/dev/TTSE/check_TTSE_v4.py:172:27: error: Unsupported operand types for / ("List[float]" and "float")  [operator]
(CoolProp)CoolProp/dev/TTSE/check_TTSE_v4.py:182:27: error: Unsupported operand types for / ("List[float]" and "float")  [operator]
(CoolProp)CoolProp/Web/scripts/__init__.py:49:14: error: Incompatible types in assignment (expression has type "time", variable has type "datetime")  [assignment]
(CoolProp)CoolProp/Web/scripts/__init__.py:50:14: error: Incompatible types in assignment (expression has type "time", variable has type "datetime")  [assignment]
(CoolProp)CoolProp/Web/scripts/__init__.py:57:18: error: Unsupported operand types for <= ("datetime" and "time")  [operator]
(CoolProp)CoolProp/dev/incompressible_liquids/CPIncomp/__init__.py:10:1: error: Module 'CPIncomp' has no attribute 'MelinderFluids'; maybe "getMelinderFluids"?  [attr-defined]
(CoolProp)CoolProp/dev/incompressible_liquids/CPIncomp/__init__.py:10:1: error: Module 'CPIncomp' has no attribute 'SolutionFluids'; maybe "getSolutionFluids"?  [attr-defined]
(CoolProp)CoolProp/dev/incompressible_liquids/all_incompressibles.py:70:5: error: Need type annotation for 'doneObjs' (hint: "doneObjs: List[<type>] = ...")  [var-annotated]
(CoolProp)CoolProp/dev/incompressible_liquids/all_incompressibles.py:74:9: error: Need type annotation for 'solObjs' (hint: "solObjs: List[<type>] = ...")  [var-annotated]
(CoolProp)CoolProp/dev/scripts/examples/win64run.py:19:9: error: Name 'Python' is not defined  [name-defined]
(CoolProp)CoolProp/dev/scripts/examples/win64run.py:22:50: error: Name 'sys' is not defined  [name-defined]
(CoolProp)CoolProp/dev/scripts/examples/win64run.py:25:9: error: Name 'Octave' is not defined  [name-defined]
(CoolProp)CoolProp/dev/scripts/examples/win64run.py:29:69: error: Name 'sys' is not defined  [name-defined]
(CoolProp)CoolProp/dev/scripts/examples/win64run.py:32:9: error: Name 'Java' is not defined  [name-defined]
(CoolProp)CoolProp/dev/scripts/examples/win64run.py:36:60: error: Name 'sys' is not defined  [name-defined]
(CoolProp)CoolProp/dev/scripts/examples/win64run.py:41:9: error: Name 'Csharp' is not defined  [name-defined]
(CoolProp)CoolProp/dev/scripts/milestone2rst.py:8:15: error: Incompatible types in assignment (expression has type "bytes", variable has type "str")  [assignment]
(CoolProp)CoolProp/dev/scripts/milestone2rst.py:9:15: error: "str" has no attribute "decode"; maybe "encode"?  [attr-defined]
(CoolProp)CoolProp/dev/scripts/milestone2rst.py:20:55: error: Name 'oauth2_token' is not defined  [name-defined]
(CoolProp)CoolProp/dev/scripts/milestone2rst.py:28:15: error: Name 'Request' is not defined  [name-defined]
(CoolProp)CoolProp/dev/scripts/milestone2rst.py:31:64: error: Name 'oauth2_token' is not defined  [name-defined]
(CoolProp)CoolProp/dev/scripts/milestone2rst.py:35:16: error: Name 'urlopen' is not defined  [name-defined]
(CoolProp)CoolProp/dev/scripts/milestone2rst.py:87:5: error: Incompatible types in assignment (expression has type "object", variable has type "str")  [assignment]
(CoolProp)CoolProp/wrappers/Python/generate_meta_info.py:78:12: error: Incompatible types in assignment (expression has type "Template", variable has type "str")  [assignment]
(CoolProp)CoolProp/wrappers/Python/generate_meta_info.py:81:9: error: "str" has no attribute "render"  [attr-defined]
(CoolProp)CoolProp/wrappers/Python/generate_meta_info.py:148:12: error: Incompatible types in assignment (expression has type "Template", variable has type "str")  [assignment]
(CoolProp)CoolProp/wrappers/Python/generate_meta_info.py:151:9: error: "str" has no attribute "render"  [attr-defined]
Found 90 errors in 24 files (checked 59 source files)

[RRepo](alex-ta)Fontinator
(alex-ta)Fontinator/NeuralNet/Oli/libs/ProcessingPipeline.py:26:96: error: Syntax error in type annotation  [syntax]
(alex-ta)Fontinator/NeuralNet/Oli/libs/ProcessingPipeline.py:26:96: note: Suggestion: Use Tuple[T1, ..., Tn] instead of (T1, ..., Tn)
(alex-ta)Fontinator/NeuralNet/Oli/libs/ProcessingPipeline.py:44:9: error: Need type annotation for 'labels' (hint: "labels: List[<type>] = ...")  [var-annotated]
(alex-ta)Fontinator/NeuralNet/Oli/libs/ImageLoader.py:10:27: error: Incompatible types in assignment (expression has type "None", variable has type "Path")  [assignment]
(alex-ta)Fontinator/NeuralNet/Oli/libs/ImageLoader.py:11:5: error: Need type annotation for '_font_names' (hint: "_font_names: List[<type>] = ...")  [var-annotated]
(alex-ta)Fontinator/NeuralNet/Oli/libs/ImageLoader.py:12:5: error: Need type annotation for '_img_count_per_font' (hint: "_img_count_per_font: List[<type>] = ...")  [var-annotated]
(alex-ta)Fontinator/NeuralNet/Oli/libs/ImageLoader.py:40:5: error: Missing return statement  [return]
(alex-ta)Fontinator/DataGenerator/libs/WordDict.py:16:5: error: Self argument missing for a non-static method (or an invalid type for self)  [misc]
(alex-ta)Fontinator/NeuralNet/Oli/libs/ModelSerializer.py:15:23: error: Incompatible types in assignment (expression has type "None", variable has type "Path")  [assignment]
(alex-ta)Fontinator/NeuralNet/Oli/libs/ModelSerializer.py:16:27: error: Incompatible types in assignment (expression has type "None", variable has type "Path")  [assignment]
(alex-ta)Fontinator/NeuralNet/Oli/libs/ModelSerializer.py:17:35: error: Incompatible types in assignment (expression has type "None", variable has type "Path")  [assignment]
(alex-ta)Fontinator/NeuralNet/Oli/libs/ModelSerializer.py:18:33: error: Incompatible types in assignment (expression has type "None", variable has type "Path")  [assignment]
(alex-ta)Fontinator/NeuralNet/Oli/libs/ModelSerializer.py:91:22: error: "List[Any]" has no attribute "tolist"  [attr-defined]
(alex-ta)Fontinator/NeuralNet/Oli/libs/ModelSerializer.py:93:23: error: "List[Any]" has no attribute "tolist"  [attr-defined]
(alex-ta)Fontinator/NeuralNet/Oli/libs/ModelSerializer.py:96:19: error: Argument 1 to "open" has incompatible type "Optional[Path]"; expected "Union[str, bytes, int, _PathLike[Any]]"  [arg-type]
Found 14 errors in 4 files (checked 15 source files)

[RRepo](c3nav)c3nav
(c3nav)c3nav/src/c3nav/routing/api.py: error: Duplicate module named 'api' (also at '/home/bew/archive/typed_project/(c3nav)c3nav/src/c3nav/api/__init__.py')  [misc]
Found 1 error in 1 file (checked 87 source files)

[RRepo](w1ll1am23)simplisafe-python
(w1ll1am23)simplisafe-python/tests/test_sensor.py:7:1: error: Module 'simplipy' has no attribute 'API'  [attr-defined]
(w1ll1am23)simplisafe-python/tests/test_api.py:11:1: error: Module 'simplipy' has no attribute 'API'  [attr-defined]
(w1ll1am23)simplisafe-python/tests/test_system.py:10:1: error: Module 'simplipy' has no attribute 'API'  [attr-defined]
(w1ll1am23)simplisafe-python/example.py:9:1: error: Module 'simplipy' has no attribute 'API'  [attr-defined]
Found 4 errors in 4 files (checked 11 source files)

[RRepo](gjbex)training-material
(gjbex)training-material/DataStorage/Hdf5/PythonSamples/compute_avg.py:10:26: error: invalid syntax  [syntax]
Found 1 error in 1 file (checked 260 source files)

[RRepo](numba)numba
(numba)numba/docs/source/extending/template.py:6:37: error: invalid syntax  [syntax]
Found 1 error in 1 file (checked 408 source files)

[RRepo](project-everest)vale
(project-everest)vale/tools/scripts/collect-fstar-times.py:83:108: error: Missing parentheses in call to 'print'. Did you mean print("WARNING: Found existing pickled file %s.  No data written.  Consider moving or deleting it." % pickle_file)?  [syntax]
Found 1 error in 1 file (checked 2 source files)

[RRepo](yi-jiayu)bus-eta-bot
Success: no issues found in 2 source files

[RRepo](Tobotimus)Tobo-Cogs
(Tobotimus)Tobo-Cogs/register/register.py:47:16: error: Unsupported dynamic base class "getattr"  [misc]
(Tobotimus)Tobo-Cogs/filterhelp/formatter.py:58:5: error: Missing return statement  [return]
(Tobotimus)Tobo-Cogs/welcomecount/welcomecount.py:38:20: error: Unsupported dynamic base class "getattr"  [misc]
(Tobotimus)Tobo-Cogs/welcomecount/welcomecount.py:170:21: error: Name 'last_message' already defined on line 168  [no-redef]
(Tobotimus)Tobo-Cogs/welcomecount/welcomecount.py:177:27: error: "int" has no attribute "delete"  [attr-defined]
(Tobotimus)Tobo-Cogs/docref/types.py:184:19: error: Value of type "Optional[Match[str]]" is not indexable  [index]
(Tobotimus)Tobo-Cogs/docref/types.py:191:12: error: Value of type "Optional[Match[str]]" is not indexable  [index]
(Tobotimus)Tobo-Cogs/docref/types.py:192:20: error: Value of type "Optional[Match[str]]" is not indexable  [index]
(Tobotimus)Tobo-Cogs/docref/types.py:193:20: error: Value of type "Optional[Match[str]]" is not indexable  [index]
(Tobotimus)Tobo-Cogs/docref/types.py:196:16: error: Value of type "Optional[Match[str]]" is not indexable  [index]
(Tobotimus)Tobo-Cogs/docref/types.py:197:24: error: Value of type "Optional[Match[str]]" is not indexable  [index]
(Tobotimus)Tobo-Cogs/docref/types.py:198:18: error: Value of type "Optional[Match[str]]" is not indexable  [index]
(Tobotimus)Tobo-Cogs/docref/types.py:199:24: error: Value of type "Optional[Match[str]]" is not indexable  [index]
(Tobotimus)Tobo-Cogs/reactkarma/reactkarma.py:38:18: error: Unsupported dynamic base class "getattr"  [misc]
(Tobotimus)Tobo-Cogs/errorlogs/reaction_menu.py:53:17: error: Need type annotation for 'lines'  [var-annotated]
(Tobotimus)Tobo-Cogs/errorlogs/reaction_menu.py:55:25: error: Need type annotation for 'new_lines'  [var-annotated]
(Tobotimus)Tobo-Cogs/errorlogs/reaction_menu.py:55:38: error: Unsupported operand types for - ("None" and "int")  [operator]
(Tobotimus)Tobo-Cogs/errorlogs/reaction_menu.py:55:53: note: Left operand is of type "Optional[int]"
(Tobotimus)Tobo-Cogs/errorlogs/reaction_menu.py:62:16: error: Unsupported operand types for >= ("int" and "None")  [operator]
(Tobotimus)Tobo-Cogs/errorlogs/reaction_menu.py:62:16: note: Right operand is of type "Optional[int]"
(Tobotimus)Tobo-Cogs/errorlogs/reaction_menu.py:150:15: error: "None" has no attribute "delete"  [attr-defined]
(Tobotimus)Tobo-Cogs/errorlogs/reaction_menu.py:154:35: error: "None" has no attribute "id"  [attr-defined]
(Tobotimus)Tobo-Cogs/updatered/updatered.py:40:17: error: Unsupported dynamic base class "getattr"  [misc]
(Tobotimus)Tobo-Cogs/errorlogs/errorlogs.py:123:16: error: Module has no attribute "create_task"  [attr-defined]
Found 22 errors in 8 files (checked 24 source files)

[RRepo](ranisalt)moita-ufsc-crawler
(ranisalt)moita-ufsc-crawler/moita/spiders/cagr.py:9:1: error: Relative import climbs too many namespaces  [misc]
(ranisalt)moita-ufsc-crawler/moita/spiders/cagr.py:24:13: error: Need type annotation for 'subject' (hint: "subject: Dict[<type>, <type>] = ...")  [var-annotated]
(ranisalt)moita-ufsc-crawler/moita/spiders/cagr.py:24:23: error: Need type annotation for 'campus'  [var-annotated]
(ranisalt)moita-ufsc-crawler/moita/spiders/cagr.py:25:5: error: Need type annotation for 'campi_names'  [var-annotated]
(ranisalt)moita-ufsc-crawler/moita/pipelines.py:25:12: error: Need type annotation for 'data'  [var-annotated]
Found 5 errors in 2 files (checked 2 source files)

[RRepo](HenriWahl)Nagstamon
(HenriWahl)Nagstamon/Nagstamon/thirdparty/Xlib/protocol/structs.py:23:1: error: Module 'Xlib.protocol' has no attribute 'rq'  [attr-defined]
(HenriWahl)Nagstamon/Nagstamon/thirdparty/Xlib/xobject/resource.py:19:1: error: Module 'Xlib.protocol' has no attribute 'request'  [attr-defined]
(HenriWahl)Nagstamon/Nagstamon/thirdparty/Xlib/error.py:23:1: error: Module 'Xlib.protocol' has no attribute 'rq'  [attr-defined]
(HenriWahl)Nagstamon/Nagstamon/thirdparty/Xlib/ext/composite.py:34:1: error: Module 'Xlib.protocol' has no attribute 'rq'  [attr-defined]
(HenriWahl)Nagstamon/Nagstamon/thirdparty/Xlib/ext/composite.py:35:1: error: Module 'Xlib.xobject' has no attribute 'drawable'  [attr-defined]
(HenriWahl)Nagstamon/Nagstamon/thirdparty/Xlib/ext/record.py:20:1: error: Module 'Xlib.protocol' has no attribute 'rq'  [attr-defined]
(HenriWahl)Nagstamon/Nagstamon/thirdparty/Xlib/ext/xtest.py:20:1: error: Module 'Xlib.protocol' has no attribute 'rq'  [attr-defined]

[RRepo](seznam)fastrpc
(seznam)fastrpc/python/example/client_example2.py:13:28: error: invalid syntax  [syntax]
Found 1 error in 1 file (checked 15 source files)

[RRepo](lostatc)codot
(lostatc)codot/codot/commands/role.py:62:30: error: "None" has no attribute "dir_path"  [attr-defined]
(lostatc)codot/codot/commands/role.py:66:24: error: "None" has no attribute "get_configs"  [attr-defined]
(lostatc)codot/codot/commands/role.py:73:20: error: "None" has no attribute "selected"  [attr-defined]
(lostatc)codot/codot/commands/role.py:82:23: error: "None" has no attribute "get_config_by_name"  [attr-defined]
(lostatc)codot/codot/commands/rm_template.py:79:13: error: Need type annotation for 'template_identifiers' (hint: "template_identifiers: Set[<type>] = ...")  [var-annotated]
(lostatc)codot/codot/commands/list.py:90:28: error: List item 0 has incompatible type "Tuple[str]"; expected "Tuple[str, str]"  [list-item]
(lostatc)codot/codot/commands/list.py:92:18: error: Generator has incompatible item type "Tuple[str]"; expected "Tuple[str, str]"  [misc]
(lostatc)codot/codot/commandbase.py:69:29: error: Incompatible types in assignment (expression has type "socket", variable has type "None")  [assignment]
(lostatc)codot/codot/commandbase.py:71:13: error: "None" has no attribute "bind"  [attr-defined]
(lostatc)codot/codot/cli.py:165:5: error: Return type "None" of "error" incompatible with return type "NoReturn" in supertype "ArgumentParser"  [override]
(lostatc)codot/codot/container.py:59:5: error: Missing return statement  [return]
(lostatc)codot/codot/container.py:61:21: error: Value of type "Callable[..., Any]" is not indexable  [index]
(lostatc)codot/codot/container.py:70:16: error: Value of type "Callable[..., Any]" is not indexable  [index]
(lostatc)codot/codot/container.py:86:6: error: Name 'last_sync' already defined on line 72  [no-redef]
(lostatc)codot/codot/container.py:113:9: error: Need type annotation for 'raw_vals' (hint: "raw_vals: Dict[<type>, <type>] = ...")  [var-annotated]
(lostatc)codot/codot/container.py:120:6: error: Name 'vals' already defined on line 115  [no-redef]
(lostatc)codot/codot/container.py:126:5: error: Missing return statement  [return]
(lostatc)codot/codot/container.py:147:38: error: 'None' object is not iterable  [misc]
(lostatc)codot/codot/container.py:207:5: error: Need type annotation for '_req_keys' (hint: "_req_keys: List[<type>] = ...")  [var-annotated]
(lostatc)codot/codot/container.py:228:6: error: Name 'vals' already defined on line 220  [no-redef]
(lostatc)codot/codot/container.py:233:5: error: Missing return statement  [return]
(lostatc)codot/codot/container.py:293:21: error: Incompatible types in assignment (expression has type "Dict[<nothing>, <nothing>]", variable has type "None")  [assignment]
(lostatc)codot/codot/container.py:297:9: error: Unsupported target for indexed assignment  [index]
(lostatc)codot/codot/user_files.py:198:9: error: Need type annotation for 'config_values' (hint: "config_values: Dict[<type>, <type>] = ...")  [var-annotated]
(lostatc)codot/codot/user_files.py:226:39: error: Argument 1 to "isfile" has incompatible type "Optional[str]"; expected "Union[bytes, str, _PathLike[Any]]"  [arg-type]
(lostatc)codot/codot/utils.py:217: error: The return type of a generator function should be "Generator" or one of its supertypes  [misc]
(lostatc)codot/codot/utils.py:245:13: error: No overload variant of "next" matches argument type "str"  [call-overload]
(lostatc)codot/codot/utils.py:245:13: note: Possible overload variant:
(lostatc)codot/codot/utils.py:245:13: note:     def [_T] next(Iterator[_T]) -> _T
(lostatc)codot/codot/utils.py:245:13: note:     <1 more non-matching overload not shown>
Found 27 errors in 8 files (checked 12 source files)

[RRepo](pycrystem)pycrystem
(pycrystem)pycrystem/tests/test_signals/test_crystallographic_map.py:177:5: error: Name 'test_Crystallographic_Map_io' already defined on line 169  [no-redef]
(pycrystem)pycrystem/tests/test_physical/test_orientation_mapping_nonphys.py:41:6: error: Need type annotation for 'dp_sim_list' (hint: "dp_sim_list: List[<type>] = ...")  [var-annotated]
(pycrystem)pycrystem/tests/test_physical/test_orientation_mapping_nonphys.py:43:1: error: Need type annotation for 'library' (hint: "library: Dict[<type>, <type>] = ...")  [var-annotated]
(pycrystem)pycrystem/docs/source/conf.py:104:1: error: Need type annotation for 'exclude_patterns' (hint: "exclude_patterns: List[<type>] = ...")  [var-annotated]
(pycrystem)pycrystem/docs/source/conf.py:262:1: error: Need type annotation for 'latex_elements' (hint: "latex_elements: Dict[<type>, <type>] = ...")  [var-annotated]
Found 5 errors in 3 files (checked 54 source files)

[RRepo](meng89)wpi
(meng89)wpi/wpi/__init__.py:5:1: error: Need type annotation for '_modules' (hint: "_modules: Dict[<type>, <type>] = ...")  [var-annotated]
(meng89)wpi/wpi/main.py:21:25: error: Argument 1 to "join" has incompatible type "Optional[str]"; expected "Union[str, _PathLike[str]]"  [arg-type]
(meng89)wpi/wpi/main.py:416:18: error: Not all arguments converted during string formatting  [str-format]
Found 3 errors in 2 files (checked 12 source files)

