(ahawker)scratchdir/scratchdir.py:86:49: error: Argument 1 to "exists" has incompatible type "Optional[str]"; expected "Union[Union[bytes, str, _PathLike[Any]], int]"  [arg-type]
(ahawker)scratchdir/scratchdir.py:107:23: error: Argument 1 to "rmtree" has incompatible type "Optional[str]"; expected "Union[bytes, Union[str, _PathLike[str]]]"  [arg-type]
(micropython)micropython/tests/basics/builtin_override.py:7:20: error: Incompatible types in assignment (expression has type "Callable[[SupportsAbs[_T]], int]", variable has type "Callable[[SupportsAbs[_T]], _T]")  [assignment]
(nitely)regexy/regexy/process/captures.py:146:12: error: Incompatible return value type (got "Tuple[Union[str, Tuple[str], None], ...]", expected "Tuple[Union[str, Tuple[str], None]]")  [return-value]
(IDSIA)sacred/sacred/config/custom_containers.py:182:13: error: Incompatible types in assignment (expression has type "Callable[[ReadOnlyContainer, VarArg(Any), KwArg(Any)], Any]", base class "dict" defined the type as "Callable[[Dict[Any, Any]], None]")  [assignment]
(IDSIA)sacred/sacred/config/custom_containers.py:184:15: error: Incompatible types in assignment (expression has type "Callable[[ReadOnlyContainer, VarArg(Any), KwArg(Any)], Any]", base class "dict" defined the type as "Callable[[Dict[Any, Any]], Tuple[Any, Any]]")  [assignment]
(IDSIA)sacred/sacred/config/custom_containers.py:185:18: error: Incompatible types in assignment (expression has type "Callable[[ReadOnlyContainer, VarArg(Any), KwArg(Any)], Any]", base class "dict" defined the type as "Callable[[Dict[Any, Any], Any, Any], Any]")  [assignment]
(IDSIA)sacred/sacred/config/custom_containers.py:187:19: error: Incompatible types in assignment (expression has type "Callable[[ReadOnlyContainer, VarArg(Any), KwArg(Any)], Any]", base class "dict" defined the type as "Callable[[Dict[Any, Any], Any, Any], None]")  [assignment]
(IDSIA)sacred/sacred/config/custom_containers.py:188:19: error: Incompatible types in assignment (expression has type "Callable[[ReadOnlyContainer, VarArg(Any), KwArg(Any)], Any]", base class "dict" defined the type as "Callable[[Dict[Any, Any], Any], None]")  [assignment]
(IDSIA)sacred/sacred/config/custom_containers.py:208:14: error: Incompatible types in assignment (expression has type "Callable[[ReadOnlyContainer, VarArg(Any), KwArg(Any)], Any]", base class "list" defined the type as "Callable[[List[Any], Any], None]")  [assignment]
(IDSIA)sacred/sacred/config/custom_containers.py:209:13: error: Incompatible types in assignment (expression has type "Callable[[ReadOnlyContainer, VarArg(Any), KwArg(Any)], Any]", base class "list" defined the type as "Callable[[List[Any]], None]")  [assignment]
(IDSIA)sacred/sacred/config/custom_containers.py:210:14: error: Incompatible types in assignment (expression has type "Callable[[ReadOnlyContainer, VarArg(Any), KwArg(Any)], Any]", base class "list" defined the type as "Callable[[List[Any], Iterable[Any]], None]")  [assignment]
(IDSIA)sacred/sacred/config/custom_containers.py:211:14: error: Incompatible types in assignment (expression has type "Callable[[ReadOnlyContainer, VarArg(Any), KwArg(Any)], Any]", base class "list" defined the type as "Callable[[List[Any], int, Any], None]")  [assignment]
(IDSIA)sacred/sacred/config/custom_containers.py:212:11: error: Incompatible types in assignment (expression has type "Callable[[ReadOnlyContainer, VarArg(Any), KwArg(Any)], Any]", base class "list" defined the type as "Callable[[List[Any], int], Any]")  [assignment]
(IDSIA)sacred/sacred/config/custom_containers.py:213:14: error: Incompatible types in assignment (expression has type "Callable[[ReadOnlyContainer, VarArg(Any), KwArg(Any)], Any]", base class "list" defined the type as "Callable[[List[Any], Any], None]")  [assignment]
(IDSIA)sacred/sacred/config/custom_containers.py:214:15: error: Incompatible types in assignment (expression has type "Callable[[ReadOnlyContainer, VarArg(Any), KwArg(Any)], Any]", base class "list" defined the type as "Callable[[List[Any]], None]")  [assignment]
(IDSIA)sacred/sacred/config/custom_containers.py:217:19: error: Incompatible types in assignment (expression has type "Callable[[ReadOnlyContainer, VarArg(Any), KwArg(Any)], Any]", base class "list" defined the type as "Callable[[List[Any], Union[int, slice]], None]")  [assignment]
(xpac1985)pyASA/pyASA/address.py:35:5: error: Argument 1 of "from_dict" is incompatible with supertype "BaseAddress"; supertype defines the argument type as "Dict[str, Union[str, Dict[Any, Any]]]"  [override]
(xpac1985)pyASA/pyASA/aliases.py:61:16: error: Incompatible return value type (got "Tuple[Dict[str, Dict[str, int]], Dict[Any, Any]]", expected "Tuple[Dict[str, int], Dict[int, str]]")  [return-value]
(paulcwatts)drf-json-schema/rest_framework_json_schema/schema.py:152:14: error: Argument 1 to "OrderedDict" has incompatible type "Tuple[Tuple[str, str], Tuple[str, str]]"; expected "Iterable[Tuple[str, Dict[Any, Any]]]"  [arg-type]
(marrow)package/marrow/package/disport.py:50:30: error: Item "None" of "Optional[Iterable[Sequence[Any]]]" has no attribute "__iter__" (not iterable)  [union-attr]
(telota)rasmipy/rasmipy/__init__.py:54:29: error: Argument 1 to "translate" of "str" has incompatible type "Dict[str, str]"; expected "Union[Mapping[int, Union[int, str, None]], Sequence[Union[int, str, None]]]"  [arg-type]
(allenai)allennlp/allennlp/data/dataset_readers/reading_comprehension/quac.py:104:41: error: Argument 1 to "zip" has incompatible type "Optional[List[List[int]]]"; expected "Iterable[List[int]]"  [arg-type]
(allenai)allennlp/allennlp/data/dataset_readers/reading_comprehension/quac.py:104:58: error: Argument 2 to "zip" has incompatible type "Optional[List[List[int]]]"; expected "Iterable[List[int]]"  [arg-type]
(allenai)allennlp/allennlp/data/dataset_readers/universal_dependencies_multilang.py:100:60: error: Incompatible types in assignment (expression has type "None", variable has type "List[Tuple[str, Iterator[Any]]]")  [assignment]
(allenai)allennlp/allennlp/semparse/worlds/quarel_world.py:126:29: error: Item "None" of "Optional[List[Dict[str, int]]]" has no attribute "__iter__" (not iterable)  [union-attr]
(allenai)allennlp/scripts/wikitables/preprocess_data.py:50:32: error: Incompatible types in assignment (expression has type "List[List[Dict[str, Any]]]", target has type "List[Dict[str, Any]]")  [assignment]
(allenai)allennlp/allennlp/data/token_indexers/openai_transformer_byte_pair_indexer.py:103:64: error: Argument 1 to "enumerate" has incompatible type "Optional[List[Tuple[str, str]]]"; expected "Iterable[Tuple[str, str]]"  [arg-type]
(allenai)allennlp/allennlp/data/fields/text_field.py:99:39: error: Value of type "Optional[Dict[str, List[str]]]" is not indexable  [index]
(allenai)allennlp/allennlp/data/fields/text_field.py:144:61: error: Value of type "Optional[Dict[str, List[str]]]" is not indexable  [index]
(allenai)allennlp/allennlp/data/fields/text_field.py:145:51: error: Value of type "Optional[Dict[str, List[Any]]]" is not indexable  [index]
(allenai)allennlp/allennlp/data/fields/text_field.py:146:57: error: Value of type "Optional[Dict[str, List[str]]]" is not indexable  [index]
(allenai)allennlp/allennlp/modules/stacked_bidirectional_lstm.py:134:16: error: Incompatible return value type (got "Tuple[PackedSequence, Tuple[List[Any], List[Any]]]", expected "Tuple[PackedSequence, Tuple[Tensor, Tensor]]")  [return-value]
(allenai)allennlp/allennlp/models/semantic_parsing/nlvr/nlvr_semantic_parser.py:242:44: error: Incompatible types in assignment (expression has type "List[List[Dict[str, Tensor]]]", target has type "Tensor")  [assignment]
(allenai)allennlp/tutorials/tagger/basic_pytorch.py:39:12: error: Incompatible return value type (got "List[Tuple[Tuple[Any, ...], Tuple[Any, ...]]]", expected "Tuple[List[str], List[str]]")  [return-value]
(google)in-silico-labeling/isl/test_util.py:165:12: error: Incompatible return value type (got "Tuple[List[List[str]], List[Any]]", expected "Tuple[List[str], Any]")  [return-value]
(xlevus)python-diana/diana/module.py:22:5: error: Item "function" of "Union[Callable[..., Any], Callable[..., Awaitable[Any]]]" has no attribute "__provides__"  [union-attr]
(xlevus)python-diana/diana/module.py:92:33: error: Item "function" of "Union[Callable[..., Any], Callable[..., Awaitable[Any]]]" has no attribute "__provides__"  [union-attr]
(xlevus)python-diana/diana/module.py:94:27: error: Item "function" of "Union[Callable[..., Any], Callable[..., Awaitable[Any]]]" has no attribute "__provides__"  [union-attr]
(e-gun)HipparchiaServer/server/threading/vectordbautopilot.py:138:9: error: Incompatible return value type (got "List[Tuple[List[Any], Any]]", expected "List[Tuple[Any, ...]]")  [return-value]
(e-gun)HipparchiaServer/server/listsandsession/whereclauses.py:139:2: error: Incompatible types in assignment (expression has type "str", variable has type "Tuple[str, Dict[str, List[Any]]]")  [assignment]
(e-gun)HipparchiaServer/server/listsandsession/whereclauses.py:146:69: error: Invalid index type "Tuple[str, Dict[str, List[Any]]]" for "Dict[str, Dict[str, List[Any]]]"; expected type "str"  [index]
(e-gun)HipparchiaServer/server/listsandsession/whereclauses.py:148:130: error: Invalid index type "Tuple[str, Dict[str, List[Any]]]" for "Dict[str, Dict[str, List[Any]]]"; expected type "str"  [index]
(e-gun)HipparchiaServer/server/listsandsession/whereclauses.py:149:128: error: Invalid index type "Tuple[str, Dict[str, List[Any]]]" for "Dict[str, Dict[str, List[Any]]]"; expected type "str"  [index]
(e-gun)HipparchiaServer/server/searching/searchdispatching.py:105:20: error: Incompatible types in assignment (expression has type "Callable[[int, Any, Any, Any, Any], Any]", variable has type "Optional[Callable[[int, Any, Any, Any, Any], Any]]")  [assignment]
(harag-on-steam)se-blender/src/python/space_engineers/texture_files.py:106:13: error: Incompatible types in assignment (expression has type "Iterator[Tuple[Any, Iterator[TextureFileName]]]", variable has type "Generator[TextureFileName, None, None]")  [assignment]
(CCI-Tools)cate-core/cate/util/process.py:127:39: error: "Tuple[Set[Future[Any]], Set[Future[Any]]]" has no attribute "done"  [attr-defined]
(CCI-Tools)cate-core/cate/webapi/wsmanag.py:273:2: error: Argument 1 to "coroutine" has incompatible type "Callable[[Any, Dict[Any, Any], Any], Dict[Any, Any]]"; expected "Callable[..., Generator[Any, Any, <nothing>]]"  [arg-type]
(CCI-Tools)cate-core/cate/util/web/jsonrpchandler.py:169:49: error: Argument 2 to "add_future" of "IOLoop" has incompatible type "Callable[[concurrent.futures._base.Future[Any]], None]"; expected "Callable[[asyncio.futures.Future[Any]], None]"  [arg-type]
(CCI-Tools)cate-core/cate/util/web/jsonrpchandler.py:282:20: error: Incompatible return value type (got "Union[Tuple[Type[BaseException], BaseException, TracebackType], Tuple[None, None, None]]", expected "Optional[Tuple[type, Any, Any]]")  [return-value]
(joequant)algobroker/algobroker/__init__.py:19:5: error: Invalid self argument "Formatter" to attribute function "converter" with type "Callable[[Optional[float]], struct_time]"  [misc]
(rebase-helper)rebase-helper/rebasehelper/plugins/plugin_collection.py:48:16: error: Incompatible return value type (got "Union[List[Any], Any, None]", expected "Union[Type[Any], List[Type[Any]]]")  [return-value]
(rebase-helper)rebase-helper/rebasehelper/plugins/checkers/__init__.py:137:16: error: Incompatible return value type (got "Union[List[Any], Any, None]", expected "Union[List[Type[Any]], Type[Any]]")  [return-value]
(KeepSafe)translation-real-time-validaton/notifier/model.py:18:1: error: "Callable[[Type[_NT], Any, Any, Any], _NT]" has no attribute "__defaults__"  [attr-defined]
(KeepSafe)translation-real-time-validaton/notifier/model.py:24:1: error: "Callable[[Type[_NT], Any, Any], _NT]" has no attribute "__defaults__"  [attr-defined]
(mitdbg)aurum-datadiscovery/DoD/experimental.py:31:31: error: Incompatible types in assignment (expression has type "OrderedDict[Any, List[Tuple[Any, Any]]]", variable has type "defaultdict[Any, List[Tuple[Any, Any]]]")  [assignment]
(mitdbg)aurum-datadiscovery/DoD/experimental.py:52:31: error: Incompatible types in assignment (expression has type "OrderedDict[FrozenSet[Any], List[Tuple[Any, Any]]]", variable has type "defaultdict[FrozenSet[Any], List[Tuple[Any, Any]]]")  [assignment]
(mitdbg)aurum-datadiscovery/knowledgerepr/api_gindex.py:6:26: error: Incompatible types in assignment (expression has type "Type[int]", variable has type "Union[Type[_CData], Callable[[int], None], None]")  [assignment]
(mitdbg)aurum-datadiscovery/knowledgerepr/api_gindex.py:8:26: error: Incompatible types in assignment (expression has type "Type[int]", variable has type "Union[Type[_CData], Callable[[int], None], None]")  [assignment]
(mitdbg)aurum-datadiscovery/knowledgerepr/test-gindex.py:7:27: error: Incompatible types in assignment (expression has type "Type[int]", variable has type "Union[Type[_CData], Callable[[int], None], None]")  [assignment]
(mitdbg)aurum-datadiscovery/knowledgerepr/test-gindex.py:9:27: error: Incompatible types in assignment (expression has type "Type[int]", variable has type "Union[Type[_CData], Callable[[int], None], None]")  [assignment]
(aio-libs)aiohttp/tests/test_web_websocket.py:417:5: error: Item "function" of "Union[Callable[[], Coroutine[Any, Any, WSMessage]], Any]" has no attribute "return_value"  [union-attr]
(aio-libs)aiohttp/tests/test_web_websocket.py:418:5: error: Item "function" of "Union[Callable[[], Coroutine[Any, Any, WSMessage]], Any]" has no attribute "return_value"  [union-attr]
(aio-libs)aiohttp/tests/test_web_websocket.py:428:5: error: Item "function" of "Union[Callable[[], Coroutine[Any, Any, WSMessage]], Any]" has no attribute "return_value"  [union-attr]
(aio-libs)aiohttp/tests/test_web_websocket.py:429:5: error: Item "function" of "Union[Callable[[], Coroutine[Any, Any, WSMessage]], Any]" has no attribute "return_value"  [union-attr]
(aio-libs)aiohttp/tests/test_web_websocket.py:443:5: error: Item "function" of "Union[Callable[[int, bytes], Coroutine[Any, Any, None]], Any]" has no attribute "side_effect"  [union-attr]
(aio-libs)aiohttp/tests/test_web_websocket.py:449:5: error: Item "function" of "Union[Callable[[int, bytes], Coroutine[Any, Any, None]], Any]" has no attribute "side_effect"  [union-attr]
(olitheolix)azrael/shared/azutils.py:245:13: error: Incompatible types in assignment (expression has type "Dict[Any, Any]", variable has type "List[Optional[Match[str]]]")  [assignment]
(kenkov)seq2seq/util.py:183:12: error: Incompatible return value type (got "List[Tuple[List[str], List[Any]]]", expected "Tuple[List[int], List[int]]")  [return-value]
(christabor)MoAL/MOAL/computer_organization/numerical_encoding_basic.py:411:28: error: "Dict[str, Callable[[], Any]]" has no attribute "iteritems"  [attr-defined]
(christabor)MoAL/MOAL/languages/paradigms/functional/functools_examples.py:99:37: error: Argument 2 to "sorted" has incompatible type "Callable[[Any, Any], Any]"; expected "Optional[Callable[[Any], Any]]"  [arg-type]
(christabor)MoAL/MOAL/languages/paradigms/functional/functools_examples.py:100:36: error: Argument 2 to "sorted" has incompatible type "Callable[[Any, Any], Any]"; expected "Optional[Callable[[Any], Any]]"  [arg-type]
(ihmeuw)vivarium/src/vivarium/framework/components/parser.py:86:26: error: Incompatible types in assignment (expression has type "List[Tuple[str, Tuple[str]]]", variable has type "List[str]")  [assignment]
(ihmeuw)vivarium/src/vivarium/framework/components/parser.py:87:50: error: Argument 1 to "import_and_instantiate_components" has incompatible type "List[str]"; expected "List[Tuple[str, Tuple[str]]]"  [arg-type]
(turbinenreiter)micropython/tests/basics/builtin_property.py:5:10: error: Argument 1 to "property" has incompatible type "int"; expected "Optional[Callable[[Any], Any]]"  [arg-type]
(turbinenreiter)micropython/tests/basics/builtin_property.py:5:13: error: Argument 2 to "property" has incompatible type "int"; expected "Optional[Callable[[Any, Any], None]]"  [arg-type]
(turbinenreiter)micropython/tests/basics/builtin_property.py:5:16: error: Argument 3 to "property" has incompatible type "int"; expected "Optional[Callable[[Any], None]]"  [arg-type]
(awslabs)sockeye/sockeye/lr_scheduler.py:286:47: error: Argument 1 to "LearningRateSchedulerFixedStep" has incompatible type "Optional[List[Tuple[float, int]]]"; expected "List[Tuple[float, int]]"  [arg-type]
(TheAlgorithms)Python/backtracking/sudoku.py:145:25: error: Argument 1 to "map" has incompatible type "Type[List[Any]]"; expected "Callable[[List[int]], List[_T]]"  [arg-type]
(trezor)micropython/tests/basics/fun_error.py:29:13: error: Argument 1 to "sort" of "list" has incompatible type "int"; expected "Optional[Callable[[<nothing>], Any]]"  [arg-type]
(rr-)szurubooru/server/szurubooru/func/util.py:92:19: error: Incompatible types in assignment (expression has type "Callable[[Dict[_KT, _VT], _KT, _VT], None]", base class "object" defined the type as "Callable[[object, str, Any], None]")  [assignment]
(rr-)szurubooru/server/szurubooru/func/util.py:93:19: error: Incompatible types in assignment (expression has type "Callable[[Dict[_KT, _VT], _KT], None]", base class "object" defined the type as "Callable[[object, str], None]")  [assignment]
(jopohl)urh/src/urh/ui/views/EpicGraphicView.py:98:27: error: Incompatible types in assignment (expression has type "Optional[List[Tuple[int, Any]]]", variable has type "List[Tuple[int, Any]]")  [assignment]
(fametrano)BitcoinBlockchainTechnology/btclib/rfc6979.py:74:43: error: Argument 3 to "new" has incompatible type "Callable[[Any], Any]"; expected "Union[str, Callable[[], Any], Module, None]"  [arg-type]
(fametrano)BitcoinBlockchainTechnology/btclib/rfc6979.py:75:24: error: Argument 3 to "new" has incompatible type "Callable[[Any], Any]"; expected "Union[str, Callable[[], Any], Module, None]"  [arg-type]
(fametrano)BitcoinBlockchainTechnology/btclib/rfc6979.py:76:43: error: Argument 3 to "new" has incompatible type "Callable[[Any], Any]"; expected "Union[str, Callable[[], Any], Module, None]"  [arg-type]
(fametrano)BitcoinBlockchainTechnology/btclib/rfc6979.py:77:24: error: Argument 3 to "new" has incompatible type "Callable[[Any], Any]"; expected "Union[str, Callable[[], Any], Module, None]"  [arg-type]
(fametrano)BitcoinBlockchainTechnology/btclib/rfc6979.py:82:32: error: Argument 3 to "new" has incompatible type "Callable[[Any], Any]"; expected "Union[str, Callable[[], Any], Module, None]"  [arg-type]
(fametrano)BitcoinBlockchainTechnology/btclib/rfc6979.py:87:38: error: Argument 3 to "new" has incompatible type "Callable[[Any], Any]"; expected "Union[str, Callable[[], Any], Module, None]"  [arg-type]
(fametrano)BitcoinBlockchainTechnology/btclib/rfc6979.py:88:28: error: Argument 3 to "new" has incompatible type "Callable[[Any], Any]"; expected "Union[str, Callable[[], Any], Module, None]"  [arg-type]
(CoolProp)CoolProp/dev/scripts/fit_rational_functions.py:219:31: error: Argument 2 to "dumps" has incompatible type "**Dict[str, int]"; expected "Optional[Callable[[Any], Any]]"  [arg-type]
(CoolProp)CoolProp/dev/scripts/fit_rational_functions.py:244:34: error: Argument 2 to "dumps" has incompatible type "**Dict[str, int]"; expected "Optional[Callable[[Any], Any]]"  [arg-type]
(bioconda)bioconda-utils/bioconda_utils/aiopipe.py:249:16: error: Unsupported right operand type for in ("Optional[Dict[str, Dict[str, str]]]")  [operator]
(bioconda)bioconda-utils/bioconda_utils/aiopipe.py:251:16: error: Unsupported right operand type for in ("Optional[Dict[str, Dict[str, str]]]")  [operator]
(bioconda)bioconda-utils/bioconda_utils/aiopipe.py:253:16: error: Unsupported right operand type for in ("Optional[Dict[str, Dict[str, str]]]")  [operator]
(mnot)redbot/redbot/message/link_parse.py:84:5: error: Argument 2 of "handle_starttag" is incompatible with supertype "HTMLParser"; supertype defines the argument type as "List[Tuple[str, Optional[str]]]"  [override]
(mnot)redbot/bin/redbot_cgi.py:82:15: error: Incompatible types in assignment (expression has type "Callable[[str], int]", variable has type "Optional[Callable[[str], None]]")  [assignment]
(5j9)wikitextparser/wikitextparser/_cell.py:166:13: error: Incompatible types in assignment (expression has type "Tuple[None, None]", variable has type "Tuple[Match[Any], Union[str, MutableSequence[str]]]")  [assignment]
(sassoftware)saspy/saspy/autocfg.py:19:23: error: Argument 1 to "exists" has incompatible type "Optional[str]"; expected "Union[Union[bytes, str, _PathLike[Any]], int]"  [arg-type]
(eseifert)madam/madam/vector.py:145:40: error: Argument 3 to "__remove_elements" of "SVGProcessor" has incompatible type "Callable[[Element], Union[str, List[Element]]]"; expected "Callable[[Element], bool]"  [arg-type]
(eseifert)madam/madam/vector.py:150:40: error: Argument 3 to "__remove_elements" of "SVGProcessor" has incompatible type "Callable[[Element], Union[List[Element], bool]]"; expected "Callable[[Element], bool]"  [arg-type]
(eseifert)madam/madam/vector.py:154:40: error: Argument 3 to "__remove_elements" of "SVGProcessor" has incompatible type "Callable[[Element], Union[List[Element], bool]]"; expected "Callable[[Element], bool]"  [arg-type]
(eseifert)madam/madam/vector.py:159:40: error: Argument 3 to "__remove_elements" of "SVGProcessor" has incompatible type "Callable[[Element], Union[List[Element], bool]]"; expected "Callable[[Element], bool]"  [arg-type]
(BitLooter)htmlark/htmlark.py:21:20: error: Incompatible types in assignment (expression has type "None", variable has type "Callable[[Union[str, bytes], <union: 9 items>, KwArg(Any)], Response]")  [assignment]
(ros2)launch/launch/launch/frontend/type_utils.py:230:17: error: Incompatible types in assignment (expression has type "Tuple[Any, ...]", variable has type "Tuple[Type[int], Type[float], Type[bool], Type[List[Any]], Type[str]]")  [assignment]
(memento7)KINCluster/KINCluster/core/extractor.py:78:16: error: Incompatible return value type (got "Counter[Any]", expected "Union[Set[Any], List[Counter[Any]]]")  [return-value]
(joelgrus)data-science-from-scratch/first-edition/code-python3/nearest_neighbors.py:41:12: error: List comprehension has incompatible type List[Tuple[List[float], str]]; expected List[Tuple[float, float, str]]  [misc]
(bosondata)chrome-prerender/prerender/app.py:33:46: error: Incompatible types in assignment (expression has type "Tuple[Any, Any]", variable has type "Tuple[Callable[[str], str]]")  [assignment]
(garciparedes)python-examples/competitive/other/maze_solver.py:30:12: error: Incompatible return value type (got "Optional[Sequence[Tuple[int, int]]]", expected "Sequence[Tuple[int, int]]")  [return-value]
(alexsavio)hansel/hansel/_utils.py:20:16: error: Incompatible return value type (got "Iterable[Tuple[str, Optional[str], Optional[str], Optional[str]]]", expected "Iterator[str]")  [return-value]
(alexsavio)hansel/hansel/_utils.py:30:5: error: Incompatible types in "yield from" (actual type "Tuple[int, Tuple[str, Optional[str], Optional[str], Optional[str]]]", expected type "Tuple[int, str]")  [misc]
(miracle2k)k8s-snapshots/k8s_snapshots/snapshot.py:224:22: error: Incompatible types in "await" (actual type "Union[Dict[Any, Any], Awaitable[Dict[Any, Any]]]", expected type "Awaitable[Any]")  [misc]
(pybel)pybel-tools/src/pybel_tools/assembler/reified_graph/assembler.py:425:25: error: Argument 1 to "map" has incompatible type "Callable[[Any, Any, str, Any], Optional[Tuple[Any, str, bool, bool, Any]]]"; expected "Callable[[Any], Optional[Tuple[Any, str, bool, bool, Any]]]"  [arg-type]
(HumanCompatibleAI)imitation/src/imitation/util/buffer.py:235:51: error: Argument "sample_shapes" to "Buffer" has incompatible type "Dict[str, Optional[Tuple[int, ...]]]"; expected "Dict[str, Tuple[int, ...]]"  [arg-type]
(schrockn)graphscale/graphscale/kvetch/memshard.py:139:54: error: Argument 1 to "__get_after_index" of "KvetchMemShard" has incompatible type "Optional[List[Dict[Any, Any]]]"; expected "List[Dict[Any, Any]]"  [arg-type]
(schrockn)graphscale/graphscale/kvetch/memshard.py:140:21: error: Value of type "Optional[List[Dict[Any, Any]]]" is not indexable  [index]
(schrockn)graphscale/graphscale/kvetch/memshard.py:142:21: error: Value of type "Optional[List[Dict[Any, Any]]]" is not indexable  [index]
(schrockn)graphscale/graphscale/kvetch/memshard.py:150:26: error: Item "None" of "Optional[List[Dict[Any, Any]]]" has no attribute "__iter__" (not iterable)  [union-attr]
(daxtens)smart-sparse-diff/smart-sparse-diff.py:218:52: error: Argument 1 to "remove_exact_matching_lines" has incompatible type "Optional[List[List[str]]]"; expected "List[List[str]]"  [arg-type]
(daxtens)smart-sparse-diff/smart-sparse-diff.py:218:58: error: Argument 2 to "remove_exact_matching_lines" has incompatible type "Optional[List[List[str]]]"; expected "List[List[str]]"  [arg-type]
(Nic30)HWToolkit/hwt/hdl/transTmpl.py:275:17: error: Incompatible types in "yield" (actual type "StreamTransaction", expected type "Union[Tuple[Tuple[int, int], TransTmpl], OneOfTransaction]")  [misc]
(Nic30)HWToolkit/hwt/hdl/switchContainer.py:119:29: error: No overload variant of "zip" matches argument types "List[Tuple[Any, List[Any]]]", "None"  [call-overload]
(mesgarpour)T-CARER/ReadersWriters/_TextFile.py:191:33: error: "Callable[[Dict[Any, Any], CollectionsOrderedDict?], None]" has no attribute "items"  [attr-defined]
(mesgarpour)T-CARER/ReadersWriters/_TextFile.py:193:47: error: Argument 1 to "__append_pretty_dict" of "TextFile" has incompatible type "Dict[Any, Any]"; expected "Callable[[Dict[Any, Any], CollectionsOrderedDict?], None]"  [arg-type]
(mesgarpour)T-CARER/Stats/YeoJohnson.py:71:35: error: Unsupported operand types for <= ("int" and "Callable[[List[Any], NumpyNDArray?, PandasSeries?], None]")  [operator]
(mesgarpour)T-CARER/Stats/YeoJohnson.py:72:53: error: Value of type "Callable[[List[Any], NumpyNDArray?, PandasSeries?], None]" is not indexable  [index]
(mesgarpour)T-CARER/Stats/YeoJohnson.py:74:35: error: Unsupported operand types for <= ("int" and "Callable[[List[Any], NumpyNDArray?, PandasSeries?], None]")  [operator]
(mesgarpour)T-CARER/Stats/YeoJohnson.py:75:41: error: Value of type "Callable[[List[Any], NumpyNDArray?, PandasSeries?], None]" is not indexable  [index]
(mesgarpour)T-CARER/Stats/YeoJohnson.py:77:35: error: Unsupported operand types for > ("int" and "Callable[[List[Any], NumpyNDArray?, PandasSeries?], None]")  [operator]
(mesgarpour)T-CARER/Stats/YeoJohnson.py:78:77: error: Value of type "Callable[[List[Any], NumpyNDArray?, PandasSeries?], None]" is not indexable  [index]
(mesgarpour)T-CARER/Stats/YeoJohnson.py:80:35: error: Unsupported operand types for > ("int" and "Callable[[List[Any], NumpyNDArray?, PandasSeries?], None]")  [operator]
(mesgarpour)T-CARER/Stats/YeoJohnson.py:81:43: error: Value of type "Callable[[List[Any], NumpyNDArray?, PandasSeries?], None]" is not indexable  [index]
(mesgarpour)T-CARER/Stats/YeoJohnson.py:86:39: error: Unsupported operand types for <= ("int" and "Callable[[List[Any], NumpyNDArray?, PandasSeries?], None]")  [operator]
(mesgarpour)T-CARER/Stats/YeoJohnson.py:87:55: error: Value of type "Callable[[List[Any], NumpyNDArray?, PandasSeries?], None]" is not indexable  [index]
(mesgarpour)T-CARER/Stats/YeoJohnson.py:89:39: error: Unsupported operand types for <= ("int" and "Callable[[List[Any], NumpyNDArray?, PandasSeries?], None]")  [operator]
(mesgarpour)T-CARER/Stats/YeoJohnson.py:90:45: error: Value of type "Callable[[List[Any], NumpyNDArray?, PandasSeries?], None]" is not indexable  [index]
(mesgarpour)T-CARER/Stats/YeoJohnson.py:92:39: error: Unsupported operand types for > ("int" and "Callable[[List[Any], NumpyNDArray?, PandasSeries?], None]")  [operator]
(mesgarpour)T-CARER/Stats/YeoJohnson.py:93:58: error: Value of type "Callable[[List[Any], NumpyNDArray?, PandasSeries?], None]" is not indexable  [index]
(mesgarpour)T-CARER/Stats/YeoJohnson.py:95:39: error: Unsupported operand types for > ("int" and "Callable[[List[Any], NumpyNDArray?, PandasSeries?], None]")  [operator]
(mesgarpour)T-CARER/Stats/YeoJohnson.py:96:47: error: Value of type "Callable[[List[Any], NumpyNDArray?, PandasSeries?], None]" is not indexable  [index]
(mesgarpour)T-CARER/Stats/YeoJohnson.py:102:39: error: Unsupported operand types for <= ("int" and "Callable[[List[Any], NumpyNDArray?, PandasSeries?], None]")  [operator]
(mesgarpour)T-CARER/Stats/YeoJohnson.py:104:34: error: Value of type "Callable[[List[Any], NumpyNDArray?, PandasSeries?], None]" is not indexable  [index]
(mesgarpour)T-CARER/Stats/YeoJohnson.py:106:43: error: Value of type "Callable[[List[Any], NumpyNDArray?, PandasSeries?], None]" is not indexable  [index]
(mesgarpour)T-CARER/Stats/YeoJohnson.py:109:39: error: Unsupported operand types for <= ("int" and "Callable[[List[Any], NumpyNDArray?, PandasSeries?], None]")  [operator]
(mesgarpour)T-CARER/Stats/YeoJohnson.py:110:64: error: Value of type "Callable[[List[Any], NumpyNDArray?, PandasSeries?], None]" is not indexable  [index]
(mesgarpour)T-CARER/Stats/YeoJohnson.py:112:39: error: Unsupported operand types for > ("int" and "Callable[[List[Any], NumpyNDArray?, PandasSeries?], None]")  [operator]
(mesgarpour)T-CARER/Stats/YeoJohnson.py:114:35: error: Value of type "Callable[[List[Any], NumpyNDArray?, PandasSeries?], None]" is not indexable  [index]
(mesgarpour)T-CARER/Stats/YeoJohnson.py:116:45: error: Value of type "Callable[[List[Any], NumpyNDArray?, PandasSeries?], None]" is not indexable  [index]
(mesgarpour)T-CARER/Stats/YeoJohnson.py:119:39: error: Unsupported operand types for > ("int" and "Callable[[List[Any], NumpyNDArray?, PandasSeries?], None]")  [operator]
(mesgarpour)T-CARER/Stats/YeoJohnson.py:120:66: error: Value of type "Callable[[List[Any], NumpyNDArray?, PandasSeries?], None]" is not indexable  [index]
(SunDwarf)Kyoukai/kyoukai/__init__.py:36:54: error: Incompatible types in assignment (expression has type "Callable[[FormDataParser, Any, Any, Any, Any], Any]", target has type "Callable[[IO[bytes], str, Optional[int], Mapping[str, str]], Tuple[IO[bytes], Any, Any]]")  [assignment]
(will7200)Yugioh-bot/bot/utils/common.py:13:19: error: Incompatible types in assignment (expression has type "Callable[[Dict[_KT, _VT], _KT, _VT], None]", base class "object" defined the type as "Callable[[object, str, Any], None]")  [assignment]
(will7200)Yugioh-bot/bot/utils/common.py:14:19: error: Incompatible types in assignment (expression has type "Callable[[Dict[_KT, _VT], _KT], None]", base class "object" defined the type as "Callable[[object, str], None]")  [assignment]
(erp12)pyshgp/pyshgp/validation.py:48:12: error: Incompatible return value type (got "Optional[List[Type[Any]]]", expected "Sequence[type]")  [return-value]
(5j9)num2fawords/num2fawords/__init__.py:10:5: error: Incompatible import of "_singledispatch" (imported name has type "Callable[[Callable[..., _T]], singledispatch._SingleDispatchCallable[_T]]", local name has type "Callable[[Callable[..., _T]], functools._SingleDispatchCallable[_T]]")  [misc]
(5j9)num2fawords/num2fawords/__init__.py:351:5: error: "Callable[[Union[int, str], str, str], str]" has no attribute "__defaults__"  [attr-defined]
(rr-)dotfiles/opt/crawl/crawl/cmd/download.py:241:36: error: Argument "type" to "add_argument" of "_ActionsContainer" has incompatible type overloaded function; expected "Union[Callable[[str], Pattern[AnyStr]], FileType]"  [arg-type]
(rr-)dotfiles/opt/crawl/crawl/cmd/download.py:244:36: error: Argument "type" to "add_argument" of "_ActionsContainer" has incompatible type overloaded function; expected "Union[Callable[[str], Pattern[AnyStr]], FileType]"  [arg-type]
(rr-)dotfiles/opt/crawl/crawl/cmd/download.py:249:18: error: Argument "type" to "add_argument" of "_ActionsContainer" has incompatible type overloaded function; expected "Union[Callable[[str], Pattern[AnyStr]], FileType]"  [arg-type]
(madhavajay)nd889/1_foundations/1_sudoku/sudoku/board.py:28:23: error: Incompatible types in assignment (expression has type "None", variable has type "Dict[str, List[List[str]]]")  [assignment]
(gdude2002)InfoBot/bot/data.py:201:44: error: Argument 1 to "load_sections" of "DataManager" has incompatible type "List[List[Any]]"; expected "List[Union[str, str, Dict[Any, Any]]]"  [arg-type]
(juancarlospaco)css-html-js-minify/css_html_js_minify/minify.py:236:30: error: Argument "onerror" to "walk" has incompatible type "Optional[object]"; expected "Optional[Callable[[OSError], Any]]"  [arg-type]
(psi4)psi4/psi4/run_psi4.py:175:26: error: Incompatible types in assignment (expression has type "Callable[[Any, VarArg(Any), KwArg(Any)], Any]", variable has type "Callable[[str, Type[Warning], str, int, Optional[str]], str]")  [assignment]
(psi4)psi4/doc/sphinxman/document_driver.py:99:17: error: "Iterator[Tuple[str, List[str], List[str]]]" has no attribute "next"  [attr-defined]
(lbryio)lbry/lbry/lbry/blob/blob_file.py:187:45: error: Argument 4 to "AbstractBlob" has incompatible type "Optional[Callable[[AbstractBlob], None]]"; expected "Optional[Callable[[AbstractBlob], Task[Any]]]"  [arg-type]
(lbryio)lbry/lbry/lbry/blob/blob_file.py:326:5: error: Argument 7 of "create_from_unencrypted" is incompatible with supertype "AbstractBlob"; supertype defines the argument type as "Optional[Callable[[AbstractBlob], None]]"  [override]
(lbryio)lbry/lbry/lbry/blob/blob_file.py:334:61: error: Argument 7 to "create_from_unencrypted" of "AbstractBlob" has incompatible type "Optional[Callable[[AbstractBlob], Task[Any]]]"; expected "Optional[Callable[[AbstractBlob], None]]"  [arg-type]
(lbryio)lbry/lbry/lbry/stream/descriptor.py:234:92: error: Argument "blob_completed_callback" to "make_sd_blob" of "StreamDescriptor" has incompatible type "Optional[Callable[[Any], Task[Any]]]"; expected "Optional[Callable[[Any], None]]"  [arg-type]
(dbrattli)aioreactive/aioreactive/operators/filteri.py:17:50: error: Argument 1 to "iscoroutinefunction" has incompatible type "Union[Callable[[T, int], bool], Awaitable[Any]]"; expected "Callable[..., Any]"  [arg-type]
(dbrattli)aioreactive/aioreactive/operators/filter.py:20:50: error: Argument 1 to "iscoroutinefunction" has incompatible type "Union[Callable[[T], bool], Awaitable[bool]]"; expected "Callable[..., Any]"  [arg-type]
(dbrattli)aioreactive/aioreactive/operators/catch_exception.py:29:41: error: Argument 1 to "Stream" has incompatible type "Callable[[], Coroutine[Any, Any, Coroutine[Any, Any, None]]]"; expected "CatchException[Any]"  [arg-type]
(SunDwarf)curious/curious/commands/utils.py:326:22: error: Item "function" of "Union[Iterable[str], Callable[[Any, Any], str]]" has no attribute "__iter__" (not iterable)  [union-attr]
(jiadaizhao)LeetCode/0701-0800/0792-Number of Matching Subsequences/0792-Number of Matching Subsequences.py:10:28: error: Invalid index type "None" for "defaultdict[_T, List[Iterator[_T]]]"; expected type "_T"  [index]
(korsimoro)indy-sdk/wrappers/python/indy/wallet.py:38:9: error: "Callable[[str, str, Optional[str], Optional[str], Optional[str]], Coroutine[Any, Any, None]]" has no attribute "cb"  [attr-defined]
(korsimoro)indy-sdk/wrappers/python/indy/wallet.py:52:19: error: "Callable[[str, str, Optional[str], Optional[str], Optional[str]], Coroutine[Any, Any, None]]" has no attribute "cb"  [attr-defined]
(korsimoro)indy-sdk/wrappers/python/indy/wallet.py:85:9: error: "Callable[[str, Optional[str], Optional[str]], Coroutine[Any, Any, int]]" has no attribute "cb"  [attr-defined]
(korsimoro)indy-sdk/wrappers/python/indy/wallet.py:95:25: error: "Callable[[str, Optional[str], Optional[str]], Coroutine[Any, Any, int]]" has no attribute "cb"  [attr-defined]
(korsimoro)indy-sdk/wrappers/python/indy/wallet.py:147:9: error: "Callable[[str, Optional[str]], Coroutine[Any, Any, None]]" has no attribute "cb"  [attr-defined]
(korsimoro)indy-sdk/wrappers/python/indy/wallet.py:155:19: error: "Callable[[str, Optional[str]], Coroutine[Any, Any, None]]" has no attribute "cb"  [attr-defined]
(korsimoro)indy-sdk/wrappers/python/indy/pool.py:30:9: error: "Callable[[str, Optional[str]], Coroutine[Any, Any, None]]" has no attribute "cb"  [attr-defined]
(korsimoro)indy-sdk/wrappers/python/indy/pool.py:38:25: error: "Callable[[str, Optional[str]], Coroutine[Any, Any, None]]" has no attribute "cb"  [attr-defined]
(korsimoro)indy-sdk/wrappers/python/indy/pool.py:74:9: error: "Callable[[str, Optional[str]], Coroutine[Any, Any, int]]" has no attribute "cb"  [attr-defined]
(korsimoro)indy-sdk/wrappers/python/indy/pool.py:82:25: error: "Callable[[str, Optional[str]], Coroutine[Any, Any, int]]" has no attribute "cb"  [attr-defined]
(Koala-Kaolin)pyweb/print.py:113:5: error: "Callable[[VarArg(object), DefaultNamedArg(Optional[str], 'sep'), DefaultNamedArg(Optional[str], 'end'), DefaultNamedArg(Optional[_Writer], 'file'), DefaultNamedArg(bool, 'flush')], None]" has no attribute "initial"  [attr-defined]
(Koala-Kaolin)pyweb/print.py:116:5: error: "Callable[[VarArg(object), DefaultNamedArg(Optional[str], 'sep'), DefaultNamedArg(Optional[str], 'end'), DefaultNamedArg(Optional[_Writer], 'file'), DefaultNamedArg(bool, 'flush')], None]" has no attribute "initial"  [attr-defined]
(masashi-y)depccg/depccg/printer.py:315:63: error: Argument 2 to "zip" has incompatible type "Optional[List[List[Any]]]"; expected "Iterable[List[Any]]"  [arg-type]
(masashi-y)depccg/depccg/printer.py:322:63: error: Argument 2 to "zip" has incompatible type "Optional[List[List[Any]]]"; expected "Iterable[List[Any]]"  [arg-type]
(slackapi)python-slackclient/slack/web/classes/__init__.py:113:13: error: Incompatible return value type (got "Union[Dict[Any, Any], List[JsonObject], str]", expected "Union[Dict[Any, Any], List[Dict[Any, Any]], str]")  [return-value]
(rigetticomputing)grove/grove/bernstein_vazirani/bernstein_vazirani.py:131:16: error: Incompatible return value type (got "Tuple[Any, defaultdict[Any, Dict[Any, Any]]]", expected "Tuple[Any, Dict[str, str]]")  [return-value]
(rigetticomputing)grove/grove/ising/ising_qaoa.py:109:23: error: Dict entry 0 has incompatible type "str": "Callable[[VarArg(object), DefaultNamedArg(Optional[str], 'sep'), DefaultNamedArg(Optional[str], 'end'), DefaultNamedArg(Optional[_Writer], 'file'), DefaultNamedArg(bool, 'flush')], None]"; expected "str": "int"  [dict-item]
(rigetticomputing)grove/grove/pyvqe/vqe.py:38:19: error: Incompatible types in assignment (expression has type "Callable[[Dict[_KT, _VT], _KT, _VT], None]", base class "object" defined the type as "Callable[[object, str, Any], None]")  [assignment]
(rigetticomputing)grove/grove/pyvqe/vqe.py:39:19: error: Incompatible types in assignment (expression has type "Callable[[Dict[_KT, _VT], _KT], None]", base class "object" defined the type as "Callable[[object, str], None]")  [assignment]
(drhagen)parsita/src/parsita/state.py:296:16: error: Incompatible types in assignment (expression has type "Tuple[]", variable has type "Tuple[Callable[[], str]]")  [assignment]
(drhagen)parsita/src/parsita/state.py:328:29: error: Incompatible types in assignment (expression has type "Tuple[Callable[[], str], Callable[[], str]]", variable has type "Tuple[Callable[[], str]]")  [assignment]
(labsquare)CuteVariant/pocs/vql.py:55:5: error: "Callable[[str, Tuple[Any, ...], Dict[Any, Any]], type]" has no attribute "classes"  [attr-defined]
(labsquare)CuteVariant/pocs/vql.py:59:1: error: "Callable[[str, Tuple[Any, ...], Dict[Any, Any]], type]" has no attribute "classes"  [attr-defined]
(labsquare)CuteVariant/pocs/vql.py:109:23: error: "Callable[[str, Tuple[Any, ...], Dict[Any, Any]], type]" has no attribute "classes"  [attr-defined]
(KeepSafe)aiohttp/tests/test_web_websocket.py:116:18: error: Incompatible types in assignment (expression has type "Callable[[], Any]", variable has type "Callable[[Optional[float]], Coroutine[Any, Any, WSMessage]]")  [assignment]
(KeepSafe)aiohttp/tests/test_web_websocket.py:130:18: error: Incompatible types in assignment (expression has type "Callable[[], Any]", variable has type "Callable[[Optional[float]], Coroutine[Any, Any, WSMessage]]")  [assignment]
(KeepSafe)aiohttp/tests/test_web_websocket.py:445:5: error: Item "function" of "Union[Callable[[], Coroutine[Any, Any, WSMessage]], Any]" has no attribute "return_value"  [union-attr]
(KeepSafe)aiohttp/tests/test_web_websocket.py:446:5: error: Item "function" of "Union[Callable[[], Coroutine[Any, Any, WSMessage]], Any]" has no attribute "return_value"  [union-attr]
(KeepSafe)aiohttp/tests/test_web_websocket.py:456:5: error: Item "function" of "Union[Callable[[], Coroutine[Any, Any, WSMessage]], Any]" has no attribute "return_value"  [union-attr]
(KeepSafe)aiohttp/tests/test_web_websocket.py:457:5: error: Item "function" of "Union[Callable[[], Coroutine[Any, Any, WSMessage]], Any]" has no attribute "return_value"  [union-attr]
(KeepSafe)aiohttp/tests/test_web_websocket.py:471:5: error: Item "function" of "Union[Callable[[int, bytes], Coroutine[Any, Any, None]], Any]" has no attribute "side_effect"  [union-attr]
(KeepSafe)aiohttp/tests/test_web_websocket.py:477:5: error: Item "function" of "Union[Callable[[int, bytes], Coroutine[Any, Any, None]], Any]" has no attribute "side_effect"  [union-attr]
(aaugustin)websockets/src/websockets/uri.py:79:60: error: Argument 5 to "WebSocketURI" has incompatible type "Optional[Tuple[Optional[str], Optional[str]]]"; expected "Optional[Tuple[str, str]]"  [arg-type]
(aaugustin)websockets/tests/test_auth.py:76:47: error: Argument "check_credentials" to "basic_auth_protocol_factory" has incompatible type "Callable[[AuthClientServerTests, Any], Any]"; expected "Optional[Callable[[str, str], Awaitable[bool]]]"  [arg-type]
(masc3d)btrfs-sxbackup/btrfs_sxbackup/cli.py:83:47: error: Argument 2 to "add_argument" of "_ActionsContainer" has incompatible type "**Dict[str, Union[str, Type[str], None]]"; expected "Union[str, Type[Action]]"  [arg-type]
(masc3d)btrfs-sxbackup/btrfs_sxbackup/cli.py:83:47: error: Argument 2 to "add_argument" of "_ActionsContainer" has incompatible type "**Dict[str, Union[str, Type[str], None]]"; expected "Union[int, str]"  [arg-type]
(masc3d)btrfs-sxbackup/btrfs_sxbackup/cli.py:83:47: error: Argument 2 to "add_argument" of "_ActionsContainer" has incompatible type "**Dict[str, Union[str, Type[str], None]]"; expected "Union[Callable[[str], str], FileType]"  [arg-type]
(masc3d)btrfs-sxbackup/btrfs_sxbackup/cli.py:83:47: error: Argument 2 to "add_argument" of "_ActionsContainer" has incompatible type "**Dict[str, Union[str, Type[str], None]]"; expected "Iterable[str]"  [arg-type]
(masc3d)btrfs-sxbackup/btrfs_sxbackup/cli.py:83:47: error: Argument 2 to "add_argument" of "_ActionsContainer" has incompatible type "**Dict[str, Union[str, Type[str], None]]"; expected "bool"  [arg-type]
(masc3d)btrfs-sxbackup/btrfs_sxbackup/cli.py:83:47: error: Argument 2 to "add_argument" of "_ActionsContainer" has incompatible type "**Dict[str, Union[str, Type[str], None]]"; expected "Optional[str]"  [arg-type]
(masc3d)btrfs-sxbackup/btrfs_sxbackup/cli.py:83:47: error: Argument 2 to "add_argument" of "_ActionsContainer" has incompatible type "**Dict[str, Union[str, Type[str], None]]"; expected "Union[str, Tuple[str, ...], None]"  [arg-type]
(masc3d)btrfs-sxbackup/btrfs_sxbackup/cli.py:83:47: error: Argument 2 to "add_argument" of "_ActionsContainer" has incompatible type "**Dict[str, Union[str, Type[str], None]]"; expected "str"  [arg-type]
(masc3d)btrfs-sxbackup/btrfs_sxbackup/cli.py:84:52: error: Argument 2 to "add_argument" of "_ActionsContainer" has incompatible type "**Dict[str, Union[str, Type[str], None]]"; expected "Union[str, Type[Action]]"  [arg-type]
(masc3d)btrfs-sxbackup/btrfs_sxbackup/cli.py:84:52: error: Argument 2 to "add_argument" of "_ActionsContainer" has incompatible type "**Dict[str, Union[str, Type[str], None]]"; expected "Union[int, str]"  [arg-type]
(masc3d)btrfs-sxbackup/btrfs_sxbackup/cli.py:84:52: error: Argument 2 to "add_argument" of "_ActionsContainer" has incompatible type "**Dict[str, Union[str, Type[str], None]]"; expected "Union[Callable[[str], str], FileType]"  [arg-type]
(masc3d)btrfs-sxbackup/btrfs_sxbackup/cli.py:84:52: error: Argument 2 to "add_argument" of "_ActionsContainer" has incompatible type "**Dict[str, Union[str, Type[str], None]]"; expected "Iterable[str]"  [arg-type]
(masc3d)btrfs-sxbackup/btrfs_sxbackup/cli.py:84:52: error: Argument 2 to "add_argument" of "_ActionsContainer" has incompatible type "**Dict[str, Union[str, Type[str], None]]"; expected "bool"  [arg-type]
(masc3d)btrfs-sxbackup/btrfs_sxbackup/cli.py:84:52: error: Argument 2 to "add_argument" of "_ActionsContainer" has incompatible type "**Dict[str, Union[str, Type[str], None]]"; expected "Optional[str]"  [arg-type]
(masc3d)btrfs-sxbackup/btrfs_sxbackup/cli.py:84:52: error: Argument 2 to "add_argument" of "_ActionsContainer" has incompatible type "**Dict[str, Union[str, Type[str], None]]"; expected "Union[str, Tuple[str, ...], None]"  [arg-type]
(masc3d)btrfs-sxbackup/btrfs_sxbackup/cli.py:84:52: error: Argument 2 to "add_argument" of "_ActionsContainer" has incompatible type "**Dict[str, Union[str, Type[str], None]]"; expected "str"  [arg-type]
(masc3d)btrfs-sxbackup/btrfs_sxbackup/cli.py:85:39: error: Argument 2 to "add_argument" of "_ActionsContainer" has incompatible type "**Dict[str, Optional[str]]"; expected "Union[Callable[[str], str], FileType]"  [arg-type]
(masc3d)btrfs-sxbackup/btrfs_sxbackup/cli.py:90:44: error: Argument 2 to "add_argument" of "_ActionsContainer" has incompatible type "**Dict[str, object]"; expected "Union[Callable[[str], <nothing>], FileType]"  [arg-type]
(masc3d)btrfs-sxbackup/btrfs_sxbackup/cli.py:95:43: error: Argument 2 to "add_argument" of "_ActionsContainer" has incompatible type "**Dict[str, object]"; expected "Union[Callable[[str], <nothing>], FileType]"  [arg-type]
(masc3d)btrfs-sxbackup/btrfs_sxbackup/cli.py:96:49: error: Argument 2 to "add_argument" of "_ActionsContainer" has incompatible type "**Dict[str, Union[str, Type[str], None]]"; expected "Union[str, Type[Action]]"  [arg-type]
(masc3d)btrfs-sxbackup/btrfs_sxbackup/cli.py:96:49: error: Argument 2 to "add_argument" of "_ActionsContainer" has incompatible type "**Dict[str, Union[str, Type[str], None]]"; expected "Union[int, str]"  [arg-type]
(masc3d)btrfs-sxbackup/btrfs_sxbackup/cli.py:96:49: error: Argument 2 to "add_argument" of "_ActionsContainer" has incompatible type "**Dict[str, Union[str, Type[str], None]]"; expected "Union[Callable[[str], str], FileType]"  [arg-type]
(masc3d)btrfs-sxbackup/btrfs_sxbackup/cli.py:96:49: error: Argument 2 to "add_argument" of "_ActionsContainer" has incompatible type "**Dict[str, Union[str, Type[str], None]]"; expected "Iterable[str]"  [arg-type]
(masc3d)btrfs-sxbackup/btrfs_sxbackup/cli.py:96:49: error: Argument 2 to "add_argument" of "_ActionsContainer" has incompatible type "**Dict[str, Union[str, Type[str], None]]"; expected "bool"  [arg-type]
(masc3d)btrfs-sxbackup/btrfs_sxbackup/cli.py:96:49: error: Argument 2 to "add_argument" of "_ActionsContainer" has incompatible type "**Dict[str, Union[str, Type[str], None]]"; expected "Optional[str]"  [arg-type]
(masc3d)btrfs-sxbackup/btrfs_sxbackup/cli.py:96:49: error: Argument 2 to "add_argument" of "_ActionsContainer" has incompatible type "**Dict[str, Union[str, Type[str], None]]"; expected "Union[str, Tuple[str, ...], None]"  [arg-type]
(masc3d)btrfs-sxbackup/btrfs_sxbackup/cli.py:96:49: error: Argument 2 to "add_argument" of "_ActionsContainer" has incompatible type "**Dict[str, Union[str, Type[str], None]]"; expected "str"  [arg-type]
(masc3d)btrfs-sxbackup/btrfs_sxbackup/cli.py:97:54: error: Argument 2 to "add_argument" of "_ActionsContainer" has incompatible type "**Dict[str, Union[str, Type[str], None]]"; expected "Union[str, Type[Action]]"  [arg-type]
(masc3d)btrfs-sxbackup/btrfs_sxbackup/cli.py:97:54: error: Argument 2 to "add_argument" of "_ActionsContainer" has incompatible type "**Dict[str, Union[str, Type[str], None]]"; expected "Union[int, str]"  [arg-type]
(masc3d)btrfs-sxbackup/btrfs_sxbackup/cli.py:97:54: error: Argument 2 to "add_argument" of "_ActionsContainer" has incompatible type "**Dict[str, Union[str, Type[str], None]]"; expected "Union[Callable[[str], str], FileType]"  [arg-type]
(masc3d)btrfs-sxbackup/btrfs_sxbackup/cli.py:97:54: error: Argument 2 to "add_argument" of "_ActionsContainer" has incompatible type "**Dict[str, Union[str, Type[str], None]]"; expected "Iterable[str]"  [arg-type]
(masc3d)btrfs-sxbackup/btrfs_sxbackup/cli.py:97:54: error: Argument 2 to "add_argument" of "_ActionsContainer" has incompatible type "**Dict[str, Union[str, Type[str], None]]"; expected "bool"  [arg-type]
(masc3d)btrfs-sxbackup/btrfs_sxbackup/cli.py:97:54: error: Argument 2 to "add_argument" of "_ActionsContainer" has incompatible type "**Dict[str, Union[str, Type[str], None]]"; expected "Optional[str]"  [arg-type]
(masc3d)btrfs-sxbackup/btrfs_sxbackup/cli.py:97:54: error: Argument 2 to "add_argument" of "_ActionsContainer" has incompatible type "**Dict[str, Union[str, Type[str], None]]"; expected "Union[str, Tuple[str, ...], None]"  [arg-type]
(masc3d)btrfs-sxbackup/btrfs_sxbackup/cli.py:97:54: error: Argument 2 to "add_argument" of "_ActionsContainer" has incompatible type "**Dict[str, Union[str, Type[str], None]]"; expected "str"  [arg-type]
(masc3d)btrfs-sxbackup/btrfs_sxbackup/cli.py:98:41: error: Argument 2 to "add_argument" of "_ActionsContainer" has incompatible type "**Dict[str, Optional[str]]"; expected "Union[Callable[[str], str], FileType]"  [arg-type]
(masc3d)btrfs-sxbackup/btrfs_sxbackup/cli.py:103:40: error: Argument 2 to "add_argument" of "_ActionsContainer" has incompatible type "**Dict[str, object]"; expected "Union[Callable[[str], <nothing>], FileType]"  [arg-type]
(masc3d)btrfs-sxbackup/btrfs_sxbackup/cli.py:112:41: error: Argument 2 to "add_argument" of "_ActionsContainer" has incompatible type "**Dict[str, object]"; expected "Union[Callable[[str], <nothing>], FileType]"  [arg-type]
(masc3d)btrfs-sxbackup/btrfs_sxbackup/cli.py:116:42: error: Argument 2 to "add_argument" of "_ActionsContainer" has incompatible type "**Dict[str, object]"; expected "Union[Callable[[str], <nothing>], FileType]"  [arg-type]
(masc3d)btrfs-sxbackup/btrfs_sxbackup/cli.py:121:48: error: Argument 2 to "add_argument" of "_ActionsContainer" has incompatible type "**Dict[str, Union[str, Type[str], None]]"; expected "Union[str, Type[Action]]"  [arg-type]
(masc3d)btrfs-sxbackup/btrfs_sxbackup/cli.py:121:48: error: Argument 2 to "add_argument" of "_ActionsContainer" has incompatible type "**Dict[str, Union[str, Type[str], None]]"; expected "Union[int, str]"  [arg-type]
(masc3d)btrfs-sxbackup/btrfs_sxbackup/cli.py:121:48: error: Argument 2 to "add_argument" of "_ActionsContainer" has incompatible type "**Dict[str, Union[str, Type[str], None]]"; expected "Union[Callable[[str], str], FileType]"  [arg-type]
(masc3d)btrfs-sxbackup/btrfs_sxbackup/cli.py:121:48: error: Argument 2 to "add_argument" of "_ActionsContainer" has incompatible type "**Dict[str, Union[str, Type[str], None]]"; expected "Iterable[str]"  [arg-type]
(masc3d)btrfs-sxbackup/btrfs_sxbackup/cli.py:121:48: error: Argument 2 to "add_argument" of "_ActionsContainer" has incompatible type "**Dict[str, Union[str, Type[str], None]]"; expected "bool"  [arg-type]
(masc3d)btrfs-sxbackup/btrfs_sxbackup/cli.py:121:48: error: Argument 2 to "add_argument" of "_ActionsContainer" has incompatible type "**Dict[str, Union[str, Type[str], None]]"; expected "Optional[str]"  [arg-type]
(masc3d)btrfs-sxbackup/btrfs_sxbackup/cli.py:121:48: error: Argument 2 to "add_argument" of "_ActionsContainer" has incompatible type "**Dict[str, Union[str, Type[str], None]]"; expected "Union[str, Tuple[str, ...], None]"  [arg-type]
(masc3d)btrfs-sxbackup/btrfs_sxbackup/cli.py:121:48: error: Argument 2 to "add_argument" of "_ActionsContainer" has incompatible type "**Dict[str, Union[str, Type[str], None]]"; expected "str"  [arg-type]
(masc3d)btrfs-sxbackup/btrfs_sxbackup/cli.py:122:53: error: Argument 2 to "add_argument" of "_ActionsContainer" has incompatible type "**Dict[str, Union[str, Type[str], None]]"; expected "Union[str, Type[Action]]"  [arg-type]
(masc3d)btrfs-sxbackup/btrfs_sxbackup/cli.py:122:53: error: Argument 2 to "add_argument" of "_ActionsContainer" has incompatible type "**Dict[str, Union[str, Type[str], None]]"; expected "Union[int, str]"  [arg-type]
(masc3d)btrfs-sxbackup/btrfs_sxbackup/cli.py:122:53: error: Argument 2 to "add_argument" of "_ActionsContainer" has incompatible type "**Dict[str, Union[str, Type[str], None]]"; expected "Union[Callable[[str], str], FileType]"  [arg-type]
(masc3d)btrfs-sxbackup/btrfs_sxbackup/cli.py:122:53: error: Argument 2 to "add_argument" of "_ActionsContainer" has incompatible type "**Dict[str, Union[str, Type[str], None]]"; expected "Iterable[str]"  [arg-type]
(masc3d)btrfs-sxbackup/btrfs_sxbackup/cli.py:122:53: error: Argument 2 to "add_argument" of "_ActionsContainer" has incompatible type "**Dict[str, Union[str, Type[str], None]]"; expected "bool"  [arg-type]
(masc3d)btrfs-sxbackup/btrfs_sxbackup/cli.py:122:53: error: Argument 2 to "add_argument" of "_ActionsContainer" has incompatible type "**Dict[str, Union[str, Type[str], None]]"; expected "Optional[str]"  [arg-type]
(masc3d)btrfs-sxbackup/btrfs_sxbackup/cli.py:122:53: error: Argument 2 to "add_argument" of "_ActionsContainer" has incompatible type "**Dict[str, Union[str, Type[str], None]]"; expected "Union[str, Tuple[str, ...], None]"  [arg-type]
(masc3d)btrfs-sxbackup/btrfs_sxbackup/cli.py:122:53: error: Argument 2 to "add_argument" of "_ActionsContainer" has incompatible type "**Dict[str, Union[str, Type[str], None]]"; expected "str"  [arg-type]
(masc3d)btrfs-sxbackup/btrfs_sxbackup/cli.py:130:43: error: Argument 2 to "add_argument" of "_ActionsContainer" has incompatible type "**Dict[str, Optional[str]]"; expected "Union[Callable[[str], str], FileType]"  [arg-type]
(scherroman)mugen/mugen/video/sources/Source.py:46:39: error: Argument 1 to "zip" has incompatible type "Optional[List[Union[Source, SourceList]]]"; expected "Iterable[Union[Source, SourceList]]"  [arg-type]
(scherroman)mugen/mugen/events.py:351:47: error: Argument 1 to "EventList" has incompatible type "object"; expected "Optional[List[Union[Event, Any]]]"  [arg-type]
(Chandlercjy)OnePy/OnePy/sys_module/models/base_series.py:129:25: error: Incompatible types in assignment (expression has type "deque[Dict[str, Union[str, float]]]", base class "UserList" defined the type as "List[Any]")  [assignment]
(Chandlercjy)OnePy/OnePy/sys_module/models/base_series.py:134:25: error: Incompatible types in assignment (expression has type "List[Dict[str, Any]]", variable has type "deque[Dict[str, Union[str, float]]]")  [assignment]
(seisatsu)Driftwood/src/tile.py:128:21: error: Argument 1 to "list" has incompatible type "Optional[List[Union[int, Any]]]"; expected "Iterable[int]"  [arg-type]
(quantumlib)Cirq/cirq/study/trial_result.py:147:51: error: Incompatible default for argument "fold_func" (default has type "Callable[[Iterable[Any]], Tuple[int, ...]]", argument has type "Callable[[Any], T]")  [assignment]
(jmbr)diffusion-maps/diffusion_maps/cusparse.py:33:38: error: Incompatible types in assignment (expression has type "Type[int]", variable has type "Union[Type[_CData], Callable[[int], None], None]")  [assignment]
(jmbr)diffusion-maps/diffusion_maps/cusparse.py:36:39: error: Incompatible types in assignment (expression has type "Type[int]", variable has type "Union[Type[_CData], Callable[[int], None], None]")  [assignment]
(jmbr)diffusion-maps/diffusion_maps/cusparse.py:39:42: error: Incompatible types in assignment (expression has type "Type[int]", variable has type "Union[Type[_CData], Callable[[int], None], None]")  [assignment]
(jmbr)diffusion-maps/diffusion_maps/cusparse.py:42:46: error: Incompatible types in assignment (expression has type "Type[int]", variable has type "Union[Type[_CData], Callable[[int], None], None]")  [assignment]
(jmbr)diffusion-maps/diffusion_maps/cusparse.py:45:47: error: Incompatible types in assignment (expression has type "Type[int]", variable has type "Union[Type[_CData], Callable[[int], None], None]")  [assignment]
(jmbr)diffusion-maps/diffusion_maps/cusparse.py:48:38: error: Incompatible types in assignment (expression has type "Type[int]", variable has type "Union[Type[_CData], Callable[[int], None], None]")  [assignment]
(PrivacyScore)PrivacyScore/privacyscore/scanner/tasks.py:67:23: error: Incompatible types in assignment (expression has type "List[Tuple[List[Any], Dict[Any, Any], Dict[Any, Any]]]", variable has type "Tuple[List[Any], Dict[Any, Any], Dict[Any, Any]]")  [assignment]
(PrivacyScore)PrivacyScore/privacyscore/scanner/tasks.py:68:56: error: Argument 1 to "_parse_new_results" has incompatible type "Tuple[List[Any], Dict[Any, Any], Dict[Any, Any]]"; expected "List[Tuple[List[Any], Dict[Any, Any]]]"  [arg-type]
(PrivacyScore)PrivacyScore/privacyscore/test_suites/openwpm.py:47:16: error: Incompatible return value type (got "Dict[str, Dict[str, object]]", expected "Dict[str, Dict[str, Union[str, bytes]]]")  [return-value]
(PrivacyScore)PrivacyScore/privacyscore/test_suites/openwpm.py:77:24: error: Incompatible return value type (got "Dict[str, Dict[str, object]]", expected "Dict[str, Dict[str, Union[str, bytes]]]")  [return-value]
(PrivacyScore)PrivacyScore/privacyscore/test_suites/openwpm.py:108:12: error: Incompatible return value type (got "Dict[str, Dict[str, object]]", expected "Dict[str, Dict[str, Union[str, bytes]]]")  [return-value]
(PrivacyScore)PrivacyScore/privacyscore/test_suites/network.py:106:40: error: List comprehension has incompatible type List[Tuple[str, List[str]]]; expected List[str]  [misc]
(PrivacyScore)PrivacyScore/privacyscore/test_suites/serverleak.py:178:12: error: Incompatible return value type (got "Dict[str, Dict[str, object]]", expected "Dict[str, Dict[str, Union[str, bytes]]]")  [return-value]
(kenkov)kovot/kovot/stream/mastodon.py:97:5: error: Argument 2 of "handle_starttag" is incompatible with supertype "HTMLParser"; supertype defines the argument type as "List[Tuple[str, Optional[str]]]"  [override]
(juancarlospaco)anglerfish/anglerfish/walk2dict.py:32:46: error: Argument "onerror" to "walk" has incompatible type "Optional[object]"; expected "Optional[Callable[[OSError], Any]]"  [arg-type]
(juancarlospaco)anglerfish/anglerfish/walk2list.py:32:30: error: Argument "onerror" to "walk" has incompatible type "Optional[object]"; expected "Optional[Callable[[OSError], Any]]"  [arg-type]
(juancarlospaco)anglerfish/anglerfish/__init__.py:206:23: error: Incompatible types in assignment (expression has type "Type[_ZipRotator]", variable has type "Optional[Callable[[str, str], None]]")  [assignment]
(derfenix)django_stored_procedures/django_sp/loader.py:139:28: error: Incompatible types in assignment (expression has type "List[Optional[Dict[Any, Any]]]", variable has type "Optional[Dict[Any, Any]]")  [assignment]
(derfenix)django_stored_procedures/django_sp/loader.py:141:28: error: Incompatible types in assignment (expression has type "List[Optional[Dict[Any, Any]]]", variable has type "Optional[Dict[Any, Any]]")  [assignment]
(DesertBot)DesertBot/desertbot/ircbase.py:25:61: error: Argument 4 to "handleCommand" of "IRCBase" has incompatible type "Optional[Dict[str, Optional[str]]]"; expected "Dict[str, Optional[str]]"  [arg-type]
(google)tmppy/_py2tmp/ir0_optimization/_local_optimizations.py:39:22: error: List comprehension has incompatible type List[Callable[[Any, Any, Any], Any]]; expected List[Tuple[str, Any]]  [misc]
(madedotcom)photon-pump/photonpump/messages.py:310:1: error: "Callable[[Type[_NT], Any, Any, Any, Any, Any, Any], _NT]" has no attribute "__defaults__"  [attr-defined]
(meraki-analytics)merakicommons/merakicommons/ghost.py:110:13: error: Item "function" of "Union[Callable[[Any], Any], Any]" has no attribute "_Ghost__load_group"  [union-attr]
(SectorLabs)django-localized-fields/localized_fields/value.py:69:16: error: Incompatible return value type (got "Tuple[str, List[Dict[str, Any]], Dict[<nothing>, <nothing>]]", expected "Dict[Any, Any]")  [return-value]
(renskiy)fabricio/fabricio/utils.py:94:19: error: Incompatible types in assignment (expression has type "Callable[[Dict[_KT, _VT], _KT, _VT], None]", base class "object" defined the type as "Callable[[object, str, Any], None]")  [assignment]
(ariebovenberg)snug/tests/test_http.py:28:15: error: Incompatible types in assignment (expression has type "property", base class "Collection" defined the type as "Callable[[Collection[Any]], int]")  [assignment]
(ariebovenberg)snug/tests/test_http.py:29:16: error: Incompatible types in assignment (expression has type "property", base class "Iterable" defined the type as "Callable[[Iterable[Any]], Iterator[Any]]")  [assignment]
(ariebovenberg)snug/tests/test_http.py:30:19: error: Incompatible types in assignment (expression has type "property", base class "Mapping" defined the type as "Callable[[Mapping[Any, Any], Any], Any]")  [assignment]
(wegamekinglc)alpha-mind/alphamind/bin/cli.py:24:1: error: "Callable[[Type[_NT], Any, Any, Any, Any, Any, Any, Any, Any], _NT]" has no attribute "__defaults__"  [attr-defined]
(RasaHQ)rasa_core/rasa/cli/default_arguments.py:15:27: error: Argument 4 to "add_argument" of "_ActionsContainer" has incompatible type "**Dict[str, object]"; expected "Union[Callable[[str], <nothing>], FileType]"  [arg-type]
(RasaHQ)rasa_core/rasa/cli/default_arguments.py:18:27: error: Argument 3 to "add_argument" of "_ActionsContainer" has incompatible type "**Dict[str, object]"; expected "Union[Callable[[str], <nothing>], FileType]"  [arg-type]
(SymbiFlow)symbiflow-arch-defs/utils/lib/pb_type.py:145:12: error: Value expression in dictionary comprehension has incompatible type "Tuple[Any, ...]"; expected type "Tuple[Union[str, Tuple[str, int]], Union[str, Tuple[str, int]]]"  [misc]
(kubeflow)kfserving/vendor/github.com/tensorflow/tensorflow/tensorflow/python/tools/api/generator/doc_srcs.py:34:1: error: "Callable[[Type[_NT], Any, Any], _NT]" has no attribute "__defaults__"  [attr-defined]
(agraubert)agutil/agutil/src/logger.py:134:22: error: Argument 1 to "property" has incompatible type "Callable[[Logger, Any], Any]"; expected "Optional[Callable[[Any], Any]]"  [arg-type]
(faneshion)MatchZoo/matchzoo/engine/param.py:126:26: error: Incompatible types in assignment (expression has type "Optional[Callable[[Any], bool]]", variable has type "Callable[[Any], bool]")  [assignment]
(MikimotoH)DLink_Harvester/web_utils.py:109:5: error: Incompatible types in assignment (expression has type "Callable[[MyHTTPRedirectHandler, Any, Any, Any, Any, Any], Any]", base class "HTTPRedirectHandler" defined the type as "Callable[[HTTPRedirectHandler, Request, IO[str], int, int, Mapping[str, str]], Optional[Any]]")  [assignment]
(biosustain)venom/venom/util.py:7:19: error: Incompatible types in assignment (expression has type "Callable[[Dict[_KT, _VT], _KT, _VT], None]", base class "object" defined the type as "Callable[[object, str, Any], None]")  [assignment]
(SQbQxeKd3JHD8)simple_ConTeXt/show_overlay.py:301:38: error: Item "None" of "Optional[Tuple[Tuple[str, str, Any], ...]]" has no attribute "__iter__" (not iterable)  [union-attr]
(mikesmth)pi-dashboard/lib/utils.py:29:19: error: Incompatible types in assignment (expression has type "Callable[[Dict[_KT, _VT], _KT, _VT], None]", base class "object" defined the type as "Callable[[object, str, Any], None]")  [assignment]
(berkmancenter)mediacloud/mediacloud/mediawords/solr/run/zookeeper.py:214:35: error: Argument 2 to "signal" has incompatible type "Callable[[Optional[int], Optional[int]], None]"; expected "Union[Callable[[Signals, FrameType], None], int, Handlers, None]"  [arg-type]
(berkmancenter)mediacloud/mediacloud/mediawords/util/perl.py:174:22: error: Incompatible types in assignment (expression has type "Union[Dict[Any, Any], List[Any], Tuple[Any, ...], str, None]", variable has type "List[Union[List[Any], Tuple[Any, ...]]]")  [assignment]
(berkmancenter)mediacloud/mediacloud/mediawords/util/perl.py:180:22: error: Incompatible types in assignment (expression has type "None", variable has type "List[Union[List[Any], Tuple[Any, ...]]]")  [assignment]
(berkmancenter)mediacloud/mediacloud/mediawords/util/process.py:207:34: error: Argument 2 to "signal" has incompatible type "Callable[[Optional[int], Optional[int], bool], None]"; expected "Union[Callable[[Signals, FrameType], None], int, Handlers, None]"  [arg-type]
(berkmancenter)mediacloud/mediacloud/mediawords/util/process.py:208:35: error: Argument 2 to "signal" has incompatible type "Callable[[Optional[int], Optional[int], bool], None]"; expected "Union[Callable[[Signals, FrameType], None], int, Handlers, None]"  [arg-type]
(berkmancenter)mediacloud/mediacloud/mediawords/util/test_twitter.py:161:21: error: Dict entry 0 has incompatible type "str": "Dict[str, List[Dict[str, str]]]"; expected "str": "List[Dict[str, str]]"  [dict-item]
(Nic30)hwtLib/hwtLib/logic/crcComb.py:161:16: error: Incompatible return value type (got "deque[List[List[int]]]", expected "List[Tuple[List[bool], List[bool]]]")  [return-value]
