(aio-libs)aiohttp/tests/test_web_websocket.py:216:12: error: "Callable[[Any, VarArg(Any), DefaultNamedArg(Union[None, bool, Union[Tuple[type, BaseException, Optional[TracebackType]], Tuple[None, None, None]], BaseException], 'exc_info'), DefaultNamedArg(bool, 'stack_info'), DefaultNamedArg(Optional[Dict[str, Any]], 'extra'), KwArg(Any)], None]" has no attribute "called"  [attr-defined]
(aio-libs)aiohttp/tests/test_web_websocket.py:228:12: error: "Callable[[Any, VarArg(Any), DefaultNamedArg(Union[None, bool, Union[Tuple[type, BaseException, Optional[TracebackType]], Tuple[None, None, None]], BaseException], 'exc_info'), DefaultNamedArg(bool, 'stack_info'), DefaultNamedArg(Optional[Dict[str, Any]], 'extra'), KwArg(Any)], None]" has no attribute "called"  [attr-defined]
(aio-libs)aiohttp/tests/test_web_websocket.py:240:12: error: "Callable[[Any, VarArg(Any), DefaultNamedArg(Union[None, bool, Union[Tuple[type, BaseException, Optional[TracebackType]], Tuple[None, None, None]], BaseException], 'exc_info'), DefaultNamedArg(bool, 'stack_info'), DefaultNamedArg(Optional[Dict[str, Any]], 'extra'), KwArg(Any)], None]" has no attribute "called"  [attr-defined]
(aio-libs)aiohttp/tests/test_web_websocket.py:252:12: error: "Callable[[Any, VarArg(Any), DefaultNamedArg(Union[None, bool, Union[Tuple[type, BaseException, Optional[TracebackType]], Tuple[None, None, None]], BaseException], 'exc_info'), DefaultNamedArg(bool, 'stack_info'), DefaultNamedArg(Optional[Dict[str, Any]], 'extra'), KwArg(Any)], None]" has no attribute "called"  [attr-defined]
(aio-libs)aiohttp/tests/test_web_websocket.py:264:12: error: "Callable[[Any, VarArg(Any), DefaultNamedArg(Union[None, bool, Union[Tuple[type, BaseException, Optional[TracebackType]], Tuple[None, None, None]], BaseException], 'exc_info'), DefaultNamedArg(bool, 'stack_info'), DefaultNamedArg(Optional[Dict[str, Any]], 'extra'), KwArg(Any)], None]" has no attribute "called"  [attr-defined]
(KeepSafe)aiohttp/tests/test_web_websocket.py:244:12: error: "Callable[[Any, VarArg(Any), DefaultNamedArg(Union[None, bool, Union[Tuple[type, BaseException, Optional[TracebackType]], Tuple[None, None, None]], BaseException], 'exc_info'), DefaultNamedArg(bool, 'stack_info'), DefaultNamedArg(Optional[Dict[str, Any]], 'extra'), KwArg(Any)], None]" has no attribute "called"  [attr-defined]
(KeepSafe)aiohttp/tests/test_web_websocket.py:256:12: error: "Callable[[Any, VarArg(Any), DefaultNamedArg(Union[None, bool, Union[Tuple[type, BaseException, Optional[TracebackType]], Tuple[None, None, None]], BaseException], 'exc_info'), DefaultNamedArg(bool, 'stack_info'), DefaultNamedArg(Optional[Dict[str, Any]], 'extra'), KwArg(Any)], None]" has no attribute "called"  [attr-defined]
(KeepSafe)aiohttp/tests/test_web_websocket.py:268:12: error: "Callable[[Any, VarArg(Any), DefaultNamedArg(Union[None, bool, Union[Tuple[type, BaseException, Optional[TracebackType]], Tuple[None, None, None]], BaseException], 'exc_info'), DefaultNamedArg(bool, 'stack_info'), DefaultNamedArg(Optional[Dict[str, Any]], 'extra'), KwArg(Any)], None]" has no attribute "called"  [attr-defined]
(KeepSafe)aiohttp/tests/test_web_websocket.py:280:12: error: "Callable[[Any, VarArg(Any), DefaultNamedArg(Union[None, bool, Union[Tuple[type, BaseException, Optional[TracebackType]], Tuple[None, None, None]], BaseException], 'exc_info'), DefaultNamedArg(bool, 'stack_info'), DefaultNamedArg(Optional[Dict[str, Any]], 'extra'), KwArg(Any)], None]" has no attribute "called"  [attr-defined]
(KeepSafe)aiohttp/tests/test_web_websocket.py:292:12: error: "Callable[[Any, VarArg(Any), DefaultNamedArg(Union[None, bool, Union[Tuple[type, BaseException, Optional[TracebackType]], Tuple[None, None, None]], BaseException], 'exc_info'), DefaultNamedArg(bool, 'stack_info'), DefaultNamedArg(Optional[Dict[str, Any]], 'extra'), KwArg(Any)], None]" has no attribute "called"  [attr-defined]
