[RRepo](CrazyPython)ssapp
(CrazyPython)ssapp/ssfunc/stats.py:9: error: Name 'json' is not defined  [name-defined]
(CrazyPython)ssapp/ssfunc/stats.py:19: error: No overload variant of "__getitem__" of "list" matches argument type "str"  [call-overload]
(CrazyPython)ssapp/ssfunc/stats.py:19: note: Possible overload variants:
(CrazyPython)ssapp/ssfunc/stats.py:19: note:     def __getitem__(self, int) -> Any
(CrazyPython)ssapp/ssfunc/stats.py:19: note:     def __getitem__(self, slice) -> List[Any]
(CrazyPython)ssapp/ssfunc/stats.py:19: error: Value of type "Union[List[Any], Dict[Any, Any], int, str]" is not indexable  [index]
(CrazyPython)ssapp/ssfunc/stats.py:19: error: Invalid index type "str" for "Union[List[Any], Dict[Any, Any], int, str]"; expected type "Union[int, slice]"  [index]
(CrazyPython)ssapp/ssfunc/stats.py:20: error: No overload variant of "__getitem__" of "list" matches argument type "str"  [call-overload]
(CrazyPython)ssapp/ssfunc/stats.py:20: note: Possible overload variants:
(CrazyPython)ssapp/ssfunc/stats.py:20: note:     def __getitem__(self, int) -> Any
(CrazyPython)ssapp/ssfunc/stats.py:20: note:     def __getitem__(self, slice) -> List[Any]
(CrazyPython)ssapp/ssfunc/stats.py:20: error: Value of type "Union[List[Any], Dict[Any, Any], int, str]" is not indexable  [index]
(CrazyPython)ssapp/ssfunc/stats.py:20: error: Invalid index type "str" for "Union[List[Any], Dict[Any, Any], int, str]"; expected type "Union[int, slice]"  [index]
(CrazyPython)ssapp/ssfunc/stats.py:22: error: No overload variant of "__getitem__" of "list" matches argument type "str"  [call-overload]
(CrazyPython)ssapp/ssfunc/stats.py:22: note: Possible overload variants:
(CrazyPython)ssapp/ssfunc/stats.py:22: note:     def __getitem__(self, int) -> Any
(CrazyPython)ssapp/ssfunc/stats.py:22: note:     def __getitem__(self, slice) -> List[Any]
(CrazyPython)ssapp/ssfunc/stats.py:22: error: Value of type "Union[List[Any], Dict[Any, Any], int, str]" is not indexable  [index]
(CrazyPython)ssapp/ssfunc/stats.py:22: error: Invalid index type "str" for "Union[List[Any], Dict[Any, Any], int, str]"; expected type "Union[int, slice]"  [index]
(CrazyPython)ssapp/ssfunc/stats.py:26: error: Incompatible return value type (got "Union[List[Any], Dict[Any, Any], int, str]", expected "List[Dict[Any, Any]]")  [return-value]
(CrazyPython)ssapp/ssfunc/ssfunc.py:7: error: Name 'ssfunc_gen' is not defined  [name-defined]
(CrazyPython)ssapp/ssfunc/utils.py:69: error: Module has no attribute "decoder"; maybe "decode" or "encode"?  [attr-defined]
(CrazyPython)ssapp/ssfunc/utils.py:79: error: No overload variant of "__getitem__" of "list" matches argument type "str"  [call-overload]
(CrazyPython)ssapp/ssfunc/utils.py:79: note: Possible overload variants:
(CrazyPython)ssapp/ssfunc/utils.py:79: note:     def __getitem__(self, int) -> Any
(CrazyPython)ssapp/ssfunc/utils.py:79: note:     def __getitem__(self, slice) -> List[Any]
(CrazyPython)ssapp/ssfunc/utils.py:79: error: Value of type "Union[List[Any], Dict[Any, Any], int, str]" is not indexable  [index]
(CrazyPython)ssapp/ssfunc/utils.py:79: error: Invalid index type "str" for "Union[List[Any], Dict[Any, Any], int, str]"; expected type "Union[int, slice]"  [index]
(CrazyPython)ssapp/ssfunc/utils.py:80: error: No overload variant of "__getitem__" of "list" matches argument type "str"  [call-overload]
(CrazyPython)ssapp/ssfunc/utils.py:80: note: Possible overload variants:
(CrazyPython)ssapp/ssfunc/utils.py:80: note:     def __getitem__(self, int) -> Any
(CrazyPython)ssapp/ssfunc/utils.py:80: note:     def __getitem__(self, slice) -> List[Any]
(CrazyPython)ssapp/ssfunc/utils.py:80: error: Value of type "Union[List[Any], Dict[Any, Any], int, str]" is not indexable  [index]
(CrazyPython)ssapp/ssfunc/utils.py:80: error: Invalid index type "str" for "Union[List[Any], Dict[Any, Any], int, str]"; expected type "Union[int, slice]"  [index]
(CrazyPython)ssapp/ssfunc/utils.py:82: error: No overload variant of "__getitem__" of "list" matches argument type "str"  [call-overload]
(CrazyPython)ssapp/ssfunc/utils.py:82: note: Possible overload variants:
(CrazyPython)ssapp/ssfunc/utils.py:82: note:     def __getitem__(self, int) -> Any
(CrazyPython)ssapp/ssfunc/utils.py:82: note:     def __getitem__(self, slice) -> List[Any]
(CrazyPython)ssapp/ssfunc/utils.py:82: error: Value of type "Union[List[Any], Dict[Any, Any], int, str]" is not indexable  [index]
(CrazyPython)ssapp/ssfunc/utils.py:82: error: Invalid index type "str" for "Union[List[Any], Dict[Any, Any], int, str]"; expected type "Union[int, slice]"  [index]
(CrazyPython)ssapp/ssfunc/utils.py:86: error: Incompatible return value type (got "Union[List[Any], Dict[Any, Any], int, str]", expected "List[Dict[Any, Any]]")  [return-value]
Found 23 errors in 3 files (checked 3 source files)

[RRepo](achimnol)aiotools
(achimnol)aiotools/src/aiotools/timer.py:37: error: Incompatible types in assignment (expression has type "AbstractEventLoop", variable has type "Optional[BaseEventLoop]")  [assignment]
(achimnol)aiotools/src/aiotools/context.py:27: error: Module has no attribute "AbstractAsyncContextManager"; maybe "AbstractContextManager" or "AsyncContextManager"?  [attr-defined]
(achimnol)aiotools/src/aiotools/context.py:28: error: Module has no attribute "_AsyncGeneratorContextManager"; maybe "_GeneratorContextManager" or "AsyncContextManager"?  [attr-defined]
(achimnol)aiotools/src/aiotools/context.py:29: error: Module has no attribute "AsyncExitStack"; maybe "ExitStack"?  [attr-defined]
(achimnol)aiotools/src/aiotools/context.py:30: error: Module has no attribute "asynccontextmanager"; maybe "contextmanager" or "AsyncContextManager"?  [attr-defined]
(achimnol)aiotools/src/aiotools/context.py:34: error: Name 'AbstractAsyncContextManager' already defined on line 27  [no-redef]
(achimnol)aiotools/src/aiotools/context.py:71: error: Name 'AsyncContextManager' already defined on line 28  [no-redef]
(achimnol)aiotools/src/aiotools/context.py:71: error: Variable "context.AbstractAsyncContextManager" is not valid as a type  [valid-type]
(achimnol)aiotools/src/aiotools/context.py:71: error: Invalid base class "AbstractAsyncContextManager"  [misc]
(achimnol)aiotools/src/aiotools/context.py:211: error: Variable "context.AbstractAsyncContextManager" is not valid as a type  [valid-type]
(achimnol)aiotools/src/aiotools/context.py:213: error: Need type annotation for '_cm_yields' (hint: "_cm_yields: List[<type>] = ...")  [var-annotated]
(achimnol)aiotools/src/aiotools/context.py:214: error: Need type annotation for '_cm_exits' (hint: "_cm_exits: List[<type>] = ...")  [var-annotated]
Found 12 errors in 2 files (checked 12 source files)

[RRepo](theawless)Dict-O-nator
(theawless)Dict-O-nator/dictonator/settings.py:70: error: Need type annotation for 'settings_dictionary' (hint: "settings_dictionary: Dict[<type>, <type>] = ...")  [var-annotated]
(theawless)Dict-O-nator/dictonator/statesacts.py:124: error: "object" has no attribute "__iter__"; maybe "__str__" or "__dir__"? (not iterable)  [attr-defined]
(theawless)Dict-O-nator/dictonator/statesacts.py:208: error: "object" has no attribute "__iter__"; maybe "__str__" or "__dir__"? (not iterable)  [attr-defined]
(theawless)Dict-O-nator/dictonator/recogspeech.py:32: error: Function "builtins.callable" is not valid as a type  [valid-type]
(theawless)Dict-O-nator/dictonator/recogspeech.py:32: note: Perhaps you need "Callable[...]" or a callback protocol?
(theawless)Dict-O-nator/dictonator/actionhandler.py:37: error: Function "builtins.callable" is not valid as a type  [valid-type]
(theawless)Dict-O-nator/dictonator/actionhandler.py:37: note: Perhaps you need "Callable[...]" or a callback protocol?
(theawless)Dict-O-nator/dictonator/actionhandler.py:108: error: callable? not callable  [misc]
(theawless)Dict-O-nator/dictonator/actionhandler.py:112: error: callable? not callable  [misc]
(theawless)Dict-O-nator/dictonator/actionhandler.py:117: error: callable? not callable  [misc]
(theawless)Dict-O-nator/dictonator/actionhandler.py:121: error: callable? not callable  [misc]
(theawless)Dict-O-nator/dictonator/actionhandler.py:138: error: Value of type "object" is not indexable  [index]
(theawless)Dict-O-nator/dictonator/actionhandler.py:146: error: "None" has no attribute "goto_line"  [attr-defined]
(theawless)Dict-O-nator/dictonator/actionhandler.py:237: error: "None" has no attribute "create_tab"  [attr-defined]
(theawless)Dict-O-nator/dictonator/actionhandler.py:246: error: "None" has no attribute "get_text"  [attr-defined]
(theawless)Dict-O-nator/dictonator/actionhandler.py:246: error: "None" has no attribute "get_start_iter"  [attr-defined]
(theawless)Dict-O-nator/dictonator/actionhandler.py:246: error: "None" has no attribute "get_end_iter"  [attr-defined]
(theawless)Dict-O-nator/dictonator/actionhandler.py:270: error: "None" has no attribute "get_unsaved_documents"  [attr-defined]
(theawless)Dict-O-nator/dictonator/actionhandler.py:274: error: callable? not callable  [misc]
(theawless)Dict-O-nator/dictonator/actionhandler.py:276: error: callable? not callable  [misc]
(theawless)Dict-O-nator/dictonator/__init__.py:141: error: Module "time" is not valid as a type  [valid-type]
Found 19 errors in 5 files (checked 12 source files)

[RRepo](pytest-dev)pytest
(pytest-dev)pytest/doc/en/example/py2py3/conftest.py: error: Duplicate module named 'conftest' (also at '/home/bew/archive/typed_project/(pytest-dev)pytest/doc/en/example/nonpython/conftest.py')  [misc]
Found 1 error in 1 file (checked 123 source files)

[RRepo](matrix-org)sygnal
Success: no issues found in 14 source files

[RRepo](Galarzaa90)NabBot
(Galarzaa90)NabBot/cogs/utils/timing.py:100: error: Incompatible return value type (got "float", expected "int")  [return-value]
(Galarzaa90)NabBot/nabbot.py:136: error: Argument 1 to "get_member_named" of "NabBot" has incompatible type "Union[str, int]"; expected "str"  [arg-type]
(Galarzaa90)NabBot/nabbot.py:163: error: Item "List[Any]" of "Union[Any, List[Any], None]" has no attribute "members"  [union-attr]
(Galarzaa90)NabBot/launcher.py:16: error: Incompatible types in assignment (expression has type "int", variable has type "bool")  [assignment]
(Galarzaa90)NabBot/launcher.py:17: error: Incompatible types in assignment (expression has type "int", variable has type "bool")  [assignment]
(Galarzaa90)NabBot/launcher.py:18: error: Module has no attribute "_srcfile"  [attr-defined]
(Galarzaa90)NabBot/launcher.py:22: error: "TimedRotatingFileHandler" has no attribute "suffix"  [attr-defined]
(Galarzaa90)NabBot/cogs/utils/checks.py:3: error: Module 'utils' has no attribute 'errors'  [attr-defined]
(Galarzaa90)NabBot/cogs/mod.py:106: error: Incompatible types in assignment (expression has type "List[Any]", variable has type "Tuple[ChannelOrMember, ...]")  [assignment]
Found 9 errors in 5 files (checked 13 source files)

[RRepo](duganchen)wine_env
(duganchen)wine_env/wine_env/bottle.py:32: error: "WineRCBase" has no attribute "get_rc"  [attr-defined]
Found 1 error in 1 file (checked 4 source files)

[RRepo](martinbenson)deep-photo-styletransfer
Success: no issues found in 1 source file

[RRepo](NotSoSuper)NotSoBot
(NotSoSuper)NotSoBot/mods/Nsfw.py:106: error: invalid syntax  [syntax]
Found 1 error in 1 file (checked 25 source files)

[RRepo](tobiasraabe)otree_virtual_machine_manager
(tobiasraabe)otree_virtual_machine_manager/ovmm/prompts/parsers.py:34: error: Argument "param" to "BadParameter" has incompatible type "str"; expected "Optional[Parameter]"  [arg-type]
(tobiasraabe)otree_virtual_machine_manager/ovmm/commands/initialise.py:183: error: Argument 1 to "secho" has incompatible type "Exception"; expected "Optional[str]"  [arg-type]
(tobiasraabe)otree_virtual_machine_manager/ovmm/commands/initialise.py:183: error: Argument 2 to "secho" has incompatible type "str"; expected "Optional[IO[Any]]"  [arg-type]
Found 3 errors in 2 files (checked 22 source files)

[RRepo](aicenter)roadmap-processing
(aicenter)roadmap-processing/roadmaptools/utm.py:21: error: Module has no attribute "from_latlon"  [attr-defined]
(aicenter)roadmap-processing/roadmaptools/utm.py:85: error: Incompatible return value type (got "Tuple[int, ...]", expected "Tuple[int, int]")  [return-value]

[RRepo](DynamicGravitySystems)DGP
(DynamicGravitySystems)DGP/dgp/lib/transform/etc.py: error: Duplicate module named 'etc' (also at '/home/bew/archive/typed_project/(DynamicGravitySystems)DGP/dgp/lib/etc.py')  [misc]
(DynamicGravitySystems)DGP/dgp/lib/transform/etc.py: error: Are you missing an __init__.py?  [misc]
Found 2 errors in 1 file (checked 80 source files)

[RRepo](heyitswither)Alpha-Bot
(heyitswither)Alpha-Bot/utils/prettyoutput.py:67: error: Too few arguments for "_status"  [call-arg]

[RRepo](kidosoft)Morelia
(kidosoft)Morelia/example/test_acceptance.py: error: Duplicate module named 'test_acceptance' (also at '/home/bew/archive/typed_project/(kidosoft)Morelia/tests/test_acceptance.py')  [misc]
Found 1 error in 1 file (checked 33 source files)

[RRepo](arcticicestudio)igloo
(arcticicestudio)igloo/snowblocks/taskwarrior/hooks/on-modify-track-total-active-time.py:65: error: "int" has no attribute "startswith"  [attr-defined]
(arcticicestudio)igloo/snowblocks/taskwarrior/hooks/on-modify-track-total-active-time.py:66: error: Argument 1 to "match" of "Pattern" has incompatible type "int"; expected "str"  [arg-type]
(arcticicestudio)igloo/snowblocks/taskwarrior/hooks/on-modify-track-total-active-time.py:91: error: "int" has no attribute "endswith"  [attr-defined]
(arcticicestudio)igloo/snowblocks/taskwarrior/hooks/on-modify-track-total-active-time.py:92: error: "int" has no attribute "rstrip"  [attr-defined]
Found 4 errors in 1 file (checked 1 source file)

[RRepo](bynil)sov2ex
Success: no issues found in 3 source files

[RRepo](MD2Korg)CerebralCortex
(MD2Korg)CerebralCortex/jupyter/demo_algorithm/gps_clustering.py:53: error: No overload variant of "min" matches argument types "object", "Callable[[Any], Any]"  [call-overload]
(MD2Korg)CerebralCortex/jupyter/demo_algorithm/gps_clustering.py:53: note: Possible overload variant:
(MD2Korg)CerebralCortex/jupyter/demo_algorithm/gps_clustering.py:53: note:     def [_T] min(Iterable[_T], *, key: Callable[[_T], Any] = ...) -> _T
(MD2Korg)CerebralCortex/jupyter/demo_algorithm/gps_clustering.py:53: note:     <2 more non-matching overloads not shown>
(MD2Korg)CerebralCortex/jupyter/demo_algorithm/gps_clustering.py:79: error: Value of type "object" is not indexable  [index]
(MD2Korg)CerebralCortex/jupyter/demo_algorithm/gps_clustering.py:79: error: "object" has no attribute "accuracy"  [attr-defined]
Found 3 errors in 1 file (checked 2 source files)

[RRepo](morganics)bayesianpy
(morganics)bayesianpy/tests/list.py: error: Duplicate module named 'list' (also at '/home/bew/archive/typed_project/(morganics)bayesianpy/bayesianpy/utils/list.py')  [misc]
(morganics)bayesianpy/tests/list.py: error: Are you missing an __init__.py?  [misc]
Found 2 errors in 1 file (checked 25 source files)

[RRepo](catch22)pw
(catch22)pw/pw/__main__.py:6: error: No parent module -- cannot perform relative import  [misc]
Found 1 error in 1 file (checked 7 source files)

[RRepo](atomgomba)txtable
(atomgomba)txtable/txtable/formatters/default_formatter.py:3: error: No parent module -- cannot perform relative import  [misc]
Found 1 error in 1 file (checked 10 source files)

[RRepo](5j9)farhangestan
(5j9)farhangestan/app.py:20: error: Argument 1 to "maketrans" of "str" has incompatible type "Dict[str, str]"; expected "str"  [arg-type]
Found 1 error in 1 file (checked 2 source files)

[RRepo](skytoup)AppServer
(skytoup)AppServer/app/db/models/app.py:5: error: No parent module -- cannot perform relative import  [misc]
Found 1 error in 1 file (checked 21 source files)

[RRepo](benhoff)vexbot
(benhoff)vexbot/vexbot/entity_extraction.py:70: error: Function has duplicate type signatures  [syntax]
Found 1 error in 1 file (checked 64 source files)

[RRepo](all-of-us)raw-data-repository
(all-of-us)raw-data-repository/rdr_service/lib_fhir/fhirclient_3_0_0/fhirreference_tests.py:9: error: invalid syntax  [syntax]
Found 1 error in 1 file (checked 740 source files)

[RRepo](lovelylain)pyctp
(lovelylain)pyctp/lts/setup.py: error: Duplicate module named 'setup' (also at '/home/bew/archive/typed_project/(lovelylain)pyctp/setup.py')  [misc]
(lovelylain)pyctp/lts/setup.py: error: Are you missing an __init__.py?  [misc]
Found 2 errors in 1 file (checked 71 source files)

[RRepo](tableau)TabPy
(tableau)TabPy/tabpy-server/tabpy_server/management/util.py: error: Duplicate module named 'util' (also at '/home/bew/archive/typed_project/(tableau)TabPy/tabpy-server/tabpy_server/handlers/util.py')  [misc]
Found 1 error in 1 file (checked 54 source files)

[RRepo](NervanaSystems)coach
(NervanaSystems)coach/rl_coach/memories/backend/memory.py: error: Duplicate module named 'memory' (also at '/home/bew/archive/typed_project/(NervanaSystems)coach/rl_coach/memories/memory.py')  [misc]
(NervanaSystems)coach/rl_coach/memories/backend/memory.py: error: Are you missing an __init__.py?  [misc]
Found 2 errors in 1 file (checked 218 source files)

[RRepo](gdude2002)InfoBot
(gdude2002)InfoBot/bot/sections/bullet_list.py:42: error: Argument 1 to "join" of "str" has incompatible type "List[int]"; expected "Iterable[str]"  [arg-type]
(gdude2002)InfoBot/bot/sections/numbered_list.py:42: error: Argument 1 to "join" of "str" has incompatible type "List[int]"; expected "Iterable[str]"  [arg-type]
(gdude2002)InfoBot/bot/sections/url.py:78: error: Not all arguments converted during string formatting  [str-format]
(gdude2002)InfoBot/bot/data.py:177: error: Item "str" of "Union[str, Any]" has no attribute "name"  [union-attr]
(gdude2002)InfoBot/bot/data.py:177: error: Invalid index type "Union[Type[str], Any]" for "Dict[str, Any]"; expected type "str"  [index]
(gdude2002)InfoBot/bot/data.py:177: error: Item "str" of "Union[str, Any]" has no attribute "to_dict"  [union-attr]
(gdude2002)InfoBot/bot/data.py:201: error: Argument 1 to "load_sections" of "DataManager" has incompatible type "List[List[Any]]"; expected "List[Union[str, str, Dict[Any, Any]]]"  [arg-type]
Found 7 errors in 4 files (checked 11 source files)

[RRepo](hideaki-t)sqlite-fts-python
Success: no issues found in 19 source files

[RRepo](AVSystem)Anjay
(AVSystem)Anjay/test/integration/runtest.py: error: Duplicate module named 'runtest' (also at '/home/bew/archive/typed_project/(AVSystem)Anjay/test/doc/runtest.py')  [misc]
Found 1 error in 1 file (checked 71 source files)

[RRepo](juancarlospaco)css-html-js-minify
(juancarlospaco)css-html-js-minify/css_html_js_minify/minify.py:236: error: Argument "onerror" to "walk" has incompatible type "Optional[object]"; expected "Callable[[OSError], Any]"  [arg-type]
(juancarlospaco)css-html-js-minify/css_html_js_minify/minify.py:238: error: Incompatible return value type (got "List[str]", expected "Tuple[Any, ...]")  [return-value]
Found 2 errors in 1 file (checked 6 source files)

[RRepo](DonJayamanne)pythonVSCode
(DonJayamanne)pythonVSCode/tpn/tpn/tpnfile.py:8: error: No parent module -- cannot perform relative import  [misc]
Found 1 error in 1 file (checked 101 source files)

[RRepo](zhaofengli)refill
(zhaofengli)refill/backend/refill/utils/test_parser.py:3: error: No parent module -- cannot perform relative import  [misc]
Found 1 error in 1 file (checked 29 source files)

[RRepo](pooler)electrum-ltc
(pooler)electrum-ltc/electrum_ltc/logging.py:245: error: No parent module -- cannot perform relative import  [misc]
Found 1 error in 1 file (checked 90 source files)

[RRepo](noisebridge)PythonClass
(noisebridge)PythonClass/course/higher-order-functions/mult.py:51: error: Missing parentheses in call to 'print'. Did you mean print(my_functions)?  [syntax]
Found 1 error in 1 file (checked 206 source files)

[RRepo](nyxxxie)spade
(nyxxxie)spade/tests/core/fixtures.py: error: Duplicate module named 'fixtures' (also at '/home/bew/archive/typed_project/(nyxxxie)spade/tests/typesystem/fixtures.py')  [misc]
Found 1 error in 1 file (checked 22 source files)

[RRepo](gdassori)ssshare
(gdassori)ssshare/ssshare/services/fxc/api.py:11: error: Name 'SharedSessionSecret' is not defined  [name-defined]
(gdassori)ssshare/ssshare/services/fxc/api.py:11: error: Name 'Shares' is not defined  [name-defined]
(gdassori)ssshare/ssshare/services/fxc/api.py:14: error: Name 'SharedSessionSecret' is not defined  [name-defined]

[RRepo](mifth)mifthtools
(mifth)mifthtools/other/exchangers/blender/2.7/blender_exchanger/blender_exchanger.py: error: Duplicate module named 'blender_exchanger.blender_exchanger' (also at '/home/bew/archive/typed_project/(mifth)mifthtools/other/exchangers/blender/2.8/blender_exchanger/blender_exchanger.py')  [misc]
Found 1 error in 1 file (checked 43 source files)

[RRepo](bmintz)reactor-bot
Success: no issues found in 6 source files

[RRepo](jbms)beancount-import
(jbms)beancount-import/beancount_import/reconcile_test.py:11: error: No parent module -- cannot perform relative import  [misc]
(jbms)beancount-import/beancount_import/reconcile_test.py:12: error: No parent module -- cannot perform relative import  [misc]
(jbms)beancount-import/beancount_import/reconcile_test.py:13: error: No parent module -- cannot perform relative import  [misc]
Found 3 errors in 1 file (checked 41 source files)

[RRepo](psi4)psi4
(psi4)psi4/tests/python/mints13/input.py: error: Duplicate module named 'input' (also at '/home/bew/archive/typed_project/(psi4)psi4/samples/psi4numpy/cphf/input.py')  [misc]
Found 1 error in 1 file (checked 104 source files)

[RRepo](marcosfede)algorithms
(marcosfede)algorithms/tree/binary_search_tree/lowest_common_ancestor/lowest_common_ancestor.py: error: Duplicate module named 'lowest_common_ancestor' (also at '/home/bew/archive/typed_project/(marcosfede)algorithms/tree/binary_tree/lowest_common_ancestor/lowest_common_ancestor.py')  [misc]
Found 1 error in 1 file (checked 234 source files)

[RRepo](comic)comic-django
(comic)comic-django/app/grandchallenge/cases/models.py: error: Duplicate module named 'models' (also at '/home/bew/archive/typed_project/(comic)comic-django/app/grandchallenge/studies/models.py')  [misc]
Found 1 error in 1 file (checked 192 source files)

[RRepo](palmtree5)palmtree5-cogs
(palmtree5)palmtree5-cogs/banrole/banrole.py:11: error: Need type annotation for 'default_role'  [var-annotated]
(palmtree5)palmtree5-cogs/lockdown/lockdown.py:30: error: Need type annotation for 'default_member'  [var-annotated]
(palmtree5)palmtree5-cogs/hpapi/helpers.py:4: error: Name 'datetime' already defined (possibly by an import)  [no-redef]
(palmtree5)palmtree5-cogs/hpapi/helpers.py:17: error: "Type[datetime]" has no attribute "timedelta"  [attr-defined]
(palmtree5)palmtree5-cogs/hpapi/hpapi.py:309: error: "None" has no attribute "_session"  [attr-defined]
(palmtree5)palmtree5-cogs/hpapi/hpapi.py:313: error: "None" has no attribute "session"  [attr-defined]
(palmtree5)palmtree5-cogs/mcsvr/mcsvr.py:34: error: Need type annotation for '_svr_cache' (hint: "_svr_cache: Dict[<type>, <type>] = ...")  [var-annotated]
(palmtree5)palmtree5-cogs/reddit/reddit.py:31: error: Need type annotation for 'default_guild'  [var-annotated]
(palmtree5)palmtree5-cogs/reddit/reddit.py:33: error: Need type annotation for 'default_channel'  [var-annotated]
(palmtree5)palmtree5-cogs/tweets/tweets.py:115: error: "None" has no attribute "api"  [attr-defined]
Found 10 errors in 7 files (checked 27 source files)

[RRepo](Stvad)CrowdAnki
(Stvad)CrowdAnki/crowd_anki/anki/ui/utils.py: error: Duplicate module named 'utils' (also at '/home/bew/archive/typed_project/(Stvad)CrowdAnki/crowd_anki/utils/utils.py')  [misc]
(Stvad)CrowdAnki/crowd_anki/anki/ui/utils.py: error: Are you missing an __init__.py?  [misc]
Found 2 errors in 1 file (checked 41 source files)

[RRepo](Cognexa)cxflow
(Cognexa)cxflow/cxflow/hooks/save.py:8: error: No parent module -- cannot perform relative import  [misc]
Found 1 error in 1 file (checked 73 source files)

[RRepo](sprout42)StarStruct
(sprout42)StarStruct/starstruct/tests/test_mode.py:3: error: Module 'starstruct' has no attribute 'Mode'  [attr-defined]
(sprout42)StarStruct/starstruct/elementbase.py:58: error: Incompatible return value type (got "Union[bool, Match[str]]", expected "bool")  [return-value]
(sprout42)StarStruct/starstruct/elementcallable.py:139: error: Need type annotation for '_elements' (hint: "_elements: List[<type>] = ...")  [var-annotated]
(sprout42)StarStruct/starstruct/elementconstant.py:45: error: Argument 1 of "valid" is incompatible with supertype "Element"; supertype defines the argument type as "Tuple[Any, ...]"  [override]
(sprout42)StarStruct/starstruct/elementconstant.py:49: error: Incompatible return value type (got "int", expected "bool")  [return-value]
(sprout42)StarStruct/starstruct/elementconstant.py:64: error: Signature of "update" incompatible with supertype "Element"  [override]
(sprout42)StarStruct/starstruct/elementconstant.py:80: error: Return type "Tuple[bytes, bytes]" of "unpack" incompatible with return type "Tuple[Dict[Any, Any], bytes]" in supertype "Element"  [override]

[RRepo](maas)maas
(maas)maas/src/maasserver/rpc/tests/test_module.py: error: Duplicate module named 'test_module' (also at '/home/bew/archive/typed_project/(maas)maas/templates/test_module.py')  [misc]
(maas)maas/src/maasserver/rpc/tests/test_module.py: error: Are you missing an __init__.py?  [misc]
Found 2 errors in 1 file (checked 982 source files)

[RRepo](tjmcginnis)tmj
(tjmcginnis)tmj/twominutejournal/journal.py:32: error: "object" has no attribute "store_prompt"  [attr-defined]
(tjmcginnis)tmj/twominutejournal/journal.py:38: error: "object" has no attribute "get_last_entry"  [attr-defined]
(tjmcginnis)tmj/twominutejournal/journal.py:45: error: "object" has no attribute "get_prompts"  [attr-defined]
(tjmcginnis)tmj/twominutejournal/journal.py:60: error: "object" has no attribute "get_all_entries"  [attr-defined]
(tjmcginnis)tmj/twominutejournal/journal.py:86: error: "object" has no attribute "store_entry"  [attr-defined]
(tjmcginnis)tmj/twominutejournal/journal.py:89: error: "object" has no attribute "store_response"  [attr-defined]
(tjmcginnis)tmj/twominutejournal/journal.py:97: error: "object" has no attribute "get_entry_responses"  [attr-defined]
Found 7 errors in 1 file (checked 4 source files)

[RRepo](erdewit)tws_async
(erdewit)tws_async/tws_async/histrequester.py:66: error: Need type annotation for 'fut'  [var-annotated]
(erdewit)tws_async/tws_async/histrequester.py:71: error: Bracketed expression "[...]" is not valid as a type  [misc]
(erdewit)tws_async/tws_async/histrequester.py:71: note: Did you mean "List[...]"?
Found 2 errors in 1 file (checked 6 source files)

[RRepo](marshmallow-code)marshmallow
(marshmallow-code)marshmallow/tests/base.py: error: Duplicate module named 'base' (also at '/home/bew/archive/typed_project/(marshmallow-code)marshmallow/src/marshmallow/base.py')  [misc]
(marshmallow-code)marshmallow/tests/base.py: error: Are you missing an __init__.py?  [misc]
Found 2 errors in 1 file (checked 22 source files)

[RRepo](raphaelm)cockatiel
(raphaelm)cockatiel/cockatiel/handlers.py:11: error: No parent module -- cannot perform relative import  [misc]
Found 1 error in 1 file (checked 16 source files)

[RRepo](pynayzr)pynayzr
Success: no issues found in 19 source files

[RRepo](TheImagingSource)tiscamera
(TheImagingSource)tiscamera/tools/tcam-capture/tcam_capture/ImageProvider.py:16: error: No parent module -- cannot perform relative import  [misc]
Found 1 error in 1 file (checked 32 source files)

[RRepo](brmc)django-octopus
(brmc)django-octopus/octopus/views.py:34: error: "super" has no attribute "get_context_data"  [attr-defined]
(brmc)django-octopus/octopus/views.py:36: error: "AjaxResponseMixin" has no attribute "request"  [attr-defined]
Found 2 errors in 1 file (checked 4 source files)

[RRepo](thomann)plotVR
(thomann)plotVR/plotVR-py/plotvr/server.py:12: error: No parent module -- cannot perform relative import  [misc]
(thomann)plotVR/plotVR-py/plotvr/server.py:59: error: No parent module -- cannot perform relative import  [misc]
Found 2 errors in 1 file (checked 2 source files)

[RRepo](oinume)dmm-eikaiwa-tsc
(oinume)dmm-eikaiwa-tsc/tsc/log.py:12: error: Incompatible types in assignment (expression has type "int", variable has type "Optional[str]")  [assignment]
(oinume)dmm-eikaiwa-tsc/tsc/log.py:14: error: Argument 1 to "basicConfig" has incompatible type "**Dict[str, str]"; expected "Optional[IO[str]]"  [arg-type]
(oinume)dmm-eikaiwa-tsc/tsc/log.py:14: error: Argument 1 to "basicConfig" has incompatible type "**Dict[str, str]"; expected "Optional[Iterable[Handler]]"  [arg-type]

[RRepo](paultag)moxie
(paultag)moxie/moxie/butterfield.py:78: error: Name 'message' is not defined  [name-defined]
Found 1 error in 1 file (checked 28 source files)

[RRepo](renzon)wttd
(renzon)wttd/eventex/subscriptions/tests/conftest.py: error: Duplicate module named 'conftest' (also at '/home/bew/archive/typed_project/(renzon)wttd/eventex/conftest.py')  [misc]
(renzon)wttd/eventex/subscriptions/tests/conftest.py: error: Are you missing an __init__.py?  [misc]
Found 2 errors in 1 file (checked 27 source files)

[RRepo](dreipol)djangocms-spa
(dreipol)djangocms-spa/djangocms_spa/decorators.py:11: error: Name 'CachedApiView' is not defined  [name-defined]
(dreipol)djangocms-spa/djangocms_spa/renderer_pool.py:9: error: Function "builtins.object.__class__" is not valid as a type  [valid-type]
(dreipol)djangocms-spa/djangocms_spa/renderer_pool.py:9: note: Perhaps you need "Callable[...]" or a callback protocol?
(dreipol)djangocms-spa/djangocms_spa/renderer_pool.py:10: error: BaseSPARenderer.__class__? not callable  [misc]
(dreipol)djangocms-spa/djangocms_spa/renderer_pool.py:16: error: Argument 1 to "issubclass" has incompatible type "SPAPluginMixin"; expected "type"  [arg-type]
(dreipol)djangocms-spa/djangocms_spa/views.py:179: error: Definition of "get" in base class "MultipleObjectSpaMixin" is incompatible with definition in base class "SpaApiView"  [misc]
(dreipol)djangocms-spa/djangocms_spa/views.py:190: error: Definition of "get" in base class "SingleObjectSpaMixin" is incompatible with definition in base class "SpaApiView"  [misc]
Found 6 errors in 3 files (checked 11 source files)

[RRepo](allianceauth)allianceauth
(allianceauth)allianceauth/allianceauth/views.py: error: Duplicate module named 'views' (also at '/home/bew/archive/typed_project/(allianceauth)allianceauth/tests/views.py')  [misc]
Found 1 error in 1 file (checked 180 source files)

[RRepo](layday)instawow
(layday)instawow/instawow/utils.py:18: error: No parent module -- cannot perform relative import  [misc]
Found 1 error in 1 file (checked 15 source files)

[RRepo](mackeyja92)django-asyncio-redis
(mackeyja92)django-asyncio-redis/django_asyncio_redis/serializers/base.py: error: Duplicate module named 'base' (also at '/home/bew/archive/typed_project/(mackeyja92)django-asyncio-redis/django_asyncio_redis/compressors/base.py')  [misc]
Found 1 error in 1 file (checked 12 source files)

[RRepo](lbryio)lbry
(lbryio)lbry/lbry/lbry/extras/daemon/client.py: error: Duplicate module named 'client' (also at '/home/bew/archive/typed_project/(lbryio)lbry/lbry/lbry/blob_exchange/client.py')  [misc]
(lbryio)lbry/lbry/lbry/extras/daemon/client.py: error: Are you missing an __init__.py?  [misc]
Found 2 errors in 1 file (checked 183 source files)

[RRepo](nils-wisiol)pypuf
(nils-wisiol)pypuf/pypuf/studies/lr_minibatch/success_rates.py: error: Duplicate module named 'success_rates' (also at '/home/bew/archive/typed_project/(nils-wisiol)pypuf/pypuf/studies/breaking_lightweight_secure/success_rates.py')  [misc]
Found 1 error in 1 file (checked 42 source files)

[RRepo](gavinfish)leetcode-share
(gavinfish)leetcode-share/python/010 Regular Expression Matching.py:56: error: Name 'Solution' already defined on line 22  [no-redef]
(gavinfish)leetcode-share/python/010 Regular Expression Matching.py:109: error: "Solution" has no attribute "isMatch"  [attr-defined]
(gavinfish)leetcode-share/python/010 Regular Expression Matching.py:110: error: "Solution" has no attribute "isMatch"  [attr-defined]
(gavinfish)leetcode-share/python/010 Regular Expression Matching.py:111: error: "Solution" has no attribute "isMatch"  [attr-defined]
(gavinfish)leetcode-share/python/010 Regular Expression Matching.py:112: error: "Solution" has no attribute "isMatch"  [attr-defined]
(gavinfish)leetcode-share/python/010 Regular Expression Matching.py:113: error: "Solution" has no attribute "isMatch"  [attr-defined]
(gavinfish)leetcode-share/python/010 Regular Expression Matching.py:114: error: "Solution" has no attribute "isMatch"  [attr-defined]
(gavinfish)leetcode-share/python/010 Regular Expression Matching.py:115: error: "Solution" has no attribute "isMatch"  [attr-defined]
(gavinfish)leetcode-share/python/207 Course Schedule.py:29: error: Bracketed expression "[...]" is not valid as a type  [misc]
(gavinfish)leetcode-share/python/207 Course Schedule.py:29: note: Did you mean "List[...]"?
(gavinfish)leetcode-share/python/207 Course Schedule.py:30: error: Need type annotation for 'graph'  [var-annotated]
Found 10 errors in 2 files (checked 185 source files)

[RRepo](googleapis)google-api-java-client-services
(googleapis)google-api-java-client-services/generator/ez_setup.py:92: error: invalid syntax  [syntax]
Found 1 error in 1 file (checked 54 source files)

[RRepo](hronecviktor)py-parsehub
Success: no issues found in 1 source file

[RRepo](maestromusic)maestro
(maestromusic)maestro/maestro/models/wrappertreemodel.py:25: error: No parent module -- cannot perform relative import  [misc]
(maestromusic)maestro/maestro/models/wrappertreemodel.py:26: error: No parent module -- cannot perform relative import  [misc]
Found 2 errors in 1 file (checked 92 source files)

[RRepo](coldfix)udiskie
(coldfix)udiskie/udiskie/common.py:65: error: Incompatible return value type (got "Union[str, bool]", expected "bool")  [return-value]

[RRepo](LarsSchy)SMAC-M
(LarsSchy)SMAC-M/chart-installation/generate_map_files/scripts/generate_map_config.py: error: Duplicate module named 'generate_map_config' (also at '/home/bew/archive/typed_project/(LarsSchy)SMAC-M/chart-installation/generate_map_files/generate_map_config.py')  [misc]
(LarsSchy)SMAC-M/chart-installation/generate_map_files/scripts/generate_map_config.py: error: Are you missing an __init__.py?  [misc]
Found 2 errors in 1 file (checked 35 source files)

[RRepo](sollidsnake)pipman
Success: no issues found in 5 source files

[RRepo](WhiteHalmos)emailer
(WhiteHalmos)emailer/emailer/messagebuilder.py:1: error: No parent module -- cannot perform relative import  [misc]
Found 1 error in 1 file (checked 32 source files)

[RRepo](SergejPr)NooLite-F
(SergejPr)NooLite-F/NooLite_F/Modules.py:14: error: Bracketed expression "[...]" is not valid as a type  [misc]
(SergejPr)NooLite-F/NooLite_F/Modules.py:14: note: Did you mean "List[...]"?
(SergejPr)NooLite-F/NooLite_F/Modules.py:17: error: Bracketed expression "[...]" is not valid as a type  [misc]
(SergejPr)NooLite-F/NooLite_F/Modules.py:17: note: Did you mean "List[...]"?
(SergejPr)NooLite-F/NooLite_F/Modules.py:20: error: Bracketed expression "[...]" is not valid as a type  [misc]
(SergejPr)NooLite-F/NooLite_F/Modules.py:20: note: Did you mean "List[...]"?
(SergejPr)NooLite-F/NooLite_F/Modules.py:23: error: Bracketed expression "[...]" is not valid as a type  [misc]
(SergejPr)NooLite-F/NooLite_F/Modules.py:23: note: Did you mean "List[...]"?
(SergejPr)NooLite-F/NooLite_F/Modules.py:26: error: Bracketed expression "[...]" is not valid as a type  [misc]
(SergejPr)NooLite-F/NooLite_F/Modules.py:26: note: Did you mean "List[...]"?
(SergejPr)NooLite-F/NooLite_F/Modules.py:29: error: Bracketed expression "[...]" is not valid as a type  [misc]
(SergejPr)NooLite-F/NooLite_F/Modules.py:29: note: Did you mean "List[...]"?
(SergejPr)NooLite-F/NooLite_F/Modules.py:32: error: Bracketed expression "[...]" is not valid as a type  [misc]
(SergejPr)NooLite-F/NooLite_F/Modules.py:32: note: Did you mean "List[...]"?
(SergejPr)NooLite-F/NooLite_F/Modules.py:35: error: Bracketed expression "[...]" is not valid as a type  [misc]
(SergejPr)NooLite-F/NooLite_F/Modules.py:35: note: Did you mean "List[...]"?
(SergejPr)NooLite-F/NooLite_F/Modules.py:38: error: Bracketed expression "[...]" is not valid as a type  [misc]
(SergejPr)NooLite-F/NooLite_F/Modules.py:38: note: Did you mean "List[...]"?
(SergejPr)NooLite-F/NooLite_F/Modules.py:41: error: Bracketed expression "[...]" is not valid as a type  [misc]
(SergejPr)NooLite-F/NooLite_F/Modules.py:41: note: Did you mean "List[...]"?
(SergejPr)NooLite-F/NooLite_F/Modules.py:44: error: Bracketed expression "[...]" is not valid as a type  [misc]
(SergejPr)NooLite-F/NooLite_F/Modules.py:44: note: Did you mean "List[...]"?
(SergejPr)NooLite-F/NooLite_F/Modules.py:47: error: Bracketed expression "[...]" is not valid as a type  [misc]
(SergejPr)NooLite-F/NooLite_F/Modules.py:47: note: Did you mean "List[...]"?
(SergejPr)NooLite-F/NooLite_F/Modules.py:50: error: Bracketed expression "[...]" is not valid as a type  [misc]
(SergejPr)NooLite-F/NooLite_F/Modules.py:50: note: Did you mean "List[...]"?
(SergejPr)NooLite-F/NooLite_F/Modules.py:56: error: Bracketed expression "[...]" is not valid as a type  [misc]
(SergejPr)NooLite-F/NooLite_F/Modules.py:56: note: Did you mean "List[...]"?
(SergejPr)NooLite-F/NooLite_F/Modules.py:59: error: Bracketed expression "[...]" is not valid as a type  [misc]
(SergejPr)NooLite-F/NooLite_F/Modules.py:59: note: Did you mean "List[...]"?
(SergejPr)NooLite-F/NooLite_F/Modules.py:65: error: Bracketed expression "[...]" is not valid as a type  [misc]
(SergejPr)NooLite-F/NooLite_F/Modules.py:65: note: Did you mean "List[...]"?
(SergejPr)NooLite-F/NooLite_F/Modules.py:68: error: Bracketed expression "[...]" is not valid as a type  [misc]
(SergejPr)NooLite-F/NooLite_F/Modules.py:68: note: Did you mean "List[...]"?
(SergejPr)NooLite-F/NooLite_F/Modules.py:71: error: Bracketed expression "[...]" is not valid as a type  [misc]
(SergejPr)NooLite-F/NooLite_F/Modules.py:71: note: Did you mean "List[...]"?
(SergejPr)NooLite-F/NooLite_F/Modules.py:74: error: Bracketed expression "[...]" is not valid as a type  [misc]
(SergejPr)NooLite-F/NooLite_F/Modules.py:74: note: Did you mean "List[...]"?
(SergejPr)NooLite-F/NooLite_F/Modules.py:77: error: Bracketed expression "[...]" is not valid as a type  [misc]
(SergejPr)NooLite-F/NooLite_F/Modules.py:77: note: Did you mean "List[...]"?
(SergejPr)NooLite-F/NooLite_F/Modules.py:80: error: Bracketed expression "[...]" is not valid as a type  [misc]
(SergejPr)NooLite-F/NooLite_F/Modules.py:80: note: Did you mean "List[...]"?
(SergejPr)NooLite-F/NooLite_F/Modules.py:83: error: Bracketed expression "[...]" is not valid as a type  [misc]
(SergejPr)NooLite-F/NooLite_F/Modules.py:83: note: Did you mean "List[...]"?
(SergejPr)NooLite-F/NooLite_F/Modules.py:86: error: Bracketed expression "[...]" is not valid as a type  [misc]
(SergejPr)NooLite-F/NooLite_F/Modules.py:86: note: Did you mean "List[...]"?
(SergejPr)NooLite-F/NooLite_F/Modules.py:92: error: Bracketed expression "[...]" is not valid as a type  [misc]
(SergejPr)NooLite-F/NooLite_F/Modules.py:92: note: Did you mean "List[...]"?
(SergejPr)NooLite-F/NooLite_F/Modules.py:95: error: Bracketed expression "[...]" is not valid as a type  [misc]
(SergejPr)NooLite-F/NooLite_F/Modules.py:95: note: Did you mean "List[...]"?
(SergejPr)NooLite-F/NooLite_F/Modules.py:98: error: Bracketed expression "[...]" is not valid as a type  [misc]
(SergejPr)NooLite-F/NooLite_F/Modules.py:98: note: Did you mean "List[...]"?
(SergejPr)NooLite-F/NooLite_F/Modules.py:101: error: Bracketed expression "[...]" is not valid as a type  [misc]
(SergejPr)NooLite-F/NooLite_F/Modules.py:101: note: Did you mean "List[...]"?
(SergejPr)NooLite-F/NooLite_F/Modules.py:104: error: Bracketed expression "[...]" is not valid as a type  [misc]
(SergejPr)NooLite-F/NooLite_F/Modules.py:104: note: Did you mean "List[...]"?
(SergejPr)NooLite-F/NooLite_F/Modules.py:107: error: Bracketed expression "[...]" is not valid as a type  [misc]
(SergejPr)NooLite-F/NooLite_F/Modules.py:107: note: Did you mean "List[...]"?
(SergejPr)NooLite-F/NooLite_F/Modules.py:110: error: Bracketed expression "[...]" is not valid as a type  [misc]
(SergejPr)NooLite-F/NooLite_F/Modules.py:110: note: Did you mean "List[...]"?
(SergejPr)NooLite-F/NooLite_F/Modules.py:113: error: Bracketed expression "[...]" is not valid as a type  [misc]
(SergejPr)NooLite-F/NooLite_F/Modules.py:113: note: Did you mean "List[...]"?
(SergejPr)NooLite-F/NooLite_F/Modules.py:119: error: Bracketed expression "[...]" is not valid as a type  [misc]
(SergejPr)NooLite-F/NooLite_F/Modules.py:119: note: Did you mean "List[...]"?
(SergejPr)NooLite-F/NooLite_F/Modules.py:122: error: Bracketed expression "[...]" is not valid as a type  [misc]
(SergejPr)NooLite-F/NooLite_F/Modules.py:122: note: Did you mean "List[...]"?
(SergejPr)NooLite-F/NooLite_F/Modules.py:125: error: Bracketed expression "[...]" is not valid as a type  [misc]
(SergejPr)NooLite-F/NooLite_F/Modules.py:125: note: Did you mean "List[...]"?
(SergejPr)NooLite-F/NooLite_F/Modules.py:128: error: Bracketed expression "[...]" is not valid as a type  [misc]
(SergejPr)NooLite-F/NooLite_F/Modules.py:128: note: Did you mean "List[...]"?
(SergejPr)NooLite-F/NooLite_F/Modules.py:131: error: Bracketed expression "[...]" is not valid as a type  [misc]
(SergejPr)NooLite-F/NooLite_F/Modules.py:131: note: Did you mean "List[...]"?
(SergejPr)NooLite-F/NooLite_F/Modules.py:134: error: Bracketed expression "[...]" is not valid as a type  [misc]
(SergejPr)NooLite-F/NooLite_F/Modules.py:134: note: Did you mean "List[...]"?
(SergejPr)NooLite-F/NooLite_F/Modules.py:137: error: Bracketed expression "[...]" is not valid as a type  [misc]
(SergejPr)NooLite-F/NooLite_F/Modules.py:137: note: Did you mean "List[...]"?
(SergejPr)NooLite-F/NooLite_F/Modules.py:140: error: Bracketed expression "[...]" is not valid as a type  [misc]
(SergejPr)NooLite-F/NooLite_F/Modules.py:140: note: Did you mean "List[...]"?
(SergejPr)NooLite-F/NooLite_F/Modules.py:143: error: Bracketed expression "[...]" is not valid as a type  [misc]
(SergejPr)NooLite-F/NooLite_F/Modules.py:143: note: Did you mean "List[...]"?
(SergejPr)NooLite-F/NooLite_F/MTRF64/MTRF64Adapter.py:114: error: Need type annotation for '_command_response_queue'  [var-annotated]
(SergejPr)NooLite-F/NooLite_F/MTRF64/MTRF64Adapter.py:115: error: Need type annotation for '_incoming_queue'  [var-annotated]
(SergejPr)NooLite-F/NooLite_F/MTRF64/MTRF64Adapter.py:142: error: Bracketed expression "[...]" is not valid as a type  [misc]
(SergejPr)NooLite-F/NooLite_F/MTRF64/MTRF64Adapter.py:142: note: Did you mean "List[...]"?
(SergejPr)NooLite-F/NooLite_F/MTRF64/MTRF64Adapter.py:147: error: On Python 3 '{}'.format(b'abc') produces "b'abc'"; use !r if this is a desired behavior  [str-bytes-safe]
Found 44 errors in 2 files (checked 3 source files)

[RRepo](tmrowco)electricitymap
(tmrowco)electricitymap/parsers/JP.py:8: error: No parent module -- cannot perform relative import  [misc]
Found 1 error in 1 file (checked 97 source files)

[RRepo](PolyCortex)pyMuse
(PolyCortex)pyMuse/pymuse/pipeline.py:22: error: Need type annotation for '_output_queues' (hint: "_output_queues: List[<type>] = ...")  [var-annotated]
(PolyCortex)pyMuse/pymuse/configureshutdown.py:2: error: Module 'signal' has no attribute 'signal'; maybe "Signal"?  [attr-defined]
(PolyCortex)pyMuse/pymuse/configureshutdown.py:2: error: Module 'signal' has no attribute 'SIGINT'  [attr-defined]
(PolyCortex)pyMuse/pymuse/configureshutdown.py:2: error: Module 'signal' has no attribute 'SIGTERM'  [attr-defined]
Found 4 errors in 2 files (checked 9 source files)

[RRepo](baradrb)hackujhazard
(baradrb)hackujhazard/api/api.py:95: error: Name 'rcas' is not defined  [name-defined]
Found 1 error in 1 file (checked 1 source file)

[RRepo](vlasovskikh)intellij-micropython
(vlasovskikh)intellij-micropython/scripts/microrepl.py:62: error: Not all arguments converted during string formatting  [str-format]
(vlasovskikh)intellij-micropython/scripts/microupload.py:68: error: Need type annotation for 'created_cache' (hint: "created_cache: Set[<type>] = ...")  [var-annotated]
Found 2 errors in 2 files (checked 5 source files)

[RRepo](ruchee)vimrc
(ruchee)vimrc/vimfiles/bundle/vim-python/submodules/astroid/setup.py: error: Duplicate module named 'setup' (also at '/home/bew/archive/typed_project/(ruchee)vimrc/vimfiles/bundle/vim-python/submodules/pyflakes/setup.py')  [misc]
Found 1 error in 1 file (checked 580 source files)

[RRepo](XZiar)RayRenderer
(XZiar)RayRenderer/xzbuild/Environment.py:31: error: Incompatible types in assignment (expression has type "List[<nothing>]", target has type "str")  [assignment]
(XZiar)RayRenderer/xzbuild/Environment.py:32: error: Incompatible types in assignment (expression has type "List[<nothing>]", target has type "str")  [assignment]
(XZiar)RayRenderer/xzbuild/Environment.py:33: error: Unsupported operand types for + ("str" and "List[str]")  [operator]
(XZiar)RayRenderer/xzbuild/Environment.py:35: error: Need type annotation for 'defs' (hint: "defs: List[<type>] = ...")  [var-annotated]
(XZiar)RayRenderer/xzbuild/Environment.py:39: error: Incompatible types in assignment (expression has type "Set[str]", variable has type "List[Any]")  [assignment]
(XZiar)RayRenderer/xzbuild/Environment.py:41: error: Incompatible types in assignment (expression has type "Set[str]", target has type "str")  [assignment]
(XZiar)RayRenderer/xzbuild/Environment.py:43: error: Incompatible types in assignment (expression has type "Optional[int]", target has type "str")  [assignment]
(XZiar)RayRenderer/xzbuild/Project.py:23: error: Need type annotation for 'dependency' (hint: "dependency: List[<type>] = ...")  [var-annotated]
(XZiar)RayRenderer/xzbuild/Project.py:29: error: Need type annotation for 'targets' (hint: "targets: List[<type>] = ...")  [var-annotated]
(XZiar)RayRenderer/xzbuild/Project.py:30: error: Need type annotation for 'linkflags' (hint: "linkflags: List[<type>] = ...")  [var-annotated]
(XZiar)RayRenderer/xzbuild/Project.py:31: error: Need type annotation for 'libDirs' (hint: "libDirs: List[<type>] = ...")  [var-annotated]
(XZiar)RayRenderer/xzbuild/Project.py:59: error: Need type annotation for 'nestedDeps' (hint: "nestedDeps: Set[<type>] = ...")  [var-annotated]
(XZiar)RayRenderer/xzbuild/Project.py:68: error: Incompatible types in assignment (expression has type "List[Any]", variable has type "Set[Any]")  [assignment]

[RRepo](paulrbrenner)GOS
(paulrbrenner)GOS/examples/multiscale-migration/data.py: error: Duplicate module named 'data' (also at '/home/bew/archive/typed_project/(paulrbrenner)GOS/examples/migration/data.py')  [misc]
Found 1 error in 1 file (checked 11 source files)

[RRepo](tomix86)hpcpm
(tomix86)hpcpm/api/setup.py: error: Duplicate module named 'setup' (also at '/home/bew/archive/typed_project/(tomix86)hpcpm/management/setup.py')  [misc]
Found 1 error in 1 file (checked 34 source files)

[RRepo](bkircher)python-rpm-spec
Success: no issues found in 2 source files

[RRepo](fastai)fastai
(fastai)fastai/builds/custom-pip-builds/torchvision/setup.py: error: Duplicate module named 'setup' (also at '/home/bew/archive/typed_project/(fastai)fastai/setup.py')  [misc]
(fastai)fastai/builds/custom-pip-builds/torchvision/setup.py: error: Are you missing an __init__.py?  [misc]
Found 2 errors in 1 file (checked 198 source files)

[RRepo](c-bata)feedy
(c-bata)feedy/feedy.py:196: error: Incompatible types in assignment (expression has type "Tuple[int, int, int, int]", variable has type "Tuple[int]")  [assignment]
(c-bata)feedy/feedy.py:214: error: Too few arguments for "load_module" of "InspectLoader"  [call-arg]
(c-bata)feedy/feedy.py:221: error: Unexpected keyword argument "status" for "exit"  [call-arg]
(c-bata)feedy/example.py:2: error: Module 'feedy_plugins' has no attribute 'social_share_plugin'  [attr-defined]
Found 4 errors in 2 files (checked 6 source files)

[RRepo](philipodonnell)paperbroker
(philipodonnell)paperbroker/paperbroker/adapters/markets/MarketAdapter.py:1: error: Relative import climbs too many namespaces  [misc]
(philipodonnell)paperbroker/paperbroker/adapters/markets/MarketAdapter.py:2: error: Relative import climbs too many namespaces  [misc]
(philipodonnell)paperbroker/paperbroker/adapters/accounts/AccountAdapter.py:1: error: Relative import climbs too many namespaces  [misc]
(philipodonnell)paperbroker/paperbroker/logic/maintenance_margin.py:14: error: Relative import climbs too many namespaces  [misc]
(philipodonnell)paperbroker/paperbroker/logic/maintenance_margin.py:15: error: Relative import climbs too many namespaces  [misc]
(philipodonnell)paperbroker/paperbroker/logic/maintenance_margin.py:23: error: Name 'group_into_basic_strategies' is not defined  [name-defined]
(philipodonnell)paperbroker/paperbroker/logic/maintenance_margin.py:64: error: Name 'Put' is not defined  [name-defined]
(philipodonnell)paperbroker/paperbroker/logic/maintenance_margin.py:70: error: Name 'Call' is not defined  [name-defined]
(philipodonnell)paperbroker/paperbroker/logic/group_into_basic_strategies.py:25: error: Relative import climbs too many namespaces  [misc]
(philipodonnell)paperbroker/paperbroker/logic/group_into_basic_strategies.py:26: error: Relative import climbs too many namespaces  [misc]
(philipodonnell)paperbroker/paperbroker/PaperBroker.py:102: error: Need type annotation for 'btc' (hint: "btc: Dict[<type>, <type>] = ...")  [var-annotated]
(philipodonnell)paperbroker/paperbroker/PaperBroker.py:103: error: Need type annotation for 'stc' (hint: "stc: Dict[<type>, <type>] = ...")  [var-annotated]
(philipodonnell)paperbroker/paperbroker/adapters/markets/PaperMarketAdapter.py:1: error: Relative import climbs too many namespaces  [misc]
(philipodonnell)paperbroker/paperbroker/adapters/markets/PaperMarketAdapter.py:2: error: Relative import climbs too many namespaces  [misc]
(philipodonnell)paperbroker/paperbroker/adapters/markets/PaperMarketAdapter.py:3: error: Relative import climbs too many namespaces  [misc]
(philipodonnell)paperbroker/paperbroker/adapters/markets/PaperMarketAdapter.py:4: error: Relative import climbs too many namespaces  [misc]
(philipodonnell)paperbroker/paperbroker/adapters/markets/PaperMarketAdapter.py:9: error: Relative import climbs too many namespaces  [misc]
(philipodonnell)paperbroker/paperbroker/adapters/markets/PaperMarketAdapter.py:10: error: Relative import climbs too many namespaces  [misc]
(philipodonnell)paperbroker/paperbroker/adapters/markets/PaperMarketAdapter.py:11: error: Relative import climbs too many namespaces  [misc]
(philipodonnell)paperbroker/paperbroker/adapters/markets/PaperMarketAdapter.py:23: error: Need type annotation for 'pending_orders' (hint: "pending_orders: List[<type>] = ...")  [var-annotated]
(philipodonnell)paperbroker/paperbroker/adapters/accounts/LocalFileSystemAccountAdapter.py:1: error: Relative import climbs too many namespaces  [misc]
(philipodonnell)paperbroker/paperbroker/logic/fill_order.py:9: error: Relative import climbs too many namespaces  [misc]
(philipodonnell)paperbroker/paperbroker/logic/fill_order.py:10: error: Relative import climbs too many namespaces  [misc]
(philipodonnell)paperbroker/paperbroker/logic/fill_order.py:11: error: Relative import climbs too many namespaces  [misc]
(philipodonnell)paperbroker/paperbroker/logic/fill_order.py:12: error: Relative import climbs too many namespaces  [misc]
(philipodonnell)paperbroker/paperbroker/logic/fill_order.py:13: error: Relative import climbs too many namespaces  [misc]
(philipodonnell)paperbroker/paperbroker/logic/fill_order.py:14: error: Relative import climbs too many namespaces  [misc]
(philipodonnell)paperbroker/paperbroker/logic/close_expired_options.py:12: error: Relative import climbs too many namespaces  [misc]
(philipodonnell)paperbroker/paperbroker/logic/close_expired_options.py:13: error: Relative import climbs too many namespaces  [misc]
(philipodonnell)paperbroker/paperbroker/logic/close_expired_options.py:14: error: Relative import climbs too many namespaces  [misc]
(philipodonnell)paperbroker/paperbroker/logic/close_expired_options.py:15: error: Relative import climbs too many namespaces  [misc]
(philipodonnell)paperbroker/paperbroker/logic/close_expired_options.py:16: error: Relative import climbs too many namespaces  [misc]
(philipodonnell)paperbroker/paperbroker/logic/close_expired_options.py:18: error: Relative import climbs too many namespaces  [misc]
(philipodonnell)paperbroker/paperbroker/tests/TestDataQuoteAdapter.py:2: error: Relative import climbs too many namespaces  [misc]
(philipodonnell)paperbroker/paperbroker/tests/TestDataQuoteAdapter.py:3: error: Relative import climbs too many namespaces  [misc]
(philipodonnell)paperbroker/paperbroker/tests/TestDataQuoteAdapter.py:4: error: Relative import climbs too many namespaces  [misc]
(philipodonnell)paperbroker/paperbroker/tests/TestDataQuoteAdapter.py:8: error: Relative import climbs too many namespaces  [misc]
(philipodonnell)paperbroker/paperbroker/logic/group_into_basic_strategies.py:25: error: Relative import climbs too many namespaces  [misc]
(philipodonnell)paperbroker/paperbroker/logic/group_into_basic_strategies.py:26: error: Relative import climbs too many namespaces  [misc]
(philipodonnell)paperbroker/paperbroker/adapters/markets/MarketAdapter.py:1: error: Relative import climbs too many namespaces  [misc]
(philipodonnell)paperbroker/paperbroker/adapters/markets/MarketAdapter.py:2: error: Relative import climbs too many namespaces  [misc]
(philipodonnell)paperbroker/paperbroker/adapters/accounts/LocalFileSystemAccountAdapter.py:1: error: Relative import climbs too many namespaces  [misc]
(philipodonnell)paperbroker/paperbroker/adapters/accounts/AccountAdapter.py:1: error: Relative import climbs too many namespaces  [misc]
(philipodonnell)paperbroker/paperbroker/tests/test_fill_order.py:4: error: Relative import climbs too many namespaces  [misc]
(philipodonnell)paperbroker/paperbroker/tests/test_fill_order.py:5: error: Relative import climbs too many namespaces  [misc]
(philipodonnell)paperbroker/paperbroker/tests/test_fill_order.py:6: error: Relative import climbs too many namespaces  [misc]
(philipodonnell)paperbroker/paperbroker/tests/test_fill_order.py:7: error: Relative import climbs too many namespaces  [misc]
(philipodonnell)paperbroker/paperbroker/tests/test_fill_order.py:8: error: Relative import climbs too many namespaces  [misc]
(philipodonnell)paperbroker/paperbroker/tests/test_google_finance_adapter.py:3: error: Relative import climbs too many namespaces  [misc]
(philipodonnell)paperbroker/paperbroker/tests/test_maintenance_margins.py:4: error: Relative import climbs too many namespaces  [misc]
(philipodonnell)paperbroker/paperbroker/tests/test_maintenance_margins.py:5: error: Relative import climbs too many namespaces  [misc]
(philipodonnell)paperbroker/paperbroker/tests/test_maintenance_margins.py:6: error: Relative import climbs too many namespaces  [misc]
(philipodonnell)paperbroker/paperbroker/tests/test_maintenance_margins.py:7: error: Relative import climbs too many namespaces  [misc]
(philipodonnell)paperbroker/paperbroker/tests/test_maintenance_margins.py:8: error: Relative import climbs too many namespaces  [misc]
(philipodonnell)paperbroker/paperbroker/tests/test_get_quotes.py:4: error: Relative import climbs too many namespaces  [misc]
(philipodonnell)paperbroker/paperbroker/tests/test_closing_expired_options.py:3: error: Relative import climbs too many namespaces  [misc]
(philipodonnell)paperbroker/paperbroker/tests/test_closing_expired_options.py:4: error: Relative import climbs too many namespaces  [misc]
(philipodonnell)paperbroker/paperbroker/tests/test_closing_expired_options.py:6: error: Relative import climbs too many namespaces  [misc]
(philipodonnell)paperbroker/paperbroker/tests/test_closing_expired_options.py:7: error: Relative import climbs too many namespaces  [misc]
(philipodonnell)paperbroker/paperbroker/tests/test_book_adapter_functionality.py:4: error: Relative import climbs too many namespaces  [misc]
(philipodonnell)paperbroker/paperbroker/tests/test_book_adapter_functionality.py:5: error: Relative import climbs too many namespaces  [misc]
(philipodonnell)paperbroker/paperbroker/logic/maintenance_margin.py:14: error: Relative import climbs too many namespaces  [misc]
(philipodonnell)paperbroker/paperbroker/logic/maintenance_margin.py:15: error: Relative import climbs too many namespaces  [misc]
(philipodonnell)paperbroker/paperbroker/logic/maintenance_margin.py:23: error: Name 'group_into_basic_strategies' is not defined  [name-defined]
(philipodonnell)paperbroker/paperbroker/logic/maintenance_margin.py:64: error: Name 'Put' is not defined  [name-defined]
(philipodonnell)paperbroker/paperbroker/logic/maintenance_margin.py:70: error: Name 'Call' is not defined  [name-defined]

[RRepo](acrisci)i3ipc-python
(acrisci)i3ipc-python/i3ipc/model.py:1: error: No parent module -- cannot perform relative import  [misc]
Found 1 error in 1 file (checked 44 source files)

[RRepo](1connect)nginx-config-formatter
Success: no issues found in 2 source files

[RRepo](MeteoSwiss-APN)dawn
(MeteoSwiss-APN)dawn/examples/python/copy_stencil.py:29: error: Name 'VerticalRegionDeclStmt' is not defined  [name-defined]
(MeteoSwiss-APN)dawn/examples/python/copy_stencil.py:33: error: Name 'makeInterval' is not defined  [name-defined]
(MeteoSwiss-APN)dawn/examples/python/copy_stencil.py:33: error: Name 'Interval' is not defined  [name-defined]
(MeteoSwiss-APN)dawn/examples/python/copy_stencil.py:36: error: Name 'makeAST' is not defined  [name-defined]
(MeteoSwiss-APN)dawn/examples/python/copy_stencil.py:37: error: Name 'makeAssignmentStmt' is not defined  [name-defined]
(MeteoSwiss-APN)dawn/examples/python/copy_stencil.py:38: error: Name 'makeFieldAccessExpr' is not defined  [name-defined]
(MeteoSwiss-APN)dawn/examples/python/copy_stencil.py:39: error: Name 'makeFieldAccessExpr' is not defined  [name-defined]
(MeteoSwiss-APN)dawn/examples/python/copy_stencil.py:45: error: Name 'makeVerticalRegionDeclStmt' is not defined  [name-defined]
(MeteoSwiss-APN)dawn/examples/python/copy_stencil.py:45: error: Name 'VerticalRegion' is not defined  [name-defined]
(MeteoSwiss-APN)dawn/examples/python/copy_stencil.py:49: error: Name 'makeSIR' is not defined  [name-defined]
(MeteoSwiss-APN)dawn/examples/python/copy_stencil.py:50: error: Name 'makeStencil' is not defined  [name-defined]
(MeteoSwiss-APN)dawn/examples/python/copy_stencil.py:52: error: Name 'makeAST' is not defined  [name-defined]
(MeteoSwiss-APN)dawn/examples/python/copy_stencil.py:53: error: Name 'makeField' is not defined  [name-defined]
(MeteoSwiss-APN)dawn/examples/python/tridiagonal_solve.py:33: error: Name 'VerticalRegionDeclStmt' is not defined  [name-defined]
(MeteoSwiss-APN)dawn/examples/python/tridiagonal_solve.py:37: error: Name 'makeInterval' is not defined  [name-defined]
(MeteoSwiss-APN)dawn/examples/python/tridiagonal_solve.py:37: error: Name 'Interval' is not defined  [name-defined]
(MeteoSwiss-APN)dawn/examples/python/tridiagonal_solve.py:40: error: Name 'makeAST' is not defined  [name-defined]
(MeteoSwiss-APN)dawn/examples/python/tridiagonal_solve.py:41: error: Name 'makeAssignmentStmt' is not defined  [name-defined]
(MeteoSwiss-APN)dawn/examples/python/tridiagonal_solve.py:42: error: Name 'makeFieldAccessExpr' is not defined  [name-defined]
(MeteoSwiss-APN)dawn/examples/python/tridiagonal_solve.py:43: error: Name 'makeBinaryOperator' is not defined  [name-defined]
(MeteoSwiss-APN)dawn/examples/python/tridiagonal_solve.py:44: error: Name 'makeFieldAccessExpr' is not defined  [name-defined]
(MeteoSwiss-APN)dawn/examples/python/tridiagonal_solve.py:46: error: Name 'makeFieldAccessExpr' is not defined  [name-defined]
(MeteoSwiss-APN)dawn/examples/python/tridiagonal_solve.py:53: error: Name 'makeVerticalRegionDeclStmt' is not defined  [name-defined]
(MeteoSwiss-APN)dawn/examples/python/tridiagonal_solve.py:53: error: Name 'VerticalRegion' is not defined  [name-defined]
(MeteoSwiss-APN)dawn/examples/python/tridiagonal_solve.py:57: error: Name 'VerticalRegionDeclStmt' is not defined  [name-defined]
(MeteoSwiss-APN)dawn/examples/python/tridiagonal_solve.py:61: error: Name 'makeInterval' is not defined  [name-defined]
(MeteoSwiss-APN)dawn/examples/python/tridiagonal_solve.py:61: error: Name 'Interval' is not defined  [name-defined]
(MeteoSwiss-APN)dawn/examples/python/tridiagonal_solve.py:64: error: Name 'makeAST' is not defined  [name-defined]
(MeteoSwiss-APN)dawn/examples/python/tridiagonal_solve.py:66: error: Name 'makeVarDeclStmt' is not defined  [name-defined]
(MeteoSwiss-APN)dawn/examples/python/tridiagonal_solve.py:67: error: Name 'makeType' is not defined  [name-defined]
(MeteoSwiss-APN)dawn/examples/python/tridiagonal_solve.py:67: error: Name 'BuiltinType' is not defined  [name-defined]
(MeteoSwiss-APN)dawn/examples/python/tridiagonal_solve.py:69: error: Name 'makeExpr' is not defined  [name-defined]
(MeteoSwiss-APN)dawn/examples/python/tridiagonal_solve.py:70: error: Name 'makeBinaryOperator' is not defined  [name-defined]
(MeteoSwiss-APN)dawn/examples/python/tridiagonal_solve.py:71: error: Name 'makeLiteralAccessExpr' is not defined  [name-defined]
(MeteoSwiss-APN)dawn/examples/python/tridiagonal_solve.py:71: error: Name 'BuiltinType' is not defined  [name-defined]
(MeteoSwiss-APN)dawn/examples/python/tridiagonal_solve.py:73: error: Name 'makeBinaryOperator' is not defined  [name-defined]
(MeteoSwiss-APN)dawn/examples/python/tridiagonal_solve.py:74: error: Name 'makeFieldAccessExpr' is not defined  [name-defined]
(MeteoSwiss-APN)dawn/examples/python/tridiagonal_solve.py:76: error: Name 'makeBinaryOperator' is not defined  [name-defined]
(MeteoSwiss-APN)dawn/examples/python/tridiagonal_solve.py:77: error: Name 'makeFieldAccessExpr' is not defined  [name-defined]
(MeteoSwiss-APN)dawn/examples/python/tridiagonal_solve.py:79: error: Name 'makeFieldAccessExpr' is not defined  [name-defined]
(MeteoSwiss-APN)dawn/examples/python/tridiagonal_solve.py:85: error: Name 'makeAssignmentStmt' is not defined  [name-defined]
(MeteoSwiss-APN)dawn/examples/python/tridiagonal_solve.py:86: error: Name 'makeFieldAccessExpr' is not defined  [name-defined]
(MeteoSwiss-APN)dawn/examples/python/tridiagonal_solve.py:87: error: Name 'makeBinaryOperator' is not defined  [name-defined]
(MeteoSwiss-APN)dawn/examples/python/tridiagonal_solve.py:88: error: Name 'makeFieldAccessExpr' is not defined  [name-defined]
(MeteoSwiss-APN)dawn/examples/python/tridiagonal_solve.py:90: error: Name 'makeVarAccessExpr' is not defined  [name-defined]
(MeteoSwiss-APN)dawn/examples/python/tridiagonal_solve.py:94: error: Name 'makeAssignmentStmt' is not defined  [name-defined]
(MeteoSwiss-APN)dawn/examples/python/tridiagonal_solve.py:95: error: Name 'makeFieldAccessExpr' is not defined  [name-defined]
(MeteoSwiss-APN)dawn/examples/python/tridiagonal_solve.py:96: error: Name 'makeBinaryOperator' is not defined  [name-defined]
(MeteoSwiss-APN)dawn/examples/python/tridiagonal_solve.py:97: error: Name 'makeBinaryOperator' is not defined  [name-defined]
(MeteoSwiss-APN)dawn/examples/python/tridiagonal_solve.py:98: error: Name 'makeFieldAccessExpr' is not defined  [name-defined]
(MeteoSwiss-APN)dawn/examples/python/tridiagonal_solve.py:100: error: Name 'makeBinaryOperator' is not defined  [name-defined]
(MeteoSwiss-APN)dawn/examples/python/tridiagonal_solve.py:101: error: Name 'makeFieldAccessExpr' is not defined  [name-defined]
(MeteoSwiss-APN)dawn/examples/python/tridiagonal_solve.py:103: error: Name 'makeFieldAccessExpr' is not defined  [name-defined]
(MeteoSwiss-APN)dawn/examples/python/tridiagonal_solve.py:107: error: Name 'makeVarAccessExpr' is not defined  [name-defined]
(MeteoSwiss-APN)dawn/examples/python/tridiagonal_solve.py:114: error: Name 'makeVerticalRegionDeclStmt' is not defined  [name-defined]
(MeteoSwiss-APN)dawn/examples/python/tridiagonal_solve.py:114: error: Name 'VerticalRegion' is not defined  [name-defined]
(MeteoSwiss-APN)dawn/examples/python/tridiagonal_solve.py:118: error: Name 'VerticalRegionDeclStmt' is not defined  [name-defined]
(MeteoSwiss-APN)dawn/examples/python/tridiagonal_solve.py:122: error: Name 'makeInterval' is not defined  [name-defined]
(MeteoSwiss-APN)dawn/examples/python/tridiagonal_solve.py:122: error: Name 'Interval' is not defined  [name-defined]
(MeteoSwiss-APN)dawn/examples/python/tridiagonal_solve.py:125: error: Name 'makeAST' is not defined  [name-defined]
(MeteoSwiss-APN)dawn/examples/python/tridiagonal_solve.py:126: error: Name 'makeAssignmentStmt' is not defined  [name-defined]
(MeteoSwiss-APN)dawn/examples/python/tridiagonal_solve.py:127: error: Name 'makeFieldAccessExpr' is not defined  [name-defined]
(MeteoSwiss-APN)dawn/examples/python/tridiagonal_solve.py:128: error: Name 'makeBinaryOperator' is not defined  [name-defined]
(MeteoSwiss-APN)dawn/examples/python/tridiagonal_solve.py:129: error: Name 'makeFieldAccessExpr' is not defined  [name-defined]
(MeteoSwiss-APN)dawn/examples/python/tridiagonal_solve.py:131: error: Name 'makeFieldAccessExpr' is not defined  [name-defined]
(MeteoSwiss-APN)dawn/examples/python/tridiagonal_solve.py:138: error: Name 'makeVerticalRegionDeclStmt' is not defined  [name-defined]
(MeteoSwiss-APN)dawn/examples/python/tridiagonal_solve.py:138: error: Name 'VerticalRegion' is not defined  [name-defined]
(MeteoSwiss-APN)dawn/examples/python/tridiagonal_solve.py:149: error: Name 'makeSIR' is not defined  [name-defined]
(MeteoSwiss-APN)dawn/examples/python/tridiagonal_solve.py:150: error: Name 'makeStencil' is not defined  [name-defined]
(MeteoSwiss-APN)dawn/examples/python/tridiagonal_solve.py:152: error: Name 'makeAST' is not defined  [name-defined]
(MeteoSwiss-APN)dawn/examples/python/tridiagonal_solve.py:157: error: Name 'makeField' is not defined  [name-defined]
(MeteoSwiss-APN)dawn/examples/python/hori_diff.py:32: error: Name 'VerticalRegionDeclStmt' is not defined  [name-defined]
(MeteoSwiss-APN)dawn/examples/python/hori_diff.py:36: error: Name 'makeInterval' is not defined  [name-defined]
(MeteoSwiss-APN)dawn/examples/python/hori_diff.py:36: error: Name 'Interval' is not defined  [name-defined]
(MeteoSwiss-APN)dawn/examples/python/hori_diff.py:39: error: Name 'makeAST' is not defined  [name-defined]
(MeteoSwiss-APN)dawn/examples/python/hori_diff.py:41: error: Name 'makeAssignmentStmt' is not defined  [name-defined]
(MeteoSwiss-APN)dawn/examples/python/hori_diff.py:42: error: Name 'makeFieldAccessExpr' is not defined  [name-defined]
(MeteoSwiss-APN)dawn/examples/python/hori_diff.py:43: error: Name 'makeBinaryOperator' is not defined  [name-defined]
(MeteoSwiss-APN)dawn/examples/python/hori_diff.py:44: error: Name 'makeBinaryOperator' is not defined  [name-defined]
(MeteoSwiss-APN)dawn/examples/python/hori_diff.py:45: error: Name 'makeLiteralAccessExpr' is not defined  [name-defined]
(MeteoSwiss-APN)dawn/examples/python/hori_diff.py:45: error: Name 'BuiltinType' is not defined  [name-defined]
(MeteoSwiss-APN)dawn/examples/python/hori_diff.py:47: error: Name 'makeFieldAccessExpr' is not defined  [name-defined]
(MeteoSwiss-APN)dawn/examples/python/hori_diff.py:50: error: Name 'makeBinaryOperator' is not defined  [name-defined]
(MeteoSwiss-APN)dawn/examples/python/hori_diff.py:51: error: Name 'makeFieldAccessExpr' is not defined  [name-defined]
(MeteoSwiss-APN)dawn/examples/python/hori_diff.py:53: error: Name 'makeBinaryOperator' is not defined  [name-defined]
(MeteoSwiss-APN)dawn/examples/python/hori_diff.py:54: error: Name 'makeFieldAccessExpr' is not defined  [name-defined]
(MeteoSwiss-APN)dawn/examples/python/hori_diff.py:56: error: Name 'makeBinaryOperator' is not defined  [name-defined]
(MeteoSwiss-APN)dawn/examples/python/hori_diff.py:57: error: Name 'makeFieldAccessExpr' is not defined  [name-defined]
(MeteoSwiss-APN)dawn/examples/python/hori_diff.py:59: error: Name 'makeBinaryOperator' is not defined  [name-defined]
(MeteoSwiss-APN)dawn/examples/python/hori_diff.py:60: error: Name 'makeFieldAccessExpr' is not defined  [name-defined]
(MeteoSwiss-APN)dawn/examples/python/hori_diff.py:62: error: Name 'makeFieldAccessExpr' is not defined  [name-defined]
(MeteoSwiss-APN)dawn/examples/python/hori_diff.py:70: error: Name 'makeAssignmentStmt' is not defined  [name-defined]
(MeteoSwiss-APN)dawn/examples/python/hori_diff.py:71: error: Name 'makeFieldAccessExpr' is not defined  [name-defined]
(MeteoSwiss-APN)dawn/examples/python/hori_diff.py:72: error: Name 'makeBinaryOperator' is not defined  [name-defined]
(MeteoSwiss-APN)dawn/examples/python/hori_diff.py:73: error: Name 'makeBinaryOperator' is not defined  [name-defined]
(MeteoSwiss-APN)dawn/examples/python/hori_diff.py:74: error: Name 'makeLiteralAccessExpr' is not defined  [name-defined]
(MeteoSwiss-APN)dawn/examples/python/hori_diff.py:74: error: Name 'BuiltinType' is not defined  [name-defined]
(MeteoSwiss-APN)dawn/examples/python/hori_diff.py:76: error: Name 'makeFieldAccessExpr' is not defined  [name-defined]
(MeteoSwiss-APN)dawn/examples/python/hori_diff.py:79: error: Name 'makeBinaryOperator' is not defined  [name-defined]
(MeteoSwiss-APN)dawn/examples/python/hori_diff.py:80: error: Name 'makeFieldAccessExpr' is not defined  [name-defined]
(MeteoSwiss-APN)dawn/examples/python/hori_diff.py:82: error: Name 'makeBinaryOperator' is not defined  [name-defined]
(MeteoSwiss-APN)dawn/examples/python/hori_diff.py:83: error: Name 'makeFieldAccessExpr' is not defined  [name-defined]
(MeteoSwiss-APN)dawn/examples/python/hori_diff.py:85: error: Name 'makeBinaryOperator' is not defined  [name-defined]
(MeteoSwiss-APN)dawn/examples/python/hori_diff.py:86: error: Name 'makeFieldAccessExpr' is not defined  [name-defined]
(MeteoSwiss-APN)dawn/examples/python/hori_diff.py:88: error: Name 'makeBinaryOperator' is not defined  [name-defined]
(MeteoSwiss-APN)dawn/examples/python/hori_diff.py:89: error: Name 'makeFieldAccessExpr' is not defined  [name-defined]
(MeteoSwiss-APN)dawn/examples/python/hori_diff.py:91: error: Name 'makeFieldAccessExpr' is not defined  [name-defined]
(MeteoSwiss-APN)dawn/examples/python/hori_diff.py:103: error: Name 'makeVerticalRegionDeclStmt' is not defined  [name-defined]
(MeteoSwiss-APN)dawn/examples/python/hori_diff.py:103: error: Name 'VerticalRegion' is not defined  [name-defined]
(MeteoSwiss-APN)dawn/examples/python/hori_diff.py:107: error: Name 'makeSIR' is not defined  [name-defined]
(MeteoSwiss-APN)dawn/examples/python/hori_diff.py:108: error: Name 'makeStencil' is not defined  [name-defined]
(MeteoSwiss-APN)dawn/examples/python/hori_diff.py:110: error: Name 'makeAST' is not defined  [name-defined]
(MeteoSwiss-APN)dawn/examples/python/hori_diff.py:111: error: Name 'makeField' is not defined  [name-defined]
Found 113 errors in 3 files (checked 10 source files)

[RRepo](mark-r-g)hydrus
(mark-r-g)hydrus/tests/test_norm.py:23: error: Module 'tests' has no attribute 'strat_1d'  [attr-defined]
(mark-r-g)hydrus/tests/test_norm.py:23: error: Module 'tests' has no attribute 'strat_3d'  [attr-defined]
(mark-r-g)hydrus/tests/test_norm.py:24: error: Module 'tests' has no attribute 'strat_pos_1d'  [attr-defined]
(mark-r-g)hydrus/tests/test_norm.py:24: error: Module 'tests' has no attribute 'strat_pos_3d'  [attr-defined]
(mark-r-g)hydrus/tests/test_norm.py:25: error: Module 'tests' has no attribute 'strat_nan_1d'  [attr-defined]
(mark-r-g)hydrus/tests/test_norm.py:25: error: Module 'tests' has no attribute 'strat_nan_2d'  [attr-defined]
(mark-r-g)hydrus/tests/test_model.py:24: error: Module 'tests' has no attribute 'strat_1d'  [attr-defined]
(mark-r-g)hydrus/tests/test_model.py:24: error: Module 'tests' has no attribute 'strat_pos_1d'  [attr-defined]
Found 8 errors in 2 files (checked 11 source files)

[RRepo](ForceBru)PyVM
(ForceBru)PyVM/VM/debug.py:24: error: Incompatible return value type (got "object", expected "str")  [return-value]
(ForceBru)PyVM/VM/ELF/ELF_enums.py:6: error: Too many arguments for Enum()  [misc]
(ForceBru)PyVM/VM/ELF/ELF_enums.py:7: error: Too many arguments for Enum()  [misc]
(ForceBru)PyVM/VM/kernel/kernel.py:3: error: Relative import climbs too many namespaces  [misc]
(ForceBru)PyVM/VM/kernel/kernel.py:13: error: "KernelMeta" has no attribute "syscalls"  [attr-defined]
(ForceBru)PyVM/VM/kernel/kernel.py:25: error: "KernelMeta" has no attribute "syscalls"  [attr-defined]
(ForceBru)PyVM/VM/kernel/kernel_filesystem.py:4: error: Relative import climbs too many namespaces  [misc]
(ForceBru)PyVM/VM/kernel/kernel_sys.py:125: error: Too many arguments for Flag()  [misc]
(ForceBru)PyVM/VM/kernel/kernel_sys.py:163: error: On Python 3 '{}'.format(b'abc') produces "b'abc'"; use !r if this is a desired behavior  [str-bytes-safe]
(ForceBru)PyVM/VM/kernel/kernel_sys.py:166: error: "Type[directions]" has no attribute "_IOC_NONE"  [attr-defined]
(ForceBru)PyVM/VM/kernel/kernel_memory.py:9: error: "Type[c_uint32]" has no attribute "__ctype_le__"  [attr-defined]
(ForceBru)PyVM/VM/kernel/kernel_memory.py:87: error: Relative import climbs too many namespaces  [misc]
(ForceBru)PyVM/VM/util.py:12: error: Too many arguments for IntEnum()  [misc]
(ForceBru)PyVM/VM/FPU.py:161: error: Syntax error in type annotation  [syntax]
(ForceBru)PyVM/VM/FPU.py:161: note: Suggestion: Use Tuple[T1, ..., Tn] instead of (T1, ..., Tn)
(ForceBru)PyVM/VM/FPU.py:184: error: Syntax error in type annotation  [syntax]
(ForceBru)PyVM/VM/FPU.py:184: note: Suggestion: Use Tuple[T1, ..., Tn] instead of (T1, ..., Tn)
(ForceBru)PyVM/VM/instructions/repeatables.py:23: error: Invalid type: try using Literal[True] instead?  [valid-type]
(ForceBru)PyVM/VM/instructions/repeatables.py:24: error: "STOS" has no attribute "operand_size"  [attr-defined]
(ForceBru)PyVM/VM/instructions/repeatables.py:26: error: "STOS" has no attribute "reg"  [attr-defined]
(ForceBru)PyVM/VM/instructions/repeatables.py:27: error: "STOS" has no attribute "reg"  [attr-defined]
(ForceBru)PyVM/VM/instructions/repeatables.py:27: error: "STOS" has no attribute "address_size"  [attr-defined]
(ForceBru)PyVM/VM/instructions/repeatables.py:29: error: "STOS" has no attribute "mem"  [attr-defined]
(ForceBru)PyVM/VM/instructions/repeatables.py:29: error: "Type[SegmentRegs]" has no attribute "ES"  [attr-defined]
(ForceBru)PyVM/VM/instructions/repeatables.py:30: error: "STOS" has no attribute "mem"  [attr-defined]
(ForceBru)PyVM/VM/instructions/repeatables.py:31: error: "STOS" has no attribute "mem"  [attr-defined]
(ForceBru)PyVM/VM/instructions/repeatables.py:31: error: "Type[SegmentRegs]" has no attribute "DS"  [attr-defined]
(ForceBru)PyVM/VM/instructions/repeatables.py:33: error: "STOS" has no attribute "reg"  [attr-defined]
(ForceBru)PyVM/VM/instructions/repeatables.py:38: error: "STOS" has no attribute "address_size"  [attr-defined]
(ForceBru)PyVM/VM/instructions/repeatables.py:40: error: "STOS" has no attribute "reg"  [attr-defined]
(ForceBru)PyVM/VM/instructions/repeatables.py:40: error: "STOS" has no attribute "address_size"  [attr-defined]
(ForceBru)PyVM/VM/instructions/repeatables.py:57: error: Invalid type: try using Literal[True] instead?  [valid-type]
(ForceBru)PyVM/VM/instructions/repeatables.py:58: error: "REP" has no attribute "mem"  [attr-defined]
(ForceBru)PyVM/VM/instructions/repeatables.py:58: error: Cannot determine type of 'eip'  [has-type]
(ForceBru)PyVM/VM/instructions/repeatables.py:59: error: Cannot determine type of 'eip'  [has-type]
(ForceBru)PyVM/VM/instructions/repeatables.py:61: error: "REP" has no attribute "address_size"  [attr-defined]
(ForceBru)PyVM/VM/instructions/repeatables.py:63: error: "REP" has no attribute "reg"  [attr-defined]
(ForceBru)PyVM/VM/instructions/repeatables.py:68: error: Cannot determine type of 'eip'  [has-type]
(ForceBru)PyVM/VM/instructions/repeatables.py:82: error: "REP" has no attribute "execute_opcode"  [attr-defined]
(ForceBru)PyVM/VM/instructions/repeatables.py:89: error: "REP" has no attribute "reg"  [attr-defined]
(ForceBru)PyVM/VM/Memory.py:162: error: Incompatible return value type (got "bytes", expected "int")  [return-value]
(ForceBru)PyVM/VM/Memory.py:208: error: "memset" does not return a value  [func-returns-value]
(ForceBru)PyVM/VM/instructions/floating.py:29: error: Self argument missing for a non-static method (or an invalid type for self)  [misc]
(ForceBru)PyVM/VM/instructions/floating.py:37: error: "CPU32" has no attribute "process_ModRM"  [attr-defined]
(ForceBru)PyVM/VM/instructions/floating.py:59: error: Invalid type: try using Literal[True] instead?  [valid-type]
(ForceBru)PyVM/VM/instructions/floating.py:59: error: Self argument missing for a non-static method (or an invalid type for self)  [misc]
(ForceBru)PyVM/VM/instructions/floating.py:72: error: "CPU32" has no attribute "process_ModRM"  [attr-defined]
(ForceBru)PyVM/VM/instructions/floating.py:112: error: "FST" has no attribute "mem"  [attr-defined]
(ForceBru)PyVM/VM/instructions/floating.py:112: error: "FST" has no attribute "eip"  [attr-defined]
(ForceBru)PyVM/VM/instructions/floating.py:118: error: "FST" has no attribute "process_ModRM"  [attr-defined]
(ForceBru)PyVM/VM/instructions/floating.py:121: error: "FST" has no attribute "fpu"  [attr-defined]
(ForceBru)PyVM/VM/instructions/floating.py:123: error: "FST" has no attribute "mem"  [attr-defined]
(ForceBru)PyVM/VM/instructions/floating.py:128: error: "FST" has no attribute "fpu"  [attr-defined]
(ForceBru)PyVM/VM/instructions/floating.py:150: error: "FIST" has no attribute "mem"  [attr-defined]
(ForceBru)PyVM/VM/instructions/floating.py:150: error: "FIST" has no attribute "eip"  [attr-defined]
(ForceBru)PyVM/VM/instructions/floating.py:156: error: "FIST" has no attribute "process_ModRM"  [attr-defined]
(ForceBru)PyVM/VM/instructions/floating.py:159: error: "FIST" has no attribute "fpu"  [attr-defined]
(ForceBru)PyVM/VM/instructions/floating.py:161: error: "FIST" has no attribute "mem"  [attr-defined]
(ForceBru)PyVM/VM/instructions/floating.py:164: error: "FIST" has no attribute "fpu"  [attr-defined]
(ForceBru)PyVM/VM/instructions/floating.py:182: error: Invalid type: try using Literal[True] instead?  [valid-type]
(ForceBru)PyVM/VM/instructions/floating.py:183: error: "FMUL" has no attribute "fpu"  [attr-defined]
(ForceBru)PyVM/VM/instructions/floating.py:184: error: "FMUL" has no attribute "fpu"  [attr-defined]
(ForceBru)PyVM/VM/instructions/floating.py:201: error: Invalid type: try using Literal[True] instead?  [valid-type]
(ForceBru)PyVM/VM/instructions/floating.py:202: error: "FADDP" has no attribute "fpu"  [attr-defined]
(ForceBru)PyVM/VM/instructions/floating.py:206: error: "FADDP" has no attribute "fpu"  [attr-defined]
(ForceBru)PyVM/VM/instructions/floating.py:230: error: Invalid type: try using Literal[True] instead?  [valid-type]
(ForceBru)PyVM/VM/instructions/floating.py:238: error: "FDIV" has no attribute "fpu"  [attr-defined]
(ForceBru)PyVM/VM/instructions/floating.py:241: error: "FDIV" has no attribute "fpu"  [attr-defined]
(ForceBru)PyVM/VM/instructions/floating.py:246: error: Invalid type: try using Literal[True] instead?  [valid-type]
(ForceBru)PyVM/VM/instructions/floating.py:247: error: "FDIV" has no attribute "fpu"  [attr-defined]
(ForceBru)PyVM/VM/instructions/floating.py:248: error: "FDIV" has no attribute "fpu"  [attr-defined]
(ForceBru)PyVM/VM/instructions/floating.py:295: error: Invalid type: try using Literal[True] instead?  [valid-type]
(ForceBru)PyVM/VM/instructions/floating.py:299: error: "FCOMP" has no attribute "fpu"  [attr-defined]
(ForceBru)PyVM/VM/instructions/floating.py:312: error: "FCOMP" has no attribute "reg"  [attr-defined]
(ForceBru)PyVM/VM/instructions/floating.py:314: error: "FCOMP" has no attribute "fpu"  [attr-defined]
(ForceBru)PyVM/VM/instructions/floating.py:317: error: "FCOMP" has no attribute "fpu"  [attr-defined]
(ForceBru)PyVM/VM/instructions/floating.py:321: error: Invalid type: try using Literal[True] instead?  [valid-type]
(ForceBru)PyVM/VM/instructions/floating.py:322: error: "FCOMP" has no attribute "fpu"  [attr-defined]
(ForceBru)PyVM/VM/instructions/floating.py:335: error: "FCOMP" has no attribute "reg"  [attr-defined]
(ForceBru)PyVM/VM/instructions/floating.py:337: error: "FCOMP" has no attribute "fpu"  [attr-defined]
(ForceBru)PyVM/VM/instructions/floating.py:340: error: "FCOMP" has no attribute "fpu"  [attr-defined]
(ForceBru)PyVM/VM/instructions/floating.py:353: error: "FLDCW" has no attribute "mem"  [attr-defined]
(ForceBru)PyVM/VM/instructions/floating.py:353: error: "FLDCW" has no attribute "eip"  [attr-defined]
(ForceBru)PyVM/VM/instructions/floating.py:359: error: "FLDCW" has no attribute "process_ModRM"  [attr-defined]
(ForceBru)PyVM/VM/instructions/floating.py:362: error: "FLDCW" has no attribute "mem"  [attr-defined]
(ForceBru)PyVM/VM/instructions/floating.py:363: error: "FLDCW" has no attribute "fpu"  [attr-defined]
(ForceBru)PyVM/VM/instructions/floating.py:379: error: "FSTCW" has no attribute "mem"  [attr-defined]
(ForceBru)PyVM/VM/instructions/floating.py:379: error: "FSTCW" has no attribute "eip"  [attr-defined]
(ForceBru)PyVM/VM/instructions/floating.py:385: error: "FSTCW" has no attribute "process_ModRM"  [attr-defined]
(ForceBru)PyVM/VM/instructions/floating.py:388: error: "FSTCW" has no attribute "mem"  [attr-defined]
(ForceBru)PyVM/VM/instructions/floating.py:388: error: "FSTCW" has no attribute "fpu"  [attr-defined]
(ForceBru)PyVM/VM/instructions/floating.py:392: error: "FSTCW" has no attribute "fpu"  [attr-defined]
(ForceBru)PyVM/VM/instructions/floating.py:394: error: "FSTCW" has no attribute "fpu"  [attr-defined]
(ForceBru)PyVM/VM/instructions/floating.py:407: error: Invalid type: try using Literal[True] instead?  [valid-type]
(ForceBru)PyVM/VM/instructions/floating.py:408: error: "FXCH" has no attribute "fpu"  [attr-defined]
(ForceBru)PyVM/VM/instructions/floating.py:409: error: "FXCH" has no attribute "fpu"  [attr-defined]
(ForceBru)PyVM/VM/instructions/floating.py:410: error: "FXCH" has no attribute "fpu"  [attr-defined]
(ForceBru)PyVM/VM/instructions/floating.py:412: error: "FXCH" has no attribute "fpu"  [attr-defined]
(ForceBru)PyVM/VM/instructions/control.py:23: error: Invalid type: try using Literal[True] instead?  [valid-type]
(ForceBru)PyVM/VM/instructions/control.py:23: error: Self argument missing for a non-static method (or an invalid type for self)  [misc]
(ForceBru)PyVM/VM/instructions/control.py:29: error: Invalid type: try using Literal[True] instead?  [valid-type]
(ForceBru)PyVM/VM/instructions/control.py:29: error: Self argument missing for a non-static method (or an invalid type for self)  [misc]
(ForceBru)PyVM/VM/instructions/control.py:30: error: "CPU32" has no attribute "process_ModRM"  [attr-defined]
(ForceBru)PyVM/VM/instructions/control.py:93: error: Invalid type: try using Literal[True] instead?  [valid-type]
(ForceBru)PyVM/VM/instructions/control.py:93: error: Self argument missing for a non-static method (or an invalid type for self)  [misc]
(ForceBru)PyVM/VM/instructions/control.py:115: error: Self argument missing for a non-static method (or an invalid type for self)  [misc]
(ForceBru)PyVM/VM/instructions/control.py:119: error: "CPU32" has no attribute "process_ModRM"  [attr-defined]
(ForceBru)PyVM/VM/instructions/control.py:135: error: Argument 1 to "to_int" has incompatible type "int"; expected "bytes"  [arg-type]
(ForceBru)PyVM/VM/instructions/control.py:137: error: Argument 1 to "to_int" has incompatible type "int"; expected "bytes"  [arg-type]
(ForceBru)PyVM/VM/instructions/control.py:142: error: Argument 1 to "to_int" has incompatible type "int"; expected "bytes"  [arg-type]
(ForceBru)PyVM/VM/instructions/control.py:143: error: Argument 1 to "to_int" has incompatible type "int"; expected "bytes"  [arg-type]
(ForceBru)PyVM/VM/instructions/control.py:147: error: "Memory" has no attribute "bounds"  [attr-defined]
(ForceBru)PyVM/VM/instructions/control.py:164: error: Invalid type: try using Literal[True] instead?  [valid-type]
(ForceBru)PyVM/VM/instructions/control.py:164: error: Self argument missing for a non-static method (or an invalid type for self)  [misc]
(ForceBru)PyVM/VM/instructions/control.py:165: error: Argument 1 to "to_int" has incompatible type "int"; expected "bytes"  [arg-type]
(ForceBru)PyVM/VM/instructions/control.py:169: error: Argument 1 to "to_int" has incompatible type "int"; expected "bytes"  [arg-type]
(ForceBru)PyVM/VM/instructions/control.py:174: error: "Memory" has no attribute "bounds"  [attr-defined]
(ForceBru)PyVM/VM/instructions/control.py:199: error: Invalid type: try using Literal[True] instead?  [valid-type]
(ForceBru)PyVM/VM/instructions/control.py:199: error: Self argument missing for a non-static method (or an invalid type for self)  [misc]
(ForceBru)PyVM/VM/instructions/control.py:201: error: "CPU32" has no attribute "process_ModRM"  [attr-defined]
(ForceBru)PyVM/VM/instructions/control.py:224: error: Invalid type: try using Literal[True] instead?  [valid-type]
(ForceBru)PyVM/VM/instructions/control.py:224: error: Self argument missing for a non-static method (or an invalid type for self)  [misc]
(ForceBru)PyVM/VM/instructions/control.py:227: error: "CPU32" has no attribute "process_ModRM"  [attr-defined]
(ForceBru)PyVM/VM/instructions/control.py:259: error: Invalid type: try using Literal[True] instead?  [valid-type]
(ForceBru)PyVM/VM/instructions/control.py:259: error: Self argument missing for a non-static method (or an invalid type for self)  [misc]
(ForceBru)PyVM/VM/instructions/control.py:262: error: "CPU32" has no attribute "process_ModRM"  [attr-defined]
(ForceBru)PyVM/VM/instructions/control.py:282: error: Self argument missing for a non-static method (or an invalid type for self)  [misc]
(ForceBru)PyVM/VM/instructions/control.py:285: error: "CPU32" has no attribute "process_ModRM"  [attr-defined]
(ForceBru)PyVM/VM/instructions/control.py:328: error: Invalid type: try using Literal[True] instead?  [valid-type]
(ForceBru)PyVM/VM/instructions/control.py:328: error: Self argument missing for a non-static method (or an invalid type for self)  [misc]
(ForceBru)PyVM/VM/instructions/control.py:329: error: "CPU32" has no attribute "descriptors"  [attr-defined]
(ForceBru)PyVM/VM/instructions/control.py:333: error: Invalid type: try using Literal[True] instead?  [valid-type]
(ForceBru)PyVM/VM/instructions/control.py:333: error: Self argument missing for a non-static method (or an invalid type for self)  [misc]
(ForceBru)PyVM/VM/instructions/control.py:337: error: "CPU32" has no attribute "interrupt"  [attr-defined]
(ForceBru)PyVM/VM/instructions/control.py:363: error: Self argument missing for a non-static method (or an invalid type for self)  [misc]
(ForceBru)PyVM/VM/instructions/control.py:367: error: "CPU32" has no attribute "process_ModRM"  [attr-defined]
(ForceBru)PyVM/VM/instructions/control.py:397: error: Invalid type: try using Literal[True] instead?  [valid-type]
(ForceBru)PyVM/VM/instructions/control.py:397: error: Self argument missing for a non-static method (or an invalid type for self)  [misc]
(ForceBru)PyVM/VM/instructions/control.py:433: error: Invalid type: try using Literal[True] instead?  [valid-type]
(ForceBru)PyVM/VM/instructions/control.py:433: error: Self argument missing for a non-static method (or an invalid type for self)  [misc]
(ForceBru)PyVM/VM/instructions/control.py:442: error: Invalid type: try using Literal[True] instead?  [valid-type]
(ForceBru)PyVM/VM/instructions/control.py:442: error: Self argument missing for a non-static method (or an invalid type for self)  [misc]
(ForceBru)PyVM/VM/instructions/control.py:466: error: Self argument missing for a non-static method (or an invalid type for self)  [misc]
(ForceBru)PyVM/VM/instructions/control.py:480: error: Argument 1 to "stack_push" of "CPU32" has incompatible type "bytes"; expected "int"  [arg-type]
(ForceBru)PyVM/VM/instructions/control.py:502: error: Invalid type: try using Literal[True] instead?  [valid-type]
(ForceBru)PyVM/VM/instructions/control.py:502: error: Self argument missing for a non-static method (or an invalid type for self)  [misc]
(ForceBru)PyVM/VM/instructions/control.py:530: error: Invalid type: try using Literal[True] instead?  [valid-type]
(ForceBru)PyVM/VM/instructions/control.py:530: error: Self argument missing for a non-static method (or an invalid type for self)  [misc]
(ForceBru)PyVM/VM/instructions/control.py:576: error: Self argument missing for a non-static method (or an invalid type for self)  [misc]
(ForceBru)PyVM/VM/fetchLoop.py:3: error: Module 'VM.ELF' has no attribute 'ELF32'  [attr-defined]
(ForceBru)PyVM/VM/fetchLoop.py:3: error: Module 'VM.ELF' has no attribute 'enums'  [attr-defined]
(ForceBru)PyVM/VM/fetchLoop.py:14: error: The erased type of self "VM.CPU.CPU32" is not a supertype of its class "VM.fetchLoop.FetchLoopMixin"  [misc]
(ForceBru)PyVM/VM/fetchLoop.py:56: error: The erased type of self "VM.CPU.CPU32" is not a supertype of its class "VM.fetchLoop.FetchLoopMixin"  [misc]
(ForceBru)PyVM/VM/fetchLoop.py:66: error: "Type[SegmentRegs]" has no attribute "CS"  [attr-defined]
(ForceBru)PyVM/VM/fetchLoop.py:67: error: "Type[SegmentRegs]" has no attribute "SS"  [attr-defined]
(ForceBru)PyVM/VM/fetchLoop.py:68: error: "Type[SegmentRegs]" has no attribute "DS"  [attr-defined]
(ForceBru)PyVM/VM/fetchLoop.py:69: error: "Type[SegmentRegs]" has no attribute "ES"  [attr-defined]
(ForceBru)PyVM/VM/fetchLoop.py:70: error: "Type[SegmentRegs]" has no attribute "FS"  [attr-defined]
(ForceBru)PyVM/VM/fetchLoop.py:71: error: "Type[SegmentRegs]" has no attribute "GS"  [attr-defined]
(ForceBru)PyVM/VM/fetchLoop.py:126: error: "CPU32" has no attribute "execute_opcode"  [attr-defined]
(ForceBru)PyVM/VM/fetchLoop.py:137: error: "Type[SegmentRegs]" has no attribute "DS"  [attr-defined]
(ForceBru)PyVM/VM/fetchLoop.py:154: error: Incompatible types in assignment (expression has type "Tuple[str, str, str]", base class "FetchLoopMixin" defined the type as "Tuple[str, str, str, str, str, str, str]")  [assignment]
(ForceBru)PyVM/VM/fetchLoop.py:157: error: The erased type of self "VM.CPU.CPU32" is not a supertype of its class "VM.fetchLoop.ExecuteBytes"  [misc]
(ForceBru)PyVM/VM/fetchLoop.py:157: error: Signature of "execute" incompatible with supertype "ExecutionMixin"  [override]
(ForceBru)PyVM/VM/fetchLoop.py:165: error: "CPU32" has no attribute "run"  [attr-defined]
(ForceBru)PyVM/VM/fetchLoop.py:169: error: Incompatible types in assignment (expression has type "Tuple[str, str, str]", base class "FetchLoopMixin" defined the type as "Tuple[str, str, str, str, str, str, str]")  [assignment]
(ForceBru)PyVM/VM/fetchLoop.py:172: error: The erased type of self "VM.CPU.CPU32" is not a supertype of its class "VM.fetchLoop.ExecuteFlat"  [misc]
(ForceBru)PyVM/VM/fetchLoop.py:172: error: Signature of "execute" incompatible with supertype "ExecutionMixin"  [override]
(ForceBru)PyVM/VM/fetchLoop.py:182: error: "CPU32" has no attribute "run"  [attr-defined]
(ForceBru)PyVM/VM/fetchLoop.py:186: error: Incompatible types in assignment (expression has type "Tuple[str, str, str, str]", base class "FetchLoopMixin" defined the type as "Tuple[str, str, str, str, str, str, str]")  [assignment]
(ForceBru)PyVM/VM/fetchLoop.py:189: error: The erased type of self "VM.CPU.CPU32" is not a supertype of its class "VM.fetchLoop.ExecuteELF"  [misc]
(ForceBru)PyVM/VM/fetchLoop.py:189: error: Signature of "execute" incompatible with supertype "ExecutionMixin"  [override]
(ForceBru)PyVM/VM/fetchLoop.py:228: error: Incompatible types in assignment (expression has type "bytes", variable has type "str")  [assignment]
(ForceBru)PyVM/VM/fetchLoop.py:230: error: Argument 3 to "set_bytes" of "Memory" has incompatible type "str"; expected "bytes"  [arg-type]
(ForceBru)PyVM/VM/fetchLoop.py:235: error: Incompatible types in assignment (expression has type "bytes", variable has type "str")  [assignment]
(ForceBru)PyVM/VM/fetchLoop.py:237: error: Argument 3 to "set_bytes" of "Memory" has incompatible type "str"; expected "bytes"  [arg-type]
(ForceBru)PyVM/VM/fetchLoop.py:261: error: "CPU32" has no attribute "run"  [attr-defined]
(ForceBru)PyVM/VM/__init__.py:4: error: Module 'VM.kernel' has no attribute 'Kernel'  [attr-defined]
(ForceBru)PyVM/VM/__init__.py:11: error: Definition of "current_mode" in base class "CPU32" is incompatible with definition in base class "FetchLoopMixin"  [misc]
(ForceBru)PyVM/VM/__init__.py:34: error: Definition of "current_mode" in base class "CPU32" is incompatible with definition in base class "FetchLoopMixin"  [misc]
(ForceBru)PyVM/VM/__init__.py:34: error: Definition of "_funcs_" in base class "ExecuteELF" is incompatible with definition in base class "ExecuteBytes"  [misc]
(ForceBru)PyVM/VM/__init__.py:34: error: Definition of "_funcs_" in base class "ExecuteELF" is incompatible with definition in base class "ExecuteFlat"  [misc]
(ForceBru)PyVM/VM/__init__.py:34: error: Cannot determine type of '_attrs_' in base class 'ExecuteELF'  [misc]
(ForceBru)PyVM/VM/__init__.py:34: error: Cannot determine type of '_attrs_' in base class 'ExecuteBytes'  [misc]
(ForceBru)PyVM/VM/__init__.py:34: error: Cannot determine type of '_attrs_' in base class 'ExecuteFlat'  [misc]
(ForceBru)PyVM/VM/__init__.py:35: error: Signature of "execute" incompatible with supertype "ExecuteELF"  [override]
(ForceBru)PyVM/VM/__init__.py:35: error: Signature of "execute" incompatible with supertype "ExecuteBytes"  [override]
(ForceBru)PyVM/VM/__init__.py:35: error: Signature of "execute" incompatible with supertype "ExecuteFlat"  [override]
(ForceBru)PyVM/VM/__init__.py:35: error: Signature of "execute" incompatible with supertype "ExecutionMixin"  [override]
(ForceBru)PyVM/VM/ELF/analyze.py:23: error: Need type annotation for '__sections_contents' (hint: "__sections_contents: Dict[<type>, <type>] = ...")  [var-annotated]
(ForceBru)PyVM/VM/ELF/analyze.py:169: error: Argument 1 to "VM" has incompatible type "float"; expected "int"  [arg-type]
(ForceBru)PyVM/VM/ELF/analyze.py:170: error: "Memory" has no attribute "bounds"  [attr-defined]
(ForceBru)PyVM/VM/ELF/analyze.py:171: error: "VM" has no attribute "execute_bytes"  [attr-defined]
(ForceBru)PyVM/example_ELF.py:84: error: Incompatible types in assignment (expression has type "str", variable has type "Path")  [assignment]
(ForceBru)PyVM/compile_asm.py:54: error: No overload variant of "run" matches argument types "Tuple[str, str, str, str, str, str, str, str]", "bool", "int"  [call-overload]
(ForceBru)PyVM/compile_asm.py:54: note: Possible overload variants:
(ForceBru)PyVM/compile_asm.py:54: note:     def run(args: Union[Union[bytes, str], Sequence[Union[bytes, str, _PathLike[Any]]]], bufsize: int = ..., executable: Union[bytes, str, _PathLike[Any]] = ..., stdin: Union[None, int, IO[Any]] = ..., stdout: Union[None, int, IO[Any]] = ..., stderr: Union[None, int, IO[Any]] = ..., preexec_fn: Callable[[], Any] = ..., close_fds: bool = ..., shell: bool = ..., cwd: Union[bytes, str, _PathLike[Any], None] = ..., env: Union[Mapping[bytes, Union[bytes, str]], Mapping[str, Union[bytes, str]], None] = ..., universal_newlines: bool = ..., startupinfo: Any = ..., creationflags: int = ..., restore_signals: bool = ..., start_new_session: bool = ..., pass_fds: Any = ..., *, check: bool = ..., encoding: str, errors: Optional[str] = ..., input: Optional[str] = ..., timeout: Optional[float] = ...) -> CompletedProcess[str]
(ForceBru)PyVM/compile_asm.py:54: note:     def run(args: Union[Union[bytes, str], Sequence[Union[bytes, str, _PathLike[Any]]]], bufsize: int = ..., executable: Union[bytes, str, _PathLike[Any]] = ..., stdin: Union[None, int, IO[Any]] = ..., stdout: Union[None, int, IO[Any]] = ..., stderr: Union[None, int, IO[Any]] = ..., preexec_fn: Callable[[], Any] = ..., close_fds: bool = ..., shell: bool = ..., cwd: Union[bytes, str, _PathLike[Any], None] = ..., env: Union[Mapping[bytes, Union[bytes, str]], Mapping[str, Union[bytes, str]], None] = ..., universal_newlines: bool = ..., startupinfo: Any = ..., creationflags: int = ..., restore_signals: bool = ..., start_new_session: bool = ..., pass_fds: Any = ..., *, check: bool = ..., encoding: Optional[str] = ..., errors: str, input: Optional[str] = ..., timeout: Optional[float] = ...) -> CompletedProcess[str]
(ForceBru)PyVM/compile_asm.py:54: note:     <3 more similar overloads not shown, out of 5 total overloads>
(ForceBru)PyVM/compile_asm.py:119: error: "VM" has no attribute "execute_file"  [attr-defined]
Found 194 errors in 17 files (checked 28 source files)

[RRepo](cornell-cup)cs-minibot
(cornell-cup)cs-minibot/minibot/scripts/SwarmTest.py:8: error: Missing parentheses in call to 'print'. Did you mean print("================== TESTING ==================")?  [syntax]
Found 1 error in 1 file (checked 32 source files)

[RRepo](aioworkers)aioworkers
(aioworkers)aioworkers/aioworkers/cli.py:14: error: No parent module -- cannot perform relative import  [misc]
Found 1 error in 1 file (checked 57 source files)

[RRepo](ghtmtt)DataPlotly
(ghtmtt)DataPlotly/DataPlotly/test/test_guiutils.py:47: error: Module has no attribute "makeSuite"  [attr-defined]
(ghtmtt)DataPlotly/DataPlotly/test/test_resources.py:39: error: Module has no attribute "makeSuite"  [attr-defined]
(ghtmtt)DataPlotly/DataPlotly/test/test_plot_settings.py:134: error: Module has no attribute "makeSuite"  [attr-defined]
(ghtmtt)DataPlotly/DataPlotly/test/test_data_plotly_dialog.py:227: error: Module has no attribute "makeSuite"  [attr-defined]
(ghtmtt)DataPlotly/DataPlotly/test/test_translations.py:53: error: Module has no attribute "makeSuite"  [attr-defined]
Found 5 errors in 5 files (checked 31 source files)

[RRepo](Antergos)whither
(Antergos)whither/whither/toolkits/qt/window.py: error: Duplicate module named 'window' (also at '/home/bew/archive/typed_project/(Antergos)whither/whither/toolkits/gtk/window.py')  [misc]
Found 1 error in 1 file (checked 14 source files)

[RRepo](AliceAndTheBuilders)es-tenso
(AliceAndTheBuilders)es-tenso/tenso/meta/destination.py:81: error: "None" has no attribute "info"  [attr-defined]
(AliceAndTheBuilders)es-tenso/tenso/meta/destination.py:89: error: "None" has no attribute "info"  [attr-defined]
(AliceAndTheBuilders)es-tenso/tenso/meta/destination.py:102: error: "None" has no attribute "info"  [attr-defined]
(AliceAndTheBuilders)es-tenso/tenso/meta/destination.py:107: error: "None" has no attribute "debug"  [attr-defined]

[RRepo](spbpython)kdpv_generator
(spbpython)kdpv_generator/kdpv_generator/tests/test_elements.py:4: error: Relative import climbs too many namespaces  [misc]
(spbpython)kdpv_generator/kdpv_generator/tests/test_generator.py:4: error: Relative import climbs too many namespaces  [misc]
(spbpython)kdpv_generator/run.py:3: error: Module 'kdpv_generator' has no attribute 'KDPVGenerator'  [attr-defined]
(spbpython)kdpv_generator/kdpv_generator/elements.py:71: error: Too many arguments for "__init__" of "Element"  [call-arg]
Found 4 errors in 4 files (checked 6 source files)

[RRepo](hltj)kotlin-web-site-cn
(hltj)kotlin-web-site-cn/src/grammar.py:86: error: "Sequence[str]" has no attribute "append"  [attr-defined]
(hltj)kotlin-web-site-cn/src/grammar.py:91: error: "Sequence[str]" has no attribute "append"  [attr-defined]

[RRepo](KDE)labplot
(KDE)labplot/tests/import_export/Ngspice/rawread.py:45: error: Invalid index type "str" for "Dict[bytes, bytes]"; expected type "bytes"  [index]
(KDE)labplot/tests/import_export/Ngspice/rawread.py:45: error: Incompatible types in assignment (expression has type "List[<nothing>]", target has type "bytes")  [assignment]
(KDE)labplot/tests/import_export/Ngspice/rawread.py:46: error: Invalid index type "str" for "Dict[bytes, bytes]"; expected type "bytes"  [index]
(KDE)labplot/tests/import_export/Ngspice/rawread.py:46: error: Incompatible types in assignment (expression has type "List[<nothing>]", target has type "bytes")  [assignment]
(KDE)labplot/tests/import_export/Ngspice/rawread.py:51: error: "bytes" has no attribute "append"  [attr-defined]
(KDE)labplot/tests/import_export/Ngspice/rawread.py:51: error: Invalid index type "str" for "Dict[bytes, bytes]"; expected type "bytes"  [index]
(KDE)labplot/tests/import_export/Ngspice/rawread.py:52: error: "bytes" has no attribute "append"  [attr-defined]
(KDE)labplot/tests/import_export/Ngspice/rawread.py:52: error: Invalid index type "str" for "Dict[bytes, bytes]"; expected type "bytes"  [index]
(KDE)labplot/tests/import_export/Ngspice/rawread.py:54: error: Invalid index type "str" for "Dict[bytes, bytes]"; expected type "bytes"  [index]
(KDE)labplot/admin/run-clang-tidy.py:58: error: Name 'queue' already defined (possibly by an import)  [no-redef]
Found 10 errors in 2 files (checked 2 source files)

[RRepo](matthiaskoenig)sbmlutils
(matthiaskoenig)sbmlutils/sbmlutils/dfba/utils.py: error: Duplicate module named 'utils' (also at '/home/bew/archive/typed_project/(matthiaskoenig)sbmlutils/sbmlutils/utils.py')  [misc]
(matthiaskoenig)sbmlutils/sbmlutils/dfba/utils.py: error: Are you missing an __init__.py?  [misc]
Found 2 errors in 1 file (checked 85 source files)

