[RRepo](cyberkov)home-assistant-config
Success: no issues found in 1 source file

[RRepo](leonidumanskiy)scheduledtask
(leonidumanskiy)scheduledtask/scheduledtask/utils.py:5: error: Invalid type comment or annotation  [valid-type]
(leonidumanskiy)scheduledtask/scheduledtask/utils.py:24: error: Invalid type comment or annotation  [valid-type]
(leonidumanskiy)scheduledtask/scheduledtask/utils.py:43: error: Invalid type comment or annotation  [valid-type]
(leonidumanskiy)scheduledtask/scheduledtask/utils.py:54: error: Invalid type comment or annotation  [valid-type]
Found 4 errors in 1 file (checked 2 source files)

[RRepo](cedricbonhomme)Stegano
Success: no issues found in 15 source files

[RRepo](lbryio)lbrycrd
(lbryio)lbrycrd/test/functional/test_framework/address.py:10: error: No parent module -- cannot perform relative import  [misc]
Found 1 error in 1 file (checked 24 source files)

[RRepo](danthelion)pyet
Success: no issues found in 1 source file

[RRepo](padmec-reservoir)ELLIPTIc
(padmec-reservoir)ELLIPTIc/examples/DSL_Example/src/DSL.py: error: Duplicate module named 'DSL' (also at '/home/bew/archive/typed_project/(padmec-reservoir)ELLIPTIc/elliptic/Kernel/DSL.py')  [misc]
(padmec-reservoir)ELLIPTIc/examples/DSL_Example/src/DSL.py: error: Are you missing an __init__.py?  [misc]
Found 2 errors in 1 file (checked 16 source files)

[RRepo](SectorLabs)django-localized-fields
(SectorLabs)django-localized-fields/localized_fields/admin.py:1: error: No parent module -- cannot perform relative import  [misc]
Found 1 error in 1 file (checked 37 source files)

[RRepo](saurabh1e)SuperFlaskSeed
(saurabh1e)SuperFlaskSeed/web/src/user/models.py: error: Duplicate module named 'models' (also at '/home/bew/archive/typed_project/(saurabh1e)SuperFlaskSeed/web/src/utils/models.py')  [misc]
Found 1 error in 1 file (checked 8 source files)

[RRepo](ulikoehler)UliEngineering
(ulikoehler)UliEngineering/tests/Electronics/TestTemperatureCoefficient.py:13: error: Assertion is always true, perhaps remove parentheses?  [misc]
(ulikoehler)UliEngineering/tests/Electronics/TestTemperatureCoefficient.py:19: error: Assertion is always true, perhaps remove parentheses?  [misc]
(ulikoehler)UliEngineering/tests/Electronics/TestVoltageDivider.py:43: error: Name 'test_feedback_voltage' already defined on line 38  [no-redef]
(ulikoehler)UliEngineering/tests/Physics/TestTemperature.py:41: error: Name 'InvalidUnitException' is not defined  [name-defined]
(ulikoehler)UliEngineering/tests/SignalProcessing/TestFilter.py:105: error: Name 'NotComputedException' is not defined  [name-defined]
(ulikoehler)UliEngineering/tests/SignalProcessing/TestFilter.py:110: error: Name 'NotComputedException' is not defined  [name-defined]
(ulikoehler)UliEngineering/tests/SignalProcessing/TestFilter.py:115: error: Name 'FilterUnstableError' is not defined  [name-defined]
(ulikoehler)UliEngineering/tests/SignalProcessing/TestFilter.py:126: error: Name 'NotComputedException' is not defined  [name-defined]
(ulikoehler)UliEngineering/tests/SignalProcessing/TestFilter.py:206: error: Name 'FilterInvalidError' is not defined  [name-defined]
(ulikoehler)UliEngineering/UliEngineering/Electronics/PowerFactor.py:11: error: Invalid type comment or annotation  [valid-type]
(ulikoehler)UliEngineering/UliEngineering/Electronics/PowerFactor.py:11: note: Suggestion: use Unit[...] instead of Unit(...)
(ulikoehler)UliEngineering/UliEngineering/Electronics/Crystal.py:18: error: Invalid type comment or annotation  [valid-type]
(ulikoehler)UliEngineering/UliEngineering/Electronics/Crystal.py:18: note: Suggestion: use Unit[...] instead of Unit(...)
(ulikoehler)UliEngineering/UliEngineering/Electronics/Crystal.py:49: error: Invalid type comment or annotation  [valid-type]
(ulikoehler)UliEngineering/UliEngineering/Electronics/Crystal.py:49: note: Suggestion: use Unit[...] instead of Unit(...)
(ulikoehler)UliEngineering/UliEngineering/Electronics/Crystal.py:85: error: Invalid type comment or annotation  [valid-type]
(ulikoehler)UliEngineering/UliEngineering/Electronics/Crystal.py:85: note: Suggestion: use Unit[...] instead of Unit(...)
(ulikoehler)UliEngineering/UliEngineering/Electronics/Crystal.py:90: error: Invalid type comment or annotation  [valid-type]
(ulikoehler)UliEngineering/UliEngineering/Electronics/Crystal.py:90: note: Suggestion: use Unit[...] instead of Unit(...)
(ulikoehler)UliEngineering/UliEngineering/Electronics/Crystal.py:106: error: Invalid type comment or annotation  [valid-type]
(ulikoehler)UliEngineering/UliEngineering/Electronics/Crystal.py:106: note: Suggestion: use Unit[...] instead of Unit(...)
(ulikoehler)UliEngineering/UliEngineering/Electronics/Crystal.py:122: error: Invalid type comment or annotation  [valid-type]
(ulikoehler)UliEngineering/UliEngineering/Electronics/Crystal.py:122: note: Suggestion: use Unit[...] instead of Unit(...)
(ulikoehler)UliEngineering/UliEngineering/Electronics/Crystal.py:138: error: Invalid type comment or annotation  [valid-type]
(ulikoehler)UliEngineering/UliEngineering/Electronics/Crystal.py:138: note: Suggestion: use Unit[...] instead of Unit(...)
(ulikoehler)UliEngineering/UliEngineering/Electronics/Crystal.py:154: error: Invalid type comment or annotation  [valid-type]
(ulikoehler)UliEngineering/UliEngineering/Electronics/Crystal.py:154: note: Suggestion: use Unit[...] instead of Unit(...)
(ulikoehler)UliEngineering/UliEngineering/Electronics/Inductors.py:12: error: Invalid type comment or annotation  [valid-type]
(ulikoehler)UliEngineering/UliEngineering/Electronics/Inductors.py:12: note: Suggestion: use Unit[...] instead of Unit(...)
(ulikoehler)UliEngineering/UliEngineering/Electronics/MOSFET.py:12: error: Invalid type comment or annotation  [valid-type]
(ulikoehler)UliEngineering/UliEngineering/Electronics/MOSFET.py:12: note: Suggestion: use Unit[...] instead of Unit(...)
(ulikoehler)UliEngineering/UliEngineering/Electronics/MOSFET.py:35: error: Invalid type comment or annotation  [valid-type]
(ulikoehler)UliEngineering/UliEngineering/Electronics/MOSFET.py:35: note: Suggestion: use Unit[...] instead of Unit(...)
(ulikoehler)UliEngineering/UliEngineering/Electronics/VoltageDivider.py:19: error: Invalid type comment or annotation  [valid-type]
(ulikoehler)UliEngineering/UliEngineering/Electronics/VoltageDivider.py:19: note: Suggestion: use Unit[...] instead of Unit(...)
(ulikoehler)UliEngineering/UliEngineering/Electronics/VoltageDivider.py:27: error: Name 'parallel_resistors' is not defined  [name-defined]
(ulikoehler)UliEngineering/UliEngineering/Electronics/VoltageDivider.py:29: error: Invalid type comment or annotation  [valid-type]
(ulikoehler)UliEngineering/UliEngineering/Electronics/VoltageDivider.py:29: note: Suggestion: use Unit[...] instead of Unit(...)
(ulikoehler)UliEngineering/UliEngineering/Electronics/VoltageDivider.py:38: error: Invalid type comment or annotation  [valid-type]
(ulikoehler)UliEngineering/UliEngineering/Electronics/VoltageDivider.py:38: note: Suggestion: use Unit[...] instead of Unit(...)
(ulikoehler)UliEngineering/UliEngineering/Electronics/VoltageDivider.py:50: error: Name 'current_through_resistor' is not defined  [name-defined]
(ulikoehler)UliEngineering/UliEngineering/Electronics/VoltageDivider.py:92: error: Invalid type comment or annotation  [valid-type]
(ulikoehler)UliEngineering/UliEngineering/Electronics/VoltageDivider.py:92: note: Suggestion: use Unit[...] instead of Unit(...)
(ulikoehler)UliEngineering/UliEngineering/Electronics/VoltageDivider.py:101: error: Invalid type comment or annotation  [valid-type]
(ulikoehler)UliEngineering/UliEngineering/Electronics/VoltageDivider.py:101: note: Suggestion: use Unit[...] instead of Unit(...)
(ulikoehler)UliEngineering/UliEngineering/Electronics/VoltageDivider.py:110: error: Invalid type comment or annotation  [valid-type]
(ulikoehler)UliEngineering/UliEngineering/Electronics/VoltageDivider.py:110: note: Suggestion: use Unit[...] instead of Unit(...)
(ulikoehler)UliEngineering/UliEngineering/Electronics/VoltageDivider.py:132: error: Name 'parallel_resistors' is not defined  [name-defined]
(ulikoehler)UliEngineering/UliEngineering/Electronics/VoltageDivider.py:134: error: Invalid type comment or annotation  [valid-type]
(ulikoehler)UliEngineering/UliEngineering/Electronics/VoltageDivider.py:134: note: Suggestion: use Unit[...] instead of Unit(...)
(ulikoehler)UliEngineering/UliEngineering/Electronics/VoltageDivider.py:155: error: Invalid type comment or annotation  [valid-type]
(ulikoehler)UliEngineering/UliEngineering/Electronics/VoltageDivider.py:155: note: Suggestion: use Unit[...] instead of Unit(...)
(ulikoehler)UliEngineering/UliEngineering/Electronics/VoltageDivider.py:171: error: Name 'parallel_resistors' is not defined  [name-defined]
(ulikoehler)UliEngineering/UliEngineering/Electronics/Power.py:11: error: Invalid type comment or annotation  [valid-type]
(ulikoehler)UliEngineering/UliEngineering/Electronics/Power.py:11: note: Suggestion: use Unit[...] instead of Unit(...)
(ulikoehler)UliEngineering/UliEngineering/Electronics/Power.py:21: error: Invalid type comment or annotation  [valid-type]
(ulikoehler)UliEngineering/UliEngineering/Electronics/Power.py:21: note: Suggestion: use Unit[...] instead of Unit(...)
(ulikoehler)UliEngineering/UliEngineering/Electronics/Capacitors.py:9: error: Invalid type comment or annotation  [valid-type]
(ulikoehler)UliEngineering/UliEngineering/Electronics/Capacitors.py:9: note: Suggestion: use Unit[...] instead of Unit(...)
(ulikoehler)UliEngineering/UliEngineering/Electronics/Capacitors.py:27: error: Invalid type comment or annotation  [valid-type]
(ulikoehler)UliEngineering/UliEngineering/Electronics/Capacitors.py:27: note: Suggestion: use Unit[...] instead of Unit(...)
(ulikoehler)UliEngineering/UliEngineering/Electronics/Capacitors.py:39: error: Invalid type comment or annotation  [valid-type]
(ulikoehler)UliEngineering/UliEngineering/Electronics/Capacitors.py:39: note: Suggestion: use Unit[...] instead of Unit(...)
(ulikoehler)UliEngineering/UliEngineering/Electronics/Reactance.py:14: error: Invalid type comment or annotation  [valid-type]
(ulikoehler)UliEngineering/UliEngineering/Electronics/Reactance.py:14: note: Suggestion: use Unit[...] instead of Unit(...)
(ulikoehler)UliEngineering/UliEngineering/Electronics/Reactance.py:23: error: Invalid type comment or annotation  [valid-type]
(ulikoehler)UliEngineering/UliEngineering/Electronics/Reactance.py:23: note: Suggestion: use Unit[...] instead of Unit(...)
(ulikoehler)UliEngineering/UliEngineering/Electronics/OpAmp.py:16: error: Invalid type comment or annotation  [valid-type]
(ulikoehler)UliEngineering/UliEngineering/Electronics/OpAmp.py:16: note: Suggestion: use Unit[...] instead of Unit(...)
(ulikoehler)UliEngineering/UliEngineering/Electronics/LED.py:39: error: Invalid type comment or annotation  [valid-type]
(ulikoehler)UliEngineering/UliEngineering/Electronics/LED.py:39: note: Suggestion: use Unit[...] instead of Unit(...)
(ulikoehler)UliEngineering/UliEngineering/Physics/Frequency.py:13: error: Invalid type comment or annotation  [valid-type]
(ulikoehler)UliEngineering/UliEngineering/Physics/Frequency.py:13: note: Suggestion: use Unit[...] instead of Unit(...)
(ulikoehler)UliEngineering/UliEngineering/Physics/Frequency.py:27: error: Invalid type comment or annotation  [valid-type]
(ulikoehler)UliEngineering/UliEngineering/Physics/Frequency.py:27: note: Suggestion: use Unit[...] instead of Unit(...)
(ulikoehler)UliEngineering/UliEngineering/Physics/NTC.py:17: error: Invalid type comment or annotation  [valid-type]
(ulikoehler)UliEngineering/UliEngineering/Physics/NTC.py:17: note: Suggestion: use Unit[...] instead of Unit(...)
(ulikoehler)UliEngineering/UliEngineering/Physics/RF.py:14: error: Invalid type comment or annotation  [valid-type]
(ulikoehler)UliEngineering/UliEngineering/Physics/RF.py:14: note: Suggestion: use Unit[...] instead of Unit(...)
(ulikoehler)UliEngineering/UliEngineering/Physics/RF.py:30: error: Invalid type comment or annotation  [valid-type]
(ulikoehler)UliEngineering/UliEngineering/Physics/RF.py:30: note: Suggestion: use Unit[...] instead of Unit(...)
(ulikoehler)UliEngineering/UliEngineering/Physics/RF.py:47: error: Invalid type comment or annotation  [valid-type]
(ulikoehler)UliEngineering/UliEngineering/Physics/RF.py:47: note: Suggestion: use Unit[...] instead of Unit(...)
(ulikoehler)UliEngineering/UliEngineering/Physics/RF.py:65: error: Invalid type comment or annotation  [valid-type]
(ulikoehler)UliEngineering/UliEngineering/Physics/RF.py:65: note: Suggestion: use Unit[...] instead of Unit(...)
(ulikoehler)UliEngineering/UliEngineering/Physics/NoiseDensity.py:10: error: Invalid type comment or annotation  [valid-type]
(ulikoehler)UliEngineering/UliEngineering/Physics/NoiseDensity.py:10: note: Suggestion: use Unit[...] instead of Unit(...)
(ulikoehler)UliEngineering/UliEngineering/Physics/NoiseDensity.py:23: error: Invalid type comment or annotation  [valid-type]
(ulikoehler)UliEngineering/UliEngineering/Physics/NoiseDensity.py:23: note: Suggestion: use Unit[...] instead of Unit(...)
(ulikoehler)UliEngineering/UliEngineering/Physics/Temperature.py:21: error: Invalid type comment or annotation  [valid-type]
(ulikoehler)UliEngineering/UliEngineering/Physics/Temperature.py:21: note: Suggestion: use Unit[...] instead of Unit(...)
(ulikoehler)UliEngineering/UliEngineering/Physics/Temperature.py:25: error: Invalid type comment or annotation  [valid-type]
(ulikoehler)UliEngineering/UliEngineering/Physics/Temperature.py:25: note: Suggestion: use Unit[...] instead of Unit(...)
(ulikoehler)UliEngineering/UliEngineering/Physics/Temperature.py:29: error: Invalid type comment or annotation  [valid-type]
(ulikoehler)UliEngineering/UliEngineering/Physics/Temperature.py:29: note: Suggestion: use Unit[...] instead of Unit(...)
(ulikoehler)UliEngineering/UliEngineering/Physics/Temperature.py:33: error: Invalid type comment or annotation  [valid-type]
(ulikoehler)UliEngineering/UliEngineering/Physics/Temperature.py:33: note: Suggestion: use Unit[...] instead of Unit(...)
(ulikoehler)UliEngineering/UliEngineering/Physics/Temperature.py:36: error: Invalid type comment or annotation  [valid-type]
(ulikoehler)UliEngineering/UliEngineering/Physics/Temperature.py:36: note: Suggestion: use Unit[...] instead of Unit(...)
(ulikoehler)UliEngineering/UliEngineering/Physics/Temperature.py:60: error: Invalid type comment or annotation  [valid-type]
(ulikoehler)UliEngineering/UliEngineering/Physics/Temperature.py:60: note: Suggestion: use Unit[...] instead of Unit(...)
(ulikoehler)UliEngineering/UliEngineering/Physics/Temperature.py:64: error: Invalid type comment or annotation  [valid-type]
(ulikoehler)UliEngineering/UliEngineering/Physics/Temperature.py:64: note: Suggestion: use Unit[...] instead of Unit(...)
(ulikoehler)UliEngineering/UliEngineering/Math/Decibel.py:22: error: Invalid type comment or annotation  [valid-type]
(ulikoehler)UliEngineering/UliEngineering/Math/Decibel.py:22: note: Suggestion: use Unit[...] instead of Unit(...)
(ulikoehler)UliEngineering/UliEngineering/Math/Decibel.py:57: error: Invalid type comment or annotation  [valid-type]
(ulikoehler)UliEngineering/UliEngineering/Math/Decibel.py:57: note: Suggestion: use Unit[...] instead of Unit(...)
(ulikoehler)UliEngineering/UliEngineering/Math/Decibel.py:72: error: Invalid type comment or annotation  [valid-type]
(ulikoehler)UliEngineering/UliEngineering/Math/Decibel.py:72: note: Suggestion: use Unit[...] instead of Unit(...)
(ulikoehler)UliEngineering/UliEngineering/Math/Decibel.py:88: error: Invalid type comment or annotation  [valid-type]
(ulikoehler)UliEngineering/UliEngineering/Math/Decibel.py:88: note: Suggestion: use Unit[...] instead of Unit(...)
(ulikoehler)UliEngineering/UliEngineering/Math/Decibel.py:97: error: Invalid type comment or annotation  [valid-type]
(ulikoehler)UliEngineering/UliEngineering/Math/Decibel.py:97: note: Suggestion: use Unit[...] instead of Unit(...)
(ulikoehler)UliEngineering/UliEngineering/Math/Decibel.py:106: error: Invalid type comment or annotation  [valid-type]
(ulikoehler)UliEngineering/UliEngineering/Math/Decibel.py:106: note: Suggestion: use Unit[...] instead of Unit(...)
(ulikoehler)UliEngineering/UliEngineering/Length.py:50: error: Invalid type comment or annotation  [valid-type]
(ulikoehler)UliEngineering/UliEngineering/Length.py:50: note: Suggestion: use Unit[...] instead of Unit(...)
(ulikoehler)UliEngineering/UliEngineering/Length.py:58: error: Invalid type comment or annotation  [valid-type]
(ulikoehler)UliEngineering/UliEngineering/Length.py:58: note: Suggestion: use Unit[...] instead of Unit(...)
(ulikoehler)UliEngineering/tests/Math/TestGeometry.py:45: error: Name 'test_polygon_area_rectangle' already defined on line 37  [no-redef]
(ulikoehler)UliEngineering/tests/Utils/TestNumPy.py:67: error: Name 'test_ngrams2' already defined on line 54  [no-redef]
(ulikoehler)UliEngineering/tests/Utils/TestNumPy.py:102: error: Name 'test_timedelta64_resolution' already defined on line 91  [no-redef]
(ulikoehler)UliEngineering/tests/TestEngineerIO.py:165: error: Name 'test_exp_suffix_map' already defined on line 153  [no-redef]
(ulikoehler)UliEngineering/tests/TestEngineerIO.py:190: error: Name 'test_normalize_numeric_invalid' already defined on line 56  [no-redef]
(ulikoehler)UliEngineering/tests/TestEngineerIO.py:210: error: Name 'UnannotatedReturnValueError' is not defined  [name-defined]
(ulikoehler)UliEngineering/UliEngineering/Electronics/Resistors.py:42: error: Invalid type comment or annotation  [valid-type]
(ulikoehler)UliEngineering/UliEngineering/Electronics/Resistors.py:42: note: Suggestion: use Unit[...] instead of Unit(...)
(ulikoehler)UliEngineering/UliEngineering/Electronics/Resistors.py:58: error: Invalid type comment or annotation  [valid-type]
(ulikoehler)UliEngineering/UliEngineering/Electronics/Resistors.py:58: note: Suggestion: use Unit[...] instead of Unit(...)
(ulikoehler)UliEngineering/UliEngineering/Electronics/Resistors.py:74: error: Invalid type comment or annotation  [valid-type]
(ulikoehler)UliEngineering/UliEngineering/Electronics/Resistors.py:74: note: Suggestion: use Unit[...] instead of Unit(...)
(ulikoehler)UliEngineering/UliEngineering/Electronics/Resistors.py:91: error: Invalid type comment or annotation  [valid-type]
(ulikoehler)UliEngineering/UliEngineering/Electronics/Resistors.py:91: note: Suggestion: use Unit[...] instead of Unit(...)
(ulikoehler)UliEngineering/UliEngineering/Electronics/Resistors.py:123: error: Invalid type comment or annotation  [valid-type]
(ulikoehler)UliEngineering/UliEngineering/Electronics/Resistors.py:123: note: Suggestion: use Unit[...] instead of Unit(...)
(ulikoehler)UliEngineering/UliEngineering/Electronics/Resistors.py:129: error: Invalid type comment or annotation  [valid-type]
(ulikoehler)UliEngineering/UliEngineering/Electronics/Resistors.py:129: note: Suggestion: use Unit[...] instead of Unit(...)
(ulikoehler)UliEngineering/UliEngineering/Electronics/Resistors.py:137: error: Invalid type comment or annotation  [valid-type]
(ulikoehler)UliEngineering/UliEngineering/Electronics/Resistors.py:137: note: Suggestion: use Unit[...] instead of Unit(...)
(ulikoehler)UliEngineering/UliEngineering/Electronics/Resistors.py:146: error: Invalid type comment or annotation  [valid-type]
(ulikoehler)UliEngineering/UliEngineering/Electronics/Resistors.py:146: note: Suggestion: use Unit[...] instead of Unit(...)
(ulikoehler)UliEngineering/UliEngineering/Electronics/Microstrip.py:37: error: Invalid type comment or annotation  [valid-type]
(ulikoehler)UliEngineering/UliEngineering/Electronics/Microstrip.py:37: note: Suggestion: use Unit[...] instead of Unit(...)
(ulikoehler)UliEngineering/UliEngineering/Electronics/Microstrip.py:81: error: Invalid type comment or annotation  [valid-type]
(ulikoehler)UliEngineering/UliEngineering/Electronics/Microstrip.py:81: note: Suggestion: use Unit[...] instead of Unit(...)
(ulikoehler)UliEngineering/UliEngineering/Physics/RTD.py:39: error: Invalid type comment or annotation  [valid-type]
(ulikoehler)UliEngineering/UliEngineering/Physics/RTD.py:39: note: Suggestion: use Unit[...] instead of Unit(...)
(ulikoehler)UliEngineering/UliEngineering/Physics/RTD.py:50: error: Unsupported operand types for > ("float" and "Number")  [operator]
(ulikoehler)UliEngineering/UliEngineering/Physics/RTD.py:56: error: Invalid type comment or annotation  [valid-type]
(ulikoehler)UliEngineering/UliEngineering/Physics/RTD.py:56: note: Suggestion: use Unit[...] instead of Unit(...)
(ulikoehler)UliEngineering/UliEngineering/SignalProcessing/Simulation.py:61: error: Incompatible types in assignment (expression has type "Callable[[VarArg(Any), KwArg(Any)], Any]", variable has type "partial[Any]")  [assignment]
(ulikoehler)UliEngineering/UliEngineering/SignalProcessing/Simulation.py:62: error: Incompatible types in assignment (expression has type "Callable[[VarArg(Any), KwArg(Any)], Any]", variable has type "partial[Any]")  [assignment]
(ulikoehler)UliEngineering/UliEngineering/SignalProcessing/Simulation.py:63: error: Incompatible types in assignment (expression has type "Callable[[VarArg(Any), KwArg(Any)], Any]", variable has type "partial[Any]")  [assignment]
(ulikoehler)UliEngineering/UliEngineering/SignalProcessing/Simulation.py:64: error: Incompatible types in assignment (expression has type "Callable[[VarArg(Any), KwArg(Any)], Any]", variable has type "partial[Any]")  [assignment]
(ulikoehler)UliEngineering/UliEngineering/Physics/JohnsonNyquistNoise.py:27: error: Invalid type comment or annotation  [valid-type]
(ulikoehler)UliEngineering/UliEngineering/Physics/JohnsonNyquistNoise.py:27: note: Suggestion: use Unit[...] instead of Unit(...)
(ulikoehler)UliEngineering/UliEngineering/Physics/JohnsonNyquistNoise.py:40: error: Invalid type comment or annotation  [valid-type]
(ulikoehler)UliEngineering/UliEngineering/Physics/JohnsonNyquistNoise.py:40: note: Suggestion: use Unit[...] instead of Unit(...)
(ulikoehler)UliEngineering/tests/SignalProcessing/TestWindow.py:23: error: Name 'testWindowFunctor' already defined on line 12  [no-redef]
(ulikoehler)UliEngineering/tests/SignalProcessing/TestSimulation.py:50: error: Name 'sine_wave' is not defined  [name-defined]
(ulikoehler)UliEngineering/tests/SignalProcessing/TestSimulation.py:51: error: Name 'cosine_wave' is not defined  [name-defined]
(ulikoehler)UliEngineering/tests/SignalProcessing/TestSimulation.py:52: error: Name 'square_wave' is not defined  [name-defined]
(ulikoehler)UliEngineering/tests/SignalProcessing/TestSimulation.py:53: error: Name 'triangle_wave' is not defined  [name-defined]
(ulikoehler)UliEngineering/tests/SignalProcessing/TestSimulation.py:54: error: Name 'sawtooth' is not defined  [name-defined]
(ulikoehler)UliEngineering/tests/SignalProcessing/TestSimulation.py:55: error: Name 'inverse_sawtooth' is not defined  [name-defined]
Found 98 errors in 31 files (checked 101 source files)

[RRepo](flopp)unicode-explorer
Success: no issues found in 4 source files

[RRepo](jamesacampbell)python-examples
(jamesacampbell)python-examples/tor-example.py:29: error: Cannot assign to a type  [misc]
(jamesacampbell)python-examples/tor-example.py:48: error: Module has no attribute "error"  [attr-defined]
(jamesacampbell)python-examples/stem_tor-example.py:16: error: Cannot find replacement for positional format specifier 1  [str-format]
Found 3 errors in 2 files (checked 26 source files)

[RRepo](Techcable)DiffUtils
(Techcable)DiffUtils/diffutils/api.py:17: error: No parent module -- cannot perform relative import  [misc]
Found 1 error in 1 file (checked 8 source files)

[RRepo](idaks)PW-explorer
(idaks)PW-explorer/PW_explorer/Input_Parsers/Meta_Data_Parser/meta_data_parser.py: error: Duplicate module named 'meta_data_parser' (also at '/home/bew/archive/typed_project/(idaks)PW-explorer/PW_explorer/meta_data_parser.py')  [misc]
(idaks)PW-explorer/PW_explorer/Input_Parsers/Meta_Data_Parser/meta_data_parser.py: error: Are you missing an __init__.py?  [misc]
Found 2 errors in 1 file (checked 25 source files)

[RRepo](Debith)py3traits
(Debith)py3traits/tests/utils.py: error: Duplicate module named 'utils' (also at '/home/bew/archive/typed_project/(Debith)py3traits/src/pytraits/support/utils.py')  [misc]
(Debith)py3traits/tests/utils.py: error: Are you missing an __init__.py?  [misc]
Found 2 errors in 1 file (checked 50 source files)

[RRepo](snakeleon)YouCompleteMe-x86
(snakeleon)YouCompleteMe-x86/third_party/ycmd/run_tests.py: error: Duplicate module named 'run_tests' (also at '/home/bew/archive/typed_project/(snakeleon)YouCompleteMe-x86/run_tests.py')  [misc]
(snakeleon)YouCompleteMe-x86/third_party/ycmd/run_tests.py: error: Are you missing an __init__.py?  [misc]
Found 2 errors in 1 file (checked 310 source files)

[RRepo](dmlc)mxnet
(dmlc)mxnet/python/mxnet/contrib/onnx/onnx2mx/_translation_utils.py:22: error: No parent module -- cannot perform relative import  [misc]
(dmlc)mxnet/python/mxnet/contrib/onnx/onnx2mx/_translation_utils.py:23: error: No parent module -- cannot perform relative import  [misc]
(dmlc)mxnet/python/mxnet/contrib/onnx/onnx2mx/_translation_utils.py:24: error: No parent module -- cannot perform relative import  [misc]
(dmlc)mxnet/python/mxnet/contrib/onnx/onnx2mx/_translation_utils.py:25: error: No parent module -- cannot perform relative import  [misc]
(dmlc)mxnet/python/mxnet/contrib/onnx/onnx2mx/_translation_utils.py:26: error: No parent module -- cannot perform relative import  [misc]
Found 5 errors in 1 file (checked 35 source files)

[RRepo](renskiy)fabricio
(renskiy)fabricio/examples/service/kubernetes/fabfile.py: error: Duplicate module named 'fabfile' (also at '/home/bew/archive/typed_project/(renskiy)fabricio/examples/service/stack/fabfile.py')  [misc]
Found 1 error in 1 file (checked 20 source files)

[RRepo](wright-group)WrightTools
(wright-group)WrightTools/WrightTools/_group.py:21: error: No parent module -- cannot perform relative import  [misc]
(wright-group)WrightTools/WrightTools/_group.py:22: error: No parent module -- cannot perform relative import  [misc]
(wright-group)WrightTools/WrightTools/_group.py:23: error: No parent module -- cannot perform relative import  [misc]
Found 3 errors in 1 file (checked 137 source files)

[RRepo](apache)ignite
(apache)ignite/modules/platforms/python/pyignite/api/binary.py: error: Duplicate module named 'binary' (also at '/home/bew/archive/typed_project/(apache)ignite/modules/platforms/python/pyignite/binary.py')  [misc]
(apache)ignite/modules/platforms/python/pyignite/api/binary.py: error: Are you missing an __init__.py?  [misc]
Found 2 errors in 1 file (checked 32 source files)

[RRepo](shobute)go-slack
(shobute)go-slack/goban.py:51: error: Need type annotation for 'votes' (hint: "votes: Dict[<type>, <type>] = ...")  [var-annotated]
(shobute)go-slack/goban.py:56: error: Argument 1 to "update" of "dict" has incompatible type "Dict[Tuple[int, int], None]"; expected "Mapping[str, str]"  [arg-type]
(shobute)go-slack/goban.py:148: error: Incompatible types in assignment (expression has type "str", target has type "None")  [assignment]
(shobute)go-slack/goban.py:174: error: Cannot access "__init__" directly  [misc]
(shobute)go-slack/goban.py:197: error: Incompatible return value type (got "int", expected "bool")  [return-value]
(shobute)go-slack/gobot.py:63: error: Incompatible types in assignment (expression has type "float", variable has type "int")  [assignment]
(shobute)go-slack/gobot.py:105: error: Incompatible return value type (got "Match[str]", expected "bool")  [return-value]
Found 7 errors in 2 files (checked 3 source files)

[RRepo](mrgambal)vulyk
(mrgambal)vulyk/vulyk/blueprints/gamification/core/foundations.py: error: Duplicate module named 'foundations' (also at '/home/bew/archive/typed_project/(mrgambal)vulyk/vulyk/blueprints/gamification/models/foundations.py')  [misc]
Found 1 error in 1 file (checked 53 source files)

[RRepo](akapur)pyiqfeed
Success: no issues found in 3 source files

[RRepo](adamcharnock)lightbus
(adamcharnock)lightbus/lightbus/utilities/config.py: error: Duplicate module named 'config' (also at '/home/bew/archive/typed_project/(adamcharnock)lightbus/lightbus/config/config.py')  [misc]
Found 1 error in 1 file (checked 104 source files)

[RRepo](nooperpudd)quantbube
(nooperpudd)quantbube/quantbube/strategy/base.py: error: Duplicate module named 'base' (also at '/home/bew/archive/typed_project/(nooperpudd)quantbube/quantbube/timeseries/backends/base.py')  [misc]
(nooperpudd)quantbube/quantbube/strategy/base.py: error: Are you missing an __init__.py?  [misc]
Found 2 errors in 1 file (checked 23 source files)

[RRepo](phanrahan)magmathon
(phanrahan)magmathon/examples/uart/txmod.py:8: error: Invalid type comment or annotation  [valid-type]
(phanrahan)magmathon/examples/uart/txmod.py:8: note: Suggestion: use m.Bits[...] instead of m.Bits(...)
(phanrahan)magmathon/examples/uart/txmod.py:11: error: Invalid type comment or annotation  [valid-type]
(phanrahan)magmathon/examples/uart/txmod.py:11: note: Suggestion: use m.Bits[...] instead of m.Bits(...)
(phanrahan)magmathon/examples/uart/txmod.py:12: error: Invalid type comment or annotation  [valid-type]
(phanrahan)magmathon/examples/uart/txmod.py:12: note: Suggestion: use m.Bits[...] instead of m.Bits(...)
(phanrahan)magmathon/examples/uart/txmod.py:13: error: Invalid type comment or annotation  [valid-type]
(phanrahan)magmathon/examples/uart/txmod.py:13: note: Suggestion: use m.Bits[...] instead of m.Bits(...)
(phanrahan)magmathon/examples/uart/txmod.py:13: error: Syntax error in type annotation  [syntax]
(phanrahan)magmathon/examples/uart/txmod.py:13: note: Suggestion: Use Tuple[T1, ..., Tn] instead of (T1, ..., Tn)
(phanrahan)magmathon/examples/coreir-tutorial/functionality.py:49: error: Name 'get_ipython' is not defined  [name-defined]
(phanrahan)magmathon/examples/coreir-tutorial/shift_register.py:29: error: Name 'get_ipython' is not defined  [name-defined]
(phanrahan)magmathon/examples/coreir-tutorial/full_adder.py:32: error: Name 'get_ipython' is not defined  [name-defined]
(phanrahan)magmathon/examples/coreir-tutorial/full_adder.py:39: error: Name 'get_ipython' is not defined  [name-defined]
(phanrahan)magmathon/examples/coreir-tutorial/adder.py:39: error: Name 'get_ipython' is not defined  [name-defined]
(phanrahan)magmathon/examples/coreir-tutorial/combinational.py:38: error: Name 'get_ipython' is not defined  [name-defined]
(phanrahan)magmathon/projects/digits_recognition/modules.py:71: error: Name 'Circuit' is not defined  [name-defined]
(phanrahan)magmathon/projects/digits_recognition/modules.py:73: error: Name 'In' is not defined  [name-defined]
(phanrahan)magmathon/projects/digits_recognition/modules.py:73: error: Name 'Clock' is not defined  [name-defined]
(phanrahan)magmathon/projects/digits_recognition/modules.py:73: error: Name 'Out' is not defined  [name-defined]
(phanrahan)magmathon/projects/digits_recognition/modules.py:73: error: Name 'Bits' is not defined  [name-defined]
(phanrahan)magmathon/projects/digits_recognition/modules.py:74: error: Name 'Out' is not defined  [name-defined]
(phanrahan)magmathon/projects/digits_recognition/modules.py:74: error: Name 'Bits' is not defined  [name-defined]
(phanrahan)magmathon/projects/digits_recognition/modules.py:108: error: Name 'Circuit' is not defined  [name-defined]
(phanrahan)magmathon/projects/digits_recognition/modules.py:110: error: Name 'In' is not defined  [name-defined]
(phanrahan)magmathon/projects/digits_recognition/modules.py:110: error: Name 'Bits' is not defined  [name-defined]
(phanrahan)magmathon/projects/digits_recognition/modules.py:110: error: Name 'Clock' is not defined  [name-defined]
(phanrahan)magmathon/projects/digits_recognition/modules.py:111: error: Name 'Out' is not defined  [name-defined]
(phanrahan)magmathon/projects/digits_recognition/modules.py:111: error: Name 'Bits' is not defined  [name-defined]
(phanrahan)magmathon/projects/digits_recognition/modules.py:132: error: Name 'Circuit' is not defined  [name-defined]
(phanrahan)magmathon/projects/digits_recognition/modules.py:135: error: Name 'In' is not defined  [name-defined]
(phanrahan)magmathon/projects/digits_recognition/modules.py:135: error: Name 'Bits' is not defined  [name-defined]
(phanrahan)magmathon/projects/digits_recognition/modules.py:135: error: Name 'Clock' is not defined  [name-defined]
(phanrahan)magmathon/projects/digits_recognition/modules.py:136: error: Name 'Out' is not defined  [name-defined]
(phanrahan)magmathon/projects/digits_recognition/modules.py:136: error: Name 'Bits' is not defined  [name-defined]
(phanrahan)magmathon/projects/digits_recognition/modules.py:157: error: Name 'Circuit' is not defined  [name-defined]
(phanrahan)magmathon/projects/digits_recognition/modules.py:159: error: Name 'In' is not defined  [name-defined]
(phanrahan)magmathon/projects/digits_recognition/modules.py:159: error: Name 'Bits' is not defined  [name-defined]
(phanrahan)magmathon/projects/digits_recognition/modules.py:159: error: Name 'Out' is not defined  [name-defined]
(phanrahan)magmathon/projects/digits_recognition/modules.py:172: error: Name 'Circuit' is not defined  [name-defined]
(phanrahan)magmathon/projects/digits_recognition/modules.py:174: error: Name 'In' is not defined  [name-defined]
(phanrahan)magmathon/projects/digits_recognition/modules.py:174: error: Name 'Bits' is not defined  [name-defined]
(phanrahan)magmathon/projects/digits_recognition/modules.py:174: error: Name 'Out' is not defined  [name-defined]
(phanrahan)magmathon/projects/digits_recognition/modules.py:192: error: Name 'Circuit' is not defined  [name-defined]
(phanrahan)magmathon/projects/digits_recognition/modules.py:194: error: Name 'In' is not defined  [name-defined]
(phanrahan)magmathon/projects/digits_recognition/modules.py:194: error: Name 'Bits' is not defined  [name-defined]
(phanrahan)magmathon/projects/digits_recognition/modules.py:194: error: Name 'Out' is not defined  [name-defined]
(phanrahan)magmathon/projects/digits_recognition/modules.py:224: error: Name 'Circuit' is not defined  [name-defined]
(phanrahan)magmathon/projects/digits_recognition/modules.py:226: error: Name 'In' is not defined  [name-defined]
(phanrahan)magmathon/projects/digits_recognition/modules.py:226: error: Name 'Bits' is not defined  [name-defined]
(phanrahan)magmathon/projects/digits_recognition/modules.py:226: error: Name 'Clock' is not defined  [name-defined]
(phanrahan)magmathon/projects/digits_recognition/modules.py:226: error: Name 'Out' is not defined  [name-defined]
(phanrahan)magmathon/projects/digits_recognition/modules.py:243: error: Name 'Circuit' is not defined  [name-defined]
(phanrahan)magmathon/projects/digits_recognition/modules.py:245: error: Name 'In' is not defined  [name-defined]
(phanrahan)magmathon/projects/digits_recognition/modules.py:245: error: Name 'Clock' is not defined  [name-defined]
(phanrahan)magmathon/projects/digits_recognition/modules.py:245: error: Name 'Out' is not defined  [name-defined]
(phanrahan)magmathon/projects/digits_recognition/modules.py:245: error: Name 'Bits' is not defined  [name-defined]
(phanrahan)magmathon/projects/digits_recognition/modules.py:245: error: Name 'Bit' is not defined  [name-defined]
(phanrahan)magmathon/examples/coreir-tutorial/simple_alu.py:41: error: Name 'get_ipython' is not defined  [name-defined]
Found 54 errors in 8 files (checked 14 source files)

[RRepo](HBPNeurorobotics)BlenderRobotDesigner
(HBPNeurorobotics)BlenderRobotDesigner/robot_designer_plugin/interface/segments.py:44: error: No parent module -- cannot perform relative import  [misc]
Found 1 error in 1 file (checked 45 source files)

[RRepo](MaT1g3R)Roboragi
(MaT1g3R)Roboragi/roboragi/data_controller/abc.py:1: error: Module 'abc' has no attribute 'ABCMeta'  [attr-defined]
(MaT1g3R)Roboragi/roboragi/data_controller/abc.py:1: error: Module 'abc' has no attribute 'abstractmethod'  [attr-defined]

[RRepo](lablup)sorna-client
(lablup)sorna-client/src/ai/backend/client/keypair.py:150: error: Incompatible types in assignment (expression has type "Union[int, str]", target has type "bool")  [assignment]
(lablup)sorna-client/setup.py:36: error: Unsupported operand types for + ("List[<nothing>]" and "List[str]")  [operator]
(lablup)sorna-client/src/ai/backend/client/compat.py:28: error: Module has no attribute "get_running_loop"; maybe "_get_running_loop" or "_set_running_loop"?  [attr-defined]
(lablup)sorna-client/src/ai/backend/client/compat.py:34: error: Module has no attribute "all_tasks"  [attr-defined]
(lablup)sorna-client/src/ai/backend/client/compat.py:75: error: Module has no attribute "run"  [attr-defined]
(lablup)sorna-client/src/ai/backend/client/config.py:155: error: Incompatible return value type (got "List[Union[str, Any]]", expected "Tuple[str, ...]")  [return-value]
(lablup)sorna-client/src/ai/backend/client/__init__.py:5: error: Name 'exceptions' is not defined  [name-defined]
(lablup)sorna-client/src/ai/backend/client/__init__.py:6: error: Name 'session' is not defined  [name-defined]
(lablup)sorna-client/src/ai/backend/client/cli/proxy.py:26: error: Need type annotation for 'upstream_buffer'  [var-annotated]
Found 9 errors in 6 files (checked 51 source files)

[RRepo](tommz9)wrf_runner
(tommz9)wrf_runner/src/wrf_runner/linkgrib.py:66: error: Incompatible types in assignment (expression has type "Iterator[str]", variable has type "List[str]")  [assignment]
(tommz9)wrf_runner/src/wrf_runner/wps.py:61: error: Need type annotation for 'patch'  [var-annotated]
(tommz9)wrf_runner/src/wrf_runner/datasets/nam.py:8: error: Relative import climbs too many namespaces  [misc]
Found 3 errors in 3 files (checked 7 source files)

[RRepo](enchantner)python-zero
(enchantner)python-zero/lesson_2/sample.py:7: error: Argument 1 to "my_cool_function" has incompatible type "str"; expected "int"  [arg-type]
(enchantner)python-zero/lesson_2/sample.py:7: error: Argument 2 to "my_cool_function" has incompatible type "str"; expected "int"  [arg-type]
Found 2 errors in 1 file (checked 5 source files)

[RRepo](shlinx)cloudflare-ddns
Success: no issues found in 1 source file

[RRepo](DonaldWhyte)deep-learning-with-rnns
(DonaldWhyte)deep-learning-with-rnns/talk_creation_helpers/initial_code/text.py:212: error: invalid syntax  [syntax]
Found 1 error in 1 file (checked 10 source files)

[RRepo](berylTechnologies)redcap
(berylTechnologies)redcap/task_manager/admin.py:37: error: "Callable[[ServerAdmin, Any], Any]" has no attribute "short_description"  [attr-defined]
(berylTechnologies)redcap/task_manager/admin.py:38: error: "Callable[[ServerAdmin, Any], Any]" has no attribute "allow_tags"  [attr-defined]
(berylTechnologies)redcap/task_manager/admin.py:53: error: "Callable[[BuildTargetAdmin, Any], Any]" has no attribute "short_description"  [attr-defined]
(berylTechnologies)redcap/task_manager/admin.py:54: error: "Callable[[BuildTargetAdmin, Any], Any]" has no attribute "allow_tags"  [attr-defined]
(berylTechnologies)redcap/task_manager/admin.py:68: error: "Callable[[BuildGroupAdmin, Any], Any]" has no attribute "short_description"  [attr-defined]
(berylTechnologies)redcap/task_manager/admin.py:69: error: "Callable[[BuildGroupAdmin, Any], Any]" has no attribute "allow_tags"  [attr-defined]
(berylTechnologies)redcap/task_manager/rest.py:17: error: Name 'Client' is not defined  [name-defined]
(berylTechnologies)redcap/task_manager/rest.py:23: error: Name 'Project' is not defined  [name-defined]
(berylTechnologies)redcap/task_manager/rest.py:29: error: Name 'Playbook' is not defined  [name-defined]
(berylTechnologies)redcap/task_manager/rest.py:35: error: Name 'ActionHistory' is not defined  [name-defined]
(berylTechnologies)redcap/task_manager/rest.py:43: error: Name 'BuildTarget' is not defined  [name-defined]
(berylTechnologies)redcap/task_manager/rest.py:61: error: Name 'BuildGroup' is not defined  [name-defined]
(berylTechnologies)redcap/task_manager/rest.py:67: error: Name 'Server' is not defined  [name-defined]
(berylTechnologies)redcap/task_manager/rest.py:83: error: Name 'Server' is not defined  [name-defined]
(berylTechnologies)redcap/task_manager/rest.py:93: error: Name 'Project' is not defined  [name-defined]
(berylTechnologies)redcap/task_manager/rest.py:98: error: Name 'Client' is not defined  [name-defined]
(berylTechnologies)redcap/task_manager/rest.py:103: error: Name 'Playbook' is not defined  [name-defined]
(berylTechnologies)redcap/task_manager/rest.py:108: error: Name 'ActionHistory' is not defined  [name-defined]
(berylTechnologies)redcap/task_manager/rest.py:113: error: Name 'BuildTarget' is not defined  [name-defined]
(berylTechnologies)redcap/task_manager/rest.py:125: error: Name 'build_target_execute_async' is not defined  [name-defined]
(berylTechnologies)redcap/task_manager/rest.py:130: error: Name 'BuildGroup' is not defined  [name-defined]
(berylTechnologies)redcap/task_manager/rest.py:135: error: Name 'build_group_execute_async' is not defined  [name-defined]
(berylTechnologies)redcap/runner/executor.py:15: error: Invalid type comment or annotation  [valid-type]
(berylTechnologies)redcap/task_manager/models.py:72: error: Syntax error in type annotation  [syntax]
(berylTechnologies)redcap/task_manager/models.py:72: note: Suggestion: Use Tuple[T1, ..., Tn] instead of (T1, ..., Tn)
(berylTechnologies)redcap/task_manager/models.py:102: error: Invalid type comment or annotation  [valid-type]
(berylTechnologies)redcap/task_manager/models.py:150: error: Invalid type comment or annotation  [valid-type]
(berylTechnologies)redcap/task_manager/models.py:150: error: Syntax error in type annotation  [syntax]
(berylTechnologies)redcap/task_manager/models.py:150: note: Suggestion: Use Tuple[T1, ..., Tn] instead of (T1, ..., Tn)
(berylTechnologies)redcap/task_manager/models.py:243: error: Bracketed expression "[...]" is not valid as a type  [misc]
(berylTechnologies)redcap/task_manager/models.py:243: note: Did you mean "List[...]"?
(berylTechnologies)redcap/task_manager/models.py:251: error: Bracketed expression "[...]" is not valid as a type  [misc]
(berylTechnologies)redcap/task_manager/models.py:251: note: Did you mean "List[...]"?
(berylTechnologies)redcap/runner/execute_helpers.py:12: error: Bracketed expression "[...]" is not valid as a type  [misc]
(berylTechnologies)redcap/runner/execute_helpers.py:12: note: Did you mean "List[...]"?
(berylTechnologies)redcap/runner/execute_helpers.py:12: error: Syntax error in type annotation  [syntax]
(berylTechnologies)redcap/runner/execute_helpers.py:12: note: Suggestion: Use Tuple[T1, ..., Tn] instead of (T1, ..., Tn)
(berylTechnologies)redcap/runner/execute_helpers.py:38: error: "append" of "list" does not return a value  [func-returns-value]
(berylTechnologies)redcap/runner/execute_helpers.py:39: error: "append" of "list" does not return a value  [func-returns-value]
(berylTechnologies)redcap/runner/execute_helpers.py:43: error: Bracketed expression "[...]" is not valid as a type  [misc]
(berylTechnologies)redcap/runner/execute_helpers.py:43: note: Did you mean "List[...]"?
(berylTechnologies)redcap/runner/execute_helpers.py:49: error: Need type annotation for 'res' (hint: "res: List[<type>] = ...")  [var-annotated]
(berylTechnologies)redcap/runner/execute_helpers.py:55: error: Syntax error in type annotation  [syntax]
(berylTechnologies)redcap/runner/execute_helpers.py:55: note: Suggestion: Use Tuple[T1, ..., Tn] instead of (T1, ..., Tn)
(berylTechnologies)redcap/runner/execute_helpers.py:62: error: Need type annotation for 'output'  [var-annotated]
(berylTechnologies)redcap/messenger/messenger.py:47: error: Return type "Response" of "send" incompatible with return type "str" in supertype "Messenger"  [override]
Found 38 errors in 6 files (checked 11 source files)

[RRepo](EdmundMartin)SearchScraperAPI
Success: no issues found in 13 source files

[RRepo](smeenka)esp32
(smeenka)esp32/lolin32/stub/machine.py:29: error: inconsistent use of tabs and spaces in indentation  [syntax]
Found 1 error in 1 file (checked 39 source files)

[RRepo](changyuheng)pywinwifi
(changyuheng)pywinwifi/src/winwifi/main.py:57: error: Incompatible types in assignment (expression has type "int", variable has type "RawIOBase")  [assignment]
(changyuheng)pywinwifi/src/winwifi/main.py:59: error: Argument 1 to "write" has incompatible type "RawIOBase"; expected "int"  [arg-type]
(changyuheng)pywinwifi/src/winwifi/main.py:62: error: Argument 1 to "close" has incompatible type "RawIOBase"; expected "int"  [arg-type]
Found 3 errors in 1 file (checked 2 source files)

[RRepo](GoogleCloudPlatform)training-data-analyst
(GoogleCloudPlatform)training-data-analyst/courses/machine_learning/cloudmle/taxifare/trainer/model.py: error: Duplicate module named 'model' (also at '/home/bew/archive/typed_project/(GoogleCloudPlatform)training-data-analyst/bootcamps/imagereco/fashionmodel/trainer/model.py')  [misc]
(GoogleCloudPlatform)training-data-analyst/courses/machine_learning/cloudmle/taxifare/trainer/model.py: error: Are you missing an __init__.py?  [misc]
Found 2 errors in 1 file (checked 208 source files)

[RRepo](algorithm-ninja)territoriali-backend
(algorithm-ninja)territoriali-backend/utils/fix_header.py:89: error: Need type annotation for 'authors' (hint: "authors: Dict[<type>, <type>] = ...")  [var-annotated]
(algorithm-ninja)territoriali-backend/terry/handlers/base_handler.py:16: error: Relative import climbs too many namespaces  [misc]
(algorithm-ninja)territoriali-backend/terry/handlers/base_handler.py:17: error: Relative import climbs too many namespaces  [misc]
(algorithm-ninja)territoriali-backend/terry/handlers/base_handler.py:18: error: Relative import climbs too many namespaces  [misc]
(algorithm-ninja)territoriali-backend/terry/handlers/base_handler.py:19: error: Relative import climbs too many namespaces  [misc]
(algorithm-ninja)territoriali-backend/terry/handlers/base_handler.py:16: error: Relative import climbs too many namespaces  [misc]
(algorithm-ninja)territoriali-backend/terry/handlers/base_handler.py:17: error: Relative import climbs too many namespaces  [misc]
(algorithm-ninja)territoriali-backend/terry/handlers/base_handler.py:18: error: Relative import climbs too many namespaces  [misc]
(algorithm-ninja)territoriali-backend/terry/handlers/base_handler.py:19: error: Relative import climbs too many namespaces  [misc]
(algorithm-ninja)territoriali-backend/terry/handlers/admin_handler.py:125: error: Incompatible types in assignment (expression has type "float", variable has type "str")  [assignment]
(algorithm-ninja)territoriali-backend/terry/handlers/admin_handler.py:127: error: Incompatible types in assignment (expression has type "float", variable has type "str")  [assignment]

[RRepo](erdewit)ib_insync
(erdewit)ib_insync/ib_insync/contract.py:176: error: Unexpected keyword argument "secType" for "__init__" of "object"  [call-arg]
(erdewit)ib_insync/ib_insync/contract.py:176: error: Unexpected keyword argument "symbol" for "__init__" of "object"  [call-arg]
(erdewit)ib_insync/ib_insync/contract.py:176: error: Unexpected keyword argument "exchange" for "__init__" of "object"  [call-arg]
(erdewit)ib_insync/ib_insync/contract.py:176: error: Unexpected keyword argument "currency" for "__init__" of "object"  [call-arg]
(erdewit)ib_insync/ib_insync/contract.py:176: error: Too many arguments for "__init__" of "object"  [call-arg]
(erdewit)ib_insync/ib_insync/contract.py:205: error: Too many arguments for "__init__" of "object"  [call-arg]
(erdewit)ib_insync/ib_insync/contract.py:205: error: Unexpected keyword argument "symbol" for "__init__" of "object"  [call-arg]
(erdewit)ib_insync/ib_insync/contract.py:205: error: Unexpected keyword argument "lastTradeDateOrContractMonth" for "__init__" of "object"  [call-arg]
(erdewit)ib_insync/ib_insync/contract.py:205: error: Unexpected keyword argument "strike" for "__init__" of "object"  [call-arg]
(erdewit)ib_insync/ib_insync/contract.py:205: error: Unexpected keyword argument "right" for "__init__" of "object"  [call-arg]
(erdewit)ib_insync/ib_insync/contract.py:205: error: Unexpected keyword argument "exchange" for "__init__" of "object"  [call-arg]
(erdewit)ib_insync/ib_insync/contract.py:205: error: Unexpected keyword argument "multiplier" for "__init__" of "object"  [call-arg]
(erdewit)ib_insync/ib_insync/contract.py:205: error: Unexpected keyword argument "currency" for "__init__" of "object"  [call-arg]
(erdewit)ib_insync/ib_insync/contract.py:234: error: Too many arguments for "__init__" of "object"  [call-arg]
(erdewit)ib_insync/ib_insync/contract.py:234: error: Unexpected keyword argument "symbol" for "__init__" of "object"  [call-arg]
(erdewit)ib_insync/ib_insync/contract.py:234: error: Unexpected keyword argument "lastTradeDateOrContractMonth" for "__init__" of "object"  [call-arg]
(erdewit)ib_insync/ib_insync/contract.py:234: error: Unexpected keyword argument "exchange" for "__init__" of "object"  [call-arg]
(erdewit)ib_insync/ib_insync/contract.py:234: error: Unexpected keyword argument "localSymbol" for "__init__" of "object"  [call-arg]
(erdewit)ib_insync/ib_insync/contract.py:234: error: Unexpected keyword argument "multiplier" for "__init__" of "object"  [call-arg]
(erdewit)ib_insync/ib_insync/contract.py:234: error: Unexpected keyword argument "currency" for "__init__" of "object"  [call-arg]
(erdewit)ib_insync/ib_insync/contract.py:257: error: Too many arguments for "__init__" of "object"  [call-arg]
(erdewit)ib_insync/ib_insync/contract.py:257: error: Unexpected keyword argument "symbol" for "__init__" of "object"  [call-arg]
(erdewit)ib_insync/ib_insync/contract.py:257: error: Unexpected keyword argument "exchange" for "__init__" of "object"  [call-arg]
(erdewit)ib_insync/ib_insync/contract.py:257: error: Unexpected keyword argument "localSymbol" for "__init__" of "object"  [call-arg]
(erdewit)ib_insync/ib_insync/contract.py:257: error: Unexpected keyword argument "multiplier" for "__init__" of "object"  [call-arg]
(erdewit)ib_insync/ib_insync/contract.py:257: error: Unexpected keyword argument "currency" for "__init__" of "object"  [call-arg]
(erdewit)ib_insync/ib_insync/contract.py:282: error: Too many arguments for "__init__" of "object"  [call-arg]
(erdewit)ib_insync/ib_insync/contract.py:282: error: Unexpected keyword argument "symbol" for "__init__" of "object"  [call-arg]
(erdewit)ib_insync/ib_insync/contract.py:282: error: Unexpected keyword argument "exchange" for "__init__" of "object"  [call-arg]
(erdewit)ib_insync/ib_insync/contract.py:282: error: Unexpected keyword argument "currency" for "__init__" of "object"  [call-arg]
(erdewit)ib_insync/ib_insync/contract.py:321: error: Too many arguments for "__init__" of "object"  [call-arg]
(erdewit)ib_insync/ib_insync/contract.py:321: error: Unexpected keyword argument "symbol" for "__init__" of "object"  [call-arg]
(erdewit)ib_insync/ib_insync/contract.py:321: error: Unexpected keyword argument "exchange" for "__init__" of "object"  [call-arg]
(erdewit)ib_insync/ib_insync/contract.py:321: error: Unexpected keyword argument "currency" for "__init__" of "object"  [call-arg]
(erdewit)ib_insync/ib_insync/contract.py:340: error: Too many arguments for "__init__" of "object"  [call-arg]
(erdewit)ib_insync/ib_insync/contract.py:340: error: Unexpected keyword argument "symbol" for "__init__" of "object"  [call-arg]
(erdewit)ib_insync/ib_insync/contract.py:340: error: Unexpected keyword argument "exchange" for "__init__" of "object"  [call-arg]
(erdewit)ib_insync/ib_insync/contract.py:340: error: Unexpected keyword argument "currency" for "__init__" of "object"  [call-arg]
(erdewit)ib_insync/ib_insync/contract.py:359: error: Too many arguments for "__init__" of "object"  [call-arg]
(erdewit)ib_insync/ib_insync/contract.py:359: error: Unexpected keyword argument "symbol" for "__init__" of "object"  [call-arg]
(erdewit)ib_insync/ib_insync/contract.py:359: error: Unexpected keyword argument "exchange" for "__init__" of "object"  [call-arg]
(erdewit)ib_insync/ib_insync/contract.py:359: error: Unexpected keyword argument "currency" for "__init__" of "object"  [call-arg]
(erdewit)ib_insync/ib_insync/contract.py:398: error: Too many arguments for "__init__" of "object"  [call-arg]
(erdewit)ib_insync/ib_insync/contract.py:398: error: Unexpected keyword argument "symbol" for "__init__" of "object"  [call-arg]
(erdewit)ib_insync/ib_insync/contract.py:398: error: Unexpected keyword argument "lastTradeDateOrContractMonth" for "__init__" of "object"  [call-arg]
(erdewit)ib_insync/ib_insync/contract.py:398: error: Unexpected keyword argument "strike" for "__init__" of "object"  [call-arg]
(erdewit)ib_insync/ib_insync/contract.py:398: error: Unexpected keyword argument "right" for "__init__" of "object"  [call-arg]
(erdewit)ib_insync/ib_insync/contract.py:398: error: Unexpected keyword argument "exchange" for "__init__" of "object"  [call-arg]
(erdewit)ib_insync/ib_insync/contract.py:398: error: Unexpected keyword argument "multiplier" for "__init__" of "object"  [call-arg]
(erdewit)ib_insync/ib_insync/contract.py:398: error: Unexpected keyword argument "currency" for "__init__" of "object"  [call-arg]
(erdewit)ib_insync/docs/conf.py:17: error: "None" has no attribute "split"  [attr-defined]
(erdewit)ib_insync/ib_insync/util.py:441: error: Name 'qApp' is not defined  [name-defined]
Found 52 errors in 3 files (checked 10 source files)

[RRepo](idobrusin)RocLang
(idobrusin)RocLang/RocDemo/roc_node/scripts/temp/inmoov_manipulator.py:26: error: inconsistent use of tabs and spaces in indentation  [syntax]
Found 1 error in 1 file (checked 16 source files)

[RRepo](google)pybadges
(google)pybadges/pybadges/precalculated_text_measurer.py:56: error: Incompatible types in assignment (expression has type "float", variable has type "int")  [assignment]
(google)pybadges/pybadges/precalculated_text_measurer.py:57: error: Incompatible types in assignment (expression has type "float", variable has type "int")  [assignment]
Found 2 errors in 1 file (checked 11 source files)

[RRepo](oser-cs)oser-website
(oser-cs)oser-website/visits/admin.py: error: Duplicate module named 'admin' (also at '/home/bew/archive/typed_project/(oser-cs)oser-website/users/admin.py')  [misc]
Found 1 error in 1 file (checked 96 source files)

[RRepo](sonata-nfv)son-cli
(sonata-nfv)son-cli/src/son/validate/event.py:133: error: "Type[EventLogger]" has no attribute "manager"  [attr-defined]
Found 1 error in 1 file (checked 26 source files)

[RRepo](missionpinball)mpf-docs
(missionpinball)mpf-docs/_doc_tools/build_error_reference_docs.py:196: error: Name 'EventDocParser' is not defined  [name-defined]
Found 1 error in 1 file (checked 9 source files)

[RRepo](SpiroGanas)MIMIC3py
(SpiroGanas)MIMIC3py/MIMIC3py/utilities.py:12: error: Name 'local_save_folder' is not defined  [name-defined]
(SpiroGanas)MIMIC3py/MIMIC3py/utilities.py:95: error: Name 'local_save_folder' is not defined  [name-defined]
(SpiroGanas)MIMIC3py/MIMIC3py/download.py:12: error: Name 'physionet_FILENAMES' is not defined  [name-defined]
(SpiroGanas)MIMIC3py/MIMIC3py/download.py:25: error: Name 'local_save_folder' is not defined  [name-defined]
(SpiroGanas)MIMIC3py/MIMIC3py/download.py:25: error: Name 'physionet_USERNAME' is not defined  [name-defined]
(SpiroGanas)MIMIC3py/MIMIC3py/download.py:25: error: Name 'physionet_PASSWORD' is not defined  [name-defined]
(SpiroGanas)MIMIC3py/MIMIC3py/download.py:69: error: Name 'physionet_FILENAMES' is not defined  [name-defined]
Found 7 errors in 2 files (checked 5 source files)

[RRepo](penguinolog)logwrap
(penguinolog)logwrap/setup.py:73: error: Name 'build_ext.build_ext' is not defined  [name-defined]
(penguinolog)logwrap/test/test_log_wrap_shared.py:23: error: Module 'logwrap' has no attribute 'log_wrap'  [attr-defined]
(penguinolog)logwrap/test/test_pretty_str.py:210: error: Not all arguments converted during string formatting  [str-format]
Found 3 errors in 3 files (checked 7 source files)

[RRepo](mlperf)training_results_v0.6
(mlperf)training_results_v0.6/Google/benchmarks/mask/implementations/tpu-v3-32-mask/mask_rcnn/mask_rcnn_main.py: error: Duplicate module named 'mask_rcnn_main' (also at '/home/bew/archive/typed_project/(mlperf)training_results_v0.6/Google/benchmarks/mask/implementations/tpu-v3-256-mask/mask_rcnn/mask_rcnn_main.py')  [misc]
Found 1 error in 1 file (checked 1319 source files)

[RRepo](QQuick)Transcrypt
(QQuick)Transcrypt/transcrypt/development/automated_tests/time/testlet0.py: error: Duplicate module named 'testlet0' (also at '/home/bew/archive/typed_project/(QQuick)Transcrypt/transcrypt/development/automated_tests/hello/testlet0.py')  [misc]
Found 1 error in 1 file (checked 162 source files)

[RRepo](DFO-Ocean-Navigator)Ocean-Data-Map-Project
(DFO-Ocean-Navigator)Ocean-Data-Map-Project/scripts/drifter_process.py:44: error: invalid token  [syntax]
Found 1 error in 1 file (checked 58 source files)

[RRepo](yokawasa)azure-functions-python-samples

[RRepo](the-c0d3r)pynmap
(the-c0d3r)pynmap/portscan.py:40: error: Missing parentheses in call to 'print'. Did you mean print(banner)?  [syntax]
Found 1 error in 1 file (checked 4 source files)

[RRepo](stoklund)portable-simd
Success: no issues found in 2 source files

[RRepo](mara)mara-app
(mara)mara-app/mara_app/monkey_patch.py:16: error: Invalid type comment or annotation  [valid-type]
(mara)mara-app/mara_app/config.py:7: error: Invalid type comment or annotation  [valid-type]
(mara)mara-app/mara_app/views.py:97: error: Bracketed expression "[...]" is not valid as a type  [misc]
(mara)mara-app/mara_app/views.py:97: note: Did you mean "List[...]"?
(mara)mara-app/mara_app/views.py:100: error: Bracketed expression "[...]" is not valid as a type  [misc]
(mara)mara-app/mara_app/views.py:100: note: Did you mean "List[...]"?
(mara)mara-app/mara_app/layout.py:26: error: Bracketed expression "[...]" is not valid as a type  [misc]
(mara)mara-app/mara_app/layout.py:26: note: Did you mean "List[...]"?
(mara)mara-app/mara_app/layout.py:38: error: Bracketed expression "[...]" is not valid as a type  [misc]
(mara)mara-app/mara_app/layout.py:38: note: Did you mean "List[...]"?
(mara)mara-app/mara_app/layout.py:53: error: Bracketed expression "[...]" is not valid as a type  [misc]
(mara)mara-app/mara_app/layout.py:53: note: Did you mean "List[...]"?
(mara)mara-app/mara_app/layout.py:94: error: Incompatible return value type (got "List[Any]", expected "str")  [return-value]
(mara)mara-app/mara_app/app.py:19: error: Bracketed expression "[...]" is not valid as a type  [misc]
(mara)mara-app/mara_app/app.py:19: note: Did you mean "List[...]"?
(mara)mara-app/mara_app/app.py:30: error: Argument 2 to "isinstance" has incompatible type "_SpecialForm"; expected "Union[type, Tuple[Union[type, Tuple[Any, ...]], ...]]"  [arg-type]
(mara)mara-app/mara_app/app.py:124: error: Invalid type comment or annotation  [valid-type]
Found 11 errors in 5 files (checked 7 source files)

[RRepo](PJB3005)MoMMI
(PJB3005)MoMMI/MoMMI/commloop.py: error: Duplicate module named 'commloop' (also at '/home/bew/archive/typed_project/(PJB3005)MoMMI/commloop.py')  [misc]
(PJB3005)MoMMI/MoMMI/commloop.py: error: Are you missing an __init__.py?  [misc]
Found 2 errors in 1 file (checked 33 source files)

[RRepo](yoeo)guesslang
(yoeo)guesslang/guesslang/__main__.py:11: error: Module 'guesslang' has no attribute 'Guess'  [attr-defined]
(yoeo)guesslang/guesslang/__main__.py:11: error: Module 'guesslang' has no attribute 'GuesslangError'  [attr-defined]
(yoeo)guesslang/guesslang/__main__.py:11: error: Module 'guesslang' has no attribute 'config_logging'  [attr-defined]
(yoeo)guesslang/tests/test_guesslang_utils.py:7: error: Module 'guesslang' has no attribute 'GuesslangError'  [attr-defined]
(yoeo)guesslang/tests/test_guesslang_guess.py:7: error: Module 'guesslang' has no attribute 'GuesslangError'  [attr-defined]
Found 5 errors in 3 files (checked 15 source files)

[RRepo](Zoidster)BirbBot
Success: no issues found in 3 source files

[RRepo](ekaj2)rock_builder
Success: no issues found in 1 source file

[RRepo](osm-fr)osmose-backend
(osm-fr)osmose-backend/modules/OsmSaxAlea.py:22: error: No parent module -- cannot perform relative import  [misc]
Found 1 error in 1 file (checked 266 source files)

[RRepo](DeflatedPickle)Quiver
(DeflatedPickle)Quiver/dialog.py:6: error: Module 'tkinter' has no attribute 'font'  [attr-defined]
(DeflatedPickle)Quiver/dialog.py:234: error: "__init__" gets multiple values for keyword argument "title"  [misc]
(DeflatedPickle)Quiver/dialog.py:234: error: "__init__" gets multiple values for keyword argument "transient"  [misc]
(DeflatedPickle)Quiver/dialog.py:234: error: "__init__" gets multiple values for keyword argument "geometry"  [misc]
Found 4 errors in 1 file (checked 8 source files)

[RRepo](Floens)uchan
(Floens)uchan/uchan/filter/text_parser.py:5: error: Module 'uchan.lib' has no attribute 'roles'  [attr-defined]

[RRepo](AeonGames)AeonEngine
(AeonGames)AeonEngine/tools/blender/addons/io_images/export.py:24: error: Invalid type comment or annotation  [valid-type]
(AeonGames)AeonEngine/tools/blender/addons/io_images/export.py:24: note: Suggestion: use bpy.props.StringProperty[...] instead of bpy.props.StringProperty(...)
(AeonGames)AeonEngine/tools/blender/addons/io_mesh_msh/__init__.py:28: error: Module 'io_mesh_msh' has no attribute 'export'  [attr-defined]
(AeonGames)AeonEngine/tools/blender/addons/io_model_mdl/export.py:29: error: Invalid type comment or annotation  [valid-type]
(AeonGames)AeonEngine/tools/blender/addons/io_model_mdl/export.py:29: note: Suggestion: use bpy.props.StringProperty[...] instead of bpy.props.StringProperty(...)
(AeonGames)AeonEngine/tools/blender/addons/io_collision_cln/export.py:29: error: Invalid type comment or annotation  [valid-type]
(AeonGames)AeonEngine/tools/blender/addons/io_collision_cln/export.py:29: note: Suggestion: use bpy.props.StringProperty[...] instead of bpy.props.StringProperty(...)
(AeonGames)AeonEngine/tools/blender/addons/io_skeleton_skl/export.py:31: error: Invalid type comment or annotation  [valid-type]
(AeonGames)AeonEngine/tools/blender/addons/io_skeleton_skl/export.py:31: note: Suggestion: use bpy.props.StringProperty[...] instead of bpy.props.StringProperty(...)
(AeonGames)AeonEngine/tools/blender/addons/io_animation_anm/export.py:96: error: Invalid type comment or annotation  [valid-type]
(AeonGames)AeonEngine/tools/blender/addons/io_animation_anm/export.py:96: note: Suggestion: use bpy.props.StringProperty[...] instead of bpy.props.StringProperty(...)
Found 6 errors in 6 files (checked 12 source files)

[RRepo](facebook)fbthrift
(facebook)fbthrift/thrift/perf/py3/load_handler.py: error: Duplicate module named 'load_handler' (also at '/home/bew/archive/typed_project/(facebook)fbthrift/thrift/perf/py/load_handler.py')  [misc]
Found 1 error in 1 file (checked 121 source files)

[RRepo](FrancescoCeruti)linux-show-player
(FrancescoCeruti)linux-show-player/lisp/plugins/controller/controller.py: error: Duplicate module named 'controller' (also at '/home/bew/archive/typed_project/(FrancescoCeruti)linux-show-player/lisp/modules/remote/controller.py')  [misc]
Found 1 error in 1 file (checked 161 source files)

[RRepo](phodge)dotfiles
(phodge)dotfiles/ubuntu/HOMELY.py: error: Duplicate module named 'HOMELY' (also at '/home/bew/archive/typed_project/(phodge)dotfiles/homely_dev/HOMELY.py')  [misc]
Found 1 error in 1 file (checked 10 source files)

[RRepo](telminov)django-park-keeper
(telminov)django-park-keeper/parkkeeper/tests/test_models.py:6: error: Module 'parkkeeper' has no attribute 'factories'  [attr-defined]
(telminov)django-park-keeper/parkkeeper/tests/datatools/test_worker.py:9: error: Module 'parkkeeper' has no attribute 'factories'  [attr-defined]
(telminov)django-park-keeper/parkkeeper/tests/datatools/test_task.py:9: error: Module 'parkkeeper' has no attribute 'factories'  [attr-defined]
(telminov)django-park-keeper/parkkeeper/task_generator.py:114: error: Need type annotation for 'tasks' (hint: "tasks: Dict[<type>, <type>] = ...")  [var-annotated]
(telminov)django-park-keeper/parkkeeper/ws.py:97: error: Incompatible types in assignment (expression has type "float", base class "WebSocketHandler" defined the type as "int")  [assignment]
(telminov)django-park-keeper/parkkeeper/ws.py:112: error: Incompatible types in assignment (expression has type "float", base class "WebSocketHandler" defined the type as "int")  [assignment]
(telminov)django-park-keeper/parkkeeper/ws.py:127: error: Incompatible types in assignment (expression has type "float", base class "WebSocketHandler" defined the type as "int")  [assignment]
(telminov)django-park-keeper/parkkeeper/ws.py:143: error: Incompatible types in assignment (expression has type "float", base class "WebSocketHandler" defined the type as "int")  [assignment]
(telminov)django-park-keeper/parkkeeper/ws.py:159: error: Incompatible types in assignment (expression has type "float", base class "WebSocketHandler" defined the type as "int")  [assignment]
(telminov)django-park-keeper/parkkeeper/ws.py:182: error: Incompatible types in assignment (expression has type "float", base class "WebSocketHandler" defined the type as "int")  [assignment]

[RRepo](funkyfuture)deck-chores
Success: no issues found in 10 source files

[RRepo](miyakogi)wdom
(miyakogi)wdom/wdom/server/__init__.py: error: Duplicate module named 'server' (also at '/home/bew/archive/typed_project/(miyakogi)wdom/docs/server.py')  [misc]
(miyakogi)wdom/wdom/server/__init__.py: error: Are you missing an __init__.py?  [misc]
Found 2 errors in 1 file (checked 53 source files)

[RRepo](Ultimaker)Uranium
(Ultimaker)Uranium/plugins/FileHandlers/OBJReader/tests/conftest.py: error: Duplicate module named 'conftest' (also at '/home/bew/archive/typed_project/(Ultimaker)Uranium/plugins/FileHandlers/STLReader/tests/conftest.py')  [misc]
Found 1 error in 1 file (checked 255 source files)

[RRepo](pypa)linehaul
(pypa)linehaul/linehaul/ua/parser.py: error: Duplicate module named 'parser' (also at '/home/bew/archive/typed_project/(pypa)linehaul/linehaul/events/parser.py')  [misc]
Found 1 error in 1 file (checked 19 source files)

[RRepo](wa1tnr)ainsuSPI
(wa1tnr)ainsuSPI/0-Distribution.d/circuitpython-master/drivers/onewire/ds18x20.py: error: Duplicate module named 'ds18x20' (also at '/home/bew/archive/typed_project/(wa1tnr)ainsuSPI/0-Distribution.d/circuitpython-master/esp8266/modules/ds18x20.py')  [misc]
Found 1 error in 1 file (checked 412 source files)

[RRepo](welbornprod)colr
(welbornprod)colr/colr/colr_docopt.py:134: error: Name 'docopt' already defined (possibly by an import)  [no-redef]
(welbornprod)colr/examples/walk_dir.py:23: error: Module 'colr' has no attribute '__version__'  [attr-defined]
(welbornprod)colr/examples/walk_dir.py:32: error: Module 'colr' has no attribute 'AnimatedProgress'  [attr-defined]
(welbornprod)colr/examples/walk_dir.py:32: error: Module 'colr' has no attribute 'auto_disable'  [attr-defined]
(welbornprod)colr/examples/walk_dir.py:32: error: Module 'colr' has no attribute 'Bars'  [attr-defined]
(welbornprod)colr/examples/walk_dir.py:32: error: Module 'colr' has no attribute 'Colr'  [attr-defined]
(welbornprod)colr/examples/walk_dir.py:32: error: Module 'colr' has no attribute 'docopt'  [attr-defined]
(welbornprod)colr/examples/walk_dir.py:32: error: Module 'colr' has no attribute 'Frames'  [attr-defined]
(welbornprod)colr/examples/walk_dir.py:32: error: Module 'colr' has no attribute 'ProgressBar'  [attr-defined]
(welbornprod)colr/test/run_controls.py:23: error: Module 'colr' has no attribute 'Colr'  [attr-defined]
(welbornprod)colr/test/run_controls.py:23: error: Module 'colr' has no attribute 'docopt'  [attr-defined]
(welbornprod)colr/benchmark.py:23: error: Module 'colr' has no attribute 'AnimatedProgress'  [attr-defined]
(welbornprod)colr/benchmark.py:23: error: Module 'colr' has no attribute 'Colr'  [attr-defined]
(welbornprod)colr/benchmark.py:23: error: Module 'colr' has no attribute 'Frames'  [attr-defined]
(welbornprod)colr/benchmark.py:23: error: Module 'colr' has no attribute 'color'  [attr-defined]
(welbornprod)colr/benchmark.py:23: error: Module 'colr' has no attribute 'docopt'  [attr-defined]
(welbornprod)colr/test/test_colr_docopt.py:12: error: Module 'colr' has no attribute 'docopt'  [attr-defined]
(welbornprod)colr/test/test_colr_docopt.py:12: error: Module 'colr' has no attribute 'docopt_file'  [attr-defined]
(welbornprod)colr/test/test_colr_docopt.py:12: error: Module 'colr' has no attribute 'docopt_version'  [attr-defined]
(welbornprod)colr/test/test_trans.py:13: error: Module 'colr' has no attribute '__version__'  [attr-defined]
(welbornprod)colr/test/test_controls.py:13: error: Module 'colr' has no attribute '__version__'  [attr-defined]
(welbornprod)colr/test/test_controls.py:13: error: Module 'colr' has no attribute 'Colr'  [attr-defined]
(welbornprod)colr/test/test_preset.py:12: error: Module 'colr' has no attribute '__version__'  [attr-defined]
(welbornprod)colr/test/test_preset.py:12: error: Module 'colr' has no attribute 'Colr'  [attr-defined]
(welbornprod)colr/test/test_preset.py:12: error: Module 'colr' has no attribute 'Preset'  [attr-defined]
Found 25 errors in 8 files (checked 14 source files)

[RRepo](WoodNeck)tataru
(WoodNeck)tataru/test/test_runnability.py:1: error: No parent module -- cannot perform relative import  [misc]
Found 1 error in 1 file (checked 23 source files)

[RRepo](tuna)fishroom
(tuna)fishroom/fishroom/plugins/pia.py:3: error: Relative import climbs too many namespaces  [misc]
(tuna)fishroom/fishroom/plugins/vote.py:3: error: Relative import climbs too many namespaces  [misc]
(tuna)fishroom/fishroom/plugins/vote.py:4: error: Relative import climbs too many namespaces  [misc]
(tuna)fishroom/fishroom/plugins/vote.py:5: error: Relative import climbs too many namespaces  [misc]
(tuna)fishroom/fishroom/web/__main__.py:9: error: Relative import climbs too many namespaces  [misc]
(tuna)fishroom/fishroom/web/oauth.py:5: error: Relative import climbs too many namespaces  [misc]
(tuna)fishroom/fishroom/xmpp.py:82: error: Cannot assign to a method  [assignment]
(tuna)fishroom/fishroom/xmpp.py:82: error: Incompatible types in assignment (expression has type "Callable[[Any, Any], Any]", variable has type "Callable[[Any], Any]")  [assignment]
(tuna)fishroom/fishroom/runner.py:57: error: Type of __all__ must be "Sequence[str]", not "List[Callable[[Iterable[Tuple[Callable[[Any], Any], Tuple[Any]]]], Any]]"  [misc]
(tuna)fishroom/fishroom/plugins/imglink.py:4: error: Relative import climbs too many namespaces  [misc]
(tuna)fishroom/fishroom/plugins/imglink.py:5: error: Relative import climbs too many namespaces  [misc]
(tuna)fishroom/fishroom/plugins/hualao.py:6: error: Relative import climbs too many namespaces  [misc]
(tuna)fishroom/fishroom/plugins/hualao.py:7: error: Relative import climbs too many namespaces  [misc]
(tuna)fishroom/fishroom/plugins/hualao.py:8: error: Relative import climbs too many namespaces  [misc]
(tuna)fishroom/fishroom/plugins/hualao.py:9: error: Relative import climbs too many namespaces  [misc]
(tuna)fishroom/fishroom/plugins/hualao.py:10: error: Relative import climbs too many namespaces  [misc]
(tuna)fishroom/fishroom/web/handlers.py:15: error: Relative import climbs too many namespaces  [misc]
(tuna)fishroom/fishroom/web/handlers.py:16: error: Relative import climbs too many namespaces  [misc]
(tuna)fishroom/fishroom/web/handlers.py:17: error: Relative import climbs too many namespaces  [misc]
(tuna)fishroom/fishroom/web/handlers.py:18: error: Relative import climbs too many namespaces  [misc]
(tuna)fishroom/fishroom/web/handlers.py:19: error: Relative import climbs too many namespaces  [misc]
(tuna)fishroom/fishroom/web/handlers.py:20: error: Relative import climbs too many namespaces  [misc]
(tuna)fishroom/fishroom/web/handlers.py:21: error: Relative import climbs too many namespaces  [misc]
(tuna)fishroom/fishroom/web/handlers.py:22: error: Relative import climbs too many namespaces  [misc]
(tuna)fishroom/fishroom/wechat.py:221: error: Cannot assign to a method  [assignment]
(tuna)fishroom/fishroom/wechat.py:221: error: Incompatible types in assignment (expression has type "Callable[[Any, Any], Any]", variable has type "Callable[[Any], Any]")  [assignment]
(tuna)fishroom/fishroom/matrix.py:141: error: Cannot assign to a method  [assignment]
(tuna)fishroom/fishroom/matrix.py:141: error: Incompatible types in assignment (expression has type "Callable[[Any, Any], Any]", variable has type "Callable[[Any], Any]")  [assignment]
(tuna)fishroom/fishroom/base.py:18: note: "send_photo" of "BaseBotInstance" defined here
(tuna)fishroom/fishroom/base.py:54: error: "None" has no attribute "lower"  [attr-defined]
(tuna)fishroom/fishroom/base.py:62: error: Unexpected keyword argument "sender" for "send_photo" of "BaseBotInstance"  [call-arg]
(tuna)fishroom/fishroom/plugins/ratelimit.py:5: error: Relative import climbs too many namespaces  [misc]
(tuna)fishroom/fishroom/plugins/ratelimit.py:6: error: Relative import climbs too many namespaces  [misc]
(tuna)fishroom/fishroom/IRC.py:200: error: Cannot assign to a method  [assignment]
(tuna)fishroom/fishroom/IRC.py:200: error: Incompatible types in assignment (expression has type "Callable[[Any, Any], Any]", variable has type "Callable[[Any], Any]")  [assignment]
(tuna)fishroom/fishroom/plugins/stats.py:7: error: Relative import climbs too many namespaces  [misc]
(tuna)fishroom/fishroom/plugins/stats.py:8: error: Relative import climbs too many namespaces  [misc]
(tuna)fishroom/fishroom/plugins/stats.py:9: error: Relative import climbs too many namespaces  [misc]
(tuna)fishroom/fishroom/plugins/stats.py:10: error: Relative import climbs too many namespaces  [misc]
(tuna)fishroom/fishroom/plugins/stats.py:11: error: Relative import climbs too many namespaces  [misc]
(tuna)fishroom/fishroom/gitter.py:157: error: Cannot assign to a method  [assignment]
Found 40 errors in 16 files (checked 31 source files)

[RRepo](mattrberry)csgoSkinStatistics
Success: no issues found in 2 source files

[RRepo](cclauss)Ten-lines-or-less
Success: no issues found in 27 source files

[RRepo](jmcs)ecological
(jmcs)ecological/ecological/config.py:12: error: No parent module -- cannot perform relative import  [misc]
Found 1 error in 1 file (checked 3 source files)

[RRepo](dainst)gazetteer
Success: no issues found in 3 source files

[RRepo](mirumee)django-prices-openexchangerates
(mirumee)django-prices-openexchangerates/django_prices_openexchangerates/templatetags/prices_multicurrency.py:6: error: No parent module -- cannot perform relative import  [misc]
Found 1 error in 1 file (checked 6 source files)

[RRepo](lnmds)jose
(lnmds)jose/ext/config.py:134: error: Function "builtins.any" is not valid as a type  [valid-type]
(lnmds)jose/ext/config.py:134: note: Perhaps you need "Callable[...]" or a callback protocol?
(lnmds)jose/ext/config.py:147: error: Function "builtins.any" is not valid as a type  [valid-type]
(lnmds)jose/ext/config.py:147: note: Perhaps you need "Callable[...]" or a callback protocol?
(lnmds)jose/ext/config.py:302: error: "None" has no attribute "get"  [attr-defined]
(lnmds)jose/ext/profile.py:14: error: Unexpected keyword argument "requires" for "__init_subclass__" of "object"  [call-arg]
(lnmds)jose/ext/exec.py:140: error: Too many arguments for "dir"  [call-arg]
(lnmds)jose/ext/exec.py:242: error: Invalid type comment or annotation  [valid-type]
(lnmds)jose/ext/exec.py:242: note: Suggestion: use Code[...] instead of Code(...)
(lnmds)jose/ext/extra.py:114: error: Unexpected keyword argument "requires" for "__init_subclass__" of "object"  [call-arg]
(lnmds)jose/ext/nsfw.py:88: error: Unexpected keyword argument "requires" for "__init_subclass__" of "object"  [call-arg]
(lnmds)jose/ext/vm.py:303: error: Argument 2 to "assign_and_exec" of "VM" has incompatible type "bytes"; expected "str"  [arg-type]
(lnmds)jose/ext/mod.py:38: error: Unexpected keyword argument "requires" for "__init_subclass__" of "object"  [call-arg]
(lnmds)jose/ext/admin.py:35: error: Unexpected keyword argument "requires" for "__init_subclass__" of "object"  [call-arg]
(lnmds)jose/ext/admin.py:141: error: Function "admin.no_codeblock" is not valid as a type  [valid-type]
(lnmds)jose/ext/admin.py:141: note: Perhaps you need "Callable[...]" or a callback protocol?
(lnmds)jose/ext/admin.py:144: error: no_codeblock? has no attribute "lower"  [attr-defined]
(lnmds)jose/ext/translation.py:30: error: Function "builtins.any" is not valid as a type  [valid-type]
(lnmds)jose/ext/translation.py:30: note: Perhaps you need "Callable[...]" or a callback protocol?
(lnmds)jose/ext/translation.py:38: error: Function "builtins.any" is not valid as a type  [valid-type]
(lnmds)jose/ext/translation.py:38: note: Perhaps you need "Callable[...]" or a callback protocol?
(lnmds)jose/ext/translation.py:41: error: Function "builtins.any" is not valid as a type  [valid-type]
(lnmds)jose/ext/translation.py:41: note: Perhaps you need "Callable[...]" or a callback protocol?
(lnmds)jose/ext/translation.py:70: error: any? has no attribute "text"  [attr-defined]
(lnmds)jose/ext/translation.py:71: error: any? has no attribute "status"  [attr-defined]
(lnmds)jose/ext/translation.py:72: error: any? has no attribute "status"  [attr-defined]
(lnmds)jose/ext/translation.py:84: error: any? has no attribute "text"  [attr-defined]
(lnmds)jose/ext/translation.py:85: error: any? has no attribute "status"  [attr-defined]
(lnmds)jose/ext/translation.py:87: error: any? has no attribute "status"  [attr-defined]
(lnmds)jose/ext/common.py:165: error: Function "builtins.any" is not valid as a type  [valid-type]
(lnmds)jose/ext/common.py:165: note: Perhaps you need "Callable[...]" or a callback protocol?
(lnmds)jose/ext/gambling.py:19: error: Unexpected keyword argument "requires" for "__init_subclass__" of "object"  [call-arg]
(lnmds)jose/ext/stats.py:21: error: Unexpected keyword argument "requires" for "__init_subclass__" of "object"  [call-arg]
(lnmds)jose/ext/lottery.py:20: error: Unexpected keyword argument "requires" for "__init_subclass__" of "object"  [call-arg]

[RRepo](tchellomello)home-assistant
(tchellomello)home-assistant/script/hassfest/__main__.py:6: error: No parent module -- cannot perform relative import  [misc]
Found 1 error in 1 file (checked 2364 source files)

[RRepo](loopspace)microbit
(loopspace)microbit/enigma/enigma.py:51: error: Name 'pin12' is not defined  [name-defined]
(loopspace)microbit/enigma/enigma.py:51: error: Name 'pin13' is not defined  [name-defined]
(loopspace)microbit/enigma/enigma.py:51: error: Name 'pin14' is not defined  [name-defined]
(loopspace)microbit/enigma/enigma.py:51: error: Name 'pin15' is not defined  [name-defined]
(loopspace)microbit/enigma/enigma.py:51: error: Name 'pin16' is not defined  [name-defined]
(loopspace)microbit/enigma/enigma.py:66: error: Name 'display' is not defined  [name-defined]
(loopspace)microbit/enigma/enigma.py:69: error: Name 'display' is not defined  [name-defined]
(loopspace)microbit/enigma/enigma.py:70: error: Name 'sleep' is not defined  [name-defined]
(loopspace)microbit/enigma/enigma.py:71: error: Name 'display' is not defined  [name-defined]
(loopspace)microbit/lego/acrobot/acrobot_capacitor.py:9: error: Name 'pin1' is not defined  [name-defined]
(loopspace)microbit/lego/acrobot/acrobot_capacitor.py:21: error: Name 'pin1' is not defined  [name-defined]
(loopspace)microbit/lego/acrobot/acrobot.py:10: error: Name 'pin1' is not defined  [name-defined]
(loopspace)microbit/minimove/main.py:4: error: Name 'pin0' is not defined  [name-defined]
(loopspace)microbit/minimove/main.py:7: error: Name 'pin1' is not defined  [name-defined]
(loopspace)microbit/minimove/main.py:8: error: Name 'pin2' is not defined  [name-defined]
(loopspace)microbit/minimove/main.py:55: error: Name 'accelerometer' is not defined  [name-defined]
(loopspace)microbit/minimove/main.py:56: error: Name 'button_a' is not defined  [name-defined]
(loopspace)microbit/minimove/main.py:60: error: Name 'button_b' is not defined  [name-defined]
(loopspace)microbit/minimove/main.py:65: error: Name 'display' is not defined  [name-defined]
(loopspace)microbit/minimove/main.py:71: error: Name 'running_time' is not defined  [name-defined]
(loopspace)microbit/minimove/main.py:73: error: Name 'display' is not defined  [name-defined]
(loopspace)microbit/minimove/main.py:73: error: Name 'Image' is not defined  [name-defined]
(loopspace)microbit/minimove/main.py:74: error: Name 'running_time' is not defined  [name-defined]
(loopspace)microbit/minimove/main.py:78: error: Name 'running_time' is not defined  [name-defined]
(loopspace)microbit/minimove/main.py:82: error: Name 'display' is not defined  [name-defined]
(loopspace)microbit/minimove/main.py:82: error: Name 'Image' is not defined  [name-defined]
(loopspace)microbit/minimove/main.py:85: error: Name 'running_time' is not defined  [name-defined]
(loopspace)microbit/minimove/main.py:87: error: Name 'display' is not defined  [name-defined]
(loopspace)microbit/minimove/main.py:87: error: Name 'Image' is not defined  [name-defined]
(loopspace)microbit/minimove/main.py:88: error: Name 'running_time' is not defined  [name-defined]
(loopspace)microbit/minimove/main.py:92: error: Name 'running_time' is not defined  [name-defined]
(loopspace)microbit/minimove/main.py:96: error: Name 'display' is not defined  [name-defined]
(loopspace)microbit/minimove/main.py:96: error: Name 'Image' is not defined  [name-defined]
(loopspace)microbit/minimove/remove.py:11: error: Name 'pin0' is not defined  [name-defined]
(loopspace)microbit/minimove/remove.py:14: error: Name 'pin1' is not defined  [name-defined]
(loopspace)microbit/minimove/remove.py:15: error: Name 'pin2' is not defined  [name-defined]
(loopspace)microbit/minimove/remove.py:113: error: Name 'display' is not defined  [name-defined]
(loopspace)microbit/minimove/remove.py:113: error: Name 'Image' is not defined  [name-defined]
(loopspace)microbit/minimove/remove.py:120: error: Name 'display' is not defined  [name-defined]
(loopspace)microbit/minimove/remove.py:120: error: Name 'Image' is not defined  [name-defined]
(loopspace)microbit/minimove/remove.py:126: error: Name 'display' is not defined  [name-defined]
(loopspace)microbit/minimove/remove.py:126: error: Name 'Image' is not defined  [name-defined]
(loopspace)microbit/minimove/remove.py:130: error: Name 'display' is not defined  [name-defined]
(loopspace)microbit/minimove/remove.py:130: error: Name 'Image' is not defined  [name-defined]
(loopspace)microbit/ziphalo/test.py:167: error: Name 'display' is not defined  [name-defined]
(loopspace)microbit/ziphalo/test.py:170: error: Name 'display' is not defined  [name-defined]
(loopspace)microbit/ziphalo/gravity.py:12: error: Name 'pin0' is not defined  [name-defined]
(loopspace)microbit/ziphalo/gravity.py:15: error: Name 'running_time' is not defined  [name-defined]
(loopspace)microbit/ziphalo/gravity.py:24: error: Name 'accelerometer' is not defined  [name-defined]
(loopspace)microbit/ziphalo/gravity.py:25: error: Name 'accelerometer' is not defined  [name-defined]
(loopspace)microbit/ziphalo/gravity.py:26: error: Name 'running_time' is not defined  [name-defined]
(loopspace)microbit/ziphalo/gravity.py:27: error: Name 'running_time' is not defined  [name-defined]
(loopspace)microbit/ziphalo/gravity.py:30: error: Incompatible types in assignment (expression has type "float", variable has type "int")  [assignment]
(loopspace)microbit/ziphalo/chase.py:13: error: Name 'pin0' is not defined  [name-defined]
(loopspace)microbit/ziphalo/chase.py:16: error: Name 'running_time' is not defined  [name-defined]
(loopspace)microbit/ziphalo/chase.py:17: error: Name 'running_time' is not defined  [name-defined]
(loopspace)microbit/ziphalo/chase.py:19: error: Name 'running_time' is not defined  [name-defined]
(loopspace)microbit/ziphalo/chase.py:20: error: Name 'running_time' is not defined  [name-defined]
(loopspace)microbit/ziphalo/chase.py:31: error: Name 'button_b' is not defined  [name-defined]
(loopspace)microbit/ziphalo/chase.py:32: error: Name 'display' is not defined  [name-defined]
(loopspace)microbit/ziphalo/chase.py:34: error: Name 'button_a' is not defined  [name-defined]
(loopspace)microbit/ziphalo/chase.py:37: error: Name 'running_time' is not defined  [name-defined]
(loopspace)microbit/ziphalo/chase.py:38: error: Name 'running_time' is not defined  [name-defined]
(loopspace)microbit/ziphalo/chase.py:39: error: Name 'running_time' is not defined  [name-defined]
(loopspace)microbit/ziphalo/chase.py:43: error: Name 'running_time' is not defined  [name-defined]
(loopspace)microbit/ziphalo/chase.py:44: error: Name 'display' is not defined  [name-defined]
(loopspace)microbit/ziphalo/chase.py:51: error: Name 'running_time' is not defined  [name-defined]
(loopspace)microbit/ziphalo/chase.py:53: error: Name 'running_time' is not defined  [name-defined]
(loopspace)microbit/ziphalo/chase.py:58: error: Name 'running_time' is not defined  [name-defined]
(loopspace)microbit/ziphalo/chase.py:67: error: Name 'accelerometer' is not defined  [name-defined]
(loopspace)microbit/ziphalo/chase.py:68: error: Name 'accelerometer' is not defined  [name-defined]
(loopspace)microbit/ziphalo/chase.py:69: error: Name 'running_time' is not defined  [name-defined]
(loopspace)microbit/ziphalo/chase.py:70: error: Name 'running_time' is not defined  [name-defined]
(loopspace)microbit/ziphalo/chase.py:73: error: Incompatible types in assignment (expression has type "float", variable has type "int")  [assignment]
(loopspace)microbit/ziphalo/chase.py:84: error: Name 'display' is not defined  [name-defined]
(loopspace)microbit/ziphalo/chase.py:86: error: Name 'display' is not defined  [name-defined]
(loopspace)microbit/ziphalo/chase.py:89: error: Incompatible types in assignment (expression has type "str", variable has type "int")  [assignment]
(loopspace)microbit/ziphalo/chase.py:89: error: Name 'running_time' is not defined  [name-defined]
(loopspace)microbit/ziphalo/chase.py:90: error: Name 'display' is not defined  [name-defined]
(loopspace)microbit/ziphalo/chase.py:94: error: Name 'running_time' is not defined  [name-defined]
(loopspace)microbit/ziphalo/circuit.py:46: error: Name 'pin0' is not defined  [name-defined]
(loopspace)microbit/ziphalo/circuit.py:67: error: Name 'sleep' is not defined  [name-defined]
(loopspace)microbit/ziphalo/ball.py:41: error: Name 'pin0' is not defined  [name-defined]
(loopspace)microbit/ziphalo/ball.py:53: error: List item 0 has incompatible type "float"; expected "int"  [list-item]
(loopspace)microbit/ziphalo/ball.py:54: error: List item 0 has incompatible type "float"; expected "int"  [list-item]
(loopspace)microbit/ziphalo/ball.py:56: error: Name 'running_time' is not defined  [name-defined]
(loopspace)microbit/ziphalo/ball.py:57: error: Name 'running_time' is not defined  [name-defined]
(loopspace)microbit/ziphalo/ball.py:63: error: Name 'running_time' is not defined  [name-defined]
(loopspace)microbit/ziphalo/ball.py:64: error: Name 'running_time' is not defined  [name-defined]
(loopspace)microbit/ziphalo/ball.py:65: error: Name 'accelerometer' is not defined  [name-defined]
(loopspace)microbit/ziphalo/ball.py:66: error: Name 'accelerometer' is not defined  [name-defined]
(loopspace)microbit/ziphalo/ball.py:75: error: List item 0 has incompatible type "float"; expected "int"  [list-item]
(loopspace)microbit/ziphalo/ball.py:83: error: No overload variant of "__setitem__" of "list" matches argument types "int", "float"  [call-overload]
(loopspace)microbit/ziphalo/ball.py:83: note: Possible overload variants:
(loopspace)microbit/ziphalo/ball.py:83: note:     def __setitem__(self, int, int) -> None
(loopspace)microbit/ziphalo/ball.py:83: note:     def __setitem__(self, slice, Iterable[int]) -> None
(loopspace)microbit/lego/ev3.py:308: error: Cannot determine type of '_protocol'  [has-type]
(loopspace)microbit/lego/ev3.py:309: error: Cannot determine type of '_device'  [has-type]
(loopspace)microbit/lego/ev3.py:310: error: Cannot determine type of '_socket'  [has-type]
(loopspace)microbit/lego/ev3.py:367: error: Incompatible return value type (got "int", expected "bytes")  [return-value]
(loopspace)microbit/lego/ev3.py:520: error: Name 'av' is not defined  [name-defined]
(loopspace)microbit/lego/ev3.py:522: error: Name 'av' is not defined  [name-defined]
(loopspace)microbit/lego/ev3.py:524: error: Name 'av' is not defined  [name-defined]
(loopspace)microbit/lego/ev3.py:526: error: Name 'av' is not defined  [name-defined]
(loopspace)microbit/speed/speed_pc.py:6: error: Need type annotation for 'key'  [var-annotated]
(loopspace)microbit/speed/speed_pc.py:49: error: Module has no attribute "queue"  [attr-defined]
(loopspace)microbit/speed/speed_pc.py:50: error: Module has no attribute "queue"  [attr-defined]
(loopspace)microbit/speed/speed_pygame.py:85: error: Module has no attribute "MICROBITEVENT"  [attr-defined]
(loopspace)microbit/lego/R3ptar.py:41: error: Module has no attribute "queue"  [attr-defined]
(loopspace)microbit/lego/edubot.py:21: error: Module has no attribute "queue"  [attr-defined]
(loopspace)microbit/lego/Track3r.py:32: error: Module has no attribute "queue"  [attr-defined]
Found 108 errors in 16 files (checked 26 source files)

[RRepo](evancasey)demeter
(evancasey)demeter/demeter/rl/_base.py: error: Duplicate module named '_base' (also at '/home/bew/archive/typed_project/(evancasey)demeter/demeter/unsup/_base.py')  [misc]
Found 1 error in 1 file (checked 23 source files)

[RRepo](DeflatedPickle)pkinter
(DeflatedPickle)pkinter/pkinter/center.py:12: error: Invalid type comment or annotation  [valid-type]
(DeflatedPickle)pkinter/pkinter/center.py:28: error: "Toplevel" has no attribute "master"  [attr-defined]
(DeflatedPickle)pkinter/pkinter/hyperlink.py:7: error: Module 'tkinter' has no attribute 'font'  [attr-defined]
(DeflatedPickle)pkinter/pkinter/entryspinbox.py:15: error: Name 'ttk.Spinbox' is not defined  [name-defined]
(DeflatedPickle)pkinter/pkinter_test.py:21: error: Module has no attribute "Toolbar"  [attr-defined]
(DeflatedPickle)pkinter/pkinter_test.py:35: error: Module has no attribute "Statusbar"  [attr-defined]
(DeflatedPickle)pkinter/pkinter_test.py:57: error: Module has no attribute "ToggledLabelFrame"  [attr-defined]
(DeflatedPickle)pkinter/pkinter_test.py:65: error: Module has no attribute "LabeledSeparator"  [attr-defined]
(DeflatedPickle)pkinter/pkinter_test.py:70: error: Module has no attribute "RoundingScale"  [attr-defined]
(DeflatedPickle)pkinter/pkinter_test.py:75: error: Module has no attribute "EntryText"  [attr-defined]
(DeflatedPickle)pkinter/pkinter_test.py:80: error: Module has no attribute "LimitedEntry"  [attr-defined]
(DeflatedPickle)pkinter/pkinter_test.py:85: error: Module has no attribute "ColourPickerButton"  [attr-defined]
(DeflatedPickle)pkinter/pkinter_test.py:90: error: Module has no attribute "EditableLabel"  [attr-defined]
(DeflatedPickle)pkinter/pkinter_test.py:95: error: Module has no attribute "CollapsiblePane"  [attr-defined]
(DeflatedPickle)pkinter/pkinter_test.py:103: error: Module has no attribute "Hyperlink"  [attr-defined]
(DeflatedPickle)pkinter/pkinter_test.py:108: error: Module has no attribute "PageView"  [attr-defined]
(DeflatedPickle)pkinter/pkinter_test.py:129: error: Module has no attribute "BoundButton"  [attr-defined]
(DeflatedPickle)pkinter/pkinter_test.py:134: error: Module has no attribute "ValidEntry"  [attr-defined]
(DeflatedPickle)pkinter/pkinter_test.py:139: error: Module has no attribute "ChoiceBook"  [attr-defined]
(DeflatedPickle)pkinter/pkinter_test.py:156: error: Module has no attribute "PasswordEntry"  [attr-defined]
(DeflatedPickle)pkinter/pkinter_test.py:161: error: Module has no attribute "InvalidEntry"  [attr-defined]
(DeflatedPickle)pkinter/pkinter_test.py:166: error: Module has no attribute "ListBook"  [attr-defined]
(DeflatedPickle)pkinter/pkinter_test.py:183: error: Module has no attribute "AccelLabel"  [attr-defined]
(DeflatedPickle)pkinter/pkinter_test.py:188: error: Module has no attribute "InfoBar"  [attr-defined]
(DeflatedPickle)pkinter/pkinter_test.py:193: error: Module has no attribute "LockButton"  [attr-defined]
(DeflatedPickle)pkinter/pkinter_test.py:198: error: Module has no attribute "ToggleButton"  [attr-defined]
(DeflatedPickle)pkinter/pkinter_test.py:203: error: Module has no attribute "ScaleSwitch"  [attr-defined]
(DeflatedPickle)pkinter/pkinter_test.py:208: error: Module has no attribute "ButtonSwitch"  [attr-defined]
(DeflatedPickle)pkinter/pkinter_test.py:213: error: Module has no attribute "FilePicker"  [attr-defined]
(DeflatedPickle)pkinter/pkinter_test.py:218: error: Module has no attribute "DirectoryPicker"  [attr-defined]
(DeflatedPickle)pkinter/pkinter_test.py:223: error: Module has no attribute "center_on_screen"  [attr-defined]
(DeflatedPickle)pkinter/pkinter_test.py:228: error: Module has no attribute "center_on_parent"  [attr-defined]
Found 32 errors in 4 files (checked 35 source files)

[RRepo](naturalness)sensibility
(naturalness)sensibility/sensibility/sentences.py:25: error: Module 'sensibility' has no attribute 'current_language'  [attr-defined]

[RRepo](benmoran56)esper
(benmoran56)esper/esper.py:63: error: "Processor" has no attribute "priority"  [attr-defined]
(benmoran56)esper/esper.py:248: error: Incompatible types in "yield" (actual type "Tuple[Any, List[Any]]", expected type "Tuple[int, ...]")  [misc]
(benmoran56)esper/examples/benchmark.py:131: error: Need type annotation for 'results'  [var-annotated]
(benmoran56)esper/examples/pythonista_ios_example.py:7: error: Name 'SpriteNode' is not defined  [name-defined]
(benmoran56)esper/examples/pythonista_ios_example.py:32: error: Name 'Scene' is not defined  [name-defined]
(benmoran56)esper/examples/pythonista_ios_example.py:69: error: Name 'run' is not defined  [name-defined]
Found 6 errors in 3 files (checked 10 source files)

[RRepo](automl)RoBO
(automl)RoBO/robo/solver/bayesian_optimization.py: error: Duplicate module named 'bayesian_optimization' (also at '/home/bew/archive/typed_project/(automl)RoBO/robo/fmin/bayesian_optimization.py')  [misc]
Found 1 error in 1 file (checked 84 source files)

[RRepo](damoti)shipmaster
Success: no issues found in 23 source files

[RRepo](wagtail)wagtail
(wagtail)wagtail/wagtail/contrib/routable_page/tests.py: error: Duplicate module named 'tests' (also at '/home/bew/archive/typed_project/(wagtail)wagtail/wagtail/contrib/frontend_cache/tests.py')  [misc]
Found 1 error in 1 file (checked 353 source files)

[RRepo](crate)crate-admin
(crate)crate-admin/setup.py:39: error: Name 'Path' is not defined  [name-defined]
Found 1 error in 1 file (checked 1 source file)

[RRepo](kevinkahn)softconsole
(kevinkahn)softconsole/deprecated/ft5406.py:267: error: Name 'signal' is not defined  [name-defined]
(kevinkahn)softconsole/FuturesEtc/ssdp.py:37: error: Name 'StringIO' is not defined  [name-defined]
(kevinkahn)softconsole/controlevents.py:16: error: Need type annotation for 'ConsoleOpsQueue'  [var-annotated]
(kevinkahn)softconsole/hubs/ha/haremote.py:24: error: Name 'datetime' already defined (possibly by an import)  [no-redef]
(kevinkahn)softconsole/hubs/ha/haremote.py:180: error: Incompatible types in assignment (expression has type "Dict[Any, str]", variable has type "CaseInsensitiveDict[str]")  [assignment]
(kevinkahn)softconsole/hubs/ha/haremote.py:182: error: Incompatible types in assignment (expression has type "Dict[Any, str]", variable has type "CaseInsensitiveDict[str]")  [assignment]
(kevinkahn)softconsole/hubs/ha/haremote.py:373: error: Incompatible types in assignment (expression has type "Response", variable has type "str")  [assignment]
(kevinkahn)softconsole/hubs/ha/haremote.py:375: error: "str" has no attribute "status_code"  [attr-defined]
(kevinkahn)softconsole/hubs/ha/haremote.py:378: error: "str" has no attribute "json"  [attr-defined]

[RRepo](muddyfish)PYKE
(muddyfish)PYKE/node/eval.py: error: Duplicate module named 'eval' (also at '/home/bew/archive/typed_project/(muddyfish)PYKE/eval.py')  [misc]
(muddyfish)PYKE/node/eval.py: error: Are you missing an __init__.py?  [misc]
Found 2 errors in 1 file (checked 117 source files)

[RRepo](Jokiva)Computational-Physics
(Jokiva)Computational-Physics/lecture 5/Problem 1/Problem 1.py: error: Duplicate module named 'Problem 1' (also at '/home/bew/archive/typed_project/(Jokiva)Computational-Physics/lecture 9/Problem 1.py')  [misc]
(Jokiva)Computational-Physics/lecture 5/Problem 1/Problem 1.py: error: Are you missing an __init__.py?  [misc]
Found 2 errors in 1 file (checked 38 source files)

[RRepo](hail-is)hail
(hail-is)hail/hail/python/hail/expr/expressions/indices.py:32: error: No parent module -- cannot perform relative import  [misc]
Found 1 error in 1 file (checked 150 source files)

[RRepo](the-c0d3r)admin-finder
(the-c0d3r)admin-finder/lib/connection.py:21: error: Bracketed expression "[...]" is not valid as a type  [misc]
(the-c0d3r)admin-finder/lib/connection.py:21: note: Did you mean "List[...]"?
(the-c0d3r)admin-finder/lib/connection.py:62: error: Bracketed expression "[...]" is not valid as a type  [misc]
(the-c0d3r)admin-finder/lib/connection.py:62: note: Did you mean "List[...]"?
(the-c0d3r)admin-finder/lib/connection.py:71: error: Bracketed expression "[...]" is not valid as a type  [misc]
(the-c0d3r)admin-finder/lib/connection.py:71: note: Did you mean "List[...]"?
(the-c0d3r)admin-finder/lib/connection.py:105: error: Incompatible types in assignment (expression has type "List[Any]", variable has type "Dict[Any, Any]")  [assignment]

[RRepo](nismod)smif
(nismod)smif/src/smif/http_api/register.py: error: Duplicate module named 'register' (also at '/home/bew/archive/typed_project/(nismod)smif/src/smif/convert/register.py')  [misc]
Found 1 error in 1 file (checked 61 source files)

[RRepo](lkorigin)laniakea
(lkorigin)laniakea/src/webswview/lkswview/software/views.py: error: Duplicate module named 'views' (also at '/home/bew/archive/typed_project/(lkorigin)laniakea/src/webswview/lkswview/api/views.py')  [misc]
Found 1 error in 1 file (checked 77 source files)

[RRepo](CenterForOpenScience)modular-file-renderer
(CenterForOpenScience)modular-file-renderer/mfr/providers/osf/provider.py: error: Duplicate module named 'provider' (also at '/home/bew/archive/typed_project/(CenterForOpenScience)modular-file-renderer/mfr/providers/http/provider.py')  [misc]
Found 1 error in 1 file (checked 86 source files)

[RRepo](ChristianKuehnel)plantgateway
(ChristianKuehnel)plantgateway/plantgw/plantgw.py:26: error: Module 'plantgw' has no attribute '__version__'  [attr-defined]
(ChristianKuehnel)plantgateway/plantgw/plantgw.py:225: error: "None" has no attribute "publish"  [attr-defined]
(ChristianKuehnel)plantgateway/plantgw/plantgw.py:302: error: "None" has no attribute "publish"  [attr-defined]
Found 3 errors in 1 file (checked 2 source files)

[RRepo](mirceamironenco)GANs
Success: no issues found in 3 source files

[RRepo](MobSF)Mobile-Security-Framework-MobSF
(MobSF)Mobile-Security-Framework-MobSF/StaticAnalyzer/views/android/db_interaction.py: error: Duplicate module named 'db_interaction' (also at '/home/bew/archive/typed_project/(MobSF)Mobile-Security-Framework-MobSF/StaticAnalyzer/views/ios/db_interaction.py')  [misc]
Found 1 error in 1 file (checked 43 source files)

