(Darkness4)csgo-gsi-arduino-lcd/csgo_gsi_arduino_lcd/appui.py:136: error: Incompatible types in assignment (expression has type "ServerThread", variable has type "None")  [assignment]
(abiosoft)dotfiles/i3/window.py:234: error: Incompatible types in assignment (expression has type "str", variable has type "bytes")  [assignment]
(abiosoft)dotfiles/i3/window.py:253: error: Incompatible types in assignment (expression has type "bytes", variable has type "str")  [assignment]
(micropython)micropython/tests/basics/builtin_override.py:7: error: Incompatible types in assignment (expression has type "Callable[[SupportsAbs[_T]], int]", variable has type "Callable[[SupportsAbs[_T]], _T]")  [assignment]
(micropython)micropython/tests/basics/builtin_override.py:29: error: Incompatible types in assignment (expression has type "Callable[[Any, Any, Any, Any, Any], Any]", variable has type "Callable[[str, Optional[Mapping[str, Any]], Optional[Mapping[str, Any]], Sequence[str], int], Any]")  [assignment]
(micropython)micropython/py/makeqstrdata.py:20: error: Incompatible types in assignment (expression has type "Type[bytes]", variable has type "Callable[[Any, Any], bytearray]")  [assignment]
(HurricaneLabs)machinae/src/machinae/outputs.py:69: error: Incompatible types in assignment (expression has type "List[str]", variable has type "Iterator[Any]")  [assignment]
(Bertrand256)dash-masternode-tool/src/ext_item_model.py:173: error: Incompatible types in assignment (expression has type "int", variable has type "None")  [assignment]
(Bertrand256)dash-masternode-tool/src/hw_common.py:71: error: Incompatible types in assignment (expression has type "str", variable has type "bytes")  [assignment]
(SunDwarf)asyncqlio/asyncqlio/meta.py:68: error: Incompatible types in assignment (expression has type "classmethod", variable has type "Callable[[], Any]")  [assignment]
(SunDwarf)asyncqlio/asyncqlio/db.py:56: error: Incompatible types in assignment (expression has type "object", variable has type "str")  [assignment]
(SunDwarf)asyncqlio/asyncqlio/orm/ddl/migration_tool.py:67: error: Incompatible types in assignment (expression has type "DummyTqdmFile", variable has type "TextIO")  [assignment]
(SunDwarf)asyncqlio/asyncqlio/backends/sqlite3/aiosqlite3.py:97: error: Incompatible types in assignment (expression has type "AbstractEventLoop", variable has type "None")  [assignment]
(osrsbox)osrsbox-db/extraction_tools_wiki/infobox_cleaner.py:59: error: Incompatible types in assignment (expression has type "bool", variable has type "str")  [assignment]
(osrsbox)osrsbox-db/extraction_tools_wiki/infobox_cleaner.py:61: error: Incompatible types in assignment (expression has type "bool", variable has type "str")  [assignment]
(osrsbox)osrsbox-db/extraction_tools_wiki/infobox_cleaner.py:64: error: Incompatible types in assignment (expression has type "bool", variable has type "str")  [assignment]
(osrsbox)osrsbox-db/extraction_tools_wiki/infobox_cleaner.py:85: error: Incompatible types in assignment (expression has type "int", variable has type "str")  [assignment]
(osrsbox)osrsbox-db/extraction_tools_wiki/infobox_cleaner.py:88: error: Incompatible types in assignment (expression has type "int", variable has type "str")  [assignment]
(osrsbox)osrsbox-db/extraction_tools_wiki/infobox_cleaner.py:110: error: Incompatible types in assignment (expression has type "int", variable has type "str")  [assignment]
(osrsbox)osrsbox-db/extraction_tools_wiki/infobox_cleaner.py:113: error: Incompatible types in assignment (expression has type "int", variable has type "str")  [assignment]
(osrsbox)osrsbox-db/extraction_tools_wiki/infobox_cleaner.py:116: error: Incompatible types in assignment (expression has type "int", variable has type "str")  [assignment]
(osrsbox)osrsbox-db/extraction_tools_wiki/infobox_cleaner.py:173: error: Incompatible types in assignment (expression has type "int", variable has type "str")  [assignment]
(osrsbox)osrsbox-db/extraction_tools_wiki/infobox_cleaner.py:180: error: Incompatible types in assignment (expression has type "float", variable has type "str")  [assignment]
(osrsbox)osrsbox-db/extraction_tools_wiki/infobox_cleaner.py:183: error: Incompatible types in assignment (expression has type "float", variable has type "str")  [assignment]
(osrsbox)osrsbox-db/extraction_tools_wiki/infobox_cleaner.py:186: error: Incompatible types in assignment (expression has type "float", variable has type "str")  [assignment]
(osrsbox)osrsbox-db/extraction_tools_wiki/infobox_cleaner.py:189: error: Incompatible types in assignment (expression has type "float", variable has type "str")  [assignment]
(osrsbox)osrsbox-db/extraction_tools_wiki/infobox_cleaner.py:192: error: Incompatible types in assignment (expression has type "float", variable has type "str")  [assignment]
(osrsbox)osrsbox-db/extraction_tools_wiki/infobox_cleaner.py:195: error: Incompatible types in assignment (expression has type "float", variable has type "str")  [assignment]
(osrsbox)osrsbox-db/extraction_tools_wiki/infobox_cleaner.py:198: error: Incompatible types in assignment (expression has type "float", variable has type "str")  [assignment]
(osrsbox)osrsbox-db/extraction_tools_wiki/infobox_cleaner.py:201: error: Incompatible types in assignment (expression has type "int", variable has type "str")  [assignment]
(osrsbox)osrsbox-db/extraction_tools_wiki/infobox_cleaner.py:203: error: Incompatible types in assignment (expression has type "int", variable has type "str")  [assignment]
(osrsbox)osrsbox-db/extraction_tools_wiki/infobox_cleaner.py:205: error: Incompatible types in assignment (expression has type "int", variable has type "str")  [assignment]
(osrsbox)osrsbox-db/extraction_tools_wiki/infobox_cleaner.py:207: error: Incompatible types in assignment (expression has type "int", variable has type "str")  [assignment]
(osrsbox)osrsbox-db/extraction_tools_wiki/infobox_cleaner.py:209: error: Incompatible types in assignment (expression has type "int", variable has type "str")  [assignment]
(osrsbox)osrsbox-db/extraction_tools_wiki/infobox_cleaner.py:211: error: Incompatible types in assignment (expression has type "int", variable has type "str")  [assignment]
(osrsbox)osrsbox-db/extraction_tools_wiki/infobox_cleaner.py:230: error: Incompatible types in assignment (expression has type "bool", variable has type "str")  [assignment]
(osrsbox)osrsbox-db/extraction_tools_wiki/infobox_cleaner.py:232: error: Incompatible types in assignment (expression has type "bool", variable has type "str")  [assignment]
(osrsbox)osrsbox-db/extraction_tools_wiki/infobox_cleaner.py:234: error: Incompatible types in assignment (expression has type "bool", variable has type "str")  [assignment]
(osrsbox)osrsbox-db/extraction_tools_wiki/infobox_cleaner.py:237: error: Incompatible types in assignment (expression has type "bool", variable has type "str")  [assignment]
(osrsbox)osrsbox-db/extraction_tools_wiki/infobox_cleaner.py:260: error: Incompatible types in assignment (expression has type "datetime", variable has type "str")  [assignment]
(osrsbox)osrsbox-db/extraction_tools_wiki/extract_weapon_data.py:132: error: Incompatible types in assignment (expression has type "int", target has type "None")  [assignment]
(osrsbox)osrsbox-db/extraction_tools_wiki/extract_weapon_data.py:135: error: Incompatible types in assignment (expression has type "int", target has type "None")  [assignment]
(osrsbox)osrsbox-db/extraction_tools_wiki/extract_weapon_data.py:138: error: Incompatible types in assignment (expression has type "int", target has type "None")  [assignment]
(osrsbox)osrsbox-db/extraction_tools_wiki/extract_weapon_data.py:141: error: Incompatible types in assignment (expression has type "int", target has type "None")  [assignment]
(osrsbox)osrsbox-db/extraction_tools_wiki/extract_weapon_data.py:144: error: Incompatible types in assignment (expression has type "int", target has type "None")  [assignment]
(osrsbox)osrsbox-db/extraction_tools_wiki/extract_weapon_data.py:244: error: Incompatible types in assignment (expression has type "List[str]", variable has type "str")  [assignment]
(drssoccer55)RLBot/src/main/python/rlbot/utils/rendering/rendering_manager.py:351: error: Incompatible types in assignment (expression has type "Number", variable has type "float")  [assignment]
(drssoccer55)RLBot/src/main/python/rlbot/utils/rendering/rendering_manager.py:352: error: Incompatible types in assignment (expression has type "Number", variable has type "float")  [assignment]
(drssoccer55)RLBot/src/main/python/rlbot/utils/rendering/rendering_manager.py:357: error: Incompatible types in assignment (expression has type "Number", variable has type "float")  [assignment]
(drssoccer55)RLBot/src/main/python/rlbot/botmanager/helper_process_manager.py:44: error: Incompatible types in assignment (expression has type "Popen[bytes]", variable has type "Process")  [assignment]
(akashin)HSE_AI_Labs/Lab_4/Content/Scripts/ue_site.py:16: error: Incompatible types in assignment (expression has type "UnrealEngineOutput", variable has type "TextIO")  [assignment]
(akashin)HSE_AI_Labs/Lab_4/Content/Scripts/ue_site.py:17: error: Incompatible types in assignment (expression has type "UnrealEngineOutput", variable has type "TextIO")  [assignment]
(akashin)HSE_AI_Labs/Lab_5/Content/Scripts/play.py:84: error: Incompatible types in assignment (expression has type "List[str]", target has type "Dict[str, float]")  [assignment]
(akashin)HSE_AI_Labs/Lab_4/Content/Scripts/controller.py:55: error: Incompatible types in assignment (expression has type "UnrealEngineOutput", variable has type "TextIO")  [assignment]
(akashin)HSE_AI_Labs/Lab_4/Content/Scripts/controller.py:56: error: Incompatible types in assignment (expression has type "UnrealEngineOutput", variable has type "TextIO")  [assignment]
(wraeth)kcheck/kcheck/checker.py:157: error: Incompatible types in assignment (expression has type "Callable[[Union[str, bytes, int, _PathLike[Any]], str, int, Optional[str], Optional[str], Optional[str], bool, Optional[Callable[[str, int], int]]], IO[Any]]", variable has type "Callable[[Any, str, int, Optional[str], Optional[str], Optional[str]], IO[Any]]")  [assignment]
(wraeth)kcheck/kcheck/command.py:65: error: Incompatible types in assignment (expression has type "NullHandler", variable has type "FileHandler")  [assignment]
(echolox)smartbcr2k/modifiers/basic.py:146: error: Incompatible types in assignment (expression has type Tuple[Any, Any, ... <9 more items>], base class "Modifier" defined the type as Tuple[Any])  [assignment]
(echolox)smartbcr2k/modifiers/stepsequencer.py:10: error: Incompatible types in assignment (expression has type "Tuple[Any, ...]", base class "Modifier" defined the type as "Tuple[Any]")  [assignment]
(bijij)mp3bot/bot/cogs/admin.py:39: error: Incompatible default for argument "code" (default has type "List[<nothing>]", argument has type "CodeConverter")  [assignment]
(xpac1985)pyASA/pyASA/caller.py:138: error: Incompatible types in assignment (expression has type "str", variable has type "Union[Dict[Any, Any], List[Any], None]")  [assignment]
(xpac1985)pyASA/pyASA/caller.py:140: error: Incompatible types in assignment (expression has type "str", variable has type "Union[Dict[Any, Any], List[Any], None]")  [assignment]
(Intrinsec)comission/comission/CMS/GenericCMS.py:99: error: Incompatible types in assignment (expression has type "Match[Any]", variable has type "str")  [assignment]
(jlafon)PynamoDB/pynamodb/settings.py:23: error: Incompatible types in assignment (expression has type Module, variable has type "Dict[Any, Any]")  [assignment]
(feluxe)very_hungry_pi/vhpi/api/logging.py:59: error: Incompatible types in assignment (expression has type "str", variable has type "int")  [assignment]
(roguelike2d)TekkenBot/GUI_FrameDataOverlay.py:17: error: Incompatible types in assignment (expression has type "int", base class "Enum" defined the type as "str")  [assignment]
(Andrew-Shay)Neuron/build/build.py:127: error: Incompatible types in assignment (expression has type "str", variable has type "TextIO")  [assignment]
(nanobox-io)nanobox-adapter-libcloud/nanobox_libcloud/__init__.py:30: error: Cannot assign to a method  [assignment]
(zdict)zdict/zdict/dictionaries/wiktionary.py:77: error: Incompatible types in assignment (expression has type "List[<nothing>]", target has type "str")  [assignment]
(zdict)zdict/zdict/dictionaries/itaigi.py:105: error: Incompatible types in assignment (expression has type "Dict[Any, Any]", target has type "str")  [assignment]
(zdict)zdict/zdict/dictionaries/itaigi.py:127: error: Incompatible types in assignment (expression has type "Dict[Any, Any]", target has type "str")  [assignment]
(kitelightning)UnrealEnginePython/run_tests.py:17: error: Incompatible types in assignment (expression has type "UnrealEngineOutput", variable has type "TextIO")  [assignment]
(kitelightning)UnrealEnginePython/run_tests.py:18: error: Incompatible types in assignment (expression has type "UnrealEngineOutput", variable has type "TextIO")  [assignment]
(libnano)libnano/libnano/fileio/util.py:21: error: Incompatible types in assignment (expression has type "bytes", variable has type "mmap")  [assignment]
(libnano)libnano/libnano/fileio/gbtofasta.py:17: error: Incompatible types in assignment (expression has type "str", variable has type "Dict[Any, Any]")  [assignment]
(libnano)libnano/libnano/_virtualhelix/strand.py:21: error: Incompatible types in assignment (expression has type "UUID", variable has type "Optional[str]")  [assignment]
(libnano)libnano/libnano/fileio/gb_reader.py:40: error: Incompatible types in assignment (expression has type "List[Dict[Any, Any]]", target has type "Dict[Any, Any]")  [assignment]
(libnano)libnano/libnano/fileio/gb_reader.py:41: error: Incompatible types in assignment (expression has type "str", target has type "Dict[Any, Any]")  [assignment]
(libnano)libnano/libnano/fileio/gb_reader.py:143: error: Incompatible default for argument "isbytes" (default has type "bool", argument has type "str")  [assignment]
(libnano)libnano/libnano/fileio/gb_reader_b.py:50: error: Incompatible types in assignment (expression has type "List[Dict[Any, Any]]", target has type "Dict[Any, Any]")  [assignment]
(libnano)libnano/libnano/fileio/gb_reader_b.py:51: error: Incompatible types in assignment (expression has type "bytes", target has type "Dict[Any, Any]")  [assignment]
(libnano)libnano/libnano/fileio/gb_reader_b.py:280: error: Incompatible types in assignment (expression has type "int", target has type "bytes")  [assignment]
(libnano)libnano/libnano/fileio/gb_reader_b.py:282: error: Incompatible types in assignment (expression has type "int", target has type "bytes")  [assignment]
(libnano)libnano/libnano/fileio/gb_reader_b.py:286: error: Incompatible types in assignment (expression has type "int", target has type "bytes")  [assignment]
(silver-castle)mach9/mach9/http.py:139: error: Incompatible types in assignment (expression has type "List[<nothing>]", variable has type "None")  [assignment]
(silver-castle)mach9/mach9/http.py:152: error: Incompatible types in assignment (expression has type "bytes", variable has type "None")  [assignment]
(WiseDoge)plume/plume/perceptron.py:32: error: Incompatible types in assignment (expression has type "int", variable has type "None")  [assignment]
(WiseDoge)plume/plume/perceptron.py:49: error: Incompatible types in assignment (expression has type "int", variable has type "None")  [assignment]
(e-gun)HipparchiaServer/server/listsandsession/whereclauses.py:64: error: Incompatible types in assignment (expression has type "Dict[<nothing>, <nothing>]", variable has type "Set[Any]")  [assignment]
(e-gun)HipparchiaServer/server/searching/searchdispatching.py:105: error: Incompatible types in assignment (expression has type "Callable[[Arg(int, 'workerid'), Arg(Any, 'foundlineobjects'), Arg(Any, 'searchtuples'), Arg(Any, 'searchobject'), Arg(Any, 'dbconnection')], Any]", variable has type "Callable[[Arg(int, 'workerid'), Arg(Any, 'foundlineobjects'), Arg(Any, 'listofplacestosearch'), Arg(Any, 'searchobject'), Arg(Any, 'dbconnection')], Any]")  [assignment]
(e-gun)HipparchiaServer/server/searching/searchdispatching.py:131: error: Incompatible types in assignment (expression has type "Tuple[List[Any], Any, List[Any], Any]", variable has type "Tuple[List[Any], List[Any], Any]")  [assignment]
(e-gun)HipparchiaServer/server/searching/phrasesearching.py:237: error: Incompatible types in assignment (expression has type "Match[Any]", variable has type "bool")  [assignment]
(e-gun)HipparchiaServer/server/searching/phrasesearching.py:241: error: Incompatible types in assignment (expression has type "Match[Any]", variable has type "bool")  [assignment]
(e-gun)HipparchiaServer/server/hipparchiaobjects/searchfunctionobjects.py:205: error: Cannot assign to a method  [assignment]
(e-gun)HipparchiaServer/server/hipparchiaobjects/searchfunctionobjects.py:206: error: Cannot assign to a method  [assignment]
(e-gun)HipparchiaServer/server/hipparchiaobjects/searchfunctionobjects.py:207: error: Incompatible types in assignment (expression has type "Type[AttributeError]", variable has type "Type[IndexError]")  [assignment]
(e-gun)HipparchiaServer/server/hipparchiaobjects/searchfunctionobjects.py:208: error: Incompatible types in assignment (expression has type "Type[AttributeError]", variable has type "Type[TypeError]")  [assignment]
(e-gun)HipparchiaServer/server/hipparchiaobjects/searchfunctionobjects.py:269: error: Incompatible types in assignment (expression has type "Type[Empty]", variable has type "Type[IndexError]")  [assignment]
(e-gun)HipparchiaServer/server/hipparchiaobjects/searchfunctionobjects.py:271: error: Incompatible types in assignment (expression has type "Type[NotImplementedError]", variable has type "Type[TypeError]")  [assignment]
(e-gun)HipparchiaServer/server/dbsupport/redisdbfunctions.py:36: error: Incompatible types in assignment (expression has type "NullRedis", variable has type Module)  [assignment]
(e-gun)HipparchiaServer/server/dbsupport/miscdbfunctions.py:132: error: Incompatible types in assignment (expression has type "Tuple[Any, Any]", variable has type "List[Any]")  [assignment]
(e-gun)HipparchiaServer/server/dbsupport/miscdbfunctions.py:394: error: Incompatible types in assignment (expression has type "List[str]", variable has type "str")  [assignment]
(e-gun)HipparchiaServer/server/searching/searchfunctions.py:281: error: Incompatible types in assignment (expression has type "Dict[Any, str]", variable has type "List[str]")  [assignment]
(e-gun)HipparchiaServer/server/searching/searchfunctions.py:300: error: Incompatible types in assignment (expression has type "List[Tuple[int, str]]", variable has type "str")  [assignment]
(e-gun)HipparchiaServer/server/searching/searchfunctions.py:329: error: Incompatible types in assignment (expression has type "Dict[Any, str]", variable has type "List[str]")  [assignment]
(e-gun)HipparchiaServer/server/routes/textandindexroutes.py:100: error: Incompatible types in assignment (expression has type "str", variable has type "int")  [assignment]
(e-gun)HipparchiaServer/server/routes/textandindexroutes.py:102: error: Incompatible types in assignment (expression has type "str", variable has type "int")  [assignment]
(e-gun)HipparchiaServer/server/formatting/searchformatting.py:245: error: Incompatible types in assignment (expression has type "str", variable has type "List[str]")  [assignment]
(e-gun)HipparchiaServer/server/formatting/sessionhtmlandjs.py:257: error: Incompatible types in assignment (expression has type "int", target has type "str")  [assignment]
(e-gun)HipparchiaServer/server/formatting/sessionhtmlandjs.py:259: error: Incompatible types in assignment (expression has type "int", target has type "str")  [assignment]
(e-gun)HipparchiaServer/server/formatting/sessionhtmlandjs.py:261: error: Incompatible types in assignment (expression has type "List[Tuple[str, int]]", target has type "str")  [assignment]
(e-gun)HipparchiaServer/server/hipparchiaobjects/lexicaloutputobjects.py:190: error: Incompatible types in assignment (expression has type "str", variable has type "List[str]")  [assignment]
(e-gun)HipparchiaServer/server/configureatstartup.py:62: error: Incompatible types in assignment (expression has type "List[<nothing>]", variable has type "Set[str]")  [assignment]
(alexheretic)apart-gtk/src/apartcore.py:29: error: Incompatible types in assignment (expression has type "Callable[[], None]", variable has type "None")  [assignment]
(alexheretic)apart-gtk/src/restoreentry.py:53: error: Incompatible types in assignment (expression has type "PartitionInfo", variable has type "None")  [assignment]
(alexheretic)apart-gtk/src/cloneentry.py:103: error: Incompatible types in assignment (expression has type "PartitionInfo", variable has type "None")  [assignment]
(alexheretic)apart-gtk/src/running_job.py:55: error: Incompatible types in assignment (expression has type "GridRowTenant", variable has type "None")  [assignment]
(alexheretic)apart-gtk/src/running_job.py:74: error: Incompatible types in assignment (expression has type "Dict[Any, Any]", variable has type "None")  [assignment]
(alexheretic)apart-gtk/src/running_job.py:97: error: Incompatible types in assignment (expression has type "Dict[Any, Any]", variable has type "None")  [assignment]
(TeamSpen210)srctools/srctools/__init__.py:272: error: Incompatible types in assignment (expression has type "str", variable has type "None")  [assignment]
(TeamSpen210)srctools/srctools/__init__.py:274: error: Incompatible types in assignment (expression has type "IO[Any]", variable has type "None")  [assignment]
(TeamSpen210)srctools/srctools/logger.py:247: error: Incompatible types in assignment (expression has type "NullStream", variable has type "TextIO")  [assignment]
(TeamSpen210)srctools/srctools/logger.py:255: error: Incompatible types in assignment (expression has type "NullStream", variable has type "TextIO")  [assignment]
(TeamSpen210)srctools/srctools/logger.py:285: error: Incompatible types in assignment (expression has type "Callable[[Arg(Type[BaseException], 'exc_type'), Arg(BaseException, 'exc_value'), Arg(TracebackType, 'exc_tb')], None]", variable has type "Callable[[Arg(Type[BaseException], 'type_'), Arg(BaseException, 'value'), Arg(TracebackType, 'traceback')], None]")  [assignment]
(TeamSpen210)srctools/srctools/run.py:72: error: Incompatible types in assignment (expression has type "IO[bytes]", variable has type "FileIO")  [assignment]
(TeamSpen210)srctools/srctools/run.py:73: error: Incompatible types in assignment (expression has type "IO[bytes]", variable has type "FileIO")  [assignment]
(flyinactor91)AVWX-Engine/avwx/service.py:105: error: Incompatible types in assignment (expression has type "Tuple[str, str, str]", base class "Service" defined the type as "Tuple[str, str]")  [assignment]
(flyinactor91)AVWX-Engine/avwx/service.py:163: error: Incompatible types in assignment (expression has type "List[str]", variable has type "str")  [assignment]
(flyinactor91)AVWX-Engine/avwx/service.py:167: error: Incompatible types in assignment (expression has type "List[str]", variable has type "str")  [assignment]
(flyinactor91)AVWX-Engine/avwx/__init__.py:175: error: Incompatible types in assignment (expression has type "Station", variable has type "Optional[str]")  [assignment]
(flyinactor91)AVWX-Engine/avwx/__init__.py:176: error: Incompatible types in assignment (expression has type "str", variable has type "Station")  [assignment]
(flyinactor91)AVWX-Engine/avwx/translate.py:136: error: Incompatible types in assignment (expression has type "float", variable has type "str")  [assignment]
(flyinactor91)AVWX-Engine/avwx/translate.py:157: error: Incompatible types in assignment (expression has type "float", variable has type "str")  [assignment]
(flyinactor91)AVWX-Engine/avwx/translate.py:176: error: Incompatible types in assignment (expression has type "float", variable has type "str")  [assignment]
(flyinactor91)AVWX-Engine/avwx/translate.py:354: error: Incompatible types in assignment (expression has type "str", target has type "List[Any]")  [assignment]
(flyinactor91)AVWX-Engine/avwx/translate.py:355: error: Incompatible types in assignment (expression has type "str", target has type "List[Any]")  [assignment]
(gallmerci)bico/bico/core.py:111: error: Incompatible types in assignment (expression has type "float", variable has type "int")  [assignment]
(harag-on-steam)se-blender/src/python/space_engineers/texture_files.py:103: error: Incompatible types in assignment (expression has type "Iterator[TextureFileName]", variable has type "Generator[TextureFileName, None, None]")  [assignment]
(harag-on-steam)se-blender/src/python/space_engineers/texture_files.py:105: error: Incompatible types in assignment (expression has type "List[TextureFileName]", variable has type "Generator[TextureFileName, None, None]")  [assignment]
(harag-on-steam)se-blender/src/python/space_engineers/texture_files.py:106: error: Incompatible types in assignment (expression has type "Iterator[Tuple[Any, Iterator[TextureFileName]]]", variable has type "Generator[TextureFileName, None, None]")  [assignment]
(harag-on-steam)se-blender/src/python/space_engineers/texture_files.py:107: error: Incompatible types in assignment (expression has type "Dict[Any, Dict[Any, Any]]", variable has type "Generator[TextureFileName, None, None]")  [assignment]
(orf)wordinserter/tests/comparison/generate_report.py:101: error: Incompatible types in assignment (expression has type "str", variable has type "Path")  [assignment]
(orf)wordinserter/tests/comparison/generate_report.py:102: error: Incompatible types in assignment (expression has type "str", variable has type "Path")  [assignment]
(danionescu0)robot-camera-platform/communication/MqttConnection.py:36: error: Incompatible types in assignment (expression has type "Callable[[StreamReader], None]", variable has type "None")  [assignment]
(joequant)algobroker/algobroker/__init__.py:19: error: Cannot assign to a method  [assignment]
(alberthdev)spasm-ng/tests/test-runner.py:33: error: Incompatible types in assignment (expression has type "NotImplementedType", variable has type "_SpecialForm")  [assignment]
(alberthdev)spasm-ng/tests/test-runner.py:33: error: Incompatible types in assignment (expression has type "NotImplementedType", variable has type "Type[ByteString]")  [assignment]
(alberthdev)spasm-ng/tests/test-runner.py:33: error: Incompatible types in assignment (expression has type "NotImplementedType", variable has type "Type[Iterable[Any]]")  [assignment]
(alberthdev)spasm-ng/tests/test-runner.py:33: error: Incompatible types in assignment (expression has type "NotImplementedType", variable has type "Type[Sequence[Any]]")  [assignment]
(ofir123)PyPrinter/pyprinter/progress_bar.py:100: error: Incompatible default for argument "frames" (default has type "Tuple[str, str, str, str, str, str, str, str]", argument has type "List[str]")  [assignment]
(ofir123)PyPrinter/pyprinter/progress_bar.py:145: error: Incompatible types in assignment (expression has type "float", variable has type "None")  [assignment]
(HuberTRoy)MusicPlayer/MusicPlayer/apis/netEaseApi.py:226: error: Incompatible types in assignment (expression has type "str", variable has type "List[Any]")  [assignment]
(HuberTRoy)MusicPlayer/MusicPlayer/apis/qqApi.py:15: error: Incompatible types in assignment (expression has type "float", base class "HttpRequest" defined the type as "int")  [assignment]
(HuberTRoy)MusicPlayer/MusicPlayer/apis/xiamiApi.py:40: error: Incompatible types in assignment (expression has type "float", base class "HttpRequest" defined the type as "int")  [assignment]
(HuberTRoy)MusicPlayer/MusicPlayer/features/configDownloadFrameFeatures.py:21: error: Incompatible types in assignment (expression has type "Logger", variable has type Module)  [assignment]
(neitsa)PrepareLanding/tools/appveyor/extract_archive.py:27: error: Incompatible types in assignment (expression has type "float", variable has type "int")  [assignment]
(neitsa)PrepareLanding/tools/appveyor/download_dependencies.py:207: error: Incompatible types in assignment (expression has type "Optional[Path]", variable has type "None")  [assignment]
(lostatc)zielen/zielen/fstools.py:82: error: Incompatible types in assignment (expression has type "List[str]", variable has type "Set[str]")  [assignment]
(lostatc)zielen/zielen/commandbase.py:124: error: Incompatible types in assignment (expression has type "socket", variable has type "None")  [assignment]
(em92)quakelive-local-ratings/qllr/endpoints.py:59: error: Incompatible types in assignment (expression has type "Tuple[int, int, int, int, int, int]", variable has type "Tuple[int, int, int, int, int, int, int, int, int]")  [assignment]
(em92)quakelive-local-ratings/qllr/blueprints/balance_api/methods.py:109: error: Incompatible types in assignment (expression has type "Tuple[List[int], List[int]]", variable has type "Tuple[List[int], List[int], Any]")  [assignment]
(em92)quakelive-local-ratings/qllr/blueprints/balance_api/methods.py:120: error: Incompatible types in assignment (expression has type "Dict[str, Any]", target has type "str")  [assignment]
(em92)quakelive-local-ratings/qllr/blueprints/deprecated/methods.py:77: error: Incompatible types in assignment (expression has type "Dict[str, Any]", target has type "str")  [assignment]
(em92)quakelive-local-ratings/tests/conftest.py:48: error: Incompatible types in assignment (expression has type "IO[Any]", variable has type "BinaryIO")  [assignment]
(wtsi-hgi)hgi-systems/scripts/used-images/investigator/investigator.py:105: error: Incompatible types in assignment (expression has type "Set[str]", target has type "List[str]")  [assignment]
(Stiivi)entigen/entigen/main.py:64: error: Incompatible types in assignment (expression has type "bool", target has type "str")  [assignment]
(Yelp)service_configuration_lib/service_configuration_lib/__init__.py:29: error: Incompatible types in assignment (expression has type "Type[SafeLoader]", variable has type "Type[CSafeLoader]")  [assignment]
(hsolbrig)shexypy/shexypy/shexyinterpreter/ShapeInterpreter.py:91: error: Incompatible types in assignment (expression has type "List[Tuple[Any, ...]]", variable has type "Iterator[Tuple[Any, ...]]")  [assignment]
(mitdbg)aurum-datadiscovery/knowledgerepr/api_gindex.py:6: error: Incompatible types in assignment (expression has type "Type[int]", variable has type "Union[Type[_CData], Callable[[int], None], None]")  [assignment]
(mitdbg)aurum-datadiscovery/knowledgerepr/api_gindex.py:8: error: Incompatible types in assignment (expression has type "Type[int]", variable has type "Union[Type[_CData], Callable[[int], None], None]")  [assignment]
(mitdbg)aurum-datadiscovery/knowledgerepr/test-gindex.py:7: error: Incompatible types in assignment (expression has type "Type[int]", variable has type "Union[Type[_CData], Callable[[int], None], None]")  [assignment]
(mitdbg)aurum-datadiscovery/knowledgerepr/test-gindex.py:9: error: Incompatible types in assignment (expression has type "Type[int]", variable has type "Union[Type[_CData], Callable[[int], None], None]")  [assignment]
(OFAI)hub-toolbox-python3/hub_toolbox/htlogging.py:83: error: Incompatible types in assignment (expression has type "Logging", variable has type "FileLogging")  [assignment]
(BSI-CERT-Bund)cortex-analyzers/analyzers/MISP/mispclient.py:36: error: Incompatible types in assignment (expression has type "Union[List[Any], bool]", variable has type "bool")  [assignment]
(BSI-CERT-Bund)cortex-analyzers/analyzers/GoogleSafebrowsing/safebrowsing.py:55: error: Incompatible types in assignment (expression has type "Dict[str, List[str]]", target has type "Dict[str, str]")  [assignment]
(BSI-CERT-Bund)cortex-analyzers/analyzers/Virusshare/download_hashes.py:22: error: Incompatible types in assignment (expression has type "Dict[str, str]", variable has type "CaseInsensitiveDict[str]")  [assignment]
(BSI-CERT-Bund)cortex-analyzers/analyzers/VMRay/vmrayclient.py:50: error: Incompatible types in assignment (expression has type "Dict[Any, Any]", variable has type "CaseInsensitiveDict[str]")  [assignment]
(pipermerriam)ethereum-abi-utils/tests/common/unit.py:42: error: Incompatible types in assignment (expression has type "int", variable has type "str")  [assignment]
(pipermerriam)ethereum-abi-utils/tests/common/unit.py:44: error: Incompatible types in assignment (expression has type "int", variable has type "str")  [assignment]
(ziyadedher)rpi-display-projects/writer.py:22: error: Incompatible default for argument "delay" (default has type "float", argument has type "int")  [assignment]
(linusg)rpi-backlight/rpi_backlight/__init__.py:108: error: Incompatible types in assignment (expression has type "float", variable has type "int")  [assignment]
(linusg)rpi-backlight/tests/test_backlight.py:28: error: Incompatible types in assignment (expression has type "str", variable has type "float")  [assignment]
(linusg)rpi-backlight/tests/test_backlight.py:52: error: Incompatible types in assignment (expression has type "str", variable has type "float")  [assignment]
(linusg)rpi-backlight/tests/test_backlight.py:82: error: Incompatible types in assignment (expression has type "str", variable has type "bool")  [assignment]
(linusg)rpi-backlight/tests/test_backlight.py:85: error: Incompatible types in assignment (expression has type "int", variable has type "bool")  [assignment]
(sdementen)gnucash-utilities/tests/test_basic.py:10: error: Incompatible types in assignment (expression has type "TextIO", variable has type "StreamWriter")  [assignment]
(sdementen)gnucash-utilities/setup.py:25: error: Incompatible types in assignment (expression has type "Callable[[Any, VarArg(Any), KwArg(Any)], Any]", variable has type overloaded function)  [assignment]
(OpenMineMods)OpenMineMods/API/MultiMC.py:114: error: Incompatible types in assignment (expression has type "object", variable has type "List[Any]")  [assignment]
(rbcarson)councillor-party/insinc.py:193: error: Incompatible types in assignment (expression has type "List[Any]", variable has type "Iterator[Any]")  [assignment]
(jdunkerley)AlteryxAddIns/OmniBus.GroupedRecordID/OmniBus.GroupedRecordID.py:50: error: Incompatible types in assignment (expression has type "str", variable has type "None")  [assignment]
(jdunkerley)AlteryxAddIns/OmniBus.GroupedRecordID/OmniBus.GroupedRecordID.py:56: error: Incompatible types in assignment (expression has type "object", variable has type "bool")  [assignment]
(jdunkerley)AlteryxAddIns/OmniBus.GroupedRecordID/OmniBus.GroupedRecordID.py:70: error: Incompatible types in assignment (expression has type "int", variable has type "None")  [assignment]
(jdunkerley)AlteryxAddIns/OmniBus.GroupedRecordID/OmniBus.GroupedRecordID.py:73: error: Incompatible types in assignment (expression has type "int", variable has type "None")  [assignment]
(jdunkerley)AlteryxAddIns/OmniBus.GroupedRecordID/OmniBus.GroupedRecordID.py:76: error: Incompatible types in assignment (expression has type "int", variable has type "None")  [assignment]
(jdunkerley)AlteryxAddIns/OmniBus.GroupedRecordID/OmniBus.GroupedRecordID.py:79: error: Incompatible types in assignment (expression has type "int", variable has type "None")  [assignment]
(jdunkerley)AlteryxAddIns/OmniBus.GroupedRecordID/OmniBus.GroupedRecordID.py:84: error: Incompatible types in assignment (expression has type "int", variable has type "None")  [assignment]
(jdunkerley)AlteryxAddIns/OmniBus.GroupedRecordID/OmniBus.GroupedRecordID.py:85: error: Incompatible types in assignment (expression has type "int", variable has type "None")  [assignment]
(jdunkerley)AlteryxAddIns/OmniBus.GroupedRecordID/OmniBus.GroupedRecordID.py:88: error: Incompatible types in assignment (expression has type "List[str]", variable has type "None")  [assignment]
(jdunkerley)AlteryxAddIns/OmniBus.GroupedRecordID/OmniBus.GroupedRecordID.py:91: error: Incompatible types in assignment (expression has type "str", variable has type "None")  [assignment]
(jdunkerley)AlteryxAddIns/OmniBus.GroupedRecordID/OmniBus.GroupedRecordID.py:98: error: Incompatible types in assignment (expression has type "str", variable has type "None")  [assignment]
(jdunkerley)AlteryxAddIns/OmniBus.GroupedRecordID/OmniBus.GroupedRecordID.py:113: error: Incompatible types in assignment (expression has type "IncomingInterface", variable has type "None")  [assignment]
(olivierfriard)BORIS/src/boris_cli.py:212: error: Incompatible types in assignment (expression has type "List[Any]", variable has type "Dict[Any, Any]")  [assignment]
(fuomag9)ChaturbateBot/modules/Preferences.py:49: error: Incompatible types in assignment (expression has type "int", variable has type "bool")  [assignment]
(fuomag9)ChaturbateBot/modules/Preferences.py:51: error: Incompatible types in assignment (expression has type "int", variable has type "bool")  [assignment]
(fuomag9)ChaturbateBot/modules/Preferences.py:81: error: Incompatible types in assignment (expression has type "int", variable has type "bool")  [assignment]
(fuomag9)ChaturbateBot/modules/Preferences.py:83: error: Incompatible types in assignment (expression has type "int", variable has type "bool")  [assignment]
(trin5tensa)pigjar/pigjar/pig.py:128: error: Incompatible types in assignment (expression has type "List[EventqItem]", target has type "Dict[Any, Any]")  [assignment]
(trin5tensa)pigjar/pigjar/pig.py:131: error: Incompatible types in assignment (expression has type "List[EventqItem]", target has type "Dict[Any, Any]")  [assignment]
(trin5tensa)pigjar/pigjar/cashflow.py:51: error: Incompatible types in assignment (expression has type "Tuple[None, None]", variable has type "Tuple[Decimal]")  [assignment]
(trin5tensa)pigjar/pigjar/cashflow.py:86: error: Incompatible types in assignment (expression has type "Tuple[Any, Any]", variable has type "Tuple[Decimal]")  [assignment]
(trin5tensa)pigjar/pigjar/impexp.py:229: error: Incompatible types in assignment (expression has type "Tuple[Any, Any, Any, Decimal]", variable has type "str")  [assignment]
(sloria)aiohttp_utils/aiohttp_utils/routing.py:74: error: Incompatible types in assignment (expression has type "List[str]", variable has type "Tuple[Any, ...]")  [assignment]
(mikonapoli)grakn-python/tests/test_grakn.py:34: error: Incompatible types in assignment (expression has type "CaseInsensitiveDict[str]", variable has type "Dict[Any, Any]")  [assignment]
(mikonapoli)grakn-python/tests/test_grakn.py:35: error: Incompatible types in assignment (expression has type "Union[bytes, str]", variable has type "str")  [assignment]
(ChristophGaukel)ev3-python3/ev3_sound.py:306: error: Incompatible types in assignment (expression has type "int", variable has type "None")  [assignment]
(ChristophGaukel)ev3-python3/ev3_sound.py:313: error: Incompatible types in assignment (expression has type "int", variable has type "None")  [assignment]
(ChristophGaukel)ev3-python3/ev3_sound.py:317: error: Incompatible types in assignment (expression has type "int", variable has type "None")  [assignment]
(ChristophGaukel)ev3-python3/ev3_sound.py:321: error: Incompatible types in assignment (expression has type "int", variable has type "None")  [assignment]
(ChristophGaukel)ev3-python3/ev3_sound.py:322: error: Incompatible types in assignment (expression has type "int", variable has type "None")  [assignment]
(fametrano)BitcoinBlockchainTechnology/btclib/mnemonic.py:75: error: Incompatible types in assignment (expression has type "int", target has type "None")  [assignment]
(fametrano)BitcoinBlockchainTechnology/btclib/mnemonic.py:76: error: Incompatible types in assignment (expression has type "int", target has type "None")  [assignment]
(fametrano)BitcoinBlockchainTechnology/btclib/mnemonic.py:78: error: Incompatible types in assignment (expression has type "List[str]", target has type "None")  [assignment]
(fametrano)BitcoinBlockchainTechnology/btclib/bip32.py:191: error: Incompatible types in assignment (expression has type "Sequence[int]", variable has type "List[int]")  [assignment]
(laramies)theHarvester/tests/discovery/test_githubcode.py:33: error: Cannot assign to a method  [assignment]
(laramies)theHarvester/tests/discovery/test_githubcode.py:37: error: Cannot assign to a method  [assignment]
(laramies)theHarvester/tests/discovery/test_githubcode.py:42: error: Cannot assign to a method  [assignment]
(laramies)theHarvester/tests/discovery/test_githubcode.py:64: error: Cannot assign to a method  [assignment]
(laramies)theHarvester/theHarvester/discovery/githubcode.py:59: error: Incompatible types in assignment (expression has type "List[Any]", variable has type "str")  [assignment]
(CoolProp)CoolProp/dev/scripts/fit_saturation_critical_splines.py:277: error: Incompatible types in assignment (expression has type "QuadraticFitter", variable has type "CubicFitter")  [assignment]
(CoolProp)CoolProp/dev/scripts/fit_saturation_critical_splines.py:297: error: Incompatible types in assignment (expression has type "QuadraticFitter", variable has type "CubicFitter")  [assignment]
(CoolProp)CoolProp/dev/scripts/milestone2rst.py:8: error: Incompatible types in assignment (expression has type "bytes", variable has type "str")  [assignment]
(lostatc)codot/codot/commandbase.py:69: error: Incompatible types in assignment (expression has type "socket", variable has type "None")  [assignment]
(lostatc)codot/codot/container.py:293: error: Incompatible types in assignment (expression has type "Dict[<nothing>, <nothing>]", variable has type "None")  [assignment]
(Leixb)jutge_cli/jutge_cli/commands/test.py:147: error: Incompatible types in assignment (expression has type "str", variable has type "List[str]")  [assignment]
(Leixb)jutge_cli/jutge_cli/commands/test.py:149: error: Incompatible types in assignment (expression has type "str", variable has type "List[str]")  [assignment]
(stasfilin)fastread/fastread/core.py:16: error: Incompatible types in assignment (expression has type "List[str]", variable has type "str")  [assignment]
(puhitaku)typedmarshal/typedmarshal/model.py:236: error: Incompatible types in assignment (expression has type "List[bytes]", variable has type "List[str]")  [assignment]
(GerritCodeReview)gerrit/contrib/mitm-ui/serve-app-dev.py:115: error: Incompatible types in assignment (expression has type "bytes", variable has type "str")  [assignment]
(magicgoose)simple_dr_meter/audio_io/audio_io.py:130: error: Incompatible types in assignment (expression has type "str", variable has type "int")  [assignment]
(leyhline)vix-term-structure/vixstructure/utils.py:39: error: Incompatible types in assignment (expression has type "str", target has type "datetime")  [assignment]
(leyhline)vix-term-structure/vixstructure/utils.py:40: error: Incompatible types in assignment (expression has type "int", target has type "datetime")  [assignment]
(leyhline)vix-term-structure/vixstructure/utils.py:41: error: Incompatible types in assignment (expression has type "int", target has type "datetime")  [assignment]
(leyhline)vix-term-structure/vixstructure/utils.py:42: error: Incompatible types in assignment (expression has type "float", target has type "datetime")  [assignment]
(leyhline)vix-term-structure/vixstructure/utils.py:43: error: Incompatible types in assignment (expression has type "str", target has type "datetime")  [assignment]
(leyhline)vix-term-structure/vixstructure/utils.py:44: error: Incompatible types in assignment (expression has type "float", target has type "datetime")  [assignment]
(leyhline)vix-term-structure/vixstructure/utils.py:45: error: Incompatible types in assignment (expression has type "bool", target has type "datetime")  [assignment]
(leyhline)vix-term-structure/vixstructure/utils.py:86: error: Incompatible types in assignment (expression has type "str", target has type "datetime")  [assignment]
(leyhline)vix-term-structure/vixstructure/utils.py:87: error: Incompatible types in assignment (expression has type "int", target has type "datetime")  [assignment]
(leyhline)vix-term-structure/vixstructure/utils.py:88: error: Incompatible types in assignment (expression has type "int", target has type "datetime")  [assignment]
(leyhline)vix-term-structure/vixstructure/utils.py:89: error: Incompatible types in assignment (expression has type "int", target has type "datetime")  [assignment]
(leyhline)vix-term-structure/vixstructure/utils.py:90: error: Incompatible types in assignment (expression has type "float", target has type "datetime")  [assignment]
(leyhline)vix-term-structure/vixstructure/utils.py:91: error: Incompatible types in assignment (expression has type "str", target has type "datetime")  [assignment]
(leyhline)vix-term-structure/vixstructure/utils.py:92: error: Incompatible types in assignment (expression has type "float", target has type "datetime")  [assignment]
(leyhline)vix-term-structure/vixstructure/utils.py:93: error: Incompatible types in assignment (expression has type "bool", target has type "datetime")  [assignment]
(leyhline)vix-term-structure/vixstructure/utils.py:134: error: Incompatible types in assignment (expression has type "str", target has type "datetime")  [assignment]
(leyhline)vix-term-structure/vixstructure/utils.py:135: error: Incompatible types in assignment (expression has type "int", target has type "datetime")  [assignment]
(leyhline)vix-term-structure/vixstructure/utils.py:136: error: Incompatible types in assignment (expression has type "int", target has type "datetime")  [assignment]
(leyhline)vix-term-structure/vixstructure/utils.py:137: error: Incompatible types in assignment (expression has type "int", target has type "datetime")  [assignment]
(leyhline)vix-term-structure/vixstructure/utils.py:138: error: Incompatible types in assignment (expression has type "float", target has type "datetime")  [assignment]
(leyhline)vix-term-structure/vixstructure/utils.py:139: error: Incompatible types in assignment (expression has type "str", target has type "datetime")  [assignment]
(leyhline)vix-term-structure/vixstructure/utils.py:140: error: Incompatible types in assignment (expression has type "float", target has type "datetime")  [assignment]
(pvizeli)ha-ffmpeg/haffmpeg/sensor.py:227: error: Incompatible types in assignment (expression has type "float", variable has type "int")  [assignment]
(pvizeli)ha-ffmpeg/haffmpeg/sensor.py:239: error: Incompatible types in assignment (expression has type "float", variable has type "int")  [assignment]
(pvizeli)ha-ffmpeg/haffmpeg/core.py:49: error: Incompatible types in assignment (expression has type "List[str]", variable has type "None")  [assignment]
(pvizeli)ha-ffmpeg/haffmpeg/core.py:98: error: Incompatible types in assignment (expression has type "List[Any]", variable has type "None")  [assignment]
(pvizeli)ha-ffmpeg/haffmpeg/core.py:276: error: Incompatible types in assignment (expression has type "StreamReader", variable has type "None")  [assignment]
(pvizeli)ha-ffmpeg/haffmpeg/core.py:279: error: Incompatible types in assignment (expression has type "Task[None]", variable has type "None")  [assignment]
(google)graphicsfuzz/third_party/thrift-py/src/main/scripts/transport/sslcompat.py:80: error: Incompatible types in assignment (expression has type "Callable[[Any, Any, Any], Any]", variable has type "Callable[[Any, Any], Any]")  [assignment]
(ros2)rclpy/rclpy/rclpy/impl/rcutils_logger.py:178: error: Incompatible types in assignment (expression has type "Type[SkipFirst]", target has type "Type[Throttle]")  [assignment]
(ros2)rclpy/rclpy/rclpy/impl/rcutils_logger.py:179: error: Incompatible types in assignment (expression has type "Type[Once]", target has type "Type[Throttle]")  [assignment]
(GrxE)PyQJsonModel/PyQtJsonModel.py:141: error: Incompatible default for argument "role" (default has type "ellipsis", argument has type "int")  [assignment]
(GrxE)PyQJsonModel/PyQtJsonModel.py:158: error: Incompatible default for argument "role" (default has type "ellipsis", argument has type "int")  [assignment]
(abhishek-ram)pyas2-lib/pyas2lib/utils.py:241: error: Incompatible types in assignment (expression has type "datetime", target has type "None")  [assignment]
(abhishek-ram)pyas2-lib/pyas2lib/utils.py:244: error: Incompatible types in assignment (expression has type "datetime", target has type "None")  [assignment]
(abhishek-ram)pyas2-lib/pyas2lib/utils.py:248: error: Incompatible types in assignment (expression has type "List[Tuple[Any, ...]]", target has type "None")  [assignment]
(abhishek-ram)pyas2-lib/pyas2lib/utils.py:251: error: Incompatible types in assignment (expression has type "List[Tuple[Any, ...]]", target has type "None")  [assignment]
(mnot)redbot/bin/redbot_cgi.py:82: error: Incompatible types in assignment (expression has type "Callable[[str], int]", variable has type "Optional[Callable[[str], None]]")  [assignment]
(python)typeshed/tests/pytype_test.py:105: error: Incompatible types in assignment (expression has type "object", target has type "str")  [assignment]
(tonyfast)whatever-forever/whatever/chain.py:295: error: Incompatible types in assignment (expression has type "ThisComposer", base class "_x" defined the type as "SugarComposer")  [assignment]
(Chaithi)Discord-Dice-Roller-Bot/diceBot.py:107: error: Incompatible types in assignment (expression has type "str", variable has type "int")  [assignment]
(Chaithi)Discord-Dice-Roller-Bot/diceBot.py:109: error: Incompatible types in assignment (expression has type "str", variable has type "int")  [assignment]
(Chaithi)Discord-Dice-Roller-Bot/diceBot.py:111: error: Incompatible types in assignment (expression has type "str", variable has type "int")  [assignment]
(Chaithi)Discord-Dice-Roller-Bot/diceBot.py:113: error: Incompatible types in assignment (expression has type "str", variable has type "int")  [assignment]
(Chaithi)Discord-Dice-Roller-Bot/diceBot.py:115: error: Incompatible types in assignment (expression has type "str", variable has type "int")  [assignment]
(Chaithi)Discord-Dice-Roller-Bot/diceBot.py:118: error: Incompatible types in assignment (expression has type "str", variable has type "int")  [assignment]
(5j9)wikitextparser/wikitextparser/_wikilist.py:115: error: Incompatible types in assignment (expression has type "object", variable has type "Tuple[str, ...]")  [assignment]
(partizand)gnucashreport/src/gnucashreport/formatreport.py:39: error: Incompatible types in assignment (expression has type "int", variable has type "str")  [assignment]
(partizand)gnucashreport/src/gnucashreport/formatreport.py:41: error: Incompatible types in assignment (expression has type "int", variable has type "str")  [assignment]
(partizand)gnucashreport/src/gnucashreport/formatreport.py:45: error: Incompatible types in assignment (expression has type "int", variable has type "str")  [assignment]
(partizand)gnucashreport/src/gnucashreport/formatreport.py:60: error: Incompatible types in assignment (expression has type "FormatExpense", variable has type "FormatIncome")  [assignment]
(partizand)gnucashreport/src/gnucashreport/formatreport.py:62: error: Incompatible types in assignment (expression has type "FormatProfit", variable has type "FormatIncome")  [assignment]
(partizand)gnucashreport/src/gnucashreport/formatreport.py:64: error: Incompatible types in assignment (expression has type "FormatAssets", variable has type "FormatIncome")  [assignment]
(partizand)gnucashreport/src/gnucashreport/formatreport.py:66: error: Incompatible types in assignment (expression has type "FormatLoans", variable has type "FormatIncome")  [assignment]
(partizand)gnucashreport/src/gnucashreport/formatreport.py:68: error: Incompatible types in assignment (expression has type "FormatEquity", variable has type "FormatIncome")  [assignment]
(partizand)gnucashreport/src/gnucashreport/formatreport.py:70: error: Incompatible types in assignment (expression has type "FormatReturns", variable has type "FormatIncome")  [assignment]
(partizand)gnucashreport/src/gnucashreport/formatreport.py:72: error: Incompatible types in assignment (expression has type "FormatInflation", variable has type "FormatIncome")  [assignment]
(partizand)gnucashreport/src/gnucashreport/formatreport.py:74: error: Incompatible types in assignment (expression has type "FormatInflation", variable has type "FormatIncome")  [assignment]
(partizand)gnucashreport/src/gnucashreport/formatreport.py:77: error: Incompatible types in assignment (expression has type "_FormatReport", variable has type "FormatIncome")  [assignment]
(barry-scott)scm-workbench/WebSite/build-web-site.py:63: error: Incompatible types in assignment (expression has type "Path", variable has type "str")  [assignment]
(yonjuuni)namecheapapi/namecheapapi/api/session.py:68: error: Incompatible types in assignment (expression has type "int", variable has type "None")  [assignment]
(CIRCL)url-abuse/website/web/__init__.py:68: error: Cannot assign to a method  [assignment]
(mark-nicholson)python-editline/editline/editline.py:74: error: Incompatible types in assignment (expression has type "str", target has type "List[str]")  [assignment]
(webpwnized)cryptography/affinity.py:201: error: Incompatible types in assignment (expression has type "bytes", variable has type "bytearray")  [assignment]
(webpwnized)cryptography/substitute.py:189: error: Incompatible types in assignment (expression has type "bytes", variable has type "bytearray")  [assignment]
(webpwnized)cryptography/visionary.py:101: error: Incompatible types in assignment (expression has type "bytes", variable has type "bytearray")  [assignment]
(webpwnized)cryptography/content-scrambing-system.py:147: error: Incompatible types in assignment (expression has type "bytes", variable has type "bytearray")  [assignment]
(webpwnized)cryptography/shifty.py:67: error: Incompatible types in assignment (expression has type "bytes", variable has type "bytearray")  [assignment]
(eseifert)madam/madam/vector.py:105: error: Incompatible types in assignment (expression has type "float", target has type "str")  [assignment]
(eseifert)madam/madam/vector.py:107: error: Incompatible types in assignment (expression has type "float", target has type "str")  [assignment]
(AlvarBer)Persimmon/persimmon/view/blocks/smart_bubble.py:50: error: Incompatible types in assignment (expression has type "Iterator[Any]", variable has type "Generator[Any, None, None]")  [assignment]
(joshbuddy)slick/setup.py:32: error: Incompatible types in assignment (expression has type "IO[Any]", variable has type "TextIO")  [assignment]
(BitLooter)htmlark/htmlark.py:64: error: Incompatible types in assignment (expression has type "Tuple[Optional[str], Optional[str]]", variable has type "str")  [assignment]
(Synedh)showdown-battle-bot/src/move_efficiency.py:35: error: Incompatible types in assignment (expression has type "float", variable has type "int")  [assignment]
(PaulKlinger)Enhance-GoodReads-Export/enhance_goodreads_export_gui.py:24: error: Incompatible types in assignment (expression has type "IOQueue", variable has type "TextIO")  [assignment]
(alexarnautu)deenux/src/deenuxapi/deezer/Request.py:56: error: Incompatible types in assignment (expression has type Module, variable has type "Response")  [assignment]
(wongcyrus)ExcelLexBot/builder/converter/ExcelConverterBase.py:43: error: Incompatible types in assignment (expression has type "bytes", variable has type "str")  [assignment]
(nnadeau)pybotics/utilities/print_system_specs.py:17: error: Incompatible types in assignment (expression has type "List[Dict[Any, Any]]", target has type "str")  [assignment]
(bosondata)chrome-prerender/prerender/app.py:33: error: Incompatible types in assignment (expression has type "Tuple[Any, Any]", variable has type "Tuple[Callable[[str], str]]")  [assignment]
(PetterKraabol)Twitch-Chat-Downloader/tcd/arguments.py:43: error: Incompatible types in assignment (expression has type "Union[str, bool, int]", variable has type "str")  [assignment]
(PetterKraabol)Twitch-Chat-Downloader/tcd/arguments.py:44: error: Incompatible types in assignment (expression has type "Union[str, bool, int]", variable has type "str")  [assignment]
(PetterKraabol)Twitch-Chat-Downloader/tcd/arguments.py:45: error: Incompatible types in assignment (expression has type "Union[str, bool, int]", variable has type "bool")  [assignment]
(PetterKraabol)Twitch-Chat-Downloader/tcd/arguments.py:46: error: Incompatible types in assignment (expression has type "Union[str, bool, int]", variable has type "bool")  [assignment]
(PetterKraabol)Twitch-Chat-Downloader/tcd/arguments.py:47: error: Incompatible types in assignment (expression has type "Union[str, bool, int]", variable has type "bool")  [assignment]
(PetterKraabol)Twitch-Chat-Downloader/tcd/arguments.py:48: error: Incompatible types in assignment (expression has type "Union[str, bool, int]", variable has type "bool")  [assignment]
(PetterKraabol)Twitch-Chat-Downloader/tcd/arguments.py:49: error: Incompatible types in assignment (expression has type "Union[str, bool, int]", variable has type "bool")  [assignment]
(PetterKraabol)Twitch-Chat-Downloader/tcd/arguments.py:50: error: Incompatible types in assignment (expression has type "Union[str, bool, int]", variable has type "bool")  [assignment]
(PetterKraabol)Twitch-Chat-Downloader/tcd/arguments.py:51: error: Incompatible types in assignment (expression has type "Union[str, bool, int]", variable has type "bool")  [assignment]
(PetterKraabol)Twitch-Chat-Downloader/tcd/arguments.py:52: error: Incompatible types in assignment (expression has type "Union[str, bool, int]", variable has type "str")  [assignment]
(PetterKraabol)Twitch-Chat-Downloader/tcd/arguments.py:53: error: Incompatible types in assignment (expression has type "Union[str, bool, int]", variable has type "bool")  [assignment]
(PetterKraabol)Twitch-Chat-Downloader/tcd/arguments.py:56: error: Incompatible types in assignment (expression has type "Union[str, bool, int]", variable has type "Optional[str]")  [assignment]
(PetterKraabol)Twitch-Chat-Downloader/tcd/arguments.py:57: error: Incompatible types in assignment (expression has type "Union[str, bool, int]", variable has type "Optional[int]")  [assignment]
(PetterKraabol)Twitch-Chat-Downloader/tcd/arguments.py:58: error: Incompatible types in assignment (expression has type "Union[str, bool, int]", variable has type "Optional[str]")  [assignment]
(PetterKraabol)Twitch-Chat-Downloader/tcd/arguments.py:59: error: Incompatible types in assignment (expression has type "Union[str, bool, int]", variable has type "Optional[str]")  [assignment]
(miracle2k)k8s-snapshots/k8s_snapshots/errors.py:26: error: Incompatible types in assignment (expression has type "BaseException", variable has type "StructuredError")  [assignment]
(miracle2k)k8s-snapshots/k8s_snapshots/rule.py:52: error: Incompatible default for argument "name" (default has type "bool", argument has type "str")  [assignment]
(cbozi)edge-server-placement/src/run_and_print.py:42: error: Incompatible types in assignment (expression has type "KMeansServerPlacer", target has type "MIPServerPlacer")  [assignment]
(cbozi)edge-server-placement/src/run_and_print.py:43: error: Incompatible types in assignment (expression has type "TopKServerPlacer", target has type "MIPServerPlacer")  [assignment]
(cbozi)edge-server-placement/src/run_and_print.py:44: error: Incompatible types in assignment (expression has type "RandomServerPlacer", target has type "MIPServerPlacer")  [assignment]
(DwangoMediaVillage)pqkmeans/pqkmeans/encoder/pq_encoder.py:22: error: Incompatible types in assignment (expression has type "int", variable has type "None")  [assignment]
(arraylabs)pymyq/pymyq/device.py:170: error: Incompatible types in assignment (expression has type "datetime", variable has type "None")  [assignment]
(arraylabs)pymyq/pymyq/device.py:188: error: Incompatible types in assignment (expression has type "datetime", variable has type "None")  [assignment]
(arraylabs)pymyq/pymyq/api.py:219: error: Incompatible types in assignment (expression has type "datetime", variable has type "None")  [assignment]
(arraylabs)pymyq/pymyq/api.py:223: error: Incompatible types in assignment (expression has type "Dict[str, str]", variable has type "None")  [assignment]
(ESultanik)lenticrypt/lenticrypt/__main__.py:39: error: Incompatible types in assignment (expression has type "BinaryIO", variable has type "TextIO")  [assignment]
(WEEE-Open)weeelab-telegram-bot/ToLab.py:26: error: Incompatible types in assignment (expression has type "int", target has type "str")  [assignment]
(sirex)gramtool/gramtool/hunspell.py:22: error: Incompatible types in assignment (expression has type "bytes", variable has type "str")  [assignment]
(sirex)gramtool/gramtool/hunspell.py:31: error: Incompatible types in assignment (expression has type "bytes", variable has type "str")  [assignment]
(mesgarpour)T-CARER/ReadersWriters/_TextFile.py:65: error: Incompatible types in assignment (expression has type "str", variable has type "None")  [assignment]
(mesgarpour)T-CARER/ReadersWriters/PyConfigParser.py:132: error: Incompatible types in assignment (expression has type "Dict[Any, Any]", variable has type "List[Any]")  [assignment]
(mesgarpour)T-CARER/ReadersWriters/PyConfigParser.py:164: error: Incompatible types in assignment (expression has type "List[str]", target has type "Dict[Any, Any]")  [assignment]
(mesgarpour)T-CARER/ReadersWriters/PyConfigParser.py:170: error: Incompatible default for argument "append" (default has type "bool", argument has type "str")  [assignment]
(mesgarpour)T-CARER/ReadersWriters/PyConfigParser.py:179: error: Cannot assign to a method  [assignment]
(mesgarpour)T-CARER/ReadersWriters/PyConfigParser.py:179: error: Incompatible types in assignment (expression has type "Type[str]", variable has type "Callable[[str], str]")  [assignment]
(mesgarpour)T-CARER/Stats/YeoJohnson.py:43: error: Incompatible default for argument "derivative" (default has type "int", argument has type "Callable[[int, float], None]")  [assignment]
(mesgarpour)T-CARER/Stats/TrainingMethod.py:122: error: Incompatible types in assignment (expression has type "Optional[List[Any]]", variable has type "None")  [assignment]
(mesgarpour)T-CARER/Stats/TrainingMethod.py:138: error: Incompatible types in assignment (expression has type "List[Any]", variable has type "None")  [assignment]
(mesgarpour)T-CARER/Stats/TrainingMethod.py:233: error: Incompatible types in assignment (expression has type "Dict[Any, Any]", target has type "str")  [assignment]
(mesgarpour)T-CARER/Stats/TrainingMethod.py:250: error: Incompatible types in assignment (expression has type "Dict[Any, Any]", target has type "str")  [assignment]
(mesgarpour)T-CARER/Features/FeatureParserThread.py:111: error: Incompatible types in assignment (expression has type "List[str]", variable has type "str")  [assignment]
(mesgarpour)T-CARER/Features/FeatureParserThread.py:112: error: Incompatible types in assignment (expression has type "List[str]", variable has type "str")  [assignment]
(mesgarpour)T-CARER/Features/FeatureParserThread.py:113: error: Incompatible types in assignment (expression has type "List[object]", variable has type "str")  [assignment]
(mesgarpour)T-CARER/Features/FeatureParserThread.py:114: error: Incompatible types in assignment (expression has type "List[str]", variable has type "str")  [assignment]
(JuliusKunze)thalnet/main.py:59: error: Incompatible types in assignment (expression has type "Classifier", variable has type "Callable[[], Classifier]")  [assignment]
(scipag)btle-sniffer/src/btlesniffer/device.py:196: error: Incompatible types in assignment (expression has type "str", variable has type "int")  [assignment]
(SunDwarf)Kyoukai/kyoukai/util.py:74: error: Incompatible default for argument "response_class" (default has type "Type[Response]", argument has type "Response")  [assignment]
(SunDwarf)Kyoukai/kyoukai/testing.py:117: error: Incompatible types in assignment (expression has type "BytesIO", variable has type "Optional[str]")  [assignment]
(SunDwarf)Kyoukai/kyoukai/backends/uwsgi.py:158: error: Incompatible types in assignment (expression has type "AbstractEventLoop", variable has type "None")  [assignment]
(SunDwarf)Kyoukai/kyoukai/__init__.py:36: error: Incompatible types in assignment (expression has type "Callable[[FormDataParser, Any, Any, Any, Any], Any]", target has type "Callable[[IO[bytes], str, Optional[int], Mapping[str, str]], Tuple[IO[bytes], Any, Any]]")  [assignment]
(google)tink/python/core/primitive_set.py:89: error: Incompatible types in assignment (expression has type "Entry", variable has type "None")  [assignment]
(bukson)steampy/steampy/market.py:30: error: Incompatible types in assignment (expression has type "Dict[Any, Any]", variable has type "None")  [assignment]
(bukson)steampy/steampy/market.py:31: error: Incompatible types in assignment (expression has type "str", variable has type "None")  [assignment]
(OpenDataScienceLab)skdata/skdata/cleaning.py:81: error: Incompatible default for argument "max_na_values" (default has type "float", argument has type "int")  [assignment]
(OpenDataScienceLab)skdata/skdata/cleaning.py:111: error: Incompatible default for argument "max_unique_values" (default has type "float", argument has type "int")  [assignment]
(pschmitt)hass-config/bin/travis_gen_secrets.py:47: error: Incompatible types in assignment (expression has type "str", variable has type "float")  [assignment]
(pschmitt)hass-config/bin/travis_gen_secrets.py:49: error: Incompatible types in assignment (expression has type "str", variable has type "float")  [assignment]
(pschmitt)hass-config/bin/travis_gen_secrets.py:51: error: Incompatible types in assignment (expression has type "str", variable has type "float")  [assignment]
(pschmitt)hass-config/bin/travis_gen_secrets.py:53: error: Incompatible types in assignment (expression has type "str", variable has type "float")  [assignment]
(pschmitt)hass-config/bin/travis_gen_secrets.py:57: error: Incompatible types in assignment (expression has type "str", variable has type "float")  [assignment]
(erp12)pyshgp/pyshgp/push/types.py:54: error: Incompatible types in assignment (expression has type "Callable[[Any], Any]", variable has type "type")  [assignment]
(aio-libs)multidict/multidict/_multidict_py.py:309: error: Incompatible types in assignment (expression has type "Callable[[MultiDict, Any, Any], Any]", base class "MutableMapping" defined the type as overloaded function)  [assignment]
(aio-libs)multidict/multidict/_multidict_py.py:309: error: Incompatible types in assignment (expression has type "Callable[[MultiDict, Any, Any], Any]", base class "MutableMapping" defined the type as overloaded function)  [assignment]
(janvanrijn)openml-pimp/examples/plot/priors_vs_uniform_violin.py:219: error: Incompatible types in assignment (expression has type "int", variable has type "str")  [assignment]
(epruesse)ymp/src/ymp/string.py:80: error: Incompatible types in assignment (expression has type "Union[List[str], str]", variable has type "Optional[str]")  [assignment]
(epruesse)ymp/src/ymp/download.py:270: error: Incompatible types in assignment (expression has type "List[Any]", variable has type "bool")  [assignment]
(epruesse)ymp/tests/test_string.py:32: error: Incompatible types in assignment (expression has type "List[str]", base class "FormatterTest" defined the type as "str")  [assignment]
(WheatonCS)Lexos/lexos/models/statistics_model.py:185: error: Incompatible types in assignment (expression has type "float", variable has type "int")  [assignment]
(WheatonCS)Lexos/lexos/models/statistics_model.py:186: error: Incompatible types in assignment (expression has type "float", variable has type "int")  [assignment]
(WheatonCS)Lexos/lexos/processors/prepare/cutter.py:281: error: Incompatible types in assignment (expression has type "int", variable has type "str")  [assignment]
(WheatonCS)Lexos/lexos/processors/visualize/multicloud_topic.py:99: error: Incompatible types in assignment (expression has type "int", variable has type "str")  [assignment]
(chfoo)chatbot383/chatbot383/bot.py:300: error: Incompatible types in assignment (expression has type "Match[Any]", variable has type "None")  [assignment]
(chfoo)chatbot383/chatbot383/bot.py:320: error: Incompatible types in assignment (expression has type "Iterator[Any]", variable has type "FrozenSet[Any]")  [assignment]
(chfoo)chatbot383/chatbot383/bot.py:325: error: Incompatible types in assignment (expression has type "Iterator[Any]", variable has type "FrozenSet[Any]")  [assignment]
(chfoo)chatbot383/chatbot383/featurecomponents/battlebot.py:81: error: Incompatible types in assignment (expression has type "PokemonStats", variable has type "None")  [assignment]
(chfoo)chatbot383/chatbot383/featurecomponents/battlebot.py:89: error: Incompatible types in assignment (expression has type "PokemonStats", variable has type "None")  [assignment]
(chfoo)chatbot383/chatbot383/featurecomponents/battlebot.py:217: error: Incompatible types in assignment (expression has type "BattleSession", variable has type "None")  [assignment]
(chfoo)chatbot383/chatbot383/featurecomponents/battlebot.py:237: error: Incompatible types in assignment (expression has type "BattleSession", variable has type "None")  [assignment]
(chfoo)chatbot383/chatbot383/discord/gateway.py:147: error: Incompatible types in assignment (expression has type "str", variable has type "None")  [assignment]
(chfoo)chatbot383/chatbot383/discord/gateway.py:150: error: Incompatible types in assignment (expression has type "str", variable has type "None")  [assignment]
(GoogleCloudPlatform)plspm-python/plspm/weights.py:164: error: Incompatible types in assignment (expression has type "_NonmetricWeights", variable has type "_MetricWeights")  [assignment]
(futursolo)sketchbook/tests/test_finder.py:38: error: Incompatible types in assignment (expression has type "AsyncioTestHelper", variable has type "CurioTestHelper")  [assignment]
(futursolo)sketchbook/tests/test_finder.py:40: error: Incompatible types in assignment (expression has type "AsyncioSketchContext", variable has type "CurioSketchContext")  [assignment]
(futursolo)sketchbook/tests/test_logic.py:46: error: Incompatible types in assignment (expression has type "AsyncioTestHelper", variable has type "CurioTestHelper")  [assignment]
(futursolo)sketchbook/tests/test_logic.py:48: error: Incompatible types in assignment (expression has type "AsyncioSketchContext", variable has type "CurioSketchContext")  [assignment]
(futursolo)sketchbook/tests/test_parser.py:37: error: Incompatible types in assignment (expression has type "AsyncioTestHelper", variable has type "CurioTestHelper")  [assignment]
(futursolo)sketchbook/tests/test_parser.py:39: error: Incompatible types in assignment (expression has type "AsyncioSketchContext", variable has type "CurioSketchContext")  [assignment]
(futursolo)sketchbook/tests/test_output.py:36: error: Incompatible types in assignment (expression has type "AsyncioTestHelper", variable has type "CurioTestHelper")  [assignment]
(futursolo)sketchbook/tests/test_output.py:38: error: Incompatible types in assignment (expression has type "AsyncioSketchContext", variable has type "CurioSketchContext")  [assignment]
(futursolo)sketchbook/tests/test_output.py:89: error: Incompatible types in assignment (expression has type "AsyncioSketchContext", variable has type "CurioSketchContext")  [assignment]
(ArnaudPel)CamKifu/test/camkifu/nn_dev.py:153: error: Incompatible types in assignment (expression has type "Tuple[str, str, str]", variable has type "str")  [assignment]
(ArnaudPel)CamKifu/src/camkifu/stone/sf_neural.py:215: error: Incompatible types in assignment (expression has type "float", variable has type "int")  [assignment]
(ufal)neuralmonkey/scripts/tokenize_data.py:28: error: Incompatible types in assignment (expression has type "StreamReader", variable has type "TextIO")  [assignment]
(ufal)neuralmonkey/scripts/tokenize_data.py:29: error: Incompatible types in assignment (expression has type "StreamWriter", variable has type "TextIO")  [assignment]
(ufal)neuralmonkey/scripts/tokenize_data.py:30: error: Incompatible types in assignment (expression has type "StreamWriter", variable has type "TextIO")  [assignment]
(ufal)neuralmonkey/scripts/speech_features.py:23: error: Incompatible types in assignment (expression has type "float", variable has type "str")  [assignment]
(ufal)neuralmonkey/scripts/speech_features.py:24: error: Incompatible types in assignment (expression has type "int", variable has type "str")  [assignment]
(ufal)neuralmonkey/scripts/preprocess_bert.py:77: error: Incompatible types in assignment (expression has type "List[str]", variable has type "str")  [assignment]
(dmulholland)ivy/ivy/hashes.py:32: error: Incompatible types in assignment (expression has type "str", target has type "Dict[Any, Any]")  [assignment]
(dbrattli)OSlash/oslash/either.py:52: error: Incompatible types in assignment (expression has type "partial[B]", variable has type "B")  [assignment]
(RoboCupULaval)StrategyIA/Util/path.py:44: error: Incompatible types in assignment (expression has type "Sequence[Any]", variable has type "List[Any]")  [assignment]
(audiohacked)pyBusPirate/src/buspirate/i2c.py:203: error: Incompatible types in assignment (expression has type "List[int]", variable has type "bytes")  [assignment]
(audiohacked)pyBusPirate/src/buspirate/base.py:237: error: Incompatible types in assignment (expression has type "List[object]", variable has type "bytes")  [assignment]
(mattHawthorn)sk-torch/sktorch/data.py:125: error: Incompatible types in assignment (expression has type "float", variable has type "Sequence[float]")  [assignment]
(mattHawthorn)sk-torch/sktorch/data.py:128: error: Incompatible types in assignment (expression has type "float", variable has type "Sequence[float]")  [assignment]
(mattHawthorn)sk-torch/sktorch/data.py:152: error: Incompatible types in assignment (expression has type "Tuple[List[int], List[int], List[int]]", variable has type "Tuple[List[int], List[int]]")  [assignment]
(mattHawthorn)sk-torch/sktorch/data.py:177: error: Incompatible types in assignment (expression has type "Iterable[T1]", variable has type "Optional[Iterable[T2]]")  [assignment]
(mattHawthorn)sk-torch/sktorch/data.py:286: error: Incompatible types in assignment (expression has type "Iterator[Tuple[T1, T2]]", variable has type "Generator[Tuple[NumericTensorTypes?, NumericTensorTypes?], None, None]")  [assignment]
(achimnol)aiotools/src/aiotools/timer.py:37: error: Incompatible types in assignment (expression has type "AbstractEventLoop", variable has type "Optional[BaseEventLoop]")  [assignment]
(Galarzaa90)NabBot/launcher.py:16: error: Incompatible types in assignment (expression has type "int", variable has type "bool")  [assignment]
(Galarzaa90)NabBot/launcher.py:17: error: Incompatible types in assignment (expression has type "int", variable has type "bool")  [assignment]
(Galarzaa90)NabBot/cogs/mod.py:106: error: Incompatible types in assignment (expression has type "List[Any]", variable has type "Tuple[ChannelOrMember, ...]")  [assignment]
(oinume)dmm-eikaiwa-tsc/tsc/log.py:12: error: Incompatible types in assignment (expression has type "int", variable has type "Optional[str]")  [assignment]
(XZiar)RayRenderer/xzbuild/Environment.py:31: error: Incompatible types in assignment (expression has type "List[<nothing>]", target has type "str")  [assignment]
(XZiar)RayRenderer/xzbuild/Environment.py:32: error: Incompatible types in assignment (expression has type "List[<nothing>]", target has type "str")  [assignment]
(XZiar)RayRenderer/xzbuild/Environment.py:39: error: Incompatible types in assignment (expression has type "Set[str]", variable has type "List[Any]")  [assignment]
(XZiar)RayRenderer/xzbuild/Environment.py:41: error: Incompatible types in assignment (expression has type "Set[str]", target has type "str")  [assignment]
(XZiar)RayRenderer/xzbuild/Environment.py:43: error: Incompatible types in assignment (expression has type "Optional[int]", target has type "str")  [assignment]
(XZiar)RayRenderer/xzbuild/Project.py:68: error: Incompatible types in assignment (expression has type "List[Any]", variable has type "Set[Any]")  [assignment]
(c-bata)feedy/feedy.py:196: error: Incompatible types in assignment (expression has type "Tuple[int, int, int, int]", variable has type "Tuple[int]")  [assignment]
(ForceBru)PyVM/VM/fetchLoop.py:154: error: Incompatible types in assignment (expression has type "Tuple[str, str, str]", base class "FetchLoopMixin" defined the type as "Tuple[str, str, str, str, str, str, str]")  [assignment]
(ForceBru)PyVM/VM/fetchLoop.py:169: error: Incompatible types in assignment (expression has type "Tuple[str, str, str]", base class "FetchLoopMixin" defined the type as "Tuple[str, str, str, str, str, str, str]")  [assignment]
(ForceBru)PyVM/VM/fetchLoop.py:186: error: Incompatible types in assignment (expression has type "Tuple[str, str, str, str]", base class "FetchLoopMixin" defined the type as "Tuple[str, str, str, str, str, str, str]")  [assignment]
(ForceBru)PyVM/VM/fetchLoop.py:228: error: Incompatible types in assignment (expression has type "bytes", variable has type "str")  [assignment]
(ForceBru)PyVM/VM/fetchLoop.py:235: error: Incompatible types in assignment (expression has type "bytes", variable has type "str")  [assignment]
(ForceBru)PyVM/example_ELF.py:84: error: Incompatible types in assignment (expression has type "str", variable has type "Path")  [assignment]
(KDE)labplot/tests/import_export/Ngspice/rawread.py:45: error: Incompatible types in assignment (expression has type "List[<nothing>]", target has type "bytes")  [assignment]
(KDE)labplot/tests/import_export/Ngspice/rawread.py:46: error: Incompatible types in assignment (expression has type "List[<nothing>]", target has type "bytes")  [assignment]
(geneontology)go-site/scripts/download_source_gafs.py:185: error: Incompatible types in assignment (expression has type "str", variable has type "bool")  [assignment]
(ThaWeatherman)trackopy/trackopy/trackobot.py:226: error: Incompatible types in assignment (expression has type "str", target has type "int")  [assignment]
(marcelobelli)PyNFSe/PyNFSe/base/models.py:85: error: Incompatible types in assignment (expression has type "int", variable has type "Decimal")  [assignment]
(marcelobelli)PyNFSe/PyNFSe/base/models.py:86: error: Incompatible types in assignment (expression has type "int", variable has type "Decimal")  [assignment]
(marcelobelli)PyNFSe/PyNFSe/base/models.py:87: error: Incompatible types in assignment (expression has type "int", variable has type "Decimal")  [assignment]
(marcelobelli)PyNFSe/PyNFSe/base/models.py:88: error: Incompatible types in assignment (expression has type "int", variable has type "Decimal")  [assignment]
(marcelobelli)PyNFSe/PyNFSe/base/models.py:89: error: Incompatible types in assignment (expression has type "int", variable has type "Decimal")  [assignment]
(marcelobelli)PyNFSe/PyNFSe/base/models.py:90: error: Incompatible types in assignment (expression has type "int", variable has type "Decimal")  [assignment]
(marcelobelli)PyNFSe/PyNFSe/base/models.py:91: error: Incompatible types in assignment (expression has type "int", variable has type "Decimal")  [assignment]
(marcelobelli)PyNFSe/PyNFSe/base/models.py:92: error: Incompatible types in assignment (expression has type "int", variable has type "Decimal")  [assignment]
(marcelobelli)PyNFSe/PyNFSe/base/models.py:93: error: Incompatible types in assignment (expression has type "int", variable has type "Decimal")  [assignment]
(marcelobelli)PyNFSe/PyNFSe/base/soap_client.py:10: error: Incompatible types in assignment (expression has type "Tuple[Any, ...]", variable has type "Union[None, str, Tuple[str, str]]")  [assignment]
(healerkx)PySQLKits/deprecated/examples/entry-traceback/traceback.py:86: error: Incompatible types in assignment (expression has type "MySQLRowData", variable has type "BinlogReader")  [assignment]
(healerkx)PySQLKits/deprecated/mysqlbinlog/sync_to_redis.py:91: error: Incompatible types in assignment (expression has type "MySQLRowData", variable has type "BinlogReader")  [assignment]
(healerkx)PySQLKits/deprecated/examples/mysql-redis-sync/sync.py:71: error: Incompatible types in assignment (expression has type "MySQLRowData", variable has type "BinlogReader")  [assignment]
(SunyataZero)mindfulness-at-the-computer/mc/gui/breathing_history_wt.py:75: error: Incompatible types in assignment (expression has type "float", variable has type "int")  [assignment]
(LocutusOfPenguin)picochess/uci/engine.py:265: error: Cannot assign to a method  [assignment]
(LocutusOfPenguin)picochess/uci/engine.py:265: error: Incompatible types in assignment (expression has type "Type[str]", variable has type "Callable[[str], str]")  [assignment]
(LocutusOfPenguin)picochess/uci/engine.py:274: error: Incompatible types in assignment (expression has type "bool", variable has type "List[str]")  [assignment]
(LocutusOfPenguin)picochess/uci/engine.py:276: error: Incompatible types in assignment (expression has type "bool", variable has type "List[str]")  [assignment]
(micolous)metrodroid/extra/mdst/tsv2pb-ovc.py:155: error: Incompatible types in assignment (expression has type "float", variable has type "int")  [assignment]
(jiadaizhao)LeetCode/0801-0900/0839-Similar String Groups/0839-Similar String Groups.py:33: error: Incompatible types in assignment (expression has type "Dict[Any, Any]", variable has type "List[int]")  [assignment]
(jiadaizhao)LeetCode/0701-0800/0786-K-th Smallest Prime Fraction/0786-K-th Smallest Prime Fraction.py:21: error: Incompatible types in assignment (expression has type "float", variable has type "int")  [assignment]
(jiadaizhao)LeetCode/0701-0800/0786-K-th Smallest Prime Fraction/0786-K-th Smallest Prime Fraction.py:24: error: Incompatible types in assignment (expression has type "float", variable has type "int")  [assignment]
(jiadaizhao)LeetCode/0001-0100/0050-Pow(x, n)/0050-Pow(x, n).py:9: error: Incompatible types in assignment (expression has type "float", variable has type "int")  [assignment]
(jiadaizhao)LeetCode/0801-0900/0801-Minimum Swaps To Make Sequences Increasing/0801-Minimum Swaps To Make Sequences Increasing.py:30: error: Incompatible types in assignment (expression has type "float", variable has type "int")  [assignment]
(jiadaizhao)LeetCode/1001-1100/1005-Maximize Sum Of Array After K Negations/1005-Maximize Sum Of Array After K Negations.py:26: error: Incompatible types in assignment (expression has type "float", variable has type "int")  [assignment]
(jiadaizhao)LeetCode/1101-1200/1130-Minimum Cost Tree From Leaf Values/1130-Minimum Cost Tree From Leaf Values.py:34: error: Incompatible types in assignment (expression has type "float", variable has type "int")  [assignment]
(GoogleCloudPlatform)err-stackdriver/charts/__init__.py:56: error: Incompatible types in assignment (expression has type "str", variable has type "float")  [assignment]
(GoogleCloudPlatform)err-stackdriver/charts/__init__.py:58: error: Incompatible types in assignment (expression has type "str", variable has type "float")  [assignment]
(GoogleCloudPlatform)err-stackdriver/charts/__init__.py:60: error: Incompatible types in assignment (expression has type "str", variable has type "float")  [assignment]
(GoogleCloudPlatform)err-stackdriver/charts/__init__.py:62: error: Incompatible types in assignment (expression has type "str", variable has type "float")  [assignment]
(GoogleCloudPlatform)err-stackdriver/bigquery.py:227: error: Incompatible types in assignment (expression has type "List[<nothing>]", variable has type "str")  [assignment]
(MarkdownForAcademia)markdown_for_academia/mdac/compilers/to_latex/table_compiler_latex.py:42: error: Incompatible types in assignment (expression has type "List[List[str]]", variable has type "_reader")  [assignment]
(nitely)kua/kua/routes.py:64: error: Incompatible types in assignment (expression has type "Tuple[Any, ...]", variable has type "Tuple[Tuple[Any, ...], Tuple[str, str]]")  [assignment]
(nitely)kua/kua/routes.py:247: error: Incompatible types in assignment (expression has type "Tuple[<nothing>, ...]", variable has type "Tuple[Tuple[Any, ...], Tuple[str, str]]")  [assignment]
(nitely)kua/kua/routes.py:263: error: Incompatible types in assignment (expression has type "Tuple[Any, ...]", variable has type "Tuple[Tuple[Any, ...], Tuple[str, str]]")  [assignment]
(AbeelLab)phasm/phasm/io/daligner.py:96: error: Incompatible types in assignment (expression has type "int", target has type "str")  [assignment]
(AbeelLab)phasm/phasm/io/daligner.py:97: error: Incompatible types in assignment (expression has type "int", target has type "str")  [assignment]
(AbeelLab)phasm/phasm/io/daligner.py:98: error: Incompatible types in assignment (expression has type "int", target has type "str")  [assignment]
(AbeelLab)phasm/phasm/io/daligner.py:99: error: Incompatible types in assignment (expression has type "int", target has type "str")  [assignment]
(AbeelLab)phasm/phasm/io/daligner.py:136: error: Incompatible types in assignment (expression has type "Strand", target has type "str")  [assignment]
(AbeelLab)phasm/phasm/io/daligner.py:142: error: Incompatible types in assignment (expression has type "Tuple[int, int]", target has type "str")  [assignment]
(AbeelLab)phasm/phasm/io/daligner.py:143: error: Incompatible types in assignment (expression has type "Tuple[int, int]", target has type "str")  [assignment]
(AbeelLab)phasm/phasm/io/daligner.py:146: error: Incompatible types in assignment (expression has type "List[<nothing>]", target has type "str")  [assignment]
(AbeelLab)phasm/phasm/io/daligner.py:160: error: Incompatible types in assignment (expression has type "int", target has type "str")  [assignment]
(TkTech)Jawa/jawa/attribute.py:53: error: Incompatible types in assignment (expression has type "Union[bytes, Any]", variable has type "None")  [assignment]
(TkTech)Jawa/jawa/cf.py:153: error: Incompatible types in assignment (expression has type "Tuple[Any, ...]", variable has type "ClassVersion")  [assignment]
(TkTech)Jawa/jawa/cf.py:163: error: Incompatible types in assignment (expression has type "Tuple[Any, ...]", variable has type "List[Any]")  [assignment]
(rindeal)rindeal-ebuild-repo/_tools/bump-jetbrains-pkgs.py:16: error: Incompatible types in assignment (expression has type "str", variable has type "int")  [assignment]
(msouto)20171-redes-2t-programacao-redes/02_sockets/21_multithread.py:44: error: Incompatible types in assignment (expression has type "int", variable has type "str")  [assignment]
(mvondracek)wifimitm/wifimitm/updatableProcess.py:86: error: Incompatible types in assignment (expression has type "int", variable has type "TextIO")  [assignment]
(mvondracek)wifimitm/wifimitm/updatableProcess.py:89: error: Incompatible types in assignment (expression has type "Union[IO[Any], bool]", variable has type "TextIO")  [assignment]
(mvondracek)wifimitm/wifimitm/updatableProcess.py:97: error: Incompatible types in assignment (expression has type "int", variable has type "TextIO")  [assignment]
(mvondracek)wifimitm/wifimitm/updatableProcess.py:100: error: Incompatible types in assignment (expression has type "Union[IO[Any], bool]", variable has type "TextIO")  [assignment]
(avanzzzi)hypy/hypy/modules/cache.py:85: error: Incompatible types in assignment (expression has type "List[Dict[Any, Any]]", variable has type "Dict[Any, Any]")  [assignment]
(avanzzzi)hypy/hypy/modules/cache.py:90: error: Incompatible types in assignment (expression has type "List[Any]", variable has type "Dict[Any, Any]")  [assignment]
(avanzzzi)hypy/hypy/modules/printer.py:26: error: Incompatible types in assignment (expression has type "List[Dict[Any, Any]]", variable has type "Dict[Any, Any]")  [assignment]
(avanzzzi)hypy/hypy/modules/printer.py:58: error: Incompatible types in assignment (expression has type "List[Dict[Any, Any]]", variable has type "Dict[Any, Any]")  [assignment]
(avanzzzi)hypy/hypy/modules/printer.py:95: error: Incompatible types in assignment (expression has type "Dict[Any, Any]", variable has type "List[Any]")  [assignment]
(mittagessen)kraken/kraken/lib/train.py:254: error: Incompatible types in assignment (expression has type "TrainScheduler", variable has type "None")  [assignment]
(timediv)speechT/speecht/speech_model.py:53: error: Incompatible default for argument "learning_rate" (default has type "float", argument has type "bool")  [assignment]
(timediv)speechT/speecht/parameter_search.py:52: error: Incompatible types in assignment (expression has type "float", variable has type "None")  [assignment]
(beerfactory)hbmqtt/hbmqtt/mqtt/packet.py:204: error: Incompatible types in assignment (expression has type "datetime", variable has type "None")  [assignment]
(beerfactory)hbmqtt/hbmqtt/mqtt/packet.py:242: error: Incompatible types in assignment (expression has type "datetime", variable has type "None")  [assignment]
(mbouchenoire)discloud/discloud/weather.py:221: error: Incompatible types in assignment (expression has type "float", variable has type "int")  [assignment]
(ekiro)chaps/haps/config.py:174: error: Incompatible types in assignment (expression has type "str", variable has type "None")  [assignment]
(Celeo)Preston/preston/preston.py:141: error: Incompatible types in assignment (expression has type "float", variable has type "str")  [assignment]
(Celeo)Preston/preston/preston.py:142: error: Incompatible types in assignment (expression has type "float", variable has type "str")  [assignment]
(Celeo)Preston/preston/preston.py:199: error: Incompatible types in assignment (expression has type "float", target has type "str")  [assignment]
(bmassman)fake_news/fake_news/article_db.py:133: error: Incompatible types in assignment (expression has type "Sequence[int]", variable has type "None")  [assignment]
(bmassman)fake_news/fake_news/article_db.py:185: error: Incompatible types in assignment (expression has type "Dict[<nothing>, <nothing>]", variable has type "None")  [assignment]
(bmassman)fake_news/fake_news/pipeline/db_transformer.py:80: error: Incompatible types in assignment (expression has type "float", variable has type "str")  [assignment]
(bmassman)fake_news/fake_news/pipeline/db_transformer.py:81: error: Incompatible types in assignment (expression has type "str", target has type "float")  [assignment]
(bmassman)fake_news/fake_news/pipeline/db_transformer.py:126: error: Incompatible types in assignment (expression has type "Iterator[str]", variable has type "List[str]")  [assignment]
(bmassman)fake_news/fake_news/scraper/news_scraper.py:71: error: Incompatible types in assignment (expression has type "Tuple[Any, str, Any, Any, Any, str, Any]", variable has type "Tuple[Any, str, Any, Any, Any, str]")  [assignment]
(ClearcodeHQ)mirakuru/src/mirakuru/base_env.py:85: error: Incompatible types in assignment (expression has type "List[bytes]", variable has type "str")  [assignment]
(laanwj)bitcoin/contrib/linearize/linearize-data.py:293: error: Incompatible types in assignment (expression has type "int", target has type "str")  [assignment]
(laanwj)bitcoin/contrib/linearize/linearize-data.py:295: error: Incompatible types in assignment (expression has type "int", target has type "str")  [assignment]
(laanwj)bitcoin/contrib/linearize/linearize-data.py:297: error: Incompatible types in assignment (expression has type "int", target has type "str")  [assignment]
(laanwj)bitcoin/contrib/linearize/linearize-data.py:299: error: Incompatible types in assignment (expression has type "int", target has type "str")  [assignment]
(laanwj)bitcoin/contrib/linearize/linearize-data.py:303: error: Incompatible types in assignment (expression has type "int", target has type "str")  [assignment]
(laanwj)bitcoin/contrib/linearize/linearize-data.py:304: error: Incompatible types in assignment (expression has type "int", target has type "str")  [assignment]
(laanwj)bitcoin/contrib/linearize/linearize-data.py:305: error: Incompatible types in assignment (expression has type "int", target has type "str")  [assignment]
(laanwj)bitcoin/contrib/linearize/linearize-data.py:306: error: Incompatible types in assignment (expression has type "bytes", target has type "str")  [assignment]
(laanwj)bitcoin/contrib/linearize/linearize-data.py:307: error: Incompatible types in assignment (expression has type "int", target has type "str")  [assignment]
(132nd-etcher)EMFT/emft/core/progress.py:83: error: Incompatible types in assignment (expression has type "float", variable has type "int")  [assignment]
(ento)elm-doc/src/elm_doc/elm_parser/lines.py:274: error: Incompatible types in assignment (expression has type "List[Type[ParsingState]]", variable has type "List[Type[NothingSpecial]]")  [assignment]
(flyinactor91)AVWX-API/avwx_api/handle/pirep.py:62: error: Incompatible types in assignment (expression has type "str", target has type "Dict[str, datetime]")  [assignment]
(flyinactor91)AVWX-API/avwx_api/handle/metar.py:140: error: Incompatible types in assignment (expression has type "str", target has type "Dict[str, datetime]")  [assignment]
(coala)coala-bears/bears/hypertext/HTTPoliceLintBear.py:39: error: Incompatible types in assignment (expression has type "Tuple[Any, ...]", variable has type "Tuple[str, str, Any]")  [assignment]
(coala)coala-bears/bears/c_languages/CPPCheckBear.py:45: error: Incompatible types in assignment (expression has type "Tuple[str, str]", variable has type "Tuple[str]")  [assignment]
(coala)coala-bears/bears/go/GofmtBear.py:34: error: Incompatible types in assignment (expression has type "Tuple[str]", variable has type "Tuple[]")  [assignment]
(coala)coala-bears/bears/python/PyDocStyleBear.py:50: error: Incompatible types in assignment (expression has type "Tuple[Any, str]", variable has type "Tuple[Any]")  [assignment]
(coala)coala-bears/bears/python/PyDocStyleBear.py:53: error: Incompatible types in assignment (expression has type "Tuple[Any, str]", variable has type "Tuple[Any]")  [assignment]
(coala)coala-bears/bears/python/PyDocStyleBear.py:57: error: Incompatible types in assignment (expression has type "Tuple[Any, str]", variable has type "Tuple[Any]")  [assignment]
(coala)coala-bears/bears/python/PyDocStyleBear.py:61: error: Incompatible types in assignment (expression has type "Tuple[Any, str]", variable has type "Tuple[Any]")  [assignment]
(coala)coala-bears/bears/general/AnnotationBear.py:61: error: Incompatible types in assignment (expression has type "Dict[str, Tuple[]]", variable has type "str")  [assignment]
(coala)coala-bears/bears/shell/ShellCheckBear.py:44: error: Incompatible types in assignment (expression has type "Tuple[str, str, str, str, Any, str, str]", variable has type "Tuple[str, str, str, str, Any]")  [assignment]
(coala)coala-bears/bears/shell/BashateBear.py:30: error: Incompatible types in assignment (expression has type "Tuple[Any, str, str]", variable has type "Tuple[Any]")  [assignment]
(mokemokechicken)keras_npi/src/npi/add/lib.py:192: error: Incompatible types in assignment (expression has type "Tuple[Any, WriteProgram, Tuple[int, Any]]", target has type "Tuple[WriteProgram, Tuple[int, Any]]")  [assignment]
(raphaelm)python-fints/fints/fields.py:186: error: Incompatible types in assignment (expression has type "Type[bool]", base class "TextField" defined the type as "Type[str]")  [assignment]
(raphaelm)python-fints/fints/fields.py:262: error: Incompatible types in assignment (expression has type "Type[date]", base class "NumericField" defined the type as "Type[int]")  [assignment]
(raphaelm)python-fints/fints/fields.py:280: error: Incompatible types in assignment (expression has type "Type[time]", base class "DigitsField" defined the type as "Type[str]")  [assignment]
(DerAtrox)backup-rotation.py/backup-rotation.py:211: error: Incompatible types in assignment (expression has type "List[Dict[str, object]]", target has type "Dict[str, object]")  [assignment]
(meyt)sqlalchemy-dict/sqlalchemy_dict/field.py:63: error: Incompatible types in assignment (expression has type "bool", target has type "str")  [assignment]
(meyt)sqlalchemy-dict/sqlalchemy_dict/field.py:88: error: Incompatible types in assignment (expression has type "bool", target has type "str")  [assignment]
(meyt)sqlalchemy-dict/sqlalchemy_dict/field.py:91: error: Incompatible types in assignment (expression has type "bool", target has type "str")  [assignment]
(meyt)sqlalchemy-dict/sqlalchemy_dict/field.py:118: error: Incompatible types in assignment (expression has type "bool", target has type "str")  [assignment]
(meyt)sqlalchemy-dict/sqlalchemy_dict/field.py:121: error: Incompatible types in assignment (expression has type "bool", target has type "str")  [assignment]
(meyt)sqlalchemy-dict/sqlalchemy_dict/base_model.py:133: error: Incompatible types in assignment (expression has type "str", variable has type "List[Any]")  [assignment]
(IlyaGusev)rnnmorph/rnnmorph/data_preparation/loader.py:46: error: Incompatible types in assignment (expression has type "str", variable has type "Set[Any]")  [assignment]
(piontec)docker-enforcer/dockerenforcer/config.py:22: error: Incompatible types in assignment (expression has type "List[str]", variable has type "str")  [assignment]
(piontec)docker-enforcer/dockerenforcer/config.py:23: error: Incompatible types in assignment (expression has type "List[str]", variable has type "str")  [assignment]
(edx)repo-tools/barcalendar.py:96: error: Incompatible types in assignment (expression has type "Tuple[int, int]", variable has type "Tuple[None, None]")  [assignment]
(knowsuchagency)ninjadog/ninjadog/ninjadog.py:76: error: Incompatible types in assignment (expression has type "Union[str, Any]", variable has type "Dict[str, Any]")  [assignment]
(ThaWeatherman)notify_labor/utils.py:25: error: Incompatible types in assignment (expression has type "int", variable has type "bool")  [assignment]
(adtac)exterminate/exterminate/AltMath.py:34: error: Incompatible types in assignment (expression has type "AltMath", target has type Module)  [assignment]
(TheReverend403)ricedb/plugins/urlinfo.py:85: error: Incompatible types in assignment (expression has type "float", variable has type "int")  [assignment]
(TheReverend403)ricedb/plugins/execshell.py:13: error: Incompatible types in assignment (expression has type "bytes", variable has type "Optional[str]")  [assignment]
(roberthangu)snn_object_recognition/dump-c2-spikes.py:63: error: Incompatible types in assignment (expression has type "float", variable has type "int")  [assignment]
(roberthangu)snn_object_recognition/classify-images.py:67: error: Incompatible types in assignment (expression has type "float", variable has type "int")  [assignment]
(roberthangu)snn_object_recognition/classify-images.py:70: error: Incompatible types in assignment (expression has type "float", variable has type "int")  [assignment]
(roberthangu)snn_object_recognition/classify-images-one-shot.py:63: error: Incompatible types in assignment (expression has type "float", variable has type "int")  [assignment]
(GeoscienceAustralia)eo-datasets/eodatasets3/scripts/packagewagl.py:53: error: Incompatible types in assignment (expression has type "Set[str]", variable has type "Sequence[str]")  [assignment]
(jromang)picochess/uci/engine.py:256: error: Cannot assign to a method  [assignment]
(jromang)picochess/uci/engine.py:256: error: Incompatible types in assignment (expression has type "Type[str]", variable has type "Callable[[str], str]")  [assignment]
(jromang)picochess/uci/engine.py:265: error: Incompatible types in assignment (expression has type "bool", variable has type "List[str]")  [assignment]
(jromang)picochess/uci/engine.py:267: error: Incompatible types in assignment (expression has type "bool", variable has type "List[str]")  [assignment]
(SunDwarf)Jokusoramame/jokusoramame/plugins/roles/rolestate.py:171: error: Incompatible types in assignment (expression has type "Iterator[Any]", variable has type "List[str]")  [assignment]
(SunDwarf)Jokusoramame/jokusoramame/plugins/imaging/__init__.py:34: error: Cannot assign to a method  [assignment]
(redkyn)assigner/assigner/backends/base.py:160: error: Incompatible types in assignment (expression has type "Type[RepoBase]", variable has type "RepoBase")  [assignment]
(redkyn)assigner/assigner/backends/base.py:161: error: Incompatible types in assignment (expression has type "Type[TemplateRepoBase]", variable has type "TemplateRepoBase")  [assignment]
(redkyn)assigner/assigner/backends/base.py:162: error: Incompatible types in assignment (expression has type "Type[StudentRepoBase]", variable has type "StudentRepoBase")  [assignment]
(redkyn)assigner/assigner/backends/mock.py:268: error: Incompatible types in assignment (expression has type "Type[MockRepo]", variable has type "RepoBase")  [assignment]
(redkyn)assigner/assigner/backends/mock.py:269: error: Incompatible types in assignment (expression has type "Type[MockTemplateRepo]", variable has type "TemplateRepoBase")  [assignment]
(redkyn)assigner/assigner/backends/mock.py:270: error: Incompatible types in assignment (expression has type "Type[MockStudentRepo]", variable has type "StudentRepoBase")  [assignment]
(google-research)data-driven-pdes/datadrivenpdes/core/equations.py:60: error: Incompatible types in assignment (expression has type "ellipsis", variable has type "str")  [assignment]
(google-research)data-driven-pdes/datadrivenpdes/core/equations.py:61: error: Incompatible types in assignment (expression has type "ellipsis", variable has type "str")  [assignment]
(google-research)data-driven-pdes/datadrivenpdes/core/equations.py:63: error: Incompatible types in assignment (expression has type "ellipsis", variable has type "bool")  [assignment]
(google-research)data-driven-pdes/datadrivenpdes/core/equations.py:65: error: Incompatible types in assignment (expression has type "ellipsis", variable has type "Dict[str, Any]")  [assignment]
(google-research)data-driven-pdes/datadrivenpdes/core/equations.py:66: error: Incompatible types in assignment (expression has type "ellipsis", variable has type "Set[str]")  [assignment]
(google-research)data-driven-pdes/datadrivenpdes/core/equations.py:67: error: Incompatible types in assignment (expression has type "ellipsis", variable has type "Set[str]")  [assignment]
(google-research)data-driven-pdes/datadrivenpdes/core/equations.py:198: error: Incompatible default for argument "size" (default has type "Tuple[]", argument has type "Union[int, Tuple[int]]")  [assignment]
(Michael-F-Bryan)auto-changelog/auto_changelog/repository.py:39: error: Incompatible types in assignment (expression has type "Tuple[str, str, str, str, str, str]", variable has type "Tuple[str, Any, Any]")  [assignment]
(dcos)dcos-launch/dcos_launch/terraform.py:238: error: Incompatible types in assignment (expression has type "str", variable has type "int")  [assignment]
(dcos)dcos-launch/dcos_launch/util.py:170: error: Incompatible types in assignment (expression has type "str", variable has type "int")  [assignment]
(LucaVazz)DualisWatcher/version_recorder.py:90: error: Incompatible types in assignment (expression has type "str", variable has type "List[str]")  [assignment]
(smerkousdavid)drunkbot/drunk_bot/command_package/add.py:6: error: Incompatible types in assignment (expression has type "float", variable has type "int")  [assignment]
(Chandlercjy)OnePy/OnePy/sys_module/models/base_series.py:25: error: Incompatible types in assignment (expression has type "List[Dict[str, Any]]", target has type "deque[Any]")  [assignment]
(Chandlercjy)OnePy/OnePy/sys_module/models/base_series.py:27: error: Incompatible types in assignment (expression has type "List[Dict[str, Any]]", target has type "deque[Any]")  [assignment]
(Chandlercjy)OnePy/OnePy/sys_module/models/base_series.py:129: error: Incompatible types in assignment (expression has type "deque[Dict[str, Union[str, float]]]", base class "UserList" defined the type as "List[Any]")  [assignment]
(Chandlercjy)OnePy/OnePy/sys_module/models/base_series.py:134: error: Incompatible types in assignment (expression has type "List[Dict[str, Any]]", variable has type "deque[Dict[str, Union[str, float]]]")  [assignment]
(cvem8165)KodeFest12/model/consignacion.py:17: error: Incompatible default for argument "numc_usuario" (default has type "str", argument has type "int")  [assignment]
(cvem8165)KodeFest12/model/retiro.py:16: error: Incompatible default for argument "numc_usuario" (default has type "str", argument has type "int")  [assignment]
(kupiakos)LapisMirror/plugins/furaffinity.py:194: error: Incompatible types in assignment (expression has type "Optional[str]", variable has type "int")  [assignment]
(seisatsu)Driftwood/src/layer.py:236: error: Incompatible types in assignment (expression has type "List[<nothing>]", variable has type "_TileLoader")  [assignment]
(seisatsu)Driftwood/src/widget.py:115: error: Incompatible types in assignment (expression has type "int", variable has type "None")  [assignment]
(seisatsu)Driftwood/src/widget.py:117: error: Incompatible types in assignment (expression has type "int", variable has type "None")  [assignment]
(seisatsu)Driftwood/src/widget.py:124: error: Incompatible types in assignment (expression has type "int", variable has type "None")  [assignment]
(seisatsu)Driftwood/src/widget.py:127: error: Incompatible types in assignment (expression has type "int", variable has type "None")  [assignment]
(seisatsu)Driftwood/src/widget.py:198: error: Incompatible types in assignment (expression has type "int", variable has type "None")  [assignment]
(seisatsu)Driftwood/src/widget.py:211: error: Incompatible types in assignment (expression has type "int", variable has type "None")  [assignment]
(seisatsu)Driftwood/src/widget.py:214: error: Incompatible types in assignment (expression has type "int", variable has type "None")  [assignment]
(seisatsu)Driftwood/src/resourcemanager.py:129: error: Incompatible types in assignment (expression has type "str", variable has type "Optional[bytes]")  [assignment]
(seisatsu)Driftwood/src/resourcemanager.py:356: error: Incompatible types in assignment (expression has type "TextIO", variable has type "BinaryIO")  [assignment]
(lnmds)jorge/ext/math.py:136: error: Incompatible types in assignment (expression has type "float", variable has type "str")  [assignment]
(NZSmartie)PyHIDParser/hidparser/Item.py:77: error: Incompatible default for argument "data" (default has type "List[<nothing>]", argument has type "array[Any]")  [assignment]
(evernym)ledger/ledger/serializers/compact_serializer.py:54: error: Incompatible types in assignment (expression has type "bytes", variable has type "str")  [assignment]
(ajyoon)brown/brown/utils/units.py:225: error: Incompatible types in assignment (expression has type "float", base class "Unit" defined the type as "int")  [assignment]
(systemd)systemd-stable/hwdb/parse_hwdb.py:51: error: Incompatible types in assignment (expression has type "Callable[[], Callable[[Any], Any]]", variable has type "Callable[[Optional[int], bool], Callable[[Callable[..., _T]], _lru_cache_wrapper[_T]]]")  [assignment]
(lipschultz)gnumeric-py/gnumeric/cell.py:181: error: Incompatible types in assignment (expression has type "int", variable has type "str")  [assignment]
(lipschultz)gnumeric-py/gnumeric/cell.py:183: error: Incompatible types in assignment (expression has type "int", variable has type "str")  [assignment]
(lipschultz)gnumeric-py/gnumeric/cell.py:185: error: Incompatible types in assignment (expression has type "int", variable has type "str")  [assignment]
(lipschultz)gnumeric-py/gnumeric/cell.py:188: error: Incompatible types in assignment (expression has type "int", variable has type "str")  [assignment]
(lipschultz)gnumeric-py/gnumeric/cell.py:190: error: Incompatible types in assignment (expression has type "int", variable has type "str")  [assignment]
(lipschultz)gnumeric-py/gnumeric/cell.py:192: error: Incompatible types in assignment (expression has type "int", variable has type "str")  [assignment]
(lipschultz)gnumeric-py/gnumeric/cell.py:219: error: Incompatible types in assignment (expression has type "Union[bool, int, float, Expression, str]", variable has type "int")  [assignment]
(vforgione)logging2/logging2/handlers/sockets.py:43: error: Incompatible types in assignment (expression has type "str", variable has type "Tuple[str, str]")  [assignment]
(Infiziert90)Discord-Skype-Bot/discord_client.py:251: error: Incompatible types in assignment (expression has type "str", variable has type "Match[Any]")  [assignment]
(Infiziert90)Discord-Skype-Bot/discord_client.py:260: error: Incompatible types in assignment (expression has type "str", variable has type "Match[Any]")  [assignment]
(Infiziert90)Discord-Skype-Bot/discord_client.py:267: error: Incompatible types in assignment (expression has type "str", variable has type "Match[Any]")  [assignment]
(pravic)pysciter/sciter/capi/sctypes.py:134: error: Incompatible types in assignment (expression has type "Type[c_byte]", variable has type "Type[c_int32]")  [assignment]
(pravic)pysciter/sciter/capi/sctypes.py:135: error: Incompatible types in assignment (expression has type "Type[c_utf16_p]", variable has type "Type[c_wchar_p]")  [assignment]
(pravic)pysciter/sciter/capi/sctypes.py:149: error: Incompatible types in assignment (expression has type "Type[c_byte]", variable has type "Type[c_int32]")  [assignment]
(pravic)pysciter/sciter/capi/sctypes.py:150: error: Incompatible types in assignment (expression has type "Type[c_utf16_p]", variable has type "Type[c_wchar_p]")  [assignment]
(VieVie31)scene_detection/src/main.py:172: error: Incompatible types in assignment (expression has type "int", variable has type "str")  [assignment]
(VieVie31)scene_detection/src/main.py:182: error: Incompatible types in assignment (expression has type "Iterator[Any]", variable has type "List[int]")  [assignment]
(spegelius)filaswitch/src/slicer_kisslicer.py:289: error: Incompatible types in assignment (expression has type "Logger", variable has type Module)  [assignment]
(apacha)MusicSymbolClassifier/ModelTrainer/reporting/GoogleSpreadsheetReporter.py:51: error: Incompatible default for argument "accuracy" (default has type "str", argument has type "float")  [assignment]
(apacha)MusicSymbolClassifier/ModelTrainer/reporting/GoogleSpreadsheetReporter.py:52: error: Incompatible default for argument "execution_time_in_seconds" (default has type "str", argument has type "int")  [assignment]
(sztanko)exaquery/backend/server.py:27: error: Cannot assign to a method  [assignment]
(davidenunes)tensorx/tensorx/callbacks.py:371: error: Incompatible types in assignment (expression has type "Iterator[Any]", variable has type "List[Any]")  [assignment]
(mRokita)DPLib/examples/server_manager.py:96: error: Incompatible types in assignment (expression has type "int", variable has type "None")  [assignment]
(gaborvecsei)Color-Tracker/color_tracker/tracker/tracker.py:66: error: Incompatible types in assignment (expression has type "Callable[[ColorTracker], None]", variable has type "None")  [assignment]
(juancarlospaco)anglerfish/anglerfish/get_random_font.py:29: error: Incompatible types in assignment (expression has type "Tuple[str, ...]", variable has type "Tuple[str, str, str, str, str, str, str, str, str, str, str, str, str, str, str, str, str, str, str, str, str, str, str, str, str, str, str, str, str, str, str, str, str, str, str, str, str, str, str, str, str, str, str, str, str, str, str, str]")  [assignment]
(juancarlospaco)anglerfish/anglerfish/get_random_font.py:41: error: Incompatible types in assignment (expression has type "Tuple[str, ...]", variable has type "Tuple[str, str, str, str, str, str, str, str, str, str, str, str, str, str]")  [assignment]
(juancarlospaco)anglerfish/anglerfish/get_random_font.py:65: error: Incompatible types in assignment (expression has type "Tuple[str, ...]", variable has type <tuple: 101 items>)  [assignment]
(juancarlospaco)anglerfish/anglerfish/get_random_font.py:87: error: Incompatible types in assignment (expression has type "Tuple[str, ...]", variable has type <tuple: 92 items>)  [assignment]
(juancarlospaco)anglerfish/anglerfish/get_random_font.py:107: error: Incompatible types in assignment (expression has type "Tuple[str, ...]", variable has type <tuple: 80 items>)  [assignment]
(juancarlospaco)anglerfish/anglerfish/get_random_font.py:117: error: Incompatible types in assignment (expression has type "Tuple[str, ...]", variable has type "Tuple[str, str, str, str, str]")  [assignment]
(juancarlospaco)anglerfish/anglerfish/walk2dict.py:50: error: Incompatible types in assignment (expression has type "List[str]", target has type "str")  [assignment]
(juancarlospaco)anglerfish/anglerfish/walk2dict.py:51: error: Incompatible types in assignment (expression has type "List[<nothing>]", target has type "str")  [assignment]
(juancarlospaco)anglerfish/anglerfish/make_notification.py:45: error: Incompatible types in assignment (expression has type "Tuple[Optional[str], str, str, str, str, str, str, str]", variable has type "Tuple[Optional[str], str, str, str, str]")  [assignment]
(juancarlospaco)anglerfish/anglerfish/make_notification.py:52: error: Incompatible types in assignment (expression has type "Tuple[Optional[str], str, str, str, str, str]", variable has type "Tuple[Optional[str], str, str, str, str]")  [assignment]
(juancarlospaco)anglerfish/anglerfish/get_random_pastel_color.py:217: error: Incompatible types in assignment (expression has type Tuple[str, str, ... <27 more items>], variable has type Tuple[str, str, ... <30 more items>])  [assignment]
(juancarlospaco)anglerfish/anglerfish/get_random_pastel_color.py:219: error: Incompatible types in assignment (expression has type Tuple[str, str, ... <59 more items>], variable has type Tuple[str, str, ... <30 more items>])  [assignment]
(juancarlospaco)anglerfish/anglerfish/get_random_pastel_color.py:222: error: Incompatible types in assignment (expression has type "Tuple[str, ...]", variable has type "Tuple[str, str, str, str, str, str, str, str, str, str, str, str, str, str, str, str, str, str, str, str, str, str, str, str, str, str, str, str, str, str, str, str]")  [assignment]
(juancarlospaco)anglerfish/anglerfish/url2path.py:122: error: Incompatible types in assignment (expression has type "Path", variable has type "Optional[str]")  [assignment]
(juancarlospaco)anglerfish/anglerfish/url2path.py:141: error: Incompatible types in assignment (expression has type "Path", variable has type "Optional[str]")  [assignment]
(juancarlospaco)anglerfish/anglerfish/make_datauri.py:76: error: Incompatible types in assignment (expression has type "str", variable has type "Path")  [assignment]
(juancarlospaco)anglerfish/anglerfish/make_datauri.py:131: error: Incompatible types in assignment (expression has type "str", variable has type "bytes")  [assignment]
(juancarlospaco)anglerfish/anglerfish/__init__.py:206: error: Incompatible types in assignment (expression has type "Type[_ZipRotator]", variable has type "Optional[Callable[[str, str], None]]")  [assignment]
(juancarlospaco)anglerfish/tests/test_path2import.py:17: error: Incompatible types in assignment (expression has type "Callable[[Any, Any, Any], int]", variable has type "Callable[[str, str], bool]")  [assignment]
(samuelcolvin)grablib/grablib/build.py:174: error: Incompatible default for argument "custom_functions" (default has type "Tuple[]", argument has type "Union[Dict[Any, Any], Set[Any], List[Any]]")  [assignment]
(samuelcolvin)grablib/grablib/build.py:175: error: Incompatible default for argument "extra_importers" (default has type "Tuple[]", argument has type "List[Any]")  [assignment]
(samuelcolvin)grablib/grablib/download.py:278: error: Incompatible types in assignment (expression has type "List[object]", target has type "Tuple[str, str]")  [assignment]
(samuelcolvin)grablib/grablib/download.py:286: error: Incompatible types in assignment (expression has type "List[Tuple[str, str]]", variable has type "Tuple[str, str]")  [assignment]
(derfenix)django_stored_procedures/django_sp/loader.py:139: error: Incompatible types in assignment (expression has type "List[Dict[Any, Any]]", variable has type "Optional[Dict[Any, Any]]")  [assignment]
(derfenix)django_stored_procedures/django_sp/loader.py:141: error: Incompatible types in assignment (expression has type "List[Dict[Any, Any]]", variable has type "Optional[Dict[Any, Any]]")  [assignment]
(derfenix)django_stored_procedures/django_sp/loader.py:146: error: Incompatible types in assignment (expression has type "List[Any]", variable has type "Optional[Dict[Any, Any]]")  [assignment]
(derfenix)django_stored_procedures/django_sp/loader.py:148: error: Incompatible types in assignment (expression has type "List[Any]", variable has type "Optional[Dict[Any, Any]]")  [assignment]
(valhallasw)gerrit-reviewer-bot/pop3bot.py:43: error: Incompatible types in assignment (expression has type "Message", variable has type "bytes")  [assignment]
(night-crawler)django-docker-helpers/django_docker_helpers/utils.py:86: error: Incompatible types in assignment (expression has type "List[Any]", variable has type "Dict[Any, Any]")  [assignment]
(sdadas)warsaw-transport/scripts/shape_data.py:32: error: Incompatible types in assignment (expression has type "List[int]", target has type "List[float]")  [assignment]
(sdadas)warsaw-transport/scripts/transport_data.py:171: error: Incompatible types in assignment (expression has type "float", variable has type "List[Any]")  [assignment]
(sdadas)warsaw-transport/scripts/transport_data.py:172: error: Incompatible types in assignment (expression has type "float", variable has type "List[Any]")  [assignment]
(opn-oss)autobahn-python-repl/opendna/autobahn/repl/repl.py:80: error: Incompatible types in assignment (expression has type "Callable[[Any], Any]", variable has type "partial[Any]")  [assignment]
(eReuse)workbench/ereuse_workbench/workbench.py:33: error: Incompatible default for argument "install" (default has type "bool", argument has type "str")  [assignment]
(DesertBot)DesertBot/desertbot/output.py:33: error: Incompatible types in assignment (expression has type "List[str]", variable has type "str")  [assignment]
(DesertBot)DesertBot/desertbot/response.py:27: error: Incompatible types in assignment (expression has type "Union[str, bytes]", variable has type "str")  [assignment]
(DesertBot)DesertBot/desertbot/response.py:31: error: Incompatible types in assignment (expression has type "Union[str, bytes]", variable has type "str")  [assignment]
(pracedru)PracedruDesign/GUI/Models/CalcTableModel.py:29: error: Incompatible default for argument "role" (default has type "ellipsis", argument has type "int")  [assignment]
(pnuckowski)aioresponses/aioresponses/core.py:127: error: Incompatible types in assignment (expression has type "bytes", variable has type "str")  [assignment]
(gilmarsquinelato)gulpy/gulpy/core/stream.py:104: error: Incompatible types in assignment (expression has type "str", variable has type "None")  [assignment]
(gilmarsquinelato)gulpy/gulpy/core/stream.py:193: error: Incompatible types in assignment (expression has type "TextIO", variable has type "StringIO")  [assignment]
(ozmartian)tvlinker/tvlinker/threads.py:162: error: Incompatible default for argument "action" (default has type "Tuple[int]", argument has type "RealDebridAction")  [assignment]
(Brig13Team)Operation_Kerberos/tools/validator_xml.py:174: error: Incompatible types in assignment (expression has type "str", variable has type "int")  [assignment]
(Brig13Team)Operation_Kerberos/tools/validator_xml.py:183: error: Incompatible types in assignment (expression has type "bytes", variable has type "int")  [assignment]
(ascoderu)opwen-webapp/opwen_email_client/domain/modem/__init__.py:8: error: Incompatible types in assignment (expression has type "str", variable has type "bytes")  [assignment]
(gorgitko)molminer/molminer/utils.py:50: error: Incompatible types in assignment (expression has type "str", variable has type "bytes")  [assignment]
(gorgitko)molminer/molminer/utils.py:51: error: Incompatible types in assignment (expression has type "str", variable has type "bytes")  [assignment]
(meraki-analytics)merakicommons/merakicommons/ratelimits.py:142: error: Incompatible types in assignment (expression has type "Timer", variable has type "None")  [assignment]
(meraki-analytics)merakicommons/merakicommons/ratelimits.py:172: error: Incompatible types in assignment (expression has type "Timer", variable has type "None")  [assignment]
(meraki-analytics)merakicommons/merakicommons/ratelimits.py:229: error: Incompatible types in assignment (expression has type "Thread", variable has type "None")  [assignment]
(meraki-analytics)merakicommons/merakicommons/ratelimits.py:322: error: Incompatible types in assignment (expression has type "Thread", variable has type "None")  [assignment]
(meraki-analytics)merakicommons/merakicommons/cache.py:51: error: Incompatible types in assignment (expression has type "timedelta", variable has type "int")  [assignment]
(BogyMitutoyoCTL)CalculatorCV/KeyListener.py:11: error: Incompatible types in assignment (expression has type "int", variable has type "str")  [assignment]
(sonusz)PhasorToolBox/phasortoolbox/parser/common.py:64: error: Cannot assign to a method  [assignment]
(zalandoresearch)fashion-mnist/utils/argparser.py:9: error: Incompatible types in assignment (expression has type "int", variable has type "str")  [assignment]
(zalandoresearch)fashion-mnist/utils/argparser.py:12: error: Incompatible types in assignment (expression has type "float", variable has type "str")  [assignment]
(zalandoresearch)fashion-mnist/utils/argparser.py:18: error: Incompatible types in assignment (expression has type "bool", variable has type "str")  [assignment]
(zalandoresearch)fashion-mnist/utils/argparser.py:20: error: Incompatible types in assignment (expression has type "bool", variable has type "str")  [assignment]
(zalandoresearch)fashion-mnist/utils/argparser.py:38: error: Incompatible types in assignment (expression has type "Union[str, float]", target has type "List[Any]")  [assignment]
(NephyProject)PyChroner/pychroner/thread/wrapper.py:22: error: Incompatible types in assignment (expression has type "List[Any]", variable has type "Tuple[Any, ...]")  [assignment]
(ulikoehler)UliEngineering/UliEngineering/SignalProcessing/Simulation.py:61: error: Incompatible types in assignment (expression has type "Callable[[VarArg(Any), KwArg(Any)], Any]", variable has type "partial[Any]")  [assignment]
(ulikoehler)UliEngineering/UliEngineering/SignalProcessing/Simulation.py:62: error: Incompatible types in assignment (expression has type "Callable[[VarArg(Any), KwArg(Any)], Any]", variable has type "partial[Any]")  [assignment]
(ulikoehler)UliEngineering/UliEngineering/SignalProcessing/Simulation.py:63: error: Incompatible types in assignment (expression has type "Callable[[VarArg(Any), KwArg(Any)], Any]", variable has type "partial[Any]")  [assignment]
(ulikoehler)UliEngineering/UliEngineering/SignalProcessing/Simulation.py:64: error: Incompatible types in assignment (expression has type "Callable[[VarArg(Any), KwArg(Any)], Any]", variable has type "partial[Any]")  [assignment]
(shobute)go-slack/goban.py:148: error: Incompatible types in assignment (expression has type "str", target has type "None")  [assignment]
(shobute)go-slack/gobot.py:63: error: Incompatible types in assignment (expression has type "float", variable has type "int")  [assignment]
(lablup)sorna-client/src/ai/backend/client/keypair.py:150: error: Incompatible types in assignment (expression has type "Union[int, str]", target has type "bool")  [assignment]
(tommz9)wrf_runner/src/wrf_runner/linkgrib.py:66: error: Incompatible types in assignment (expression has type "Iterator[str]", variable has type "List[str]")  [assignment]
(changyuheng)pywinwifi/src/winwifi/main.py:57: error: Incompatible types in assignment (expression has type "int", variable has type "RawIOBase")  [assignment]
(algorithm-ninja)territoriali-backend/terry/handlers/admin_handler.py:125: error: Incompatible types in assignment (expression has type "float", variable has type "str")  [assignment]
(algorithm-ninja)territoriali-backend/terry/handlers/admin_handler.py:127: error: Incompatible types in assignment (expression has type "float", variable has type "str")  [assignment]
(google)pybadges/pybadges/precalculated_text_measurer.py:56: error: Incompatible types in assignment (expression has type "float", variable has type "int")  [assignment]
(google)pybadges/pybadges/precalculated_text_measurer.py:57: error: Incompatible types in assignment (expression has type "float", variable has type "int")  [assignment]
(telminov)django-park-keeper/parkkeeper/ws.py:97: error: Incompatible types in assignment (expression has type "float", base class "WebSocketHandler" defined the type as "int")  [assignment]
(telminov)django-park-keeper/parkkeeper/ws.py:112: error: Incompatible types in assignment (expression has type "float", base class "WebSocketHandler" defined the type as "int")  [assignment]
(telminov)django-park-keeper/parkkeeper/ws.py:127: error: Incompatible types in assignment (expression has type "float", base class "WebSocketHandler" defined the type as "int")  [assignment]
(telminov)django-park-keeper/parkkeeper/ws.py:143: error: Incompatible types in assignment (expression has type "float", base class "WebSocketHandler" defined the type as "int")  [assignment]
(telminov)django-park-keeper/parkkeeper/ws.py:159: error: Incompatible types in assignment (expression has type "float", base class "WebSocketHandler" defined the type as "int")  [assignment]
(telminov)django-park-keeper/parkkeeper/ws.py:182: error: Incompatible types in assignment (expression has type "float", base class "WebSocketHandler" defined the type as "int")  [assignment]
(tuna)fishroom/fishroom/xmpp.py:82: error: Cannot assign to a method  [assignment]
(tuna)fishroom/fishroom/xmpp.py:82: error: Incompatible types in assignment (expression has type "Callable[[Any, Any], Any]", variable has type "Callable[[Any], Any]")  [assignment]
(tuna)fishroom/fishroom/wechat.py:221: error: Cannot assign to a method  [assignment]
(tuna)fishroom/fishroom/wechat.py:221: error: Incompatible types in assignment (expression has type "Callable[[Any, Any], Any]", variable has type "Callable[[Any], Any]")  [assignment]
(tuna)fishroom/fishroom/matrix.py:141: error: Cannot assign to a method  [assignment]
(tuna)fishroom/fishroom/matrix.py:141: error: Incompatible types in assignment (expression has type "Callable[[Any, Any], Any]", variable has type "Callable[[Any], Any]")  [assignment]
(tuna)fishroom/fishroom/IRC.py:200: error: Cannot assign to a method  [assignment]
(tuna)fishroom/fishroom/IRC.py:200: error: Incompatible types in assignment (expression has type "Callable[[Any, Any], Any]", variable has type "Callable[[Any], Any]")  [assignment]
(tuna)fishroom/fishroom/gitter.py:157: error: Cannot assign to a method  [assignment]
(loopspace)microbit/ziphalo/gravity.py:30: error: Incompatible types in assignment (expression has type "float", variable has type "int")  [assignment]
(loopspace)microbit/ziphalo/chase.py:73: error: Incompatible types in assignment (expression has type "float", variable has type "int")  [assignment]
(loopspace)microbit/ziphalo/chase.py:89: error: Incompatible types in assignment (expression has type "str", variable has type "int")  [assignment]
(kevinkahn)softconsole/hubs/ha/haremote.py:180: error: Incompatible types in assignment (expression has type "Dict[Any, str]", variable has type "CaseInsensitiveDict[str]")  [assignment]
(kevinkahn)softconsole/hubs/ha/haremote.py:182: error: Incompatible types in assignment (expression has type "Dict[Any, str]", variable has type "CaseInsensitiveDict[str]")  [assignment]
(kevinkahn)softconsole/hubs/ha/haremote.py:373: error: Incompatible types in assignment (expression has type "Response", variable has type "str")  [assignment]
(the-c0d3r)admin-finder/lib/connection.py:105: error: Incompatible types in assignment (expression has type "List[Any]", variable has type "Dict[Any, Any]")  [assignment]
(centaurialpha)pireal/src/core/interpreter/rast.py:14: error: Incompatible types in assignment (expression has type "date", variable has type "str")  [assignment]
(centaurialpha)pireal/src/core/interpreter/rast.py:17: error: Incompatible types in assignment (expression has type "date", variable has type "str")  [assignment]
(cernyd)gnunigma/data_handler.py:23: error: Incompatible types in assignment (expression has type "str", variable has type Module)  [assignment]
(SunDwarf)OWAPI/owapi/util.py:93: error: Incompatible types in assignment (expression has type "str", variable has type "float")  [assignment]
(codesardine)Jade-Application-Kit/JAK/Utils.py:27: error: Incompatible types in assignment (expression has type "str", variable has type "Tuple[Any, ...]")  [assignment]
(codesardine)Jade-Application-Kit/JAK/Utils.py:33: error: Incompatible types in assignment (expression has type "str", variable has type "Tuple[Any, ...]")  [assignment]
(seanegoodwin)PandaViewer/PandaViewer/config.py:210: error: Incompatible types in assignment (expression has type "Config", variable has type "Type[Config]")  [assignment]
(artificilabs)trelliolibs/trelliolibs/utils/helpers.py:18: error: Incompatible default for argument "records" (default has type "Tuple[]", argument has type "List[Any]")  [assignment]
(tkukushkin)asynqp-consumer/src/asynqp_consumer/records.py:88: error: Incompatible types in assignment (expression has type "int", target has type "str")  [assignment]
(CAB-LAB)cablab-core/esdl/cate/esdc.py:63: error: Incompatible types in assignment (expression has type "List[Dict[str, Any]]", target has type "str")  [assignment]
(psy0rz)meowton/micropython/lib/hx711.py:36: error: Incompatible types in assignment (expression has type "int", variable has type "Tuple[Any, ...]")  [assignment]
(psy0rz)meowton/micropython/meowton.py:35: error: Incompatible types in assignment (expression has type "Db", variable has type Module)  [assignment]
(MikimotoH)DLink_Harvester/harvest_utils.py:192: error: Incompatible types in assignment (expression has type "float", variable has type "int")  [assignment]
(MikimotoH)DLink_Harvester/harvest_utils.py:221: error: Incompatible types in assignment (expression has type "float", variable has type "int")  [assignment]
(MikimotoH)DLink_Harvester/web_utils.py:109: error: Incompatible types in assignment (expression has type "Callable[[MyHTTPRedirectHandler, Any, Any, Any, Any, Any], Any]", base class "HTTPRedirectHandler" defined the type as "Callable[[HTTPRedirectHandler, Request, IO[str], int, int, Mapping[str, str]], Optional[Any]]")  [assignment]
(aguinane)nem-reader/nemreader/nem_reader.py:42: error: Incompatible types in assignment (expression has type "TextIO", variable has type "List[str]")  [assignment]
(PeerAssets)pypeerassets/pypeerassets/__main__.py:180: error: Incompatible types in assignment (expression has type "Generator[Any, None, None]", variable has type "List[Any]")  [assignment]
(googleapis)sample-tester/sampletester/cli.py:125: error: Incompatible types in assignment (expression has type "str", variable has type "int")  [assignment]
(5j9)yadkard/test/__init__.py:73: error: Cannot assign to a method  [assignment]
(5j9)yadkard/test/__init__.py:73: error: Incompatible types in assignment (expression has type "Callable[[Any, Any, Any, KwArg(Any)], Any]", variable has type "Callable[[Session, str, Union[str, bytes, str], Union[None, bytes, MutableMapping[str, str]], Union[None, str, bytes, MutableMapping[str, Any], MutableMapping[str, Any], Iterable[Tuple[str, Optional[str]]], IO[Any]], Optional[MutableMapping[str, str]], Union[None, RequestsCookieJar, MutableMapping[str, str]], Optional[MutableMapping[str, IO[Any]]], Union[None, Tuple[str, str], AuthBase, Callable[[Request], Request]], Union[None, float, Tuple[float, float]], Optional[bool], Optional[MutableMapping[str, str]], Optional[MutableMapping[str, Union[Iterable[Callable[[Response], Any]], Callable[[Response], Any]]]], Optional[bool], Union[None, bool, str], Union[str, Tuple[str, str], None], Optional[Any]], Response]")  [assignment]
(team-phoenix)Phoenix/frontend/python/updaters/updateExtension.py:13: error: Incompatible types in assignment (expression has type "Tuple[Tuple[str, str], Tuple[str, str]]", variable has type "Optional[List[Any]]")  [assignment]
(team-phoenix)Phoenix/frontend/python/updaters/updateSystemToCore.py:9: error: Incompatible types in assignment (expression has type "Tuple[Tuple[str, str], Tuple[str, str]]", variable has type "Optional[List[Any]]")  [assignment]
(team-phoenix)Phoenix/frontend/python/updaters/updateSystem.py:11: error: Incompatible types in assignment (expression has type "Tuple[Tuple[str, str], Tuple[str, str], Tuple[str, str], Tuple[str, str], Tuple[str, str], Tuple[str, str], Tuple[str, str]]", variable has type "Optional[List[Any]]")  [assignment]
(team-phoenix)Phoenix/frontend/python/updaters/updateFirmware.py:10: error: Incompatible types in assignment (expression has type "Tuple[Tuple[str, str], Tuple[str, str], Tuple[str, str], Tuple[str, str], Tuple[str, str], Tuple[str, str]]", variable has type "Optional[List[Any]]")  [assignment]
(team-phoenix)Phoenix/frontend/python/updaters/updateOpenVGDBToSystem.py:12: error: Incompatible types in assignment (expression has type "Tuple[Tuple[str, str], Tuple[str, str]]", variable has type "Optional[List[Any]]")  [assignment]
(team-phoenix)Phoenix/frontend/python/updaters/updateCore.py:15: error: Incompatible types in assignment (expression has type "Tuple[Tuple[str, str], Tuple[str, str], Tuple[str, str], Tuple[str, str], Tuple[str, str]]", variable has type "Optional[List[Any]]")  [assignment]
(team-phoenix)Phoenix/frontend/python/updaters/updateRomHeaderOffset.py:11: error: Incompatible types in assignment (expression has type "Tuple[Tuple[str, str], Tuple[str, str], Tuple[str, str], Tuple[str, str]]", variable has type "Optional[List[Any]]")  [assignment]
(team-phoenix)Phoenix/frontend/python/updaters/sqldatabase.py:39: error: Incompatible types in assignment (expression has type "Connection", variable has type "None")  [assignment]
(mikesmth)pi-dashboard/lib/utils.py:29: error: Incompatible types in assignment (expression has type "Callable[[Dict[_KT, _VT], _KT, _VT], None]", base class "object" defined the type as "Callable[[object, str, Any], None]")  [assignment]
(petervaro)cutils/pycutils/cutils/cenv.py:143: error: Incompatible types in assignment (expression has type "Tuple[]", variable has type "List[str]")  [assignment]
(RRZE-HPC)kerncraft/kerncraft/likwid_bench_auto.py:112: error: Incompatible types in assignment (expression has type "List[str]", target has type "str")  [assignment]
(RRZE-HPC)kerncraft/kerncraft/likwid_bench_auto.py:117: error: Incompatible types in assignment (expression has type "Dict[str, str]", target has type "str")  [assignment]
(RRZE-HPC)kerncraft/kerncraft/likwid_bench_auto.py:128: error: Incompatible types in assignment (expression has type "int", target has type "str")  [assignment]
(RRZE-HPC)kerncraft/kerncraft/likwid_bench_auto.py:132: error: Incompatible types in assignment (expression has type "int", target has type "str")  [assignment]
(RRZE-HPC)kerncraft/kerncraft/likwid_bench_auto.py:133: error: Incompatible types in assignment (expression has type "Dict[str, str]", target has type "str")  [assignment]
(edio)randrctl/randrctl/exception.py:49: error: Incompatible types in assignment (expression has type "List[Any]", variable has type "Tuple[Any, ...]")  [assignment]
