(dotpot)InAppPy/inapppy/errors.py:11:9: error: Too many arguments for "__init__" of "BaseException"  [call-arg]
(pythonfoo)pythonfooLite/Level_05/funktionen.py:13:1: error: Too many arguments for "funktion"  [call-arg]
(pythonfoo)pythonfooLite/Level_05/funktionen.py:21:1: error: Too many arguments for "funktion"  [call-arg]
(pythonfoo)pythonfooLite/Level_05/funktionen.py:24:1: error: Too many arguments for "funktion"  [call-arg]
(pythonfoo)pythonfooLite/Level_05/funktionen.py:35:1: error: Unexpected keyword argument "wirklich" for "funktion"  [call-arg]
(pythonfoo)pythonfooLite/Level_05/funktionen.py:38:1: error: Unexpected keyword argument "wirklich" for "funktion"  [call-arg]
(pythonfoo)pythonfooLite/Level_05/funktionen.py:38:1: error: Unexpected keyword argument "text" for "funktion"  [call-arg]
(SunDwarf)asyncqlio/asyncqlio/orm/operators.py:241:29: error: Too few arguments  [call-arg]
(adsharma)flattools/bin/flatc.py:95:58: error: Too few arguments for "get_type"  [call-arg]
(5agado)data-science-learning/graphics/sierpinski.py:86:18: error: Missing positional argument "name" in call to "Object"  [call-arg]
(mesosphere)marathon/tests/integration/src/test/resources/python/app_mock.py:193:13: error: Unexpected keyword argument "bind_and_activate" for "HTTPServer"  [call-arg]
(mushorg)conpot/conpot/protocols/snmp/command_responder.py:162:14: error: Too few arguments for "CommandResponder"  [call-arg]
(allenai)allennlp/allennlp/training/learning_rate_schedulers/learning_rate_scheduler.py:65:9: error: Too many arguments for "step" of "_LRScheduler"  [call-arg]
(allenai)allennlp/allennlp/data/token_indexers/single_id_token_indexer.py:85:22: error: Too many arguments for "LongTensor"  [call-arg]
(allenai)allennlp/allennlp/data/token_indexers/dep_label_indexer.py:63:22: error: Too many arguments for "LongTensor"  [call-arg]
(allenai)allennlp/allennlp/data/token_indexers/openai_transformer_byte_pair_indexer.py:243:22: error: Too many arguments for "LongTensor"  [call-arg]
(allenai)allennlp/allennlp/data/token_indexers/ner_tag_indexer.py:59:22: error: Too many arguments for "LongTensor"  [call-arg]
(allenai)allennlp/allennlp/data/token_indexers/spacy_indexer.py:72:21: error: Too many arguments for "FloatTensor"  [call-arg]
(allenai)allennlp/allennlp/data/token_indexers/token_indexer.py:117:22: error: Too many arguments for "LongTensor"  [call-arg]
(allenai)allennlp/allennlp/data/token_indexers/token_characters_indexer.py:131:22: error: Too many arguments for "LongTensor"  [call-arg]
(allenai)allennlp/allennlp/data/token_indexers/elmo_indexer.py:149:22: error: Too many arguments for "LongTensor"  [call-arg]
(allenai)allennlp/allennlp/data/token_indexers/pos_tag_indexer.py:81:22: error: Too many arguments for "LongTensor"  [call-arg]
(allenai)allennlp/allennlp/data/token_indexers/pretrained_transformer_indexer.py:88:22: error: Too many arguments for "LongTensor"  [call-arg]
(allenai)allennlp/allennlp/data/fields/production_rule_field.py:103:22: error: Too many arguments for "LongTensor"  [call-arg]
(allenai)allennlp/allennlp/data/fields/span_field.py:52:18: error: Too many arguments for "LongTensor"  [call-arg]
(allenai)allennlp/allennlp/data/fields/multilabel_field.py:114:32: error: Too many arguments for "LongTensor"  [call-arg]
(allenai)allennlp/allennlp/data/fields/sequence_label_field.py:108:18: error: Too many arguments for "LongTensor"  [call-arg]
(allenai)allennlp/allennlp/data/fields/index_field.py:45:18: error: Too many arguments for "LongTensor"  [call-arg]
(allenai)allennlp/allennlp/data/fields/namespace_swapping_field.py:46:18: error: Too many arguments for "LongTensor"  [call-arg]
(allenai)allennlp/allennlp/tests/training/moving_average_test.py:88:26: error: Too few arguments for "Parameter"  [call-arg]
(allenai)allennlp/allennlp/tests/training/multi_task_trainer_test.py:152:23: error: Too few arguments for "Parameter"  [call-arg]
(allenai)allennlp/allennlp/tests/modules/stacked_bidirectional_lstm_test.py:87:28: error: Too many arguments for "LongTensor"  [call-arg]
(allenai)allennlp/allennlp/modules/token_embedders/language_model_token_embedder.py:108:33: error: Too many arguments for "Tensor"  [call-arg]
(allenai)allennlp/allennlp/modules/token_embedders/language_model_token_embedder.py:109:33: error: Too many arguments for "Tensor"  [call-arg]
(allenai)allennlp/allennlp/modules/token_embedders/elmo_token_embedder_multilang.py:101:35: error: Too many arguments for "FloatTensor"  [call-arg]
(allenai)allennlp/allennlp/modules/span_extractors/bidirectional_endpoint_span_extractor.py:97:36: error: Too few arguments for "Parameter"  [call-arg]
(allenai)allennlp/allennlp/modules/span_extractors/bidirectional_endpoint_span_extractor.py:98:34: error: Too few arguments for "Parameter"  [call-arg]
(allenai)allennlp/allennlp/modules/span_extractors/endpoint_span_extractor.py:67:36: error: Too few arguments for "Parameter"  [call-arg]
(allenai)allennlp/allennlp/modules/similarity_functions/multiheaded.py:67:37: error: Too few arguments for "Parameter"  [call-arg]
(allenai)allennlp/allennlp/modules/similarity_functions/multiheaded.py:67:47: error: Too many arguments for "Tensor"  [call-arg]
(allenai)allennlp/allennlp/modules/similarity_functions/multiheaded.py:68:37: error: Too few arguments for "Parameter"  [call-arg]
(allenai)allennlp/allennlp/modules/similarity_functions/multiheaded.py:68:47: error: Too many arguments for "Tensor"  [call-arg]
(allenai)allennlp/allennlp/modules/similarity_functions/bilinear.py:35:31: error: Too few arguments for "Parameter"  [call-arg]
(allenai)allennlp/allennlp/modules/similarity_functions/bilinear.py:35:41: error: Too many arguments for "Tensor"  [call-arg]
(allenai)allennlp/allennlp/modules/similarity_functions/bilinear.py:36:22: error: Too few arguments for "Parameter"  [call-arg]
(allenai)allennlp/allennlp/modules/similarity_functions/bilinear.py:36:32: error: Too many arguments for "Tensor"  [call-arg]
(allenai)allennlp/allennlp/modules/similarity_functions/linear.py:53:31: error: Too few arguments for "Parameter"  [call-arg]
(allenai)allennlp/allennlp/modules/similarity_functions/linear.py:53:41: error: Too many arguments for "Tensor"  [call-arg]
(allenai)allennlp/allennlp/modules/similarity_functions/linear.py:54:22: error: Too few arguments for "Parameter"  [call-arg]
(allenai)allennlp/allennlp/modules/similarity_functions/linear.py:54:32: error: Too many arguments for "Tensor"  [call-arg]
(allenai)allennlp/allennlp/modules/matrix_attention/bilinear_matrix_attention.py:50:35: error: Too few arguments for "Parameter"  [call-arg]
(allenai)allennlp/allennlp/modules/matrix_attention/bilinear_matrix_attention.py:50:45: error: Too many arguments for "Tensor"  [call-arg]
(allenai)allennlp/allennlp/modules/matrix_attention/bilinear_matrix_attention.py:52:35: error: Too few arguments for "Parameter"  [call-arg]
(allenai)allennlp/allennlp/modules/matrix_attention/bilinear_matrix_attention.py:52:45: error: Too many arguments for "Tensor"  [call-arg]
(allenai)allennlp/allennlp/modules/matrix_attention/bilinear_matrix_attention.py:54:22: error: Too few arguments for "Parameter"  [call-arg]
(allenai)allennlp/allennlp/modules/matrix_attention/bilinear_matrix_attention.py:54:32: error: Too many arguments for "Tensor"  [call-arg]
(allenai)allennlp/allennlp/modules/matrix_attention/linear_matrix_attention.py:56:31: error: Too few arguments for "Parameter"  [call-arg]
(allenai)allennlp/allennlp/modules/matrix_attention/linear_matrix_attention.py:56:41: error: Too many arguments for "Tensor"  [call-arg]
(allenai)allennlp/allennlp/modules/matrix_attention/linear_matrix_attention.py:57:22: error: Too few arguments for "Parameter"  [call-arg]
(allenai)allennlp/allennlp/modules/matrix_attention/linear_matrix_attention.py:57:32: error: Too many arguments for "Tensor"  [call-arg]
(allenai)allennlp/allennlp/modules/attention/linear_attention.py:55:31: error: Too few arguments for "Parameter"  [call-arg]
(allenai)allennlp/allennlp/modules/attention/linear_attention.py:55:41: error: Too many arguments for "Tensor"  [call-arg]
(allenai)allennlp/allennlp/modules/attention/linear_attention.py:56:22: error: Too few arguments for "Parameter"  [call-arg]
(allenai)allennlp/allennlp/modules/attention/linear_attention.py:56:32: error: Too many arguments for "Tensor"  [call-arg]
(allenai)allennlp/allennlp/modules/attention/bilinear_attention.py:39:31: error: Too few arguments for "Parameter"  [call-arg]
(allenai)allennlp/allennlp/modules/attention/bilinear_attention.py:39:41: error: Too many arguments for "Tensor"  [call-arg]
(allenai)allennlp/allennlp/modules/attention/bilinear_attention.py:40:22: error: Too few arguments for "Parameter"  [call-arg]
(allenai)allennlp/allennlp/modules/attention/bilinear_attention.py:40:32: error: Too many arguments for "Tensor"  [call-arg]
(allenai)allennlp/allennlp/modules/masked_layer_norm.py:11:22: error: Too few arguments for "Parameter"  [call-arg]
(allenai)allennlp/allennlp/modules/masked_layer_norm.py:12:21: error: Too few arguments for "Parameter"  [call-arg]
(allenai)allennlp/allennlp/modules/layer_norm.py:31:22: error: Too few arguments for "Parameter"  [call-arg]
(allenai)allennlp/allennlp/modules/layer_norm.py:32:21: error: Too few arguments for "Parameter"  [call-arg]
(allenai)allennlp/allennlp/modules/scalar_mix.py:33:28: error: Too many arguments for "FloatTensor"  [call-arg]
(allenai)allennlp/allennlp/modules/scalar_mix.py:36:32: error: Too many arguments for "FloatTensor"  [call-arg]
(allenai)allennlp/allennlp/modules/sampled_softmax_loss.py:103:30: error: Too few arguments for "Parameter"  [call-arg]
(allenai)allennlp/allennlp/modules/sampled_softmax_loss.py:104:30: error: Too few arguments for "Parameter"  [call-arg]
(allenai)allennlp/allennlp/state_machines/transition_functions/coverage_transition_function.py:54:38: error: Too few arguments for "Parameter"  [call-arg]
(allenai)allennlp/allennlp/state_machines/transition_functions/coverage_transition_function.py:54:48: error: Too many arguments for "FloatTensor"  [call-arg]
(allenai)allennlp/allennlp/state_machines/transition_functions/linking_coverage_transition_function.py:55:45: error: Too few arguments for "Parameter"  [call-arg]
(allenai)allennlp/allennlp/state_machines/transition_functions/linking_coverage_transition_function.py:55:55: error: Too many arguments for "FloatTensor"  [call-arg]
(allenai)allennlp/allennlp/models/semantic_parsing/nlvr/nlvr_semantic_parser.py:70:40: error: Too few arguments for "Parameter"  [call-arg]
(allenai)allennlp/allennlp/models/semantic_parsing/nlvr/nlvr_semantic_parser.py:70:59: error: Too many arguments for "FloatTensor"  [call-arg]
(allenai)allennlp/allennlp/interpret/attackers/hotflip.py:181:49: error: Too many arguments for "LongTensor"  [call-arg]
(bjornaa)ladim/examples/obstacle/animate_discrete.py:12:8: error: Too few arguments for "Grid"  [call-arg]
(Yelp)paasta/paasta_tools/cassandracluster_tools.py:28:1: error: Unexpected keyword argument "total" for "__init_subclass__" of "object"  [call-arg]
(mpi-sws-rse)thingflow-python/thingflow/sensors/rpi/adxl345_py3.py:115:15: error: Too few arguments for "ADXL345"  [call-arg]
(eurecom-s3)avatar-python/avatar/interfaces/gdb/gdb_server.py:156:11: error: Too few arguments for "GdbServer"  [call-arg]
(N-BodyPhysicsSimulator)Main/nbp/bodies/body_state.py:54:16: error: Too many arguments for "BodyState"  [call-arg]
(N-BodyPhysicsSimulator)Main/nbp/bodies/body.py:51:16: error: Too many arguments for "Body"  [call-arg]
(rdevon)cortex/cortex/built_ins/models/discrete_gan.py:61:9: error: Too many arguments for "Variable"  [call-arg]
(rdevon)cortex/cortex/built_ins/models/discrete_gan.py:61:9: error: Unexpected keyword argument "requires_grad" for "Variable"  [call-arg]
(rdevon)cortex/cortex/built_ins/models/discrete_gan.py:61:18: error: Too many arguments for "Tensor"  [call-arg]
(FrostLuma)Mousey/mousey/ext/guilds/blobs.py:52:1: error: Unexpected keyword argument "depends" for "__init_subclass__" of "object"  [call-arg]
(FrostLuma)Mousey/mousey/ext/guilds/pals.py:65:1: error: Unexpected keyword argument "depends" for "__init_subclass__" of "object"  [call-arg]
(FrostLuma)Mousey/mousey/ext/guilds/observatory.py:47:1: error: Unexpected keyword argument "depends" for "__init_subclass__" of "object"  [call-arg]
(FrostLuma)Mousey/mousey/ext/modlog/observer.py:47:1: error: Unexpected keyword argument "depends" for "__init_subclass__" of "object"  [call-arg]
(FrostLuma)Mousey/mousey/ext/info.py:43:1: error: Unexpected keyword argument "depends" for "__init_subclass__" of "object"  [call-arg]
(FrostLuma)Mousey/mousey/ext/groups.py:98:1: error: Unexpected keyword argument "depends" for "__init_subclass__" of "object"  [call-arg]
(FrostLuma)Mousey/mousey/ext/roles.py:38:1: error: Unexpected keyword argument "depends" for "__init_subclass__" of "object"  [call-arg]
(FrostLuma)Mousey/mousey/ext/mod.py:39:1: error: Unexpected keyword argument "depends" for "__init_subclass__" of "object"  [call-arg]
(FrostLuma)Mousey/mousey/ext/events.py:35:1: error: Unexpected keyword argument "depends" for "__init_subclass__" of "object"  [call-arg]
(FrostLuma)Mousey/mousey/ext/health.py:40:1: error: Unexpected keyword argument "depends" for "__init_subclass__" of "object"  [call-arg]
(FrostLuma)Mousey/mousey/ext/modlog/__init__.py:45:1: error: Unexpected keyword argument "depends" for "__init_subclass__" of "object"  [call-arg]
(Stiivi)entigen/entigen/writers/python.py:50:1: error: Unexpected keyword argument "name" for "__init_subclass__" of "object"  [call-arg]
(Stiivi)entigen/entigen/writers/info.py:8:1: error: Unexpected keyword argument "name" for "__init_subclass__" of "object"  [call-arg]
(Stiivi)entigen/entigen/readers/csv.py:23:1: error: Unexpected keyword argument "name" for "__init_subclass__" of "object"  [call-arg]
(BernardFW)bernard/src/bernard/storage/redis.py:32:9: error: Too many arguments for "__init__" of "object"  [call-arg]
(BernardFW)bernard/src/bernard/engine/triggers.py:41:20: error: Too many arguments for "BaseTrigger"  [call-arg]
(ava-project)AVA/ava/plugins/context/main.py:64:15: error: Too few arguments for "load_module" of "InspectLoader"  [call-arg]
(kubeflow)pipelines/sdk/python/kfp/components/_airflow_op.py:104:16: error: Too many arguments for "returnType"  [call-arg]
(kubeflow)pipelines/samples/contrib/ibm-samples/ffdl-seldon/source/model-source-code/gender_classification.py:131:44: error: Too many arguments for "Variable"  [call-arg]
(kubeflow)pipelines/samples/contrib/ibm-samples/ffdl-seldon/source/model-source-code/gender_classification.py:131:53: error: Too many arguments for "FloatTensor"  [call-arg]
(kubeflow)pipelines/samples/contrib/ibm-samples/ffdl-seldon/source/model-source-code/gender_classification.py:131:109: error: Too many arguments for "LongTensor"  [call-arg]
(kubeflow)pipelines/samples/contrib/ibm-samples/ffdl-seldon/source/model-source-code/gender_classification.py:133:43: error: Too many arguments for "Variable"  [call-arg]
(kubeflow)pipelines/samples/contrib/ibm-samples/ffdl-seldon/source/model-source-code/gender_classification.py:133:52: error: Too many arguments for "FloatTensor"  [call-arg]
(kubeflow)pipelines/samples/contrib/ibm-samples/ffdl-seldon/source/model-source-code/gender_classification.py:133:107: error: Too many arguments for "LongTensor"  [call-arg]
(alvinwan)quupod/quupod/queue/views.py:202:12: error: Unexpected keyword argument "home" for "login"  [call-arg]
(alvinwan)quupod/quupod/queue/views.py:202:12: error: Unexpected keyword argument "login" for "login"  [call-arg]
(alvinwan)quupod/quupod/queue/views.py:211:12: error: Unexpected keyword argument "home" for "logout"  [call-arg]
(zhangxin20121923)QuanSim/tools/interactCfg.py:98:3: error: Too few arguments for "writeErrorMsg"  [call-arg]
(zhangxin20121923)QuanSim/tools/interactCfg.py:111:6: error: Too few arguments for "writeErrorMsg"  [call-arg]
(zhangxin20121923)QuanSim/tools/interactCfg.py:113:3: error: Too few arguments for "writeErrorMsg"  [call-arg]
(zhangxin20121923)QuanSim/tools/interactCfg.py:115:3: error: Too few arguments for "writeErrorMsg"  [call-arg]
(christabor)MoAL/MOAL/computer_organization/logic_gates.py:71:39: error: Too many arguments  [call-arg]
(jrkerns)pylinac/pylinac/core/io.py:116:16: error: Too many arguments  [call-arg]
(martinpilat)dag-evaluate/method_params.py:114:11: error: Too many arguments for "create_param_set"  [call-arg]
(pckv)pcbot/plugins/blacklist.py:48:12: error: Too many arguments for "BlacklistConfig"  [call-arg]
(dmwyatt)disney.api/helpers.py:27:9: error: Unexpected keyword argument "minutes" for "replace" of "datetime"; did you mean "minute"?  [call-arg]
(dmwyatt)disney.api/helpers.py:28:10: error: Unexpected keyword argument "minutes" for "replace" of "datetime"; did you mean "minute"?  [call-arg]
(pybel)pybel/src/pybel/manager/query_manager.py:157:20: error: Too few arguments for "count" of "list"  [call-arg]
(bggardner)canopen-rpi/adapters/can-udp.py:46:23: error: Too many arguments for "recv"  [call-arg]
(Berserker66)omnitool/worldview.py:190:17: error: Too few arguments for "join" of "str"  [call-arg]
(turbinenreiter)micropython/tests/basics/boundmeth1.py:20:7: error: Too many arguments  [call-arg]
(turbinenreiter)micropython/tests/basics/boundmeth1.py:24:7: error: Too many arguments  [call-arg]
(trezor)micropython/tests/basics/fun_error.py:5:5: error: Unexpected keyword argument "x" for "append" of "list"  [call-arg]
(trezor)micropython/tests/basics/fun_error.py:23:5: error: Too many arguments for "append" of "list"  [call-arg]
(trezor)micropython/tests/basics/fun_error.py:35:5: error: Unexpected keyword argument "noexist" for "sort" of "list"  [call-arg]
(trezor)micropython/tests/basics/fun_error.py:42:5: error: Missing positional argument "y" in call to "f"  [call-arg]
(trezor)micropython/tests/basics/subclass_native_init.py:41:5: error: Too few arguments for "L"  [call-arg]
(fametrano)BitcoinBlockchainTechnology/btclib/rfc6979.py:49:13: error: Too few arguments  [call-arg]
(fametrano)BitcoinBlockchainTechnology/btclib/rfc6979.py:70:13: error: Too few arguments  [call-arg]
(fametrano)BitcoinBlockchainTechnology/btclib/bip32.py:62:10: error: Too many arguments for "HMAC"  [call-arg]
(fametrano)BitcoinBlockchainTechnology/btclib/bip32.py:134:13: error: Too many arguments for "HMAC"  [call-arg]
(fametrano)BitcoinBlockchainTechnology/btclib/bip32.py:152:17: error: Too many arguments for "HMAC"  [call-arg]
(fametrano)BitcoinBlockchainTechnology/btclib/bip32.py:154:17: error: Too many arguments for "HMAC"  [call-arg]
(fametrano)BitcoinBlockchainTechnology/btclib/bip32.py:249:9: error: Too many arguments for "HMAC"  [call-arg]
(fametrano)BitcoinBlockchainTechnology/btclib/ssa.py:30:20: error: Too few arguments  [call-arg]
(fametrano)BitcoinBlockchainTechnology/btclib/ssa.py:32:34: error: Too few arguments  [call-arg]
(fametrano)BitcoinBlockchainTechnology/btclib/ssa.py:42:9: error: Too few arguments  [call-arg]
(rmtew)peasauce/python/toolapi.py:120:13: error: Too many arguments for "reset_state" of "ToolEditorClient"  [call-arg]
(jbaiter)demetsiiify/demetsiiify/iiif.py:257:29: error: Too few arguments for "make_manifest_collection"  [call-arg]
(brettcannon)free-labour/freelabour/repo.py:53:28: error: Too few arguments for "log"  [call-arg]
(AstroTech)workshop-python/object-oriented-programming/src/oop-monkey-patching-1.py:11:1: error: Too few arguments for "hello"  [call-arg]
(AstroTech)workshop-python/object-oriented-programming/solution/oop_iris_2.py:92:15: error: Too many arguments for "Setosa"  [call-arg]
(AstroTech)workshop-python/object-oriented-programming/solution/oop_iris_2.py:95:15: error: Too many arguments for "Versicolor"  [call-arg]
(AstroTech)workshop-python/object-oriented-programming/solution/oop_iris_2.py:98:15: error: Too many arguments for "Virginica"  [call-arg]
(AstroTech)workshop-python/object-oriented-programming/solution/oop_basic_bank.py:47:8: error: Too few arguments for "Klient"  [call-arg]
(AstroTech)workshop-python/object-oriented-programming/solution/oop_basic_bank.py:57:1: error: Too many arguments for "input_pin"  [call-arg]
(barry-scott)scm-workbench/Source/Git/wb_git_callback_server_unix.py:172:14: error: Too many arguments for "WbGitCallbackServer"  [call-arg]
(barry-scott)scm-workbench/Source/Scm/wb_scm_preferences.py:94:10: error: Too few arguments for "PreferencesManager"  [call-arg]
(kevinkwl)AoAReader/aoareader/Dataset.py:81:17: error: Too many arguments for "Variable"  [call-arg]
(kevinkwl)AoAReader/aoareader/Dataset.py:81:17: error: Unexpected keyword argument "volatile" for "Variable"  [call-arg]
(kevinkwl)AoAReader/aoareader/Dataset.py:81:17: error: Unexpected keyword argument "requires_grad" for "Variable"  [call-arg]
(kevinkwl)AoAReader/preprocess.py:86:9: error: Too many arguments for "LongTensor"  [call-arg]
(alexarnautu)deenux/src/components/toolbar/Toolbar.py:27:14: error: Too few arguments for "Toolbar"  [call-arg]
(alexarnautu)deenux/src/components/sidemenu/Sidemenu.py:27:14: error: Too few arguments for "Sidemenu"  [call-arg]
(alexarnautu)deenux/src/components/songlist/Songlist.py:63:14: error: Too few arguments for "Songlist"  [call-arg]
(Nic30)HWToolkit/hwt/hdl/transTmpl.py:297:18: error: Unexpected keyword argument "offset" for "__repr__" of "object"  [call-arg]
(Nic30)HWToolkit/hwt/hdl/transTmpl.py:297:18: error: Unexpected keyword argument "offset" for "__repr__" of "object"  [call-arg]
(SunDwarf)Kyoukai/kyoukai/util.py:84:16: error: Unexpected keyword argument "status" for "__call__"  [call-arg]
(SunDwarf)Kyoukai/kyoukai/util.py:90:20: error: Unexpected keyword argument "status" for "__call__"  [call-arg]
(SunDwarf)Kyoukai/kyoukai/util.py:94:20: error: Unexpected keyword argument "status" for "__call__"  [call-arg]
(SunDwarf)Kyoukai/kyoukai/util.py:98:20: error: Unexpected keyword argument "status" for "__call__"  [call-arg]
(SunDwarf)Kyoukai/kyoukai/util.py:98:20: error: Unexpected keyword argument "headers" for "__call__"  [call-arg]
(SunDwarf)Kyoukai/kyoukai/util.py:107:12: error: Too few arguments for "__call__"  [call-arg]
(google)tink/python/core/key_manager.py:121:12: error: Too many arguments for "object"  [call-arg]
(google)tink/python/core/key_manager.py:148:12: error: Too many arguments for "object"  [call-arg]
(alecthomas)flask_injector/flask_injector_tests.py:40:13: error: Too many arguments for "__init__" of "object"  [call-arg]
(will7200)Yugioh-bot/bot/modes/Battle.py:127:10: error: Too few arguments for "AbstractBattle"  [call-arg]
(arienchen)pytibrv/pytibrv/ft.py:233:13: error: Too few arguments for "__reg"  [call-arg]
(arienchen)pytibrv/pytibrv/ft.py:433:13: error: Too few arguments for "__reg"  [call-arg]
(arienchen)pytibrv/pytibrv/events.py:346:13: error: Too few arguments for "__reg"  [call-arg]
(dbrattli)OSlash/oslash/cont.py:64:16: error: Too many arguments for "run" of "Cont"  [call-arg]
(dbrattli)OSlash/oslash/reader.py:92:16: error: Too many arguments  [call-arg]
(lukas)ml-class/examples/keras-autoencoder/variational_autoencoder.py:99:37: error: Too few arguments for "PlotCallback"  [call-arg]
(malinoff)amqproto/amqproto/serialization.py:344:13: error: Too few arguments for "write" of "BytesIO"  [call-arg]
(malinoff)amqproto/amqproto/serialization.py:345:19: error: Too few arguments for "getvalue" of "BytesIO"  [call-arg]
(DynamicGravitySystems)DGP/dgp/gui/utils.py:53:13: error: Too few arguments  [call-arg]
(DynamicGravitySystems)DGP/dgp/gui/workspaces/project.py:10:9: error: Missing positional argument "controller" in call to "__init__" of "WorkspaceTab"  [call-arg]
(heyitswither)Alpha-Bot/utils/prettyoutput.py:67:5: error: Too few arguments for "_status"  [call-arg]
(Stvad)CrowdAnki/crowd_anki/history/anki_deck_archiver.py:21:16: error: Too many arguments  [call-arg]
(Stvad)CrowdAnki/crowd_anki/history/archiver.py:23:13: error: Too many arguments  [call-arg]
(c-bata)feedy/feedy.py:214:14: error: Too few arguments for "load_module" of "InspectLoader"  [call-arg]
(c-bata)feedy/feedy.py:221:9: error: Unexpected keyword argument "status" for "exit"  [call-arg]
(spbpython)kdpv_generator/kdpv_generator/elements.py:71:9: error: Too many arguments for "__init__" of "Element"  [call-arg]
(dbrattli)aioreactive/aioreactive/operators/scan.py:39:32: error: Too many arguments  [call-arg]
(dbrattli)aioreactive/aioreactive/operators/catch_exception.py:29:19: error: Too few arguments for "Stream"  [call-arg]
(futursolo)botodesu/botodesu/exceptions.py:39:9: error: Too many arguments for "__init__" of "BaseException"  [call-arg]
(Ikusaba-san)Chiaki-Nanami/cogs/config/alias.py:11:1: error: Unexpected keyword argument "table_name" for "__init_subclass__" of "object"  [call-arg]
(Ikusaba-san)Chiaki-Nanami/cogs/games/ttt.py:74:1: error: Unexpected keyword argument "board_factory" for "__init_subclass__" of "object"  [call-arg]
(Ikusaba-san)Chiaki-Nanami/cogs/games/ttt.py:74:1: error: Unexpected keyword argument "move_pattern" for "__init_subclass__" of "object"  [call-arg]
(Ikusaba-san)Chiaki-Nanami/cogs/games/ttt.py:136:1: error: Unexpected keyword argument "name" for "__init_subclass__" of "object"  [call-arg]
(Ikusaba-san)Chiaki-Nanami/cogs/games/ttt.py:136:1: error: Unexpected keyword argument "game_cls" for "__init_subclass__" of "object"  [call-arg]
(Ikusaba-san)Chiaki-Nanami/cogs/games/ttt.py:136:1: error: Unexpected keyword argument "aliases" for "__init_subclass__" of "object"  [call-arg]
(Ikusaba-san)Chiaki-Nanami/cogs/games/hilo.py:16:1: error: Unexpected keyword argument "table_name" for "__init_subclass__" of "object"  [call-arg]
(Ikusaba-san)Chiaki-Nanami/cogs/games/hilo.py:31:1: error: Unexpected keyword argument "stop_emoji" for "__init_subclass__" of "object"  [call-arg]
(Ikusaba-san)Chiaki-Nanami/cogs/games/hilo.py:31:1: error: Unexpected keyword argument "stop_fallback" for "__init_subclass__" of "object"  [call-arg]
(Ikusaba-san)Chiaki-Nanami/cogs/games/checkers.py:234:1: error: Unexpected keyword argument "move_pattern" for "__init_subclass__" of "object"  [call-arg]
(Ikusaba-san)Chiaki-Nanami/cogs/games/checkers.py:234:1: error: Unexpected keyword argument "board_factory" for "__init_subclass__" of "object"  [call-arg]
(Ikusaba-san)Chiaki-Nanami/cogs/games/checkers.py:290:1: error: Unexpected keyword argument "game_cls" for "__init_subclass__" of "object"  [call-arg]
(Ikusaba-san)Chiaki-Nanami/cogs/games/connectfour.py:103:1: error: Unexpected keyword argument "board_factory" for "__init_subclass__" of "object"  [call-arg]
(Ikusaba-san)Chiaki-Nanami/cogs/games/connectfour.py:103:1: error: Unexpected keyword argument "move_pattern" for "__init_subclass__" of "object"  [call-arg]
(Ikusaba-san)Chiaki-Nanami/cogs/games/connectfour.py:103:1: error: Unexpected keyword argument "timeout" for "__init_subclass__" of "object"  [call-arg]
(Ikusaba-san)Chiaki-Nanami/cogs/games/connectfour.py:177:1: error: Unexpected keyword argument "name" for "__init_subclass__" of "object"  [call-arg]
(Ikusaba-san)Chiaki-Nanami/cogs/games/connectfour.py:177:1: error: Unexpected keyword argument "game_cls" for "__init_subclass__" of "object"  [call-arg]
(Ikusaba-san)Chiaki-Nanami/cogs/games/connectfour.py:177:1: error: Unexpected keyword argument "aliases" for "__init_subclass__" of "object"  [call-arg]
(KevinFasusi)supplychainpy/supplychainpy/_csv_management/_controller/_update_db.py:90:5: error: Too few arguments for "post_transaction"  [call-arg]
(healerkx)PySQLKits/deprecated/simplequery/buildin_funcs.py:165:9: error: Too few arguments for "call" of "Funcs"  [call-arg]
(SunyataZero)mindfulness-at-the-computer/test/test_breathing_phrases.py:61:27: error: Too few arguments for "count" of "list"  [call-arg]
(undertherain)vsmlib/vsmlib/embeddings/bofang/annotate_corpus_nltk.py:82:7: error: Too few arguments for "parse"  [call-arg]
(undertherain)vsmlib/vsmlib/embeddings/bofang/annotate_corpus_nltk.py:92:19: error: Too few arguments for "parse"  [call-arg]
(undertherain)vsmlib/vsmlib/embeddings/bofang/annotate_corpus_nltk.py:96:11: error: Too few arguments for "parse"  [call-arg]
(PerchLive)django-broadcast/django_broadcast/api.py:34:16: error: Too few arguments for "start_hls_stream"  [call-arg]
(SunDwarf)curious/curious/dataclasses/search.py:337:21: error: Too many arguments  [call-arg]
(mikeshardmind)SinbadCogs/sinbad_libs/tools.py:16:1: error: Unexpected keyword argument "name" for "__init_subclass__" of "object"  [call-arg]
(jiadaizhao)LeetCode/0001-0100/0023-Merge k Sorted Lists/0023-Merge k Sorted Lists.py:39:17: error: Too few arguments for "heappush"  [call-arg]
(MarkdownForAcademia)markdown_for_academia/mdac/compilers/to_latex/include_compiler_latex.py:19:19: error: Too few arguments for "UnicodeDecodeError"  [call-arg]
(MarkdownForAcademia)markdown_for_academia/mdac/compilers/to_latex/table_compiler_latex.py:44:19: error: Too few arguments for "UnicodeDecodeError"  [call-arg]
(Dentosal)python-sc2/sc2/position.py:323:16: error: Too many arguments for "Size"  [call-arg]
(adrinjalali)clue-hackathon/src/dump_results.py:67:5: error: Too few arguments for "dump"  [call-arg]
(mvondracek)wifimitm/wifimitm/updatableProcess.py:102:9: error: Unexpected keyword argument "args" for "__init__" of "object"  [call-arg]
(mvondracek)wifimitm/wifimitm/updatableProcess.py:102:9: error: Unexpected keyword argument "cwd" for "__init__" of "object"  [call-arg]
(mvondracek)wifimitm/wifimitm/updatableProcess.py:102:9: error: Unexpected keyword argument "stdin" for "__init__" of "object"  [call-arg]
(mvondracek)wifimitm/wifimitm/updatableProcess.py:102:9: error: Unexpected keyword argument "stdout" for "__init__" of "object"  [call-arg]
(mvondracek)wifimitm/wifimitm/updatableProcess.py:102:9: error: Unexpected keyword argument "stderr" for "__init__" of "object"  [call-arg]
(mvondracek)wifimitm/wifimitm/updatableProcess.py:102:9: error: Unexpected keyword argument "universal_newlines" for "__init__" of "object"  [call-arg]
(mvondracek)wifimitm/wifimitm/updatableProcess.py:102:9: error: Unexpected keyword argument "bufsize" for "__init__" of "object"  [call-arg]
(TMiguelT)PandasSchema/pandas_schema/validation.py:227:9: error: Too many arguments for "__init__" of "object"  [call-arg]
(polygraph-python)polygraph/polygraph/types.py:86:12: error: Missing positional arguments "possible_types", "enum_values", "input_fields", "of_type" in call to "PolygraphType"  [call-arg]
(polygraph-python)polygraph/polygraph/types.py:96:12: error: Missing positional arguments "fields", "interfaces", "possible_types", "enum_values", "input_fields", "of_type" in call to "PolygraphType"  [call-arg]
(polygraph-python)polygraph/polygraph/types.py:104:12: error: Missing positional arguments "fields", "interfaces", "enum_values", "input_fields", "of_type" in call to "PolygraphType"  [call-arg]
(polygraph-python)polygraph/polygraph/types.py:113:12: error: Missing positional arguments "interfaces", "possible_types", "enum_values", "input_fields", "of_type" in call to "PolygraphType"  [call-arg]
(polygraph-python)polygraph/polygraph/types.py:122:12: error: Missing positional arguments "fields", "interfaces", "possible_types", "input_fields", "of_type" in call to "PolygraphType"  [call-arg]
(polygraph-python)polygraph/polygraph/types.py:131:12: error: Missing positional arguments "fields", "interfaces", "possible_types", "enum_values", "of_type" in call to "PolygraphType"  [call-arg]
(polygraph-python)polygraph/polygraph/types.py:140:12: error: Missing positional arguments "name", "description", "fields", "interfaces", "possible_types", "enum_values", "input_fields" in call to "PolygraphType"  [call-arg]
(polygraph-python)polygraph/polygraph/types.py:147:12: error: Missing positional arguments "name", "description", "fields", "interfaces", "possible_types", "enum_values", "input_fields" in call to "PolygraphType"  [call-arg]
(polygraph-python)polygraph/polygraph/schema.py:78:20: error: Too few arguments for "undefer_input_value"  [call-arg]
(polygraph-python)polygraph/polygraph/schema.py:105:15: error: Too few arguments for "undefer_subtypes"  [call-arg]
(polygraph-python)polygraph/polygraph/schema.py:106:18: error: Too few arguments for "undefer_subtypes"  [call-arg]
(mittagessen)kraken/kraken/lib/codec.py:95:16: error: Too many arguments for "IntTensor"  [call-arg]
(mittagessen)kraken/kraken/lib/train.py:103:35: error: Unexpected keyword argument "pct"  [call-arg]
(mittagessen)kraken/kraken/lib/train.py:104:41: error: Unexpected keyword argument "pct"  [call-arg]
(Vogtinator)micropython/tests/misc/features.py:103:6: error: Too many arguments for "A"  [call-arg]
(masashi-y)depccg/depccg/models/my_allennlp/models/supertagger.py:81:31: error: Too few arguments for "Parameter"  [call-arg]
(beerfactory)hbmqtt/hbmqtt/mqtt/packet.py:173:22: error: Too few arguments for "to_bytes" of "MQTTPayload"  [call-arg]
(kprestel)PyInvestment/pytech/backtest/event.py:28:16: error: Too many arguments for "Event"  [call-arg]
(lk-geimfari)mimesis/mimesis/random.py:51:16: error: Too many arguments for "urandom"  [call-arg]
(coala)coala-bears/bears/python/PyUnusedCodeBear.py:15:1: error: Unexpected keyword argument "aspects" for "__init_subclass__" of "object"  [call-arg]
(coala)coala-bears/bears/python/PyUnusedCodeBear.py:15:1: error: Unexpected keyword argument "languages" for "__init_subclass__" of "object"  [call-arg]
(eliasdorneles)drawingapp-voc/drawingapp/app.py:8:1: error: Unexpected keyword argument "implements" for "__init_subclass__" of "object"  [call-arg]
(eliasdorneles)drawingapp-voc/drawingapp/app.py:17:1: error: Unexpected keyword argument "extends" for "__init_subclass__" of "object"  [call-arg]
(ZeoAlliance)aiomongo/aiomongo/auth.py:49:18: error: Too many arguments  [call-arg]
(ZeoAlliance)aiomongo/aiomongo/auth.py:52:18: error: Too many arguments  [call-arg]
(ZeoAlliance)aiomongo/aiomongo/auth.py:56:18: error: Too many arguments  [call-arg]
(ZeoAlliance)aiomongo/aiomongo/auth.py:58:9: error: Too many arguments  [call-arg]
(denisenkom)pytds/tests/simple_server.py:270:5: error: Too few arguments for "run"  [call-arg]
(ralph-group)pymeasure/tests/experiment/test_workers.py:36:19: error: Too few arguments for "load_module" of "InspectLoader"  [call-arg]
(KeepSafe)aiohttp/examples/web_cookies.py:45:13: error: Too few arguments for "init"  [call-arg]
(google)python-spanner-orm/spanner_orm/admin/scripts.py:47:16: error: Unexpected keyword argument "required" for "add_subparsers" of "ArgumentParser"  [call-arg]
(roberthangu)snn_object_recognition/classify-images-one-shot.py:242:16: error: Unexpected keyword argument "protocol" for "open"  [call-arg]
(scherroman)mugen/mugen/mixins/Taggable.py:11:9: error: Too many arguments for "__init__" of "object"  [call-arg]
(scherroman)mugen/mugen/mixins/Weightable.py:22:9: error: Too many arguments for "__init__" of "object"  [call-arg]
(google-research)data-driven-pdes/datadrivenpdes/core/equations.py:280:12: error: Too many arguments for "object"  [call-arg]
(google-research)data-driven-pdes/datadrivenpdes/core/grids.py:47:12: error: Too many arguments for "object"  [call-arg]
(google-research)data-driven-pdes/datadrivenpdes/core/grids.py:52:12: error: Too many arguments for "object"  [call-arg]
(google-research)data-driven-pdes/datadrivenpdes/core/states.py:78:12: error: Too many arguments for "object"  [call-arg]
(google-research)data-driven-pdes/datadrivenpdes/advection/velocity_fields.py:278:12: error: Too many arguments for "object"  [call-arg]
(SP2RC-Coding-Club)Codes/13_07_2017/alfven_mixed_driver.py:190:5: error: Missing positional argument "y_spacing" in call to "vector_cut_plane"  [call-arg]
(SP2RC-Coding-Club)Codes/13_07_2017/alfven_mixed_driver.py:316:13: error: Missing positional argument "y_spacing" in call to "vector_cut_plane"  [call-arg]
(SP2RC-Coding-Club)Codes/13_07_2017/alfven_mixed_driver.py:329:9: error: Missing positional argument "y_spacing" in call to "vector_cut_plane"  [call-arg]
(LionelAuroux)pyrser/pyrser/fmt.py:67:23: error: Too many arguments for "to_str" of "indentable"  [call-arg]
(LionelAuroux)pyrser/pyrser/fmt.py:91:27: error: Too many arguments for "to_str" of "indentable"  [call-arg]
(LionelAuroux)pyrser/pyrser/fmt.py:113:20: error: Too many arguments for "to_str" of "indentable"  [call-arg]
(LionelAuroux)pyrser/pyrser/fmt.py:144:27: error: Too many arguments for "to_str" of "indentable"  [call-arg]
(LionelAuroux)pyrser/pyrser/fmt.py:149:31: error: Too many arguments for "to_str" of "indentable"  [call-arg]
(LionelAuroux)pyrser/pyrser/fmt.py:181:20: error: Too many arguments for "to_str" of "indentable"  [call-arg]
(LionelAuroux)pyrser/pyrser/fmt.py:186:31: error: Too many arguments for "to_str" of "indentable"  [call-arg]
(RudolfCardinal)crate/crate_anon/common/profiling.py:46:22: error: Too many arguments  [call-arg]
(esPass)pretix-espass/pretix_espass/espass.py:162:71: error: Too few arguments for "read" of "ZipFile"  [call-arg]
(3Scan)3scan-skeleton/runscripts/objWrite.py:112:5: error: Too many arguments for "getObjPointsWrite"  [call-arg]
(SpoopySaitama)snake/cogs/utils/music/api.py:198:13: error: Too few arguments for "run_coroutine_threadsafe"  [call-arg]
(mefyl)drake/src/drake/log.py:15:1: error: Unexpected keyword argument "values" for "__init_subclass__" of "object"  [call-arg]
(mefyl)drake/src/drake/log.py:15:1: error: Unexpected keyword argument "orderable" for "__init_subclass__" of "object"  [call-arg]
(MegaShow)college-programming/Homework/Principles of Artificial Neural Networks/Week 16 Visualization/class_prototype/generate_prototype.py:35:19: error: Too many arguments for "Variable"  [call-arg]
(MegaShow)college-programming/Homework/Principles of Artificial Neural Networks/Week 16 Visualization/class_prototype/generate_prototype.py:35:19: error: Unexpected keyword argument "requires_grad" for "Variable"  [call-arg]
(MegaShow)college-programming/Homework/Principles of Artificial Neural Networks/Week 16 Visualization/class_prototype/generate_prototype.py:36:19: error: Too many arguments for "Variable"  [call-arg]
(MegaShow)college-programming/Homework/Principles of Artificial Neural Networks/Week 16 Visualization/class_prototype/generate_prototype.py:38:19: error: Too many arguments for "Variable"  [call-arg]
(MegaShow)college-programming/Homework/Principles of Artificial Neural Networks/Week 16 Visualization/class_prototype/generate_prototype.py:38:19: error: Unexpected keyword argument "requires_grad" for "Variable"  [call-arg]
(MegaShow)college-programming/Homework/Principles of Artificial Neural Networks/Week 16 Visualization/class_prototype/generate_prototype.py:39:19: error: Too many arguments for "Variable"  [call-arg]
(MegaShow)college-programming/Homework/Principles of Artificial Neural Networks/Week 16 Visualization/class_prototype/generate_prototype.py:43:18: error: Too many arguments for "Variable"  [call-arg]
(MegaShow)college-programming/Homework/Principles of Artificial Neural Networks/Week 16 Visualization/class_prototype/generate_prototype.py:45:18: error: Too many arguments for "Variable"  [call-arg]
(MegaShow)college-programming/Homework/Principles of Artificial Neural Networks/Week 12 RNN 2/NaiveRNN.py:16:21: error: Too few arguments for "Parameter"  [call-arg]
(MegaShow)college-programming/Homework/Principles of Artificial Neural Networks/Week 12 RNN 2/NaiveRNN.py:16:31: error: Too many arguments for "Tensor"  [call-arg]
(MegaShow)college-programming/Homework/Principles of Artificial Neural Networks/Week 12 RNN 2/NaiveRNN.py:17:21: error: Too few arguments for "Parameter"  [call-arg]
(MegaShow)college-programming/Homework/Principles of Artificial Neural Networks/Week 12 RNN 2/NaiveRNN.py:17:31: error: Too many arguments for "Tensor"  [call-arg]
(MegaShow)college-programming/Homework/Principles of Artificial Neural Networks/Week 12 RNN 2/NaiveRNN.py:18:21: error: Too few arguments for "Parameter"  [call-arg]
(MegaShow)college-programming/Homework/Principles of Artificial Neural Networks/Week 12 RNN 2/NaiveRNN.py:18:31: error: Too many arguments for "Tensor"  [call-arg]
(MegaShow)college-programming/Homework/Principles of Artificial Neural Networks/Week 12 RNN 2/NaiveRNN.py:19:21: error: Too few arguments for "Parameter"  [call-arg]
(MegaShow)college-programming/Homework/Principles of Artificial Neural Networks/Week 12 RNN 2/NaiveRNN.py:19:31: error: Too many arguments for "Tensor"  [call-arg]
(MegaShow)college-programming/Homework/Principles of Artificial Neural Networks/Week 12 RNN 2/NaiveLSTM.py:19:21: error: Too few arguments for "Parameter"  [call-arg]
(MegaShow)college-programming/Homework/Principles of Artificial Neural Networks/Week 12 RNN 2/NaiveLSTM.py:19:31: error: Too many arguments for "Tensor"  [call-arg]
(MegaShow)college-programming/Homework/Principles of Artificial Neural Networks/Week 12 RNN 2/NaiveLSTM.py:20:21: error: Too few arguments for "Parameter"  [call-arg]
(MegaShow)college-programming/Homework/Principles of Artificial Neural Networks/Week 12 RNN 2/NaiveLSTM.py:20:31: error: Too many arguments for "Tensor"  [call-arg]
(MegaShow)college-programming/Homework/Principles of Artificial Neural Networks/Week 12 RNN 2/NaiveLSTM.py:21:21: error: Too few arguments for "Parameter"  [call-arg]
(MegaShow)college-programming/Homework/Principles of Artificial Neural Networks/Week 12 RNN 2/NaiveLSTM.py:21:31: error: Too many arguments for "Tensor"  [call-arg]
(MegaShow)college-programming/Homework/Principles of Artificial Neural Networks/Week 12 RNN 2/NaiveLSTM.py:22:21: error: Too few arguments for "Parameter"  [call-arg]
(MegaShow)college-programming/Homework/Principles of Artificial Neural Networks/Week 12 RNN 2/NaiveLSTM.py:22:31: error: Too many arguments for "Tensor"  [call-arg]
(MegaShow)college-programming/Homework/Principles of Artificial Neural Networks/Week 12 RNN 2/NaiveLSTM.py:25:21: error: Too few arguments for "Parameter"  [call-arg]
(MegaShow)college-programming/Homework/Principles of Artificial Neural Networks/Week 12 RNN 2/NaiveLSTM.py:25:31: error: Too many arguments for "Tensor"  [call-arg]
(MegaShow)college-programming/Homework/Principles of Artificial Neural Networks/Week 12 RNN 2/NaiveLSTM.py:26:21: error: Too few arguments for "Parameter"  [call-arg]
(MegaShow)college-programming/Homework/Principles of Artificial Neural Networks/Week 12 RNN 2/NaiveLSTM.py:26:31: error: Too many arguments for "Tensor"  [call-arg]
(MegaShow)college-programming/Homework/Principles of Artificial Neural Networks/Week 12 RNN 2/NaiveLSTM.py:27:21: error: Too few arguments for "Parameter"  [call-arg]
(MegaShow)college-programming/Homework/Principles of Artificial Neural Networks/Week 12 RNN 2/NaiveLSTM.py:27:31: error: Too many arguments for "Tensor"  [call-arg]
(MegaShow)college-programming/Homework/Principles of Artificial Neural Networks/Week 12 RNN 2/NaiveLSTM.py:28:21: error: Too few arguments for "Parameter"  [call-arg]
(MegaShow)college-programming/Homework/Principles of Artificial Neural Networks/Week 12 RNN 2/NaiveLSTM.py:28:31: error: Too many arguments for "Tensor"  [call-arg]
(MegaShow)college-programming/Homework/Principles of Artificial Neural Networks/Week 12 RNN 2/NaiveLSTM.py:31:21: error: Too few arguments for "Parameter"  [call-arg]
(MegaShow)college-programming/Homework/Principles of Artificial Neural Networks/Week 12 RNN 2/NaiveLSTM.py:31:31: error: Too many arguments for "Tensor"  [call-arg]
(MegaShow)college-programming/Homework/Principles of Artificial Neural Networks/Week 12 RNN 2/NaiveLSTM.py:32:21: error: Too few arguments for "Parameter"  [call-arg]
(MegaShow)college-programming/Homework/Principles of Artificial Neural Networks/Week 12 RNN 2/NaiveLSTM.py:32:31: error: Too many arguments for "Tensor"  [call-arg]
(MegaShow)college-programming/Homework/Principles of Artificial Neural Networks/Week 12 RNN 2/NaiveLSTM.py:33:21: error: Too few arguments for "Parameter"  [call-arg]
(MegaShow)college-programming/Homework/Principles of Artificial Neural Networks/Week 12 RNN 2/NaiveLSTM.py:33:31: error: Too many arguments for "Tensor"  [call-arg]
(MegaShow)college-programming/Homework/Principles of Artificial Neural Networks/Week 12 RNN 2/NaiveLSTM.py:34:21: error: Too few arguments for "Parameter"  [call-arg]
(MegaShow)college-programming/Homework/Principles of Artificial Neural Networks/Week 12 RNN 2/NaiveLSTM.py:34:31: error: Too many arguments for "Tensor"  [call-arg]
(MegaShow)college-programming/Homework/Principles of Artificial Neural Networks/Week 12 RNN 2/NaiveLSTM.py:36:21: error: Too few arguments for "Parameter"  [call-arg]
(MegaShow)college-programming/Homework/Principles of Artificial Neural Networks/Week 12 RNN 2/NaiveLSTM.py:36:31: error: Too many arguments for "Tensor"  [call-arg]
(MegaShow)college-programming/Homework/Principles of Artificial Neural Networks/Week 12 RNN 2/NaiveLSTM.py:37:21: error: Too few arguments for "Parameter"  [call-arg]
(MegaShow)college-programming/Homework/Principles of Artificial Neural Networks/Week 12 RNN 2/NaiveLSTM.py:37:31: error: Too many arguments for "Tensor"  [call-arg]
(MegaShow)college-programming/Homework/Principles of Artificial Neural Networks/Week 12 RNN 2/NaiveLSTM.py:38:21: error: Too few arguments for "Parameter"  [call-arg]
(MegaShow)college-programming/Homework/Principles of Artificial Neural Networks/Week 12 RNN 2/NaiveLSTM.py:38:31: error: Too many arguments for "Tensor"  [call-arg]
(MegaShow)college-programming/Homework/Principles of Artificial Neural Networks/Week 12 RNN 2/NaiveLSTM.py:39:21: error: Too few arguments for "Parameter"  [call-arg]
(MegaShow)college-programming/Homework/Principles of Artificial Neural Networks/Week 12 RNN 2/NaiveLSTM.py:39:31: error: Too many arguments for "Tensor"  [call-arg]
(MegaShow)college-programming/Homework/Principles of Artificial Neural Networks/Week 16 Visualization/sensitivity_analysis/training.py:75:19: error: Too many arguments for "Variable"  [call-arg]
(MegaShow)college-programming/Homework/Principles of Artificial Neural Networks/Week 16 Visualization/sensitivity_analysis/training.py:76:21: error: Too many arguments for "Variable"  [call-arg]
(MegaShow)college-programming/Homework/Principles of Artificial Neural Networks/Week 16 Visualization/sensitivity_analysis/training.py:78:19: error: Too many arguments for "Variable"  [call-arg]
(MegaShow)college-programming/Homework/Principles of Artificial Neural Networks/Week 16 Visualization/sensitivity_analysis/training.py:79:21: error: Too many arguments for "Variable"  [call-arg]
(MegaShow)college-programming/Homework/Principles of Artificial Neural Networks/Week 16 Visualization/sensitivity_analysis/training.py:110:23: error: Too many arguments for "Variable"  [call-arg]
(MegaShow)college-programming/Homework/Principles of Artificial Neural Networks/Week 16 Visualization/sensitivity_analysis/training.py:111:25: error: Too many arguments for "Variable"  [call-arg]
(MegaShow)college-programming/Homework/Principles of Artificial Neural Networks/Week 16 Visualization/sensitivity_analysis/training.py:113:23: error: Too many arguments for "Variable"  [call-arg]
(MegaShow)college-programming/Homework/Principles of Artificial Neural Networks/Week 16 Visualization/sensitivity_analysis/training.py:114:25: error: Too many arguments for "Variable"  [call-arg]
(MegaShow)college-programming/Homework/Principles of Artificial Neural Networks/Week 13 DMN/babi_loader.py:152:18: error: Unexpected keyword argument "is_train" for "BabiDataset"  [call-arg]
(MegaShow)college-programming/Homework/Principles of Artificial Neural Networks/Week 16 Visualization/cam_based/pytorch_CAM.py:96:16: error: Too many arguments for "Variable"  [call-arg]
(spegelius)filaswitch/src/slicer_kisslicer.py:290:9: error: Too many arguments for "KISSlicerGCodeFile"  [call-arg]
(jamespeterschinner)async_v20/async_v20/definitions/health_types.py:12:1: error: Unexpected keyword argument "contains" for "__init_subclass__" of "object"  [call-arg]
(jamespeterschinner)async_v20/async_v20/definitions/health_types.py:24:1: error: Unexpected keyword argument "contains" for "__init_subclass__" of "object"  [call-arg]
(jamespeterschinner)async_v20/async_v20/definitions/health_types.py:36:1: error: Unexpected keyword argument "contains" for "__init_subclass__" of "object"  [call-arg]
(jamespeterschinner)async_v20/async_v20/definitions/health_types.py:49:1: error: Unexpected keyword argument "contains" for "__init_subclass__" of "object"  [call-arg]
(jamespeterschinner)async_v20/async_v20/definitions/health_types.py:60:1: error: Unexpected keyword argument "contains" for "__init_subclass__" of "object"  [call-arg]
(kenkov)kovot/kovot/stream/mastodon.py:39:20: error: Too few arguments for "Mastodon"  [call-arg]
(openfisca)openfisca-survey-manager/openfisca_survey_manager/scripts/build_collection.py:159:16: error: Too few arguments for "check_template_config_files"  [call-arg]
(dileep-kishore)microbial-ai/microbial_ai/regulation/dqnregulator.py:67:13: error: Too many arguments for "Variable"  [call-arg]
(dileep-kishore)microbial-ai/microbial_ai/regulation/dqnregulator.py:67:13: error: Unexpected keyword argument "volatile" for "Variable"  [call-arg]
(dileep-kishore)microbial-ai/microbial_ai/regulation/dqnregulator.py:69:18: error: Too few arguments for "multinomial" of "Tensor"  [call-arg]
(jcchoiling)learningPython/s13/Day03/practice/lambda.py:12:8: error: Too many arguments  [call-arg]
(jcchoiling)learningPython/treehouse/pythonSeries/oobasic/characters.py:29:11: error: Too few arguments for "Thief"  [call-arg]
(jcchoiling)learningPython/s13/Day09/practice/ftp_s1.py:46:5: error: Unexpected keyword argument "cmds" for "print"  [call-arg]
(HoldYourBreath)Library/library/server.py:37:5: error: Too few arguments for "run"  [call-arg]
(juancarlospaco)anglerfish/anglerfish/walk2dict.py:76:12: error: Too many arguments for "tuple"  [call-arg]
(juancarlospaco)anglerfish/anglerfish/seconds2human.py:36:18: error: Too many arguments for "tuple"  [call-arg]
(juancarlospaco)anglerfish/anglerfish/seconds2human.py:106:12: error: Too many arguments for "tuple"  [call-arg]
(juancarlospaco)anglerfish/anglerfish/set_desktop_launcher.py:44:12: error: Too many arguments for "tuple"  [call-arg]
(juancarlospaco)anglerfish/anglerfish/walk2list.py:40:12: error: Too many arguments for "tuple"  [call-arg]
(juancarlospaco)anglerfish/anglerfish/get_clipboard.py:95:12: error: Too many arguments for "tuple"  [call-arg]
(juancarlospaco)anglerfish/anglerfish/path2import.py:44:26: error: Too few arguments for "load_module" of "_Loader"  [call-arg]
(juancarlospaco)anglerfish/anglerfish/bytes2human.py:31:19: error: Too many arguments for "tuple"  [call-arg]
(juancarlospaco)anglerfish/anglerfish/bytes2human.py:88:12: error: Too many arguments for "tuple"  [call-arg]
(juancarlospaco)anglerfish/anglerfish/make_json_flat.py:29:12: error: Too many arguments for "tuple"  [call-arg]
(juancarlospaco)anglerfish/anglerfish/get_random_pastel_color.py:231:11: error: Too many arguments for "tuple"  [call-arg]
(juancarlospaco)anglerfish/anglerfish/get_random_pastel_color.py:233:11: error: Too many arguments for "tuple"  [call-arg]
(juancarlospaco)anglerfish/anglerfish/get_random_pastel_color.py:235:11: error: Too many arguments for "tuple"  [call-arg]
(juancarlospaco)anglerfish/anglerfish/get_random_pastel_color.py:239:12: error: Too many arguments for "tuple"  [call-arg]
(juancarlospaco)anglerfish/anglerfish/url2path.py:157:12: error: Too many arguments for "tuple"  [call-arg]
(juancarlospaco)anglerfish/anglerfish/make_datauri.py:89:15: error: Too many arguments for "__new__" of "object"  [call-arg]
(juancarlospaco)anglerfish/anglerfish/make_datauri.py:132:16: error: Too many arguments for "tuple"  [call-arg]
(juancarlospaco)anglerfish/examples/basic.py:125:7: error: Too many arguments for "bytes2human"  [call-arg]
(juancarlospaco)anglerfish/examples/basic.py:126:7: error: Too many arguments for "bytes2human"  [call-arg]
(juancarlospaco)anglerfish/examples/basic.py:127:7: error: Too many arguments for "bytes2human"  [call-arg]
(juancarlospaco)anglerfish/examples/basic.py:128:7: error: Too many arguments for "bytes2human"  [call-arg]
(juancarlospaco)anglerfish/examples/basic.py:129:7: error: Too many arguments for "bytes2human"  [call-arg]
(juancarlospaco)anglerfish/examples/basic.py:164:1: error: Too few arguments for "process_job"  [call-arg]
(juancarlospaco)anglerfish/examples/basic.py:177:7: error: Unexpected keyword argument "tuply" for "walk2list"  [call-arg]
(juancarlospaco)anglerfish/examples/basic.py:178:7: error: Unexpected keyword argument "namedtuple" for "walk2list"  [call-arg]
(juancarlospaco)anglerfish/examples/basic.py:200:7: error: Unexpected keyword argument "ordereddict" for "walk2dict"  [call-arg]
(juancarlospaco)anglerfish/examples/basic.py:201:7: error: Unexpected keyword argument "jsony" for "walk2dict"  [call-arg]
(juancarlospaco)anglerfish/examples/basic.py:201:7: error: Unexpected keyword argument "ordereddict" for "walk2dict"  [call-arg]
(lk-geimfari)elizabeth/mimesis/random.py:63:16: error: Too many arguments for "urandom"  [call-arg]
(samuelcolvin)grablib/grablib/build.py:155:20: error: Unexpected keyword argument "quote_chars"  [call-arg]
(mfussenegger)cr8/cr8/java_magic.py:52:12: error: Too many arguments  [call-arg]
(purduesigbots)pros-cli/pros/serial/devices/vex/message.py:13:16: error: Too many arguments for "__new__" of "object"  [call-arg]
(purduesigbots)pros-cli/pros/cli/main.py:65:2: error: Unexpected keyword argument "sources" for "command"  [call-arg]
(night-crawler)django-docker-helpers/django_docker_helpers/utils.py:87:12: error: Too many arguments for "Iterable"  [call-arg]
(allenai)deep_qa/deep_qa/data/tokenizers/word_and_character_tokenizer.py:84:26: error: Unexpected keyword argument "embedding_name"  [call-arg]
(allenai)deep_qa/deep_qa/data/tokenizers/word_and_character_tokenizer.py:84:26: error: Unexpected keyword argument "vocab_name"  [call-arg]
(allenai)deep_qa/deep_qa/data/tokenizers/word_and_character_tokenizer.py:87:31: error: Unexpected keyword argument "embedding_name"  [call-arg]
(allenai)deep_qa/deep_qa/data/tokenizers/word_and_character_tokenizer.py:87:31: error: Unexpected keyword argument "vocab_name"  [call-arg]
(allenai)deep_qa/deep_qa/data/tokenizers/word_tokenizer.py:53:16: error: Unexpected keyword argument "embedding_name"  [call-arg]
(allenai)deep_qa/deep_qa/data/tokenizers/word_tokenizer.py:53:16: error: Unexpected keyword argument "vocab_name"  [call-arg]
(allenai)deep_qa/deep_qa/data/tokenizers/character_tokenizer.py:53:16: error: Unexpected keyword argument "embedding_name"  [call-arg]
(allenai)deep_qa/deep_qa/data/tokenizers/character_tokenizer.py:53:16: error: Unexpected keyword argument "vocab_name"  [call-arg]
(meraki-analytics)merakicommons/merakicommons/ghost.py:87:24: error: Too many arguments for "fget" of "property"  [call-arg]
(meraki-analytics)merakicommons/merakicommons/ghost.py:93:24: error: Too many arguments for "fget" of "property"  [call-arg]
(luckydonald)teleflask/teleflask/exceptions.py:21:9: error: Too many arguments for "__init__" of "BaseException"  [call-arg]
(choderalab)openmmtools/devtools/scripts/create_conda_env.py:27:20: error: Too few arguments for "load_module" of "_Loader"  [call-arg]
(erdewit)ib_insync/ib_insync/contract.py:176:9: error: Unexpected keyword argument "secType" for "__init__" of "object"  [call-arg]
(erdewit)ib_insync/ib_insync/contract.py:176:9: error: Unexpected keyword argument "symbol" for "__init__" of "object"  [call-arg]
(erdewit)ib_insync/ib_insync/contract.py:176:9: error: Unexpected keyword argument "exchange" for "__init__" of "object"  [call-arg]
(erdewit)ib_insync/ib_insync/contract.py:176:9: error: Unexpected keyword argument "currency" for "__init__" of "object"  [call-arg]
(erdewit)ib_insync/ib_insync/contract.py:176:9: error: Too many arguments for "__init__" of "object"  [call-arg]
(erdewit)ib_insync/ib_insync/contract.py:205:9: error: Too many arguments for "__init__" of "object"  [call-arg]
(erdewit)ib_insync/ib_insync/contract.py:205:9: error: Unexpected keyword argument "symbol" for "__init__" of "object"  [call-arg]
(erdewit)ib_insync/ib_insync/contract.py:205:9: error: Unexpected keyword argument "lastTradeDateOrContractMonth" for "__init__" of "object"  [call-arg]
(erdewit)ib_insync/ib_insync/contract.py:205:9: error: Unexpected keyword argument "strike" for "__init__" of "object"  [call-arg]
(erdewit)ib_insync/ib_insync/contract.py:205:9: error: Unexpected keyword argument "right" for "__init__" of "object"  [call-arg]
(erdewit)ib_insync/ib_insync/contract.py:205:9: error: Unexpected keyword argument "exchange" for "__init__" of "object"  [call-arg]
(erdewit)ib_insync/ib_insync/contract.py:205:9: error: Unexpected keyword argument "multiplier" for "__init__" of "object"  [call-arg]
(erdewit)ib_insync/ib_insync/contract.py:205:9: error: Unexpected keyword argument "currency" for "__init__" of "object"  [call-arg]
(erdewit)ib_insync/ib_insync/contract.py:234:9: error: Too many arguments for "__init__" of "object"  [call-arg]
(erdewit)ib_insync/ib_insync/contract.py:234:9: error: Unexpected keyword argument "symbol" for "__init__" of "object"  [call-arg]
(erdewit)ib_insync/ib_insync/contract.py:234:9: error: Unexpected keyword argument "lastTradeDateOrContractMonth" for "__init__" of "object"  [call-arg]
(erdewit)ib_insync/ib_insync/contract.py:234:9: error: Unexpected keyword argument "exchange" for "__init__" of "object"  [call-arg]
(erdewit)ib_insync/ib_insync/contract.py:234:9: error: Unexpected keyword argument "localSymbol" for "__init__" of "object"  [call-arg]
(erdewit)ib_insync/ib_insync/contract.py:234:9: error: Unexpected keyword argument "multiplier" for "__init__" of "object"  [call-arg]
(erdewit)ib_insync/ib_insync/contract.py:234:9: error: Unexpected keyword argument "currency" for "__init__" of "object"  [call-arg]
(erdewit)ib_insync/ib_insync/contract.py:257:9: error: Too many arguments for "__init__" of "object"  [call-arg]
(erdewit)ib_insync/ib_insync/contract.py:257:9: error: Unexpected keyword argument "symbol" for "__init__" of "object"  [call-arg]
(erdewit)ib_insync/ib_insync/contract.py:257:9: error: Unexpected keyword argument "exchange" for "__init__" of "object"  [call-arg]
(erdewit)ib_insync/ib_insync/contract.py:257:9: error: Unexpected keyword argument "localSymbol" for "__init__" of "object"  [call-arg]
(erdewit)ib_insync/ib_insync/contract.py:257:9: error: Unexpected keyword argument "multiplier" for "__init__" of "object"  [call-arg]
(erdewit)ib_insync/ib_insync/contract.py:257:9: error: Unexpected keyword argument "currency" for "__init__" of "object"  [call-arg]
(erdewit)ib_insync/ib_insync/contract.py:282:9: error: Too many arguments for "__init__" of "object"  [call-arg]
(erdewit)ib_insync/ib_insync/contract.py:282:9: error: Unexpected keyword argument "symbol" for "__init__" of "object"  [call-arg]
(erdewit)ib_insync/ib_insync/contract.py:282:9: error: Unexpected keyword argument "exchange" for "__init__" of "object"  [call-arg]
(erdewit)ib_insync/ib_insync/contract.py:282:9: error: Unexpected keyword argument "currency" for "__init__" of "object"  [call-arg]
(erdewit)ib_insync/ib_insync/contract.py:321:9: error: Too many arguments for "__init__" of "object"  [call-arg]
(erdewit)ib_insync/ib_insync/contract.py:321:9: error: Unexpected keyword argument "symbol" for "__init__" of "object"  [call-arg]
(erdewit)ib_insync/ib_insync/contract.py:321:9: error: Unexpected keyword argument "exchange" for "__init__" of "object"  [call-arg]
(erdewit)ib_insync/ib_insync/contract.py:321:9: error: Unexpected keyword argument "currency" for "__init__" of "object"  [call-arg]
(erdewit)ib_insync/ib_insync/contract.py:340:9: error: Too many arguments for "__init__" of "object"  [call-arg]
(erdewit)ib_insync/ib_insync/contract.py:340:9: error: Unexpected keyword argument "symbol" for "__init__" of "object"  [call-arg]
(erdewit)ib_insync/ib_insync/contract.py:340:9: error: Unexpected keyword argument "exchange" for "__init__" of "object"  [call-arg]
(erdewit)ib_insync/ib_insync/contract.py:340:9: error: Unexpected keyword argument "currency" for "__init__" of "object"  [call-arg]
(erdewit)ib_insync/ib_insync/contract.py:359:9: error: Too many arguments for "__init__" of "object"  [call-arg]
(erdewit)ib_insync/ib_insync/contract.py:359:9: error: Unexpected keyword argument "symbol" for "__init__" of "object"  [call-arg]
(erdewit)ib_insync/ib_insync/contract.py:359:9: error: Unexpected keyword argument "exchange" for "__init__" of "object"  [call-arg]
(erdewit)ib_insync/ib_insync/contract.py:359:9: error: Unexpected keyword argument "currency" for "__init__" of "object"  [call-arg]
(erdewit)ib_insync/ib_insync/contract.py:398:9: error: Too many arguments for "__init__" of "object"  [call-arg]
(erdewit)ib_insync/ib_insync/contract.py:398:9: error: Unexpected keyword argument "symbol" for "__init__" of "object"  [call-arg]
(erdewit)ib_insync/ib_insync/contract.py:398:9: error: Unexpected keyword argument "lastTradeDateOrContractMonth" for "__init__" of "object"  [call-arg]
(erdewit)ib_insync/ib_insync/contract.py:398:9: error: Unexpected keyword argument "strike" for "__init__" of "object"  [call-arg]
(erdewit)ib_insync/ib_insync/contract.py:398:9: error: Unexpected keyword argument "right" for "__init__" of "object"  [call-arg]
(erdewit)ib_insync/ib_insync/contract.py:398:9: error: Unexpected keyword argument "exchange" for "__init__" of "object"  [call-arg]
(erdewit)ib_insync/ib_insync/contract.py:398:9: error: Unexpected keyword argument "multiplier" for "__init__" of "object"  [call-arg]
(erdewit)ib_insync/ib_insync/contract.py:398:9: error: Unexpected keyword argument "currency" for "__init__" of "object"  [call-arg]
(tuna)fishroom/fishroom/base.py:62:21: error: Unexpected keyword argument "sender" for "send_photo" of "BaseBotInstance"  [call-arg]
(lnmds)jose/ext/profile.py:14:1: error: Unexpected keyword argument "requires" for "__init_subclass__" of "object"  [call-arg]
(lnmds)jose/ext/extra.py:114:1: error: Unexpected keyword argument "requires" for "__init_subclass__" of "object"  [call-arg]
(lnmds)jose/ext/mod.py:38:1: error: Unexpected keyword argument "requires" for "__init_subclass__" of "object"  [call-arg]
(lnmds)jose/ext/admin.py:35:1: error: Unexpected keyword argument "requires" for "__init_subclass__" of "object"  [call-arg]
(lnmds)jose/ext/gambling.py:19:1: error: Unexpected keyword argument "requires" for "__init_subclass__" of "object"  [call-arg]
(lnmds)jose/ext/stats.py:21:1: error: Unexpected keyword argument "requires" for "__init_subclass__" of "object"  [call-arg]
(lnmds)jose/ext/lottery.py:20:1: error: Unexpected keyword argument "requires" for "__init_subclass__" of "object"  [call-arg]
(Jokiva)Computational-Physics/lecture 8/cubic_spline.py:187:22: error: Too many arguments for "spline_function"  [call-arg]
(ariebovenberg)snug/examples/ns/types.py:14:1: error: Too many arguments for "object"  [call-arg]
(ariebovenberg)snug/examples/ns/types.py:34:1: error: Too many arguments for "object"  [call-arg]
(ariebovenberg)snug/examples/ns/types.py:58:1: error: Too many arguments for "object"  [call-arg]
(ariebovenberg)snug/examples/ns/types.py:62:5: error: Too many arguments for "object"  [call-arg]
(ariebovenberg)snug/examples/ns/types.py:78:9: error: Too many arguments for "object"  [call-arg]
(ariebovenberg)snug/examples/ns/types.py:112:5: error: Too many arguments for "object"  [call-arg]
(ariebovenberg)snug/tutorial/composed4.py:12:14: error: Too few arguments for "namedtuple"  [call-arg]
(ariebovenberg)snug/tutorial/composed_oop.py:6:14: error: Too few arguments for "namedtuple"  [call-arg]
(parrt)AniML/dtreeviz/shadow.py:336:13: error: Missing positional argument "y_train" in call to "ShadowDecTree"  [call-arg]
(JLuebben)Floppy/floppy/nodeLib.py:17:13: error: Too few arguments for "load_module" of "InspectLoader"  [call-arg]
(wegamekinglc)alpha-mind/alphamind/data/engines/universe.py:184:16: error: Too many arguments for "Universe"  [call-arg]
(wegamekinglc)alpha-mind/alphamind/data/engines/universe.py:184:16: error: Unexpected keyword argument "exclude_universe" for "Universe"  [call-arg]
(wegamekinglc)alpha-mind/alphamind/bin/cli.py:29:16: error: Missing positional arguments "action", "default", "nargs", "choices", "metavar" in call to "Arg"  [call-arg]
(RasaHQ)rasa_core/rasa/core/policies/sklearn_policy.py:134:17: error: Too many arguments for "model_architecture"  [call-arg]
(kubeflow)kfserving/vendor/github.com/tensorflow/tensorflow/tensorflow/python/tools/api/generator/doc_srcs.py:37:12: error: Missing positional argument "docstring" in call to "DocSource"  [call-arg]
(kubeflow)kfserving/vendor/github.com/tensorflow/tensorflow/tensorflow/python/tools/api/generator/doc_srcs.py:38:16: error: Missing positional argument "docstring" in call to "DocSource"  [call-arg]
(kubeflow)kfserving/vendor/github.com/tensorflow/tensorflow/tensorflow/python/tools/api/generator/doc_srcs.py:39:15: error: Missing positional argument "docstring" in call to "DocSource"  [call-arg]
(kubeflow)kfserving/vendor/github.com/tensorflow/tensorflow/tensorflow/python/tools/api/generator/doc_srcs.py:40:19: error: Missing positional argument "docstring" in call to "DocSource"  [call-arg]
(kubeflow)kfserving/vendor/github.com/tensorflow/tensorflow/tensorflow/python/tools/api/generator/doc_srcs.py:41:22: error: Missing positional argument "docstring" in call to "DocSource"  [call-arg]
(kubeflow)kfserving/vendor/github.com/tensorflow/tensorflow/tensorflow/python/tools/api/generator/doc_srcs.py:43:15: error: Missing positional argument "docstring" in call to "DocSource"  [call-arg]
(kubeflow)kfserving/vendor/github.com/tensorflow/tensorflow/tensorflow/python/tools/api/generator/doc_srcs.py:44:14: error: Missing positional argument "docstring" in call to "DocSource"  [call-arg]
(kubeflow)kfserving/vendor/github.com/tensorflow/tensorflow/tensorflow/python/tools/api/generator/doc_srcs.py:45:19: error: Missing positional argument "docstring" in call to "DocSource"  [call-arg]
(kubeflow)kfserving/vendor/github.com/tensorflow/tensorflow/tensorflow/python/tools/api/generator/doc_srcs.py:46:14: error: Missing positional argument "docstring" in call to "DocSource"  [call-arg]
(kubeflow)kfserving/vendor/github.com/tensorflow/tensorflow/tensorflow/python/tools/api/generator/doc_srcs.py:47:24: error: Missing positional argument "docstring" in call to "DocSource"  [call-arg]
(kubeflow)kfserving/vendor/github.com/tensorflow/tensorflow/tensorflow/python/tools/api/generator/doc_srcs.py:48:15: error: Missing positional argument "docstring" in call to "DocSource"  [call-arg]
(kubeflow)kfserving/vendor/github.com/tensorflow/tensorflow/tensorflow/python/tools/api/generator/doc_srcs.py:49:16: error: Missing positional argument "docstring" in call to "DocSource"  [call-arg]
(kubeflow)kfserving/vendor/github.com/tensorflow/tensorflow/tensorflow/python/tools/api/generator/doc_srcs.py:50:15: error: Missing positional argument "docstring" in call to "DocSource"  [call-arg]
(kubeflow)kfserving/vendor/github.com/tensorflow/tensorflow/tensorflow/python/tools/api/generator/doc_srcs.py:51:14: error: Missing positional argument "docstring" in call to "DocSource"  [call-arg]
(kubeflow)kfserving/vendor/github.com/tensorflow/tensorflow/tensorflow/python/tools/api/generator/doc_srcs.py:52:13: error: Missing positional argument "docstring" in call to "DocSource"  [call-arg]
(kubeflow)kfserving/vendor/github.com/tensorflow/tensorflow/tensorflow/python/tools/api/generator/doc_srcs.py:53:16: error: Missing positional argument "docstring" in call to "DocSource"  [call-arg]
(kubeflow)kfserving/vendor/github.com/tensorflow/tensorflow/tensorflow/python/tools/api/generator/doc_srcs.py:54:11: error: Missing positional argument "docstring" in call to "DocSource"  [call-arg]
(kubeflow)kfserving/vendor/github.com/tensorflow/tensorflow/tensorflow/python/tools/api/generator/doc_srcs.py:55:20: error: Missing positional argument "docstring" in call to "DocSource"  [call-arg]
(kubeflow)kfserving/vendor/github.com/tensorflow/tensorflow/tensorflow/python/tools/api/generator/doc_srcs.py:56:18: error: Missing positional argument "docstring" in call to "DocSource"  [call-arg]
(kubeflow)kfserving/vendor/github.com/tensorflow/tensorflow/tensorflow/python/tools/api/generator/doc_srcs.py:57:15: error: Missing positional argument "docstring" in call to "DocSource"  [call-arg]
(kubeflow)kfserving/vendor/github.com/tensorflow/tensorflow/tensorflow/python/tools/api/generator/doc_srcs.py:58:24: error: Missing positional argument "docstring" in call to "DocSource"  [call-arg]
(kubeflow)kfserving/vendor/github.com/tensorflow/tensorflow/tensorflow/python/tools/api/generator/doc_srcs.py:60:13: error: Missing positional argument "docstring" in call to "DocSource"  [call-arg]
(kubeflow)kfserving/vendor/github.com/tensorflow/tensorflow/tensorflow/python/tools/api/generator/doc_srcs.py:61:15: error: Missing positional argument "docstring" in call to "DocSource"  [call-arg]
(kubeflow)kfserving/vendor/github.com/tensorflow/tensorflow/tensorflow/python/tools/api/generator/doc_srcs.py:62:15: error: Missing positional argument "docstring" in call to "DocSource"  [call-arg]
(kubeflow)kfserving/vendor/github.com/tensorflow/tensorflow/tensorflow/python/tools/api/generator/doc_srcs.py:63:16: error: Missing positional argument "docstring" in call to "DocSource"  [call-arg]
(kubeflow)kfserving/vendor/github.com/tensorflow/tensorflow/tensorflow/python/tools/api/generator/doc_srcs.py:64:18: error: Missing positional argument "docstring" in call to "DocSource"  [call-arg]
(kubeflow)kfserving/vendor/github.com/tensorflow/tensorflow/tensorflow/python/tools/api/generator/doc_srcs.py:65:13: error: Missing positional argument "docstring" in call to "DocSource"  [call-arg]
(kubeflow)kfserving/vendor/github.com/tensorflow/tensorflow/tensorflow/python/tools/api/generator/doc_srcs.py:66:14: error: Missing positional argument "docstring" in call to "DocSource"  [call-arg]
(kubeflow)kfserving/vendor/github.com/tensorflow/tensorflow/tensorflow/python/tools/api/generator/doc_srcs.py:70:18: error: Missing positional argument "docstring" in call to "DocSource"  [call-arg]
(kubeflow)kfserving/vendor/github.com/tensorflow/tensorflow/tensorflow/python/tools/api/generator/doc_srcs.py:72:25: error: Missing positional argument "docstring" in call to "DocSource"  [call-arg]
(kubeflow)kfserving/vendor/github.com/tensorflow/tensorflow/tensorflow/python/tools/api/generator/doc_srcs.py:74:25: error: Missing positional argument "docstring" in call to "DocSource"  [call-arg]
(mikeckennedy)write-pythonic-code-demos/code/ch_05_functions/_05_variable_length_arguments.py:20:7: error: Too many arguments for "biggest"  [call-arg]
(mikeckennedy)write-pythonic-code-demos/code/ch_05_functions/_03_no_overloading.py:10:1: error: Too many arguments for "simple"  [call-arg]
(attwad)python-osc/pythonosc/osc_packet.py:31:29: error: Too many arguments for "TimedMessage"  [call-arg]
(attwad)python-osc/pythonosc/osc_packet.py:33:29: error: Too many arguments for "TimedMessage"  [call-arg]
(attwad)python-osc/pythonosc/osc_packet.py:66:35: error: Too many arguments for "TimedMessage"  [call-arg]
(googlefonts)fontbakery/Lib/fontbakery/reporters/html.py:85:29: error: Too many arguments for "summary_table"  [call-arg]
(easonnie)flint/torch_util.py:185:19: error: Too many arguments for "Variable"  [call-arg]
(easonnie)flint/data_util/vocab.py:242:24: error: Too many arguments for "Tensor"  [call-arg]
(easonnie)flint/data_util/vocab.py:249:35: error: Too many arguments for "Tensor"  [call-arg]
(biosustain)venom/venom/fields.py:339:17: error: Too few arguments for "Field"  [call-arg]
(biosustain)venom/venom/fields.py:355:17: error: Too few arguments for "Field"  [call-arg]
(petervaro)cutils/internal/convert.py:63:5: error: Too many arguments for "dict_to_plist"  [call-arg]
