(PyPlanet)PyPlanet/pyplanet/conf/app_template/__init__.py:4:8: error: invalid syntax  [syntax]
(knights-lab)SHOGUN/shogun/scripts/old/shogun_utree_functional.py:100:25: error: invalid syntax  [syntax]
(yutiansut)QUANTAXIS/QUANTAXIS/QASelector/multilevel.py:34:22: error: invalid syntax  [syntax]
(Troxid)vrep-api-python/pyrep/sensors.py:13:24: error: Syntax error in type annotation  [syntax]
(Troxid)vrep-api-python/pyrep/sensors.py:65:24: error: Syntax error in type annotation  [syntax]
(Troxid)vrep-api-python/pyrep/sensors.py:99:32: error: Syntax error in type annotation  [syntax]
(saisankargochhayat)algo_quest/heap_implementation.py:12:27: error: invalid syntax  [syntax]
(ZhukovAlexander)quic-py/quic/flowcontrol.py:125:57: error: invalid syntax  [syntax]
(devunt)ika/ika/utils.py:21:60: error: Syntax error in type annotation  [syntax]
(devunt)ika/ika/utils.py:41:30: error: Syntax error in type annotation  [syntax]
(UltrosBot)Ultros3K/src/ultros/core/rules/transformers.py:57:26: error: Syntax error in type annotation  [syntax]
(UltrosBot)Ultros3K/src/ultros/core/rules/transformers.py:73:26: error: Syntax error in type annotation  [syntax]
(UltrosBot)Ultros3K/src/ultros/core/rules/transformers.py:86:26: error: Syntax error in type annotation  [syntax]
(UltrosBot)Ultros3K/src/ultros/core/rules/transformers.py:102:26: error: Syntax error in type annotation  [syntax]
(mrklees)cy-automation-library/cyautomation/cyschoolhouse/PageObjects/implementations.py:101:43: error: EOL while scanning string literal  [syntax]
(pydanny)cookiecutter-django/{{cookiecutter.project_slug}}/{{cookiecutter.project_slug}}/conftest.py:5:7: error: invalid syntax  [syntax]
(astraw)stdeb/test_data/py2_only_pkg/py2_only_pkg/py2_module.py:4:25: error: invalid syntax  [syntax]
(GoogleCloudPlatform)professional-services/tools/site-verification-group-sync/sync-owners.py:86:17: error: Missing parentheses in call to 'print'. Did you mean print(result)?  [syntax]
(balabit)typesafety/typesafety/tests/test_validator.py:28:20: error: Syntax error in type annotation  [syntax]
(balabit)typesafety/typesafety/tests/test_sphinxautodoc.py:249:43: error: Syntax error in type annotation  [syntax]
(balabit)typesafety/typesafety/tests/test_sphinxautodoc.py:346:24: error: Syntax error in type annotation  [syntax]
(balabit)typesafety/typesafety/tests/test_sphinxautodoc.py:348:26: error: Syntax error in type annotation  [syntax]
(fclesio)learning-space/Python/machine-learning/apriori.py:120:52: error: invalid syntax  [syntax]
(tebeka)pythonwise/xmlrpc_file_server.py:49:22: error: invalid syntax  [syntax]
(neurotechuoft)MindType/Code/src/deprecated/scripts/test.py:9:26: error: Missing parentheses in call to 'print'. Did you mean print("----------------")?  [syntax]
(infilect)ml-course1/week2/autoencoder/train.py:28:30: error: Missing parentheses in call to 'print'. Did you mean print("Dataset size:", dataset_size)?  [syntax]
(avatao-content)challenge-toolbox/start.py:76:13: error: Syntax error in type annotation  [syntax]
(Maillol)cricri/cricri/inet/server.py:78:35: error: syntax error in type comment  [syntax]
(zancas)containenv/containment/types/environment.py:9:11: error: syntax error in type comment  [syntax]
(xpac1985)pyASA/pyASA/asa.py:272:30: error: Syntax error in type annotation  [syntax]
(fluentpython)example-code/attic/objects/cards_format.py:54:16: error: invalid syntax  [syntax]
(mathLab)RBniCS/rbnics/utils/test/diff.py:47:37: error: Syntax error in type annotation  [syntax]
(mathLab)RBniCS/rbnics/backends/dolfin/wrapping/is_problem_solution_type.py:31:37: error: Syntax error in type annotation  [syntax]
(mathLab)RBniCS/rbnics/backends/dolfin/wrapping/get_function_subspace.py:23:59: error: Syntax error in type annotation  [syntax]
(mathLab)RBniCS/rbnics/backends/dolfin/wrapping/get_function_subspace.py:27:70: error: Syntax error in type annotation  [syntax]
(mathLab)RBniCS/rbnics/shape_parametrization/utils/symbolic/python_string_to_sympy.py:38:61: error: Syntax error in type annotation  [syntax]
(mathLab)RBniCS/rbnics/shape_parametrization/utils/symbolic/python_string_to_sympy.py:51:71: error: Syntax error in type annotation  [syntax]
(mathLab)RBniCS/rbnics/shape_parametrization/utils/symbolic/python_string_to_sympy.py:67:81: error: Syntax error in type annotation  [syntax]
(mathLab)RBniCS/rbnics/backends/dolfin/wrapping/get_mpi_comm.py:38:27: error: Syntax error in type annotation  [syntax]
(yeonghoey)yeonghoey/content/statistics/with-mercy.py:47:21: error: invalid syntax  [syntax]
(Drowrin)Weeabot/cogs/moderation.py:22:58: error: Syntax error in type annotation  [syntax]
(thejoeejoee)VUT-FIT-IFJ-2017-toolkit/ifj2017/benchmark/uploader.py:101:70: error: misplaced type annotation  [syntax]
(Dentosal)rust_os/tools/logparser.py:40:20: error: Missing parentheses in call to 'print'. Did you mean print(x)?  [syntax]
(deepfabric)elasticell/vendor/github.com/antlr/antlr4/runtime/Swift/boot.py:179:16: error: Missing parentheses in call to 'print'. Did you mean print(GREEN + "[ANTLR] " + msg + RESET)?  [syntax]
(mushorg)conpot/conpot/core/virtual_fs.py:88:39: error: Syntax error in type annotation  [syntax]
(liushilive)HTMLReport/HTMLReport/Result.py:17:3: error: invalid syntax  [syntax]
(WiseDoge)plume/plume/perceptron.py:64:29: error: Syntax error in type annotation  [syntax]
(qgis)QGIS/scripts/widgets_tree.py:119:30: error: invalid syntax  [syntax]
(KrazySoft)Krazy-Cogs/mtgUtility/mtgUtility.py:36:10: error: unexpected EOF while parsing  [syntax]
(broadinstitute)gatk/scripts/funcotator/data_sources/sortClinvarHgmd.py:51:50: error: Missing parentheses in call to 'print'. Did you mean print('Reading input file:', RAW_FILE_NAME, "...", end=" ")?  [syntax]
(flyinactor91)AVWX-Engine/avwx/service.py:43:67: error: Syntax error in type annotation  [syntax]
(flyinactor91)AVWX-Engine/avwx/service.py:121:67: error: Syntax error in type annotation  [syntax]
(flyinactor91)AVWX-Engine/avwx/service.py:183:67: error: Syntax error in type annotation  [syntax]
(flyinactor91)AVWX-Engine/avwx/service.py:217:67: error: Syntax error in type annotation  [syntax]
(flyinactor91)AVWX-Engine/avwx/metar.py:12:42: error: Syntax error in type annotation  [syntax]
(flyinactor91)AVWX-Engine/avwx/metar.py:22:31: error: Syntax error in type annotation  [syntax]
(flyinactor91)AVWX-Engine/avwx/metar.py:46:31: error: Syntax error in type annotation  [syntax]
(facebook)buck/scripts/cache_misses.py:160:40: error: invalid syntax  [syntax]
(mesosphere)universe/converter/service/converter.py:149:49: error: Syntax error in type annotation  [syntax]
(mesosphere)universe/converter/service/converter.py:242:43: error: Syntax error in type annotation  [syntax]
(pyfa-org)Pyfa/service/port/xml.py:146:60: error: misplaced type annotation  [syntax]
(fluxcapacitor)pipeline/stream/jvm/src/main/java/io/pipeline/tensorflow/producer/src/online-tensorflow-producer.py:19:26: error: Missing parentheses in call to 'print'. Did you mean print(image_bytes)?  [syntax]
(ClaudiaSaxer)PlasoScaffolder/src/tests/fake/fake_sqlite_plugin_helper.py:178:9: error: Syntax error in type annotation  [syntax]
(ClaudiaSaxer)PlasoScaffolder/src/plasoscaffolder/bll/services/base_sqlite_plugin_helper.py:136:7: error: Syntax error in type annotation  [syntax]
(ClaudiaSaxer)PlasoScaffolder/src/plasoscaffolder/bll/services/sqlite_plugin_helper.py:169:7: error: Syntax error in type annotation  [syntax]
(ClaudiaSaxer)PlasoScaffolder/src/plasoscaffolder/bll/services/sqlite_plugin_helper.py:245:9: error: Syntax error in type annotation  [syntax]
(makerdao)keeper/pymaker/proxy.py:117:55: error: Syntax error in type annotation  [syntax]
(dhlab-epfl)cadasters/src/process.py:55:63: error: Syntax error in type annotation  [syntax]
(dhlab-epfl)cadasters/src/process.py:98:55: error: Syntax error in type annotation  [syntax]
(xnth97)IconPy/iconpy.py:52:59: error: Syntax error in type annotation  [syntax]
(xnth97)IconPy/iconpy.py:87:60: error: Syntax error in type annotation  [syntax]
(ActiveState)code/recipes/Python/302498_RE_match_replace_through_operator/recipe-302498.py:32:16: error: Missing parentheses in call to 'print'. Did you mean print("a :", a)?  [syntax]
(Abjad)abjad/abjad/boilerplate/Maker.py:4:8: error: invalid syntax  [syntax]
(open-homeautomation)home-assistant/homeassistant/util/unit_system.py:108:70: error: misplaced type annotation  [syntax]
(UBCMarsColony)airlock-masters/Jacky's Pi Sys/pi-systems_control_logic.py:33:9: error: unexpected indent  [syntax]
(hhstore)learning-notes/python/src/exercise/py27/ex03_callable_usage.py:30:53: error: invalid syntax  [syntax]
(balrok)Flashget/flashget/captcha.py:149:40: error: Missing parentheses in call to 'print'. Did you mean print("everything was fine")?  [syntax]
(kyuridenamida)atcoder-tools/atcodertools/tools/templates/default_template.py:2:3: error: invalid syntax  [syntax]
(cuauv)software/cave/videobox.py:12:72: error: Missing parentheses in call to 'print'. Did you mean print("python-opencv is required for video access. Please install.")?  [syntax]
(quarkslab)irma/probe/extras/tools/nsrl/import_nsrl.py:24:36: error: Missing parentheses in call to 'print'. Did you mean print("Usage %s <nsrl_csvfile>" % sys.argv[0])?  [syntax]
(dombold)MyHydroPi/Pool_Monitor/Hydropi_Website/python/restart.py:11:17: error: Missing parentheses in call to 'print'. Did you mean print(output)?  [syntax]
(JonDoNym)peinjector/pe-injector-interceptor/peinjector_interceptor.py:235:45: error: invalid syntax  [syntax]
(bastings)neuralmonkey/neuralmonkey/tf_manager.py:193:52: error: misplaced type annotation  [syntax]
(BoPeng)simuPOP/doc/tools/convert.py:161:77: error: Missing parentheses in call to 'print'. Did you mean print('Warning: Failed to find included file for filename "%s".' % file)?  [syntax]
(hsolbrig)shexypy/shexypy/utils/dict_compare.py:83:96: error: Syntax error in type annotation  [syntax]
(hsolbrig)shexypy/scripts/shex_parser.py:168:23: error: Syntax error in type annotation  [syntax]
(hsolbrig)shexypy/scripts/xml_to_json.py:89:26: error: Syntax error in type annotation  [syntax]
(mitdbg)aurum-datadiscovery/knowledgerepr/gindexekg.py:46:29: error: Syntax error in type annotation  [syntax]
(mitdbg)aurum-datadiscovery/knowledgerepr/EKGapi.py:59:29: error: Syntax error in type annotation  [syntax]
(schollii)pypubsub/docs/development/testpubsub.py:4:51: error: invalid syntax  [syntax]
(miniworld-project)miniworld_core/miniworld/util/CoreConfigFileParser.py:50:32: error: misplaced type annotation  [syntax]
(Vadman97)PicoSim/hardware_sim/seven_segment_display.py:12:1: error: syntax error in type comment  [syntax]
(inviwo)inviwo/modules/python3qt/templates/templateprocessor.py:5:8: error: invalid syntax  [syntax]
(semanticbits)survey_stats/src/survey_stats/etl/spss.py:24:1: error: Type signature has too few arguments  [syntax]
(szeged)servo/etc/memory_reports_over_time.py:72:34: error: invalid syntax  [syntax]
(olitheolix)azrael/demos/ship_boostercube.py:269:39: error: Syntax error in type annotation  [syntax]
(olitheolix)azrael/pyazrael/wsclient.py:55:70: error: Syntax error in type annotation  [syntax]
(olitheolix)azrael/azrael/test/test.py:198:26: error: Syntax error in type annotation  [syntax]
(olitheolix)azrael/azrael/test/test.py:199:26: error: Syntax error in type annotation  [syntax]
(olitheolix)azrael/azrael/test/test.py:200:32: error: Syntax error in type annotation  [syntax]
(olitheolix)azrael/azrael/test/test.py:201:24: error: Syntax error in type annotation  [syntax]
(olitheolix)azrael/azrael/test/test.py:202:28: error: Syntax error in type annotation  [syntax]
(olitheolix)azrael/azrael/test/test.py:203:26: error: Syntax error in type annotation  [syntax]
(olitheolix)azrael/azrael/test/test.py:204:29: error: Syntax error in type annotation  [syntax]
(olitheolix)azrael/azrael/test/test.py:205:29: error: Syntax error in type annotation  [syntax]
(olitheolix)azrael/azrael/test/test.py:206:32: error: Syntax error in type annotation  [syntax]
(olitheolix)azrael/azrael/test/test.py:207:32: error: Syntax error in type annotation  [syntax]
(olitheolix)azrael/azrael/test/test.py:209:30: error: Syntax error in type annotation  [syntax]
(olitheolix)azrael/azrael/test/test.py:210:30: error: Syntax error in type annotation  [syntax]
(spark)device-updater/src/app.py:169:13: error: invalid syntax  [syntax]
(facebookexperimental)eden/eden/integration/stale_test.py:23: error: Invalid "type: ignore" comment  [syntax]
(piannucci)blurt/exploring_l_infinity.py:133:40: error: Missing parentheses in call to 'print'. Did you mean print('can increase SNR by %.4f dB' % change_SNR)?  [syntax]
(slott56)NMEA-Tools/nmeatools/nmea_checksum.py:43:74: error: EOL while scanning string literal  [syntax]
(RudolfCardinal)pythonlib/cardinal_pythonlib/sqlalchemy/dialect.py:116:65: error: misplaced type annotation  [syntax]
(vk-brain)sketal/utils/routine.py:71:20: error: Syntax error in type annotation  [syntax]
(HPENetworking)PYHPEIMC/archived/hppyimctest.py:5:63: error: invalid syntax  [syntax]
(simonsfoundation)CaImAn/use_cases/eLife_scripts/train_cnns/prepare_training_set.py:83:12: error: invalid syntax  [syntax]
(ItsLastDay)academic_university_2016-2018/subjects/BigData/hw02/08-bfs_bad/bfs_bad.py:51:32: error: Missing parentheses in call to 'print'. Did you mean print(">>>>>>>>>> d = ", d, "count = ", count)?  [syntax]
(REGOVAR)Regovar/regovar/core/managers/imports/ped.py:27:41: error: invalid syntax  [syntax]
(stefanocasazza)FrameworkBenchmarks/frameworks/Python/webware/app/Context/plaintext.py:7:65: error: inconsistent use of tabs and spaces in indentation  [syntax]
(pauloalves86)go_dino/dino_api.py:93:73: error: Syntax error in type annotation  [syntax]
(autokey)autokey/lib/autokey/scripting_highlevel.py:81:57: error: Syntax error in type annotation  [syntax]
(autokey)autokey/lib/autokey/scripting_highlevel.py:99:36: error: Syntax error in type annotation  [syntax]
(OpenGenus)cosmos/code/cryptography/src/atbash_cipher/atbash_cipher.py:18:17: error: invalid syntax  [syntax]
(Nitrokey)nitrokey-start-firmware/tool/pageant_proxy_to_gpg.py:31:22: error: Missing parentheses in call to 'print'. Did you mean print("DEBUG: %s" % string)?  [syntax]
(jeffmahoney)crash-python/contrib/mods.py:27:43: error: invalid syntax  [syntax]
(Microsoft)PTVS/Python/Tests/TestData/Copy of SteppingTest4.py:3:10: error: Missing parentheses in call to 'print'. Did you mean print(i)?  [syntax]
(Nocturnal42)runmyrobot/hardware/pololu.py:5:90: error: unindent does not match any outer indentation level  [syntax]
(jrabbit)pyborg-1up/misc/pyborg-telnet.py:42:33: error: invalid syntax  [syntax]
(steven-zou)harbor/contrib/registryapi/cli.py:35:19: error: invalid syntax  [syntax]
(jopohl)urh/src/urh/ui/views/ParticipantTableView.py:22:36: error: Syntax error in type annotation  [syntax]
(jopohl)urh/src/urh/awre/Preprocessor.py:27:30: error: Syntax error in type annotation  [syntax]
(alex-ta)Fontinator/NeuralNet/Oli/libs/ProcessingPipeline.py:26:96: error: Syntax error in type annotation  [syntax]
(gjbex)training-material/DataStorage/Hdf5/PythonSamples/compute_avg.py:10:26: error: invalid syntax  [syntax]
(numba)numba/docs/source/extending/template.py:6:37: error: invalid syntax  [syntax]
(project-everest)vale/tools/scripts/collect-fstar-times.py:83:108: error: Missing parentheses in call to 'print'. Did you mean print("WARNING: Found existing pickled file %s.  No data written.  Consider moving or deleting it." % pickle_file)?  [syntax]
(seznam)fastrpc/python/example/client_example2.py:13:28: error: invalid syntax  [syntax]
(manerfan)python-game-snake/src/search/tools.py:20:24: error: Syntax error in type annotation  [syntax]
(algorhythms)LeetCode/030 Next Permutation.py:52:19: error: invalid syntax  [syntax]
(nkmk)python-snippets/notebook/args.py:17:25: error: misplaced type annotation  [syntax]
(EconForge)dolo/trash/dolo/numeric/risky_ss.py:219:18: error: Missing parentheses in call to 'print'. Did you mean print(sol)?  [syntax]
(mesosphere)dcos-kafka-service/tools/diagnostics/full_bundle.py:22:29: error: Syntax error in type annotation  [syntax]
(mesosphere)dcos-kafka-service/tools/diagnostics/full_bundle.py:113:26: error: Syntax error in type annotation  [syntax]
(mesosphere)dcos-kafka-service/tools/diagnostics/create_service_diagnostics_bundle.py:22:32: error: Syntax error in type annotation  [syntax]
(mesosphere)dcos-kafka-service/tools/diagnostics/create_service_diagnostics_bundle.py:39:44: error: Syntax error in type annotation  [syntax]
(mesosphere)dcos-kafka-service/tools/diagnostics/create_service_diagnostics_bundle.py:61:33: error: Syntax error in type annotation  [syntax]
(mesosphere)dcos-kafka-service/tools/diagnostics/create_service_diagnostics_bundle.py:92:45: error: Syntax error in type annotation  [syntax]
(mesosphere)dcos-kafka-service/tools/diagnostics/create_service_diagnostics_bundle.py:145:27: error: Syntax error in type annotation  [syntax]
(DXsmiley)mathbot/mathbot/update_logo.py:17:9: error: invalid syntax  [syntax]
(SergeySatskiy)cdm-flowparser/tests/func_defs.py:22:12: error: named arguments must follow bare *  [syntax]
(qiime2)qiime2/qiime2/core/testing/mapped.py:45:42: error: Syntax error in type annotation  [syntax]
(qiime2)qiime2/qiime2/core/testing/method.py:19:32: error: Syntax error in type annotation  [syntax]
(Stewori)pytypes/tests/testhelpers/override_testhelper.py:151:5: error: Type signature has too few arguments  [syntax]
(Stewori)pytypes/tests/testhelpers/override_testhelper_py3.py:229:5: error: Type signature has too few arguments  [syntax]
(Stewori)pytypes/tests/testhelpers/modulewide_typecheck_testhelper.py:32:5: error: Function has duplicate type signatures  [syntax]
(Stewori)pytypes/tests/testhelpers/modulewide_typecheck_testhelper.py:36:5: error: Function has duplicate type signatures  [syntax]
(Stewori)pytypes/tests/testhelpers/modulewide_typecheck_testhelper.py:49:5: error: Function has duplicate type signatures  [syntax]
(Stewori)pytypes/tests/testhelpers/modulewide_typecheck_testhelper.py:98:5: error: Function has duplicate type signatures  [syntax]
(Stewori)pytypes/tests/testhelpers/modulewide_typecheck_testhelper.py:102:5: error: Function has duplicate type signatures  [syntax]
(Stewori)pytypes/tests/testhelpers/modulewide_typecheck_testhelper.py:131:5: error: Function has duplicate type signatures  [syntax]
(Stewori)pytypes/tests/testhelpers/modulewide_typecheck_testhelper.py:164:9: error: Function has duplicate type signatures  [syntax]
(Stewori)pytypes/tests/testhelpers/modulewide_typecheck_testhelper.py:168:9: error: Function has duplicate type signatures  [syntax]
(Stewori)pytypes/tests/testhelpers/modulewide_typecheck_testhelper.py:173:9: error: Function has duplicate type signatures  [syntax]
(Stewori)pytypes/tests/testhelpers/modulewide_typecheck_testhelper.py:216:1: error: Function has duplicate type signatures  [syntax]
(Stewori)pytypes/tests/testhelpers/modulewide_typecheck_testhelper.py:220:1: error: Function has duplicate type signatures  [syntax]
(Stewori)pytypes/tests/testhelpers/modulewide_typecheck_testhelper.py:230:1: error: Function has duplicate type signatures  [syntax]
(lgautier)mashing-pumpkins/src/sequence.py:6:54: error: Syntax error in type annotation  [syntax]
(leosac)leosac/scripts/remote_control.py:31:42: error: Missing parentheses in call to 'print'. Did you mean print("Non-handled command: ", cmd)?  [syntax]
(ANR-COMPASS)shesha/shesha/widgets/widget_base.py:23:80: error: misplaced type annotation  [syntax]
(PetrPPetrov)beautiful-capi/source/BuiltinTypeGenerator.py:35:66: error: Syntax error in type annotation  [syntax]
(PetrPPetrov)beautiful-capi/source/BuiltinTypeGenerator.py:38:66: error: Syntax error in type annotation  [syntax]
(PetrPPetrov)beautiful-capi/source/BuiltinTypeGenerator.py:50:76: error: Syntax error in type annotation  [syntax]
(PetrPPetrov)beautiful-capi/source/BuiltinTypeGenerator.py:82:66: error: Syntax error in type annotation  [syntax]
(PetrPPetrov)beautiful-capi/source/BuiltinTypeGenerator.py:94:66: error: Syntax error in type annotation  [syntax]
(PetrPPetrov)beautiful-capi/source/BuiltinTypeGenerator.py:105:76: error: Syntax error in type annotation  [syntax]
(PetrPPetrov)beautiful-capi/source/BuiltinTypeGenerator.py:121:76: error: Syntax error in type annotation  [syntax]
(mdklatt)cookiecutter-python-app/{{cookiecutter.project_slug}}/test/{{cookiecutter.app_name}}/test_cli.py:14:7: error: invalid syntax  [syntax]
(kervinck)gigatron-rom/Utils/BabelFish/tinyfont.py:52:23: error: Missing parentheses in call to 'print'. Did you mean print(' 0x%04x,' % word, end=" ")?  [syntax]
(jessepeterson)commandment/commandment/pki/models.py:268:76: error: misplaced type annotation  [syntax]
(secureosv)pythia/regtests/run-benchmarks.py:39:14: error: Missing parentheses in call to 'print'. Did you mean print(line)?  [syntax]
(sourcegraph)srclib-python/grapher/structures.py:245: error: Invalid "type: ignore" comment  [syntax]
(sourcegraph)srclib-python/grapher/structures.py:253: error: Invalid "type: ignore" comment  [syntax]
(sourcegraph)srclib-python/grapher/structures.py:255: error: Invalid "type: ignore" comment  [syntax]
(sourcegraph)srclib-python/grapher/structures.py:274: error: Invalid "type: ignore" comment  [syntax]
(vntarasov)openpilot/opendbc/generator/generator.py:43:19: error: Missing parentheses in call to 'print'. Did you mean print(dir_name)?  [syntax]
(Zwork101)backpack.py/tf2backpackpy/listings.py:111:59: error: Syntax error in type annotation  [syntax]
(wlerin)showroom/showroom/archive/shows/ann.py:30:1: error: unexpected unindent  [syntax]
(mark-nicholson)python-editline/editline/editline.py:234:42: error: Syntax error in type annotation  [syntax]
(habedi)-myPython-LanguageCodes/codes/ca.py:130:32: error: Missing parentheses in call to 'print'. Did you mean print(Cells[mx, my].Lneigh)?  [syntax]
(sipb)homeworld/platform/spire/src/packages.py:95:97: error: Syntax error in type annotation  [syntax]
(sipb)homeworld/platform/spire/src/packages.py:133:65: error: Syntax error in type annotation  [syntax]
(BitLooter)htmlark/htmlark.py:44:42: error: Syntax error in type annotation  [syntax]
(ros2)launch/launch_yaml/launch_yaml/parser.py:34:11: error: Syntax error in type annotation  [syntax]
(Buchhold)QLever/misc/fix_nt_file.py:26:15: error: invalid syntax  [syntax]
(Parbhat)cookiecutter-django-foundation/{{cookiecutter.project_slug}}/{{cookiecutter.project_slug}}/users/tests/test_forms.py:3:7: error: invalid syntax  [syntax]
(BatedUrGonnaDie)salty_bot/salty_listener.py:111:26: error: Missing parentheses in call to 'print'. Did you mean print(address)?  [syntax]
(stanta)darfchain/darfchain/models/sale_order.py:73:38: error: Missing parentheses in call to 'print'. Did you mean print(hash_of_synchronaze)?  [syntax]
(consbio)landscapesim/landscapesim/mapimage.py:136:42: error: Syntax error in type annotation  [syntax]
(awsdocs)aws-doc-sdk-examples/python/example_code/deeplens/deeplens_inference_lambda.py:143:13: error: unexpected indent  [syntax]
(bblfsh)python-driver/fixtures/bench_ethopian_multiplication.py:15:33: error: invalid syntax  [syntax]
(jeromecc)doctoctocbot/src/crowdfunding/hooks.py:19:33: error: invalid syntax  [syntax]
(makerdao)maker.py/pymaker/proxy.py:129:55: error: Syntax error in type annotation  [syntax]
(d10genes)pollen/util/pollen_utils.py:23:30: error: Syntax error in type annotation  [syntax]
(d10genes)pollen/util/pollen_utils.py:33:37: error: Syntax error in type annotation  [syntax]
(QudevETH)PycQED_py3/pycqed/measurement/distortions/module_scope.py:53:22: error: invalid syntax  [syntax]
(evernym)plenum/plenum/test/view_change/test_view_not_changed.py:26:38: error: misplaced type annotation  [syntax]
(krother)maze_run/02_exceptions/load_tiles_buggy.py:8:13: error: invalid syntax  [syntax]
(codemirror)google-modes/test/py/grammar.py:3:16: error: invalid syntax  [syntax]
(gnachman)iTerm2/api/library/python/iterm2/docs/examples/launch_and_run.py:1:2: error: invalid syntax  [syntax]
(Shark-ML)Shark/doc/tools/replaceHeaders.py:54:49: error: Missing parentheses in call to 'print'. Did you mean print("\nShark header replacement tool v0.1\n\n")?  [syntax]
(Fahreeve)aiovk/aiovk/sessions.py:191:55: error: Syntax error in type annotation  [syntax]
(Fahreeve)aiovk/aiovk/sessions.py:222:56: error: Syntax error in type annotation  [syntax]
(Fahreeve)aiovk/aiovk/sessions.py:246:57: error: Syntax error in type annotation  [syntax]
(rusthon)Rusthon/regtests/run-benchmarks.py:100:12: error: Missing parentheses in call to 'print'. Did you mean print(name)?  [syntax]
(NLHEALTHCARE)PYELT/pyelt/mappings/base.py:32:76: error: misplaced type annotation  [syntax]
(google)merge_pyi/testdata/packed_tuple.py:3:9: error: invalid syntax  [syntax]
(coala)coala/coalib/results/TextPosition.py:14:31: error: Syntax error in type annotation  [syntax]
(quodlibet)quodlibet/radio_crawler/util.py:224:23: error: Missing parentheses in call to 'print'. Did you mean print("Load cache", end=" ")?  [syntax]
(catmaid)CATMAID/scripts/remote/upload_swc.py:61:26: error: invalid syntax  [syntax]
(ikvk)imap_tools/imap_tools/message.py:52:49: error: Syntax error in type annotation  [syntax]
(ikvk)imap_tools/imap_tools/message.py:71:48: error: Syntax error in type annotation  [syntax]
(ikvk)imap_tools/imap_tools/message.py:98:25: error: Syntax error in type annotation  [syntax]
(ikvk)imap_tools/imap_tools/message.py:132:29: error: Syntax error in type annotation  [syntax]
(ikvk)imap_tools/imap_tools/message.py:138:22: error: Syntax error in type annotation  [syntax]
(ikvk)imap_tools/imap_tools/message.py:144:29: error: Syntax error in type annotation  [syntax]
(ikvk)imap_tools/imap_tools/message.py:150:22: error: Syntax error in type annotation  [syntax]
(ikvk)imap_tools/imap_tools/message.py:156:30: error: Syntax error in type annotation  [syntax]
(ikvk)imap_tools/imap_tools/message.py:162:23: error: Syntax error in type annotation  [syntax]
(oilshell)oil/Python-2.7.13/Lib/ctypes/test/__init__.py:87:18: error: Missing parentheses in call to 'print'. Did you mean print(__doc__)?  [syntax]
(sics-sse)moped/server/misc/testmoped.py:13:28: error: Missing parentheses in call to 'print'. Did you mean print(t['installationState'])?  [syntax]
(arienchen)pytibrv/pytibrv/ft.py:150:46: error: Syntax error in type annotation  [syntax]
(arienchen)pytibrv/pytibrv/ft.py:242:55: error: Syntax error in type annotation  [syntax]
(arienchen)pytibrv/pytibrv/ft.py:262:59: error: Syntax error in type annotation  [syntax]
(arienchen)pytibrv/pytibrv/ft.py:281:59: error: Syntax error in type annotation  [syntax]
(arienchen)pytibrv/pytibrv/ft.py:301:56: error: Syntax error in type annotation  [syntax]
(arienchen)pytibrv/pytibrv/ft.py:352:71: error: Syntax error in type annotation  [syntax]
(arienchen)pytibrv/pytibrv/ft.py:442:58: error: Syntax error in type annotation  [syntax]
(arienchen)pytibrv/pytibrv/ft.py:462:62: error: Syntax error in type annotation  [syntax]
(arienchen)pytibrv/pytibrv/ft.py:482:62: error: Syntax error in type annotation  [syntax]
(arienchen)pytibrv/pytibrv/dq.py:84:41: error: Syntax error in type annotation  [syntax]
(arienchen)pytibrv/pytibrv/dq.py:119:33: error: Syntax error in type annotation  [syntax]
(arienchen)pytibrv/pytibrv/dq.py:161:73: error: Syntax error in type annotation  [syntax]
(arienchen)pytibrv/pytibrv/dq.py:209:73: error: Syntax error in type annotation  [syntax]
(arienchen)pytibrv/pytibrv/dq.py:258:72: error: Syntax error in type annotation  [syntax]
(arienchen)pytibrv/pytibrv/dq.py:320:83: error: Syntax error in type annotation  [syntax]
(arienchen)pytibrv/pytibrv/disp.py:47:73: error: Syntax error in type annotation  [syntax]
(arienchen)pytibrv/pytibrv/disp.py:135:62: error: Syntax error in type annotation  [syntax]
(arienchen)pytibrv/pytibrv/tport.py:68:72: error: Syntax error in type annotation  [syntax]
(arienchen)pytibrv/pytibrv/tport.py:112:56: error: Syntax error in type annotation  [syntax]
(arienchen)pytibrv/pytibrv/tport.py:199:63: error: Syntax error in type annotation  [syntax]
(arienchen)pytibrv/pytibrv/tport.py:220:62: error: Syntax error in type annotation  [syntax]
(arienchen)pytibrv/pytibrv/tport.py:240:62: error: Syntax error in type annotation  [syntax]
(arienchen)pytibrv/pytibrv/tport.py:261:61: error: Syntax error in type annotation  [syntax]
(arienchen)pytibrv/pytibrv/tport.py:311:66: error: Syntax error in type annotation  [syntax]
(arienchen)pytibrv/pytibrv/events.py:170:65: error: Syntax error in type annotation  [syntax]
(arienchen)pytibrv/pytibrv/events.py:226:59: error: Syntax error in type annotation  [syntax]
(arienchen)pytibrv/pytibrv/events.py:281:46: error: Syntax error in type annotation  [syntax]
(arienchen)pytibrv/pytibrv/events.py:355:47: error: Syntax error in type annotation  [syntax]
(arienchen)pytibrv/pytibrv/events.py:376:48: error: Syntax error in type annotation  [syntax]
(arienchen)pytibrv/pytibrv/events.py:397:58: error: Syntax error in type annotation  [syntax]
(arienchen)pytibrv/pytibrv/events.py:418:60: error: Syntax error in type annotation  [syntax]
(arienchen)pytibrv/pytibrv/events.py:439:56: error: Syntax error in type annotation  [syntax]
(arienchen)pytibrv/pytibrv/queue.py:83:29: error: Syntax error in type annotation  [syntax]
(arienchen)pytibrv/pytibrv/queue.py:190:53: error: Syntax error in type annotation  [syntax]
(arienchen)pytibrv/pytibrv/queue.py:211:56: error: Syntax error in type annotation  [syntax]
(arienchen)pytibrv/pytibrv/queue.py:262:59: error: Syntax error in type annotation  [syntax]
(arienchen)pytibrv/pytibrv/queue.py:350:52: error: Syntax error in type annotation  [syntax]
(quasoft)adblockradio/adblockradio/adblockradio.py:87:15: error: Syntax error in type annotation  [syntax]
(quasoft)adblockradio/adblockradio/adblockradio.py:88:15: error: Syntax error in type annotation  [syntax]
(PaulSonOfLars)tgbot/tg_bot/modules/helper_funcs/extraction.py:25:66: error: Syntax error in type annotation  [syntax]
(PaulSonOfLars)tgbot/tg_bot/modules/helper_funcs/string_handling.py:118:102: error: Syntax error in type annotation  [syntax]
(Pelagicore)qface/qface/idl/listener.py:88:53: error: misplaced type annotation  [syntax]
(anokata)pythonPetProjects/patterns/strategy.py:4:24: error: Missing parentheses in call to 'print'. Did you mean print("swimimg")?  [syntax]
(materialsproject)pymatgen/dev_scripts/profile_structure.py:16:14: error: invalid syntax  [syntax]
(Mirantis)disk_perf_test_tool/scripts/data.py:52:20: error: Missing parentheses in call to 'print'. Did you mean print(block)?  [syntax]
(rocky)python-uncompyle6/test/simple_source/bug26/08_distbug.py:11:32: error: invalid syntax  [syntax]
(urnote)urnote/note/module/reviewer.py:29:13: error: Syntax error in type annotation  [syntax]
(urnote)urnote/note/infrastructure/db.py:58:13: error: Syntax error in type annotation  [syntax]
(alvations)pywsd/merlin/simple_data_set.py:110:55: error: Missing parentheses in call to 'print'. Did you mean print("Train Dev Test split should sum to one")?  [syntax]
(chernals)georges/georges/lib/pybdsim/pybdsim/Joinhistograms.py:12:19: error: invalid syntax  [syntax]
(the-virtual-brain)tvb-hpc/phase_plane_interactive/template.py:1:8: error: invalid syntax  [syntax]
(CERT-BDF)Cortex-Analyzers/analyzers/DNSDB/dnsdb_query.py:216:23: error: invalid syntax  [syntax]
(Eyra-is)Eyra/Backend/scripts/convert_to_eyra_database/malromur/malromur_to_eyra.py:91:48: error: Syntax error in type annotation  [syntax]
(cheevahagadog)barker/app/update_bookmarks.py:30:29: error: Syntax error in type annotation  [syntax]
(cheevahagadog)barker/app/create_newsletter.py:23:75: error: Syntax error in type annotation  [syntax]
(cheevahagadog)barker/app/create_newsletter.py:118:71: error: Syntax error in type annotation  [syntax]
(cheevahagadog)barker/app/create_newsletter.py:137:52: error: Syntax error in type annotation  [syntax]
(yotam180)xAI/nlib/python_demo/example_img.py:18:39: error: invalid syntax  [syntax]
(ArnaudPel)CamKifu/src/camkifu/stone/sf_clustering.py:77:83: error: Syntax error in type annotation  [syntax]
(Transkribus)TranskribusDU/TranskribusDU/tasks/make_exp.py:67:29: error: Missing parentheses in call to 'print'. Did you mean print(model_file)?  [syntax]
(andrealani)COOLFluiD/tools/scripts/deprecated/check-testcases.py:185:35: error: Missing parentheses in call to 'print'. Did you mean print("\nOutput written to file: "+CHECKLOG)?  [syntax]
(ybotkiller)ybotkiller/flask_detector/server.py:17:16: error: Missing parentheses in call to 'print'. Did you mean print(e)?  [syntax]
(Junnplus)leetcode/algorithms/medium/reverse-linked-list-ii.py:40:12: error: Missing parentheses in call to 'print'. Did you mean print(l)?  [syntax]
(GNOME)gnome-builder/src/plugins/meson-templates/resources/src/window.py:1:23: error: invalid syntax  [syntax]
(pyta-uoft)pyta/examples/pylint/E0108_duplicate_argument_name.py:3:25: error: Duplicate argument 'lst' in function definition  [syntax]
(MissionCriticalCloud)cosmic/cosmic-marvin/marvin/dbConnection.py:65:13: error: invalid syntax  [syntax]
(samuroi)SamuROI/doc/examples/masks.py:27:4: error: invalid syntax  [syntax]
(pytest-dev)pytest/doc/en/example/py2py3/test_py2.py:4:30: error: invalid syntax  [syntax]
(NotSoSuper)NotSoBot/mods/Nsfw.py:106:20: error: invalid syntax  [syntax]
(benhoff)vexbot/vexbot/adapters/youtube/__init__.py:47:26: error: invalid syntax  [syntax]
(lovelylain)pyctp/example/pyctp/base.py:133:29: error: invalid syntax  [syntax]
(NervanaSystems)coach/rl_coach/exploration_policies/boltzmann.py:52:63: error: Syntax error in type annotation  [syntax]
(NervanaSystems)coach/rl_coach/exploration_policies/categorical.py:45:63: error: Syntax error in type annotation  [syntax]
(NervanaSystems)coach/rl_coach/exploration_policies/exploration_policy.py:94:63: error: Syntax error in type annotation  [syntax]
(NervanaSystems)coach/rl_coach/exploration_policies/e_greedy.py:84:63: error: Syntax error in type annotation  [syntax]
(DonJayamanne)pythonVSCode/pythonFiles/tests/testing_tools/adapter/.data/syntax-error/tests/test_spam.py:7:2: error: invalid syntax  [syntax]
(noisebridge)PythonClass/course/higher-order-functions/mult.py:51:19: error: Missing parentheses in call to 'print'. Did you mean print(my_functions)?  [syntax]
(lbryio)lbry/lbry/lbry/dht/peer.py:33:48: error: Syntax error in type annotation  [syntax]
(googleapis)google-api-java-client-services/generator/ez_setup.py:92:40: error: invalid syntax  [syntax]
(LarsSchy)SMAC-M/chart-installation/data_files_conversion/process_level.py:79:3: error: invalid syntax  [syntax]
(ruchee)vimrc/vimfiles/bundle/vim-python/submodules/pylint/pylint/test/regrtest_data/descriptor_crash.py:20:12: error: invalid syntax  [syntax]
(ForceBru)PyVM/VM/FPU.py:161:44: error: Syntax error in type annotation  [syntax]
(ForceBru)PyVM/VM/FPU.py:184:74: error: Syntax error in type annotation  [syntax]
(cornell-cup)cs-minibot/minibot/scripts/SwarmTest.py:8:58: error: Missing parentheses in call to 'print'. Did you mean print("================== TESTING ==================")?  [syntax]
(matthiaskoenig)sbmlutils/sbmlutils/converters/templates/template.py:13:11: error: invalid syntax  [syntax]
(geneontology)go-site/pipeline/util/paint_merge.py:51:63: error: Syntax error in type annotation  [syntax]
(aguai)TMDLang/try/findBar.py:1:7: error: invalid syntax  [syntax]
(numberoverzero)bloop/examples/mixins.py:43:33: error: Syntax error in type annotation  [syntax]
(SanPen)GridCal/src/research/line_impedances/EMTP_Theory_Book_Correction/EMTPTB.py:136:16: error: Missing parentheses in call to 'print'. Did you mean print('s', nth, r, Jre)?  [syntax]
(Chibuzor-IN)python-paystack/python_paystack/managers.py:217:51: error: EOL while scanning string literal  [syntax]
(Enether)python_wow/classes.py:196:64: error: misplaced type annotation  [syntax]
(demisto)content/content_creator.py:75:47: error: invalid syntax  [syntax]
(BetaRavener)uPyLoader/flash.py:52:39: error: Missing parentheses in call to 'print'. Did you mean print("Done writing new firmware.")?  [syntax]
(xdlinux)xidian-scripts/Python/DEPRECATED/get_xidian_news.py:34:25: error: invalid syntax  [syntax]
(adnanaziz)epicode/cpp/gray-code-backtrack.py:43:18: error: Missing parentheses in call to 'print'. Did you mean print("code:")?  [syntax]
(ZoranPandovski)al-go-rithms/machine_learning/Regression_exmaple/LINEAR_REGRESSION.py:99:50: error: EOL while scanning string literal  [syntax]
(samba-team)samba/python/examples/winreg.py:32:23: error: Missing parentheses in call to 'print'. Did you mean print("Connecting to " + binding)?  [syntax]
(MarkdownForAcademia)markdown_for_academia/unit_test/helpers/functions_for_test.py:6:67: error: Syntax error in type annotation  [syntax]
(MarkdownForAcademia)markdown_for_academia/unit_test/helpers/functions_for_test.py:12:68: error: Syntax error in type annotation  [syntax]
(MarkdownForAcademia)markdown_for_academia/mdac/compilers/to_latex/refrence_compiler.py:9:43: error: Syntax error in type annotation  [syntax]
(MarkdownForAcademia)markdown_for_academia/mdac/compilers/to_latex/refrence_compiler.py:19:47: error: Syntax error in type annotation  [syntax]
(evgfilim1)spin_everyday_bot/core.py:186:46: error: Syntax error in type annotation  [syntax]
(hacktoberfest17)programming/numbers/triangular_pentagonal_hexagonal_number/triangular_pentagonal_hexagonal_number.py:112:10: error: invalid syntax  [syntax]
(rmst)chi/chi/rl/async_dqn.py:5:9: error: invalid syntax  [syntax]
(r-lyeh)scriptorium/scheme/s7/s7webserver/s7webserver_repl.py:17:43: error: Missing parentheses in call to 'print'. Did you mean print("<Unable to contact Radium>")?  [syntax]
(Logan1x)Python-Scripts/bin/locate-me.py:26:21: error: Missing parentheses in call to 'print'. Did you mean print("Your City : " + city)?  [syntax]
(PX4)Firmware/Tools/geotag_images_ulog.py:41:70: error: Missing parentheses in call to 'print'. Did you mean print("Usage: python geotag_images_ulog.py [logfile] [image dir]")?  [syntax]
(scanner-research)scanner/examples/how-tos/tensorflow/tensorflow_kernel.py:42:24: error: Missing parentheses in call to 'print'. Did you mean print('Execute')?  [syntax]
(logpai)logparser/logparser/LogMine/LogMine.py:129:34: error: Missing parentheses in call to 'print'. Did you mean print("------start------")?  [syntax]
(fabioz)Pydev/plugins/com.python.pydev.refactoring/tests/pysrcrefactoring/reflib/renamelocaltoken/__init__.py:4:19: error: Missing parentheses in call to 'print'. Did you mean print(LocalFoo)?  [syntax]
(phac-nml)bio_hansel/bio_hansel/subtype_stats.py:54:34: error: Syntax error in type annotation  [syntax]
(gratefulfrog)ArduGuitar/Ardu2/design/POC-3_MAX395/pyboard/DraftDevt/ps2.py:73:10: error: invalid syntax  [syntax]
(firetools)blenderfds/blender-py-examples/uilist of files.py:94:77: error: invalid syntax  [syntax]
(linsalrob)EdwardsLab/perl/alignment/gapped_alignment.py:99:40: error: Missing parentheses in call to 'print'. Did you mean print('should not get here')?  [syntax]
(kprestel)PyInvestment/pytech/fin/balancer.py:104:39: error: Syntax error in type annotation  [syntax]
(foursquare)fsqio/src/jvm/io/fsq/twofishes/scripts/parse.py:51:31: error: Missing parentheses in call to 'print'. Did you mean print("outputting index to %s" % basepath)?  [syntax]
(bmassman)fake_news/fake_news/article_db.py:83:31: error: Syntax error in type annotation  [syntax]
(bmassman)fake_news/fake_news/pipeline/db_transformer.py:21:39: error: Syntax error in type annotation  [syntax]
(bmassman)fake_news/fake_news/pipeline/db_transformer.py:46:46: error: Syntax error in type annotation  [syntax]
(bmassman)fake_news/fake_news/pipeline/db_transformer.py:194:42: error: Syntax error in type annotation  [syntax]
(parttimenerd)temci/temci/build/build_processor.py:17:43: error: misplaced type annotation  [syntax]
(1337)yesterday-i-learned/scripts/multiplicative_persistence.py:33:2: error: invalid syntax  [syntax]
(rosjat)python-scsi/tools/mtx.py:32:64: error: invalid syntax  [syntax]
(CloudBoltSoftware)cloudbolt-forge/actions/cloudbolt_plugins/load_balancers/f5_lb_pool_adddel_wrap.py:172:26: error: invalid syntax  [syntax]
(nonemaw)Flask_nonemaw/crawler_core/workers.py:22:70: error: Syntax error in type annotation  [syntax]
(nonemaw)Flask_nonemaw/crawler_core/workers.py:51:38: error: Syntax error in type annotation  [syntax]
(nonemaw)Flask_nonemaw/crawler_core/workers.py:67:43: error: Syntax error in type annotation  [syntax]
(nonemaw)Flask_nonemaw/crawler_core/workers.py:94:92: error: Syntax error in type annotation  [syntax]
(nonemaw)Flask_nonemaw/crawler_core/workers.py:130:58: error: Syntax error in type annotation  [syntax]
(nonemaw)Flask_nonemaw/crawler_core/workers.py:152:59: error: Syntax error in type annotation  [syntax]
(132nd-etcher)EMFT/emft/core/progress.py:76:27: error: Syntax error in type annotation  [syntax]
(WZQ1397)automatic-repo/python/shelve_EXAMPLE.py:23:16: error: invalid syntax  [syntax]
(flyinactor91)AVWX-API/avwx_api/validators.py:62:22: error: Syntax error in type annotation  [syntax]
(flyinactor91)AVWX-API/avwx_api/handle/__init__.py:38:7: error: Syntax error in type annotation  [syntax]
(flyinactor91)AVWX-API/avwx_api/handle/pirep.py:19:52: error: Syntax error in type annotation  [syntax]
(flyinactor91)AVWX-API/avwx_api/handle/pirep.py:35:7: error: Syntax error in type annotation  [syntax]
(flyinactor91)AVWX-API/avwx_api/handle/pirep.py:79:60: error: Syntax error in type annotation  [syntax]
(flyinactor91)AVWX-API/avwx_api/handle/pirep.py:95:76: error: Syntax error in type annotation  [syntax]
(flyinactor91)AVWX-API/avwx_api/handle/pirep.py:99:47: error: Syntax error in type annotation  [syntax]
(flyinactor91)AVWX-API/avwx_api/handle/metar.py:33:55: error: Syntax error in type annotation  [syntax]
(flyinactor91)AVWX-API/avwx_api/handle/metar.py:58:65: error: Syntax error in type annotation  [syntax]
(flyinactor91)AVWX-API/avwx_api/handle/metar.py:109:7: error: Syntax error in type annotation  [syntax]
(flyinactor91)AVWX-API/avwx_api/handle/metar.py:160:60: error: Syntax error in type annotation  [syntax]
(flyinactor91)AVWX-API/avwx_api/handle/metar.py:200:76: error: Syntax error in type annotation  [syntax]
(flyinactor91)AVWX-API/avwx_api/handle/metar.py:204:47: error: Syntax error in type annotation  [syntax]
(flyinactor91)AVWX-API/avwx_api/handle/taf.py:9:76: error: Syntax error in type annotation  [syntax]
(flyinactor91)AVWX-API/avwx_api/handle/taf.py:13:47: error: Syntax error in type annotation  [syntax]
(moddevices)mod-ui/bluetooth.py:21:26: error: Missing parentheses in call to 'print'. Did you mean print("Can't connect")?  [syntax]
(liweitianux)atoolbox/cli/dict.py:89:18: error: Missing parentheses in call to 'print'. Did you mean print(RED+BOLD+word+DEFAULT)?  [syntax]
(larbibaraka)Bitly_clone/bitly_clone/bitly__clone_app/models.py:43:19: error: syntax error in type comment  [syntax]
(hrsetyono)theme_pacific/sample/python.py:29:13: error: Missing parentheses in call to 'print'. Did you mean print(queens)?  [syntax]
(pfalcon)micropython/tests/micropython/viper_args.py:43:7: error: named arguments must follow bare *  [syntax]
(tfeldmann)organize/organize/config.py:26:5: error: syntax error in type comment '(dict)'  [syntax]
(ziirish)burp-ui/docker/docker-alpine/assets/config/burp-ui/burpui_gunicorn.py:76:12: error: invalid syntax  [syntax]
(klieret)anki-template-tester/previewtemplate.py:115:34: error: Syntax error in type annotation  [syntax]
(labsquare)CuteVariant/pocs/vql.py:153:7: error: Syntax error in type annotation  [syntax]
(xgouchet)AutoMergeTool/automergetool/amt_launcher.py:22:40: error: misplaced type annotation  [syntax]
(PythonJS)PythonJS/regtests/webclgl/gpu_sibling_class.py:16:7: error: invalid syntax  [syntax]
(MTgeophysics)mtpy/legacy/instrument.py:89:97: error: Missing parentheses in call to 'print'. Did you mean print('no instrument response in this frequency range - spectrum set to zero here: ', freq)?  [syntax]
(winpython)winpython_afterdoc/docs/WASM_almar_klein_demo/play_python.py:8:24: error: invalid syntax  [syntax]
(mapsme)omim/tools/download_statistics/aggregator.py:14:46: error: inconsistent use of tabs and spaces in indentation  [syntax]
(bogdanvuk)sydpy/tests/test_sata.py:18:6: error: invalid syntax  [syntax]
(Linaro)test-definitions/automated/linux/igt/print-test-result.py:10:45: error: Missing parentheses in call to 'print'. Did you mean print('<LAVA_SIGNAL_STARTTC %s>' % test)?  [syntax]
(YU6326)YU6326.github.io/code/Wpoint.py:1:17: error: invalid syntax  [syntax]
(bureaucratic-labs)pinkerton/pinkerton/extractor.py:31:44: error: Syntax error in type annotation  [syntax]
(dani0805)django_workflow/simple_approval/graph.py:31:41: error: Syntax error in type annotation  [syntax]
(dani0805)django_workflow/simple_approval/graph.py:56:64: error: Syntax error in type annotation  [syntax]
(markstory)lint-review/tests/fixtures/flake8/has_errors.py:18:17: error: invalid syntax  [syntax]
(honux77)practice/python/math_test.py:12:12: error: invalid syntax  [syntax]
(fastogt)fastonosql/tests/redis_test_json.py:20:36: error: invalid syntax  [syntax]
(felipecustodio)algorithms/math/pernicious_number/Python/pernicious.py:36:12: error: inconsistent use of tabs and spaces in indentation  [syntax]
(scherroman)mugen/mugen/paths.py:12:53: error: Syntax error in type annotation  [syntax]
(scherroman)mugen/mugen/events.py:306:40: error: Syntax error in type annotation  [syntax]
(Neo23x0)sigma/contrib/sigma2elastalert.py:77:32: error: misplaced type annotation  [syntax]
(MRPT)mrpt/python/prepare_debian.py:24:49: error: invalid syntax  [syntax]
(petervaro)python/tests/Python3.py:34:26: error: invalid syntax  [syntax]
(ccubed)PyMoe/Pymoe/Anidb/api_http.py:7:15: error: invalid syntax  [syntax]
(albemala)almoviesrenamer/upload2google.py:187:63: error: Missing parentheses in call to 'print'. Did you mean print('Please enter your googlecode.com password.')?  [syntax]
(brython-dev)brython/www/tests/test_suite.py:498:24: error: invalid syntax  [syntax]
(guyingbo)socks5/shadowproxy/ciphers.py:59:43: error: Syntax error in type annotation  [syntax]
(ric2b)Vivaldi-browser/scripts/rungn.py:162:33: error: invalid syntax  [syntax]
(kchawla-pi)united-states-of-browsers/utils/reconstructing_requirements_from_site_packages.py:56:28: error: unexpected EOF while parsing  [syntax]
(Ge0)okita-poc/okita-poc/detection.py:11:10: error: unexpected EOF while parsing  [syntax]
(ucloud)uai-sdk/examples/case-study/nsfw-vedio/code/nsfw_stream_inference.py:41:13: error: inconsistent use of tabs and spaces in indentation  [syntax]
(samdroid-apps)something-for-reddit/redditisgtk/newmarkdown.py:95:48: error: Syntax error in type annotation  [syntax]
(henrymzhao)csss-minion/remindme.py:30:24: error: invalid syntax  [syntax]
(xjdr)xio/configuration-client/configurator/main.py:47:28: error: Missing parentheses in call to 'print'. Did you mean print('dry_run: add_ip', args.ip_address, args.rule_type)?  [syntax]
(jahan-addison)gridpaste/homepage/tests/test_backend.py:5:34: error: EOL while scanning string literal  [syntax]
(alehander42)pseudo-python/examples/lisp.py:9:20: error: invalid syntax  [syntax]
(hell03end)hse_ruz/ruz/utils.py:185:23: error: Syntax error in type annotation  [syntax]
(tensorflow)models/research/syntaxnet/syntaxnet/conll2tree.py:92:26: error: Missing parentheses in call to 'print'. Did you mean print('Input: %s' % sentence.text)?  [syntax]
(hardbyte)python-can/test/config.py:15:1: error: syntax error in type comment 'bool'  [syntax]
(RedFantom)GSF-Parser/frames/file.py:45:22: error: syntax error in type comment  [syntax]
(RedFantom)GSF-Parser/frames/file.py:77:22: error: syntax error in type comment  [syntax]
(RedFantom)GSF-Parser/frames/file.py:109:31: error: syntax error in type comment  [syntax]
(BrighterCommand)Brightside/brightside/registry.py:74:56: error: misplaced type annotation  [syntax]
(SergeyPirogov)testcontainers-python/testcontainers/general.py:21:40: error: inconsistent use of tabs and spaces in indentation  [syntax]
(kayhayen)Nuitka/nuitka/build/inline_copy/lib/scons-2.3.2/SCons/Script/__init__.py:366:55: error: invalid syntax  [syntax]
(apacha)MusicSymbolClassifier/ModelTrainer/datasets/DatasetSplitter.py:43:83: error: Syntax error in type annotation  [syntax]
(kaiterra)api/examples/restv1-hmac.py:49:109: error: Syntax error in type annotation  [syntax]
(eliben)code-for-blog/2009/py_rd_parser_example/rd_parser_infix_expr.py:132:33: error: invalid syntax  [syntax]
(vprusso)youtube_tutorials/algorithms/search_algorithms/binary_search/binary_search.py:43:45: error: unexpected EOF while parsing  [syntax]
(janelia-flyem)gala/gala/test_package.py:147:28: error: inconsistent use of tabs and spaces in indentation  [syntax]
(domino14)Webolith/scripts/digoceanssh.py:26:33: error: Missing parentheses in call to 'print'. Did you mean print("************")?  [syntax]
(vrk-kpa)X-Road/src/systemtest/op-monitoring/zabbix_api/examples/zabbix/import_sample_host.py:117:15: error: invalid syntax  [syntax]
(ibarbech)learnbot/learnbot_dsl/Clients/EBO.py:19:32: error: invalid syntax  [syntax]
(auDeep)auDeep/audeep/backend/signal/spectral.py:47:45: error: Syntax error in type annotation  [syntax]
(auDeep)auDeep/audeep/backend/signal/spectral.py:84:43: error: Syntax error in type annotation  [syntax]
(auDeep)auDeep/audeep/backend/preprocessing.py:109:33: error: Syntax error in type annotation  [syntax]
(eirannejad)pyRevit/pyrevitlib/rpw/utils/rlcompleter.py:36:29: error: invalid syntax  [syntax]
(jzadeh)Aktaion/python/researchDev/Parse.py:3:19: error: (unicode error) 'unicodeescape' codec can't decode bytes in position 2-3: truncated \uXXXX escape  [syntax]
(thorrak)fermentrack/gravity/gravity_debug.py:48:32: error: invalid syntax  [syntax]
(RulersOfAsgard)ALAMO-worker/alamo_worker/plugins/graphite.py:55:5: error: Ellipses cannot accompany other argument types in function type signature  [syntax]
(kimjinyong)i2nsf-framework/Hackathon-104/stack/openstack_server.py:10:35: error: inconsistent use of tabs and spaces in indentation  [syntax]
(uthcode)learntosolveit/utils/bin/add_program.py:102:36: error: invalid syntax  [syntax]
(tuxxi)OpenBurn/openburn/application/propellant_db.py:19:27: error: syntax error in type comment  [syntax]
(eReuse)workbench/ereuse_workbench/computer.py:100:23: error: Syntax error in type annotation  [syntax]
(eReuse)workbench/tests/conftest.py:57:51: error: Syntax error in type annotation  [syntax]
(nypl-spacetime)map-vectorizer/bin/opencvtest.py:21:16: error: Missing parentheses in call to 'print'. Did you mean print(stuff)?  [syntax]
(materialsproject)MPContribs/mpcontribs-users/mpcontribs/users/martin_lab/pre_submission.py:53:21: error: Missing parentheses in call to 'print'. Did you mean print(identifier)?  [syntax]
(gilmarsquinelato)gulpy/gulpy/core/stream.py:120:34: error: Syntax error in type annotation  [syntax]
(gilmarsquinelato)gulpy/gulpy/core/stream.py:140:35: error: Syntax error in type annotation  [syntax]
(q2apro)graph-padowan/Help/Scripts/Create.py:15:19: error: Missing parentheses in call to 'print'. Did you mean print(Language + ":")?  [syntax]
(axbaretto)beam/sdks/python/.tox/lint/lib/python2.7/site-packages/pylint/test/input/func_w0623_py_30.py:18:21: error: invalid syntax  [syntax]
(zhreshold)mxnet/tests/python-pytest/onnx/backend_test.py:35:1: error: Type signature has too few arguments  [syntax]
(endlessm)chromium-browser/native_client/tools/scons_to_gn/__init__.py:71:26: error: invalid syntax  [syntax]
(HuimingCheng)AutoGrading/learning/edge_detection_copy.py:265:11: error: invalid syntax  [syntax]
(geome-mitbbs)QTS_Research/IB_Api/ibapi/contract.py:28:9: error: syntax error in type comment 'int; LegOpenClose enum values'  [syntax]
(geome-mitbbs)QTS_Research/IB_Api/ibapi/contract.py:79:9: error: syntax error in type comment 'str; received in open order 14 and up for all combos'  [syntax]
(geome-mitbbs)QTS_Research/IB_Api/ibapi/contract.py:80:9: error: syntax error in type comment 'list<ComboLeg>'  [syntax]
(geome-mitbbs)QTS_Research/IB_Api/ibapi/contract.py:193:9: error: syntax error in type comment 'list of strings'  [syntax]
(jgoppert)pymola/test/generated/Connect.py:45:14: error: invalid syntax  [syntax]
(chaicko)AlgorithmicToolbox/data_structures/binary_search_trees/rope.py:14:1: error: unexpected unindent  [syntax]
(subdownloader)subdownloader/scripts/distribution/windows_installer.py:153:29: error: (unicode error) 'unicodeescape' codec can't decode bytes in position 17-18: malformed \N character escape  [syntax]
(IPMITMO)statan/coala/coalib/results/TextPosition.py:10:31: error: Syntax error in type annotation  [syntax]
(veltzer)openbook/scripts/wrapper_lilypond.py:62:32: error: misplaced type annotation  [syntax]
(Caronthir)FYS3150/Project1/analysis/latextools.py:37:69: error: EOL while scanning string literal  [syntax]
(adamcharnock)lightbus/lightbus_experiments/potential_use_mixed.py:126:3: error: invalid syntax  [syntax]
(phanrahan)magmathon/examples/uart/txmod.py:13:36: error: Syntax error in type annotation  [syntax]
(HBPNeurorobotics)BlenderRobotDesigner/resources/urdf_xml_validator.py:21:64: error: Missing parentheses in call to 'print'. Did you mean print('urdf_xml_validator.py -d <xsdfile> -l <xmlfile>')?  [syntax]
(DonaldWhyte)deep-learning-with-rnns/talk_creation_helpers/initial_code/text.py:212:48: error: invalid syntax  [syntax]
(berylTechnologies)redcap/task_manager/models.py:72:103: error: Syntax error in type annotation  [syntax]
(berylTechnologies)redcap/task_manager/models.py:150:46: error: Syntax error in type annotation  [syntax]
(berylTechnologies)redcap/runner/execute_helpers.py:12:103: error: Syntax error in type annotation  [syntax]
(berylTechnologies)redcap/runner/execute_helpers.py:55:36: error: Syntax error in type annotation  [syntax]
(smeenka)esp32/lolin32/stub/machine.py:29:65: error: inconsistent use of tabs and spaces in indentation  [syntax]
(GoogleCloudPlatform)training-data-analyst/courses/data_analysis/deepdive/bigtable-exercises/python/ex3.py:38:1: error: unexpected unindent  [syntax]
(idobrusin)RocLang/RocDemo/roc_node/scripts/temp/inmoov_manipulator.py:26:47: error: inconsistent use of tabs and spaces in indentation  [syntax]
(DFO-Ocean-Navigator)Ocean-Data-Map-Project/scripts/drifter_process.py:44:31: error: invalid token  [syntax]
(the-c0d3r)pynmap/portscan.py:40:21: error: Missing parentheses in call to 'print'. Did you mean print(banner)?  [syntax]
(wa1tnr)ainsuSPI/0-Distribution.d/circuitpython-master/cc3200/tools/uniflash.py:14: error: (unicode error) 'unicodeescape' codec can't decode bytes in position 100-101: truncated \uXXXX escape  [syntax]
(hail-is)hail/hail/src/test/resources/makeTestInfoScore.py:110:17: error: Missing parentheses in call to 'print'. Did you mean print(dx)?  [syntax]
(ms-iot)python/cpython/Tools/hg/hgtouch.py:18:20: error: invalid syntax  [syntax]
(PyCQA)pylint/tests/functional/not_async_context_manager_py37.py:11:11: error: invalid syntax  [syntax]
(parrt)AniML/dtreeviz/shadow.py:45:33: error: Syntax error in type annotation  [syntax]
(parrt)AniML/dtreeviz/shadow.py:235:25: error: Syntax error in type annotation  [syntax]
(parrt)AniML/dtreeviz/shadow.py:241:32: error: Syntax error in type annotation  [syntax]
(parrt)AniML/dtreeviz/shadow.py:281:30: error: Syntax error in type annotation  [syntax]
(parrt)AniML/dtreeviz/shadow.py:294:35: error: Syntax error in type annotation  [syntax]
(parrt)AniML/dtreeviz/shadow.py:305:32: error: Syntax error in type annotation  [syntax]
(cenkalti)kuyruk/tests/integration/forever.py:21:18: error: Missing parentheses in call to 'print'. Did you mean print("Done.")?  [syntax]
(dronecrew)ulog_tools/ulog_tools/_lqrofb.py:121:1: error: Type signature has too few arguments  [syntax]
(dronecrew)ulog_tools/ulog_tools/_sysid.py:80:1: error: Function has duplicate type signatures  [syntax]
(dronecrew)ulog_tools/ulog_tools/_sysid.py:168:1: error: Function has duplicate type signatures  [syntax]
(dronecrew)ulog_tools/ulog_tools/_sysid.py:168:1: error: Type signature has too few arguments  [syntax]
(scivision)piradar/reference/hf_analyze.py:133:57: error: Missing parentheses in call to 'print'. Did you mean print("Done processing. Sleeping 60 seconds")?  [syntax]
(sat2707)aicups/localrunner/world/run.py:172:20: error: Missing parentheses in call to 'print'. Did you mean print(e)?  [syntax]
(seanegoodwin)PandaViewer/PandaViewer/utils.py:109:43: error: Syntax error in type annotation  [syntax]
(seanegoodwin)PandaViewer/PandaViewer/utils.py:134:36: error: Syntax error in type annotation  [syntax]
(guyingbo)shadowproxy/shadowproxy/ciphers.py:52:54: error: Syntax error in type annotation  [syntax]
(tek)amino/templates/state.py:123:29: error: invalid syntax  [syntax]
(ytanay)thinglang/thinglang/parser/definitions/member_definition.py:30:37: error: Syntax error in type annotation  [syntax]
(trustyou)meetups/python-c/time_quicksort.py:76:19: error: invalid syntax  [syntax]
(MikimotoH)DLink_Harvester/web_utils.py:47:44: error: Syntax error in type annotation  [syntax]
(MikimotoH)DLink_Harvester/netgear_cn_crawler.py:127:34: error: Syntax error in type annotation  [syntax]
(MikimotoH)DLink_Harvester/zyxel_us_crawler.py:135:44: error: Syntax error in type annotation  [syntax]
(conversationai)conversationai-models/data_preparation/preprocessing/preprocessing.py:69:50: error: invalid syntax  [syntax]
(KrusnikViers)Zordon/app/handlers/impl/broadcasts.py:33:67: error: Syntax error in type annotation  [syntax]
(KrusnikViers)Zordon/app/handlers/context.py:52:54: error: Syntax error in type annotation  [syntax]
(nicfit)nicfit.py/cookiecutter/{{cookiecutter.project_name}}/tests/test_{{cookiecutter.py_module}}.py:2:9: error: invalid syntax  [syntax]
(pablotcarreira)django-arangodb/arangodb_driver/compiler.py:19:57: error: Syntax error in type annotation  [syntax]
(googleapis)sample-tester/gen_manifest/gen_manifest.py:222:49: error: Syntax error in type annotation  [syntax]
(PyAndy)Py3NES/cpu.py:30:63: error: misplaced type annotation  [syntax]
(dashwav)nano-chan/cogs/rng.py:34:44: error: unexpected EOF while parsing  [syntax]
(Svolcano)python_exercise/WinLsLoad/SvrConfig.py:22:15: error: invalid syntax  [syntax]
