(ktok07b6)polyphony/tests/tuple/tuple12.py:5:16: error: "Tuple" expects no type arguments, but 1 given  [type-arg]
(ktok07b6)polyphony/tests/apps/sobel_filter.py:24:5: error: "Tuple" expects no type arguments, but 1 given  [type-arg]
(ktok07b6)polyphony/tests/apps/sobel_filter.py:28:5: error: "Tuple" expects no type arguments, but 1 given  [type-arg]
(ktok07b6)polyphony/tests/typing/typing02.py:5:19: error: "List" expects no type arguments, but 1 given  [type-arg]
(ktok07b6)polyphony/tests/typing/typing02.py:9:19: error: "List" expects no type arguments, but 1 given  [type-arg]
(ktok07b6)polyphony/tests/typing/typing09.py:6:1: error: "List" expects no type arguments, but 1 given  [type-arg]
(ktok07b6)polyphony/tests/typing/typing05.py:5:19: error: "Tuple" expects no type arguments, but 2 given  [type-arg]
(ktok07b6)polyphony/tests/typing/typing05.py:9:19: error: "Tuple" expects no type arguments, but 2 given  [type-arg]
(ktok07b6)polyphony/tests/typing/bitwidth02.py:5:16: error: "Tuple" expects no type arguments, but 1 given  [type-arg]
(ktok07b6)polyphony/tests/typing/typing04.py:5:19: error: "Tuple" expects no type arguments, but 3 given  [type-arg]
(ktok07b6)polyphony/tests/typing/typing04.py:9:19: error: "Tuple" expects no type arguments, but 3 given  [type-arg]
(ktok07b6)polyphony/tests/typing/bitwidth03.py:13:7: error: "List" expects no type arguments, but 1 given  [type-arg]
(ktok07b6)polyphony/tests/typing/bitwidth01.py:6:9: error: "List" expects no type arguments, but 1 given  [type-arg]
(marrow)package/marrow/package/disport.py:30:39: error: "Sequence" expects 1 type argument, but 2 given  [type-arg]
(facebook)FBSimulatorControl/idb/common/types.py:39:20: error: "set" expects no type arguments, but 1 given  [type-arg]
(facebook)FBSimulatorControl/idb/common/types.py:86:14: error: "list" expects no type arguments, but 1 given  [type-arg]
(facebook)FBSimulatorControl/idb/common/types.py:142:11: error: "list" expects no type arguments, but 1 given  [type-arg]
(facebook)FBSimulatorControl/idb/common/types.py:146:28: error: "list" expects no type arguments, but 1 given  [type-arg]
(facebook)FBSimulatorControl/idb/common/types.py:153:29: error: "set" expects no type arguments, but 1 given  [type-arg]
(facebook)FBSimulatorControl/idb/common/types.py:39:20: error: "set" expects no type arguments, but 1 given  [type-arg]
(facebook)FBSimulatorControl/idb/common/types.py:86:14: error: "list" expects no type arguments, but 1 given  [type-arg]
(facebook)FBSimulatorControl/idb/common/types.py:142:11: error: "list" expects no type arguments, but 1 given  [type-arg]
(facebook)FBSimulatorControl/idb/common/types.py:146:28: error: "list" expects no type arguments, but 1 given  [type-arg]
(facebook)FBSimulatorControl/idb/common/types.py:153:29: error: "set" expects no type arguments, but 1 given  [type-arg]
(facebook)FBSimulatorControl/idb/common/types.py:146:28: error: "list" expects no type arguments, but 1 given  [type-arg]
(facebook)FBSimulatorControl/idb/common/types.py:153:29: error: "set" expects no type arguments, but 1 given  [type-arg]
(facebook)FBSimulatorControl/idb/common/types.py:146:28: error: "list" expects no type arguments, but 1 given  [type-arg]
(facebook)FBSimulatorControl/idb/common/types.py:153:29: error: "set" expects no type arguments, but 1 given  [type-arg]
(facebook)FBSimulatorControl/idb/common/types.py:146:28: error: "list" expects no type arguments, but 1 given  [type-arg]
(facebook)FBSimulatorControl/idb/common/types.py:153:29: error: "set" expects no type arguments, but 1 given  [type-arg]
(facebook)FBSimulatorControl/idb/common/types.py:146:28: error: "list" expects no type arguments, but 1 given  [type-arg]
(facebook)FBSimulatorControl/idb/common/types.py:153:29: error: "set" expects no type arguments, but 1 given  [type-arg]
(facebook)FBSimulatorControl/idb/common/types.py:146:28: error: "list" expects no type arguments, but 1 given  [type-arg]
(facebook)FBSimulatorControl/idb/common/types.py:153:29: error: "set" expects no type arguments, but 1 given  [type-arg]
(facebook)FBSimulatorControl/idb/common/types.py:146:28: error: "list" expects no type arguments, but 1 given  [type-arg]
(facebook)FBSimulatorControl/idb/common/types.py:153:29: error: "set" expects no type arguments, but 1 given  [type-arg]
(facebook)FBSimulatorControl/idb/common/types.py:21:19: error: "dict" expects no type arguments, but 2 given  [type-arg]
(facebook)FBSimulatorControl/idb/common/types.py:146:28: error: "list" expects no type arguments, but 1 given  [type-arg]
(facebook)FBSimulatorControl/idb/common/types.py:153:29: error: "set" expects no type arguments, but 1 given  [type-arg]
(facebook)FBSimulatorControl/idb/common/types.py:21:19: error: "dict" expects no type arguments, but 2 given  [type-arg]
(facebook)FBSimulatorControl/idb/common/types.py:146:28: error: "list" expects no type arguments, but 1 given  [type-arg]
(facebook)FBSimulatorControl/idb/common/types.py:153:29: error: "set" expects no type arguments, but 1 given  [type-arg]
(facebook)FBSimulatorControl/idb/common/types.py:163:23: error: "dict" expects no type arguments, but 2 given  [type-arg]
(facebook)FBSimulatorControl/idb/common/types.py:164:24: error: "list" expects no type arguments, but 1 given  [type-arg]
(facebook)FBSimulatorControl/idb/common/plugin.py:21:10: error: "list" expects no type arguments, but 1 given  [type-arg]
(dr-leo)pandaSDMX/pandasdmx/experimental.py:33:13: error: "DictLike" expects no type arguments, but 2 given  [type-arg]
(dr-leo)pandaSDMX/pandasdmx/message.py:93:22: error: "DictLike" expects no type arguments, but 2 given  [type-arg]
(dr-leo)pandaSDMX/pandasdmx/message.py:94:15: error: "DictLike" expects no type arguments, but 2 given  [type-arg]
(dr-leo)pandaSDMX/pandasdmx/message.py:95:21: error: "DictLike" expects no type arguments, but 2 given  [type-arg]
(dr-leo)pandaSDMX/pandasdmx/message.py:96:17: error: "DictLike" expects no type arguments, but 2 given  [type-arg]
(dr-leo)pandaSDMX/pandasdmx/message.py:97:15: error: "DictLike" expects no type arguments, but 2 given  [type-arg]
(dr-leo)pandaSDMX/pandasdmx/message.py:98:16: error: "DictLike" expects no type arguments, but 2 given  [type-arg]
(dr-leo)pandaSDMX/pandasdmx/message.py:99:26: error: "DictLike" expects no type arguments, but 2 given  [type-arg]
(dr-leo)pandaSDMX/pandasdmx/message.py:100:25: error: "DictLike" expects no type arguments, but 2 given  [type-arg]
(drhagen)parsita/src/parsita/state.py:99:23: error: "SequenceReader" expects no type arguments, but 1 given  [type-arg]
(drhagen)parsita/src/parsita/state.py:129:23: error: "StringReader" expects no type arguments, but 1 given  [type-arg]
(drhagen)parsita/src/parsita/state.py:136:35: error: "StringReader" expects no type arguments, but 1 given  [type-arg]
(purduesigbots)pros-cli/pros/common/ui/interactive/components/input.py:25:20: error: "InputBox" expects no type arguments, but 1 given  [type-arg]
(purduesigbots)pros-cli/pros/common/ui/interactive/components/input.py:29:25: error: "InputBox" expects no type arguments, but 1 given  [type-arg]
(biosustain)venom/venom/converter.py:33:24: error: "Converter" expects 1 type argument, but 2 given  [type-arg]
(biosustain)venom/venom/fields.py:166:49: error: "ConverterField" expects 1 type argument, but 2 given  [type-arg]
(biosustain)venom/venom/fields.py:324:49: error: "MapField" expects 2 type arguments, but 1 given  [type-arg]
(biosustain)venom/venom/common/converters.py:22:28: error: "_ValueConverter" expects 1 type argument, but 2 given  [type-arg]
(biosustain)venom/venom/common/converters.py:27:27: error: "_ValueConverter" expects 1 type argument, but 2 given  [type-arg]
(biosustain)venom/venom/common/converters.py:32:26: error: "_ValueConverter" expects 1 type argument, but 2 given  [type-arg]
(biosustain)venom/venom/common/converters.py:37:27: error: "_ValueConverter" expects 1 type argument, but 2 given  [type-arg]
(biosustain)venom/venom/common/converters.py:42:27: error: "_ValueConverter" expects 1 type argument, but 2 given  [type-arg]
(biosustain)venom/venom/common/converters.py:50:29: error: "_ValueConverter" expects 1 type argument, but 2 given  [type-arg]
(biosustain)venom/venom/common/converters.py:55:29: error: "_ValueConverter" expects 1 type argument, but 2 given  [type-arg]
